LOADING R
R LOADED
[1] "/home/lvanderl/Rlibs2"                         
[2] "/app/software/R/4.2.2-foss-2021b/lib/R/library"
[1] "/home/lvanderl/sieveSims"
[1] "Current settings:"
[1] 250
[1] 1
[1] 1
[1] FALSE
  0%  25%  50%  75% 100% 
   1    1    1    1    1 
  0%  25%  50%  75% 100% 
   1    1    1    1    1 
[1] "HERE"
[1] "HERE"
[1] "Current settings:"
[1] 250
[1] 1
[1] 2
[1] FALSE
  0%  25%  50%  75% 100% 
   1    1    1    1    1 
  0%  25%  50%  75% 100% 
   1    1    1    1    1 
[1] "HERE"
[1] "HERE"
[1] "Current settings:"
[1] 250
[1] 1
[1] 3
[1] FALSE
  0%  25%  50%  75% 100% 
   1    1    1    1    1 
  0%  25%  50%  75% 100% 
   1    1    1    1    1 
[1] "HERE"
[1] "HERE"
[1] "Current settings:"
[1] 250
[1] 1
[1] 4
[1] FALSE
  0%  25%  50%  75% 100% 
   1    1    1    1    1 
  0%  25%  50%  75% 100% 
   1    1    1    1    1 
[1] "HERE"
[1] "HERE"
[1] "Current settings:"
[1] 250
[1] 1
[1] 5
[1] FALSE
  0%  25%  50%  75% 100% 
   1    1    1    1    1 
  0%  25%  50%  75% 100% 
   1    1    1    1    1 
[1] "HERE"
[1] "HERE"
[1] "Current settings:"
[1] 250
[1] 1
[1] 6
[1] FALSE
  0%  25%  50%  75% 100% 
   1    1    1    1    1 
  0%  25%  50%  75% 100% 
   1    1    1    1    1 
[1] "HERE"
[1] "HERE"
[1] "Current settings:"
[1] 250
[1] 1
[1] 7
[1] FALSE
  0%  25%  50%  75% 100% 
   1    1    1    1    1 
  0%  25%  50%  75% 100% 
   1    1    1    1    1 
[1] "HERE"
[1] "HERE"
[1] "Current settings:"
[1] 250
[1] 1
[1] 8
[1] FALSE
  0%  25%  50%  75% 100% 
   1    1    1    1    1 
  0%  25%  50%  75% 100% 
   1    1    1    1    1 
[1] "HERE"
[1] "HERE"
[1] "Current settings:"
[1] 250
[1] 1
[1] 9
[1] FALSE
  0%  25%  50%  75% 100% 
   1    1    1    1    1 
  0%  25%  50%  75% 100% 
   1    1    1    1    1 
[1] "HERE"
[1] "HERE"
[1] "Current settings:"
[1] 250
[1] 1
[1] 10
[1] FALSE
  0%  25%  50%  75% 100% 
   1    1    1    1    1 
  0%  25%  50%  75% 100% 
   1    1    1    1    1 
[1] "HERE"
[1] "HERE"
[1] "Current settings:"
[1] 250
[1] 1
[1] 11
[1] FALSE
  0%  25%  50%  75% 100% 
   1    1    1    1    1 
  0%  25%  50%  75% 100% 
   1    1    1    1    1 
[1] "HERE"
[1] "HERE"
[1] "Current settings:"
[1] 250
[1] 1
[1] 12
[1] FALSE
  0%  25%  50%  75% 100% 
   1    1    1    1    1 
  0%  25%  50%  75% 100% 
   1    1    1    1    1 
[1] "HERE"
[1] "HERE"
[1] "Current settings:"
[1] 250
[1] 1
[1] 13
[1] FALSE
  0%  25%  50%  75% 100% 
   1    1    1    1    1 
  0%  25%  50%  75% 100% 
   1    1    1    1    1 
[1] "HERE"
[1] "HERE"
[1] "Current settings:"
[1] 250
[1] 1
[1] 14
[1] FALSE
  0%  25%  50%  75% 100% 
   1    1    1    1    1 
  0%  25%  50%  75% 100% 
   1    1    1    1    1 
[1] "HERE"
[1] "HERE"
[1] "Current settings:"
[1] 250
[1] 1
[1] 15
[1] FALSE
  0%  25%  50%  75% 100% 
   1    1    1    1    1 
  0%  25%  50%  75% 100% 
   1    1    1    1    1 
[1] "HERE"
[1] "HERE"
[1] "Current settings:"
[1] 250
[1] 1
[1] 16
[1] FALSE
  0%  25%  50%  75% 100% 
   1    1    1    1    1 
  0%  25%  50%  75% 100% 
   1    1    1    1    1 
[1] "HERE"
[1] "HERE"
[1] "Current settings:"
[1] 250
[1] 1
[1] 17
[1] FALSE
  0%  25%  50%  75% 100% 
   1    1    1    1    1 
  0%  25%  50%  75% 100% 
   1    1    1    1    1 
[1] "HERE"
[1] "HERE"
[1] "Current settings:"
[1] 250
[1] 1
[1] 18
[1] FALSE
  0%  25%  50%  75% 100% 
   1    1    1    1    1 
  0%  25%  50%  75% 100% 
   1    1    1    1    1 
[1] "HERE"
[1] "HERE"
[1] "Current settings:"
[1] 250
[1] 1
[1] 19
[1] FALSE
  0%  25%  50%  75% 100% 
   1    1    1    1    1 
  0%  25%  50%  75% 100% 
   1    1    1    1    1 
[1] "HERE"
[1] "HERE"
[1] "Current settings:"
[1] 250
[1] 1
[1] 20
[1] FALSE
  0%  25%  50%  75% 100% 
   1    1    1    1    1 
  0%  25%  50%  75% 100% 
   1    1    1    1    1 
[1] "HERE"
[1] "HERE"
[1] "Current settings:"
[1] 250
[1] 1
[1] 21
[1] FALSE
  0%  25%  50%  75% 100% 
   1    1    1    1    1 
  0%  25%  50%  75% 100% 
   1    1    1    1    1 
[1] "HERE"
[1] "HERE"
[1] "Current settings:"
[1] 250
[1] 1
[1] 22
[1] FALSE
  0%  25%  50%  75% 100% 
   1    1    1    1    1 
  0%  25%  50%  75% 100% 
   1    1    1    1    1 
[1] "HERE"
[1] "HERE"
[1] "Current settings:"
[1] 250
[1] 1
[1] 23
[1] FALSE
  0%  25%  50%  75% 100% 
   1    1    1    1    1 
  0%  25%  50%  75% 100% 
   1    1    1    1    1 
[1] "HERE"
[1] "HERE"
[1] "Current settings:"
[1] 250
[1] 1
[1] 24
[1] FALSE
  0%  25%  50%  75% 100% 
   1    1    1    1    1 
  0%  25%  50%  75% 100% 
   1    1    1    1    1 
[1] "HERE"
[1] "HERE"
[1] "Current settings:"
[1] 250
[1] 1
[1] 25
[1] FALSE
  0%  25%  50%  75% 100% 
   1    1    1    1    1 
  0%  25%  50%  75% 100% 
   1    1    1    1    1 
[1] "HERE"
[1] "HERE"
[1] "Current settings:"
[1] 250
[1] 1
[1] 26
[1] FALSE
  0%  25%  50%  75% 100% 
   1    1    1    1    1 
  0%  25%  50%  75% 100% 
   1    1    1    1    1 
[1] "HERE"
[1] "HERE"
[1] "Current settings:"
[1] 250
[1] 1
[1] 27
[1] FALSE
  0%  25%  50%  75% 100% 
   1    1    1    1    1 
  0%  25%  50%  75% 100% 
   1    1    1    1    1 
[1] "HERE"
[1] "HERE"
[1] "Current settings:"
[1] 250
[1] 1
[1] 28
[1] FALSE
  0%  25%  50%  75% 100% 
   1    1    1    1    1 
  0%  25%  50%  75% 100% 
   1    1    1    1    1 
[1] "HERE"
[1] "HERE"
[1] "Current settings:"
[1] 250
[1] 1
[1] 29
[1] FALSE
  0%  25%  50%  75% 100% 
   1    1    1    1    1 
  0%  25%  50%  75% 100% 
   1    1    1    1    1 
[1] "HERE"
[1] "HERE"
[1] "Current settings:"
[1] 250
[1] 1
[1] 30
[1] FALSE
  0%  25%  50%  75% 100% 
   1    1    1    1    1 
  0%  25%  50%  75% 100% 
   1    1    1    1    1 
[1] "HERE"
[1] "HERE"
[1] "Current settings:"
[1] 250
[1] 1
[1] 31
[1] FALSE
  0%  25%  50%  75% 100% 
   1    1    1    1    1 
  0%  25%  50%  75% 100% 
   1    1    1    1    1 
[1] "HERE"
[1] "HERE"
[1] "Current settings:"
[1] 250
[1] 1
[1] 32
[1] FALSE
  0%  25%  50%  75% 100% 
   1    1    1    1    1 
  0%  25%  50%  75% 100% 
   1    1    1    1    1 
[1] "HERE"
[1] "HERE"
[1] "Current settings:"
[1] 250
[1] 1
[1] 33
[1] FALSE
  0%  25%  50%  75% 100% 
   1    1    1    1    1 
  0%  25%  50%  75% 100% 
   1    1    1    1    1 
[1] "HERE"
[1] "HERE"
[1] "Current settings:"
[1] 250
[1] 1
[1] 34
[1] FALSE
  0%  25%  50%  75% 100% 
   1    1    1    1    1 
  0%  25%  50%  75% 100% 
   1    1    1    1    1 
[1] "HERE"
[1] "HERE"
[1] "Current settings:"
[1] 250
[1] 1
[1] 35
[1] FALSE
  0%  25%  50%  75% 100% 
   1    1    1    1    1 
  0%  25%  50%  75% 100% 
   1    1    1    1    1 
[1] "HERE"
