LOADING R
R LOADED
[1] "/home/lvanderl/Rlibs2"                         
[2] "/app/software/R/4.2.2-foss-2021b/lib/R/library"
[1] "/home/lvanderl/sieveSims"
[1] 1
[1] -0.001276356
[1] -0.0308365
[1] "AdaLSE"
[1] 0.06913278
[1] 0.03168962
[1] "AdaLSE CI"
[1] 0
[1] 0
[1] 1
[1] 1
[1] "Fitting mean A"
[1] "Fitting variance A"
[1] "DR"
[1] 0.06908717
[1] 0.02951771
[1] "DR CI"
[1] 0
[1] 0
[1] 1
[1] 1
[1] "se comparison"
[1] NA
[1] NA
[1] 2
[1] -0.001276356
[1] -0.0308365
[1] "AdaLSE"
[1] 0.03795888
[1] 0.03142267
[1] "AdaLSE CI"
[1] 0.5
[1] 0
[1] 1 1
[1] 2
[1] "Fitting mean A"
[1] "Fitting variance A"
[1] "DR"
[1] 0.03050032
[1] 0.03011121
[1] "DR CI"
[1] 0.5
[1] 0
[1] 1 1
[1] 2
[1] "se comparison"
[1] 0.02204328
[1] 0.02728502
[1] 3
[1] -0.001276356
[1] -0.0308365
[1] "AdaLSE"
[1] 0.01500416
[1] 0.03225751
[1] "AdaLSE CI"
[1] 0.6666667
[1] 0.3333333
[1] 1 2
[1] 2 1
[1] "Fitting mean A"
[1] "Fitting variance A"
[1] "DR"
[1] 0.006063376
[1] 0.03073913
[1] "DR CI"
[1] 0.6666667
[1] 0.3333333
[1] 1 2
[1] 2 1
[1] "se comparison"
[1] 0.02716812
[1] 0.03177554
[1] 4
[1] -0.001276356
[1] -0.0308365
[1] "AdaLSE"
[1] -0.004985
[1] 0.03081146
[1] "AdaLSE CI"
[1] 0.75
[1] 0.5
[1] 1 3
[1] 2 2
[1] "Fitting mean A"
[1] "Fitting variance A"
[1] "DR"
[1] -0.01524642
[1] 0.02996826
[1] "DR CI"
[1] 0.75
[1] 0.5
[1] 1 3
[1] 2 2
[1] "se comparison"
[1] 0.03184052
[1] 0.03619062
[1] 5
[1] -0.001276356
[1] -0.0308365
[1] "AdaLSE"
[1] -0.006109627
[1] 0.03344082
[1] "AdaLSE CI"
[1] 0.8
[1] 0.6
[1] 1 4
[1] 2 3
[1] "Fitting mean A"
[1] "Fitting variance A"
[1] "DR"
[1] -0.009884086
[1] 0.03283863
[1] "DR CI"
[1] 0.8
[1] 0.6
[1] 1 4
[1] 2 3
[1] "se comparison"
[1] 0.03179335
[1] 0.03454531
[1] 6
[1] -0.001276356
[1] -0.0308365
[1] "AdaLSE"
[1] -0.02686549
[1] 0.02968435
[1] "AdaLSE CI"
[1] 0.8333333
[1] 0.6666667
[1] 1 5
[1] 2 4
[1] "Fitting mean A"
[1] "Fitting variance A"
[1] "DR"
[1] -0.03228432
[1] 0.02985271
[1] "DR CI"
[1] 0.8333333
[1] 0.6666667
[1] 1 5
[1] 2 4
[1] "se comparison"
[1] 0.03478354
[1] 0.03667345
[1] 7
[1] -0.001276356
[1] -0.0308365
[1] "AdaLSE"
[1] 0.008649904
[1] 0.03303899
[1] "AdaLSE CI"
[1] 0.8571429
[1] 0.7142857
[1] 1 6
[1] 2 5
[1] "Fitting mean A"
[1] "Fitting variance A"
[1] "DR"
[1] 0.00463109
[1] 0.03220624
[1] "DR CI"
[1] 0.8571429
[1] 0.7142857
[1] 1 6
[1] 2 5
[1] "se comparison"
[1] 0.03181775
[1] 0.03350291
[1] 8
[1] -0.001276356
[1] -0.0308365
[1] "AdaLSE"
[1] -0.01058454
[1] 0.03119583
[1] "AdaLSE CI"
[1] 0.875
[1] 0.75
[1] 1 7
[1] 2 6
[1] "Fitting mean A"
[1] "Fitting variance A"
[1] "DR"
[1] -0.008575215
[1] 0.02976178
[1] "DR CI"
[1] 0.875
[1] 0.75
[1] 1 7
[1] 2 6
[1] "se comparison"
[1] 0.03063961
[1] 0.03153741
[1] 9
[1] -0.001276356
[1] -0.0308365
[1] "AdaLSE"
[1] -0.07820505
[1] 0.03370525
[1] "AdaLSE CI"
[1] 0.7777778
[1] 0.7777778
[1] 2 7
[1] 2 7
[1] "Fitting mean A"
[1] "Fitting variance A"
[1] "DR"
[1] -0.07879753
[1] 0.03122972
[1] "DR CI"
[1] 0.7777778
[1] 0.7777778
[1] 2 7
[1] 2 7
[1] "se comparison"
[1] 0.04112539
[1] 0.0407496
[1] 10
[1] -0.001276356
[1] -0.0308365
[1] "AdaLSE"
[1] -0.003998669
[1] 0.0336971
[1] "AdaLSE CI"
[1] 0.8
[1] 0.8
[1] 2 8
[1] 2 8
[1] "Fitting mean A"
[1] "Fitting variance A"
[1] "DR"
[1] -0.003721861
[1] 0.03091168
[1] "DR CI"
[1] 0.8
[1] 0.8
[1] 2 8
[1] 2 8
[1] "se comparison"
[1] 0.03879884
[1] 0.0384191
[1] 11
[1] -0.001276356
[1] -0.0308365
[1] "AdaLSE"
[1] 0.04579049
[1] 0.03104183
[1] "AdaLSE CI"
[1] 0.8181818
[1] 0.7272727
[1] 2 9
[1] 3 8
[1] "Fitting mean A"
[1] "Fitting variance A"
[1] "DR"
[1] 0.03251774
[1] 0.03019058
[1] "DR CI"
[1] 0.8181818
[1] 0.7272727
[1] 2 9
[1] 3 8
[1] "se comparison"
[1] 0.03931199
[1] 0.03805893
[1] 12
[1] -0.001276356
[1] -0.0308365
[1] "AdaLSE"
[1] 0.04194842
[1] 0.03070469
[1] "AdaLSE CI"
[1] 0.8333333
[1] 0.6666667
[1]  2 10
[1] 4 8
[1] "Fitting mean A"
[1] "Fitting variance A"
[1] "DR"
[1] 0.04083835
[1] 0.0294945
[1] "DR CI"
[1] 0.8333333
[1] 0.6666667
[1]  2 10
[1] 4 8
[1] "se comparison"
[1] 0.03903741
[1] 0.03820129
[1] 13
[1] -0.001276356
[1] -0.0308365
[1] "AdaLSE"
[1] 0.03551175
[1] 0.03363334
[1] "AdaLSE CI"
[1] 0.8461538
[1] 0.6153846
[1]  2 11
[1] 5 8
[1] "Fitting mean A"
[1] "Fitting variance A"
[1] "DR"
[1] 0.01351974
[1] 0.03348016
[1] "DR CI"
[1] 0.8461538
[1] 0.6923077
[1]  2 11
[1] 4 9
[1] "se comparison"
[1] 0.03818508
[1] 0.03669274
[1] 14
[1] -0.001276356
[1] -0.0308365
[1] "AdaLSE"
[1] 0.02256686
[1] 0.03098568
[1] "AdaLSE CI"
[1] 0.8571429
[1] 0.6428571
[1]  2 12
[1] 5 9
[1] "Fitting mean A"
[1] "Fitting variance A"
[1] "DR"
[1] 0.01536525
[1] 0.02983893
[1] "DR CI"
[1] 0.8571429
[1] 0.7142857
[1]  2 12
[1]  4 10
[1] "se comparison"
[1] 0.03685337
[1] 0.03538984
[1] 15
[1] -0.001276356
[1] -0.0308365
[1] "AdaLSE"
[1] -0.01270078
[1] 0.03134551
[1] "AdaLSE CI"
[1] 0.8666667
[1] 0.6666667
[1]  2 13
[1]  5 10
[1] "Fitting mean A"
[1] "Fitting variance A"
[1] "DR"
[1] -0.01422884
[1] 0.02980963
[1] "DR CI"
[1] 0.8666667
[1] 0.7333333
[1]  2 13
[1]  4 11
[1] "se comparison"
[1] 0.03601086
[1] 0.03444629
[1] 16
[1] -0.001276356
[1] -0.0308365
[1] "AdaLSE"
[1] 0.01021948
[1] 0.03378031
[1] "AdaLSE CI"
[1] 0.875
[1] 0.6875
[1]  2 14
[1]  5 11
[1] "Fitting mean A"
[1] "Fitting variance A"
[1] "DR"
[1] 0.001212687
[1] 0.0324496
[1] "DR CI"
[1] 0.875
[1] 0.75
[1]  2 14
[1]  4 12
[1] "se comparison"
[1] 0.03479143
[1] 0.03328244
[1] 17
[1] -0.001276356
[1] -0.0308365
[1] "AdaLSE"
[1] 0.05635189
[1] 0.03147243
[1] "AdaLSE CI"
[1] 0.8823529
[1] 0.6470588
[1]  2 15
[1]  6 11
[1] "Fitting mean A"
[1] "Fitting variance A"
[1] "DR"
[1] 0.04729754
[1] 0.03072433
[1] "DR CI"
[1] 0.8823529
[1] 0.7058824
[1]  2 15
[1]  5 12
[1] "se comparison"
[1] 0.03559378
[1] 0.033955
[1] 18
[1] -0.001276356
[1] -0.0308365
[1] "AdaLSE"
[1] 0.01315293
[1] 0.03233098
[1] "AdaLSE CI"
[1] 0.8888889
[1] 0.6666667
[1]  2 16
[1]  6 12
[1] "Fitting mean A"
[1] "Fitting variance A"
[1] "DR"
[1] 0.0125098
[1] 0.0314713
[1] "DR CI"
[1] 0.8888889
[1] 0.7222222
[1]  2 16
[1]  5 13
[1] "se comparison"
[1] 0.03453263
[1] 0.03297933
[1] 19
[1] -0.001276356
[1] -0.0308365
[1] "AdaLSE"
[1] 0.066011
[1] 0.03170094
[1] "AdaLSE CI"
[1] 0.8421053
[1] 0.6315789
[1]  3 16
[1]  7 12
[1] "Fitting mean A"
[1] "Fitting variance A"
[1] "DR"
[1] 0.05844956
[1] 0.03125256
[1] "DR CI"
[1] 0.8947368
[1] 0.6842105
[1]  2 17
[1]  6 13
[1] "se comparison"
[1] 0.03578811
[1] 0.03422193
[1] 20
[1] -0.001276356
[1] -0.0308365
[1] "AdaLSE"
[1] -0.02146451
[1] 0.03111657
[1] "AdaLSE CI"
[1] 0.85
[1] 0.65
[1]  3 17
[1]  7 13
[1] "Fitting mean A"
[1] "Fitting variance A"
[1] "DR"
[1] -0.01912748
[1] 0.02948144
[1] "DR CI"
[1] 0.9
[1] 0.7
[1]  2 18
[1]  6 14
[1] "se comparison"
[1] 0.03575873
[1] 0.03389397
[1] 21
[1] -0.001276356
[1] -0.0308365
[1] "AdaLSE"
[1] 0.07910291
[1] 0.03141105
[1] "AdaLSE CI"
[1] 0.8095238
[1] 0.6190476
[1]  4 17
[1]  8 13
[1] "Fitting mean A"
[1] "Fitting variance A"
[1] "DR"
[1] 0.0778068
[1] 0.03137471
[1] "DR CI"
[1] 0.8571429
[1] 0.6666667
[1]  3 18
[1]  7 14
[1] "se comparison"
[1] 0.03773132
[1] 0.03642392
[1] 22
[1] -0.001276356
[1] -0.0308365
[1] "AdaLSE"
[1] 0.005891294
[1] 0.03066918
[1] "AdaLSE CI"
[1] 0.8181818
[1] 0.6363636
[1]  4 18
[1]  8 14
[1] "Fitting mean A"
[1] "Fitting variance A"
[1] "DR"
[1] -0.0006291702
[1] 0.0298413
[1] "DR CI"
[1] 0.8636364
[1] 0.6818182
[1]  3 19
[1]  7 15
[1] "se comparison"
[1] 0.0368853
[1] 0.03563031
[1] 23
[1] -0.001276356
[1] -0.0308365
[1] "AdaLSE"
[1] 0.006166993
[1] 0.03199135
[1] "AdaLSE CI"
[1] 0.826087
[1] 0.6521739
[1]  4 19
[1]  8 15
[1] "Fitting mean A"
[1] "Fitting variance A"
[1] "DR"
[1] 0.003808418
[1] 0.03148764
[1] "DR CI"
[1] 0.8695652
[1] 0.6956522
[1]  3 20
[1]  7 16
[1] "se comparison"
[1] 0.03609046
[1] 0.03483768
[1] 24
[1] -0.001276356
[1] -0.0308365
[1] "AdaLSE"
[1] 0.04677547
[1] 0.03068967
[1] "AdaLSE CI"
[1] 0.8333333
[1] 0.625
[1]  4 20
[1]  9 15
[1] "Fitting mean A"
[1] "Fitting variance A"
[1] "DR"
[1] 0.04441199
[1] 0.02984832
[1] "DR CI"
[1] 0.875
[1] 0.6666667
[1]  3 21
[1]  8 16
[1] "se comparison"
[1] 0.03588249
[1] 0.03478647
[1] 25
[1] -0.001276356
[1] -0.0308365
[1] "AdaLSE"
[1] -0.007989439
[1] 0.03074434
[1] "AdaLSE CI"
[1] 0.84
[1] 0.64
[1]  4 21
[1]  9 16
[1] "Fitting mean A"
[1] "Fitting variance A"
[1] "DR"
[1] -0.01450703
[1] 0.03074424
[1] "DR CI"
[1] 0.88
[1] 0.68
[1]  3 22
[1]  8 17
[1] "se comparison"
[1] 0.03546602
[1] 0.03444838
[1] 26
[1] -0.001276356
[1] -0.0308365
[1] "AdaLSE"
[1] 0.02595968
[1] 0.03030804
[1] "AdaLSE CI"
[1] 0.8461538
[1] 0.6538462
[1]  4 22
[1]  9 17
[1] "Fitting mean A"
[1] "Fitting variance A"
[1] "DR"
[1] 0.01767194
[1] 0.02853233
[1] "DR CI"
[1] 0.8846154
[1] 0.6923077
[1]  3 23
[1]  8 18
[1] "se comparison"
[1] 0.03481004
[1] 0.03378217
[1] 27
[1] -0.001276356
[1] -0.0308365
[1] "AdaLSE"
[1] 0.0206165
[1] 0.0300319
[1] "AdaLSE CI"
[1] 0.8518519
[1] 0.6666667
[1]  4 23
[1]  9 18
[1] "Fitting mean A"
[1] "Fitting variance A"
[1] "DR"
[1] 0.02007337
[1] 0.02840484
[1] "DR CI"
[1] 0.8888889
[1] 0.7037037
[1]  3 24
[1]  8 19
[1] "se comparison"
[1] 0.03414614
[1] 0.03317502
[1] 28
[1] -0.001276356
[1] -0.0308365
[1] "AdaLSE"
[1] -0.001584958
[1] 0.03179082
[1] "AdaLSE CI"
[1] 0.8571429
[1] 0.6785714
[1]  4 24
[1]  9 19
[1] "Fitting mean A"
[1] "Fitting variance A"
[1] "DR"
[1] -0.001001223
[1] 0.03009153
[1] "DR CI"
[1] 0.8928571
[1] 0.7142857
[1]  3 25
[1]  8 20
[1] "se comparison"
[1] 0.03367355
[1] 0.03263464
[1] 29
[1] -0.001276356
[1] -0.0308365
[1] "AdaLSE"
[1] 0.01530692
[1] 0.03161888
[1] "AdaLSE CI"
[1] 0.862069
[1] 0.6896552
[1]  4 25
[1]  9 20
[1] "Fitting mean A"
[1] "Fitting variance A"
[1] "DR"
[1] 0.01465052
[1] 0.03051981
[1] "DR CI"
[1] 0.8965517
[1] 0.7241379
[1]  3 26
[1]  8 21
[1] "se comparison"
[1] 0.03306678
[1] 0.03205526
[1] 30
[1] -0.001276356
[1] -0.0308365
[1] "AdaLSE"
[1] 0.01408434
[1] 0.03105379
[1] "AdaLSE CI"
[1] 0.8666667
[1] 0.7
[1]  4 26
[1]  9 21
[1] "Fitting mean A"
[1] "Fitting variance A"
[1] "DR"
[1] 0.01746558
[1] 0.02967791
[1] "DR CI"
[1] 0.9
[1] 0.7333333
[1]  3 27
[1]  8 22
[1] "se comparison"
[1] 0.0324926
[1] 0.03152143
[1] 31
[1] -0.001276356
[1] -0.0308365
[1] "AdaLSE"
[1] -0.05093267
[1] 0.033669
[1] "AdaLSE CI"
[1] 0.8709677
[1] 0.7096774
[1]  4 27
[1]  9 22
[1] "Fitting mean A"
[1] "Fitting variance A"
[1] "DR"
[1] -0.05176151
[1] 0.03030113
[1] "DR CI"
[1] 0.9032258
[1] 0.7419355
[1]  3 28
[1]  8 23
[1] "se comparison"
[1] 0.03409504
[1] 0.0329777
[1] 32
[1] -0.001276356
[1] -0.0308365
[1] "AdaLSE"
[1] 0.01418287
[1] 0.031101
[1] "AdaLSE CI"
[1] 0.875
[1] 0.71875
[1]  4 28
[1]  9 23
[1] "Fitting mean A"
[1] "Fitting variance A"
[1] "DR"
[1] 0.01490136
[1] 0.02890606
[1] "DR CI"
[1] 0.90625
[1] 0.75
[1]  3 29
[1]  8 24
[1] "se comparison"
[1] 0.03354102
[1] 0.03245837
[1] 33
[1] -0.001276356
[1] -0.0308365
[1] "AdaLSE"
[1] 0.06896927
[1] 0.03385013
[1] "AdaLSE CI"
[1] 0.8484848
[1] 0.6969697
[1]  5 28
[1] 10 23
[1] "Fitting mean A"
[1] "Fitting variance A"
[1] "DR"
[1] 0.07094721
[1] 0.03097325
[1] "DR CI"
[1] 0.8787879
[1] 0.7272727
[1]  4 29
[1]  9 24
[1] "se comparison"
[1] 0.03440671
[1] 0.03370936
[1] 34
[1] -0.001276356
[1] -0.0308365
[1] "AdaLSE"
[1] 0.05178444
[1] 0.0303561
[1] "AdaLSE CI"
[1] 0.8529412
[1] 0.6764706
[1]  5 29
[1] 11 23
[1] "Fitting mean A"
[1] "Fitting variance A"
[1] "DR"
[1] 0.04615887
[1] 0.02966623
[1] "DR CI"
[1] 0.8823529
[1] 0.7058824
[1]  4 30
[1] 10 24
[1] "se comparison"
[1] 0.0344647
[1] 0.03373698
[1] 35
[1] -0.001276356
[1] -0.0308365
[1] "AdaLSE"
[1] -0.01127331
[1] 0.03306075
[1] "AdaLSE CI"
[1] 0.8571429
[1] 0.6857143
[1]  5 30
[1] 11 24
[1] "Fitting mean A"
[1] "Fitting variance A"
[1] "DR"
[1] -0.01259198
[1] 0.0320273
[1] "DR CI"
[1] 0.8857143
[1] 0.7142857
[1]  4 31
[1] 10 25
[1] "se comparison"
[1] 0.03426676
[1] 0.03349739
[1] 36
[1] -0.001276356
[1] -0.0308365
[1] "AdaLSE"
[1] 0.03662506
[1] 0.03295876
[1] "AdaLSE CI"
[1] 0.8611111
[1] 0.6666667
[1]  5 31
[1] 12 24
[1] "Fitting mean A"
[1] "Fitting variance A"
[1] "DR"
[1] 0.02159549
[1] 0.03214962
[1] "DR CI"
[1] 0.8888889
[1] 0.7222222
[1]  4 32
[1] 10 26
[1] "se comparison"
[1] 0.03396071
[1] 0.03305944
[1] 37
[1] -0.001276356
[1] -0.0308365
[1] "AdaLSE"
[1] 0.07145252
[1] 0.03145476
[1] "AdaLSE CI"
[1] 0.8378378
[1] 0.6486486
[1]  6 31
[1] 13 24
[1] "Fitting mean A"
[1] "Fitting variance A"
[1] "DR"
[1] 0.06291959
[1] 0.02835453
[1] "DR CI"
[1] 0.8648649
[1] 0.7027027
[1]  5 32
[1] 11 26
[1] "se comparison"
[1] 0.03471039
[1] 0.03366944
[1] 38
[1] -0.001276356
[1] -0.0308365
[1] "AdaLSE"
[1] -0.008919721
[1] 0.03029228
[1] "AdaLSE CI"
[1] 0.8421053
[1] 0.6578947
[1]  6 32
[1] 13 25
[1] "Fitting mean A"
[1] "Fitting variance A"
[1] "DR"
[1] -0.009365664
[1] 0.02965804
[1] "DR CI"
[1] 0.8684211
[1] 0.7105263
[1]  5 33
[1] 11 27
[1] "se comparison"
[1] 0.03450262
[1] 0.03340942
[1] 39
[1] -0.001276356
[1] -0.0308365
[1] "AdaLSE"
[1] -0.014068
[1] 0.0325095
[1] "AdaLSE CI"
[1] 0.8461538
[1] 0.6666667
[1]  6 33
[1] 13 26
[1] "Fitting mean A"
[1] "Fitting variance A"
[1] "DR"
[1] -0.01525084
[1] 0.02983943
[1] "DR CI"
[1] 0.8717949
[1] 0.7179487
[1]  5 34
[1] 11 28
[1] "se comparison"
[1] 0.03439965
[1] 0.03326373
[1] 40
[1] -0.001276356
[1] -0.0308365
[1] "AdaLSE"
[1] 0.01591552
[1] 0.03132985
[1] "AdaLSE CI"
[1] 0.85
[1] 0.675
[1]  6 34
[1] 13 27
[1] "Fitting mean A"
[1] "Fitting variance A"
[1] "DR"
[1] 0.01608423
[1] 0.02894801
[1] "DR CI"
[1] 0.875
[1] 0.725
[1]  5 35
[1] 11 29
[1] "se comparison"
[1] 0.03395577
[1] 0.03284172
[1] 41
[1] -0.001276356
[1] -0.0308365
[1] "AdaLSE"
[1] 0.03215277
[1] 0.03012445
[1] "AdaLSE CI"
[1] 0.8536585
[1] 0.6585366
[1]  6 35
[1] 14 27
[1] "Fitting mean A"
[1] "Fitting variance A"
[1] "DR"
[1] 0.0323391
[1] 0.02909071
[1] "DR CI"
[1] 0.8780488
[1] 0.7073171
[1]  5 36
[1] 12 29
[1] "se comparison"
[1] 0.03362474
[1] 0.03258628
[1] 42
[1] -0.001276356
[1] -0.0308365
[1] "AdaLSE"
[1] 0.02840559
[1] 0.03236134
[1] "AdaLSE CI"
[1] 0.8571429
[1] 0.6666667
[1]  6 36
[1] 14 28
[1] "Fitting mean A"
[1] "Fitting variance A"
[1] "DR"
[1] 0.025951
[1] 0.03077647
[1] "DR CI"
[1] 0.8809524
[1] 0.7142857
[1]  5 37
[1] 12 30
[1] "se comparison"
[1] 0.03326478
[1] 0.0322549
[1] 43
[1] -0.001276356
[1] -0.0308365
[1] "AdaLSE"
[1] 0.006256175
[1] 0.03070316
[1] "AdaLSE CI"
[1] 0.8604651
[1] 0.6744186
[1]  6 37
[1] 14 29
[1] "Fitting mean A"
[1] "Fitting variance A"
[1] "DR"
[1] 0.003796412
[1] 0.02873354
[1] "DR CI"
[1] 0.8837209
[1] 0.7209302
[1]  5 38
[1] 12 31
[1] "se comparison"
[1] 0.03290401
[1] 0.03189727
[1] 44
[1] -0.001276356
[1] -0.0308365
[1] "AdaLSE"
[1] 0.0696415
[1] 0.0322872
[1] "AdaLSE CI"
[1] 0.8409091
[1] 0.6590909
[1]  7 37
[1] 15 29
[1] "Fitting mean A"
[1] "Fitting variance A"
[1] "DR"
[1] 0.06271639
[1] 0.03121895
[1] "DR CI"
[1] 0.8636364
[1] 0.7045455
[1]  6 38
[1] 13 31
[1] "se comparison"
[1] 0.03349753
[1] 0.032422
[1] 45
[1] -0.001276356
[1] -0.0308365
[1] "AdaLSE"
[1] -0.04569681
[1] 0.03235775
[1] "AdaLSE CI"
[1] 0.8444444
[1] 0.6666667
[1]  7 38
[1] 15 30
[1] "Fitting mean A"
[1] "Fitting variance A"
[1] "DR"
[1] -0.05768543
[1] 0.03039543
[1] "DR CI"
[1] 0.8666667
[1] 0.7111111
[1]  6 39
[1] 13 32
[1] "se comparison"
[1] 0.03443046
[1] 0.03376706
[1] 46
[1] -0.001276356
[1] -0.0308365
[1] "AdaLSE"
[1] 0.04613103
[1] 0.03452024
[1] "AdaLSE CI"
[1] 0.8478261
[1] 0.6521739
[1]  7 39
[1] 16 30
[1] "Fitting mean A"
[1] "Fitting variance A"
[1] "DR"
[1] 0.04977685
[1] 0.03280341
[1] "DR CI"
[1] 0.8695652
[1] 0.6956522
[1]  6 40
[1] 14 32
[1] "se comparison"
[1] 0.03433175
[1] 0.0338508
[1] 47
[1] -0.001276356
[1] -0.0308365
[1] "AdaLSE"
[1] 0.0318913
[1] 0.03152818
[1] "AdaLSE CI"
[1] 0.8510638
[1] 0.6382979
[1]  7 40
[1] 17 30
[1] "Fitting mean A"
[1] "Fitting variance A"
[1] "DR"
[1] 0.01931826
[1] 0.03045234
[1] "DR CI"
[1] 0.8723404
[1] 0.7021277
[1]  6 41
[1] 14 33
[1] "se comparison"
[1] 0.0340279
[1] 0.03349419
[1] 48
[1] -0.001276356
[1] -0.0308365
[1] "AdaLSE"
[1] 0.02511013
[1] 0.03217721
[1] "AdaLSE CI"
[1] 0.8541667
[1] 0.6458333
[1]  7 41
[1] 17 31
[1] "Fitting mean A"
[1] "Fitting variance A"
[1] "DR"
[1] 0.01961838
[1] 0.02971941
[1] "DR CI"
[1] 0.875
[1] 0.7083333
[1]  6 42
[1] 14 34
[1] "se comparison"
[1] 0.03368375
[1] 0.03314984
[1] 49
[1] -0.001276356
[1] -0.0308365
[1] "AdaLSE"
[1] 0.05821729
[1] 0.02975579
[1] "AdaLSE CI"
[1] 0.8367347
[1] 0.6326531
[1]  8 41
[1] 18 31
[1] "Fitting mean A"
[1] "Fitting variance A"
[1] "DR"
[1] 0.05711028
[1] 0.02953758
[1] "DR CI"
[1] 0.8571429
[1] 0.6938776
[1]  7 42
[1] 15 34
[1] "se comparison"
[1] 0.03384024
[1] 0.03339949
[1] 50
[1] -0.001276356
[1] -0.0308365
[1] "AdaLSE"
[1] 0.04419137
[1] 0.03194623
[1] "AdaLSE CI"
[1] 0.84
[1] 0.62
[1]  8 42
[1] 19 31
[1] "Fitting mean A"
[1] "Fitting variance A"
[1] "DR"
[1] 0.02737251
[1] 0.03098353
[1] "DR CI"
[1] 0.86
[1] 0.7
[1]  7 43
[1] 15 35
[1] "se comparison"
[1] 0.03369559
[1] 0.0331109
[1] 51
[1] -0.001276356
[1] -0.0308365
[1] "AdaLSE"
[1] -0.01295483
[1] 0.03063589
[1] "AdaLSE CI"
[1] 0.8431373
[1] 0.627451
[1]  8 43
[1] 19 32
[1] "Fitting mean A"
[1] "Fitting variance A"
[1] "DR"
[1] -0.01330844
[1] 0.02844586
[1] "DR CI"
[1] 0.8627451
[1] 0.7058824
[1]  7 44
[1] 15 36
[1] "se comparison"
[1] 0.03364895
[1] 0.03300493
[1] 52
[1] -0.001276356
[1] -0.0308365
[1] "AdaLSE"
[1] 0.02421648
[1] 0.03143455
[1] "AdaLSE CI"
[1] 0.8461538
[1] 0.6346154
[1]  8 44
[1] 19 33
[1] "Fitting mean A"
[1] "Fitting variance A"
[1] "DR"
[1] 0.01778049
[1] 0.03087068
[1] "DR CI"
[1] 0.8653846
[1] 0.7115385
[1]  7 45
[1] 15 37
[1] "se comparison"
[1] 0.03332852
[1] 0.03268456
[1] 53
[1] -0.001276356
[1] -0.0308365
[1] "AdaLSE"
[1] 0.01502177
[1] 0.03209705
[1] "AdaLSE CI"
[1] 0.8490566
[1] 0.6415094
[1]  8 45
[1] 19 34
[1] "Fitting mean A"
[1] "Fitting variance A"
[1] "DR"
[1] 0.004318686
[1] 0.0303369
[1] "DR CI"
[1] 0.8679245
[1] 0.7169811
[1]  7 46
[1] 15 38
[1] "se comparison"
[1] 0.03300927
[1] 0.03239502
[1] 54
[1] -0.001276356
[1] -0.0308365
[1] "AdaLSE"
[1] -0.0082228
[1] 0.0327701
[1] "AdaLSE CI"
[1] 0.8518519
[1] 0.6481481
[1]  8 46
[1] 19 35
[1] "Fitting mean A"
[1] "Fitting variance A"
[1] "DR"
[1] -0.01094923
[1] 0.03051173
[1] "DR CI"
[1] 0.8703704
[1] 0.7222222
[1]  7 47
[1] 15 39
[1] "se comparison"
[1] 0.03289166
[1] 0.03226187
[1] 55
[1] -0.001276356
[1] -0.0308365
[1] "AdaLSE"
[1] -0.01238872
[1] 0.03149992
[1] "AdaLSE CI"
[1] 0.8545455
[1] 0.6545455
[1]  8 47
[1] 19 36
[1] "Fitting mean A"
[1] "Fitting variance A"
[1] "DR"
[1] -0.01419763
[1] 0.02954891
[1] "DR CI"
[1] 0.8727273
[1] 0.7272727
[1]  7 48
[1] 15 40
[1] "se comparison"
[1] 0.03283544
[1] 0.03217423
[1] 56
[1] -0.001276356
[1] -0.0308365
[1] "AdaLSE"
[1] 0.001659146
[1] 0.03217617
[1] "AdaLSE CI"
[1] 0.8571429
[1] 0.6607143
[1]  8 48
[1] 19 37
[1] "Fitting mean A"
[1] "Fitting variance A"
[1] "DR"
[1] 0.001125814
[1] 0.03045712
[1] "DR CI"
[1] 0.875
[1] 0.7321429
[1]  7 49
[1] 15 41
[1] "se comparison"
[1] 0.03260046
[1] 0.03191777
[1] 57
[1] -0.001276356
[1] -0.0308365
[1] "AdaLSE"
[1] 0.02065296
[1] 0.03051371
[1] "AdaLSE CI"
[1] 0.8596491
[1] 0.6666667
[1]  8 49
[1] 19 38
[1] "Fitting mean A"
[1] "Fitting variance A"
[1] "DR"
[1] 0.02104391
[1] 0.02962176
[1] "DR CI"
[1] 0.877193
[1] 0.7368421
[1]  7 50
[1] 15 42
[1] "se comparison"
[1] 0.03231216
[1] 0.03165186
[1] 58
[1] -0.001276356
[1] -0.0308365
[1] "AdaLSE"
[1] -0.04102795
[1] 0.0320431
[1] "AdaLSE CI"
[1] 0.862069
[1] 0.6724138
[1]  8 50
[1] 19 39
[1] "Fitting mean A"
[1] "Fitting variance A"
[1] "DR"
[1] -0.043208
[1] 0.03102052
[1] "DR CI"
[1] 0.8793103
[1] 0.7413793
[1]  7 51
[1] 15 43
[1] "se comparison"
[1] 0.03291641
[1] 0.03221819
[1] 59
[1] -0.001276356
[1] -0.0308365
[1] "AdaLSE"
[1] 0.06621107
[1] 0.0297795
[1] "AdaLSE CI"
[1] 0.8474576
[1] 0.6610169
[1]  9 50
[1] 20 39
[1] "Fitting mean A"
[1] "Fitting variance A"
[1] "DR"
[1] 0.06408091
[1] 0.02878129
[1] "DR CI"
[1] 0.8644068
[1] 0.7288136
[1]  8 51
[1] 16 43
[1] "se comparison"
[1] 0.03328383
[1] 0.03266015
[1] 60
[1] -0.001276356
[1] -0.0308365
[1] "AdaLSE"
[1] -0.01410112
[1] 0.03018547
[1] "AdaLSE CI"
[1] 0.85
[1] 0.6666667
[1]  9 51
[1] 20 40
[1] "Fitting mean A"
[1] "Fitting variance A"
[1] "DR"
[1] -0.01697749
[1] 0.02893364
[1] "DR CI"
[1] 0.8666667
[1] 0.7333333
[1]  8 52
[1] 16 44
[1] "se comparison"
[1] 0.03323917
[1] 0.0326058
[1] 61
[1] -0.001276356
[1] -0.0308365
[1] "AdaLSE"
[1] 0.0181003
[1] 0.03237077
[1] "AdaLSE CI"
[1] 0.852459
[1] 0.6721311
[1]  9 52
[1] 20 41
[1] "Fitting mean A"
[1] "Fitting variance A"
[1] "DR"
[1] 0.01705851
[1] 0.03083914
[1] "DR CI"
[1] 0.8688525
[1] 0.7377049
[1]  8 53
[1] 16 45
[1] "se comparison"
[1] 0.03296193
[1] 0.03233928
[1] 62
[1] -0.001276356
[1] -0.0308365
[1] "AdaLSE"
[1] 0.0001523328
[1] 0.03130632
[1] "AdaLSE CI"
[1] 0.8548387
[1] 0.6774194
[1]  9 53
[1] 20 42
[1] "Fitting mean A"
[1] "Fitting variance A"
[1] "DR"
[1] -0.002119315
[1] 0.0292054
[1] "DR CI"
[1] 0.8709677
[1] 0.7419355
[1]  8 54
[1] 16 46
[1] "se comparison"
[1] 0.03275419
[1] 0.0321242
[1] 63
[1] -0.001276356
[1] -0.0308365
[1] "AdaLSE"
[1] 0.02044614
[1] 0.0318971
[1] "AdaLSE CI"
[1] 0.8571429
[1] 0.6825397
[1]  9 54
[1] 20 43
[1] "Fitting mean A"
[1] "Fitting variance A"
[1] "DR"
[1] 0.01778859
[1] 0.02991811
[1] "DR CI"
[1] 0.8730159
[1] 0.7460317
[1]  8 55
[1] 16 47
[1] "se comparison"
[1] 0.0324939
[1] 0.03187269
[1] 64
[1] -0.001276356
[1] -0.0308365
[1] "AdaLSE"
[1] -0.01713355
[1] 0.03084001
[1] "AdaLSE CI"
[1] 0.859375
[1] 0.6875
[1]  9 55
[1] 20 44
[1] "Fitting mean A"
[1] "Fitting variance A"
[1] "DR"
[1] -0.01640274
[1] 0.02962404
[1] "DR CI"
[1] 0.875
[1] 0.75
[1]  8 56
[1] 16 48
[1] "se comparison"
[1] 0.03250035
[1] 0.03181748
[1] 65
[1] -0.001276356
[1] -0.0308365
[1] "AdaLSE"
[1] 0.06596435
[1] 0.03225524
[1] "AdaLSE CI"
[1] 0.8461538
[1] 0.6769231
[1] 10 55
[1] 21 44
[1] "Fitting mean A"
[1] "Fitting variance A"
[1] "DR"
[1] 0.06293262
[1] 0.03071479
[1] "DR CI"
[1] 0.8615385
[1] 0.7384615
[1]  9 56
[1] 17 48
[1] "se comparison"
[1] 0.0328472
[1] 0.03220459
[1] 66
[1] -0.001276356
[1] -0.0308365
[1] "AdaLSE"
[1] -0.01972957
[1] 0.03299607
[1] "AdaLSE CI"
[1] 0.8484848
[1] 0.6818182
[1] 10 56
[1] 21 45
[1] "Fitting mean A"
[1] "Fitting variance A"
[1] "DR"
[1] -0.02386465
[1] 0.03149901
[1] "DR CI"
[1] 0.8636364
[1] 0.7424242
[1]  9 57
[1] 17 49
[1] "se comparison"
[1] 0.0328936
[1] 0.03226533
[1] 67
[1] -0.001276356
[1] -0.0308365
[1] "AdaLSE"
[1] -0.002092532
[1] 0.02888457
[1] "AdaLSE CI"
[1] 0.8507463
[1] 0.6865672
[1] 10 57
[1] 21 46
[1] "Fitting mean A"
[1] "Fitting variance A"
[1] "DR"
[1] -0.006501608
[1] 0.02836248
[1] "DR CI"
[1] 0.8656716
[1] 0.7462687
[1]  9 58
[1] 17 50
[1] "se comparison"
[1] 0.03271604
[1] 0.03209795
[1] 68
[1] -0.001276356
[1] -0.0308365
[1] "AdaLSE"
[1] -0.02588778
[1] 0.03212901
[1] "AdaLSE CI"
[1] 0.8529412
[1] 0.6911765
[1] 10 58
[1] 21 47
[1] "Fitting mean A"
[1] "Fitting variance A"
[1] "DR"
[1] -0.03143054
[1] 0.03107565
[1] "DR CI"
[1] 0.8676471
[1] 0.75
[1]  9 59
[1] 17 51
[1] "se comparison"
[1] 0.03285603
[1] 0.03228066
[1] 69
[1] -0.001276356
[1] -0.0308365
[1] "AdaLSE"
[1] 0.02745806
[1] 0.03260162
[1] "AdaLSE CI"
[1] 0.8550725
[1] 0.6956522
[1] 10 59
[1] 21 48
[1] "Fitting mean A"
[1] "Fitting variance A"
[1] "DR"
[1] 0.02694009
[1] 0.030827
[1] "DR CI"
[1] 0.8695652
[1] 0.7536232
[1]  9 60
[1] 17 52
[1] "se comparison"
[1] 0.03264878
[1] 0.03210058
[1] 70
[1] -0.001276356
[1] -0.0308365
[1] "AdaLSE"
[1] -0.002864457
[1] 0.03247334
[1] "AdaLSE CI"
[1] 0.8571429
[1] 0.7
[1] 10 60
[1] 21 49
[1] "Fitting mean A"
[1] "Fitting variance A"
[1] "DR"
[1] -0.0001732597
[1] 0.03028995
[1] "DR CI"
[1] 0.8714286
[1] 0.7571429
[1]  9 61
[1] 17 53
[1] "se comparison"
[1] 0.03248194
[1] 0.03189574
[1] 71
[1] -0.001276356
[1] -0.0308365
[1] "AdaLSE"
[1] -0.09741117
[1] 0.03214634
[1] "AdaLSE CI"
[1] 0.8450704
[1] 0.6901408
[1] 11 60
[1] 22 49
[1] "Fitting mean A"
[1] "Fitting variance A"
[1] "DR"
[1] -0.1017696
[1] 0.03055925
[1] "DR CI"
[1] 0.8591549
[1] 0.7464789
[1] 10 61
[1] 18 53
[1] "se comparison"
[1] 0.03489
[1] 0.03437755
[1] 72
[1] -0.001276356
[1] -0.0308365
[1] "AdaLSE"
[1] 0.002243732
[1] 0.03443611
[1] "AdaLSE CI"
[1] 0.8472222
[1] 0.6944444
[1] 11 61
[1] 22 50
[1] "Fitting mean A"
[1] "Fitting variance A"
[1] "DR"
[1] 0.0008706132
[1] 0.03207672
[1] "DR CI"
[1] 0.8611111
[1] 0.75
[1] 10 62
[1] 18 54
[1] "se comparison"
[1] 0.03466752
[1] 0.03414932
[1] 73
[1] -0.001276356
[1] -0.0308365
[1] "AdaLSE"
[1] 0.008184344
[1] 0.03313423
[1] "AdaLSE CI"
[1] 0.8493151
[1] 0.6986301
[1] 11 62
[1] 22 51
[1] "Fitting mean A"
[1] "Fitting variance A"
[1] "DR"
[1] 0.002679587
[1] 0.03092659
[1] "DR CI"
[1] 0.8630137
[1] 0.7534247
[1] 10 63
[1] 18 55
[1] "se comparison"
[1] 0.03443065
[1] 0.03392009
[1] 74
[1] -0.001276356
[1] -0.0308365
[1] "AdaLSE"
[1] 0.04596096
[1] 0.03265133
[1] "AdaLSE CI"
[1] 0.8513514
[1] 0.6891892
[1] 11 63
[1] 23 51
[1] "Fitting mean A"
[1] "Fitting variance A"
[1] "DR"
[1] 0.04142196
[1] 0.03095076
[1] "DR CI"
[1] 0.8648649
[1] 0.7432432
[1] 10 64
[1] 19 55
[1] "se comparison"
[1] 0.03440815
[1] 0.03389493
[1] 75
[1] -0.001276356
[1] -0.0308365
[1] "AdaLSE"
[1] -0.05137384
[1] 0.02984174
[1] "AdaLSE CI"
[1] 0.8533333
[1] 0.6933333
[1] 11 64
[1] 23 52
[1] "Fitting mean A"
[1] "Fitting variance A"
[1] "DR"
[1] -0.05112785
[1] 0.02912426
[1] "DR CI"
[1] 0.8666667
[1] 0.7466667
[1] 10 65
[1] 19 56
[1] "se comparison"
[1] 0.03498464
[1] 0.03438787
[1] 76
[1] -0.001276356
[1] -0.0308365
[1] "AdaLSE"
[1] -0.02453034
[1] 0.03090433
[1] "AdaLSE CI"
[1] 0.8552632
[1] 0.6973684
[1] 11 65
[1] 23 53
[1] "Fitting mean A"
[1] "Fitting variance A"
[1] "DR"
[1] -0.03069536
[1] 0.02999035
[1] "DR CI"
[1] 0.8684211
[1] 0.75
[1] 10 66
[1] 19 57
[1] "se comparison"
[1] 0.03501026
[1] 0.03445694
[1] 77
[1] -0.001276356
[1] -0.0308365
[1] "AdaLSE"
[1] -0.02442381
[1] 0.03273174
[1] "AdaLSE CI"
[1] 0.8571429
[1] 0.7012987
[1] 11 66
[1] 23 54
[1] "Fitting mean A"
[1] "Fitting variance A"
[1] "DR"
[1] -0.02513767
[1] 0.03172888
[1] "DR CI"
[1] 0.8701299
[1] 0.7532468
[1] 10 67
[1] 19 58
[1] "se comparison"
[1] 0.03502711
[1] 0.03444068
[1] 78
[1] -0.001276356
[1] -0.0308365
[1] "AdaLSE"
[1] 0.001575102
[1] 0.03041687
[1] "AdaLSE CI"
[1] 0.8589744
[1] 0.7051282
[1] 11 67
[1] 23 55
[1] "Fitting mean A"
[1] "Fitting variance A"
[1] "DR"
[1] 0.005428153
[1] 0.02878754
[1] "DR CI"
[1] 0.8717949
[1] 0.7564103
[1] 10 68
[1] 19 59
[1] "se comparison"
[1] 0.03481746
[1] 0.0342174
[1] 79
[1] -0.001276356
[1] -0.0308365
[1] "AdaLSE"
[1] 0.01770385
[1] 0.03196632
[1] "AdaLSE CI"
[1] 0.8607595
[1] 0.7088608
[1] 11 68
[1] 23 56
[1] "Fitting mean A"
[1] "Fitting variance A"
[1] "DR"
[1] 0.01746672
[1] 0.03018599
[1] "DR CI"
[1] 0.8734177
[1] 0.7594937
[1] 10 69
[1] 19 60
[1] "se comparison"
[1] 0.03460064
[1] 0.03401469
[1] 80
[1] -0.001276356
[1] -0.0308365
[1] "AdaLSE"
[1] -0.02932258
[1] 0.03192064
[1] "AdaLSE CI"
[1] 0.8625
[1] 0.7125
[1] 11 69
[1] 23 57
[1] "Fitting mean A"
[1] "Fitting variance A"
[1] "DR"
[1] -0.03246414
[1] 0.03066276
[1] "DR CI"
[1] 0.875
[1] 0.7625
[1] 10 70
[1] 19 61
[1] "se comparison"
[1] 0.03468344
[1] 0.0340992
[1] 81
[1] -0.001276356
[1] -0.0308365
[1] "AdaLSE"
[1] 0.04632177
[1] 0.02995301
[1] "AdaLSE CI"
[1] 0.8641975
[1] 0.7037037
[1] 11 70
[1] 24 57
[1] "Fitting mean A"
[1] "Fitting variance A"
[1] "DR"
[1] 0.04686147
[1] 0.0286405
[1] "DR CI"
[1] 0.8765432
[1] 0.7530864
[1] 10 71
[1] 20 61
[1] "se comparison"
[1] 0.03468811
[1] 0.03416747
[1] 82
[1] -0.001276356
[1] -0.0308365
[1] "AdaLSE"
[1] 0.01228571
[1] 0.03118739
[1] "AdaLSE CI"
[1] 0.8658537
[1] 0.7073171
[1] 11 71
[1] 24 58
[1] "Fitting mean A"
[1] "Fitting variance A"
[1] "DR"
[1] 0.002104262
[1] 0.02992143
[1] "DR CI"
[1] 0.8780488
[1] 0.7560976
[1] 10 72
[1] 20 62
[1] "se comparison"
[1] 0.03447344
[1] 0.03396197
[1] 83
[1] -0.001276356
[1] -0.0308365
[1] "AdaLSE"
[1] -0.02564953
[1] 0.03101386
[1] "AdaLSE CI"
[1] 0.8674699
[1] 0.7108434
[1] 11 72
[1] 24 59
[1] "Fitting mean A"
[1] "Fitting variance A"
[1] "DR"
[1] -0.02534412
[1] 0.02987073
[1] "DR CI"
[1] 0.8795181
[1] 0.7590361
[1] 10 73
[1] 20 63
[1] "se comparison"
[1] 0.03450429
[1] 0.03395029
[1] 84
[1] -0.001276356
[1] -0.0308365
[1] "AdaLSE"
[1] -0.02103454
[1] 0.02964802
[1] "AdaLSE CI"
[1] 0.8690476
[1] 0.7142857
[1] 11 73
[1] 24 60
[1] "Fitting mean A"
[1] "Fitting variance A"
[1] "DR"
[1] -0.02632489
[1] 0.02773466
[1] "DR CI"
[1] 0.8809524
[1] 0.7619048
[1] 10 74
[1] 20 64
[1] "se comparison"
[1] 0.03447396
[1] 0.03394573
[1] 85
[1] -0.001276356
[1] -0.0308365
[1] "AdaLSE"
[1] 0.01045144
[1] 0.02995775
[1] "AdaLSE CI"
[1] 0.8705882
[1] 0.7176471
[1] 11 74
[1] 24 61
[1] "Fitting mean A"
[1] "Fitting variance A"
[1] "DR"
[1] 0.009853997
[1] 0.02968047
[1] "DR CI"
[1] 0.8823529
[1] 0.7647059
[1] 10 75
[1] 20 65
[1] "se comparison"
[1] 0.03426815
[1] 0.03374444
[1] 86
[1] -0.001276356
[1] -0.0308365
[1] "AdaLSE"
[1] 0.007646229
[1] 0.0330868
[1] "AdaLSE CI"
[1] 0.872093
[1] 0.7209302
[1] 11 75
[1] 24 62
[1] "Fitting mean A"
[1] "Fitting variance A"
[1] "DR"
[1] 0.006205767
[1] 0.03111694
[1] "DR CI"
[1] 0.8837209
[1] 0.7674419
[1] 10 76
[1] 20 66
[1] "se comparison"
[1] 0.03406753
[1] 0.03354549
[1] 87
[1] -0.001276356
[1] -0.0308365
[1] "AdaLSE"
[1] 0.01795097
[1] 0.03425112
[1] "AdaLSE CI"
[1] 0.8735632
[1] 0.7241379
[1] 11 76
[1] 24 63
[1] "Fitting mean A"
[1] "Fitting variance A"
[1] "DR"
[1] 0.005948689
[1] 0.03314519
[1] "DR CI"
[1] 0.8850575
[1] 0.7701149
[1] 10 77
[1] 20 67
[1] "se comparison"
[1] 0.03387799
[1] 0.0333501
[1] 88
[1] -0.001276356
[1] -0.0308365
[1] "AdaLSE"
[1] 0.04243612
[1] 0.02969065
[1] "AdaLSE CI"
[1] 0.875
[1] 0.7159091
[1] 11 77
[1] 25 63
[1] "Fitting mean A"
[1] "Fitting variance A"
[1] "DR"
[1] 0.03577127
[1] 0.02946863
[1] "DR CI"
[1] 0.8863636
[1] 0.7613636
[1] 10 78
[1] 21 67
[1] "se comparison"
[1] 0.03385208
[1] 0.03329889
[1] 89
[1] -0.001276356
[1] -0.0308365
[1] "AdaLSE"
[1] 0.004023378
[1] 0.0323785
[1] "AdaLSE CI"
[1] 0.8764045
[1] 0.7191011
[1] 11 78
[1] 25 64
[1] "Fitting mean A"
[1] "Fitting variance A"
[1] "DR"
[1] 0.004027546
[1] 0.03079533
[1] "DR CI"
[1] 0.8876404
[1] 0.7640449
[1] 10 79
[1] 21 68
[1] "se comparison"
[1] 0.03366748
[1] 0.03311106
[1] 90
[1] -0.001276356
[1] -0.0308365
[1] "AdaLSE"
[1] 0.006881434
[1] 0.0338058
[1] "AdaLSE CI"
[1] 0.8777778
[1] 0.7222222
[1] 11 79
[1] 25 65
[1] "Fitting mean A"
[1] "Fitting variance A"
[1] "DR"
[1] 0.007810848
[1] 0.03258851
[1] "DR CI"
[1] 0.8888889
[1] 0.7666667
[1] 10 80
[1] 21 69
[1] "se comparison"
[1] 0.03348061
[1] 0.03292455
[1] 91
[1] -0.001276356
[1] -0.0308365
[1] "AdaLSE"
[1] 0.02141357
[1] 0.03088844
[1] "AdaLSE CI"
[1] 0.8791209
[1] 0.7252747
[1] 11 80
[1] 25 66
[1] "Fitting mean A"
[1] "Fitting variance A"
[1] "DR"
[1] 0.02199626
[1] 0.02892578
[1] "DR CI"
[1] 0.8901099
[1] 0.7692308
[1] 10 81
[1] 21 70
[1] "se comparison"
[1] 0.03331216
[1] 0.03277712
[1] 92
[1] -0.001276356
[1] -0.0308365
[1] "AdaLSE"
[1] 0.04354402
[1] 0.0290051
[1] "AdaLSE CI"
[1] 0.8804348
[1] 0.7173913
[1] 11 81
[1] 26 66
[1] "Fitting mean A"
[1] "Fitting variance A"
[1] "DR"
[1] 0.03882317
[1] 0.02807604
[1] "DR CI"
[1] 0.8913043
[1] 0.7608696
[1] 10 82
[1] 22 70
[1] "se comparison"
[1] 0.03330127
[1] 0.0327596
[1] 93
[1] -0.001276356
[1] -0.0308365
[1] "AdaLSE"
[1] -0.01749605
[1] 0.03198202
[1] "AdaLSE CI"
[1] 0.8817204
[1] 0.7204301
[1] 11 82
[1] 26 67
[1] "Fitting mean A"
[1] "Fitting variance A"
[1] "DR"
[1] -0.02802606
[1] 0.03147233
[1] "DR CI"
[1] 0.8924731
[1] 0.7634409
[1] 10 83
[1] 22 71
[1] "se comparison"
[1] 0.03325519
[1] 0.03279277
[1] 94
[1] -0.001276356
[1] -0.0308365
[1] "AdaLSE"
[1] -0.03726182
[1] 0.03012359
[1] "AdaLSE CI"
[1] 0.8829787
[1] 0.7234043
[1] 11 83
[1] 26 68
[1] "Fitting mean A"
[1] "Fitting variance A"
[1] "DR"
[1] -0.0414852
[1] 0.0291443
[1] "DR CI"
[1] 0.893617
[1] 0.7659574
[1] 10 84
[1] 22 72
[1] "se comparison"
[1] 0.03344998
[1] 0.03300443
[1] 95
[1] -0.001276356
[1] -0.0308365
[1] "AdaLSE"
[1] 0.02937758
[1] 0.0313845
[1] "AdaLSE CI"
[1] 0.8842105
[1] 0.7263158
[1] 11 84
[1] 26 69
[1] "Fitting mean A"
[1] "Fitting variance A"
[1] "DR"
[1] 0.0262751
[1] 0.02995046
[1] "DR CI"
[1] 0.8947368
[1] 0.7684211
[1] 10 85
[1] 22 73
[1] "se comparison"
[1] 0.03332737
[1] 0.03288827
[1] 96
[1] -0.001276356
[1] -0.0308365
[1] "AdaLSE"
[1] -0.0002039955
[1] 0.03161148
[1] "AdaLSE CI"
[1] 0.8854167
[1] 0.7291667
[1] 11 85
[1] 26 70
[1] "Fitting mean A"
[1] "Fitting variance A"
[1] "DR"
[1] -0.004542715
[1] 0.03120208
[1] "DR CI"
[1] 0.8958333
[1] 0.7708333
[1] 10 86
[1] 22 74
[1] "se comparison"
[1] 0.03317048
[1] 0.03273646
[1] 97
[1] -0.001276356
[1] -0.0308365
[1] "AdaLSE"
[1] 0.02985851
[1] 0.0315416
[1] "AdaLSE CI"
[1] 0.8865979
[1] 0.7319588
[1] 11 86
[1] 26 71
[1] "Fitting mean A"
[1] "Fitting variance A"
[1] "DR"
[1] 0.02814879
[1] 0.02930446
[1] "DR CI"
[1] 0.8969072
[1] 0.7628866
[1] 10 87
[1] 23 74
[1] "se comparison"
[1] 0.03305472
[1] 0.03263607
[1] 98
[1] -0.001276356
[1] -0.0308365
[1] "AdaLSE"
[1] 0.02412819
[1] 0.03060639
[1] "AdaLSE CI"
[1] 0.8877551
[1] 0.7346939
[1] 11 87
[1] 26 72
[1] "Fitting mean A"
[1] "Fitting variance A"
[1] "DR"
[1] 0.01738439
[1] 0.03012025
[1] "DR CI"
[1] 0.8979592
[1] 0.7653061
[1] 10 88
[1] 23 75
[1] "se comparison"
[1] 0.03291115
[1] 0.03248356
[1] 99
[1] -0.001276356
[1] -0.0308365
[1] "AdaLSE"
[1] 0.03500888
[1] 0.03262243
[1] "AdaLSE CI"
[1] 0.8888889
[1] 0.7272727
[1] 11 88
[1] 27 72
[1] "Fitting mean A"
[1] "Fitting variance A"
[1] "DR"
[1] 0.03406947
[1] 0.0308794
[1] "DR CI"
[1] 0.8989899
[1] 0.7575758
[1] 10 89
[1] 24 75
[1] "se comparison"
[1] 0.03283156
[1] 0.03242882
[1] 100
[1] -0.001276356
[1] -0.0308365
[1] "AdaLSE"
[1] -0.0004068867
[1] 0.03083047
[1] "AdaLSE CI"
[1] 0.89
[1] 0.73
[1] 11 89
[1] 27 73
[1] "Fitting mean A"
[1] "Fitting variance A"
[1] "DR"
[1] -0.0002973643
[1] 0.03018849
[1] "DR CI"
[1] 0.9
[1] 0.76
[1] 10 90
[1] 24 76
[1] "se comparison"
[1] 0.03268611
[1] 0.03227432
