LOADING R
R LOADED
[1] "/home/lvanderl/Rlibs2"                         
[2] "/app/software/R/4.2.2-foss-2021b/lib/R/library"
[1] "/home/lvanderl/sieveSims"
[1] "Iteration number: 1"
[1] "pos"
[1] 0.04597153 0.90088790
[1] "Fitting mu0 = E[Y|A=0,W]"
[1] "Iteration number: 2"
[1] "pos"
[1] 0.04280807 0.90620020
[1] "Fitting mu0 = E[Y|A=0,W]"
[1] "Iteration number: 3"
[1] "pos"
[1] 0.04385572 0.91564863
[1] "Fitting mu0 = E[Y|A=0,W]"
[1] "Iteration number: 4"
[1] "pos"
[1] 0.05352902 0.89460165
[1] "Fitting mu0 = E[Y|A=0,W]"
[1] "Iteration number: 5"
[1] "pos"
[1] 0.05041466 0.89793945
[1] "Fitting mu0 = E[Y|A=0,W]"
[1] "Iteration number: 6"
[1] "pos"
[1] 0.04088307 0.91155797
[1] "Fitting mu0 = E[Y|A=0,W]"
[1] "Iteration number: 7"
[1] "pos"
[1] 0.04273841 0.90924917
[1] "Fitting mu0 = E[Y|A=0,W]"
[1] "Iteration number: 8"
[1] "pos"
[1] 0.04586502 0.89445453
[1] "Fitting mu0 = E[Y|A=0,W]"
[1] "Iteration number: 9"
[1] "pos"
[1] 0.04670976 0.89936165
[1] "Fitting mu0 = E[Y|A=0,W]"
[1] "Iteration number: 10"
[1] "pos"
[1] 0.05454484 0.91827624
[1] "Fitting mu0 = E[Y|A=0,W]"
[1] "Iteration number: 11"
[1] "pos"
[1] 0.0467695 0.8860306
[1] "Fitting mu0 = E[Y|A=0,W]"
[1] "Iteration number: 12"
[1] "pos"
[1] 0.04378278 0.90286149
[1] "Fitting mu0 = E[Y|A=0,W]"
[1] "Iteration number: 13"
[1] "pos"
[1] 0.04573228 0.90350775
[1] "Fitting mu0 = E[Y|A=0,W]"
[1] "Iteration number: 14"
[1] "pos"
[1] 0.04323558 0.91429970
[1] "Fitting mu0 = E[Y|A=0,W]"
[1] "Iteration number: 15"
[1] "pos"
[1] 0.04022363 0.91257534
[1] "Fitting mu0 = E[Y|A=0,W]"
[1] "Iteration number: 16"
[1] "pos"
[1] 0.04726336 0.90670738
[1] "Fitting mu0 = E[Y|A=0,W]"
[1] "Iteration number: 17"
[1] "pos"
[1] 0.03908361 0.91095756
[1] "Fitting mu0 = E[Y|A=0,W]"
[1] "Iteration number: 18"
[1] "pos"
[1] 0.04444814 0.90981043
[1] "Fitting mu0 = E[Y|A=0,W]"
[1] "Iteration number: 19"
[1] "pos"
[1] 0.04321161 0.91217619
[1] "Fitting mu0 = E[Y|A=0,W]"
[1] "Iteration number: 20"
[1] "pos"
[1] 0.04846034 0.91512480
[1] "Fitting mu0 = E[Y|A=0,W]"
[1] "Iteration number: 21"
[1] "pos"
[1] 0.04567781 0.90671036
[1] "Fitting mu0 = E[Y|A=0,W]"
[1] "Iteration number: 22"
[1] "pos"
[1] 0.05804013 0.90472041
[1] "Fitting mu0 = E[Y|A=0,W]"
[1] "Iteration number: 23"
[1] "pos"
[1] 0.05131208 0.89373969
[1] "Fitting mu0 = E[Y|A=0,W]"
[1] "Iteration number: 24"
[1] "pos"
[1] 0.04594448 0.90744825
[1] "Fitting mu0 = E[Y|A=0,W]"
[1] "Iteration number: 25"
[1] "pos"
[1] 0.05136714 0.90126357
[1] "Fitting mu0 = E[Y|A=0,W]"
[1] "Iteration number: 26"
[1] "pos"
[1] 0.04677865 0.90603533
[1] "Fitting mu0 = E[Y|A=0,W]"
[1] "Iteration number: 27"
[1] "pos"
[1] 0.04184653 0.91531884
[1] "Fitting mu0 = E[Y|A=0,W]"
[1] "Iteration number: 28"
[1] "pos"
[1] 0.0528526 0.8990898
[1] "Fitting mu0 = E[Y|A=0,W]"
[1] "Iteration number: 29"
[1] "pos"
[1] 0.04546447 0.91586542
[1] "Fitting mu0 = E[Y|A=0,W]"
[1] "Iteration number: 30"
[1] "pos"
[1] 0.05655603 0.90143234
[1] "Fitting mu0 = E[Y|A=0,W]"
[1] "Iteration number: 31"
[1] "pos"
[1] 0.0502845 0.8915840
[1] "Fitting mu0 = E[Y|A=0,W]"
[1] "Iteration number: 32"
[1] "pos"
[1] 0.04503532 0.91056920
[1] "Fitting mu0 = E[Y|A=0,W]"
[1] "Iteration number: 33"
[1] "pos"
[1] 0.04579229 0.91051270
[1] "Fitting mu0 = E[Y|A=0,W]"
[1] "Iteration number: 34"
[1] "pos"
[1] 0.05266541 0.91795274
[1] "Fitting mu0 = E[Y|A=0,W]"
[1] "Iteration number: 35"
[1] "pos"
[1] 0.04483789 0.91047196
[1] "Fitting mu0 = E[Y|A=0,W]"
[1] "Iteration number: 36"
[1] "pos"
[1] 0.05575261 0.90967914
[1] "Fitting mu0 = E[Y|A=0,W]"
[1] "Iteration number: 37"
[1] "pos"
[1] 0.04423888 0.91316959
[1] "Fitting mu0 = E[Y|A=0,W]"
[1] "Iteration number: 38"
[1] "pos"
[1] 0.048822 0.912636
[1] "Fitting mu0 = E[Y|A=0,W]"
[1] "Iteration number: 39"
[1] "pos"
[1] 0.04662751 0.91079608
[1] "Fitting mu0 = E[Y|A=0,W]"
[1] "Iteration number: 40"
[1] "pos"
[1] 0.05274175 0.91586467
[1] "Fitting mu0 = E[Y|A=0,W]"
[1] "Iteration number: 41"
[1] "pos"
[1] 0.04896409 0.91979127
[1] "Fitting mu0 = E[Y|A=0,W]"
[1] "Iteration number: 42"
[1] "pos"
[1] 0.04273109 0.90513452
[1] "Fitting mu0 = E[Y|A=0,W]"
[1] "Iteration number: 43"
[1] "pos"
[1] 0.0447400 0.9164911
[1] "Fitting mu0 = E[Y|A=0,W]"
[1] "Iteration number: 44"
[1] "pos"
[1] 0.0497066 0.9031312
[1] "Fitting mu0 = E[Y|A=0,W]"
[1] "Iteration number: 45"
[1] "pos"
[1] 0.04457761 0.89152212
[1] "Fitting mu0 = E[Y|A=0,W]"
[1] "Iteration number: 46"
[1] "pos"
[1] 0.03857489 0.90254388
[1] "Fitting mu0 = E[Y|A=0,W]"
[1] "Iteration number: 47"
[1] "pos"
[1] 0.03867398 0.90631966
[1] "Fitting mu0 = E[Y|A=0,W]"
[1] "Iteration number: 48"
[1] "pos"
[1] 0.05621158 0.89285729
[1] "Fitting mu0 = E[Y|A=0,W]"
[1] "Iteration number: 49"
[1] "pos"
[1] 0.0525608 0.9187082
[1] "Fitting mu0 = E[Y|A=0,W]"
[1] "Iteration number: 50"
[1] "pos"
[1] 0.04785145 0.91526838
[1] "Fitting mu0 = E[Y|A=0,W]"
[1] "Iteration number: 51"
[1] "pos"
[1] 0.04112713 0.88637466
[1] "Fitting mu0 = E[Y|A=0,W]"
[1] "Iteration number: 52"
[1] "pos"
[1] 0.04889091 0.91759952
[1] "Fitting mu0 = E[Y|A=0,W]"
[1] "Iteration number: 53"
[1] "pos"
[1] 0.04205359 0.91124570
[1] "Fitting mu0 = E[Y|A=0,W]"
[1] "Iteration number: 54"
[1] "pos"
[1] 0.04325866 0.90700612
[1] "Fitting mu0 = E[Y|A=0,W]"
[1] "Iteration number: 55"
[1] "pos"
[1] 0.05348691 0.90788477
[1] "Fitting mu0 = E[Y|A=0,W]"
[1] "Iteration number: 56"
[1] "pos"
[1] 0.04151452 0.89963907
[1] "Fitting mu0 = E[Y|A=0,W]"
[1] "Iteration number: 57"
[1] "pos"
[1] 0.04219254 0.91701925
[1] "Fitting mu0 = E[Y|A=0,W]"
[1] "Iteration number: 58"
[1] "pos"
[1] 0.04076243 0.91841988
[1] "Fitting mu0 = E[Y|A=0,W]"
[1] "Iteration number: 59"
[1] "pos"
[1] 0.0472960 0.9079323
[1] "Fitting mu0 = E[Y|A=0,W]"
[1] "Iteration number: 60"
[1] "pos"
[1] 0.04801048 0.91826284
[1] "Fitting mu0 = E[Y|A=0,W]"
[1] "Iteration number: 61"
[1] "pos"
[1] 0.04527488 0.91224756
[1] "Fitting mu0 = E[Y|A=0,W]"
[1] "Iteration number: 62"
[1] "pos"
[1] 0.04494899 0.89403782
[1] "Fitting mu0 = E[Y|A=0,W]"
[1] "Iteration number: 63"
[1] "pos"
[1] 0.04546443 0.90746989
[1] "Fitting mu0 = E[Y|A=0,W]"
[1] "Iteration number: 64"
[1] "pos"
[1] 0.04156437 0.91022696
[1] "Fitting mu0 = E[Y|A=0,W]"
[1] "Iteration number: 65"
[1] "pos"
[1] 0.04333855 0.90201875
[1] "Fitting mu0 = E[Y|A=0,W]"
[1] "Iteration number: 66"
[1] "pos"
[1] 0.04335972 0.91513948
[1] "Fitting mu0 = E[Y|A=0,W]"
[1] "Iteration number: 67"
[1] "pos"
[1] 0.04904103 0.91427054
[1] "Fitting mu0 = E[Y|A=0,W]"
[1] "Iteration number: 68"
[1] "pos"
[1] 0.04166878 0.89331251
[1] "Fitting mu0 = E[Y|A=0,W]"
[1] "Iteration number: 69"
[1] "pos"
[1] 0.05170097 0.90169286
[1] "Fitting mu0 = E[Y|A=0,W]"
[1] "Iteration number: 70"
[1] "pos"
[1] 0.04562649 0.91115303
[1] "Fitting mu0 = E[Y|A=0,W]"
[1] "Iteration number: 71"
[1] "pos"
[1] 0.03845244 0.90857416
[1] "Fitting mu0 = E[Y|A=0,W]"
[1] "Iteration number: 72"
[1] "pos"
[1] 0.04948288 0.91063376
[1] "Fitting mu0 = E[Y|A=0,W]"
[1] "Iteration number: 73"
[1] "pos"
[1] 0.04432709 0.91456226
[1] "Fitting mu0 = E[Y|A=0,W]"
[1] "Iteration number: 74"
[1] "pos"
[1] 0.05252713 0.91163598
[1] "Fitting mu0 = E[Y|A=0,W]"
[1] "Iteration number: 75"
[1] "pos"
[1] 0.04659418 0.91081288
[1] "Fitting mu0 = E[Y|A=0,W]"
[1] "Iteration number: 76"
[1] "pos"
[1] 0.04259792 0.91060556
[1] "Fitting mu0 = E[Y|A=0,W]"
[1] "Iteration number: 77"
[1] "pos"
[1] 0.0453490 0.9077282
[1] "Fitting mu0 = E[Y|A=0,W]"
[1] "Iteration number: 78"
[1] "pos"
[1] 0.03934645 0.90077987
[1] "Fitting mu0 = E[Y|A=0,W]"
[1] "Iteration number: 79"
[1] "pos"
[1] 0.04277328 0.86967325
[1] "Fitting mu0 = E[Y|A=0,W]"
[1] "Iteration number: 80"
[1] "pos"
[1] 0.04862701 0.90844139
[1] "Fitting mu0 = E[Y|A=0,W]"
[1] "Iteration number: 81"
[1] "pos"
[1] 0.03946679 0.88883025
[1] "Fitting mu0 = E[Y|A=0,W]"
[1] "Iteration number: 82"
[1] "pos"
[1] 0.04131367 0.89146328
[1] "Fitting mu0 = E[Y|A=0,W]"
[1] "Iteration number: 83"
[1] "pos"
[1] 0.04642854 0.90167715
[1] "Fitting mu0 = E[Y|A=0,W]"
[1] "Iteration number: 84"
[1] "pos"
[1] 0.04241608 0.90234996
[1] "Fitting mu0 = E[Y|A=0,W]"
[1] "Iteration number: 85"
[1] "pos"
[1] 0.04696842 0.91873585
[1] "Fitting mu0 = E[Y|A=0,W]"
[1] "Iteration number: 86"
[1] "pos"
[1] 0.04688877 0.91426502
[1] "Fitting mu0 = E[Y|A=0,W]"
[1] "Iteration number: 87"
[1] "pos"
[1] 0.0582601 0.9126086
[1] "Fitting mu0 = E[Y|A=0,W]"
[1] "Iteration number: 88"
[1] "pos"
[1] 0.04115689 0.90672068
[1] "Fitting mu0 = E[Y|A=0,W]"
[1] "Iteration number: 89"
[1] "pos"
[1] 0.04711031 0.90189299
[1] "Fitting mu0 = E[Y|A=0,W]"
[1] "Iteration number: 90"
[1] "pos"
[1] 0.0560417 0.8899306
[1] "Fitting mu0 = E[Y|A=0,W]"
[1] "Iteration number: 91"
[1] "pos"
[1] 0.04036742 0.90131039
[1] "Fitting mu0 = E[Y|A=0,W]"
[1] "Iteration number: 92"
[1] "pos"
[1] 0.04182013 0.90948620
[1] "Fitting mu0 = E[Y|A=0,W]"
[1] "Iteration number: 93"
[1] "pos"
[1] 0.06378131 0.90075668
[1] "Fitting mu0 = E[Y|A=0,W]"
[1] "Iteration number: 94"
[1] "pos"
[1] 0.04894366 0.90968161
[1] "Fitting mu0 = E[Y|A=0,W]"
[1] "Iteration number: 95"
[1] "pos"
[1] 0.03910459 0.91193268
[1] "Fitting mu0 = E[Y|A=0,W]"
[1] "Iteration number: 96"
[1] "pos"
[1] 0.04438185 0.91408242
[1] "Fitting mu0 = E[Y|A=0,W]"
[1] "Iteration number: 97"
[1] "pos"
[1] 0.03972731 0.89217654
[1] "Fitting mu0 = E[Y|A=0,W]"
[1] "Iteration number: 98"
[1] "pos"
[1] 0.04134321 0.90170453
[1] "Fitting mu0 = E[Y|A=0,W]"
[1] "Iteration number: 99"
[1] "pos"
[1] 0.04420454 0.90690085
[1] "Fitting mu0 = E[Y|A=0,W]"
[1] "Iteration number: 100"
[1] "pos"
[1] 0.04442442 0.91376547
[1] "Fitting mu0 = E[Y|A=0,W]"
[1] "Iteration number: 101"
[1] "pos"
[1] 0.04683947 0.91026977
[1] "Fitting mu0 = E[Y|A=0,W]"
[1] "Iteration number: 102"
[1] "pos"
[1] 0.04393407 0.90997628
[1] "Fitting mu0 = E[Y|A=0,W]"
[1] "Iteration number: 103"
[1] "pos"
[1] 0.04454425 0.89925757
[1] "Fitting mu0 = E[Y|A=0,W]"
[1] "Iteration number: 104"
[1] "pos"
[1] 0.04018009 0.90282382
[1] "Fitting mu0 = E[Y|A=0,W]"
[1] "Iteration number: 105"
[1] "pos"
[1] 0.04066895 0.90686486
[1] "Fitting mu0 = E[Y|A=0,W]"
[1] "Iteration number: 106"
[1] "pos"
[1] 0.0466938 0.9113148
[1] "Fitting mu0 = E[Y|A=0,W]"
[1] "Iteration number: 107"
[1] "pos"
[1] 0.04195251 0.89111472
[1] "Fitting mu0 = E[Y|A=0,W]"
[1] "Iteration number: 108"
[1] "pos"
[1] 0.04186625 0.91094101
[1] "Fitting mu0 = E[Y|A=0,W]"
[1] "Iteration number: 109"
[1] "pos"
[1] 0.05506413 0.89714256
[1] "Fitting mu0 = E[Y|A=0,W]"
[1] "Iteration number: 110"
[1] "pos"
[1] 0.06923824 0.90663520
[1] "Fitting mu0 = E[Y|A=0,W]"
[1] "Iteration number: 111"
[1] "pos"
[1] 0.04476931 0.89517522
[1] "Fitting mu0 = E[Y|A=0,W]"
[1] "Iteration number: 112"
[1] "pos"
[1] 0.04376311 0.90280356
[1] "Fitting mu0 = E[Y|A=0,W]"
[1] "Iteration number: 113"
[1] "pos"
[1] 0.04122714 0.88990913
[1] "Fitting mu0 = E[Y|A=0,W]"
[1] "Iteration number: 114"
[1] "pos"
[1] 0.04244493 0.90771903
[1] "Fitting mu0 = E[Y|A=0,W]"
[1] "Iteration number: 115"
[1] "pos"
[1] 0.04464917 0.90042402
[1] "Fitting mu0 = E[Y|A=0,W]"
[1] "Iteration number: 116"
[1] "pos"
[1] 0.04662921 0.90907944
[1] "Fitting mu0 = E[Y|A=0,W]"
[1] "Iteration number: 117"
[1] "pos"
[1] 0.05036343 0.89158835
[1] "Fitting mu0 = E[Y|A=0,W]"
[1] "Iteration number: 118"
[1] "pos"
[1] 0.0425936 0.9032125
[1] "Fitting mu0 = E[Y|A=0,W]"
[1] "Iteration number: 119"
[1] "pos"
[1] 0.04331757 0.88920823
[1] "Fitting mu0 = E[Y|A=0,W]"
[1] "Iteration number: 120"
[1] "pos"
[1] 0.04318323 0.90872300
[1] "Fitting mu0 = E[Y|A=0,W]"
[1] "Iteration number: 121"
[1] "pos"
[1] 0.04384008 0.90568961
[1] "Fitting mu0 = E[Y|A=0,W]"
[1] "Iteration number: 122"
[1] "pos"
[1] 0.04590187 0.90127105
[1] "Fitting mu0 = E[Y|A=0,W]"
[1] "Iteration number: 123"
[1] "pos"
[1] 0.04374046 0.90810949
[1] "Fitting mu0 = E[Y|A=0,W]"
[1] "Iteration number: 124"
[1] "pos"
[1] 0.04410502 0.91399758
[1] "Fitting mu0 = E[Y|A=0,W]"
[1] "Iteration number: 125"
[1] "pos"
[1] 0.04401512 0.91143470
[1] "Fitting mu0 = E[Y|A=0,W]"
[1] "Iteration number: 126"
[1] "pos"
[1] 0.04084272 0.91024678
[1] "Fitting mu0 = E[Y|A=0,W]"
[1] "Iteration number: 127"
[1] "pos"
[1] 0.05812356 0.89979263
[1] "Fitting mu0 = E[Y|A=0,W]"
[1] "Iteration number: 128"
[1] "pos"
[1] 0.04458466 0.90905756
[1] "Fitting mu0 = E[Y|A=0,W]"
[1] "Iteration number: 129"
[1] "pos"
[1] 0.04160967 0.91776937
[1] "Fitting mu0 = E[Y|A=0,W]"
[1] "Iteration number: 130"
[1] "pos"
[1] 0.04671527 0.90781361
[1] "Fitting mu0 = E[Y|A=0,W]"
[1] "Iteration number: 131"
[1] "pos"
[1] 0.0455301 0.9089317
[1] "Fitting mu0 = E[Y|A=0,W]"
[1] "Iteration number: 132"
[1] "pos"
[1] 0.03913375 0.90335781
[1] "Fitting mu0 = E[Y|A=0,W]"
[1] "Iteration number: 133"
[1] "pos"
[1] 0.03982449 0.91053778
[1] "Fitting mu0 = E[Y|A=0,W]"
[1] "Iteration number: 134"
[1] "pos"
[1] 0.03991839 0.90376050
[1] "Fitting mu0 = E[Y|A=0,W]"
[1] "Iteration number: 135"
[1] "pos"
[1] 0.04892855 0.90691060
[1] "Fitting mu0 = E[Y|A=0,W]"
[1] "Iteration number: 136"
[1] "pos"
[1] 0.05667431 0.89631135
[1] "Fitting mu0 = E[Y|A=0,W]"
[1] "Iteration number: 137"
[1] "pos"
[1] 0.04277566 0.90627969
[1] "Fitting mu0 = E[Y|A=0,W]"
[1] "Iteration number: 138"
[1] "pos"
[1] 0.05020134 0.89829739
[1] "Fitting mu0 = E[Y|A=0,W]"
[1] "Iteration number: 139"
[1] "pos"
[1] 0.03954047 0.90958819
[1] "Fitting mu0 = E[Y|A=0,W]"
[1] "Iteration number: 140"
[1] "pos"
[1] 0.05006032 0.91479769
[1] "Fitting mu0 = E[Y|A=0,W]"
[1] "Iteration number: 141"
[1] "pos"
[1] 0.04273864 0.89959101
[1] "Fitting mu0 = E[Y|A=0,W]"
[1] "Iteration number: 142"
[1] "pos"
[1] 0.04932158 0.88526704
[1] "Fitting mu0 = E[Y|A=0,W]"
[1] "Iteration number: 143"
[1] "pos"
[1] 0.04385072 0.90625067
[1] "Fitting mu0 = E[Y|A=0,W]"
[1] "Iteration number: 144"
[1] "pos"
[1] 0.04555135 0.90172822
[1] "Fitting mu0 = E[Y|A=0,W]"
[1] "Iteration number: 145"
[1] "pos"
[1] 0.04121084 0.91694976
[1] "Fitting mu0 = E[Y|A=0,W]"
[1] "Iteration number: 146"
[1] "pos"
[1] 0.04123438 0.91617410
[1] "Fitting mu0 = E[Y|A=0,W]"
[1] "Iteration number: 147"
[1] "pos"
[1] 0.04472292 0.90789268
[1] "Fitting mu0 = E[Y|A=0,W]"
[1] "Iteration number: 148"
[1] "pos"
[1] 0.04389341 0.91517507
[1] "Fitting mu0 = E[Y|A=0,W]"
[1] "Iteration number: 149"
[1] "pos"
[1] 0.04347923 0.91483474
[1] "Fitting mu0 = E[Y|A=0,W]"
[1] "Iteration number: 150"
[1] "pos"
[1] 0.0530219 0.8983692
[1] "Fitting mu0 = E[Y|A=0,W]"
[1] "Iteration number: 151"
[1] "pos"
[1] 0.04870487 0.90438448
[1] "Fitting mu0 = E[Y|A=0,W]"
[1] "Iteration number: 152"
[1] "pos"
[1] 0.04324613 0.90635263
[1] "Fitting mu0 = E[Y|A=0,W]"
[1] "Iteration number: 153"
[1] "pos"
[1] 0.05142632 0.91423912
[1] "Fitting mu0 = E[Y|A=0,W]"
[1] "Iteration number: 154"
[1] "pos"
[1] 0.04736417 0.91415130
[1] "Fitting mu0 = E[Y|A=0,W]"
[1] "Iteration number: 155"
[1] "pos"
[1] 0.04397459 0.90330343
[1] "Fitting mu0 = E[Y|A=0,W]"
[1] "Iteration number: 156"
[1] "pos"
[1] 0.04408439 0.91029962
[1] "Fitting mu0 = E[Y|A=0,W]"
[1] "Iteration number: 157"
[1] "pos"
[1] 0.04643354 0.90852614
[1] "Fitting mu0 = E[Y|A=0,W]"
[1] "Iteration number: 158"
[1] "pos"
[1] 0.05409215 0.90376479
[1] "Fitting mu0 = E[Y|A=0,W]"
[1] "Iteration number: 159"
[1] "pos"
[1] 0.04361407 0.89049061
[1] "Fitting mu0 = E[Y|A=0,W]"
[1] "Iteration number: 160"
[1] "pos"
[1] 0.04707698 0.89824526
[1] "Fitting mu0 = E[Y|A=0,W]"
[1] "Iteration number: 161"
[1] "pos"
[1] 0.05428764 0.90570564
[1] "Fitting mu0 = E[Y|A=0,W]"
[1] "Iteration number: 162"
[1] "pos"
[1] 0.04163534 0.91458798
[1] "Fitting mu0 = E[Y|A=0,W]"
[1] "Iteration number: 163"
[1] "pos"
[1] 0.04388733 0.90564793
[1] "Fitting mu0 = E[Y|A=0,W]"
[1] "Iteration number: 164"
[1] "pos"
[1] 0.05050417 0.90057435
[1] "Fitting mu0 = E[Y|A=0,W]"
[1] "Iteration number: 165"
[1] "pos"
[1] 0.0577616 0.9027451
[1] "Fitting mu0 = E[Y|A=0,W]"
[1] "Iteration number: 166"
[1] "pos"
[1] 0.05153362 0.91737397
[1] "Fitting mu0 = E[Y|A=0,W]"
[1] "Iteration number: 167"
[1] "pos"
[1] 0.04356718 0.91599637
[1] "Fitting mu0 = E[Y|A=0,W]"
[1] "Iteration number: 168"
[1] "pos"
[1] 0.05470499 0.89977123
[1] "Fitting mu0 = E[Y|A=0,W]"
[1] "Iteration number: 169"
[1] "pos"
[1] 0.0449563 0.9118823
[1] "Fitting mu0 = E[Y|A=0,W]"
[1] "Iteration number: 170"
[1] "pos"
[1] 0.04421941 0.91819725
[1] "Fitting mu0 = E[Y|A=0,W]"
[1] "Iteration number: 171"
[1] "pos"
[1] 0.05372443 0.89592467
[1] "Fitting mu0 = E[Y|A=0,W]"
[1] "Iteration number: 172"
[1] "pos"
[1] 0.0411415 0.8936901
[1] "Fitting mu0 = E[Y|A=0,W]"
[1] "Iteration number: 173"
[1] "pos"
[1] 0.04255129 0.90879332
[1] "Fitting mu0 = E[Y|A=0,W]"
[1] "Iteration number: 174"
[1] "pos"
[1] 0.05909016 0.91253117
[1] "Fitting mu0 = E[Y|A=0,W]"
[1] "Iteration number: 175"
[1] "pos"
[1] 0.04343778 0.91815189
[1] "Fitting mu0 = E[Y|A=0,W]"
[1] "Iteration number: 176"
[1] "pos"
[1] 0.04221824 0.90803111
[1] "Fitting mu0 = E[Y|A=0,W]"
[1] "Iteration number: 177"
[1] "pos"
[1] 0.05895233 0.90644699
[1] "Fitting mu0 = E[Y|A=0,W]"
[1] "Iteration number: 178"
[1] "pos"
[1] 0.04322696 0.90744183
[1] "Fitting mu0 = E[Y|A=0,W]"
[1] "Iteration number: 179"
[1] "pos"
[1] 0.04733378 0.91157117
[1] "Fitting mu0 = E[Y|A=0,W]"
[1] "Iteration number: 180"
[1] "pos"
[1] 0.04212216 0.91163275
[1] "Fitting mu0 = E[Y|A=0,W]"
[1] "Iteration number: 181"
[1] "pos"
[1] 0.05079275 0.90423470
[1] "Fitting mu0 = E[Y|A=0,W]"
[1] "Iteration number: 182"
[1] "pos"
[1] 0.05322587 0.88029095
[1] "Fitting mu0 = E[Y|A=0,W]"
[1] "Iteration number: 183"
[1] "pos"
[1] 0.04493989 0.90929910
[1] "Fitting mu0 = E[Y|A=0,W]"
[1] "Iteration number: 184"
[1] "pos"
[1] 0.0449125 0.8993688
[1] "Fitting mu0 = E[Y|A=0,W]"
[1] "Iteration number: 185"
[1] "pos"
[1] 0.04576245 0.89901287
[1] "Fitting mu0 = E[Y|A=0,W]"
[1] "Iteration number: 186"
[1] "pos"
[1] 0.0416703 0.9157671
[1] "Fitting mu0 = E[Y|A=0,W]"
[1] "Iteration number: 187"
[1] "pos"
[1] 0.0417738 0.9052154
[1] "Fitting mu0 = E[Y|A=0,W]"
[1] "Iteration number: 188"
[1] "pos"
[1] 0.03858578 0.90821831
[1] "Fitting mu0 = E[Y|A=0,W]"
[1] "Iteration number: 189"
[1] "pos"
[1] 0.0558600 0.9043523
[1] "Fitting mu0 = E[Y|A=0,W]"
[1] "Iteration number: 190"
[1] "pos"
[1] 0.0439007 0.9127059
[1] "Fitting mu0 = E[Y|A=0,W]"
[1] "Iteration number: 191"
[1] "pos"
[1] 0.04542099 0.91697755
[1] "Fitting mu0 = E[Y|A=0,W]"
[1] "Iteration number: 192"
[1] "pos"
[1] 0.04240304 0.89655678
[1] "Fitting mu0 = E[Y|A=0,W]"
[1] "Iteration number: 193"
[1] "pos"
[1] 0.05697893 0.91693911
[1] "Fitting mu0 = E[Y|A=0,W]"
[1] "Iteration number: 194"
[1] "pos"
[1] 0.04545255 0.91838711
[1] "Fitting mu0 = E[Y|A=0,W]"
[1] "Iteration number: 195"
[1] "pos"
[1] 0.04148648 0.90208924
[1] "Fitting mu0 = E[Y|A=0,W]"
[1] "Iteration number: 196"
[1] "pos"
[1] 0.04468722 0.90390143
[1] "Fitting mu0 = E[Y|A=0,W]"
[1] "Iteration number: 197"
[1] "pos"
[1] 0.04158861 0.91801350
[1] "Fitting mu0 = E[Y|A=0,W]"
[1] "Iteration number: 198"
[1] "pos"
[1] 0.04542165 0.91483454
[1] "Fitting mu0 = E[Y|A=0,W]"
[1] "Iteration number: 199"
[1] "pos"
[1] 0.0416265 0.9096989
[1] "Fitting mu0 = E[Y|A=0,W]"
[1] "Iteration number: 200"
[1] "pos"
[1] 0.04844936 0.90786769
[1] "Fitting mu0 = E[Y|A=0,W]"
[1] "Iteration number: 201"
[1] "pos"
[1] 0.04874111 0.91223501
[1] "Fitting mu0 = E[Y|A=0,W]"
[1] "Iteration number: 202"
[1] "pos"
[1] 0.04160317 0.90611272
[1] "Fitting mu0 = E[Y|A=0,W]"
[1] "Iteration number: 203"
[1] "pos"
[1] 0.04167208 0.90578682
[1] "Fitting mu0 = E[Y|A=0,W]"
[1] "Iteration number: 204"
[1] "pos"
[1] 0.04644991 0.90586575
[1] "Fitting mu0 = E[Y|A=0,W]"
[1] "Iteration number: 205"
[1] "pos"
[1] 0.04795284 0.90247165
[1] "Fitting mu0 = E[Y|A=0,W]"
[1] "Iteration number: 206"
[1] "pos"
[1] 0.0397472 0.9123704
[1] "Fitting mu0 = E[Y|A=0,W]"
[1] "Iteration number: 207"
[1] "pos"
[1] 0.04487484 0.90714146
[1] "Fitting mu0 = E[Y|A=0,W]"
[1] "Iteration number: 208"
[1] "pos"
[1] 0.04802239 0.90476383
[1] "Fitting mu0 = E[Y|A=0,W]"
[1] "Iteration number: 209"
[1] "pos"
[1] 0.04226574 0.89930808
[1] "Fitting mu0 = E[Y|A=0,W]"
[1] "Iteration number: 210"
[1] "pos"
[1] 0.04757683 0.91001851
[1] "Fitting mu0 = E[Y|A=0,W]"
[1] "Iteration number: 211"
[1] "pos"
[1] 0.04221238 0.90313274
[1] "Fitting mu0 = E[Y|A=0,W]"
[1] "Iteration number: 212"
[1] "pos"
[1] 0.06538257 0.90571161
[1] "Fitting mu0 = E[Y|A=0,W]"
[1] "Iteration number: 213"
[1] "pos"
[1] 0.04964104 0.91964639
[1] "Fitting mu0 = E[Y|A=0,W]"
[1] "Iteration number: 214"
[1] "pos"
[1] 0.04577495 0.90146403
[1] "Fitting mu0 = E[Y|A=0,W]"
[1] "Iteration number: 215"
[1] "pos"
[1] 0.04449478 0.90735921
[1] "Fitting mu0 = E[Y|A=0,W]"
[1] "Iteration number: 216"
[1] "pos"
[1] 0.04974546 0.90752748
[1] "Fitting mu0 = E[Y|A=0,W]"
[1] "Iteration number: 217"
[1] "pos"
[1] 0.04545777 0.88747776
[1] "Fitting mu0 = E[Y|A=0,W]"
[1] "Iteration number: 218"
[1] "pos"
[1] 0.04403406 0.90057987
[1] "Fitting mu0 = E[Y|A=0,W]"
[1] "Iteration number: 219"
[1] "pos"
[1] 0.04240753 0.90968749
[1] "Fitting mu0 = E[Y|A=0,W]"
[1] "Iteration number: 220"
[1] "pos"
[1] 0.05246986 0.89361246
[1] "Fitting mu0 = E[Y|A=0,W]"
[1] "Iteration number: 221"
[1] "pos"
[1] 0.04240037 0.91740566
[1] "Fitting mu0 = E[Y|A=0,W]"
[1] "Iteration number: 222"
[1] "pos"
[1] 0.05048395 0.91508594
[1] "Fitting mu0 = E[Y|A=0,W]"
[1] "Iteration number: 223"
[1] "pos"
[1] 0.04449441 0.91019208
[1] "Fitting mu0 = E[Y|A=0,W]"
[1] "Iteration number: 224"
[1] "pos"
[1] 0.04628813 0.91527116
[1] "Fitting mu0 = E[Y|A=0,W]"
[1] "Iteration number: 225"
[1] "pos"
[1] 0.04151964 0.90374721
[1] "Fitting mu0 = E[Y|A=0,W]"
[1] "Iteration number: 226"
[1] "pos"
[1] 0.04521139 0.91134804
[1] "Fitting mu0 = E[Y|A=0,W]"
[1] "Iteration number: 227"
[1] "pos"
[1] 0.05457627 0.91180282
[1] "Fitting mu0 = E[Y|A=0,W]"
[1] "Iteration number: 228"
[1] "pos"
[1] 0.04639524 0.91246402
[1] "Fitting mu0 = E[Y|A=0,W]"
[1] "Iteration number: 229"
[1] "pos"
[1] 0.04968651 0.90380186
[1] "Fitting mu0 = E[Y|A=0,W]"
[1] "Iteration number: 230"
[1] "pos"
[1] 0.0492309 0.9100076
[1] "Fitting mu0 = E[Y|A=0,W]"
[1] "Iteration number: 231"
[1] "pos"
[1] 0.03944223 0.89929404
[1] "Fitting mu0 = E[Y|A=0,W]"
[1] "Iteration number: 232"
[1] "pos"
[1] 0.05544414 0.90787596
[1] "Fitting mu0 = E[Y|A=0,W]"
[1] "Iteration number: 233"
[1] "pos"
[1] 0.04831359 0.91427309
[1] "Fitting mu0 = E[Y|A=0,W]"
[1] "Iteration number: 234"
[1] "pos"
[1] 0.04328783 0.91393670
[1] "Fitting mu0 = E[Y|A=0,W]"
[1] "Iteration number: 235"
[1] "pos"
[1] 0.04670086 0.91328176
[1] "Fitting mu0 = E[Y|A=0,W]"
[1] "Iteration number: 236"
[1] "pos"
[1] 0.05168685 0.91683421
[1] "Fitting mu0 = E[Y|A=0,W]"
[1] "Iteration number: 237"
[1] "pos"
[1] 0.06376265 0.91308753
[1] "Fitting mu0 = E[Y|A=0,W]"
[1] "Iteration number: 238"
[1] "pos"
[1] 0.04270987 0.90490734
[1] "Fitting mu0 = E[Y|A=0,W]"
[1] "Iteration number: 239"
[1] "pos"
[1] 0.0494176 0.9041246
[1] "Fitting mu0 = E[Y|A=0,W]"
[1] "Iteration number: 240"
[1] "pos"
[1] 0.0448728 0.9123356
[1] "Fitting mu0 = E[Y|A=0,W]"
[1] "Iteration number: 241"
[1] "pos"
[1] 0.03978894 0.90190601
[1] "Fitting mu0 = E[Y|A=0,W]"
[1] "Iteration number: 242"
[1] "pos"
[1] 0.04512171 0.88287109
[1] "Fitting mu0 = E[Y|A=0,W]"
[1] "Iteration number: 243"
[1] "pos"
[1] 0.04271865 0.90761568
[1] "Fitting mu0 = E[Y|A=0,W]"
[1] "Iteration number: 244"
[1] "pos"
[1] 0.04581751 0.89919442
[1] "Fitting mu0 = E[Y|A=0,W]"
[1] "Iteration number: 245"
[1] "pos"
[1] 0.04539408 0.91294705
[1] "Fitting mu0 = E[Y|A=0,W]"
[1] "Iteration number: 246"
[1] "pos"
[1] 0.04890948 0.89571271
[1] "Fitting mu0 = E[Y|A=0,W]"
[1] "Iteration number: 247"
[1] "pos"
[1] 0.04279886 0.89391867
[1] "Fitting mu0 = E[Y|A=0,W]"
[1] "Iteration number: 248"
[1] "pos"
[1] 0.05440175 0.91736064
[1] "Fitting mu0 = E[Y|A=0,W]"
[1] "Iteration number: 249"
[1] "pos"
[1] 0.03956044 0.91421651
[1] "Fitting mu0 = E[Y|A=0,W]"
[1] "Iteration number: 250"
[1] "pos"
[1] 0.04127881 0.90595112
[1] "Fitting mu0 = E[Y|A=0,W]"
[1] "Iteration number: 251"
[1] "pos"
[1] 0.04664535 0.91462570
[1] "Fitting mu0 = E[Y|A=0,W]"
[1] "Iteration number: 252"
[1] "pos"
[1] 0.0497037 0.9085824
[1] "Fitting mu0 = E[Y|A=0,W]"
[1] "Iteration number: 253"
[1] "pos"
[1] 0.0404169 0.9098161
[1] "Fitting mu0 = E[Y|A=0,W]"
[1] "Iteration number: 254"
[1] "pos"
[1] 0.05521974 0.89785235
[1] "Fitting mu0 = E[Y|A=0,W]"
[1] "Iteration number: 255"
[1] "pos"
[1] 0.04369789 0.90653212
[1] "Fitting mu0 = E[Y|A=0,W]"
[1] "Iteration number: 256"
[1] "pos"
[1] 0.04728153 0.90939479
[1] "Fitting mu0 = E[Y|A=0,W]"
[1] "Iteration number: 257"
[1] "pos"
[1] 0.05007546 0.90916808
[1] "Fitting mu0 = E[Y|A=0,W]"
[1] "Iteration number: 258"
[1] "pos"
[1] 0.05849532 0.91009053
[1] "Fitting mu0 = E[Y|A=0,W]"
[1] "Iteration number: 259"
[1] "pos"
[1] 0.03909403 0.90080120
[1] "Fitting mu0 = E[Y|A=0,W]"
[1] "Iteration number: 260"
[1] "pos"
[1] 0.04563568 0.90391735
[1] "Fitting mu0 = E[Y|A=0,W]"
[1] "Iteration number: 261"
[1] "pos"
[1] 0.04424273 0.89185750
[1] "Fitting mu0 = E[Y|A=0,W]"
[1] "Iteration number: 262"
[1] "pos"
[1] 0.04688902 0.91115969
[1] "Fitting mu0 = E[Y|A=0,W]"
[1] "Iteration number: 263"
[1] "pos"
[1] 0.04716793 0.91273822
[1] "Fitting mu0 = E[Y|A=0,W]"
[1] "Iteration number: 264"
[1] "pos"
[1] 0.0541211 0.9109661
[1] "Fitting mu0 = E[Y|A=0,W]"
[1] "Iteration number: 265"
[1] "pos"
[1] 0.04075316 0.92017157
[1] "Fitting mu0 = E[Y|A=0,W]"
[1] "Iteration number: 266"
[1] "pos"
[1] 0.04939658 0.91799892
[1] "Fitting mu0 = E[Y|A=0,W]"
[1] "Iteration number: 267"
[1] "pos"
[1] 0.04995304 0.91347584
[1] "Fitting mu0 = E[Y|A=0,W]"
[1] "Iteration number: 268"
[1] "pos"
[1] 0.03877412 0.89635666
[1] "Fitting mu0 = E[Y|A=0,W]"
[1] "Iteration number: 269"
[1] "pos"
[1] 0.04253939 0.91877764
[1] "Fitting mu0 = E[Y|A=0,W]"
[1] "Iteration number: 270"
[1] "pos"
[1] 0.05155701 0.90620836
[1] "Fitting mu0 = E[Y|A=0,W]"
[1] "Iteration number: 271"
[1] "pos"
[1] 0.04323331 0.88579874
[1] "Fitting mu0 = E[Y|A=0,W]"
[1] "Iteration number: 272"
[1] "pos"
[1] 0.04724765 0.91290003
[1] "Fitting mu0 = E[Y|A=0,W]"
[1] "Iteration number: 273"
[1] "pos"
[1] 0.04051632 0.90222391
[1] "Fitting mu0 = E[Y|A=0,W]"
[1] "Iteration number: 274"
[1] "pos"
[1] 0.05024569 0.90322728
[1] "Fitting mu0 = E[Y|A=0,W]"
[1] "Iteration number: 275"
[1] "pos"
[1] 0.05199831 0.90246037
[1] "Fitting mu0 = E[Y|A=0,W]"
[1] "Iteration number: 276"
[1] "pos"
[1] 0.04985325 0.91812817
[1] "Fitting mu0 = E[Y|A=0,W]"
[1] "Iteration number: 277"
[1] "pos"
[1] 0.04281763 0.91182567
[1] "Fitting mu0 = E[Y|A=0,W]"
[1] "Iteration number: 278"
[1] "pos"
[1] 0.04431258 0.90661046
[1] "Fitting mu0 = E[Y|A=0,W]"
[1] "Iteration number: 279"
[1] "pos"
[1] 0.04259908 0.90134520
[1] "Fitting mu0 = E[Y|A=0,W]"
[1] "Iteration number: 280"
[1] "pos"
[1] 0.0536402 0.9190208
[1] "Fitting mu0 = E[Y|A=0,W]"
[1] "Iteration number: 281"
[1] "pos"
[1] 0.04849205 0.90895387
[1] "Fitting mu0 = E[Y|A=0,W]"
[1] "Iteration number: 282"
[1] "pos"
[1] 0.05494979 0.88590677
[1] "Fitting mu0 = E[Y|A=0,W]"
[1] "Iteration number: 283"
[1] "pos"
[1] 0.04310328 0.90306515
[1] "Fitting mu0 = E[Y|A=0,W]"
[1] "Iteration number: 284"
[1] "pos"
[1] 0.04033712 0.88929565
[1] "Fitting mu0 = E[Y|A=0,W]"
[1] "Iteration number: 285"
[1] "pos"
[1] 0.04101191 0.90882218
[1] "Fitting mu0 = E[Y|A=0,W]"
[1] "Iteration number: 286"
[1] "pos"
[1] 0.04592312 0.91274019
[1] "Fitting mu0 = E[Y|A=0,W]"
[1] "Iteration number: 287"
[1] "pos"
[1] 0.04193944 0.89126027
[1] "Fitting mu0 = E[Y|A=0,W]"
[1] "Iteration number: 288"
[1] "pos"
[1] 0.04469431 0.91055186
[1] "Fitting mu0 = E[Y|A=0,W]"
[1] "Iteration number: 289"
[1] "pos"
[1] 0.04090186 0.90850320
[1] "Fitting mu0 = E[Y|A=0,W]"
[1] "Iteration number: 290"
[1] "pos"
[1] 0.03842223 0.91148017
[1] "Fitting mu0 = E[Y|A=0,W]"
[1] "Iteration number: 291"
[1] "pos"
[1] 0.04917323 0.91042237
[1] "Fitting mu0 = E[Y|A=0,W]"
[1] "Iteration number: 292"
[1] "pos"
[1] 0.04468806 0.91547594
[1] "Fitting mu0 = E[Y|A=0,W]"
[1] "Iteration number: 293"
[1] "pos"
[1] 0.04725693 0.90588982
[1] "Fitting mu0 = E[Y|A=0,W]"
[1] "Iteration number: 294"
[1] "pos"
[1] 0.0400792 0.9075039
[1] "Fitting mu0 = E[Y|A=0,W]"
[1] "Iteration number: 295"
[1] "pos"
[1] 0.04658936 0.89877927
[1] "Fitting mu0 = E[Y|A=0,W]"
[1] "Iteration number: 296"
[1] "pos"
[1] 0.0430394 0.9107471
[1] "Fitting mu0 = E[Y|A=0,W]"
[1] "Iteration number: 297"
[1] "pos"
[1] 0.04084912 0.90341471
[1] "Fitting mu0 = E[Y|A=0,W]"
[1] "Iteration number: 298"
[1] "pos"
[1] 0.04079458 0.91310532
[1] "Fitting mu0 = E[Y|A=0,W]"
[1] "Iteration number: 299"
[1] "pos"
[1] 0.05685296 0.91370909
[1] "Fitting mu0 = E[Y|A=0,W]"
[1] "Iteration number: 300"
[1] "pos"
[1] 0.04289153 0.89099931
[1] "Fitting mu0 = E[Y|A=0,W]"
[1] "Iteration number: 301"
[1] "pos"
[1] 0.0455310 0.9162293
[1] "Fitting mu0 = E[Y|A=0,W]"
[1] "Iteration number: 302"
[1] "pos"
[1] 0.04614781 0.90534859
[1] "Fitting mu0 = E[Y|A=0,W]"
[1] "Iteration number: 303"
[1] "pos"
[1] 0.04212588 0.90962337
[1] "Fitting mu0 = E[Y|A=0,W]"
[1] "Iteration number: 304"
[1] "pos"
[1] 0.03942635 0.89115574
[1] "Fitting mu0 = E[Y|A=0,W]"
[1] "Iteration number: 305"
[1] "pos"
[1] 0.04443977 0.89521529
[1] "Fitting mu0 = E[Y|A=0,W]"
[1] "Iteration number: 306"
[1] "pos"
[1] 0.05631208 0.91258453
[1] "Fitting mu0 = E[Y|A=0,W]"
[1] "Iteration number: 307"
[1] "pos"
[1] 0.04186712 0.90291623
[1] "Fitting mu0 = E[Y|A=0,W]"
[1] "Iteration number: 308"
[1] "pos"
[1] 0.04524046 0.90269222
[1] "Fitting mu0 = E[Y|A=0,W]"
[1] "Iteration number: 309"
[1] "pos"
[1] 0.04980747 0.90499353
[1] "Fitting mu0 = E[Y|A=0,W]"
[1] "Iteration number: 310"
[1] "pos"
[1] 0.0441138 0.8981899
[1] "Fitting mu0 = E[Y|A=0,W]"
[1] "Iteration number: 311"
[1] "pos"
[1] 0.04111108 0.91090018
[1] "Fitting mu0 = E[Y|A=0,W]"
[1] "Iteration number: 312"
[1] "pos"
[1] 0.05298935 0.90603968
[1] "Fitting mu0 = E[Y|A=0,W]"
[1] "Iteration number: 313"
[1] "pos"
[1] 0.04522926 0.91208874
[1] "Fitting mu0 = E[Y|A=0,W]"
[1] "Iteration number: 314"
[1] "pos"
[1] 0.04569163 0.90479483
[1] "Fitting mu0 = E[Y|A=0,W]"
[1] "Iteration number: 315"
[1] "pos"
[1] 0.04244781 0.91179031
[1] "Fitting mu0 = E[Y|A=0,W]"
[1] "Iteration number: 316"
[1] "pos"
[1] 0.03874416 0.91343960
[1] "Fitting mu0 = E[Y|A=0,W]"
[1] "Iteration number: 317"
[1] "pos"
[1] 0.03854307 0.90530687
[1] "Fitting mu0 = E[Y|A=0,W]"
[1] "Iteration number: 318"
[1] "pos"
[1] 0.04672709 0.91420875
[1] "Fitting mu0 = E[Y|A=0,W]"
[1] "Iteration number: 319"
[1] "pos"
[1] 0.04051459 0.91270816
[1] "Fitting mu0 = E[Y|A=0,W]"
[1] "Iteration number: 320"
[1] "pos"
[1] 0.04227421 0.91129983
[1] "Fitting mu0 = E[Y|A=0,W]"
[1] "Iteration number: 321"
[1] "pos"
[1] 0.03927728 0.90264828
[1] "Fitting mu0 = E[Y|A=0,W]"
[1] "Iteration number: 322"
[1] "pos"
[1] 0.04439633 0.91132414
[1] "Fitting mu0 = E[Y|A=0,W]"
[1] "Iteration number: 323"
[1] "pos"
[1] 0.04535963 0.91711574
[1] "Fitting mu0 = E[Y|A=0,W]"
[1] "Iteration number: 324"
[1] "pos"
[1] 0.05371515 0.91500551
[1] "Fitting mu0 = E[Y|A=0,W]"
[1] "Iteration number: 325"
[1] "pos"
[1] 0.04571917 0.90381185
[1] "Fitting mu0 = E[Y|A=0,W]"
[1] "Iteration number: 326"
[1] "pos"
[1] 0.04012124 0.91979801
[1] "Fitting mu0 = E[Y|A=0,W]"
[1] "Iteration number: 327"
[1] "pos"
[1] 0.0506122 0.9046620
[1] "Fitting mu0 = E[Y|A=0,W]"
[1] "Iteration number: 328"
[1] "pos"
[1] 0.03988559 0.89847548
[1] "Fitting mu0 = E[Y|A=0,W]"
[1] "Iteration number: 329"
[1] "pos"
[1] 0.04701021 0.90135252
[1] "Fitting mu0 = E[Y|A=0,W]"
[1] "Iteration number: 330"
[1] "pos"
[1] 0.05523039 0.91064855
[1] "Fitting mu0 = E[Y|A=0,W]"
[1] "Iteration number: 331"
[1] "pos"
[1] 0.04193488 0.90340976
[1] "Fitting mu0 = E[Y|A=0,W]"
[1] "Iteration number: 332"
[1] "pos"
[1] 0.04688902 0.89822801
[1] "Fitting mu0 = E[Y|A=0,W]"
[1] "Iteration number: 333"
[1] "pos"
[1] 0.0426193 0.9166234
[1] "Fitting mu0 = E[Y|A=0,W]"
[1] "Iteration number: 334"
[1] "pos"
[1] 0.04790439 0.90820566
[1] "Fitting mu0 = E[Y|A=0,W]"
[1] "Iteration number: 335"
[1] "pos"
[1] 0.04124179 0.91287108
[1] "Fitting mu0 = E[Y|A=0,W]"
[1] "Iteration number: 336"
[1] "pos"
[1] 0.04481946 0.91388205
[1] "Fitting mu0 = E[Y|A=0,W]"
[1] "Iteration number: 337"
[1] "pos"
[1] 0.04387293 0.89783206
[1] "Fitting mu0 = E[Y|A=0,W]"
[1] "Iteration number: 338"
[1] "pos"
[1] 0.04604168 0.91381623
[1] "Fitting mu0 = E[Y|A=0,W]"
[1] "Iteration number: 339"
[1] "pos"
[1] 0.04962189 0.90954181
[1] "Fitting mu0 = E[Y|A=0,W]"
[1] "Iteration number: 340"
[1] "pos"
[1] 0.0408216 0.8937172
[1] "Fitting mu0 = E[Y|A=0,W]"
[1] "Iteration number: 341"
[1] "pos"
[1] 0.04081131 0.90484988
[1] "Fitting mu0 = E[Y|A=0,W]"
[1] "Iteration number: 342"
[1] "pos"
[1] 0.04364256 0.89971058
[1] "Fitting mu0 = E[Y|A=0,W]"
[1] "Iteration number: 343"
[1] "pos"
[1] 0.04367011 0.91243108
[1] "Fitting mu0 = E[Y|A=0,W]"
[1] "Iteration number: 344"
[1] "pos"
[1] 0.0485478 0.9123172
[1] "Fitting mu0 = E[Y|A=0,W]"
[1] "Iteration number: 345"
[1] "pos"
[1] 0.04894419 0.90265200
[1] "Fitting mu0 = E[Y|A=0,W]"
[1] "Iteration number: 346"
[1] "pos"
[1] 0.05103571 0.91699059
[1] "Fitting mu0 = E[Y|A=0,W]"
[1] "Iteration number: 347"
[1] "pos"
[1] 0.05475567 0.89995014
[1] "Fitting mu0 = E[Y|A=0,W]"
[1] "Iteration number: 348"
[1] "pos"
[1] 0.04299047 0.91234305
[1] "Fitting mu0 = E[Y|A=0,W]"
[1] "Iteration number: 349"
[1] "pos"
[1] 0.04776401 0.91441536
[1] "Fitting mu0 = E[Y|A=0,W]"
[1] "Iteration number: 350"
[1] "pos"
[1] 0.05532931 0.91052458
[1] "Fitting mu0 = E[Y|A=0,W]"
[1] "Iteration number: 351"
[1] "pos"
[1] 0.042635 0.909288
[1] "Fitting mu0 = E[Y|A=0,W]"
[1] "Iteration number: 352"
[1] "pos"
[1] 0.0460709 0.8986944
[1] "Fitting mu0 = E[Y|A=0,W]"
[1] "Iteration number: 353"
[1] "pos"
[1] 0.04160991 0.90310634
[1] "Fitting mu0 = E[Y|A=0,W]"
[1] "Iteration number: 354"
[1] "pos"
[1] 0.04718808 0.90340464
[1] "Fitting mu0 = E[Y|A=0,W]"
[1] "Iteration number: 355"
[1] "pos"
[1] 0.04778469 0.90104886
[1] "Fitting mu0 = E[Y|A=0,W]"
[1] "Iteration number: 356"
[1] "pos"
[1] 0.05300502 0.89942572
[1] "Fitting mu0 = E[Y|A=0,W]"
[1] "Iteration number: 357"
[1] "pos"
[1] 0.04588831 0.91405098
[1] "Fitting mu0 = E[Y|A=0,W]"
[1] "Iteration number: 358"
[1] "pos"
[1] 0.05075759 0.90575515
[1] "Fitting mu0 = E[Y|A=0,W]"
[1] "Iteration number: 359"
[1] "pos"
[1] 0.04719142 0.90610692
[1] "Fitting mu0 = E[Y|A=0,W]"
[1] "Iteration number: 360"
[1] "pos"
[1] 0.05459286 0.89330872
[1] "Fitting mu0 = E[Y|A=0,W]"
[1] "Iteration number: 361"
[1] "pos"
[1] 0.04107814 0.90045651
[1] "Fitting mu0 = E[Y|A=0,W]"
[1] "Iteration number: 362"
[1] "pos"
[1] 0.04458527 0.90975599
[1] "Fitting mu0 = E[Y|A=0,W]"
[1] "Iteration number: 363"
[1] "pos"
[1] 0.04064157 0.89380457
[1] "Fitting mu0 = E[Y|A=0,W]"
[1] "Iteration number: 364"
[1] "pos"
[1] 0.04599929 0.89074775
[1] "Fitting mu0 = E[Y|A=0,W]"
[1] "Iteration number: 365"
[1] "pos"
[1] 0.05195884 0.91550960
[1] "Fitting mu0 = E[Y|A=0,W]"
[1] "Iteration number: 366"
[1] "pos"
[1] 0.04672147 0.90910167
[1] "Fitting mu0 = E[Y|A=0,W]"
[1] "Iteration number: 367"
[1] "pos"
[1] 0.04148531 0.91153280
[1] "Fitting mu0 = E[Y|A=0,W]"
[1] "Iteration number: 368"
[1] "pos"
[1] 0.04386721 0.90312257
[1] "Fitting mu0 = E[Y|A=0,W]"
[1] "Iteration number: 369"
[1] "pos"
[1] 0.04600615 0.88436889
[1] "Fitting mu0 = E[Y|A=0,W]"
[1] "Iteration number: 370"
[1] "pos"
[1] 0.0473589 0.9065283
[1] "Fitting mu0 = E[Y|A=0,W]"
[1] "Iteration number: 371"
[1] "pos"
[1] 0.0532387 0.9145298
[1] "Fitting mu0 = E[Y|A=0,W]"
[1] "Iteration number: 372"
[1] "pos"
[1] 0.04383156 0.89836780
[1] "Fitting mu0 = E[Y|A=0,W]"
[1] "Iteration number: 373"
[1] "pos"
[1] 0.04400288 0.91258247
[1] "Fitting mu0 = E[Y|A=0,W]"
[1] "Iteration number: 374"
[1] "pos"
[1] 0.05599838 0.90376463
[1] "Fitting mu0 = E[Y|A=0,W]"
[1] "Iteration number: 375"
[1] "pos"
[1] 0.04365318 0.91025253
[1] "Fitting mu0 = E[Y|A=0,W]"
[1] "Iteration number: 376"
[1] "pos"
[1] 0.04683037 0.91265593
[1] "Fitting mu0 = E[Y|A=0,W]"
[1] "Iteration number: 377"
[1] "pos"
[1] 0.04974947 0.91051534
[1] "Fitting mu0 = E[Y|A=0,W]"
[1] "Iteration number: 378"
[1] "pos"
[1] 0.04827721 0.90915441
[1] "Fitting mu0 = E[Y|A=0,W]"
[1] "Iteration number: 379"
[1] "pos"
[1] 0.05151739 0.89676751
[1] "Fitting mu0 = E[Y|A=0,W]"
[1] "Iteration number: 380"
[1] "pos"
[1] 0.03899165 0.91355173
[1] "Fitting mu0 = E[Y|A=0,W]"
[1] "Iteration number: 381"
[1] "pos"
[1] 0.04829152 0.90311776
[1] "Fitting mu0 = E[Y|A=0,W]"
[1] "Iteration number: 382"
[1] "pos"
[1] 0.04595216 0.90317783
[1] "Fitting mu0 = E[Y|A=0,W]"
[1] "Iteration number: 383"
[1] "pos"
[1] 0.04068331 0.90978054
[1] "Fitting mu0 = E[Y|A=0,W]"
[1] "Iteration number: 384"
[1] "pos"
[1] 0.04423663 0.90039045
[1] "Fitting mu0 = E[Y|A=0,W]"
[1] "Iteration number: 385"
[1] "pos"
[1] 0.05809869 0.91634925
[1] "Fitting mu0 = E[Y|A=0,W]"
[1] "Iteration number: 386"
[1] "pos"
[1] 0.06187041 0.90022082
[1] "Fitting mu0 = E[Y|A=0,W]"
[1] "Iteration number: 387"
[1] "pos"
[1] 0.04134339 0.91678366
[1] "Fitting mu0 = E[Y|A=0,W]"
[1] "Iteration number: 388"
[1] "pos"
[1] 0.04373779 0.90425723
[1] "Fitting mu0 = E[Y|A=0,W]"
[1] "Iteration number: 389"
[1] "pos"
[1] 0.04503903 0.89770033
[1] "Fitting mu0 = E[Y|A=0,W]"
[1] "Iteration number: 390"
[1] "pos"
[1] 0.04451302 0.90521405
[1] "Fitting mu0 = E[Y|A=0,W]"
[1] "Iteration number: 391"
[1] "pos"
[1] 0.04779265 0.91247389
[1] "Fitting mu0 = E[Y|A=0,W]"
[1] "Iteration number: 392"
[1] "pos"
[1] 0.04879873 0.90677087
[1] "Fitting mu0 = E[Y|A=0,W]"
[1] "Iteration number: 393"
[1] "pos"
[1] 0.04612667 0.91289455
[1] "Fitting mu0 = E[Y|A=0,W]"
[1] "Iteration number: 394"
[1] "pos"
[1] 0.04275001 0.89813853
[1] "Fitting mu0 = E[Y|A=0,W]"
[1] "Iteration number: 395"
[1] "pos"
[1] 0.05318675 0.89562672
[1] "Fitting mu0 = E[Y|A=0,W]"
[1] "Iteration number: 396"
[1] "pos"
[1] 0.04256838 0.90396201
[1] "Fitting mu0 = E[Y|A=0,W]"
[1] "Iteration number: 397"
[1] "pos"
[1] 0.04694356 0.89739507
[1] "Fitting mu0 = E[Y|A=0,W]"
[1] "Iteration number: 398"
[1] "pos"
[1] 0.04561206 0.89942950
[1] "Fitting mu0 = E[Y|A=0,W]"
[1] "Iteration number: 399"
[1] "pos"
[1] 0.03972666 0.91392282
[1] "Fitting mu0 = E[Y|A=0,W]"
[1] "Iteration number: 400"
[1] "pos"
[1] 0.0484456 0.9099649
[1] "Fitting mu0 = E[Y|A=0,W]"
[1] "Iteration number: 401"
[1] "pos"
[1] 0.0532616 0.8857648
[1] "Fitting mu0 = E[Y|A=0,W]"
[1] "Iteration number: 402"
[1] "pos"
[1] 0.04703051 0.90399745
[1] "Fitting mu0 = E[Y|A=0,W]"
[1] "Iteration number: 403"
[1] "pos"
[1] 0.05296421 0.90047371
[1] "Fitting mu0 = E[Y|A=0,W]"
[1] "Iteration number: 404"
[1] "pos"
[1] 0.03967885 0.89630062
[1] "Fitting mu0 = E[Y|A=0,W]"
[1] "Iteration number: 405"
[1] "pos"
[1] 0.04554269 0.89179075
[1] "Fitting mu0 = E[Y|A=0,W]"
[1] "Iteration number: 406"
[1] "pos"
[1] 0.04347168 0.91174734
[1] "Fitting mu0 = E[Y|A=0,W]"
[1] "Iteration number: 407"
[1] "pos"
[1] 0.05447407 0.89602142
[1] "Fitting mu0 = E[Y|A=0,W]"
[1] "Iteration number: 408"
[1] "pos"
[1] 0.04878538 0.91755513
[1] "Fitting mu0 = E[Y|A=0,W]"
[1] "Iteration number: 409"
[1] "pos"
[1] 0.0428566 0.9123020
[1] "Fitting mu0 = E[Y|A=0,W]"
[1] "Iteration number: 410"
[1] "pos"
[1] 0.04148719 0.90018610
[1] "Fitting mu0 = E[Y|A=0,W]"
[1] "Iteration number: 411"
[1] "pos"
[1] 0.04256759 0.89736809
[1] "Fitting mu0 = E[Y|A=0,W]"
[1] "Iteration number: 412"
[1] "pos"
[1] 0.0421509 0.9148870
[1] "Fitting mu0 = E[Y|A=0,W]"
[1] "Iteration number: 413"
[1] "pos"
[1] 0.04836228 0.90078665
[1] "Fitting mu0 = E[Y|A=0,W]"
[1] "Iteration number: 414"
[1] "pos"
[1] 0.05417856 0.90705809
[1] "Fitting mu0 = E[Y|A=0,W]"
[1] "Iteration number: 415"
[1] "pos"
[1] 0.04517449 0.91132144
[1] "Fitting mu0 = E[Y|A=0,W]"
[1] "Iteration number: 416"
[1] "pos"
[1] 0.03965953 0.91112692
[1] "Fitting mu0 = E[Y|A=0,W]"
[1] "Iteration number: 417"
[1] "pos"
[1] 0.04061091 0.89730153
[1] "Fitting mu0 = E[Y|A=0,W]"
[1] "Iteration number: 418"
[1] "pos"
[1] 0.04695332 0.91450895
[1] "Fitting mu0 = E[Y|A=0,W]"
[1] "Iteration number: 419"
[1] "pos"
[1] 0.05311836 0.91044220
[1] "Fitting mu0 = E[Y|A=0,W]"
[1] "Iteration number: 420"
[1] "pos"
[1] 0.05262049 0.90840002
[1] "Fitting mu0 = E[Y|A=0,W]"
[1] "Iteration number: 421"
[1] "pos"
[1] 0.04303527 0.91172239
[1] "Fitting mu0 = E[Y|A=0,W]"
[1] "Iteration number: 422"
[1] "pos"
[1] 0.0516957 0.8996290
[1] "Fitting mu0 = E[Y|A=0,W]"
[1] "Iteration number: 423"
[1] "pos"
[1] 0.04183518 0.90036841
[1] "Fitting mu0 = E[Y|A=0,W]"
[1] "Iteration number: 424"
[1] "pos"
[1] 0.03996464 0.91125203
[1] "Fitting mu0 = E[Y|A=0,W]"
[1] "Iteration number: 425"
[1] "pos"
[1] 0.04436136 0.90223627
[1] "Fitting mu0 = E[Y|A=0,W]"
[1] "Iteration number: 426"
[1] "pos"
[1] 0.03977683 0.90223605
[1] "Fitting mu0 = E[Y|A=0,W]"
[1] "Iteration number: 427"
[1] "pos"
[1] 0.04260447 0.91856016
[1] "Fitting mu0 = E[Y|A=0,W]"
[1] "Iteration number: 428"
[1] "pos"
[1] 0.04590985 0.91624756
[1] "Fitting mu0 = E[Y|A=0,W]"
[1] "Iteration number: 429"
[1] "pos"
[1] 0.05117402 0.90964289
[1] "Fitting mu0 = E[Y|A=0,W]"
[1] "Iteration number: 430"
[1] "pos"
[1] 0.05567176 0.90277431
[1] "Fitting mu0 = E[Y|A=0,W]"
[1] "Iteration number: 431"
[1] "pos"
[1] 0.04336248 0.91067466
[1] "Fitting mu0 = E[Y|A=0,W]"
[1] "Iteration number: 432"
[1] "pos"
[1] 0.05640008 0.91811946
[1] "Fitting mu0 = E[Y|A=0,W]"
[1] "Iteration number: 433"
[1] "pos"
[1] 0.04138695 0.90803245
[1] "Fitting mu0 = E[Y|A=0,W]"
[1] "Iteration number: 434"
[1] "pos"
[1] 0.04723385 0.91534966
[1] "Fitting mu0 = E[Y|A=0,W]"
[1] "Iteration number: 435"
[1] "pos"
[1] 0.0426873 0.9014252
[1] "Fitting mu0 = E[Y|A=0,W]"
[1] "Iteration number: 436"
[1] "pos"
[1] 0.04898982 0.91642713
[1] "Fitting mu0 = E[Y|A=0,W]"
[1] "Iteration number: 437"
[1] "pos"
[1] 0.04228922 0.90455380
[1] "Fitting mu0 = E[Y|A=0,W]"
[1] "Iteration number: 438"
[1] "pos"
[1] 0.04467382 0.91661359
[1] "Fitting mu0 = E[Y|A=0,W]"
[1] "Iteration number: 439"
[1] "pos"
[1] 0.0412961 0.9097371
[1] "Fitting mu0 = E[Y|A=0,W]"
[1] "Iteration number: 440"
[1] "pos"
[1] 0.04725085 0.89894498
[1] "Fitting mu0 = E[Y|A=0,W]"
[1] "Iteration number: 441"
[1] "pos"
[1] 0.0563799 0.9127529
[1] "Fitting mu0 = E[Y|A=0,W]"
[1] "Iteration number: 442"
[1] "pos"
[1] 0.04220982 0.89574800
[1] "Fitting mu0 = E[Y|A=0,W]"
[1] "Iteration number: 443"
[1] "pos"
[1] 0.04007991 0.90849503
[1] "Fitting mu0 = E[Y|A=0,W]"
[1] "Iteration number: 444"
[1] "pos"
[1] 0.03821137 0.90877378
[1] "Fitting mu0 = E[Y|A=0,W]"
[1] "Iteration number: 445"
[1] "pos"
[1] 0.04070719 0.91350845
[1] "Fitting mu0 = E[Y|A=0,W]"
[1] "Iteration number: 446"
[1] "pos"
[1] 0.04938688 0.91685351
[1] "Fitting mu0 = E[Y|A=0,W]"
[1] "Iteration number: 447"
[1] "pos"
[1] 0.0545290 0.9025971
[1] "Fitting mu0 = E[Y|A=0,W]"
[1] "Iteration number: 448"
[1] "pos"
[1] 0.04825934 0.90183127
[1] "Fitting mu0 = E[Y|A=0,W]"
[1] "Iteration number: 449"
[1] "pos"
[1] 0.05050042 0.91478317
[1] "Fitting mu0 = E[Y|A=0,W]"
[1] "Iteration number: 450"
[1] "pos"
[1] 0.04091109 0.90256552
[1] "Fitting mu0 = E[Y|A=0,W]"
[1] "Iteration number: 451"
[1] "pos"
[1] 0.05151068 0.90534371
[1] "Fitting mu0 = E[Y|A=0,W]"
[1] "Iteration number: 452"
[1] "pos"
[1] 0.04751926 0.91310528
[1] "Fitting mu0 = E[Y|A=0,W]"
[1] "Iteration number: 453"
[1] "pos"
[1] 0.04137818 0.89478965
[1] "Fitting mu0 = E[Y|A=0,W]"
[1] "Iteration number: 454"
[1] "pos"
[1] 0.05298199 0.90415106
[1] "Fitting mu0 = E[Y|A=0,W]"
[1] "Iteration number: 455"
[1] "pos"
[1] 0.04386055 0.91481828
[1] "Fitting mu0 = E[Y|A=0,W]"
[1] "Iteration number: 456"
[1] "pos"
[1] 0.05928031 0.91066524
[1] "Fitting mu0 = E[Y|A=0,W]"
[1] "Iteration number: 457"
[1] "pos"
[1] 0.05325408 0.90711236
[1] "Fitting mu0 = E[Y|A=0,W]"
[1] "Iteration number: 458"
[1] "pos"
[1] 0.03934877 0.89495711
[1] "Fitting mu0 = E[Y|A=0,W]"
[1] "Iteration number: 459"
[1] "pos"
[1] 0.0535186 0.9041276
[1] "Fitting mu0 = E[Y|A=0,W]"
[1] "Iteration number: 460"
[1] "pos"
[1] 0.04163907 0.89764830
[1] "Fitting mu0 = E[Y|A=0,W]"
[1] "Iteration number: 461"
[1] "pos"
[1] 0.06224025 0.90797976
[1] "Fitting mu0 = E[Y|A=0,W]"
[1] "Iteration number: 462"
[1] "pos"
[1] 0.05318053 0.90507925
[1] "Fitting mu0 = E[Y|A=0,W]"
[1] "Iteration number: 463"
[1] "pos"
[1] 0.03928096 0.90418845
[1] "Fitting mu0 = E[Y|A=0,W]"
[1] "Iteration number: 464"
[1] "pos"
[1] 0.04595086 0.91204249
[1] "Fitting mu0 = E[Y|A=0,W]"
[1] "Iteration number: 465"
[1] "pos"
[1] 0.04497683 0.90978829
[1] "Fitting mu0 = E[Y|A=0,W]"
[1] "Iteration number: 466"
[1] "pos"
[1] 0.04916028 0.90243546
[1] "Fitting mu0 = E[Y|A=0,W]"
[1] "Iteration number: 467"
[1] "pos"
[1] 0.04443823 0.90556224
[1] "Fitting mu0 = E[Y|A=0,W]"
[1] "Iteration number: 468"
[1] "pos"
[1] 0.05123841 0.91052129
[1] "Fitting mu0 = E[Y|A=0,W]"
[1] "Iteration number: 469"
[1] "pos"
[1] 0.04421966 0.89717472
[1] "Fitting mu0 = E[Y|A=0,W]"
[1] "Iteration number: 470"
[1] "pos"
[1] 0.05116092 0.91155484
[1] "Fitting mu0 = E[Y|A=0,W]"
[1] "Iteration number: 471"
[1] "pos"
[1] 0.04830928 0.91319534
[1] "Fitting mu0 = E[Y|A=0,W]"
[1] "Iteration number: 472"
[1] "pos"
[1] 0.04488304 0.90693349
[1] "Fitting mu0 = E[Y|A=0,W]"
[1] "Iteration number: 473"
[1] "pos"
[1] 0.05102375 0.89659377
[1] "Fitting mu0 = E[Y|A=0,W]"
[1] "Iteration number: 474"
[1] "pos"
[1] 0.0479906 0.9114109
[1] "Fitting mu0 = E[Y|A=0,W]"
[1] "Iteration number: 475"
[1] "pos"
[1] 0.04110676 0.91598672
[1] "Fitting mu0 = E[Y|A=0,W]"
[1] "Iteration number: 476"
[1] "pos"
[1] 0.04739229 0.90833368
[1] "Fitting mu0 = E[Y|A=0,W]"
[1] "Iteration number: 477"
[1] "pos"
[1] 0.05134906 0.90149689
[1] "Fitting mu0 = E[Y|A=0,W]"
[1] "Iteration number: 478"
[1] "pos"
[1] 0.05109485 0.90667950
[1] "Fitting mu0 = E[Y|A=0,W]"
[1] "Iteration number: 479"
[1] "pos"
[1] 0.04191984 0.89921089
[1] "Fitting mu0 = E[Y|A=0,W]"
[1] "Iteration number: 480"
[1] "pos"
[1] 0.04687924 0.91142555
[1] "Fitting mu0 = E[Y|A=0,W]"
[1] "Iteration number: 481"
[1] "pos"
[1] 0.04306612 0.91626979
[1] "Fitting mu0 = E[Y|A=0,W]"
[1] "Iteration number: 482"
[1] "pos"
[1] 0.0483270 0.9010955
[1] "Fitting mu0 = E[Y|A=0,W]"
[1] "Iteration number: 483"
[1] "pos"
[1] 0.04106928 0.91415511
[1] "Fitting mu0 = E[Y|A=0,W]"
[1] "Iteration number: 484"
[1] "pos"
[1] 0.03950216 0.90175903
[1] "Fitting mu0 = E[Y|A=0,W]"
[1] "Iteration number: 485"
[1] "pos"
[1] 0.04004318 0.88913670
[1] "Fitting mu0 = E[Y|A=0,W]"
[1] "Iteration number: 486"
[1] "pos"
[1] 0.0518905 0.9020408
[1] "Fitting mu0 = E[Y|A=0,W]"
[1] "Iteration number: 487"
[1] "pos"
[1] 0.05489501 0.91137265
[1] "Fitting mu0 = E[Y|A=0,W]"
[1] "Iteration number: 488"
[1] "pos"
[1] 0.04529527 0.90357500
[1] "Fitting mu0 = E[Y|A=0,W]"
[1] "Iteration number: 489"
[1] "pos"
[1] 0.04889849 0.91070636
[1] "Fitting mu0 = E[Y|A=0,W]"
[1] "Iteration number: 490"
[1] "pos"
[1] 0.05087095 0.88729613
[1] "Fitting mu0 = E[Y|A=0,W]"
[1] "Iteration number: 491"
[1] "pos"
[1] 0.05081377 0.90257378
[1] "Fitting mu0 = E[Y|A=0,W]"
[1] "Iteration number: 492"
[1] "pos"
[1] 0.04516956 0.90889780
[1] "Fitting mu0 = E[Y|A=0,W]"
[1] "Iteration number: 493"
[1] "pos"
[1] 0.04823494 0.90805884
[1] "Fitting mu0 = E[Y|A=0,W]"
[1] "Iteration number: 494"
[1] "pos"
[1] 0.06281652 0.90341440
[1] "Fitting mu0 = E[Y|A=0,W]"
[1] "Iteration number: 495"
[1] "pos"
[1] 0.04395283 0.90873237
[1] "Fitting mu0 = E[Y|A=0,W]"
[1] "Iteration number: 496"
[1] "pos"
[1] 0.0441705 0.8871262
[1] "Fitting mu0 = E[Y|A=0,W]"
[1] "Iteration number: 497"
[1] "pos"
[1] 0.04047546 0.90366118
[1] "Fitting mu0 = E[Y|A=0,W]"
[1] "Iteration number: 498"
[1] "pos"
[1] 0.0445834 0.8936229
[1] "Fitting mu0 = E[Y|A=0,W]"
[1] "Iteration number: 499"
[1] "pos"
[1] 0.04123263 0.91041313
[1] "Fitting mu0 = E[Y|A=0,W]"
[1] "Iteration number: 500"
[1] "pos"
[1] 0.05152013 0.89748322
[1] "Fitting mu0 = E[Y|A=0,W]"
[1] "Iteration number: 501"
[1] "pos"
[1] 0.05103742 0.89784795
[1] "Fitting mu0 = E[Y|A=0,W]"
[1] "Iteration number: 502"
[1] "pos"
[1] 0.05091435 0.91162531
[1] "Fitting mu0 = E[Y|A=0,W]"
[1] "Iteration number: 503"
[1] "pos"
[1] 0.04697193 0.89864285
[1] "Fitting mu0 = E[Y|A=0,W]"
[1] "Iteration number: 504"
[1] "pos"
[1] 0.05350946 0.90669014
[1] "Fitting mu0 = E[Y|A=0,W]"
[1] "Iteration number: 505"
[1] "pos"
[1] 0.04930613 0.88900946
[1] "Fitting mu0 = E[Y|A=0,W]"
[1] "Iteration number: 506"
[1] "pos"
[1] 0.04727183 0.91186727
[1] "Fitting mu0 = E[Y|A=0,W]"
[1] "Iteration number: 507"
[1] "pos"
[1] 0.05391969 0.91573421
[1] "Fitting mu0 = E[Y|A=0,W]"
[1] "Iteration number: 508"
[1] "pos"
[1] 0.04148263 0.91706848
[1] "Fitting mu0 = E[Y|A=0,W]"
[1] "Iteration number: 509"
[1] "pos"
[1] 0.04383712 0.91092679
[1] "Fitting mu0 = E[Y|A=0,W]"
[1] "Iteration number: 510"
[1] "pos"
[1] 0.04323997 0.91898844
[1] "Fitting mu0 = E[Y|A=0,W]"
[1] "Iteration number: 511"
[1] "pos"
[1] 0.05015576 0.91718255
[1] "Fitting mu0 = E[Y|A=0,W]"
[1] "Iteration number: 512"
[1] "pos"
[1] 0.0420104 0.9011376
[1] "Fitting mu0 = E[Y|A=0,W]"
[1] "Iteration number: 513"
[1] "pos"
[1] 0.05401318 0.91060346
[1] "Fitting mu0 = E[Y|A=0,W]"
[1] "Iteration number: 514"
[1] "pos"
[1] 0.04144508 0.91129376
[1] "Fitting mu0 = E[Y|A=0,W]"
[1] "Iteration number: 515"
[1] "pos"
[1] 0.04504521 0.88804278
[1] "Fitting mu0 = E[Y|A=0,W]"
[1] "Iteration number: 516"
[1] "pos"
[1] 0.04139153 0.90712308
[1] "Fitting mu0 = E[Y|A=0,W]"
[1] "Iteration number: 517"
[1] "pos"
[1] 0.0404365 0.9095855
[1] "Fitting mu0 = E[Y|A=0,W]"
[1] "Iteration number: 518"
[1] "pos"
[1] 0.05393506 0.91636194
[1] "Fitting mu0 = E[Y|A=0,W]"
[1] "Iteration number: 519"
[1] "pos"
[1] 0.04410269 0.91066365
[1] "Fitting mu0 = E[Y|A=0,W]"
[1] "Iteration number: 520"
[1] "pos"
[1] 0.03885531 0.91406858
[1] "Fitting mu0 = E[Y|A=0,W]"
[1] "Iteration number: 521"
[1] "pos"
[1] 0.04838914 0.89937206
[1] "Fitting mu0 = E[Y|A=0,W]"
[1] "Iteration number: 522"
[1] "pos"
[1] 0.04343055 0.90636995
[1] "Fitting mu0 = E[Y|A=0,W]"
[1] "Iteration number: 523"
[1] "pos"
[1] 0.04246553 0.90161727
[1] "Fitting mu0 = E[Y|A=0,W]"
[1] "Iteration number: 524"
[1] "pos"
[1] 0.04501463 0.90434492
[1] "Fitting mu0 = E[Y|A=0,W]"
[1] "Iteration number: 525"
[1] "pos"
[1] 0.04572455 0.91271601
[1] "Fitting mu0 = E[Y|A=0,W]"
[1] "Iteration number: 526"
[1] "pos"
[1] 0.04664931 0.90752035
[1] "Fitting mu0 = E[Y|A=0,W]"
[1] "Iteration number: 527"
[1] "pos"
[1] 0.04829605 0.90034321
[1] "Fitting mu0 = E[Y|A=0,W]"
[1] "Iteration number: 528"
[1] "pos"
[1] 0.04484387 0.91124042
[1] "Fitting mu0 = E[Y|A=0,W]"
[1] "Iteration number: 529"
[1] "pos"
[1] 0.04292879 0.90102022
[1] "Fitting mu0 = E[Y|A=0,W]"
[1] "Iteration number: 530"
[1] "pos"
[1] 0.04554558 0.91864755
[1] "Fitting mu0 = E[Y|A=0,W]"
[1] "Iteration number: 531"
[1] "pos"
[1] 0.0403487 0.9166927
[1] "Fitting mu0 = E[Y|A=0,W]"
[1] "Iteration number: 532"
[1] "pos"
[1] 0.04420701 0.90695618
[1] "Fitting mu0 = E[Y|A=0,W]"
[1] "Iteration number: 533"
[1] "pos"
[1] 0.04726658 0.89525489
[1] "Fitting mu0 = E[Y|A=0,W]"
[1] "Iteration number: 534"
[1] "pos"
[1] 0.04433103 0.91441596
[1] "Fitting mu0 = E[Y|A=0,W]"
[1] "Iteration number: 535"
[1] "pos"
[1] 0.0557878 0.9156627
[1] "Fitting mu0 = E[Y|A=0,W]"
[1] "Iteration number: 536"
[1] "pos"
[1] 0.04548058 0.90572324
[1] "Fitting mu0 = E[Y|A=0,W]"
[1] "Iteration number: 537"
[1] "pos"
[1] 0.04493585 0.91874029
[1] "Fitting mu0 = E[Y|A=0,W]"
[1] "Iteration number: 538"
[1] "pos"
[1] 0.05383945 0.90077645
[1] "Fitting mu0 = E[Y|A=0,W]"
[1] "Iteration number: 539"
[1] "pos"
[1] 0.04733705 0.91382233
[1] "Fitting mu0 = E[Y|A=0,W]"
[1] "Iteration number: 540"
[1] "pos"
[1] 0.04378397 0.89355260
[1] "Fitting mu0 = E[Y|A=0,W]"
[1] "Iteration number: 541"
[1] "pos"
[1] 0.04132503 0.90808537
[1] "Fitting mu0 = E[Y|A=0,W]"
[1] "Iteration number: 542"
[1] "pos"
[1] 0.05034607 0.90586797
[1] "Fitting mu0 = E[Y|A=0,W]"
[1] "Iteration number: 543"
[1] "pos"
[1] 0.04394449 0.91755139
[1] "Fitting mu0 = E[Y|A=0,W]"
[1] "Iteration number: 544"
[1] "pos"
[1] 0.04235749 0.89688312
[1] "Fitting mu0 = E[Y|A=0,W]"
[1] "Iteration number: 545"
[1] "pos"
[1] 0.04234516 0.91550193
[1] "Fitting mu0 = E[Y|A=0,W]"
[1] "Iteration number: 546"
[1] "pos"
[1] 0.03929081 0.91915920
[1] "Fitting mu0 = E[Y|A=0,W]"
[1] "Iteration number: 547"
[1] "pos"
[1] 0.04369063 0.90743486
[1] "Fitting mu0 = E[Y|A=0,W]"
[1] "Iteration number: 548"
[1] "pos"
[1] 0.0424944 0.9112890
[1] "Fitting mu0 = E[Y|A=0,W]"
[1] "Iteration number: 549"
[1] "pos"
[1] 0.03974892 0.89694928
[1] "Fitting mu0 = E[Y|A=0,W]"
[1] "Iteration number: 550"
[1] "pos"
[1] 0.04226155 0.91643494
[1] "Fitting mu0 = E[Y|A=0,W]"
[1] "Iteration number: 551"
[1] "pos"
[1] 0.0502653 0.9146355
[1] "Fitting mu0 = E[Y|A=0,W]"
[1] "Iteration number: 552"
[1] "pos"
[1] 0.0436106 0.9030777
[1] "Fitting mu0 = E[Y|A=0,W]"
[1] "Iteration number: 553"
[1] "pos"
[1] 0.04489952 0.91743030
[1] "Fitting mu0 = E[Y|A=0,W]"
[1] "Iteration number: 554"
[1] "pos"
[1] 0.04706377 0.89261717
[1] "Fitting mu0 = E[Y|A=0,W]"
[1] "Iteration number: 555"
[1] "pos"
[1] 0.04151088 0.90796863
[1] "Fitting mu0 = E[Y|A=0,W]"
[1] "Iteration number: 556"
[1] "pos"
[1] 0.05242734 0.89709765
[1] "Fitting mu0 = E[Y|A=0,W]"
[1] "Iteration number: 557"
[1] "pos"
[1] 0.0488899 0.9060394
[1] "Fitting mu0 = E[Y|A=0,W]"
[1] "Iteration number: 558"
[1] "pos"
[1] 0.04507157 0.90583559
[1] "Fitting mu0 = E[Y|A=0,W]"
[1] "Iteration number: 559"
[1] "pos"
[1] 0.04094072 0.91379791
[1] "Fitting mu0 = E[Y|A=0,W]"
[1] "Iteration number: 560"
[1] "pos"
[1] 0.03970057 0.90181927
[1] "Fitting mu0 = E[Y|A=0,W]"
[1] "Iteration number: 561"
[1] "pos"
[1] 0.04724809 0.91662986
[1] "Fitting mu0 = E[Y|A=0,W]"
[1] "Iteration number: 562"
[1] "pos"
[1] 0.04873876 0.88187035
[1] "Fitting mu0 = E[Y|A=0,W]"
[1] "Iteration number: 563"
[1] "pos"
[1] 0.04237823 0.91927213
[1] "Fitting mu0 = E[Y|A=0,W]"
[1] "Iteration number: 564"
[1] "pos"
[1] 0.04443971 0.91401191
[1] "Fitting mu0 = E[Y|A=0,W]"
[1] "Iteration number: 565"
[1] "pos"
[1] 0.04837504 0.91296934
[1] "Fitting mu0 = E[Y|A=0,W]"
[1] "Iteration number: 566"
[1] "pos"
[1] 0.04810542 0.90925883
[1] "Fitting mu0 = E[Y|A=0,W]"
[1] "Iteration number: 567"
[1] "pos"
[1] 0.04390451 0.90249807
[1] "Fitting mu0 = E[Y|A=0,W]"
[1] "Iteration number: 568"
[1] "pos"
[1] 0.04233446 0.91071157
[1] "Fitting mu0 = E[Y|A=0,W]"
[1] "Iteration number: 569"
[1] "pos"
[1] 0.04526635 0.90678240
[1] "Fitting mu0 = E[Y|A=0,W]"
[1] "Iteration number: 570"
[1] "pos"
[1] 0.05288667 0.90615673
[1] "Fitting mu0 = E[Y|A=0,W]"
[1] "Iteration number: 571"
[1] "pos"
[1] 0.06305558 0.90492635
[1] "Fitting mu0 = E[Y|A=0,W]"
[1] "Iteration number: 572"
[1] "pos"
[1] 0.04986476 0.90387737
[1] "Fitting mu0 = E[Y|A=0,W]"
[1] "Iteration number: 573"
[1] "pos"
[1] 0.04140565 0.91385055
[1] "Fitting mu0 = E[Y|A=0,W]"
[1] "Iteration number: 574"
[1] "pos"
[1] 0.05030316 0.91258747
[1] "Fitting mu0 = E[Y|A=0,W]"
[1] "Iteration number: 575"
[1] "pos"
[1] 0.04034819 0.91994255
[1] "Fitting mu0 = E[Y|A=0,W]"
[1] "Iteration number: 576"
[1] "pos"
[1] 0.04213679 0.91912488
[1] "Fitting mu0 = E[Y|A=0,W]"
[1] "Iteration number: 577"
[1] "pos"
[1] 0.04165543 0.89930124
[1] "Fitting mu0 = E[Y|A=0,W]"
[1] "Iteration number: 578"
[1] "pos"
[1] 0.0418207 0.9067832
[1] "Fitting mu0 = E[Y|A=0,W]"
[1] "Iteration number: 579"
[1] "pos"
[1] 0.04348358 0.90619484
[1] "Fitting mu0 = E[Y|A=0,W]"
[1] "Iteration number: 580"
[1] "pos"
[1] 0.04891499 0.91203791
[1] "Fitting mu0 = E[Y|A=0,W]"
[1] "Iteration number: 581"
[1] "pos"
[1] 0.04458279 0.89039510
[1] "Fitting mu0 = E[Y|A=0,W]"
[1] "Iteration number: 582"
[1] "pos"
[1] 0.04724008 0.91405114
[1] "Fitting mu0 = E[Y|A=0,W]"
[1] "Iteration number: 583"
[1] "pos"
[1] 0.04376532 0.91161959
[1] "Fitting mu0 = E[Y|A=0,W]"
[1] "Iteration number: 584"
[1] "pos"
[1] 0.04492104 0.90516274
[1] "Fitting mu0 = E[Y|A=0,W]"
[1] "Iteration number: 585"
[1] "pos"
[1] 0.05015509 0.91259968
[1] "Fitting mu0 = E[Y|A=0,W]"
[1] "Iteration number: 586"
[1] "pos"
[1] 0.04499661 0.90682339
[1] "Fitting mu0 = E[Y|A=0,W]"
[1] "Iteration number: 587"
[1] "pos"
[1] 0.05389074 0.92008839
[1] "Fitting mu0 = E[Y|A=0,W]"
[1] "Iteration number: 588"
[1] "pos"
[1] 0.04567553 0.90733507
[1] "Fitting mu0 = E[Y|A=0,W]"
[1] "Iteration number: 589"
[1] "pos"
[1] 0.05528669 0.89525789
[1] "Fitting mu0 = E[Y|A=0,W]"
[1] "Iteration number: 590"
[1] "pos"
[1] 0.04469327 0.89827818
[1] "Fitting mu0 = E[Y|A=0,W]"
[1] "Iteration number: 591"
[1] "pos"
[1] 0.04045789 0.88682008
[1] "Fitting mu0 = E[Y|A=0,W]"
[1] "Iteration number: 592"
[1] "pos"
[1] 0.04663986 0.91780061
[1] "Fitting mu0 = E[Y|A=0,W]"
[1] "Iteration number: 593"
[1] "pos"
[1] 0.05517358 0.90908218
[1] "Fitting mu0 = E[Y|A=0,W]"
[1] "Iteration number: 594"
[1] "pos"
[1] 0.04245818 0.89177806
[1] "Fitting mu0 = E[Y|A=0,W]"
[1] "Iteration number: 595"
[1] "pos"
[1] 0.04668352 0.90485467
[1] "Fitting mu0 = E[Y|A=0,W]"
[1] "Iteration number: 596"
[1] "pos"
[1] 0.04119622 0.91118118
[1] "Fitting mu0 = E[Y|A=0,W]"
[1] "Iteration number: 597"
[1] "pos"
[1] 0.0425901 0.8936600
[1] "Fitting mu0 = E[Y|A=0,W]"
[1] "Iteration number: 598"
[1] "pos"
[1] 0.04540218 0.90890067
[1] "Fitting mu0 = E[Y|A=0,W]"
[1] "Iteration number: 599"
[1] "pos"
[1] 0.05382086 0.91833435
[1] "Fitting mu0 = E[Y|A=0,W]"
[1] "Iteration number: 600"
[1] "pos"
[1] 0.04626009 0.89943068
[1] "Fitting mu0 = E[Y|A=0,W]"
[1] "Iteration number: 601"
[1] "pos"
[1] 0.05196009 0.91522693
[1] "Fitting mu0 = E[Y|A=0,W]"
[1] "Iteration number: 602"
[1] "pos"
[1] 0.0513239 0.9105913
[1] "Fitting mu0 = E[Y|A=0,W]"
[1] "Iteration number: 603"
[1] "pos"
[1] 0.04953921 0.90003239
[1] "Fitting mu0 = E[Y|A=0,W]"
[1] "Iteration number: 604"
[1] "pos"
[1] 0.05038624 0.91661223
[1] "Fitting mu0 = E[Y|A=0,W]"
[1] "Iteration number: 605"
[1] "pos"
[1] 0.04850773 0.91269638
[1] "Fitting mu0 = E[Y|A=0,W]"
[1] "Iteration number: 606"
[1] "pos"
[1] 0.05970143 0.91131185
[1] "Fitting mu0 = E[Y|A=0,W]"
[1] "Iteration number: 607"
[1] "pos"
[1] 0.04185417 0.91272705
[1] "Fitting mu0 = E[Y|A=0,W]"
[1] "Iteration number: 608"
[1] "pos"
[1] 0.0456910 0.9174026
[1] "Fitting mu0 = E[Y|A=0,W]"
[1] "Iteration number: 609"
[1] "pos"
[1] 0.04094983 0.90819688
[1] "Fitting mu0 = E[Y|A=0,W]"
[1] "Iteration number: 610"
[1] "pos"
[1] 0.04464402 0.89925601
[1] "Fitting mu0 = E[Y|A=0,W]"
[1] "Iteration number: 611"
[1] "pos"
[1] 0.04607122 0.91271011
[1] "Fitting mu0 = E[Y|A=0,W]"
[1] "Iteration number: 612"
[1] "pos"
[1] 0.04705732 0.89754261
[1] "Fitting mu0 = E[Y|A=0,W]"
[1] "Iteration number: 613"
[1] "pos"
[1] 0.04210832 0.90429331
[1] "Fitting mu0 = E[Y|A=0,W]"
[1] "Iteration number: 614"
[1] "pos"
[1] 0.04670974 0.90591972
[1] "Fitting mu0 = E[Y|A=0,W]"
[1] "Iteration number: 615"
[1] "pos"
[1] 0.05607887 0.90926118
[1] "Fitting mu0 = E[Y|A=0,W]"
[1] "Iteration number: 616"
[1] "pos"
[1] 0.0443784 0.9114809
[1] "Fitting mu0 = E[Y|A=0,W]"
[1] "Iteration number: 617"
[1] "pos"
[1] 0.0468952 0.9038014
[1] "Fitting mu0 = E[Y|A=0,W]"
[1] "Iteration number: 618"
[1] "pos"
[1] 0.0427739 0.9117494
[1] "Fitting mu0 = E[Y|A=0,W]"
[1] "Iteration number: 619"
[1] "pos"
[1] 0.06078843 0.90432977
[1] "Fitting mu0 = E[Y|A=0,W]"
[1] "Iteration number: 620"
[1] "pos"
[1] 0.05141489 0.90873577
[1] "Fitting mu0 = E[Y|A=0,W]"
[1] "Iteration number: 621"
[1] "pos"
[1] 0.04655757 0.90916576
[1] "Fitting mu0 = E[Y|A=0,W]"
[1] "Iteration number: 622"
[1] "pos"
[1] 0.04024741 0.90040499
[1] "Fitting mu0 = E[Y|A=0,W]"
[1] "Iteration number: 623"
[1] "pos"
[1] 0.04085257 0.89428992
[1] "Fitting mu0 = E[Y|A=0,W]"
[1] "Iteration number: 624"
[1] "pos"
[1] 0.05436914 0.90961358
[1] "Fitting mu0 = E[Y|A=0,W]"
[1] "Iteration number: 625"
[1] "pos"
[1] 0.0492161 0.9000767
[1] "Fitting mu0 = E[Y|A=0,W]"
[1] "Iteration number: 626"
[1] "pos"
[1] 0.04411378 0.88704693
[1] "Fitting mu0 = E[Y|A=0,W]"
[1] "Iteration number: 627"
[1] "pos"
[1] 0.04282347 0.90756289
[1] "Fitting mu0 = E[Y|A=0,W]"
[1] "Iteration number: 628"
[1] "pos"
[1] 0.03935998 0.91693291
[1] "Fitting mu0 = E[Y|A=0,W]"
[1] "Iteration number: 629"
[1] "pos"
[1] 0.04141979 0.90107096
[1] "Fitting mu0 = E[Y|A=0,W]"
[1] "Iteration number: 630"
[1] "pos"
[1] 0.04925367 0.90464127
[1] "Fitting mu0 = E[Y|A=0,W]"
[1] "Iteration number: 631"
[1] "pos"
[1] 0.04283214 0.91519010
[1] "Fitting mu0 = E[Y|A=0,W]"
[1] "Iteration number: 632"
[1] "pos"
[1] 0.0511620 0.9103022
[1] "Fitting mu0 = E[Y|A=0,W]"
[1] "Iteration number: 633"
[1] "pos"
[1] 0.04928998 0.91836641
[1] "Fitting mu0 = E[Y|A=0,W]"
[1] "Iteration number: 634"
[1] "pos"
[1] 0.05355888 0.89494707
[1] "Fitting mu0 = E[Y|A=0,W]"
[1] "Iteration number: 635"
[1] "pos"
[1] 0.04096791 0.90530282
[1] "Fitting mu0 = E[Y|A=0,W]"
[1] "Iteration number: 636"
[1] "pos"
[1] 0.05671761 0.90109633
[1] "Fitting mu0 = E[Y|A=0,W]"
[1] "Iteration number: 637"
[1] "pos"
[1] 0.04558681 0.91294073
[1] "Fitting mu0 = E[Y|A=0,W]"
[1] "Iteration number: 638"
[1] "pos"
[1] 0.05234097 0.91643310
[1] "Fitting mu0 = E[Y|A=0,W]"
[1] "Iteration number: 639"
[1] "pos"
[1] 0.04676789 0.91519666
[1] "Fitting mu0 = E[Y|A=0,W]"
[1] "Iteration number: 640"
[1] "pos"
[1] 0.04587872 0.89932406
[1] "Fitting mu0 = E[Y|A=0,W]"
[1] "Iteration number: 641"
[1] "pos"
[1] 0.04910603 0.90647694
[1] "Fitting mu0 = E[Y|A=0,W]"
[1] "Iteration number: 642"
[1] "pos"
[1] 0.0480378 0.9101771
[1] "Fitting mu0 = E[Y|A=0,W]"
[1] "Iteration number: 643"
[1] "pos"
[1] 0.04455537 0.91196338
[1] "Fitting mu0 = E[Y|A=0,W]"
[1] "Iteration number: 644"
[1] "pos"
[1] 0.0523447 0.9166429
[1] "Fitting mu0 = E[Y|A=0,W]"
[1] "Iteration number: 645"
[1] "pos"
[1] 0.0404777 0.9118552
[1] "Fitting mu0 = E[Y|A=0,W]"
[1] "Iteration number: 646"
[1] "pos"
[1] 0.04465866 0.91279355
[1] "Fitting mu0 = E[Y|A=0,W]"
[1] "Iteration number: 647"
[1] "pos"
[1] 0.04837957 0.91845484
[1] "Fitting mu0 = E[Y|A=0,W]"
[1] "Iteration number: 648"
[1] "pos"
[1] 0.04317619 0.90654933
[1] "Fitting mu0 = E[Y|A=0,W]"
[1] "Iteration number: 649"
[1] "pos"
[1] 0.05047597 0.91385300
[1] "Fitting mu0 = E[Y|A=0,W]"
[1] "Iteration number: 650"
[1] "pos"
[1] 0.04526479 0.90298349
[1] "Fitting mu0 = E[Y|A=0,W]"
[1] "Iteration number: 651"
[1] "pos"
[1] 0.0481111 0.9073149
[1] "Fitting mu0 = E[Y|A=0,W]"
[1] "Iteration number: 652"
[1] "pos"
[1] 0.07393175 0.91084959
[1] "Fitting mu0 = E[Y|A=0,W]"
[1] "Iteration number: 653"
[1] "pos"
[1] 0.04376786 0.89171007
[1] "Fitting mu0 = E[Y|A=0,W]"
[1] "Iteration number: 654"
[1] "pos"
[1] 0.04921181 0.89464261
[1] "Fitting mu0 = E[Y|A=0,W]"
[1] "Iteration number: 655"
[1] "pos"
[1] 0.04213188 0.89266845
[1] "Fitting mu0 = E[Y|A=0,W]"
[1] "Iteration number: 656"
[1] "pos"
[1] 0.04306536 0.89635367
[1] "Fitting mu0 = E[Y|A=0,W]"
[1] "Iteration number: 657"
[1] "pos"
[1] 0.06079539 0.89969082
[1] "Fitting mu0 = E[Y|A=0,W]"
[1] "Iteration number: 658"
[1] "pos"
[1] 0.04901056 0.89533452
[1] "Fitting mu0 = E[Y|A=0,W]"
[1] "Iteration number: 659"
[1] "pos"
[1] 0.04143704 0.88357565
[1] "Fitting mu0 = E[Y|A=0,W]"
[1] "Iteration number: 660"
[1] "pos"
[1] 0.04311334 0.90053982
[1] "Fitting mu0 = E[Y|A=0,W]"
[1] "Iteration number: 661"
[1] "pos"
[1] 0.04912887 0.91007648
[1] "Fitting mu0 = E[Y|A=0,W]"
[1] "Iteration number: 662"
[1] "pos"
[1] 0.05483825 0.89674067
[1] "Fitting mu0 = E[Y|A=0,W]"
[1] "Iteration number: 663"
[1] "pos"
[1] 0.04809845 0.91609647
[1] "Fitting mu0 = E[Y|A=0,W]"
[1] "Iteration number: 664"
[1] "pos"
[1] 0.04365491 0.91415011
[1] "Fitting mu0 = E[Y|A=0,W]"
[1] "Iteration number: 665"
[1] "pos"
[1] 0.0453629 0.9127394
[1] "Fitting mu0 = E[Y|A=0,W]"
[1] "Iteration number: 666"
[1] "pos"
[1] 0.04697124 0.90368546
[1] "Fitting mu0 = E[Y|A=0,W]"
[1] "Iteration number: 667"
[1] "pos"
[1] 0.04305241 0.89219368
[1] "Fitting mu0 = E[Y|A=0,W]"
[1] "Iteration number: 668"
[1] "pos"
[1] 0.04444614 0.90895808
[1] "Fitting mu0 = E[Y|A=0,W]"
[1] "Iteration number: 669"
[1] "pos"
[1] 0.03960197 0.90700827
[1] "Fitting mu0 = E[Y|A=0,W]"
[1] "Iteration number: 670"
[1] "pos"
[1] 0.05966885 0.90945288
[1] "Fitting mu0 = E[Y|A=0,W]"
[1] "Iteration number: 671"
[1] "pos"
[1] 0.04749443 0.90256461
[1] "Fitting mu0 = E[Y|A=0,W]"
[1] "Iteration number: 672"
[1] "pos"
[1] 0.04703042 0.90886780
[1] "Fitting mu0 = E[Y|A=0,W]"
[1] "Iteration number: 673"
[1] "pos"
[1] 0.04074993 0.90158945
[1] "Fitting mu0 = E[Y|A=0,W]"
[1] "Iteration number: 674"
[1] "pos"
[1] 0.04899252 0.88936171
[1] "Fitting mu0 = E[Y|A=0,W]"
[1] "Iteration number: 675"
[1] "pos"
[1] 0.0389310 0.9139843
[1] "Fitting mu0 = E[Y|A=0,W]"
[1] "Iteration number: 676"
[1] "pos"
[1] 0.04940804 0.90412506
[1] "Fitting mu0 = E[Y|A=0,W]"
[1] "Iteration number: 677"
[1] "pos"
[1] 0.04056184 0.91186375
[1] "Fitting mu0 = E[Y|A=0,W]"
[1] "Iteration number: 678"
[1] "pos"
[1] 0.05288511 0.91274444
[1] "Fitting mu0 = E[Y|A=0,W]"
[1] "Iteration number: 679"
[1] "pos"
[1] 0.04140207 0.90794853
[1] "Fitting mu0 = E[Y|A=0,W]"
[1] "Iteration number: 680"
[1] "pos"
[1] 0.04930846 0.89912272
[1] "Fitting mu0 = E[Y|A=0,W]"
[1] "Iteration number: 681"
[1] "pos"
[1] 0.04673395 0.90296304
[1] "Fitting mu0 = E[Y|A=0,W]"
[1] "Iteration number: 682"
[1] "pos"
[1] 0.04850662 0.90911928
[1] "Fitting mu0 = E[Y|A=0,W]"
[1] "Iteration number: 683"
[1] "pos"
[1] 0.04301354 0.90614971
[1] "Fitting mu0 = E[Y|A=0,W]"
[1] "Iteration number: 684"
[1] "pos"
[1] 0.04454708 0.90870813
[1] "Fitting mu0 = E[Y|A=0,W]"
[1] "Iteration number: 685"
[1] "pos"
[1] 0.05057621 0.90031344
[1] "Fitting mu0 = E[Y|A=0,W]"
[1] "Iteration number: 686"
[1] "pos"
[1] 0.04717525 0.89350371
[1] "Fitting mu0 = E[Y|A=0,W]"
[1] "Iteration number: 687"
[1] "pos"
[1] 0.04023757 0.90586445
[1] "Fitting mu0 = E[Y|A=0,W]"
[1] "Iteration number: 688"
[1] "pos"
[1] 0.04046692 0.91601742
[1] "Fitting mu0 = E[Y|A=0,W]"
[1] "Iteration number: 689"
[1] "pos"
[1] 0.04140797 0.91494105
[1] "Fitting mu0 = E[Y|A=0,W]"
[1] "Iteration number: 690"
[1] "pos"
[1] 0.04186931 0.90264488
[1] "Fitting mu0 = E[Y|A=0,W]"
[1] "Iteration number: 691"
[1] "pos"
[1] 0.06165692 0.90777976
[1] "Fitting mu0 = E[Y|A=0,W]"
[1] "Iteration number: 692"
[1] "pos"
[1] 0.0446574 0.8920331
[1] "Fitting mu0 = E[Y|A=0,W]"
[1] "Iteration number: 693"
[1] "pos"
[1] 0.04188301 0.90858520
[1] "Fitting mu0 = E[Y|A=0,W]"
[1] "Iteration number: 694"
[1] "pos"
[1] 0.05381452 0.90217943
[1] "Fitting mu0 = E[Y|A=0,W]"
[1] "Iteration number: 695"
[1] "pos"
[1] 0.05140705 0.89084278
[1] "Fitting mu0 = E[Y|A=0,W]"
[1] "Iteration number: 696"
[1] "pos"
[1] 0.04194762 0.91051867
[1] "Fitting mu0 = E[Y|A=0,W]"
[1] "Iteration number: 697"
[1] "pos"
[1] 0.04314284 0.90488852
[1] "Fitting mu0 = E[Y|A=0,W]"
[1] "Iteration number: 698"
[1] "pos"
[1] 0.04701523 0.91227548
[1] "Fitting mu0 = E[Y|A=0,W]"
[1] "Iteration number: 699"
[1] "pos"
[1] 0.0404239 0.9025210
[1] "Fitting mu0 = E[Y|A=0,W]"
[1] "Iteration number: 700"
[1] "pos"
[1] 0.0438673 0.9142309
[1] "Fitting mu0 = E[Y|A=0,W]"
[1] "Iteration number: 701"
[1] "pos"
[1] 0.04726794 0.91097111
[1] "Fitting mu0 = E[Y|A=0,W]"
[1] "Iteration number: 702"
[1] "pos"
[1] 0.04390941 0.91551022
[1] "Fitting mu0 = E[Y|A=0,W]"
[1] "Iteration number: 703"
[1] "pos"
[1] 0.0449293 0.9103918
[1] "Fitting mu0 = E[Y|A=0,W]"
[1] "Iteration number: 704"
[1] "pos"
[1] 0.04929085 0.90972104
[1] "Fitting mu0 = E[Y|A=0,W]"
[1] "Iteration number: 705"
[1] "pos"
[1] 0.04122897 0.89321590
[1] "Fitting mu0 = E[Y|A=0,W]"
[1] "Iteration number: 706"
[1] "pos"
[1] 0.0387623 0.9078513
[1] "Fitting mu0 = E[Y|A=0,W]"
[1] "Iteration number: 707"
[1] "pos"
[1] 0.04240401 0.90921460
[1] "Fitting mu0 = E[Y|A=0,W]"
[1] "Iteration number: 708"
[1] "pos"
[1] 0.04107677 0.91392007
[1] "Fitting mu0 = E[Y|A=0,W]"
[1] "Iteration number: 709"
[1] "pos"
[1] 0.04981096 0.90226173
[1] "Fitting mu0 = E[Y|A=0,W]"
[1] "Iteration number: 710"
[1] "pos"
[1] 0.04334902 0.91030061
[1] "Fitting mu0 = E[Y|A=0,W]"
[1] "Iteration number: 711"
[1] "pos"
[1] 0.05006745 0.88764637
[1] "Fitting mu0 = E[Y|A=0,W]"
[1] "Iteration number: 712"
[1] "pos"
[1] 0.05123169 0.91313677
[1] "Fitting mu0 = E[Y|A=0,W]"
[1] "Iteration number: 713"
[1] "pos"
[1] 0.04312964 0.89630693
[1] "Fitting mu0 = E[Y|A=0,W]"
[1] "Iteration number: 714"
[1] "pos"
[1] 0.04986402 0.92019852
[1] "Fitting mu0 = E[Y|A=0,W]"
[1] "Iteration number: 715"
[1] "pos"
[1] 0.0566129 0.9188408
[1] "Fitting mu0 = E[Y|A=0,W]"
[1] "Iteration number: 716"
[1] "pos"
[1] 0.0424263 0.9164795
[1] "Fitting mu0 = E[Y|A=0,W]"
[1] "Iteration number: 717"
[1] "pos"
[1] 0.06390023 0.91011834
[1] "Fitting mu0 = E[Y|A=0,W]"
[1] "Iteration number: 718"
[1] "pos"
[1] 0.04754188 0.90524737
[1] "Fitting mu0 = E[Y|A=0,W]"
[1] "Iteration number: 719"
[1] "pos"
[1] 0.05382659 0.88903537
[1] "Fitting mu0 = E[Y|A=0,W]"
[1] "Iteration number: 720"
[1] "pos"
[1] 0.05162658 0.91404233
[1] "Fitting mu0 = E[Y|A=0,W]"
[1] "Iteration number: 721"
[1] "pos"
[1] 0.05559226 0.90049862
[1] "Fitting mu0 = E[Y|A=0,W]"
[1] "Iteration number: 722"
[1] "pos"
[1] 0.05306439 0.90136507
[1] "Fitting mu0 = E[Y|A=0,W]"
[1] "Iteration number: 723"
[1] "pos"
[1] 0.0438371 0.9057888
[1] "Fitting mu0 = E[Y|A=0,W]"
[1] "Iteration number: 724"
[1] "pos"
[1] 0.04215848 0.90078621
[1] "Fitting mu0 = E[Y|A=0,W]"
[1] "Iteration number: 725"
[1] "pos"
[1] 0.04960844 0.91099986
[1] "Fitting mu0 = E[Y|A=0,W]"
[1] "Iteration number: 726"
[1] "pos"
[1] 0.05417929 0.91656832
[1] "Fitting mu0 = E[Y|A=0,W]"
[1] "Iteration number: 727"
[1] "pos"
[1] 0.0412520 0.9108353
[1] "Fitting mu0 = E[Y|A=0,W]"
[1] "Iteration number: 728"
[1] "pos"
[1] 0.05313217 0.90214420
[1] "Fitting mu0 = E[Y|A=0,W]"
[1] "Iteration number: 729"
[1] "pos"
[1] 0.0579265 0.9067814
[1] "Fitting mu0 = E[Y|A=0,W]"
[1] "Iteration number: 730"
[1] "pos"
[1] 0.05246454 0.91579321
[1] "Fitting mu0 = E[Y|A=0,W]"
[1] "Iteration number: 731"
[1] "pos"
[1] 0.04189352 0.90698718
[1] "Fitting mu0 = E[Y|A=0,W]"
[1] "Iteration number: 732"
[1] "pos"
[1] 0.04793835 0.90813544
[1] "Fitting mu0 = E[Y|A=0,W]"
[1] "Iteration number: 733"
[1] "pos"
[1] 0.04090681 0.91239601
[1] "Fitting mu0 = E[Y|A=0,W]"
[1] "Iteration number: 734"
[1] "pos"
[1] 0.04195731 0.91694410
[1] "Fitting mu0 = E[Y|A=0,W]"
[1] "Iteration number: 735"
[1] "pos"
[1] 0.04975611 0.89724791
[1] "Fitting mu0 = E[Y|A=0,W]"
[1] "Iteration number: 736"
[1] "pos"
[1] 0.04374421 0.90571260
[1] "Fitting mu0 = E[Y|A=0,W]"
[1] "Iteration number: 737"
[1] "pos"
[1] 0.05254214 0.91500231
[1] "Fitting mu0 = E[Y|A=0,W]"
[1] "Iteration number: 738"
[1] "pos"
[1] 0.03978625 0.91419270
[1] "Fitting mu0 = E[Y|A=0,W]"
[1] "Iteration number: 739"
[1] "pos"
[1] 0.05244663 0.91383037
[1] "Fitting mu0 = E[Y|A=0,W]"
[1] "Iteration number: 740"
[1] "pos"
[1] 0.04111079 0.91783776
[1] "Fitting mu0 = E[Y|A=0,W]"
[1] "Iteration number: 741"
[1] "pos"
[1] 0.04066282 0.89720742
[1] "Fitting mu0 = E[Y|A=0,W]"
[1] "Iteration number: 742"
[1] "pos"
[1] 0.04020892 0.91932131
[1] "Fitting mu0 = E[Y|A=0,W]"
[1] "Iteration number: 743"
[1] "pos"
[1] 0.03840203 0.90002086
[1] "Fitting mu0 = E[Y|A=0,W]"
[1] "Iteration number: 744"
[1] "pos"
[1] 0.04146518 0.90353347
[1] "Fitting mu0 = E[Y|A=0,W]"
[1] "Iteration number: 745"
[1] "pos"
[1] 0.04400206 0.90136428
[1] "Fitting mu0 = E[Y|A=0,W]"
[1] "Iteration number: 746"
[1] "pos"
[1] 0.05193935 0.90497573
[1] "Fitting mu0 = E[Y|A=0,W]"
[1] "Iteration number: 747"
[1] "pos"
[1] 0.05805481 0.91778430
[1] "Fitting mu0 = E[Y|A=0,W]"
[1] "Iteration number: 748"
[1] "pos"
[1] 0.05362702 0.91521927
[1] "Fitting mu0 = E[Y|A=0,W]"
[1] "Iteration number: 749"
[1] "pos"
[1] 0.05019296 0.89834927
[1] "Fitting mu0 = E[Y|A=0,W]"
[1] "Iteration number: 750"
[1] "pos"
[1] 0.04272039 0.90541181
[1] "Fitting mu0 = E[Y|A=0,W]"
[1] "Iteration number: 751"
[1] "pos"
[1] 0.04336785 0.91624690
[1] "Fitting mu0 = E[Y|A=0,W]"
[1] "Iteration number: 752"
[1] "pos"
[1] 0.05068772 0.90680731
[1] "Fitting mu0 = E[Y|A=0,W]"
[1] "Iteration number: 753"
[1] "pos"
[1] 0.04057262 0.90742360
[1] "Fitting mu0 = E[Y|A=0,W]"
[1] "Iteration number: 754"
[1] "pos"
[1] 0.04418874 0.91214979
[1] "Fitting mu0 = E[Y|A=0,W]"
[1] "Iteration number: 755"
[1] "pos"
[1] 0.04754144 0.89998403
[1] "Fitting mu0 = E[Y|A=0,W]"
[1] "Iteration number: 756"
[1] "pos"
[1] 0.03987722 0.90404158
[1] "Fitting mu0 = E[Y|A=0,W]"
[1] "Iteration number: 757"
[1] "pos"
[1] 0.05361076 0.91172937
[1] "Fitting mu0 = E[Y|A=0,W]"
[1] "Iteration number: 758"
[1] "pos"
[1] 0.04353593 0.91851732
[1] "Fitting mu0 = E[Y|A=0,W]"
[1] "Iteration number: 759"
[1] "pos"
[1] 0.03800373 0.89452119
[1] "Fitting mu0 = E[Y|A=0,W]"
[1] "Iteration number: 760"
[1] "pos"
[1] 0.04970372 0.91013706
[1] "Fitting mu0 = E[Y|A=0,W]"
[1] "Iteration number: 761"
[1] "pos"
[1] 0.04234936 0.91978796
[1] "Fitting mu0 = E[Y|A=0,W]"
[1] "Iteration number: 762"
[1] "pos"
[1] 0.04467595 0.90987813
[1] "Fitting mu0 = E[Y|A=0,W]"
[1] "Iteration number: 763"
[1] "pos"
[1] 0.04779565 0.91437752
[1] "Fitting mu0 = E[Y|A=0,W]"
[1] "Iteration number: 764"
[1] "pos"
[1] 0.04048903 0.91124212
[1] "Fitting mu0 = E[Y|A=0,W]"
[1] "Iteration number: 765"
[1] "pos"
[1] 0.04039033 0.91173139
[1] "Fitting mu0 = E[Y|A=0,W]"
[1] "Iteration number: 766"
[1] "pos"
[1] 0.04869748 0.91101069
[1] "Fitting mu0 = E[Y|A=0,W]"
[1] "Iteration number: 767"
[1] "pos"
[1] 0.04310759 0.89859932
[1] "Fitting mu0 = E[Y|A=0,W]"
[1] "Iteration number: 768"
[1] "pos"
[1] 0.05249873 0.90295634
[1] "Fitting mu0 = E[Y|A=0,W]"
[1] "Iteration number: 769"
[1] "pos"
[1] 0.04737996 0.90267865
[1] "Fitting mu0 = E[Y|A=0,W]"
[1] "Iteration number: 770"
[1] "pos"
[1] 0.04224356 0.90840602
[1] "Fitting mu0 = E[Y|A=0,W]"
[1] "Iteration number: 771"
[1] "pos"
[1] 0.05070805 0.91479700
[1] "Fitting mu0 = E[Y|A=0,W]"
[1] "Iteration number: 772"
[1] "pos"
[1] 0.03937502 0.91694351
[1] "Fitting mu0 = E[Y|A=0,W]"
[1] "Iteration number: 773"
[1] "pos"
[1] 0.04459687 0.91283060
[1] "Fitting mu0 = E[Y|A=0,W]"
[1] "Iteration number: 774"
[1] "pos"
[1] 0.03980638 0.91109503
[1] "Fitting mu0 = E[Y|A=0,W]"
[1] "Iteration number: 775"
[1] "pos"
[1] 0.04389761 0.89329751
[1] "Fitting mu0 = E[Y|A=0,W]"
[1] "Iteration number: 776"
[1] "pos"
[1] 0.03954398 0.91044003
[1] "Fitting mu0 = E[Y|A=0,W]"
[1] "Iteration number: 777"
[1] "pos"
[1] 0.04947119 0.90894281
[1] "Fitting mu0 = E[Y|A=0,W]"
[1] "Iteration number: 778"
[1] "pos"
[1] 0.03939521 0.89666844
[1] "Fitting mu0 = E[Y|A=0,W]"
[1] "Iteration number: 779"
[1] "pos"
[1] 0.04985629 0.91570489
[1] "Fitting mu0 = E[Y|A=0,W]"
[1] "Iteration number: 780"
[1] "pos"
[1] 0.05029932 0.90610898
[1] "Fitting mu0 = E[Y|A=0,W]"
[1] "Iteration number: 781"
[1] "pos"
[1] 0.05019095 0.90435345
[1] "Fitting mu0 = E[Y|A=0,W]"
[1] "Iteration number: 782"
[1] "pos"
[1] 0.05377628 0.91314116
[1] "Fitting mu0 = E[Y|A=0,W]"
[1] "Iteration number: 783"
[1] "pos"
[1] 0.05974275 0.90200706
[1] "Fitting mu0 = E[Y|A=0,W]"
[1] "Iteration number: 784"
[1] "pos"
[1] 0.05341055 0.90130518
[1] "Fitting mu0 = E[Y|A=0,W]"
[1] "Iteration number: 785"
[1] "pos"
[1] 0.04706718 0.90933085
[1] "Fitting mu0 = E[Y|A=0,W]"
[1] "Iteration number: 786"
[1] "pos"
[1] 0.04093932 0.90082237
[1] "Fitting mu0 = E[Y|A=0,W]"
[1] "Iteration number: 787"
[1] "pos"
[1] 0.04863565 0.89881097
[1] "Fitting mu0 = E[Y|A=0,W]"
[1] "Iteration number: 788"
[1] "pos"
[1] 0.04227771 0.90840559
[1] "Fitting mu0 = E[Y|A=0,W]"
[1] "Iteration number: 789"
[1] "pos"
[1] 0.04121928 0.89672207
[1] "Fitting mu0 = E[Y|A=0,W]"
[1] "Iteration number: 790"
[1] "pos"
[1] 0.04983462 0.91699337
[1] "Fitting mu0 = E[Y|A=0,W]"
[1] "Iteration number: 791"
[1] "pos"
[1] 0.04307148 0.88907591
[1] "Fitting mu0 = E[Y|A=0,W]"
[1] "Iteration number: 792"
[1] "pos"
[1] 0.05281282 0.90158693
[1] "Fitting mu0 = E[Y|A=0,W]"
[1] "Iteration number: 793"
[1] "pos"
[1] 0.04089581 0.89233895
[1] "Fitting mu0 = E[Y|A=0,W]"
[1] "Iteration number: 794"
[1] "pos"
[1] 0.04301285 0.90387125
[1] "Fitting mu0 = E[Y|A=0,W]"
[1] "Iteration number: 795"
[1] "pos"
[1] 0.04915186 0.89586673
[1] "Fitting mu0 = E[Y|A=0,W]"
[1] "Iteration number: 796"
[1] "pos"
[1] 0.04221728 0.91660783
[1] "Fitting mu0 = E[Y|A=0,W]"
[1] "Iteration number: 797"
[1] "pos"
[1] 0.04306392 0.91699953
[1] "Fitting mu0 = E[Y|A=0,W]"
[1] "Iteration number: 798"
[1] "pos"
[1] 0.04953075 0.91224731
[1] "Fitting mu0 = E[Y|A=0,W]"
[1] "Iteration number: 799"
[1] "pos"
[1] 0.04573892 0.90411097
[1] "Fitting mu0 = E[Y|A=0,W]"
[1] "Iteration number: 800"
[1] "pos"
[1] 0.04438015 0.90636248
[1] "Fitting mu0 = E[Y|A=0,W]"
[1] "Iteration number: 801"
[1] "pos"
[1] 0.04230725 0.90283199
[1] "Fitting mu0 = E[Y|A=0,W]"
[1] "Iteration number: 802"
[1] "pos"
[1] 0.05006073 0.89801582
[1] "Fitting mu0 = E[Y|A=0,W]"
[1] "Iteration number: 803"
[1] "pos"
[1] 0.04515636 0.91758714
[1] "Fitting mu0 = E[Y|A=0,W]"
[1] "Iteration number: 804"
[1] "pos"
[1] 0.05071709 0.90429252
[1] "Fitting mu0 = E[Y|A=0,W]"
[1] "Iteration number: 805"
[1] "pos"
[1] 0.04139631 0.91121511
[1] "Fitting mu0 = E[Y|A=0,W]"
[1] "Iteration number: 806"
[1] "pos"
[1] 0.05104307 0.90206916
[1] "Fitting mu0 = E[Y|A=0,W]"
[1] "Iteration number: 807"
[1] "pos"
[1] 0.04926025 0.91734647
[1] "Fitting mu0 = E[Y|A=0,W]"
[1] "Iteration number: 808"
[1] "pos"
[1] 0.03992488 0.91490704
[1] "Fitting mu0 = E[Y|A=0,W]"
[1] "Iteration number: 809"
[1] "pos"
[1] 0.05201415 0.89236885
[1] "Fitting mu0 = E[Y|A=0,W]"
[1] "Iteration number: 810"
[1] "pos"
[1] 0.04958886 0.90284323
[1] "Fitting mu0 = E[Y|A=0,W]"
[1] "Iteration number: 811"
[1] "pos"
[1] 0.05003683 0.88668418
[1] "Fitting mu0 = E[Y|A=0,W]"
[1] "Iteration number: 812"
[1] "pos"
[1] 0.04233329 0.91495013
[1] "Fitting mu0 = E[Y|A=0,W]"
[1] "Iteration number: 813"
[1] "pos"
[1] 0.05336357 0.91593828
[1] "Fitting mu0 = E[Y|A=0,W]"
[1] "Iteration number: 814"
[1] "pos"
[1] 0.04038344 0.89935648
[1] "Fitting mu0 = E[Y|A=0,W]"
[1] "Iteration number: 815"
[1] "pos"
[1] 0.04314157 0.90243073
[1] "Fitting mu0 = E[Y|A=0,W]"
[1] "Iteration number: 816"
[1] "pos"
[1] 0.0468494 0.9082423
[1] "Fitting mu0 = E[Y|A=0,W]"
[1] "Iteration number: 817"
[1] "pos"
[1] 0.04534071 0.89282452
[1] "Fitting mu0 = E[Y|A=0,W]"
[1] "Iteration number: 818"
[1] "pos"
[1] 0.04856715 0.90680224
[1] "Fitting mu0 = E[Y|A=0,W]"
[1] "Iteration number: 819"
[1] "pos"
[1] 0.04197914 0.90693994
[1] "Fitting mu0 = E[Y|A=0,W]"
[1] "Iteration number: 820"
[1] "pos"
[1] 0.05119543 0.90050424
[1] "Fitting mu0 = E[Y|A=0,W]"
[1] "Iteration number: 821"
[1] "pos"
[1] 0.04451582 0.91341888
[1] "Fitting mu0 = E[Y|A=0,W]"
[1] "Iteration number: 822"
[1] "pos"
[1] 0.04278395 0.88973854
[1] "Fitting mu0 = E[Y|A=0,W]"
[1] "Iteration number: 823"
[1] "pos"
[1] 0.04056013 0.90705164
[1] "Fitting mu0 = E[Y|A=0,W]"
[1] "Iteration number: 824"
[1] "pos"
[1] 0.05297401 0.90775161
[1] "Fitting mu0 = E[Y|A=0,W]"
[1] "Iteration number: 825"
[1] "pos"
[1] 0.04475973 0.91036491
[1] "Fitting mu0 = E[Y|A=0,W]"
[1] "Iteration number: 826"
[1] "pos"
[1] 0.04984886 0.90578992
[1] "Fitting mu0 = E[Y|A=0,W]"
[1] "Iteration number: 827"
[1] "pos"
[1] 0.04142557 0.89920478
[1] "Fitting mu0 = E[Y|A=0,W]"
[1] "Iteration number: 828"
[1] "pos"
[1] 0.04625954 0.90982767
[1] "Fitting mu0 = E[Y|A=0,W]"
[1] "Iteration number: 829"
[1] "pos"
[1] 0.04640371 0.89526403
[1] "Fitting mu0 = E[Y|A=0,W]"
[1] "Iteration number: 830"
[1] "pos"
[1] 0.0421894 0.9117029
[1] "Fitting mu0 = E[Y|A=0,W]"
[1] "Iteration number: 831"
[1] "pos"
[1] 0.04246514 0.91338991
[1] "Fitting mu0 = E[Y|A=0,W]"
[1] "Iteration number: 832"
[1] "pos"
[1] 0.04216142 0.91297691
[1] "Fitting mu0 = E[Y|A=0,W]"
[1] "Iteration number: 833"
[1] "pos"
[1] 0.04076064 0.91893061
[1] "Fitting mu0 = E[Y|A=0,W]"
[1] "Iteration number: 834"
[1] "pos"
[1] 0.04163863 0.89150775
[1] "Fitting mu0 = E[Y|A=0,W]"
[1] "Iteration number: 835"
[1] "pos"
[1] 0.04011834 0.89940926
[1] "Fitting mu0 = E[Y|A=0,W]"
[1] "Iteration number: 836"
[1] "pos"
[1] 0.04368409 0.89333879
[1] "Fitting mu0 = E[Y|A=0,W]"
[1] "Iteration number: 837"
[1] "pos"
[1] 0.03983271 0.91054396
[1] "Fitting mu0 = E[Y|A=0,W]"
[1] "Iteration number: 838"
[1] "pos"
[1] 0.04328205 0.90187851
[1] "Fitting mu0 = E[Y|A=0,W]"
[1] "Iteration number: 839"
[1] "pos"
[1] 0.04326891 0.89656608
[1] "Fitting mu0 = E[Y|A=0,W]"
[1] "Iteration number: 840"
[1] "pos"
[1] 0.04438565 0.89056276
[1] "Fitting mu0 = E[Y|A=0,W]"
[1] "Iteration number: 841"
[1] "pos"
[1] 0.04673145 0.91122997
[1] "Fitting mu0 = E[Y|A=0,W]"
[1] "Iteration number: 842"
[1] "pos"
[1] 0.05365812 0.89486997
[1] "Fitting mu0 = E[Y|A=0,W]"
[1] "Iteration number: 843"
[1] "pos"
[1] 0.04529987 0.90357741
[1] "Fitting mu0 = E[Y|A=0,W]"
[1] "Iteration number: 844"
[1] "pos"
[1] 0.0556650 0.9098988
[1] "Fitting mu0 = E[Y|A=0,W]"
[1] "Iteration number: 845"
[1] "pos"
[1] 0.04340357 0.90172334
[1] "Fitting mu0 = E[Y|A=0,W]"
[1] "Iteration number: 846"
[1] "pos"
[1] 0.04253424 0.90672122
[1] "Fitting mu0 = E[Y|A=0,W]"
[1] "Iteration number: 847"
[1] "pos"
[1] 0.04202891 0.90299687
[1] "Fitting mu0 = E[Y|A=0,W]"
[1] "Iteration number: 848"
[1] "pos"
[1] 0.04849695 0.91055699
[1] "Fitting mu0 = E[Y|A=0,W]"
[1] "Iteration number: 849"
[1] "pos"
[1] 0.05361211 0.89682113
[1] "Fitting mu0 = E[Y|A=0,W]"
[1] "Iteration number: 850"
[1] "pos"
[1] 0.04294514 0.89868165
[1] "Fitting mu0 = E[Y|A=0,W]"
[1] "Iteration number: 851"
[1] "pos"
[1] 0.04760233 0.89996629
[1] "Fitting mu0 = E[Y|A=0,W]"
[1] "Iteration number: 852"
[1] "pos"
[1] 0.03783556 0.91119917
[1] "Fitting mu0 = E[Y|A=0,W]"
[1] "Iteration number: 853"
[1] "pos"
[1] 0.04245158 0.90645976
[1] "Fitting mu0 = E[Y|A=0,W]"
[1] "Iteration number: 854"
[1] "pos"
[1] 0.04672489 0.90591826
[1] "Fitting mu0 = E[Y|A=0,W]"
[1] "Iteration number: 855"
[1] "pos"
[1] 0.03823897 0.91562213
[1] "Fitting mu0 = E[Y|A=0,W]"
[1] "Iteration number: 856"
[1] "pos"
[1] 0.05727512 0.91272581
[1] "Fitting mu0 = E[Y|A=0,W]"
[1] "Iteration number: 857"
[1] "pos"
[1] 0.04845473 0.90474503
[1] "Fitting mu0 = E[Y|A=0,W]"
[1] "Iteration number: 858"
[1] "pos"
[1] 0.0512610 0.9067402
[1] "Fitting mu0 = E[Y|A=0,W]"
[1] "Iteration number: 859"
[1] "pos"
[1] 0.04643594 0.91854924
[1] "Fitting mu0 = E[Y|A=0,W]"
[1] "Iteration number: 860"
[1] "pos"
[1] 0.04784552 0.91525643
[1] "Fitting mu0 = E[Y|A=0,W]"
[1] "Iteration number: 861"
[1] "pos"
[1] 0.04442064 0.89722831
[1] "Fitting mu0 = E[Y|A=0,W]"
[1] "Iteration number: 862"
[1] "pos"
[1] 0.04465368 0.89824193
[1] "Fitting mu0 = E[Y|A=0,W]"
[1] "Iteration number: 863"
[1] "pos"
[1] 0.04452206 0.90548174
[1] "Fitting mu0 = E[Y|A=0,W]"
[1] "Iteration number: 864"
[1] "pos"
[1] 0.04075417 0.91181192
[1] "Fitting mu0 = E[Y|A=0,W]"
[1] "Iteration number: 865"
[1] "pos"
[1] 0.04105985 0.90721482
[1] "Fitting mu0 = E[Y|A=0,W]"
[1] "Iteration number: 866"
[1] "pos"
[1] 0.04691799 0.90123168
[1] "Fitting mu0 = E[Y|A=0,W]"
[1] "Iteration number: 867"
[1] "pos"
[1] 0.04354959 0.91596255
[1] "Fitting mu0 = E[Y|A=0,W]"
[1] "Iteration number: 868"
[1] "pos"
[1] 0.0577438 0.9010174
[1] "Fitting mu0 = E[Y|A=0,W]"
[1] "Iteration number: 869"
[1] "pos"
[1] 0.04474272 0.89958903
[1] "Fitting mu0 = E[Y|A=0,W]"
[1] "Iteration number: 870"
[1] "pos"
[1] 0.04345874 0.91361637
[1] "Fitting mu0 = E[Y|A=0,W]"
[1] "Iteration number: 871"
[1] "pos"
[1] 0.04537587 0.89658365
[1] "Fitting mu0 = E[Y|A=0,W]"
[1] "Iteration number: 872"
[1] "pos"
[1] 0.05115101 0.89882035
[1] "Fitting mu0 = E[Y|A=0,W]"
[1] "Iteration number: 873"
[1] "pos"
[1] 0.05269402 0.90621175
[1] "Fitting mu0 = E[Y|A=0,W]"
[1] "Iteration number: 874"
[1] "pos"
[1] 0.04887263 0.90449627
[1] "Fitting mu0 = E[Y|A=0,W]"
[1] "Iteration number: 875"
[1] "pos"
[1] 0.04598108 0.91604904
[1] "Fitting mu0 = E[Y|A=0,W]"
[1] "Iteration number: 876"
[1] "pos"
[1] 0.05446764 0.90909802
[1] "Fitting mu0 = E[Y|A=0,W]"
[1] "Iteration number: 877"
[1] "pos"
[1] 0.04288669 0.90573366
[1] "Fitting mu0 = E[Y|A=0,W]"
[1] "Iteration number: 878"
[1] "pos"
[1] 0.04887411 0.91279963
[1] "Fitting mu0 = E[Y|A=0,W]"
[1] "Iteration number: 879"
[1] "pos"
[1] 0.05469549 0.91274097
[1] "Fitting mu0 = E[Y|A=0,W]"
[1] "Iteration number: 880"
[1] "pos"
[1] 0.05327817 0.91870396
[1] "Fitting mu0 = E[Y|A=0,W]"
[1] "Iteration number: 881"
[1] "pos"
[1] 0.03918942 0.90191087
[1] "Fitting mu0 = E[Y|A=0,W]"
[1] "Iteration number: 882"
[1] "pos"
[1] 0.04454383 0.91093257
[1] "Fitting mu0 = E[Y|A=0,W]"
[1] "Iteration number: 883"
[1] "pos"
[1] 0.05047434 0.90207773
[1] "Fitting mu0 = E[Y|A=0,W]"
[1] "Iteration number: 884"
[1] "pos"
[1] 0.04317707 0.90164911
[1] "Fitting mu0 = E[Y|A=0,W]"
[1] "Iteration number: 885"
[1] "pos"
[1] 0.04397001 0.91038181
[1] "Fitting mu0 = E[Y|A=0,W]"
[1] "Iteration number: 886"
[1] "pos"
[1] 0.0479138 0.9092900
[1] "Fitting mu0 = E[Y|A=0,W]"
[1] "Iteration number: 887"
[1] "pos"
[1] 0.04629514 0.90989964
[1] "Fitting mu0 = E[Y|A=0,W]"
[1] "Iteration number: 888"
[1] "pos"
[1] 0.05009498 0.90304908
[1] "Fitting mu0 = E[Y|A=0,W]"
[1] "Iteration number: 889"
[1] "pos"
[1] 0.04651487 0.90900867
[1] "Fitting mu0 = E[Y|A=0,W]"
[1] "Iteration number: 890"
[1] "pos"
[1] 0.05202352 0.90171547
[1] "Fitting mu0 = E[Y|A=0,W]"
[1] "Iteration number: 891"
[1] "pos"
[1] 0.04298978 0.91196475
[1] "Fitting mu0 = E[Y|A=0,W]"
[1] "Iteration number: 892"
[1] "pos"
[1] 0.04513692 0.91768358
[1] "Fitting mu0 = E[Y|A=0,W]"
[1] "Iteration number: 893"
[1] "pos"
[1] 0.04340134 0.91136746
[1] "Fitting mu0 = E[Y|A=0,W]"
[1] "Iteration number: 894"
[1] "pos"
[1] 0.04889924 0.90967485
[1] "Fitting mu0 = E[Y|A=0,W]"
[1] "Iteration number: 895"
[1] "pos"
[1] 0.05464753 0.89703587
[1] "Fitting mu0 = E[Y|A=0,W]"
[1] "Iteration number: 896"
[1] "pos"
[1] 0.04303675 0.91411254
[1] "Fitting mu0 = E[Y|A=0,W]"
[1] "Iteration number: 897"
[1] "pos"
[1] 0.04432245 0.90616330
[1] "Fitting mu0 = E[Y|A=0,W]"
[1] "Iteration number: 898"
[1] "pos"
[1] 0.05509333 0.89988153
[1] "Fitting mu0 = E[Y|A=0,W]"
[1] "Iteration number: 899"
[1] "pos"
[1] 0.05055154 0.90019688
[1] "Fitting mu0 = E[Y|A=0,W]"
[1] "Iteration number: 900"
[1] "pos"
[1] 0.0424688 0.8926588
[1] "Fitting mu0 = E[Y|A=0,W]"
[1] "Iteration number: 901"
[1] "pos"
[1] 0.0518615 0.8913525
[1] "Fitting mu0 = E[Y|A=0,W]"
[1] "Iteration number: 902"
[1] "pos"
[1] 0.03967801 0.90195148
[1] "Fitting mu0 = E[Y|A=0,W]"
[1] "Iteration number: 903"
[1] "pos"
[1] 0.04028722 0.90883386
[1] "Fitting mu0 = E[Y|A=0,W]"
[1] "Iteration number: 904"
[1] "pos"
[1] 0.03956773 0.90860293
[1] "Fitting mu0 = E[Y|A=0,W]"
[1] "Iteration number: 905"
[1] "pos"
[1] 0.0468597 0.9164428
[1] "Fitting mu0 = E[Y|A=0,W]"
[1] "Iteration number: 906"
[1] "pos"
[1] 0.03986503 0.90659531
[1] "Fitting mu0 = E[Y|A=0,W]"
[1] "Iteration number: 907"
[1] "pos"
[1] 0.04851601 0.90680011
[1] "Fitting mu0 = E[Y|A=0,W]"
[1] "Iteration number: 908"
[1] "pos"
[1] 0.04936666 0.91505166
[1] "Fitting mu0 = E[Y|A=0,W]"
[1] "Iteration number: 909"
[1] "pos"
[1] 0.04183576 0.90840200
[1] "Fitting mu0 = E[Y|A=0,W]"
[1] "Iteration number: 910"
[1] "pos"
[1] 0.04496391 0.90887819
[1] "Fitting mu0 = E[Y|A=0,W]"
[1] "Iteration number: 911"
[1] "pos"
[1] 0.06612352 0.91619981
[1] "Fitting mu0 = E[Y|A=0,W]"
[1] "Iteration number: 912"
[1] "pos"
[1] 0.04875112 0.90757234
[1] "Fitting mu0 = E[Y|A=0,W]"
[1] "Iteration number: 913"
[1] "pos"
[1] 0.06190614 0.89796099
[1] "Fitting mu0 = E[Y|A=0,W]"
[1] "Iteration number: 914"
[1] "pos"
[1] 0.04502904 0.90650237
[1] "Fitting mu0 = E[Y|A=0,W]"
[1] "Iteration number: 915"
[1] "pos"
[1] 0.04151198 0.91368008
[1] "Fitting mu0 = E[Y|A=0,W]"
[1] "Iteration number: 916"
[1] "pos"
[1] 0.04945997 0.90413223
[1] "Fitting mu0 = E[Y|A=0,W]"
[1] "Iteration number: 917"
[1] "pos"
[1] 0.04562533 0.90275344
[1] "Fitting mu0 = E[Y|A=0,W]"
[1] "Iteration number: 918"
[1] "pos"
[1] 0.03968448 0.88868879
[1] "Fitting mu0 = E[Y|A=0,W]"
[1] "Iteration number: 919"
[1] "pos"
[1] 0.04598129 0.91577575
[1] "Fitting mu0 = E[Y|A=0,W]"
[1] "Iteration number: 920"
[1] "pos"
[1] 0.04271499 0.88084881
[1] "Fitting mu0 = E[Y|A=0,W]"
[1] "Iteration number: 921"
[1] "pos"
[1] 0.04165776 0.90540643
[1] "Fitting mu0 = E[Y|A=0,W]"
[1] "Iteration number: 922"
[1] "pos"
[1] 0.04225812 0.90953009
[1] "Fitting mu0 = E[Y|A=0,W]"
[1] "Iteration number: 923"
[1] "pos"
[1] 0.04456094 0.91083847
[1] "Fitting mu0 = E[Y|A=0,W]"
[1] "Iteration number: 924"
[1] "pos"
[1] 0.05080583 0.91609970
[1] "Fitting mu0 = E[Y|A=0,W]"
[1] "Iteration number: 925"
[1] "pos"
[1] 0.0382053 0.9035351
[1] "Fitting mu0 = E[Y|A=0,W]"
[1] "Iteration number: 926"
[1] "pos"
[1] 0.05032635 0.90918187
[1] "Fitting mu0 = E[Y|A=0,W]"
[1] "Iteration number: 927"
[1] "pos"
[1] 0.05532544 0.88994161
[1] "Fitting mu0 = E[Y|A=0,W]"
[1] "Iteration number: 928"
[1] "pos"
[1] 0.05775559 0.90720572
[1] "Fitting mu0 = E[Y|A=0,W]"
[1] "Iteration number: 929"
[1] "pos"
[1] 0.04366031 0.90927806
[1] "Fitting mu0 = E[Y|A=0,W]"
[1] "Iteration number: 930"
[1] "pos"
[1] 0.04436696 0.90299337
[1] "Fitting mu0 = E[Y|A=0,W]"
[1] "Iteration number: 931"
[1] "pos"
[1] 0.05487787 0.90494016
[1] "Fitting mu0 = E[Y|A=0,W]"
[1] "Iteration number: 932"
[1] "pos"
[1] 0.04830175 0.90969620
[1] "Fitting mu0 = E[Y|A=0,W]"
[1] "Iteration number: 933"
[1] "pos"
[1] 0.04408532 0.89754696
[1] "Fitting mu0 = E[Y|A=0,W]"
[1] "Iteration number: 934"
[1] "pos"
[1] 0.05206515 0.91234527
[1] "Fitting mu0 = E[Y|A=0,W]"
[1] "Iteration number: 935"
[1] "pos"
[1] 0.04262747 0.90445143
[1] "Fitting mu0 = E[Y|A=0,W]"
[1] "Iteration number: 936"
[1] "pos"
[1] 0.05969289 0.90413820
[1] "Fitting mu0 = E[Y|A=0,W]"
[1] "Iteration number: 937"
[1] "pos"
[1] 0.04809972 0.90832829
[1] "Fitting mu0 = E[Y|A=0,W]"
[1] "Iteration number: 938"
[1] "pos"
[1] 0.05279156 0.91658681
[1] "Fitting mu0 = E[Y|A=0,W]"
[1] "Iteration number: 939"
[1] "pos"
[1] 0.04541227 0.87957443
[1] "Fitting mu0 = E[Y|A=0,W]"
[1] "Iteration number: 940"
[1] "pos"
[1] 0.04235395 0.87501655
[1] "Fitting mu0 = E[Y|A=0,W]"
[1] "Iteration number: 941"
[1] "pos"
[1] 0.04514659 0.89447064
[1] "Fitting mu0 = E[Y|A=0,W]"
[1] "Iteration number: 942"
[1] "pos"
[1] 0.04146482 0.90002716
[1] "Fitting mu0 = E[Y|A=0,W]"
[1] "Iteration number: 943"
[1] "pos"
[1] 0.04237852 0.91689666
[1] "Fitting mu0 = E[Y|A=0,W]"
[1] "Iteration number: 944"
[1] "pos"
[1] 0.04932745 0.91924148
[1] "Fitting mu0 = E[Y|A=0,W]"
[1] "Iteration number: 945"
[1] "pos"
[1] 0.05282341 0.91206888
[1] "Fitting mu0 = E[Y|A=0,W]"
[1] "Iteration number: 946"
[1] "pos"
[1] 0.04440643 0.91250777
[1] "Fitting mu0 = E[Y|A=0,W]"
[1] "Iteration number: 947"
[1] "pos"
[1] 0.04662147 0.90836141
[1] "Fitting mu0 = E[Y|A=0,W]"
[1] "Iteration number: 948"
[1] "pos"
[1] 0.04512782 0.90366313
[1] "Fitting mu0 = E[Y|A=0,W]"
[1] "Iteration number: 949"
[1] "pos"
[1] 0.04179592 0.90760175
[1] "Fitting mu0 = E[Y|A=0,W]"
[1] "Iteration number: 950"
[1] "pos"
[1] 0.04052706 0.91662649
[1] "Fitting mu0 = E[Y|A=0,W]"
[1] "Iteration number: 951"
[1] "pos"
[1] 0.04407981 0.90123416
[1] "Fitting mu0 = E[Y|A=0,W]"
[1] "Iteration number: 952"
[1] "pos"
[1] 0.04525893 0.90467148
[1] "Fitting mu0 = E[Y|A=0,W]"
[1] "Iteration number: 953"
[1] "pos"
[1] 0.04024818 0.90452046
[1] "Fitting mu0 = E[Y|A=0,W]"
[1] "Iteration number: 954"
[1] "pos"
[1] 0.04157422 0.90516050
[1] "Fitting mu0 = E[Y|A=0,W]"
[1] "Iteration number: 955"
[1] "pos"
[1] 0.0500725 0.8775477
[1] "Fitting mu0 = E[Y|A=0,W]"
[1] "Iteration number: 956"
[1] "pos"
[1] 0.04597822 0.89017493
[1] "Fitting mu0 = E[Y|A=0,W]"
[1] "Iteration number: 957"
[1] "pos"
[1] 0.04184353 0.90914309
[1] "Fitting mu0 = E[Y|A=0,W]"
[1] "Iteration number: 958"
[1] "pos"
[1] 0.04524031 0.89043359
[1] "Fitting mu0 = E[Y|A=0,W]"
[1] "Iteration number: 959"
[1] "pos"
[1] 0.04784658 0.91321643
[1] "Fitting mu0 = E[Y|A=0,W]"
[1] "Iteration number: 960"
[1] "pos"
[1] 0.04492265 0.90481548
[1] "Fitting mu0 = E[Y|A=0,W]"
[1] "Iteration number: 961"
[1] "pos"
[1] 0.04775975 0.90244631
[1] "Fitting mu0 = E[Y|A=0,W]"
[1] "Iteration number: 962"
[1] "pos"
[1] 0.0430986 0.9036106
[1] "Fitting mu0 = E[Y|A=0,W]"
[1] "Iteration number: 963"
[1] "pos"
[1] 0.04289199 0.90900929
[1] "Fitting mu0 = E[Y|A=0,W]"
[1] "Iteration number: 964"
[1] "pos"
[1] 0.05251938 0.91392173
[1] "Fitting mu0 = E[Y|A=0,W]"
[1] "Iteration number: 965"
[1] "pos"
[1] 0.0410415 0.9154436
[1] "Fitting mu0 = E[Y|A=0,W]"
[1] "Iteration number: 966"
[1] "pos"
[1] 0.05530787 0.89903654
[1] "Fitting mu0 = E[Y|A=0,W]"
[1] "Iteration number: 967"
[1] "pos"
[1] 0.05113861 0.90596576
[1] "Fitting mu0 = E[Y|A=0,W]"
[1] "Iteration number: 968"
[1] "pos"
[1] 0.07258926 0.90716517
[1] "Fitting mu0 = E[Y|A=0,W]"
[1] "Iteration number: 969"
[1] "pos"
[1] 0.04301314 0.89806448
[1] "Fitting mu0 = E[Y|A=0,W]"
[1] "Iteration number: 970"
[1] "pos"
[1] 0.04199269 0.90018536
[1] "Fitting mu0 = E[Y|A=0,W]"
[1] "Iteration number: 971"
[1] "pos"
[1] 0.04187028 0.90184946
[1] "Fitting mu0 = E[Y|A=0,W]"
[1] "Iteration number: 972"
[1] "pos"
[1] 0.04200796 0.91005871
[1] "Fitting mu0 = E[Y|A=0,W]"
[1] "Iteration number: 973"
[1] "pos"
[1] 0.04478317 0.89330280
[1] "Fitting mu0 = E[Y|A=0,W]"
[1] "Iteration number: 974"
[1] "pos"
[1] 0.04857202 0.88549317
[1] "Fitting mu0 = E[Y|A=0,W]"
[1] "Iteration number: 975"
[1] "pos"
[1] 0.03947095 0.91048742
[1] "Fitting mu0 = E[Y|A=0,W]"
[1] "Iteration number: 976"
[1] "pos"
[1] 0.05297732 0.90434958
[1] "Fitting mu0 = E[Y|A=0,W]"
[1] "Iteration number: 977"
[1] "pos"
[1] 0.04259497 0.91500535
[1] "Fitting mu0 = E[Y|A=0,W]"
[1] "Iteration number: 978"
[1] "pos"
[1] 0.04429236 0.90199320
[1] "Fitting mu0 = E[Y|A=0,W]"
[1] "Iteration number: 979"
[1] "pos"
[1] 0.04739488 0.91099963
[1] "Fitting mu0 = E[Y|A=0,W]"
[1] "Iteration number: 980"
[1] "pos"
[1] 0.04718367 0.91501963
[1] "Fitting mu0 = E[Y|A=0,W]"
[1] "Iteration number: 981"
[1] "pos"
[1] 0.04842715 0.90686507
[1] "Fitting mu0 = E[Y|A=0,W]"
[1] "Iteration number: 982"
[1] "pos"
[1] 0.04451856 0.89666980
[1] "Fitting mu0 = E[Y|A=0,W]"
[1] "Iteration number: 983"
[1] "pos"
[1] 0.04380816 0.90926366
[1] "Fitting mu0 = E[Y|A=0,W]"
[1] "Iteration number: 984"
[1] "pos"
[1] 0.05336101 0.91399687
[1] "Fitting mu0 = E[Y|A=0,W]"
[1] "Iteration number: 985"
[1] "pos"
[1] 0.05412512 0.89267210
[1] "Fitting mu0 = E[Y|A=0,W]"
[1] "Iteration number: 986"
[1] "pos"
[1] 0.0458117 0.9036543
[1] "Fitting mu0 = E[Y|A=0,W]"
[1] "Iteration number: 987"
[1] "pos"
[1] 0.0671512 0.9055266
[1] "Fitting mu0 = E[Y|A=0,W]"
[1] "Iteration number: 988"
[1] "pos"
[1] 0.05033247 0.90259340
[1] "Fitting mu0 = E[Y|A=0,W]"
[1] "Iteration number: 989"
[1] "pos"
[1] 0.04724165 0.91212151
[1] "Fitting mu0 = E[Y|A=0,W]"
[1] "Iteration number: 990"
[1] "pos"
[1] 0.04054962 0.91162795
[1] "Fitting mu0 = E[Y|A=0,W]"
[1] "Iteration number: 991"
[1] "pos"
[1] 0.0461831 0.9132853
[1] "Fitting mu0 = E[Y|A=0,W]"
[1] "Iteration number: 992"
[1] "pos"
[1] 0.04118797 0.89273796
[1] "Fitting mu0 = E[Y|A=0,W]"
[1] "Iteration number: 993"
[1] "pos"
[1] 0.05993537 0.91435596
[1] "Fitting mu0 = E[Y|A=0,W]"
[1] "Iteration number: 994"
[1] "pos"
[1] 0.04543748 0.90390303
[1] "Fitting mu0 = E[Y|A=0,W]"
[1] "Iteration number: 995"
[1] "pos"
[1] 0.0422646 0.9146905
[1] "Fitting mu0 = E[Y|A=0,W]"
[1] "Iteration number: 996"
[1] "pos"
[1] 0.05140874 0.90868086
[1] "Fitting mu0 = E[Y|A=0,W]"
[1] "Iteration number: 997"
[1] "pos"
[1] 0.04261029 0.90332507
[1] "Fitting mu0 = E[Y|A=0,W]"
[1] "Iteration number: 998"
[1] "pos"
[1] 0.04483458 0.90688141
[1] "Fitting mu0 = E[Y|A=0,W]"
[1] "Iteration number: 999"
[1] "pos"
[1] 0.05865872 0.90718043
[1] "Fitting mu0 = E[Y|A=0,W]"
[1] "Iteration number: 1000"
[1] "pos"
[1] 0.04457129 0.91961674
[1] "Fitting mu0 = E[Y|A=0,W]"
Null data.table (0 rows and 0 cols)
