LOADING R
R LOADED
[1] "/home/lvanderl/Rlibs2"                         
[2] "/app/software/R/4.2.2-foss-2021b/lib/R/library"
[1] "/home/lvanderl/sieveSims"
[1] "Iteration number: 1"
[1] "pos"
[1] 0.001582701 0.992251420
[1] "Fitting mu0 = E[Y|A=0,W]"
NULL
[1] "Fitting tau = E[Y|A=1,W] - E[Y|A=0,W]"
NULL
[1] "Iteration number: 2"
[1] "pos"
[1] 0.002359997 0.990119703
[1] "Fitting mu0 = E[Y|A=0,W]"
NULL
[1] "Fitting tau = E[Y|A=1,W] - E[Y|A=0,W]"
NULL
[1] 0.03439587
[1] 0.021794
[1] 0.03439587
[1] -0.1677015  1.3047442
[1] "cutoff"
[1] 0.03413655
[1] 0.03413655 0.96586345
[1] "Fitting m = E[Y|W]"
[1] "Fitting pi = E[A|W]"
[1] "Fitting tau = E[Y|A=1,W] - E[Y|A=0,W]"
[1] 0.9369241
NULL
[1] 0.03432463
[1] 0.02115742
(Intercept) 
 0.03432463 
[1] "Iteration number: 3"
[1] "pos"
[1] 0.002154866 0.989069102
[1] "Fitting mu0 = E[Y|A=0,W]"
NULL
[1] "Fitting tau = E[Y|A=1,W] - E[Y|A=0,W]"
NULL
[1] 0.03729313
[1] 0.02220691
[1] 0.03729313
[1] -0.2284002  1.3326817
[1] "cutoff"
[1] 0.01566266
[1] 0.01566266 0.98433734
[1] "Fitting m = E[Y|W]"
[1] "Fitting pi = E[A|W]"
[1] "Fitting tau = E[Y|A=1,W] - E[Y|A=0,W]"
[1] 0.9912765
NULL
[1] 0.03650429
[1] 0.02293454
(Intercept) 
 0.03650429 
[1] "Iteration number: 4"
[1] "pos"
[1] 0.001867827 0.990431933
[1] "Fitting mu0 = E[Y|A=0,W]"
NULL
[1] "Fitting tau = E[Y|A=1,W] - E[Y|A=0,W]"
NULL
[1] 0.03597717
[1] 0.02247349
[1] 0.03597717
[1] -0.2685903  1.3030067
[1] "cutoff"
[1] 0.04056225
[1] 0.04056225 0.95943775
[1] "Fitting m = E[Y|W]"
[1] "Fitting pi = E[A|W]"
[1] "Fitting tau = E[Y|A=1,W] - E[Y|A=0,W]"
[1] 0.9791435
NULL
[1] 0.03536562
[1] 0.02234133
(Intercept) 
 0.03536562 
[1] "Iteration number: 5"
[1] "pos"
[1] 0.002062203 0.989465611
[1] "Fitting mu0 = E[Y|A=0,W]"
NULL
[1] "Fitting tau = E[Y|A=1,W] - E[Y|A=0,W]"
NULL
[1] 0.03570411
[1] 0.02350471
[1] 0.03570411
[1] -0.1900738  1.2606108
[1] "cutoff"
[1] 0.005622499
[1] 0.005622499 0.994377501
[1] "Fitting m = E[Y|W]"
[1] "Fitting pi = E[A|W]"
[1] "Fitting tau = E[Y|A=1,W] - E[Y|A=0,W]"
[1] 1.019001
NULL
[1] 0.0352646
[1] 0.02251433
(Intercept) 
  0.0352646 
[1] "Iteration number: 6"
[1] "pos"
[1] 0.001974526 0.991020686
[1] "Fitting mu0 = E[Y|A=0,W]"
NULL
[1] "Fitting tau = E[Y|A=1,W] - E[Y|A=0,W]"
NULL
[1] 0.03694844
[1] 0.02157392
[1] 0.03694844
[1] -0.2834608  1.3179278
[1] "cutoff"
[1] 0.01606427
[1] 0.01606427 0.98393573
[1] "Fitting m = E[Y|W]"
[1] "Fitting pi = E[A|W]"
[1] "Fitting tau = E[Y|A=1,W] - E[Y|A=0,W]"
[1] 1.019347
NULL
[1] 0.03628527
[1] 0.02194898
(Intercept) 
 0.03628527 
[1] "Iteration number: 7"
[1] "pos"
[1] 0.001766444 0.987314798
[1] "Fitting mu0 = E[Y|A=0,W]"
NULL
[1] "Fitting tau = E[Y|A=1,W] - E[Y|A=0,W]"
NULL
[1] 0.03624583
[1] 0.02176333
[1] 0.03624583
[1] -0.2137037  1.2182489
[1] "cutoff"
[1] 0.02851406
[1] 0.02851406 0.97148594
[1] "Fitting m = E[Y|W]"
[1] "Fitting pi = E[A|W]"
[1] "Fitting tau = E[Y|A=1,W] - E[Y|A=0,W]"
[1] 1.006644
NULL
[1] 0.03589134
[1] 0.02164652
(Intercept) 
 0.03589134 
[1] "Iteration number: 8"
[1] "pos"
[1] 0.001845199 0.990855943
[1] "Fitting mu0 = E[Y|A=0,W]"
NULL
[1] "Fitting tau = E[Y|A=1,W] - E[Y|A=0,W]"
NULL
[1] "Iteration number: 9"
[1] "pos"
[1] 0.00234026 0.98951613
[1] "Fitting mu0 = E[Y|A=0,W]"
NULL
[1] "Fitting tau = E[Y|A=1,W] - E[Y|A=0,W]"
NULL
[1] 0.03587207
[1] 0.0213799
[1] 0.03587207
