LOADING R
R LOADED
[1] "/home/lvanderl/Rlibs2"                         
[2] "/app/software/R/4.2.2-foss-2021b/lib/R/library"
[1] "/home/lvanderl/sieveSims"
[1] "Current settings:"
[1] 1000
[1] 7
[1] 1
  0%  25%  50%  75% 100% 
   1    1    1    1    1 
  0%  25%  50%  75% 100% 
   1    1    1    1    1 
[1] 0.001 0.999
[1] "Current settings:"
[1] 1000
[1] 7
[1] 2
  0%  25%  50%  75% 100% 
   1    1    1    1    1 
  0%  25%  50%  75% 100% 
   1    1    1    1    1 
[1] 0.001 0.999
[1] "Current settings:"
[1] 1000
[1] 7
[1] 3
  0%  25%  50%  75% 100% 
   1    1    1    1    1 
  0%  25%  50%  75% 100% 
   1    1    1    1    1 
[1] 0.001 0.999
[1] "Current settings:"
[1] 1000
[1] 7
[1] 4
  0%  25%  50%  75% 100% 
   1    1    1    1    1 
  0%  25%  50%  75% 100% 
   1    1    1    1    1 
[1] 0.001 0.999
[1] "Current settings:"
[1] 1000
[1] 7
[1] 5
  0%  25%  50%  75% 100% 
   1    1    1    1    1 
  0%  25%  50%  75% 100% 
   1    1    1    1    1 
[1] 0.001 0.999
[1] "Current settings:"
[1] 1000
[1] 7
[1] 6
  0%  25%  50%  75% 100% 
   1    1    1    1    1 
  0%  25%  50%  75% 100% 
   1    1    1    1    1 
[1] 0.001 0.999
[1] "Current settings:"
[1] 1000
[1] 7
[1] 7
  0%  25%  50%  75% 100% 
   1    1    1    1    1 
  0%  25%  50%  75% 100% 
   1    1    1    1    1 
[1] 0.001 0.999
[1] "Current settings:"
[1] 1000
[1] 7
[1] 8
  0%  25%  50%  75% 100% 
   1    1    1    1    1 
  0%  25%  50%  75% 100% 
   1    1    1    1    1 
[1] 0.001 0.999
[1] "Current settings:"
[1] 1000
[1] 7
[1] 9
  0%  25%  50%  75% 100% 
   1    1    1    1    1 
  0%  25%  50%  75% 100% 
   1    1    1    1    1 
[1] 0.001 0.999
[1] "Current settings:"
[1] 1000
[1] 7
[1] 10
  0%  25%  50%  75% 100% 
   1    1    1    1    1 
  0%  25%  50%  75% 100% 
   1    1    1    1    1 
[1] 0.001 0.999
[1] "Current settings:"
[1] 1000
[1] 7
[1] 11
  0%  25%  50%  75% 100% 
   1    1    1    1    1 
  0%  25%  50%  75% 100% 
   1    1    1    1    1 
[1] 0.001 0.999
[1] "Current settings:"
[1] 1000
[1] 7
[1] 12
  0%  25%  50%  75% 100% 
   1    1    1    1    1 
  0%  25%  50%  75% 100% 
   1    1    1    1    1 
[1] 0.001 0.999
[1] "Current settings:"
[1] 1000
[1] 7
[1] 13
  0%  25%  50%  75% 100% 
   1    1    1    1    1 
  0%  25%  50%  75% 100% 
   1    1    1    1    1 
[1] 0.001 0.999
[1] "Current settings:"
[1] 1000
[1] 7
[1] 14
  0%  25%  50%  75% 100% 
   1    1    1    1    1 
  0%  25%  50%  75% 100% 
   1    1    1    1    1 
[1] 0.001 0.999
[1] "Current settings:"
[1] 1000
[1] 7
[1] 15
  0%  25%  50%  75% 100% 
   1    1    1    1    1 
  0%  25%  50%  75% 100% 
   1    1    1    1    1 
[1] 0.001 0.999
[1] "Current settings:"
[1] 1000
[1] 7
[1] 16
  0%  25%  50%  75% 100% 
   1    1    1    1    1 
  0%  25%  50%  75% 100% 
   1    1    1    1    1 
[1] 0.001 0.999
[1] "Current settings:"
[1] 1000
[1] 7
[1] 17
  0%  25%  50%  75% 100% 
   1    1    1    1    1 
  0%  25%  50%  75% 100% 
   1    1    1    1    1 
[1] 0.001 0.999
[1] "Current settings:"
[1] 1000
[1] 7
[1] 18
  0%  25%  50%  75% 100% 
   1    1    1    1    1 
  0%  25%  50%  75% 100% 
   1    1    1    1    1 
[1] 0.001 0.999
[1] "Current settings:"
[1] 1000
[1] 7
[1] 19
  0%  25%  50%  75% 100% 
   1    1    1    1    1 
  0%  25%  50%  75% 100% 
   1    1    1    1    1 
[1] 0.001 0.999
[1] "Current settings:"
[1] 1000
[1] 7
[1] 20
  0%  25%  50%  75% 100% 
   1    1    1    1    1 
  0%  25%  50%  75% 100% 
   1    1    1    1    1 
[1] 0.001 0.999
[1] "Current settings:"
[1] 1000
[1] 7
[1] 21
  0%  25%  50%  75% 100% 
   1    1    1    1    1 
  0%  25%  50%  75% 100% 
   1    1    1    1    1 
[1] 0.001 0.999
[1] "Current settings:"
[1] 1000
[1] 7
[1] 22
  0%  25%  50%  75% 100% 
   1    1    1    1    1 
  0%  25%  50%  75% 100% 
   1    1    1    1    1 
[1] 0.001 0.999
[1] "Current settings:"
[1] 1000
[1] 7
[1] 23
  0%  25%  50%  75% 100% 
   1    1    1    1    1 
  0%  25%  50%  75% 100% 
   1    1    1    1    1 
[1] 0.001 0.999
[1] "Current settings:"
[1] 1000
[1] 7
[1] 24
  0%  25%  50%  75% 100% 
   1    1    1    1    1 
  0%  25%  50%  75% 100% 
   1    1    1    1    1 
[1] 0.001 0.999
[1] "Current settings:"
[1] 1000
[1] 7
[1] 25
  0%  25%  50%  75% 100% 
   1    1    1    1    1 
  0%  25%  50%  75% 100% 
   1    1    1    1    1 
[1] 0.001 0.999
[1] "Current settings:"
[1] 1000
[1] 7
[1] 26
  0%  25%  50%  75% 100% 
   1    1    1    1    1 
  0%  25%  50%  75% 100% 
   1    1    1    1    1 
[1] 0.001 0.999
[1] "Current settings:"
[1] 1000
[1] 7
[1] 27
  0%  25%  50%  75% 100% 
   1    1    1    1    1 
  0%  25%  50%  75% 100% 
   1    1    1    1    1 
[1] 0.001 0.999
[1] "Current settings:"
[1] 1000
[1] 7
[1] 28
  0%  25%  50%  75% 100% 
   1    1    1    1    1 
  0%  25%  50%  75% 100% 
   1    1    1    1    1 
[1] 0.001 0.999
[1] "Current settings:"
[1] 1000
[1] 7
[1] 29
  0%  25%  50%  75% 100% 
   1    1    1    1    1 
  0%  25%  50%  75% 100% 
   1    1    1    1    1 
[1] 0.001 0.999
[1] "Current settings:"
[1] 1000
[1] 7
[1] 30
  0%  25%  50%  75% 100% 
   1    1    1    1    1 
  0%  25%  50%  75% 100% 
   1    1    1    1    1 
[1] 0.001 0.999
[1] "Current settings:"
[1] 1000
[1] 7
[1] 31
  0%  25%  50%  75% 100% 
   1    1    1    1    1 
  0%  25%  50%  75% 100% 
   1    1    1    1    1 
[1] 0.001 0.999
[1] "Current settings:"
[1] 1000
[1] 7
[1] 32
  0%  25%  50%  75% 100% 
   1    1    1    1    1 
  0%  25%  50%  75% 100% 
   1    1    1    1    1 
[1] 0.001 0.999
[1] "Current settings:"
[1] 1000
[1] 7
[1] 33
  0%  25%  50%  75% 100% 
   1    1    1    1    1 
  0%  25%  50%  75% 100% 
   1    1    1    1    1 
[1] 0.001 0.999
[1] "Current settings:"
[1] 1000
[1] 7
[1] 34
  0%  25%  50%  75% 100% 
   1    1    1    1    1 
  0%  25%  50%  75% 100% 
   1    1    1    1    1 
[1] 0.001 0.999
[1] "Current settings:"
[1] 1000
[1] 7
[1] 35
  0%  25%  50%  75% 100% 
   1    1    1    1    1 
  0%  25%  50%  75% 100% 
   1    1    1    1    1 
[1] 0.001 0.999
[1] "Current settings:"
[1] 1000
[1] 7
[1] 36
  0%  25%  50%  75% 100% 
   1    1    1    1    1 
  0%  25%  50%  75% 100% 
   1    1    1    1    1 
[1] 0.001 0.999
[1] "Current settings:"
[1] 1000
[1] 7
[1] 37
  0%  25%  50%  75% 100% 
   1    1    1    1    1 
  0%  25%  50%  75% 100% 
   1    1    1    1    1 
[1] 0.001 0.999
[1] "Current settings:"
[1] 1000
[1] 7
[1] 38
  0%  25%  50%  75% 100% 
   1    1    1    1    1 
  0%  25%  50%  75% 100% 
   1    1    1    1    1 
[1] 0.001 0.999
[1] "Current settings:"
[1] 1000
[1] 7
[1] 39
  0%  25%  50%  75% 100% 
   1    1    1    1    1 
  0%  25%  50%  75% 100% 
   1    1    1    1    1 
[1] 0.001 0.999
[1] "Current settings:"
[1] 1000
[1] 7
[1] 40
  0%  25%  50%  75% 100% 
   1    1    1    1    1 
  0%  25%  50%  75% 100% 
   1    1    1    1    1 
[1] 0.001 0.999
[1] "Current settings:"
[1] 1000
[1] 7
[1] 41
  0%  25%  50%  75% 100% 
   1    1    1    1    1 
  0%  25%  50%  75% 100% 
   1    1    1    1    1 
[1] 0.001 0.999
[1] "Current settings:"
[1] 1000
[1] 7
[1] 42
  0%  25%  50%  75% 100% 
   1    1    1    1    1 
  0%  25%  50%  75% 100% 
   1    1    1    1    1 
[1] 0.001 0.999
[1] "Current settings:"
[1] 1000
[1] 7
[1] 43
  0%  25%  50%  75% 100% 
   1    1    1    1    1 
  0%  25%  50%  75% 100% 
   1    1    1    1    1 
[1] 0.001 0.999
[1] "Current settings:"
[1] 1000
[1] 7
[1] 44
  0%  25%  50%  75% 100% 
   1    1    1    1    1 
  0%  25%  50%  75% 100% 
   1    1    1    1    1 
[1] 0.001 0.999
[1] "Current settings:"
[1] 1000
[1] 7
[1] 45
  0%  25%  50%  75% 100% 
   1    1    1    1    1 
  0%  25%  50%  75% 100% 
   1    1    1    1    1 
[1] 0.001 0.999
[1] "Current settings:"
[1] 1000
[1] 7
[1] 46
  0%  25%  50%  75% 100% 
   1    1    1    1    1 
  0%  25%  50%  75% 100% 
   1    1    1    1    1 
[1] 0.001 0.999
[1] "Current settings:"
[1] 1000
[1] 7
[1] 47
  0%  25%  50%  75% 100% 
   1    1    1    1    1 
  0%  25%  50%  75% 100% 
   1    1    1    1    1 
[1] 0.001 0.999
[1] "Current settings:"
[1] 1000
[1] 7
[1] 48
  0%  25%  50%  75% 100% 
   1    1    1    1    1 
  0%  25%  50%  75% 100% 
   1    1    1    1    1 
[1] 0.001 0.999
[1] "Current settings:"
[1] 1000
[1] 7
[1] 49
  0%  25%  50%  75% 100% 
   1    1    1    1    1 
  0%  25%  50%  75% 100% 
   1    1    1    1    1 
[1] 0.001 0.999
[1] "Current settings:"
[1] 1000
[1] 7
[1] 50
  0%  25%  50%  75% 100% 
   1    1    1    1    1 
  0%  25%  50%  75% 100% 
   1    1    1    1    1 
[1] 0.001 0.999
[1] "Current settings:"
[1] 1000
[1] 7
[1] 51
  0%  25%  50%  75% 100% 
   1    1    1    1    1 
  0%  25%  50%  75% 100% 
   1    1    1    1    1 
[1] 0.001 0.999
[1] "Current settings:"
[1] 1000
[1] 7
[1] 52
  0%  25%  50%  75% 100% 
   1    1    1    1    1 
  0%  25%  50%  75% 100% 
   1    1    1    1    1 
[1] 0.001 0.999
[1] "Current settings:"
[1] 1000
[1] 7
[1] 53
  0%  25%  50%  75% 100% 
   1    1    1    1    1 
  0%  25%  50%  75% 100% 
   1    1    1    1    1 
[1] 0.001 0.999
[1] "Current settings:"
[1] 1000
[1] 7
[1] 54
  0%  25%  50%  75% 100% 
   1    1    1    1    1 
  0%  25%  50%  75% 100% 
   1    1    1    1    1 
[1] 0.001 0.999
[1] "Current settings:"
[1] 1000
[1] 7
[1] 55
  0%  25%  50%  75% 100% 
   1    1    1    1    1 
  0%  25%  50%  75% 100% 
   1    1    1    1    1 
[1] 0.001 0.999
[1] "Current settings:"
[1] 1000
[1] 7
[1] 56
  0%  25%  50%  75% 100% 
   1    1    1    1    1 
  0%  25%  50%  75% 100% 
   1    1    1    1    1 
[1] 0.001 0.999
[1] "Current settings:"
[1] 1000
[1] 7
[1] 57
  0%  25%  50%  75% 100% 
   1    1    1    1    1 
  0%  25%  50%  75% 100% 
   1    1    1    1    1 
[1] 0.001 0.999
[1] "Current settings:"
[1] 1000
[1] 7
[1] 58
  0%  25%  50%  75% 100% 
   1    1    1    1    1 
  0%  25%  50%  75% 100% 
   1    1    1    1    1 
[1] 0.001 0.999
[1] "Current settings:"
[1] 1000
[1] 7
[1] 59
  0%  25%  50%  75% 100% 
   1    1    1    1    1 
  0%  25%  50%  75% 100% 
   1    1    1    1    1 
[1] 0.001 0.999
[1] "Current settings:"
[1] 1000
[1] 7
[1] 60
  0%  25%  50%  75% 100% 
   1    1    1    1    1 
  0%  25%  50%  75% 100% 
   1    1    1    1    1 
[1] 0.001 0.999
[1] "Current settings:"
[1] 1000
[1] 7
[1] 61
  0%  25%  50%  75% 100% 
   1    1    1    1    1 
  0%  25%  50%  75% 100% 
   1    1    1    1    1 
[1] 0.001 0.999
[1] "Current settings:"
[1] 1000
[1] 7
[1] 62
  0%  25%  50%  75% 100% 
   1    1    1    1    1 
  0%  25%  50%  75% 100% 
   1    1    1    1    1 
[1] 0.001 0.999
[1] "Current settings:"
[1] 1000
[1] 7
[1] 63
  0%  25%  50%  75% 100% 
   1    1    1    1    1 
  0%  25%  50%  75% 100% 
   1    1    1    1    1 
[1] 0.001 0.999
[1] "Current settings:"
[1] 1000
[1] 7
[1] 64
  0%  25%  50%  75% 100% 
   1    1    1    1    1 
  0%  25%  50%  75% 100% 
   1    1    1    1    1 
[1] 0.001 0.999
[1] "Current settings:"
[1] 1000
[1] 7
[1] 65
  0%  25%  50%  75% 100% 
   1    1    1    1    1 
  0%  25%  50%  75% 100% 
   1    1    1    1    1 
[1] 0.001 0.999
[1] "Current settings:"
[1] 1000
[1] 7
[1] 66
  0%  25%  50%  75% 100% 
   1    1    1    1    1 
  0%  25%  50%  75% 100% 
   1    1    1    1    1 
[1] 0.001 0.999
[1] "Current settings:"
[1] 1000
[1] 7
[1] 67
  0%  25%  50%  75% 100% 
   1    1    1    1    1 
  0%  25%  50%  75% 100% 
   1    1    1    1    1 
[1] 0.001 0.999
[1] "Current settings:"
[1] 1000
[1] 7
[1] 68
  0%  25%  50%  75% 100% 
   1    1    1    1    1 
  0%  25%  50%  75% 100% 
   1    1    1    1    1 
[1] 0.001 0.999
[1] "Current settings:"
[1] 1000
[1] 7
[1] 69
  0%  25%  50%  75% 100% 
   1    1    1    1    1 
  0%  25%  50%  75% 100% 
   1    1    1    1    1 
[1] 0.001 0.999
[1] "Current settings:"
[1] 1000
[1] 7
[1] 70
  0%  25%  50%  75% 100% 
   1    1    1    1    1 
  0%  25%  50%  75% 100% 
   1    1    1    1    1 
[1] 0.001 0.999
[1] "Current settings:"
[1] 1000
[1] 7
[1] 71
  0%  25%  50%  75% 100% 
   1    1    1    1    1 
  0%  25%  50%  75% 100% 
   1    1    1    1    1 
[1] 0.001 0.999
[1] "Current settings:"
[1] 1000
[1] 7
[1] 72
  0%  25%  50%  75% 100% 
   1    1    1    1    1 
  0%  25%  50%  75% 100% 
   1    1    1    1    1 
[1] 0.001 0.999
[1] "Current settings:"
[1] 1000
[1] 7
[1] 73
  0%  25%  50%  75% 100% 
   1    1    1    1    1 
  0%  25%  50%  75% 100% 
   1    1    1    1    1 
[1] 0.001 0.999
[1] "Current settings:"
[1] 1000
[1] 7
[1] 74
  0%  25%  50%  75% 100% 
   1    1    1    1    1 
  0%  25%  50%  75% 100% 
   1    1    1    1    1 
[1] 0.001 0.999
[1] "Current settings:"
[1] 1000
[1] 7
[1] 75
  0%  25%  50%  75% 100% 
   1    1    1    1    1 
  0%  25%  50%  75% 100% 
   1    1    1    1    1 
[1] 0.001 0.999
[1] "Current settings:"
[1] 1000
[1] 7
[1] 76
  0%  25%  50%  75% 100% 
   1    1    1    1    1 
  0%  25%  50%  75% 100% 
   1    1    1    1    1 
[1] 0.001 0.999
[1] "Current settings:"
[1] 1000
[1] 7
[1] 77
  0%  25%  50%  75% 100% 
   1    1    1    1    1 
  0%  25%  50%  75% 100% 
   1    1    1    1    1 
[1] 0.001 0.999
[1] "Current settings:"
[1] 1000
[1] 7
[1] 78
  0%  25%  50%  75% 100% 
   1    1    1    1    1 
  0%  25%  50%  75% 100% 
   1    1    1    1    1 
[1] 0.001 0.999
[1] "Current settings:"
[1] 1000
[1] 7
[1] 79
  0%  25%  50%  75% 100% 
   1    1    1    1    1 
  0%  25%  50%  75% 100% 
   1    1    1    1    1 
[1] 0.001 0.999
[1] "Current settings:"
[1] 1000
[1] 7
[1] 80
  0%  25%  50%  75% 100% 
   1    1    1    1    1 
  0%  25%  50%  75% 100% 
   1    1    1    1    1 
[1] 0.001 0.999
[1] "Current settings:"
[1] 1000
[1] 7
[1] 81
  0%  25%  50%  75% 100% 
   1    1    1    1    1 
  0%  25%  50%  75% 100% 
   1    1    1    1    1 
[1] 0.001 0.999
[1] "Current settings:"
[1] 1000
[1] 7
[1] 82
  0%  25%  50%  75% 100% 
   1    1    1    1    1 
  0%  25%  50%  75% 100% 
   1    1    1    1    1 
[1] 0.001 0.999
[1] "Current settings:"
[1] 1000
[1] 7
[1] 83
  0%  25%  50%  75% 100% 
   1    1    1    1    1 
  0%  25%  50%  75% 100% 
   1    1    1    1    1 
[1] 0.001 0.999
[1] "Current settings:"
[1] 1000
[1] 7
[1] 84
  0%  25%  50%  75% 100% 
   1    1    1    1    1 
  0%  25%  50%  75% 100% 
   1    1    1    1    1 
[1] 0.001 0.999
[1] "Current settings:"
[1] 1000
[1] 7
[1] 85
  0%  25%  50%  75% 100% 
   1    1    1    1    1 
  0%  25%  50%  75% 100% 
   1    1    1    1    1 
[1] 0.001 0.999
[1] "Current settings:"
[1] 1000
[1] 7
[1] 86
  0%  25%  50%  75% 100% 
   1    1    1    1    1 
  0%  25%  50%  75% 100% 
   1    1    1    1    1 
[1] 0.001 0.999
[1] "Current settings:"
[1] 1000
[1] 7
[1] 87
  0%  25%  50%  75% 100% 
   1    1    1    1    1 
  0%  25%  50%  75% 100% 
   1    1    1    1    1 
[1] 0.001 0.999
[1] "Current settings:"
[1] 1000
[1] 7
[1] 88
  0%  25%  50%  75% 100% 
   1    1    1    1    1 
  0%  25%  50%  75% 100% 
   1    1    1    1    1 
[1] 0.001 0.999
[1] "Current settings:"
[1] 1000
[1] 7
[1] 89
  0%  25%  50%  75% 100% 
   1    1    1    1    1 
  0%  25%  50%  75% 100% 
   1    1    1    1    1 
[1] 0.001 0.999
[1] "Current settings:"
[1] 1000
[1] 7
[1] 90
  0%  25%  50%  75% 100% 
   1    1    1    1    1 
  0%  25%  50%  75% 100% 
   1    1    1    1    1 
[1] 0.001 0.999
[1] "Current settings:"
[1] 1000
[1] 7
[1] 91
  0%  25%  50%  75% 100% 
   1    1    1    1    1 
  0%  25%  50%  75% 100% 
   1    1    1    1    1 
[1] 0.001 0.999
[1] "Current settings:"
[1] 1000
[1] 7
[1] 92
  0%  25%  50%  75% 100% 
   1    1    1    1    1 
  0%  25%  50%  75% 100% 
   1    1    1    1    1 
[1] 0.001 0.999
[1] "Current settings:"
[1] 1000
[1] 7
[1] 93
  0%  25%  50%  75% 100% 
   1    1    1    1    1 
  0%  25%  50%  75% 100% 
   1    1    1    1    1 
[1] 0.001 0.999
[1] "Current settings:"
[1] 1000
[1] 7
[1] 94
  0%  25%  50%  75% 100% 
   1    1    1    1    1 
  0%  25%  50%  75% 100% 
   1    1    1    1    1 
[1] 0.001 0.999
[1] "Current settings:"
[1] 1000
[1] 7
[1] 95
  0%  25%  50%  75% 100% 
   1    1    1    1    1 
  0%  25%  50%  75% 100% 
   1    1    1    1    1 
[1] 0.001 0.999
[1] "Current settings:"
[1] 1000
[1] 7
[1] 96
  0%  25%  50%  75% 100% 
   1    1    1    1    1 
  0%  25%  50%  75% 100% 
   1    1    1    1    1 
[1] 0.001 0.999
[1] "Current settings:"
[1] 1000
[1] 7
[1] 97
  0%  25%  50%  75% 100% 
   1    1    1    1    1 
  0%  25%  50%  75% 100% 
   1    1    1    1    1 
[1] 0.001 0.999
[1] "Current settings:"
[1] 1000
[1] 7
[1] 98
  0%  25%  50%  75% 100% 
   1    1    1    1    1 
  0%  25%  50%  75% 100% 
   1    1    1    1    1 
[1] 0.001 0.999
[1] "Current settings:"
[1] 1000
[1] 7
[1] 99
  0%  25%  50%  75% 100% 
   1    1    1    1    1 
  0%  25%  50%  75% 100% 
   1    1    1    1    1 
[1] 0.001 0.999
[1] "Current settings:"
[1] 1000
[1] 7
[1] 100
  0%  25%  50%  75% 100% 
   1    1    1    1    1 
  0%  25%  50%  75% 100% 
   1    1    1    1    1 
[1] 0.001 0.999
[1] "Current settings:"
[1] 1000
[1] 7
[1] 101
  0%  25%  50%  75% 100% 
   1    1    1    1    1 
  0%  25%  50%  75% 100% 
   1    1    1    1    1 
[1] 0.001 0.999
[1] "Current settings:"
[1] 1000
[1] 7
[1] 102
  0%  25%  50%  75% 100% 
   1    1    1    1    1 
  0%  25%  50%  75% 100% 
   1    1    1    1    1 
[1] 0.001 0.999
[1] "Current settings:"
[1] 1000
[1] 7
[1] 103
  0%  25%  50%  75% 100% 
   1    1    1    1    1 
  0%  25%  50%  75% 100% 
   1    1    1    1    1 
[1] 0.001 0.999
[1] "Current settings:"
[1] 1000
[1] 7
[1] 104
  0%  25%  50%  75% 100% 
   1    1    1    1    1 
  0%  25%  50%  75% 100% 
   1    1    1    1    1 
[1] 0.001 0.999
[1] "Current settings:"
[1] 1000
[1] 7
[1] 105
  0%  25%  50%  75% 100% 
   1    1    1    1    1 
  0%  25%  50%  75% 100% 
   1    1    1    1    1 
[1] 0.001 0.999
[1] "Current settings:"
[1] 1000
[1] 7
[1] 106
  0%  25%  50%  75% 100% 
   1    1    1    1    1 
  0%  25%  50%  75% 100% 
   1    1    1    1    1 
[1] 0.001 0.999
[1] "Current settings:"
[1] 1000
[1] 7
[1] 107
  0%  25%  50%  75% 100% 
   1    1    1    1    1 
  0%  25%  50%  75% 100% 
   1    1    1    1    1 
[1] 0.001 0.999
[1] "Current settings:"
[1] 1000
[1] 7
[1] 108
  0%  25%  50%  75% 100% 
   1    1    1    1    1 
  0%  25%  50%  75% 100% 
   1    1    1    1    1 
[1] 0.001 0.999
[1] "Current settings:"
[1] 1000
[1] 7
[1] 109
  0%  25%  50%  75% 100% 
   1    1    1    1    1 
  0%  25%  50%  75% 100% 
   1    1    1    1    1 
[1] 0.001 0.999
[1] "Current settings:"
[1] 1000
[1] 7
[1] 110
  0%  25%  50%  75% 100% 
   1    1    1    1    1 
  0%  25%  50%  75% 100% 
   1    1    1    1    1 
[1] 0.001 0.999
[1] "Current settings:"
[1] 1000
[1] 7
[1] 111
  0%  25%  50%  75% 100% 
   1    1    1    1    1 
  0%  25%  50%  75% 100% 
   1    1    1    1    1 
