LOADING R
R LOADED
[1] "/home/lvanderl/Rlibs2"                         
[2] "/app/software/R/4.2.2-foss-2021b/lib/R/library"
[1] "/home/lvanderl/sieveSims"
[1] "Iteration number: 1"
[1] "pos"
[1] 0.04774057 0.91249167
[1] "Fitting mu0 = E[Y|A=0,W]"
NULL
[1] "Fitting tau = E[Y|A=1,W] - E[Y|A=0,W]"
NULL
[1] 0.03446611
[1] 0.02345771
[1] 0.03446611
[1] -0.02436063  1.01419685
[1] "cutoff"
[1] 1e-08
[1] 1e-08 1e+00
[1] "Fitting m = E[Y|W]"
[1] "Fitting pi = E[A|W]"
[1] "Fitting tau = E[Y|A=1,W] - E[Y|A=0,W]"
[1] 1.029329
NULL
[1] 0.03453826
[1] 0.02387617
(Intercept) 
 0.03453826 
[1] "Iteration number: 2"
[1] "pos"
[1] 0.04184244 0.90951230
[1] "Fitting mu0 = E[Y|A=0,W]"
NULL
[1] "Fitting tau = E[Y|A=1,W] - E[Y|A=0,W]"
NULL
[1] 0.03463373
[1] 0.0240115
[1] 0.03463373
[1] 0.007323953 0.986255839
[1] "cutoff"
[1] 0.007228925
[1] 0.007323953 0.986255839
[1] "Fitting m = E[Y|W]"
[1] "Fitting pi = E[A|W]"
[1] "Fitting tau = E[Y|A=1,W] - E[Y|A=0,W]"
[1] 1.053691
NULL
[1] 0.03419021
[1] 0.02379584
(Intercept) 
 0.03419021 
[1] "Iteration number: 3"
[1] "pos"
[1] 0.04192876 0.91820515
[1] "Fitting mu0 = E[Y|A=0,W]"
NULL
[1] "Fitting tau = E[Y|A=1,W] - E[Y|A=0,W]"
NULL
[1] 0.03408557
[1] 0.02229445
[1] 0.03408557
[1] -0.05384645  1.02127831
[1] "cutoff"
[1] 1e-08
[1] 1e-08 1e+00
[1] "Fitting m = E[Y|W]"
[1] "Fitting pi = E[A|W]"
[1] "Fitting tau = E[Y|A=1,W] - E[Y|A=0,W]"
[1] 0.9643947
NULL
[1] 0.03332535
[1] 0.02195044
(Intercept) 
 0.03332535 
[1] "Iteration number: 4"
[1] "pos"
[1] 0.04305404 0.91659009
[1] "Fitting mu0 = E[Y|A=0,W]"
NULL
[1] "Fitting tau = E[Y|A=1,W] - E[Y|A=0,W]"
NULL
[1] 0.03381016
[1] 0.02354813
[1] 0.03381016
[1] -0.003260844  0.989172384
[1] "cutoff"
[1] 1e-08
[1] 0.00000001 0.98917238
[1] "Fitting m = E[Y|W]"
[1] "Fitting pi = E[A|W]"
[1] "Fitting tau = E[Y|A=1,W] - E[Y|A=0,W]"
[1] 0.9580835
NULL
[1] 0.03417423
[1] 0.02373951
(Intercept) 
 0.03417423 
[1] "Iteration number: 5"
[1] "pos"
[1] 0.04288325 0.91314359
[1] "Fitting mu0 = E[Y|A=0,W]"
NULL
[1] "Fitting tau = E[Y|A=1,W] - E[Y|A=0,W]"
NULL
[1] 0.03281172
[1] 0.02284816
[1] 0.03281172
