LOADING R
R LOADED
[1] "/home/lvanderl/Rlibs2"                         
[2] "/app/software/R/4.2.2-foss-2021b/lib/R/library"
[1] "/home/lvanderl/sieveSims"
[1] "Iteration number: 1"
[1] "pos"
[1] 2.913723e-06 9.998911e-01
[1] "Fitting mu0 = E[Y|A=0,W]"
[1] "Iteration number: 2"
[1] "pos"
[1] 3.212257e-06 9.999178e-01
[1] "Fitting mu0 = E[Y|A=0,W]"
[1] "Iteration number: 3"
[1] "pos"
[1] 3.124603e-06 9.999214e-01
[1] "Fitting mu0 = E[Y|A=0,W]"
[1] "Iteration number: 4"
[1] "pos"
[1] 3.350558e-06 9.999050e-01
[1] "Fitting mu0 = E[Y|A=0,W]"
[1] "Iteration number: 5"
[1] "pos"
[1] 4.103397e-06 9.999271e-01
[1] "Fitting mu0 = E[Y|A=0,W]"
[1] "Iteration number: 6"
[1] "pos"
[1] 4.108725e-06 9.998963e-01
[1] "Fitting mu0 = E[Y|A=0,W]"
[1] "Iteration number: 7"
[1] "pos"
[1] 5.287809e-06 9.999442e-01
[1] "Fitting mu0 = E[Y|A=0,W]"
[1] "Iteration number: 8"
[1] "pos"
[1] 3.383011e-06 9.998994e-01
[1] "Fitting mu0 = E[Y|A=0,W]"
[1] "Iteration number: 9"
[1] "pos"
[1] 3.387194e-06 9.999077e-01
[1] "Fitting mu0 = E[Y|A=0,W]"
[1] "Iteration number: 10"
[1] "pos"
[1] 3.672595e-06 9.999031e-01
[1] "Fitting mu0 = E[Y|A=0,W]"
[1] "Iteration number: 11"
[1] "pos"
[1] 4.608142e-06 9.999027e-01
[1] "Fitting mu0 = E[Y|A=0,W]"
[1] "Iteration number: 12"
[1] "pos"
[1] 4.124489e-06 9.999096e-01
[1] "Fitting mu0 = E[Y|A=0,W]"
[1] "Iteration number: 13"
[1] "pos"
[1] 3.895304e-06 9.998750e-01
[1] "Fitting mu0 = E[Y|A=0,W]"
[1] "Iteration number: 14"
[1] "pos"
[1] 3.998854e-06 9.999193e-01
[1] "Fitting mu0 = E[Y|A=0,W]"
[1] "Iteration number: 15"
[1] "pos"
[1] 4.377171e-06 9.999349e-01
[1] "Fitting mu0 = E[Y|A=0,W]"
[1] "Iteration number: 16"
[1] "pos"
[1] 3.594040e-06 9.999033e-01
[1] "Fitting mu0 = E[Y|A=0,W]"
[1] "Iteration number: 17"
[1] "pos"
[1] 6.043666e-06 9.999330e-01
[1] "Fitting mu0 = E[Y|A=0,W]"
[1] "Iteration number: 18"
[1] "pos"
[1] 3.508067e-06 9.998847e-01
[1] "Fitting mu0 = E[Y|A=0,W]"
[1] "Iteration number: 19"
[1] "pos"
[1] 3.063349e-06 9.999339e-01
[1] "Fitting mu0 = E[Y|A=0,W]"
[1] "Iteration number: 20"
[1] "pos"
[1] 2.719090e-06 9.999304e-01
[1] "Fitting mu0 = E[Y|A=0,W]"
[1] "Iteration number: 21"
[1] "pos"
[1] 4.557061e-06 9.999022e-01
[1] "Fitting mu0 = E[Y|A=0,W]"
[1] "Iteration number: 22"
[1] "pos"
[1] 2.805261e-06 9.999268e-01
[1] "Fitting mu0 = E[Y|A=0,W]"
[1] "Iteration number: 23"
[1] "pos"
[1] 2.970519e-06 9.999192e-01
[1] "Fitting mu0 = E[Y|A=0,W]"
[1] "Iteration number: 24"
[1] "pos"
[1] 4.596751e-06 9.999086e-01
[1] "Fitting mu0 = E[Y|A=0,W]"
[1] "Iteration number: 25"
[1] "pos"
[1] 3.291733e-06 9.999452e-01
[1] "Fitting mu0 = E[Y|A=0,W]"
[1] "Iteration number: 26"
[1] "pos"
[1] 7.017589e-06 9.999221e-01
[1] "Fitting mu0 = E[Y|A=0,W]"
[1] "Iteration number: 27"
[1] "pos"
[1] 2.866496e-06 9.999074e-01
[1] "Fitting mu0 = E[Y|A=0,W]"
[1] "Iteration number: 28"
[1] "pos"
[1] 5.626254e-06 9.998878e-01
[1] "Fitting mu0 = E[Y|A=0,W]"
[1] "Iteration number: 29"
[1] "pos"
[1] 3.028677e-06 9.999237e-01
[1] "Fitting mu0 = E[Y|A=0,W]"
[1] "Iteration number: 30"
[1] "pos"
[1] 3.14633e-06 9.99882e-01
[1] "Fitting mu0 = E[Y|A=0,W]"
[1] "Iteration number: 31"
[1] "pos"
[1] 3.585502e-06 9.999324e-01
[1] "Fitting mu0 = E[Y|A=0,W]"
[1] "Iteration number: 32"
[1] "pos"
[1] 4.397348e-06 9.999240e-01
[1] "Fitting mu0 = E[Y|A=0,W]"
[1] "Iteration number: 33"
[1] "pos"
[1] 3.215352e-06 9.999255e-01
[1] "Fitting mu0 = E[Y|A=0,W]"
[1] "Iteration number: 34"
[1] "pos"
[1] 3.162853e-06 9.999165e-01
[1] "Fitting mu0 = E[Y|A=0,W]"
[1] "Iteration number: 35"
[1] "pos"
[1] 3.681101e-06 9.999174e-01
[1] "Fitting mu0 = E[Y|A=0,W]"
[1] "Iteration number: 36"
[1] "pos"
[1] 5.927783e-06 9.999394e-01
[1] "Fitting mu0 = E[Y|A=0,W]"
[1] "Iteration number: 37"
[1] "pos"
[1] 5.556822e-06 9.999052e-01
[1] "Fitting mu0 = E[Y|A=0,W]"
[1] "Iteration number: 38"
[1] "pos"
[1] 4.326405e-06 9.999001e-01
[1] "Fitting mu0 = E[Y|A=0,W]"
[1] "Iteration number: 39"
[1] "pos"
[1] 3.349505e-06 9.999081e-01
[1] "Fitting mu0 = E[Y|A=0,W]"
[1] "Iteration number: 40"
[1] "pos"
[1] 7.445652e-06 9.999248e-01
[1] "Fitting mu0 = E[Y|A=0,W]"
[1] "Iteration number: 41"
[1] "pos"
[1] 3.477391e-06 9.998847e-01
[1] "Fitting mu0 = E[Y|A=0,W]"
[1] "Iteration number: 42"
[1] "pos"
[1] 0.000004526 0.999926072
[1] "Fitting mu0 = E[Y|A=0,W]"
[1] "Iteration number: 43"
[1] "pos"
[1] 3.607761e-06 9.999369e-01
[1] "Fitting mu0 = E[Y|A=0,W]"
[1] "Iteration number: 44"
[1] "pos"
[1] 3.629686e-06 9.999194e-01
[1] "Fitting mu0 = E[Y|A=0,W]"
[1] "Iteration number: 45"
[1] "pos"
[1] 3.071985e-06 9.999286e-01
[1] "Fitting mu0 = E[Y|A=0,W]"
[1] "Iteration number: 46"
[1] "pos"
[1] 4.021874e-06 9.999339e-01
[1] "Fitting mu0 = E[Y|A=0,W]"
[1] "Iteration number: 47"
[1] "pos"
[1] 4.636775e-06 9.999175e-01
[1] "Fitting mu0 = E[Y|A=0,W]"
[1] "Iteration number: 48"
[1] "pos"
[1] 4.806275e-06 9.998918e-01
[1] "Fitting mu0 = E[Y|A=0,W]"
[1] "Iteration number: 49"
[1] "pos"
[1] 3.882687e-06 9.999365e-01
[1] "Fitting mu0 = E[Y|A=0,W]"
[1] "Iteration number: 50"
[1] "pos"
[1] 2.542563e-06 9.999266e-01
[1] "Fitting mu0 = E[Y|A=0,W]"
[1] "Iteration number: 51"
[1] "pos"
[1] 4.658936e-06 9.998913e-01
[1] "Fitting mu0 = E[Y|A=0,W]"
[1] "Iteration number: 52"
[1] "pos"
[1] 3.029977e-06 9.998967e-01
[1] "Fitting mu0 = E[Y|A=0,W]"
[1] "Iteration number: 53"
[1] "pos"
[1] 3.887105e-06 9.998680e-01
[1] "Fitting mu0 = E[Y|A=0,W]"
[1] "Iteration number: 54"
[1] "pos"
[1] 2.809423e-06 9.999302e-01
[1] "Fitting mu0 = E[Y|A=0,W]"
[1] "Iteration number: 55"
[1] "pos"
[1] 5.456946e-06 9.999011e-01
[1] "Fitting mu0 = E[Y|A=0,W]"
[1] "Iteration number: 56"
[1] "pos"
[1] 3.406565e-06 9.999293e-01
[1] "Fitting mu0 = E[Y|A=0,W]"
[1] "Iteration number: 57"
[1] "pos"
[1] 2.509266e-06 9.999340e-01
[1] "Fitting mu0 = E[Y|A=0,W]"
[1] "Iteration number: 58"
[1] "pos"
[1] 4.151091e-06 9.998646e-01
[1] "Fitting mu0 = E[Y|A=0,W]"
[1] "Iteration number: 59"
[1] "pos"
[1] 3.627342e-06 9.999374e-01
[1] "Fitting mu0 = E[Y|A=0,W]"
[1] "Iteration number: 60"
[1] "pos"
[1] 3.045023e-06 9.999138e-01
[1] "Fitting mu0 = E[Y|A=0,W]"
[1] "Iteration number: 61"
[1] "pos"
[1] 2.581235e-06 9.999102e-01
[1] "Fitting mu0 = E[Y|A=0,W]"
[1] "Iteration number: 62"
[1] "pos"
[1] 4.202598e-06 9.999052e-01
[1] "Fitting mu0 = E[Y|A=0,W]"
[1] "Iteration number: 63"
[1] "pos"
[1] 3.31160e-06 9.99919e-01
[1] "Fitting mu0 = E[Y|A=0,W]"
[1] "Iteration number: 64"
[1] "pos"
[1] 4.588792e-06 9.999238e-01
[1] "Fitting mu0 = E[Y|A=0,W]"
[1] "Iteration number: 65"
[1] "pos"
[1] 2.769786e-06 9.999341e-01
[1] "Fitting mu0 = E[Y|A=0,W]"
[1] "Iteration number: 66"
[1] "pos"
[1] 3.470979e-06 9.999228e-01
[1] "Fitting mu0 = E[Y|A=0,W]"
[1] "Iteration number: 67"
[1] "pos"
[1] 3.567777e-06 9.998459e-01
[1] "Fitting mu0 = E[Y|A=0,W]"
[1] "Iteration number: 68"
[1] "pos"
[1] 5.431886e-06 9.999314e-01
[1] "Fitting mu0 = E[Y|A=0,W]"
[1] "Iteration number: 69"
[1] "pos"
[1] 5.015149e-06 9.999317e-01
[1] "Fitting mu0 = E[Y|A=0,W]"
[1] "Iteration number: 70"
[1] "pos"
[1] 3.417663e-06 9.999184e-01
[1] "Fitting mu0 = E[Y|A=0,W]"
[1] "Iteration number: 71"
[1] "pos"
[1] 2.642467e-06 9.999128e-01
[1] "Fitting mu0 = E[Y|A=0,W]"
[1] "Iteration number: 72"
[1] "pos"
[1] 5.105041e-06 9.999394e-01
[1] "Fitting mu0 = E[Y|A=0,W]"
[1] "Iteration number: 73"
[1] "pos"
[1] 2.695568e-06 9.999219e-01
[1] "Fitting mu0 = E[Y|A=0,W]"
[1] "Iteration number: 74"
[1] "pos"
[1] 4.864561e-06 9.997979e-01
[1] "Fitting mu0 = E[Y|A=0,W]"
[1] "Iteration number: 75"
[1] "pos"
[1] 4.014628e-06 9.998445e-01
[1] "Fitting mu0 = E[Y|A=0,W]"
[1] "Iteration number: 76"
[1] "pos"
[1] 3.733873e-06 9.999263e-01
[1] "Fitting mu0 = E[Y|A=0,W]"
[1] "Iteration number: 77"
[1] "pos"
[1] 3.053344e-06 9.999163e-01
[1] "Fitting mu0 = E[Y|A=0,W]"
[1] "Iteration number: 78"
[1] "pos"
[1] 3.393962e-06 9.999223e-01
[1] "Fitting mu0 = E[Y|A=0,W]"
[1] "Iteration number: 79"
[1] "pos"
[1] 4.419441e-06 9.999066e-01
[1] "Fitting mu0 = E[Y|A=0,W]"
[1] "Iteration number: 80"
[1] "pos"
[1] 3.492959e-06 9.999291e-01
[1] "Fitting mu0 = E[Y|A=0,W]"
[1] "Iteration number: 81"
[1] "pos"
[1] 4.076453e-06 9.999281e-01
[1] "Fitting mu0 = E[Y|A=0,W]"
[1] "Iteration number: 82"
[1] "pos"
[1] 3.017302e-06 9.999325e-01
[1] "Fitting mu0 = E[Y|A=0,W]"
[1] "Iteration number: 83"
[1] "pos"
[1] 4.284005e-06 9.998659e-01
[1] "Fitting mu0 = E[Y|A=0,W]"
[1] "Iteration number: 84"
[1] "pos"
[1] 4.648623e-06 9.999068e-01
[1] "Fitting mu0 = E[Y|A=0,W]"
[1] "Iteration number: 85"
[1] "pos"
[1] 2.915077e-06 9.999212e-01
[1] "Fitting mu0 = E[Y|A=0,W]"
[1] "Iteration number: 86"
[1] "pos"
[1] 3.565546e-06 9.999008e-01
[1] "Fitting mu0 = E[Y|A=0,W]"
[1] "Iteration number: 87"
[1] "pos"
[1] 2.735822e-06 9.998725e-01
[1] "Fitting mu0 = E[Y|A=0,W]"
[1] "Iteration number: 88"
[1] "pos"
[1] 2.966223e-06 9.998944e-01
[1] "Fitting mu0 = E[Y|A=0,W]"
[1] "Iteration number: 89"
[1] "pos"
[1] 3.767959e-06 9.999373e-01
[1] "Fitting mu0 = E[Y|A=0,W]"
[1] "Iteration number: 90"
[1] "pos"
[1] 2.850951e-06 9.999042e-01
[1] "Fitting mu0 = E[Y|A=0,W]"
[1] "Iteration number: 91"
[1] "pos"
[1] 3.216564e-06 9.998929e-01
[1] "Fitting mu0 = E[Y|A=0,W]"
[1] "Iteration number: 92"
[1] "pos"
[1] 4.878904e-06 9.999391e-01
[1] "Fitting mu0 = E[Y|A=0,W]"
[1] "Iteration number: 93"
[1] "pos"
[1] 2.877929e-06 9.999092e-01
[1] "Fitting mu0 = E[Y|A=0,W]"
[1] "Iteration number: 94"
[1] "pos"
[1] 3.296862e-06 9.999082e-01
[1] "Fitting mu0 = E[Y|A=0,W]"
[1] "Iteration number: 95"
[1] "pos"
[1] 6.525430e-06 9.999181e-01
[1] "Fitting mu0 = E[Y|A=0,W]"
[1] "Iteration number: 96"
[1] "pos"
[1] 5.853218e-06 9.998903e-01
[1] "Fitting mu0 = E[Y|A=0,W]"
[1] "Iteration number: 97"
[1] "pos"
[1] 3.065607e-06 9.999160e-01
[1] "Fitting mu0 = E[Y|A=0,W]"
[1] "Iteration number: 98"
[1] "pos"
[1] 4.346351e-06 9.999235e-01
[1] "Fitting mu0 = E[Y|A=0,W]"
[1] "Iteration number: 99"
[1] "pos"
[1] 4.239749e-06 9.998788e-01
[1] "Fitting mu0 = E[Y|A=0,W]"
[1] "Iteration number: 100"
[1] "pos"
[1] 3.644166e-06 9.999221e-01
[1] "Fitting mu0 = E[Y|A=0,W]"
[1] "Iteration number: 101"
[1] "pos"
[1] 3.463317e-06 9.999327e-01
[1] "Fitting mu0 = E[Y|A=0,W]"
[1] "Iteration number: 102"
[1] "pos"
[1] 4.647408e-06 9.998917e-01
[1] "Fitting mu0 = E[Y|A=0,W]"
[1] "Iteration number: 103"
[1] "pos"
[1] 3.454077e-06 9.999108e-01
[1] "Fitting mu0 = E[Y|A=0,W]"
[1] "Iteration number: 104"
[1] "pos"
[1] 2.827357e-06 9.999342e-01
[1] "Fitting mu0 = E[Y|A=0,W]"
[1] "Iteration number: 105"
[1] "pos"
[1] 3.330409e-06 9.999365e-01
[1] "Fitting mu0 = E[Y|A=0,W]"
[1] "Iteration number: 106"
[1] "pos"
[1] 3.527984e-06 9.999262e-01
[1] "Fitting mu0 = E[Y|A=0,W]"
[1] "Iteration number: 107"
[1] "pos"
[1] 5.420629e-06 9.999307e-01
[1] "Fitting mu0 = E[Y|A=0,W]"
[1] "Iteration number: 108"
[1] "pos"
[1] 2.869975e-06 9.998553e-01
[1] "Fitting mu0 = E[Y|A=0,W]"
[1] "Iteration number: 109"
[1] "pos"
[1] 2.993463e-06 9.999403e-01
[1] "Fitting mu0 = E[Y|A=0,W]"
[1] "Iteration number: 110"
[1] "pos"
[1] 4.555243e-06 9.998932e-01
[1] "Fitting mu0 = E[Y|A=0,W]"
[1] "Iteration number: 111"
[1] "pos"
[1] 3.836120e-06 9.998913e-01
[1] "Fitting mu0 = E[Y|A=0,W]"
[1] "Iteration number: 112"
[1] "pos"
[1] 2.917781e-06 9.999440e-01
[1] "Fitting mu0 = E[Y|A=0,W]"
[1] "Iteration number: 113"
[1] "pos"
[1] 2.625948e-06 9.998606e-01
[1] "Fitting mu0 = E[Y|A=0,W]"
[1] "Iteration number: 114"
[1] "pos"
[1] 2.939345e-06 9.999150e-01
[1] "Fitting mu0 = E[Y|A=0,W]"
[1] "Iteration number: 115"
[1] "pos"
[1] 3.073258e-06 9.999217e-01
[1] "Fitting mu0 = E[Y|A=0,W]"
[1] "Iteration number: 116"
[1] "pos"
[1] 4.600532e-06 9.999108e-01
[1] "Fitting mu0 = E[Y|A=0,W]"
[1] "Iteration number: 117"
[1] "pos"
[1] 3.189176e-06 9.999113e-01
[1] "Fitting mu0 = E[Y|A=0,W]"
[1] "Iteration number: 118"
[1] "pos"
[1] 3.391947e-06 9.999235e-01
[1] "Fitting mu0 = E[Y|A=0,W]"
[1] "Iteration number: 119"
[1] "pos"
[1] 3.552689e-06 9.999184e-01
[1] "Fitting mu0 = E[Y|A=0,W]"
[1] "Iteration number: 120"
[1] "pos"
[1] 0.0000032393 0.9999268486
[1] "Fitting mu0 = E[Y|A=0,W]"
[1] "Iteration number: 121"
[1] "pos"
[1] 3.779889e-06 9.999326e-01
[1] "Fitting mu0 = E[Y|A=0,W]"
[1] "Iteration number: 122"
[1] "pos"
[1] 2.901356e-06 9.999127e-01
[1] "Fitting mu0 = E[Y|A=0,W]"
[1] "Iteration number: 123"
[1] "pos"
[1] 3.077685e-06 9.999312e-01
[1] "Fitting mu0 = E[Y|A=0,W]"
[1] "Iteration number: 124"
[1] "pos"
[1] 3.141655e-06 9.998637e-01
[1] "Fitting mu0 = E[Y|A=0,W]"
[1] "Iteration number: 125"
[1] "pos"
[1] 0.0000041906 0.9998651234
[1] "Fitting mu0 = E[Y|A=0,W]"
[1] "Iteration number: 126"
[1] "pos"
[1] 5.439579e-06 9.999442e-01
[1] "Fitting mu0 = E[Y|A=0,W]"
[1] "Iteration number: 127"
[1] "pos"
[1] 3.915875e-06 9.999160e-01
[1] "Fitting mu0 = E[Y|A=0,W]"
[1] "Iteration number: 128"
[1] "pos"
[1] 3.758476e-06 9.999077e-01
[1] "Fitting mu0 = E[Y|A=0,W]"
[1] "Iteration number: 129"
[1] "pos"
[1] 4.365914e-06 9.999316e-01
[1] "Fitting mu0 = E[Y|A=0,W]"
[1] "Iteration number: 130"
[1] "pos"
[1] 4.883241e-06 9.999322e-01
[1] "Fitting mu0 = E[Y|A=0,W]"
[1] "Iteration number: 131"
[1] "pos"
[1] 3.505879e-06 9.999236e-01
[1] "Fitting mu0 = E[Y|A=0,W]"
[1] "Iteration number: 132"
[1] "pos"
[1] 3.338249e-06 9.999287e-01
[1] "Fitting mu0 = E[Y|A=0,W]"
[1] "Iteration number: 133"
[1] "pos"
[1] 3.277526e-06 9.999113e-01
[1] "Fitting mu0 = E[Y|A=0,W]"
[1] "Iteration number: 134"
[1] "pos"
[1] 4.020796e-06 9.999194e-01
[1] "Fitting mu0 = E[Y|A=0,W]"
[1] "Iteration number: 135"
[1] "pos"
[1] 3.456859e-06 9.999304e-01
[1] "Fitting mu0 = E[Y|A=0,W]"
[1] "Iteration number: 136"
[1] "pos"
[1] 3.992974e-06 9.998988e-01
[1] "Fitting mu0 = E[Y|A=0,W]"
[1] "Iteration number: 137"
[1] "pos"
[1] 3.010336e-06 9.999176e-01
[1] "Fitting mu0 = E[Y|A=0,W]"
[1] "Iteration number: 138"
[1] "pos"
[1] 4.380998e-06 9.999089e-01
[1] "Fitting mu0 = E[Y|A=0,W]"
[1] "Iteration number: 139"
[1] "pos"
[1] 4.076789e-06 9.999369e-01
[1] "Fitting mu0 = E[Y|A=0,W]"
[1] "Iteration number: 140"
[1] "pos"
[1] 3.948948e-06 9.999218e-01
[1] "Fitting mu0 = E[Y|A=0,W]"
[1] "Iteration number: 141"
[1] "pos"
[1] 3.227490e-06 9.999284e-01
[1] "Fitting mu0 = E[Y|A=0,W]"
[1] "Iteration number: 142"
[1] "pos"
[1] 5.204075e-06 9.999319e-01
[1] "Fitting mu0 = E[Y|A=0,W]"
[1] "Iteration number: 143"
[1] "pos"
[1] 3.888966e-06 9.999013e-01
[1] "Fitting mu0 = E[Y|A=0,W]"
[1] "Iteration number: 144"
[1] "pos"
[1] 5.39015e-06 9.99942e-01
[1] "Fitting mu0 = E[Y|A=0,W]"
[1] "Iteration number: 145"
[1] "pos"
[1] 5.065171e-06 9.999156e-01
[1] "Fitting mu0 = E[Y|A=0,W]"
[1] "Iteration number: 146"
[1] "pos"
[1] 3.249238e-06 9.999199e-01
[1] "Fitting mu0 = E[Y|A=0,W]"
[1] "Iteration number: 147"
[1] "pos"
[1] 4.162441e-06 9.999220e-01
[1] "Fitting mu0 = E[Y|A=0,W]"
[1] "Iteration number: 148"
[1] "pos"
[1] 4.646841e-06 9.998708e-01
[1] "Fitting mu0 = E[Y|A=0,W]"
[1] "Iteration number: 149"
[1] "pos"
[1] 2.613717e-06 9.999235e-01
[1] "Fitting mu0 = E[Y|A=0,W]"
[1] "Iteration number: 150"
[1] "pos"
[1] 3.572865e-06 9.999134e-01
[1] "Fitting mu0 = E[Y|A=0,W]"
[1] "Iteration number: 151"
[1] "pos"
[1] 3.699814e-06 9.999173e-01
[1] "Fitting mu0 = E[Y|A=0,W]"
[1] "Iteration number: 152"
[1] "pos"
[1] 2.980497e-06 9.998867e-01
[1] "Fitting mu0 = E[Y|A=0,W]"
[1] "Iteration number: 153"
[1] "pos"
[1] 3.121439e-06 9.998999e-01
[1] "Fitting mu0 = E[Y|A=0,W]"
[1] "Iteration number: 154"
[1] "pos"
[1] 2.566983e-06 9.998779e-01
[1] "Fitting mu0 = E[Y|A=0,W]"
[1] "Iteration number: 155"
[1] "pos"
[1] 4.387322e-06 9.998916e-01
[1] "Fitting mu0 = E[Y|A=0,W]"
[1] "Iteration number: 156"
[1] "pos"
[1] 3.668675e-06 9.999328e-01
[1] "Fitting mu0 = E[Y|A=0,W]"
[1] "Iteration number: 157"
[1] "pos"
[1] 2.841879e-06 9.999377e-01
[1] "Fitting mu0 = E[Y|A=0,W]"
[1] "Iteration number: 158"
[1] "pos"
[1] 3.095626e-06 9.999003e-01
[1] "Fitting mu0 = E[Y|A=0,W]"
[1] "Iteration number: 159"
[1] "pos"
[1] 4.945121e-06 9.998859e-01
[1] "Fitting mu0 = E[Y|A=0,W]"
[1] "Iteration number: 160"
[1] "pos"
[1] 6.758994e-06 9.999394e-01
[1] "Fitting mu0 = E[Y|A=0,W]"
[1] "Iteration number: 161"
[1] "pos"
[1] 4.530933e-06 9.999103e-01
[1] "Fitting mu0 = E[Y|A=0,W]"
[1] "Iteration number: 162"
[1] "pos"
[1] 2.438576e-06 9.999205e-01
[1] "Fitting mu0 = E[Y|A=0,W]"
[1] "Iteration number: 163"
[1] "pos"
[1] 3.228520e-06 9.998949e-01
[1] "Fitting mu0 = E[Y|A=0,W]"
[1] "Iteration number: 164"
[1] "pos"
[1] 4.242563e-06 9.999301e-01
[1] "Fitting mu0 = E[Y|A=0,W]"
[1] "Iteration number: 165"
[1] "pos"
[1] 3.083386e-06 9.998751e-01
[1] "Fitting mu0 = E[Y|A=0,W]"
[1] "Iteration number: 166"
[1] "pos"
[1] 4.348924e-06 9.999243e-01
[1] "Fitting mu0 = E[Y|A=0,W]"
[1] "Iteration number: 167"
[1] "pos"
[1] 4.537917e-06 9.998790e-01
[1] "Fitting mu0 = E[Y|A=0,W]"
[1] "Iteration number: 168"
[1] "pos"
[1] 4.826677e-06 9.999133e-01
[1] "Fitting mu0 = E[Y|A=0,W]"
[1] "Iteration number: 169"
[1] "pos"
[1] 4.050149e-06 9.999400e-01
[1] "Fitting mu0 = E[Y|A=0,W]"
[1] "Iteration number: 170"
[1] "pos"
[1] 4.959581e-06 9.999381e-01
[1] "Fitting mu0 = E[Y|A=0,W]"
[1] "Iteration number: 171"
[1] "pos"
[1] 2.905276e-06 9.999299e-01
[1] "Fitting mu0 = E[Y|A=0,W]"
[1] "Iteration number: 172"
[1] "pos"
[1] 4.208206e-06 9.998768e-01
[1] "Fitting mu0 = E[Y|A=0,W]"
[1] "Iteration number: 173"
[1] "pos"
[1] 3.342230e-06 9.998921e-01
[1] "Fitting mu0 = E[Y|A=0,W]"
[1] "Iteration number: 174"
[1] "pos"
[1] 3.590605e-06 9.999063e-01
[1] "Fitting mu0 = E[Y|A=0,W]"
[1] "Iteration number: 175"
[1] "pos"
[1] 3.384789e-06 9.999382e-01
[1] "Fitting mu0 = E[Y|A=0,W]"
[1] "Iteration number: 176"
[1] "pos"
[1] 3.424768e-06 9.999106e-01
[1] "Fitting mu0 = E[Y|A=0,W]"
[1] "Iteration number: 177"
[1] "pos"
[1] 5.149408e-06 9.998897e-01
[1] "Fitting mu0 = E[Y|A=0,W]"
[1] "Iteration number: 178"
[1] "pos"
[1] 3.343920e-06 9.998987e-01
[1] "Fitting mu0 = E[Y|A=0,W]"
[1] "Iteration number: 179"
[1] "pos"
[1] 4.285918e-06 9.999308e-01
[1] "Fitting mu0 = E[Y|A=0,W]"
[1] "Iteration number: 180"
[1] "pos"
[1] 4.795658e-06 9.999267e-01
[1] "Fitting mu0 = E[Y|A=0,W]"
[1] "Iteration number: 181"
[1] "pos"
[1] 2.665176e-06 9.999279e-01
[1] "Fitting mu0 = E[Y|A=0,W]"
[1] "Iteration number: 182"
[1] "pos"
[1] 3.386964e-06 9.999102e-01
[1] "Fitting mu0 = E[Y|A=0,W]"
[1] "Iteration number: 183"
[1] "pos"
[1] 5.019837e-06 9.999375e-01
[1] "Fitting mu0 = E[Y|A=0,W]"
[1] "Iteration number: 184"
[1] "pos"
[1] 3.612205e-06 9.999201e-01
[1] "Fitting mu0 = E[Y|A=0,W]"
[1] "Iteration number: 185"
[1] "pos"
[1] 3.086648e-06 9.999095e-01
[1] "Fitting mu0 = E[Y|A=0,W]"
[1] "Iteration number: 186"
[1] "pos"
[1] 0.0000032439 0.9999052978
[1] "Fitting mu0 = E[Y|A=0,W]"
[1] "Iteration number: 187"
[1] "pos"
[1] 2.959884e-06 9.999121e-01
[1] "Fitting mu0 = E[Y|A=0,W]"
[1] "Iteration number: 188"
[1] "pos"
[1] 7.701439e-06 9.999109e-01
[1] "Fitting mu0 = E[Y|A=0,W]"
[1] "Iteration number: 189"
[1] "pos"
[1] 4.437408e-06 9.998837e-01
[1] "Fitting mu0 = E[Y|A=0,W]"
[1] "Iteration number: 190"
[1] "pos"
[1] 4.087689e-06 9.999319e-01
[1] "Fitting mu0 = E[Y|A=0,W]"
[1] "Iteration number: 191"
[1] "pos"
[1] 5.606341e-06 9.999303e-01
[1] "Fitting mu0 = E[Y|A=0,W]"
[1] "Iteration number: 192"
[1] "pos"
[1] 3.550971e-06 9.999225e-01
[1] "Fitting mu0 = E[Y|A=0,W]"
[1] "Iteration number: 193"
[1] "pos"
[1] 3.637048e-06 9.999109e-01
[1] "Fitting mu0 = E[Y|A=0,W]"
[1] "Iteration number: 194"
[1] "pos"
[1] 2.879113e-06 9.999203e-01
[1] "Fitting mu0 = E[Y|A=0,W]"
[1] "Iteration number: 195"
[1] "pos"
[1] 2.534841e-06 9.999153e-01
[1] "Fitting mu0 = E[Y|A=0,W]"
[1] "Iteration number: 196"
[1] "pos"
[1] 6.484514e-06 9.999299e-01
[1] "Fitting mu0 = E[Y|A=0,W]"
[1] "Iteration number: 197"
[1] "pos"
[1] 4.755748e-06 9.999048e-01
[1] "Fitting mu0 = E[Y|A=0,W]"
[1] "Iteration number: 198"
[1] "pos"
[1] 3.620818e-06 9.998678e-01
[1] "Fitting mu0 = E[Y|A=0,W]"
[1] "Iteration number: 199"
[1] "pos"
[1] 3.952765e-06 9.999295e-01
[1] "Fitting mu0 = E[Y|A=0,W]"
[1] "Iteration number: 200"
[1] "pos"
[1] 3.264719e-06 9.999350e-01
[1] "Fitting mu0 = E[Y|A=0,W]"
[1] "Iteration number: 201"
[1] "pos"
[1] 3.581559e-06 9.999078e-01
[1] "Fitting mu0 = E[Y|A=0,W]"
[1] "Iteration number: 202"
[1] "pos"
[1] 3.405693e-06 9.998958e-01
[1] "Fitting mu0 = E[Y|A=0,W]"
[1] "Iteration number: 203"
[1] "pos"
[1] 3.379048e-06 9.999178e-01
[1] "Fitting mu0 = E[Y|A=0,W]"
[1] "Iteration number: 204"
[1] "pos"
[1] 6.394804e-06 9.999084e-01
[1] "Fitting mu0 = E[Y|A=0,W]"
[1] "Iteration number: 205"
[1] "pos"
[1] 4.652861e-06 9.999108e-01
[1] "Fitting mu0 = E[Y|A=0,W]"
[1] "Iteration number: 206"
[1] "pos"
[1] 3.538846e-06 9.999276e-01
[1] "Fitting mu0 = E[Y|A=0,W]"
[1] "Iteration number: 207"
[1] "pos"
[1] 3.459196e-06 9.998957e-01
[1] "Fitting mu0 = E[Y|A=0,W]"
[1] "Iteration number: 208"
[1] "pos"
[1] 2.927515e-06 9.999031e-01
[1] "Fitting mu0 = E[Y|A=0,W]"
[1] "Iteration number: 209"
[1] "pos"
[1] 3.230606e-06 9.999128e-01
[1] "Fitting mu0 = E[Y|A=0,W]"
[1] "Iteration number: 210"
[1] "pos"
[1] 3.141550e-06 9.999321e-01
[1] "Fitting mu0 = E[Y|A=0,W]"
[1] "Iteration number: 211"
[1] "pos"
[1] 3.678120e-06 9.998842e-01
[1] "Fitting mu0 = E[Y|A=0,W]"
[1] "Iteration number: 212"
[1] "pos"
[1] 6.365235e-06 9.998344e-01
[1] "Fitting mu0 = E[Y|A=0,W]"
[1] "Iteration number: 213"
[1] "pos"
[1] 3.417710e-06 9.999307e-01
[1] "Fitting mu0 = E[Y|A=0,W]"
[1] "Iteration number: 214"
[1] "pos"
[1] 4.786381e-06 9.999297e-01
[1] "Fitting mu0 = E[Y|A=0,W]"
[1] "Iteration number: 215"
[1] "pos"
[1] 3.093321e-06 9.998952e-01
[1] "Fitting mu0 = E[Y|A=0,W]"
[1] "Iteration number: 216"
[1] "pos"
[1] 3.056720e-06 9.998815e-01
[1] "Fitting mu0 = E[Y|A=0,W]"
[1] "Iteration number: 217"
[1] "pos"
[1] 3.085097e-06 9.999154e-01
[1] "Fitting mu0 = E[Y|A=0,W]"
[1] "Iteration number: 218"
[1] "pos"
[1] 3.743969e-06 9.999269e-01
[1] "Fitting mu0 = E[Y|A=0,W]"
[1] "Iteration number: 219"
[1] "pos"
[1] 4.124963e-06 9.999313e-01
[1] "Fitting mu0 = E[Y|A=0,W]"
[1] "Iteration number: 220"
[1] "pos"
[1] 4.780272e-06 9.999329e-01
[1] "Fitting mu0 = E[Y|A=0,W]"
[1] "Iteration number: 221"
[1] "pos"
[1] 0.0000031762 0.9998896115
[1] "Fitting mu0 = E[Y|A=0,W]"
[1] "Iteration number: 222"
[1] "pos"
[1] 5.666856e-06 9.999322e-01
[1] "Fitting mu0 = E[Y|A=0,W]"
[1] "Iteration number: 223"
[1] "pos"
[1] 3.249453e-06 9.998803e-01
[1] "Fitting mu0 = E[Y|A=0,W]"
[1] "Iteration number: 224"
[1] "pos"
[1] 3.040333e-06 9.998880e-01
[1] "Fitting mu0 = E[Y|A=0,W]"
[1] "Iteration number: 225"
[1] "pos"
[1] 3.549529e-06 9.999411e-01
[1] "Fitting mu0 = E[Y|A=0,W]"
[1] "Iteration number: 226"
[1] "pos"
[1] 4.870248e-06 9.999128e-01
[1] "Fitting mu0 = E[Y|A=0,W]"
[1] "Iteration number: 227"
[1] "pos"
[1] 4.448691e-06 9.998727e-01
[1] "Fitting mu0 = E[Y|A=0,W]"
[1] "Iteration number: 228"
[1] "pos"
[1] 3.385452e-06 9.999274e-01
[1] "Fitting mu0 = E[Y|A=0,W]"
[1] "Iteration number: 229"
[1] "pos"
[1] 3.455626e-06 9.999264e-01
[1] "Fitting mu0 = E[Y|A=0,W]"
[1] "Iteration number: 230"
[1] "pos"
[1] 6.856613e-06 9.999173e-01
[1] "Fitting mu0 = E[Y|A=0,W]"
[1] "Iteration number: 231"
[1] "pos"
[1] 3.260093e-06 9.999182e-01
[1] "Fitting mu0 = E[Y|A=0,W]"
[1] "Iteration number: 232"
[1] "pos"
[1] 3.216272e-06 9.998840e-01
[1] "Fitting mu0 = E[Y|A=0,W]"
[1] "Iteration number: 233"
[1] "pos"
[1] 3.732076e-06 9.998566e-01
[1] "Fitting mu0 = E[Y|A=0,W]"
[1] "Iteration number: 234"
[1] "pos"
[1] 3.550124e-06 9.999122e-01
[1] "Fitting mu0 = E[Y|A=0,W]"
[1] "Iteration number: 235"
[1] "pos"
[1] 4.341589e-06 9.999387e-01
[1] "Fitting mu0 = E[Y|A=0,W]"
[1] "Iteration number: 236"
[1] "pos"
[1] 4.626331e-06 9.998917e-01
[1] "Fitting mu0 = E[Y|A=0,W]"
[1] "Iteration number: 237"
[1] "pos"
[1] 4.567891e-06 9.999223e-01
[1] "Fitting mu0 = E[Y|A=0,W]"
[1] "Iteration number: 238"
[1] "pos"
[1] 4.447378e-06 9.999184e-01
[1] "Fitting mu0 = E[Y|A=0,W]"
[1] "Iteration number: 239"
[1] "pos"
[1] 4.776413e-06 9.999394e-01
[1] "Fitting mu0 = E[Y|A=0,W]"
[1] "Iteration number: 240"
[1] "pos"
[1] 3.566753e-06 9.999341e-01
[1] "Fitting mu0 = E[Y|A=0,W]"
[1] "Iteration number: 241"
[1] "pos"
[1] 3.100109e-06 9.999165e-01
[1] "Fitting mu0 = E[Y|A=0,W]"
[1] "Iteration number: 242"
[1] "pos"
[1] 3.641129e-06 9.999355e-01
[1] "Fitting mu0 = E[Y|A=0,W]"
[1] "Iteration number: 243"
[1] "pos"
[1] 3.326019e-06 9.998972e-01
[1] "Fitting mu0 = E[Y|A=0,W]"
[1] "Iteration number: 244"
[1] "pos"
[1] 3.011653e-06 9.999290e-01
[1] "Fitting mu0 = E[Y|A=0,W]"
[1] "Iteration number: 245"
[1] "pos"
[1] 4.424484e-06 9.999352e-01
[1] "Fitting mu0 = E[Y|A=0,W]"
[1] "Iteration number: 246"
[1] "pos"
[1] 3.640588e-06 9.999323e-01
[1] "Fitting mu0 = E[Y|A=0,W]"
[1] "Iteration number: 247"
[1] "pos"
[1] 3.271261e-06 9.999288e-01
[1] "Fitting mu0 = E[Y|A=0,W]"
[1] "Iteration number: 248"
[1] "pos"
[1] 6.184499e-06 9.999043e-01
[1] "Fitting mu0 = E[Y|A=0,W]"
[1] "Iteration number: 249"
[1] "pos"
[1] 3.16812e-06 9.99895e-01
[1] "Fitting mu0 = E[Y|A=0,W]"
[1] "Iteration number: 250"
[1] "pos"
[1] 3.474526e-06 9.999232e-01
[1] "Fitting mu0 = E[Y|A=0,W]"
[1] "Iteration number: 251"
[1] "pos"
[1] 4.036382e-06 9.999212e-01
[1] "Fitting mu0 = E[Y|A=0,W]"
[1] "Iteration number: 252"
[1] "pos"
[1] 3.693762e-06 9.999387e-01
[1] "Fitting mu0 = E[Y|A=0,W]"
[1] "Iteration number: 253"
[1] "pos"
[1] 3.989280e-06 9.999184e-01
[1] "Fitting mu0 = E[Y|A=0,W]"
[1] "Iteration number: 254"
[1] "pos"
[1] 3.165975e-06 9.999105e-01
[1] "Fitting mu0 = E[Y|A=0,W]"
[1] "Iteration number: 255"
[1] "pos"
[1] 5.513374e-06 9.998893e-01
[1] "Fitting mu0 = E[Y|A=0,W]"
[1] "Iteration number: 256"
[1] "pos"
[1] 3.482921e-06 9.998934e-01
[1] "Fitting mu0 = E[Y|A=0,W]"
[1] "Iteration number: 257"
[1] "pos"
[1] 3.233371e-06 9.999272e-01
[1] "Fitting mu0 = E[Y|A=0,W]"
[1] "Iteration number: 258"
[1] "pos"
[1] 3.472254e-06 9.998664e-01
[1] "Fitting mu0 = E[Y|A=0,W]"
[1] "Iteration number: 259"
[1] "pos"
[1] 4.563954e-06 9.999162e-01
[1] "Fitting mu0 = E[Y|A=0,W]"
[1] "Iteration number: 260"
[1] "pos"
[1] 3.822763e-06 9.999070e-01
[1] "Fitting mu0 = E[Y|A=0,W]"
[1] "Iteration number: 261"
[1] "pos"
[1] 3.612577e-06 9.999200e-01
[1] "Fitting mu0 = E[Y|A=0,W]"
[1] "Iteration number: 262"
[1] "pos"
[1] 2.899492e-06 9.999112e-01
[1] "Fitting mu0 = E[Y|A=0,W]"
[1] "Iteration number: 263"
[1] "pos"
[1] 3.348742e-06 9.998844e-01
[1] "Fitting mu0 = E[Y|A=0,W]"
[1] "Iteration number: 264"
[1] "pos"
[1] 5.977611e-06 9.999141e-01
[1] "Fitting mu0 = E[Y|A=0,W]"
[1] "Iteration number: 265"
[1] "pos"
[1] 7.270616e-06 9.998947e-01
[1] "Fitting mu0 = E[Y|A=0,W]"
[1] "Iteration number: 266"
[1] "pos"
[1] 2.637223e-06 9.999147e-01
[1] "Fitting mu0 = E[Y|A=0,W]"
[1] "Iteration number: 267"
[1] "pos"
[1] 5.845241e-06 9.999050e-01
[1] "Fitting mu0 = E[Y|A=0,W]"
[1] "Iteration number: 268"
[1] "pos"
[1] 2.498793e-06 9.998894e-01
[1] "Fitting mu0 = E[Y|A=0,W]"
[1] "Iteration number: 269"
[1] "pos"
[1] 3.107658e-06 9.999179e-01
[1] "Fitting mu0 = E[Y|A=0,W]"
[1] "Iteration number: 270"
[1] "pos"
[1] 4.039495e-06 9.999257e-01
[1] "Fitting mu0 = E[Y|A=0,W]"
[1] "Iteration number: 271"
[1] "pos"
[1] 4.104340e-06 9.999264e-01
[1] "Fitting mu0 = E[Y|A=0,W]"
[1] "Iteration number: 272"
[1] "pos"
[1] 3.552819e-06 9.999301e-01
[1] "Fitting mu0 = E[Y|A=0,W]"
[1] "Iteration number: 273"
[1] "pos"
[1] 3.676031e-06 9.998839e-01
[1] "Fitting mu0 = E[Y|A=0,W]"
[1] "Iteration number: 274"
[1] "pos"
[1] 4.550228e-06 9.999262e-01
[1] "Fitting mu0 = E[Y|A=0,W]"
[1] "Iteration number: 275"
[1] "pos"
[1] 3.500547e-06 9.999386e-01
[1] "Fitting mu0 = E[Y|A=0,W]"
[1] "Iteration number: 276"
[1] "pos"
[1] 2.745917e-06 9.999280e-01
[1] "Fitting mu0 = E[Y|A=0,W]"
[1] "Iteration number: 277"
[1] "pos"
[1] 5.921054e-06 9.999399e-01
[1] "Fitting mu0 = E[Y|A=0,W]"
[1] "Iteration number: 278"
[1] "pos"
[1] 3.07997e-06 9.99929e-01
[1] "Fitting mu0 = E[Y|A=0,W]"
[1] "Iteration number: 279"
[1] "pos"
[1] 2.509641e-06 9.999076e-01
[1] "Fitting mu0 = E[Y|A=0,W]"
[1] "Iteration number: 280"
[1] "pos"
[1] 4.544802e-06 9.999327e-01
[1] "Fitting mu0 = E[Y|A=0,W]"
[1] "Iteration number: 281"
[1] "pos"
[1] 4.627797e-06 9.999239e-01
[1] "Fitting mu0 = E[Y|A=0,W]"
[1] "Iteration number: 282"
[1] "pos"
[1] 4.019707e-06 9.998397e-01
[1] "Fitting mu0 = E[Y|A=0,W]"
[1] "Iteration number: 283"
[1] "pos"
[1] 3.193840e-06 9.998944e-01
[1] "Fitting mu0 = E[Y|A=0,W]"
[1] "Iteration number: 284"
[1] "pos"
[1] 3.643305e-06 9.998468e-01
[1] "Fitting mu0 = E[Y|A=0,W]"
[1] "Iteration number: 285"
[1] "pos"
[1] 3.178740e-06 9.999345e-01
[1] "Fitting mu0 = E[Y|A=0,W]"
[1] "Iteration number: 286"
[1] "pos"
[1] 2.922643e-06 9.999332e-01
[1] "Fitting mu0 = E[Y|A=0,W]"
[1] "Iteration number: 287"
[1] "pos"
[1] 3.383356e-06 9.998809e-01
[1] "Fitting mu0 = E[Y|A=0,W]"
[1] "Iteration number: 288"
[1] "pos"
[1] 4.200653e-06 9.998677e-01
[1] "Fitting mu0 = E[Y|A=0,W]"
[1] "Iteration number: 289"
[1] "pos"
[1] 5.045652e-06 9.999191e-01
[1] "Fitting mu0 = E[Y|A=0,W]"
[1] "Iteration number: 290"
[1] "pos"
[1] 4.761757e-06 9.999211e-01
[1] "Fitting mu0 = E[Y|A=0,W]"
[1] "Iteration number: 291"
[1] "pos"
[1] 2.604475e-06 9.999317e-01
[1] "Fitting mu0 = E[Y|A=0,W]"
[1] "Iteration number: 292"
[1] "pos"
[1] 2.628939e-06 9.998983e-01
[1] "Fitting mu0 = E[Y|A=0,W]"
[1] "Iteration number: 293"
[1] "pos"
[1] 6.526044e-06 9.999285e-01
[1] "Fitting mu0 = E[Y|A=0,W]"
[1] "Iteration number: 294"
[1] "pos"
[1] 5.016041e-06 9.999103e-01
[1] "Fitting mu0 = E[Y|A=0,W]"
[1] "Iteration number: 295"
[1] "pos"
[1] 3.926979e-06 9.999241e-01
[1] "Fitting mu0 = E[Y|A=0,W]"
[1] "Iteration number: 296"
[1] "pos"
[1] 3.169520e-06 9.999011e-01
[1] "Fitting mu0 = E[Y|A=0,W]"
[1] "Iteration number: 297"
[1] "pos"
[1] 3.308737e-06 9.999118e-01
[1] "Fitting mu0 = E[Y|A=0,W]"
[1] "Iteration number: 298"
[1] "pos"
[1] 4.554629e-06 9.999266e-01
[1] "Fitting mu0 = E[Y|A=0,W]"
[1] "Iteration number: 299"
[1] "pos"
[1] 3.073124e-06 9.998998e-01
[1] "Fitting mu0 = E[Y|A=0,W]"
[1] "Iteration number: 300"
[1] "pos"
[1] 6.040630e-06 9.999177e-01
[1] "Fitting mu0 = E[Y|A=0,W]"
[1] "Iteration number: 301"
[1] "pos"
[1] 3.728599e-06 9.998972e-01
[1] "Fitting mu0 = E[Y|A=0,W]"
[1] "Iteration number: 302"
[1] "pos"
[1] 4.561172e-06 9.998985e-01
[1] "Fitting mu0 = E[Y|A=0,W]"
[1] "Iteration number: 303"
[1] "pos"
[1] 3.949451e-06 9.999246e-01
[1] "Fitting mu0 = E[Y|A=0,W]"
[1] "Iteration number: 304"
[1] "pos"
[1] 5.784360e-06 9.999435e-01
[1] "Fitting mu0 = E[Y|A=0,W]"
[1] "Iteration number: 305"
[1] "pos"
[1] 2.573008e-06 9.999370e-01
[1] "Fitting mu0 = E[Y|A=0,W]"
[1] "Iteration number: 306"
[1] "pos"
[1] 4.590207e-06 9.999228e-01
[1] "Fitting mu0 = E[Y|A=0,W]"
[1] "Iteration number: 307"
[1] "pos"
[1] 2.863330e-06 9.999306e-01
[1] "Fitting mu0 = E[Y|A=0,W]"
[1] "Iteration number: 308"
[1] "pos"
[1] 3.987680e-06 9.998986e-01
[1] "Fitting mu0 = E[Y|A=0,W]"
[1] "Iteration number: 309"
[1] "pos"
[1] 5.013091e-06 9.999237e-01
[1] "Fitting mu0 = E[Y|A=0,W]"
[1] "Iteration number: 310"
[1] "pos"
[1] 3.911682e-06 9.999087e-01
[1] "Fitting mu0 = E[Y|A=0,W]"
[1] "Iteration number: 311"
[1] "pos"
[1] 3.754321e-06 9.999145e-01
[1] "Fitting mu0 = E[Y|A=0,W]"
[1] "Iteration number: 312"
[1] "pos"
[1] 4.849370e-06 9.999223e-01
[1] "Fitting mu0 = E[Y|A=0,W]"
[1] "Iteration number: 313"
[1] "pos"
[1] 8.457431e-06 9.999303e-01
[1] "Fitting mu0 = E[Y|A=0,W]"
[1] "Iteration number: 314"
[1] "pos"
[1] 3.158114e-06 9.999261e-01
[1] "Fitting mu0 = E[Y|A=0,W]"
[1] "Iteration number: 315"
[1] "pos"
[1] 6.710420e-06 9.999195e-01
[1] "Fitting mu0 = E[Y|A=0,W]"
[1] "Iteration number: 316"
[1] "pos"
[1] 2.728331e-06 9.999455e-01
[1] "Fitting mu0 = E[Y|A=0,W]"
[1] "Iteration number: 317"
[1] "pos"
[1] 4.183889e-06 9.999038e-01
[1] "Fitting mu0 = E[Y|A=0,W]"
[1] "Iteration number: 318"
[1] "pos"
[1] 3.498265e-06 9.999074e-01
[1] "Fitting mu0 = E[Y|A=0,W]"
[1] "Iteration number: 319"
[1] "pos"
[1] 2.935975e-06 9.999337e-01
[1] "Fitting mu0 = E[Y|A=0,W]"
[1] "Iteration number: 320"
[1] "pos"
[1] 3.178528e-06 9.999307e-01
[1] "Fitting mu0 = E[Y|A=0,W]"
[1] "Iteration number: 321"
[1] "pos"
[1] 3.964628e-06 9.999222e-01
[1] "Fitting mu0 = E[Y|A=0,W]"
[1] "Iteration number: 322"
[1] "pos"
[1] 4.434565e-06 9.999084e-01
[1] "Fitting mu0 = E[Y|A=0,W]"
[1] "Iteration number: 323"
[1] "pos"
[1] 2.977739e-06 9.999003e-01
[1] "Fitting mu0 = E[Y|A=0,W]"
[1] "Iteration number: 324"
[1] "pos"
[1] 3.149809e-06 9.999353e-01
[1] "Fitting mu0 = E[Y|A=0,W]"
[1] "Iteration number: 325"
[1] "pos"
[1] 5.315422e-06 9.999228e-01
[1] "Fitting mu0 = E[Y|A=0,W]"
[1] "Iteration number: 326"
[1] "pos"
[1] 3.060638e-06 9.999399e-01
[1] "Fitting mu0 = E[Y|A=0,W]"
[1] "Iteration number: 327"
[1] "pos"
[1] 3.280890e-06 9.999194e-01
[1] "Fitting mu0 = E[Y|A=0,W]"
[1] "Iteration number: 328"
[1] "pos"
[1] 5.056180e-06 9.999167e-01
[1] "Fitting mu0 = E[Y|A=0,W]"
[1] "Iteration number: 329"
[1] "pos"
[1] 3.494141e-06 9.999292e-01
[1] "Fitting mu0 = E[Y|A=0,W]"
[1] "Iteration number: 330"
[1] "pos"
[1] 4.004563e-06 9.999038e-01
[1] "Fitting mu0 = E[Y|A=0,W]"
[1] "Iteration number: 331"
[1] "pos"
[1] 4.840995e-06 9.999236e-01
[1] "Fitting mu0 = E[Y|A=0,W]"
[1] "Iteration number: 332"
[1] "pos"
[1] 3.438884e-06 9.999255e-01
[1] "Fitting mu0 = E[Y|A=0,W]"
[1] "Iteration number: 333"
[1] "pos"
[1] 0.0000070799 0.9998836721
[1] "Fitting mu0 = E[Y|A=0,W]"
[1] "Iteration number: 334"
[1] "pos"
[1] 2.440807e-06 9.999227e-01
[1] "Fitting mu0 = E[Y|A=0,W]"
[1] "Iteration number: 335"
[1] "pos"
[1] 3.827905e-06 9.999243e-01
[1] "Fitting mu0 = E[Y|A=0,W]"
[1] "Iteration number: 336"
[1] "pos"
[1] 3.845227e-06 9.999199e-01
[1] "Fitting mu0 = E[Y|A=0,W]"
[1] "Iteration number: 337"
[1] "pos"
[1] 5.113866e-06 9.999234e-01
[1] "Fitting mu0 = E[Y|A=0,W]"
[1] "Iteration number: 338"
[1] "pos"
[1] 3.331835e-06 9.999283e-01
[1] "Fitting mu0 = E[Y|A=0,W]"
[1] "Iteration number: 339"
[1] "pos"
[1] 1.044617e-05 9.998967e-01
[1] "Fitting mu0 = E[Y|A=0,W]"
[1] "Iteration number: 340"
[1] "pos"
[1] 3.724476e-06 9.999431e-01
[1] "Fitting mu0 = E[Y|A=0,W]"
[1] "Iteration number: 341"
[1] "pos"
[1] 2.552925e-06 9.998849e-01
[1] "Fitting mu0 = E[Y|A=0,W]"
[1] "Iteration number: 342"
[1] "pos"
[1] 0.0000028375 0.9999101416
[1] "Fitting mu0 = E[Y|A=0,W]"
[1] "Iteration number: 343"
[1] "pos"
[1] 3.108056e-06 9.998179e-01
[1] "Fitting mu0 = E[Y|A=0,W]"
[1] "Iteration number: 344"
[1] "pos"
[1] 3.186399e-06 9.998964e-01
[1] "Fitting mu0 = E[Y|A=0,W]"
[1] "Iteration number: 345"
[1] "pos"
[1] 5.671329e-06 9.999406e-01
[1] "Fitting mu0 = E[Y|A=0,W]"
[1] "Iteration number: 346"
[1] "pos"
[1] 4.508288e-06 9.999388e-01
[1] "Fitting mu0 = E[Y|A=0,W]"
[1] "Iteration number: 347"
[1] "pos"
[1] 4.102558e-06 9.999177e-01
[1] "Fitting mu0 = E[Y|A=0,W]"
[1] "Iteration number: 348"
[1] "pos"
[1] 2.688260e-06 9.999062e-01
[1] "Fitting mu0 = E[Y|A=0,W]"
[1] "Iteration number: 349"
[1] "pos"
[1] 3.863573e-06 9.998951e-01
[1] "Fitting mu0 = E[Y|A=0,W]"
[1] "Iteration number: 350"
[1] "pos"
[1] 0.0000037 0.9998844
[1] "Fitting mu0 = E[Y|A=0,W]"
[1] "Iteration number: 351"
[1] "pos"
[1] 3.477916e-06 9.999282e-01
[1] "Fitting mu0 = E[Y|A=0,W]"
[1] "Iteration number: 352"
[1] "pos"
[1] 4.596045e-06 9.999286e-01
[1] "Fitting mu0 = E[Y|A=0,W]"
[1] "Iteration number: 353"
[1] "pos"
[1] 4.145620e-06 9.999062e-01
[1] "Fitting mu0 = E[Y|A=0,W]"
[1] "Iteration number: 354"
[1] "pos"
[1] 3.074522e-06 9.999210e-01
[1] "Fitting mu0 = E[Y|A=0,W]"
[1] "Iteration number: 355"
[1] "pos"
[1] 5.613723e-06 9.998903e-01
[1] "Fitting mu0 = E[Y|A=0,W]"
[1] "Iteration number: 356"
[1] "pos"
[1] 2.621011e-06 9.999095e-01
[1] "Fitting mu0 = E[Y|A=0,W]"
[1] "Iteration number: 357"
[1] "pos"
[1] 4.064078e-06 9.998670e-01
[1] "Fitting mu0 = E[Y|A=0,W]"
[1] "Iteration number: 358"
[1] "pos"
[1] 5.662003e-06 9.999322e-01
[1] "Fitting mu0 = E[Y|A=0,W]"
[1] "Iteration number: 359"
[1] "pos"
[1] 3.920828e-06 9.999104e-01
[1] "Fitting mu0 = E[Y|A=0,W]"
[1] "Iteration number: 360"
[1] "pos"
[1] 2.744434e-06 9.998887e-01
[1] "Fitting mu0 = E[Y|A=0,W]"
[1] "Iteration number: 361"
[1] "pos"
[1] 3.634437e-06 9.999131e-01
[1] "Fitting mu0 = E[Y|A=0,W]"
[1] "Iteration number: 362"
[1] "pos"
[1] 6.357916e-06 9.999101e-01
[1] "Fitting mu0 = E[Y|A=0,W]"
[1] "Iteration number: 363"
[1] "pos"
[1] 3.799981e-06 9.999175e-01
[1] "Fitting mu0 = E[Y|A=0,W]"
[1] "Iteration number: 364"
[1] "pos"
[1] 3.811225e-06 9.999023e-01
[1] "Fitting mu0 = E[Y|A=0,W]"
[1] "Iteration number: 365"
[1] "pos"
[1] 3.335460e-06 9.999431e-01
[1] "Fitting mu0 = E[Y|A=0,W]"
[1] "Iteration number: 366"
[1] "pos"
[1] 3.098522e-06 9.998304e-01
[1] "Fitting mu0 = E[Y|A=0,W]"
[1] "Iteration number: 367"
[1] "pos"
[1] 4.455245e-06 9.999310e-01
[1] "Fitting mu0 = E[Y|A=0,W]"
[1] "Iteration number: 368"
[1] "pos"
[1] 4.614610e-06 9.999288e-01
[1] "Fitting mu0 = E[Y|A=0,W]"
[1] "Iteration number: 369"
[1] "pos"
[1] 2.853137e-06 9.998874e-01
[1] "Fitting mu0 = E[Y|A=0,W]"
[1] "Iteration number: 370"
[1] "pos"
[1] 3.077467e-06 9.999278e-01
[1] "Fitting mu0 = E[Y|A=0,W]"
[1] "Iteration number: 371"
[1] "pos"
[1] 2.841337e-06 9.999254e-01
[1] "Fitting mu0 = E[Y|A=0,W]"
[1] "Iteration number: 372"
[1] "pos"
[1] 3.066709e-06 9.999372e-01
[1] "Fitting mu0 = E[Y|A=0,W]"
[1] "Iteration number: 373"
[1] "pos"
[1] 4.288818e-06 9.999056e-01
[1] "Fitting mu0 = E[Y|A=0,W]"
[1] "Iteration number: 374"
[1] "pos"
[1] 3.559954e-06 9.999270e-01
[1] "Fitting mu0 = E[Y|A=0,W]"
[1] "Iteration number: 375"
[1] "pos"
[1] 4.533922e-06 9.999286e-01
[1] "Fitting mu0 = E[Y|A=0,W]"
[1] "Iteration number: 376"
[1] "pos"
[1] 3.895177e-06 9.999395e-01
[1] "Fitting mu0 = E[Y|A=0,W]"
[1] "Iteration number: 377"
[1] "pos"
[1] 2.575475e-06 9.999129e-01
[1] "Fitting mu0 = E[Y|A=0,W]"
[1] "Iteration number: 378"
[1] "pos"
[1] 2.541079e-06 9.999062e-01
[1] "Fitting mu0 = E[Y|A=0,W]"
[1] "Iteration number: 379"
[1] "pos"
[1] 4.608967e-06 9.998874e-01
[1] "Fitting mu0 = E[Y|A=0,W]"
[1] "Iteration number: 380"
[1] "pos"
[1] 3.520835e-06 9.998761e-01
[1] "Fitting mu0 = E[Y|A=0,W]"
[1] "Iteration number: 381"
[1] "pos"
[1] 2.987102e-06 9.999370e-01
[1] "Fitting mu0 = E[Y|A=0,W]"
[1] "Iteration number: 382"
[1] "pos"
[1] 3.055228e-06 9.999118e-01
[1] "Fitting mu0 = E[Y|A=0,W]"
[1] "Iteration number: 383"
[1] "pos"
[1] 3.525741e-06 9.998969e-01
[1] "Fitting mu0 = E[Y|A=0,W]"
[1] "Iteration number: 384"
[1] "pos"
[1] 3.241053e-06 9.999015e-01
[1] "Fitting mu0 = E[Y|A=0,W]"
[1] "Iteration number: 385"
[1] "pos"
[1] 2.983937e-06 9.999250e-01
[1] "Fitting mu0 = E[Y|A=0,W]"
[1] "Iteration number: 386"
[1] "pos"
[1] 3.540828e-06 9.999452e-01
[1] "Fitting mu0 = E[Y|A=0,W]"
[1] "Iteration number: 387"
[1] "pos"
[1] 7.314871e-06 9.999369e-01
[1] "Fitting mu0 = E[Y|A=0,W]"
[1] "Iteration number: 388"
[1] "pos"
[1] 4.720990e-06 9.999316e-01
[1] "Fitting mu0 = E[Y|A=0,W]"
[1] "Iteration number: 389"
[1] "pos"
[1] 3.483736e-06 9.998924e-01
[1] "Fitting mu0 = E[Y|A=0,W]"
[1] "Iteration number: 390"
[1] "pos"
[1] 6.221105e-06 9.999018e-01
[1] "Fitting mu0 = E[Y|A=0,W]"
[1] "Iteration number: 391"
[1] "pos"
[1] 2.917987e-06 9.998919e-01
[1] "Fitting mu0 = E[Y|A=0,W]"
[1] "Iteration number: 392"
[1] "pos"
[1] 8.794113e-06 9.999425e-01
[1] "Fitting mu0 = E[Y|A=0,W]"
[1] "Iteration number: 393"
[1] "pos"
[1] 3.363874e-06 9.999428e-01
[1] "Fitting mu0 = E[Y|A=0,W]"
[1] "Iteration number: 394"
[1] "pos"
[1] 5.241325e-06 9.999259e-01
[1] "Fitting mu0 = E[Y|A=0,W]"
[1] "Iteration number: 395"
[1] "pos"
[1] 2.750951e-06 9.999155e-01
[1] "Fitting mu0 = E[Y|A=0,W]"
[1] "Iteration number: 396"
[1] "pos"
[1] 5.811041e-06 9.999121e-01
[1] "Fitting mu0 = E[Y|A=0,W]"
[1] "Iteration number: 397"
[1] "pos"
[1] 0.0000081739 0.9999251848
[1] "Fitting mu0 = E[Y|A=0,W]"
[1] "Iteration number: 398"
[1] "pos"
[1] 5.514701e-06 9.998954e-01
[1] "Fitting mu0 = E[Y|A=0,W]"
[1] "Iteration number: 399"
[1] "pos"
[1] 4.026032e-06 9.998919e-01
[1] "Fitting mu0 = E[Y|A=0,W]"
[1] "Iteration number: 400"
[1] "pos"
[1] 6.621919e-06 9.998488e-01
[1] "Fitting mu0 = E[Y|A=0,W]"
[1] "Iteration number: 401"
[1] "pos"
[1] 3.015602e-06 9.998432e-01
[1] "Fitting mu0 = E[Y|A=0,W]"
[1] "Iteration number: 402"
[1] "pos"
[1] 3.821015e-06 9.999226e-01
[1] "Fitting mu0 = E[Y|A=0,W]"
[1] "Iteration number: 403"
[1] "pos"
[1] 3.188252e-06 9.999382e-01
[1] "Fitting mu0 = E[Y|A=0,W]"
[1] "Iteration number: 404"
[1] "pos"
[1] 3.709615e-06 9.999065e-01
[1] "Fitting mu0 = E[Y|A=0,W]"
[1] "Iteration number: 405"
[1] "pos"
[1] 2.672501e-06 9.999065e-01
[1] "Fitting mu0 = E[Y|A=0,W]"
[1] "Iteration number: 406"
[1] "pos"
[1] 3.301049e-06 9.998808e-01
[1] "Fitting mu0 = E[Y|A=0,W]"
[1] "Iteration number: 407"
[1] "pos"
[1] 3.345963e-06 9.998978e-01
[1] "Fitting mu0 = E[Y|A=0,W]"
[1] "Iteration number: 408"
[1] "pos"
[1] 3.474781e-06 9.999297e-01
[1] "Fitting mu0 = E[Y|A=0,W]"
[1] "Iteration number: 409"
[1] "pos"
[1] 3.501885e-06 9.999401e-01
[1] "Fitting mu0 = E[Y|A=0,W]"
[1] "Iteration number: 410"
[1] "pos"
[1] 4.038262e-06 9.999276e-01
[1] "Fitting mu0 = E[Y|A=0,W]"
[1] "Iteration number: 411"
[1] "pos"
[1] 4.610741e-06 9.998923e-01
[1] "Fitting mu0 = E[Y|A=0,W]"
[1] "Iteration number: 412"
[1] "pos"
[1] 9.330561e-06 9.999155e-01
[1] "Fitting mu0 = E[Y|A=0,W]"
[1] "Iteration number: 413"
[1] "pos"
[1] 2.969501e-06 9.999079e-01
[1] "Fitting mu0 = E[Y|A=0,W]"
[1] "Iteration number: 414"
[1] "pos"
[1] 2.846577e-06 9.999242e-01
[1] "Fitting mu0 = E[Y|A=0,W]"
[1] "Iteration number: 415"
[1] "pos"
[1] 3.291329e-06 9.999149e-01
[1] "Fitting mu0 = E[Y|A=0,W]"
[1] "Iteration number: 416"
[1] "pos"
[1] 4.490916e-06 9.999269e-01
[1] "Fitting mu0 = E[Y|A=0,W]"
[1] "Iteration number: 417"
[1] "pos"
[1] 2.993108e-06 9.999165e-01
[1] "Fitting mu0 = E[Y|A=0,W]"
[1] "Iteration number: 418"
[1] "pos"
[1] 3.303858e-06 9.999215e-01
[1] "Fitting mu0 = E[Y|A=0,W]"
[1] "Iteration number: 419"
[1] "pos"
[1] 3.658309e-06 9.999333e-01
[1] "Fitting mu0 = E[Y|A=0,W]"
[1] "Iteration number: 420"
[1] "pos"
[1] 3.029255e-06 9.998642e-01
[1] "Fitting mu0 = E[Y|A=0,W]"
[1] "Iteration number: 421"
[1] "pos"
[1] 4.090750e-06 9.999034e-01
[1] "Fitting mu0 = E[Y|A=0,W]"
[1] "Iteration number: 422"
[1] "pos"
[1] 5.131042e-06 9.999390e-01
[1] "Fitting mu0 = E[Y|A=0,W]"
[1] "Iteration number: 423"
[1] "pos"
[1] 5.000418e-06 9.999344e-01
[1] "Fitting mu0 = E[Y|A=0,W]"
[1] "Iteration number: 424"
[1] "pos"
[1] 3.219692e-06 9.999269e-01
[1] "Fitting mu0 = E[Y|A=0,W]"
[1] "Iteration number: 425"
[1] "pos"
[1] 3.908993e-06 9.999109e-01
[1] "Fitting mu0 = E[Y|A=0,W]"
[1] "Iteration number: 426"
[1] "pos"
[1] 3.418913e-06 9.999369e-01
[1] "Fitting mu0 = E[Y|A=0,W]"
[1] "Iteration number: 427"
[1] "pos"
[1] 2.731246e-06 9.998651e-01
[1] "Fitting mu0 = E[Y|A=0,W]"
[1] "Iteration number: 428"
[1] "pos"
[1] 2.714526e-06 9.998883e-01
[1] "Fitting mu0 = E[Y|A=0,W]"
[1] "Iteration number: 429"
[1] "pos"
[1] 3.556319e-06 9.999242e-01
[1] "Fitting mu0 = E[Y|A=0,W]"
[1] "Iteration number: 430"
[1] "pos"
[1] 3.391360e-06 9.999264e-01
[1] "Fitting mu0 = E[Y|A=0,W]"
[1] "Iteration number: 431"
[1] "pos"
[1] 2.754929e-06 9.999012e-01
[1] "Fitting mu0 = E[Y|A=0,W]"
[1] "Iteration number: 432"
[1] "pos"
[1] 3.969932e-06 9.999302e-01
[1] "Fitting mu0 = E[Y|A=0,W]"
[1] "Iteration number: 433"
[1] "pos"
[1] 3.301716e-06 9.999287e-01
[1] "Fitting mu0 = E[Y|A=0,W]"
[1] "Iteration number: 434"
[1] "pos"
[1] 3.653588e-06 9.999281e-01
[1] "Fitting mu0 = E[Y|A=0,W]"
[1] "Iteration number: 435"
[1] "pos"
[1] 4.427764e-06 9.999383e-01
[1] "Fitting mu0 = E[Y|A=0,W]"
[1] "Iteration number: 436"
[1] "pos"
[1] 2.589433e-06 9.998404e-01
[1] "Fitting mu0 = E[Y|A=0,W]"
[1] "Iteration number: 437"
[1] "pos"
[1] 3.337622e-06 9.998832e-01
[1] "Fitting mu0 = E[Y|A=0,W]"
[1] "Iteration number: 438"
[1] "pos"
[1] 3.422190e-06 9.999015e-01
[1] "Fitting mu0 = E[Y|A=0,W]"
[1] "Iteration number: 439"
[1] "pos"
[1] 6.294926e-06 9.999221e-01
[1] "Fitting mu0 = E[Y|A=0,W]"
[1] "Iteration number: 440"
[1] "pos"
[1] 3.416310e-06 9.999006e-01
[1] "Fitting mu0 = E[Y|A=0,W]"
[1] "Iteration number: 441"
[1] "pos"
[1] 4.416376e-06 9.999087e-01
[1] "Fitting mu0 = E[Y|A=0,W]"
[1] "Iteration number: 442"
[1] "pos"
[1] 6.120282e-06 9.999334e-01
[1] "Fitting mu0 = E[Y|A=0,W]"
[1] "Iteration number: 443"
[1] "pos"
[1] 3.582078e-06 9.999056e-01
[1] "Fitting mu0 = E[Y|A=0,W]"
[1] "Iteration number: 444"
[1] "pos"
[1] 3.696722e-06 9.999142e-01
[1] "Fitting mu0 = E[Y|A=0,W]"
[1] "Iteration number: 445"
[1] "pos"
[1] 7.219133e-06 9.999197e-01
[1] "Fitting mu0 = E[Y|A=0,W]"
[1] "Iteration number: 446"
[1] "pos"
[1] 3.613626e-06 9.999008e-01
[1] "Fitting mu0 = E[Y|A=0,W]"
[1] "Iteration number: 447"
[1] "pos"
[1] 3.074351e-06 9.998589e-01
[1] "Fitting mu0 = E[Y|A=0,W]"
[1] "Iteration number: 448"
[1] "pos"
[1] 4.523053e-06 9.998814e-01
[1] "Fitting mu0 = E[Y|A=0,W]"
[1] "Iteration number: 449"
[1] "pos"
[1] 5.171784e-06 9.999316e-01
[1] "Fitting mu0 = E[Y|A=0,W]"
[1] "Iteration number: 450"
[1] "pos"
[1] 3.724964e-06 9.998955e-01
[1] "Fitting mu0 = E[Y|A=0,W]"
[1] "Iteration number: 451"
[1] "pos"
[1] 5.211617e-06 9.999203e-01
[1] "Fitting mu0 = E[Y|A=0,W]"
[1] "Iteration number: 452"
[1] "pos"
[1] 3.911764e-06 9.999242e-01
[1] "Fitting mu0 = E[Y|A=0,W]"
[1] "Iteration number: 453"
[1] "pos"
[1] 3.345020e-06 9.999043e-01
[1] "Fitting mu0 = E[Y|A=0,W]"
[1] "Iteration number: 454"
[1] "pos"
[1] 3.442694e-06 9.999240e-01
[1] "Fitting mu0 = E[Y|A=0,W]"
[1] "Iteration number: 455"
[1] "pos"
[1] 4.009825e-06 9.999005e-01
[1] "Fitting mu0 = E[Y|A=0,W]"
[1] "Iteration number: 456"
[1] "pos"
[1] 3.546877e-06 9.999190e-01
[1] "Fitting mu0 = E[Y|A=0,W]"
[1] "Iteration number: 457"
[1] "pos"
[1] 3.667977e-06 9.998937e-01
[1] "Fitting mu0 = E[Y|A=0,W]"
[1] "Iteration number: 458"
[1] "pos"
[1] 3.035252e-06 9.999379e-01
[1] "Fitting mu0 = E[Y|A=0,W]"
[1] "Iteration number: 459"
[1] "pos"
[1] 4.593967e-06 9.999239e-01
[1] "Fitting mu0 = E[Y|A=0,W]"
[1] "Iteration number: 460"
[1] "pos"
[1] 6.253689e-06 9.998794e-01
[1] "Fitting mu0 = E[Y|A=0,W]"
[1] "Iteration number: 461"
[1] "pos"
[1] 4.460885e-06 9.999121e-01
[1] "Fitting mu0 = E[Y|A=0,W]"
[1] "Iteration number: 462"
[1] "pos"
[1] 3.618864e-06 9.999101e-01
[1] "Fitting mu0 = E[Y|A=0,W]"
[1] "Iteration number: 463"
[1] "pos"
[1] 3.938207e-06 9.998835e-01
[1] "Fitting mu0 = E[Y|A=0,W]"
[1] "Iteration number: 464"
[1] "pos"
[1] 2.829397e-06 9.999238e-01
[1] "Fitting mu0 = E[Y|A=0,W]"
[1] "Iteration number: 465"
[1] "pos"
[1] 2.747933e-06 9.999296e-01
[1] "Fitting mu0 = E[Y|A=0,W]"
[1] "Iteration number: 466"
[1] "pos"
[1] 2.827188e-06 9.999346e-01
[1] "Fitting mu0 = E[Y|A=0,W]"
[1] "Iteration number: 467"
[1] "pos"
[1] 3.667056e-06 9.999292e-01
[1] "Fitting mu0 = E[Y|A=0,W]"
[1] "Iteration number: 468"
[1] "pos"
[1] 3.570423e-06 9.999257e-01
[1] "Fitting mu0 = E[Y|A=0,W]"
[1] "Iteration number: 469"
[1] "pos"
[1] 2.923706e-06 9.999121e-01
[1] "Fitting mu0 = E[Y|A=0,W]"
[1] "Iteration number: 470"
[1] "pos"
[1] 3.888637e-06 9.999240e-01
[1] "Fitting mu0 = E[Y|A=0,W]"
[1] "Iteration number: 471"
[1] "pos"
[1] 4.610790e-06 9.999324e-01
[1] "Fitting mu0 = E[Y|A=0,W]"
[1] "Iteration number: 472"
[1] "pos"
[1] 2.963085e-06 9.999319e-01
[1] "Fitting mu0 = E[Y|A=0,W]"
[1] "Iteration number: 473"
[1] "pos"
[1] 6.918406e-06 9.999276e-01
[1] "Fitting mu0 = E[Y|A=0,W]"
[1] "Iteration number: 474"
[1] "pos"
[1] 2.835793e-06 9.999059e-01
[1] "Fitting mu0 = E[Y|A=0,W]"
[1] "Iteration number: 475"
[1] "pos"
[1] 4.587584e-06 9.999377e-01
[1] "Fitting mu0 = E[Y|A=0,W]"
[1] "Iteration number: 476"
[1] "pos"
[1] 3.749490e-06 9.999213e-01
[1] "Fitting mu0 = E[Y|A=0,W]"
[1] "Iteration number: 477"
[1] "pos"
[1] 4.493262e-06 9.998807e-01
[1] "Fitting mu0 = E[Y|A=0,W]"
[1] "Iteration number: 478"
[1] "pos"
[1] 5.370307e-06 9.999354e-01
[1] "Fitting mu0 = E[Y|A=0,W]"
[1] "Iteration number: 479"
[1] "pos"
[1] 3.963584e-06 9.999193e-01
[1] "Fitting mu0 = E[Y|A=0,W]"
[1] "Iteration number: 480"
[1] "pos"
[1] 2.986565e-06 9.998848e-01
[1] "Fitting mu0 = E[Y|A=0,W]"
[1] "Iteration number: 481"
[1] "pos"
[1] 5.075585e-06 9.999185e-01
[1] "Fitting mu0 = E[Y|A=0,W]"
[1] "Iteration number: 482"
[1] "pos"
[1] 3.360203e-06 9.999290e-01
[1] "Fitting mu0 = E[Y|A=0,W]"
[1] "Iteration number: 483"
[1] "pos"
[1] 3.182345e-06 9.999276e-01
[1] "Fitting mu0 = E[Y|A=0,W]"
[1] "Iteration number: 484"
[1] "pos"
[1] 3.130321e-06 9.999275e-01
[1] "Fitting mu0 = E[Y|A=0,W]"
[1] "Iteration number: 485"
[1] "pos"
[1] 2.692714e-06 9.998866e-01
[1] "Fitting mu0 = E[Y|A=0,W]"
[1] "Iteration number: 486"
[1] "pos"
[1] 2.611356e-06 9.998709e-01
[1] "Fitting mu0 = E[Y|A=0,W]"
[1] "Iteration number: 487"
[1] "pos"
[1] 3.633993e-06 9.998916e-01
[1] "Fitting mu0 = E[Y|A=0,W]"
[1] "Iteration number: 488"
[1] "pos"
[1] 5.575895e-06 9.999153e-01
[1] "Fitting mu0 = E[Y|A=0,W]"
[1] "Iteration number: 489"
[1] "pos"
[1] 2.763832e-06 9.999398e-01
[1] "Fitting mu0 = E[Y|A=0,W]"
[1] "Iteration number: 490"
[1] "pos"
[1] 3.571648e-06 9.999245e-01
[1] "Fitting mu0 = E[Y|A=0,W]"
[1] "Iteration number: 491"
[1] "pos"
[1] 4.496673e-06 9.999429e-01
[1] "Fitting mu0 = E[Y|A=0,W]"
[1] "Iteration number: 492"
[1] "pos"
[1] 3.501387e-06 9.999053e-01
[1] "Fitting mu0 = E[Y|A=0,W]"
[1] "Iteration number: 493"
[1] "pos"
[1] 4.494380e-06 9.999164e-01
[1] "Fitting mu0 = E[Y|A=0,W]"
[1] "Iteration number: 494"
[1] "pos"
[1] 4.683858e-06 9.999339e-01
[1] "Fitting mu0 = E[Y|A=0,W]"
[1] "Iteration number: 495"
[1] "pos"
[1] 3.348035e-06 9.999063e-01
[1] "Fitting mu0 = E[Y|A=0,W]"
[1] "Iteration number: 496"
[1] "pos"
[1] 3.092925e-06 9.999128e-01
[1] "Fitting mu0 = E[Y|A=0,W]"
[1] "Iteration number: 497"
[1] "pos"
[1] 4.206555e-06 9.999262e-01
[1] "Fitting mu0 = E[Y|A=0,W]"
[1] "Iteration number: 498"
[1] "pos"
[1] 3.711692e-06 9.998597e-01
[1] "Fitting mu0 = E[Y|A=0,W]"
[1] "Iteration number: 499"
[1] "pos"
[1] 3.103225e-06 9.999185e-01
[1] "Fitting mu0 = E[Y|A=0,W]"
[1] "Iteration number: 500"
[1] "pos"
[1] 3.069060e-06 9.999402e-01
[1] "Fitting mu0 = E[Y|A=0,W]"
[1] "Iteration number: 501"
[1] "pos"
[1] 2.643491e-06 9.999402e-01
[1] "Fitting mu0 = E[Y|A=0,W]"
[1] "Iteration number: 502"
[1] "pos"
[1] 6.200669e-06 9.999158e-01
[1] "Fitting mu0 = E[Y|A=0,W]"
[1] "Iteration number: 503"
[1] "pos"
[1] 2.443149e-06 9.998931e-01
[1] "Fitting mu0 = E[Y|A=0,W]"
[1] "Iteration number: 504"
[1] "pos"
[1] 3.052896e-06 9.999317e-01
[1] "Fitting mu0 = E[Y|A=0,W]"
[1] "Iteration number: 505"
[1] "pos"
[1] 4.079746e-06 9.999314e-01
[1] "Fitting mu0 = E[Y|A=0,W]"
[1] "Iteration number: 506"
[1] "pos"
[1] 2.540813e-06 9.999290e-01
[1] "Fitting mu0 = E[Y|A=0,W]"
[1] "Iteration number: 507"
[1] "pos"
[1] 4.067653e-06 9.998732e-01
[1] "Fitting mu0 = E[Y|A=0,W]"
[1] "Iteration number: 508"
[1] "pos"
[1] 4.206186e-06 9.998761e-01
[1] "Fitting mu0 = E[Y|A=0,W]"
[1] "Iteration number: 509"
[1] "pos"
[1] 3.230375e-06 9.999395e-01
[1] "Fitting mu0 = E[Y|A=0,W]"
[1] "Iteration number: 510"
[1] "pos"
[1] 2.465941e-06 9.999152e-01
[1] "Fitting mu0 = E[Y|A=0,W]"
[1] "Iteration number: 511"
[1] "pos"
[1] 4.593280e-06 9.999361e-01
[1] "Fitting mu0 = E[Y|A=0,W]"
[1] "Iteration number: 512"
[1] "pos"
[1] 2.620071e-06 9.999228e-01
[1] "Fitting mu0 = E[Y|A=0,W]"
[1] "Iteration number: 513"
[1] "pos"
[1] 2.856962e-06 9.998894e-01
[1] "Fitting mu0 = E[Y|A=0,W]"
[1] "Iteration number: 514"
[1] "pos"
[1] 2.542513e-06 9.999082e-01
[1] "Fitting mu0 = E[Y|A=0,W]"
[1] "Iteration number: 515"
[1] "pos"
[1] 2.932750e-06 9.999274e-01
[1] "Fitting mu0 = E[Y|A=0,W]"
[1] "Iteration number: 516"
[1] "pos"
[1] 3.101135e-06 9.999256e-01
[1] "Fitting mu0 = E[Y|A=0,W]"
[1] "Iteration number: 517"
[1] "pos"
[1] 3.020370e-06 9.999115e-01
[1] "Fitting mu0 = E[Y|A=0,W]"
[1] "Iteration number: 518"
[1] "pos"
[1] 3.835595e-06 9.998890e-01
[1] "Fitting mu0 = E[Y|A=0,W]"
[1] "Iteration number: 519"
[1] "pos"
[1] 3.512707e-06 9.998727e-01
[1] "Fitting mu0 = E[Y|A=0,W]"
[1] "Iteration number: 520"
[1] "pos"
[1] 2.869891e-06 9.999148e-01
[1] "Fitting mu0 = E[Y|A=0,W]"
[1] "Iteration number: 521"
[1] "pos"
[1] 5.005677e-06 9.999069e-01
[1] "Fitting mu0 = E[Y|A=0,W]"
[1] "Iteration number: 522"
[1] "pos"
[1] 0.0000035229 0.9999123595
[1] "Fitting mu0 = E[Y|A=0,W]"
[1] "Iteration number: 523"
[1] "pos"
[1] 3.180328e-06 9.999075e-01
[1] "Fitting mu0 = E[Y|A=0,W]"
[1] "Iteration number: 524"
[1] "pos"
[1] 4.451604e-06 9.999298e-01
[1] "Fitting mu0 = E[Y|A=0,W]"
[1] "Iteration number: 525"
[1] "pos"
[1] 3.549969e-06 9.999367e-01
[1] "Fitting mu0 = E[Y|A=0,W]"
[1] "Iteration number: 526"
[1] "pos"
[1] 3.104151e-06 9.999154e-01
[1] "Fitting mu0 = E[Y|A=0,W]"
[1] "Iteration number: 527"
[1] "pos"
[1] 3.803050e-06 9.999157e-01
[1] "Fitting mu0 = E[Y|A=0,W]"
[1] "Iteration number: 528"
[1] "pos"
[1] 4.117431e-06 9.998955e-01
[1] "Fitting mu0 = E[Y|A=0,W]"
[1] "Iteration number: 529"
[1] "pos"
[1] 3.957732e-06 9.999191e-01
[1] "Fitting mu0 = E[Y|A=0,W]"
[1] "Iteration number: 530"
[1] "pos"
[1] 5.213996e-06 9.998909e-01
[1] "Fitting mu0 = E[Y|A=0,W]"
[1] "Iteration number: 531"
[1] "pos"
[1] 3.347914e-06 9.999236e-01
[1] "Fitting mu0 = E[Y|A=0,W]"
[1] "Iteration number: 532"
[1] "pos"
[1] 4.293822e-06 9.999322e-01
[1] "Fitting mu0 = E[Y|A=0,W]"
[1] "Iteration number: 533"
[1] "pos"
[1] 0.0000053747 0.9998958995
[1] "Fitting mu0 = E[Y|A=0,W]"
[1] "Iteration number: 534"
[1] "pos"
[1] 3.700473e-06 9.999248e-01
[1] "Fitting mu0 = E[Y|A=0,W]"
[1] "Iteration number: 535"
[1] "pos"
[1] 3.525541e-06 9.999423e-01
[1] "Fitting mu0 = E[Y|A=0,W]"
[1] "Iteration number: 536"
[1] "pos"
[1] 3.329429e-06 9.999214e-01
[1] "Fitting mu0 = E[Y|A=0,W]"
[1] "Iteration number: 537"
[1] "pos"
[1] 4.805972e-06 9.999162e-01
[1] "Fitting mu0 = E[Y|A=0,W]"
[1] "Iteration number: 538"
[1] "pos"
[1] 2.702779e-06 9.999135e-01
[1] "Fitting mu0 = E[Y|A=0,W]"
[1] "Iteration number: 539"
[1] "pos"
[1] 3.323965e-06 9.998844e-01
[1] "Fitting mu0 = E[Y|A=0,W]"
[1] "Iteration number: 540"
[1] "pos"
[1] 3.140558e-06 9.998853e-01
[1] "Fitting mu0 = E[Y|A=0,W]"
[1] "Iteration number: 541"
[1] "pos"
[1] 5.709825e-06 9.998958e-01
[1] "Fitting mu0 = E[Y|A=0,W]"
[1] "Iteration number: 542"
[1] "pos"
[1] 3.974144e-06 9.998982e-01
[1] "Fitting mu0 = E[Y|A=0,W]"
[1] "Iteration number: 543"
[1] "pos"
[1] 6.761388e-06 9.998876e-01
[1] "Fitting mu0 = E[Y|A=0,W]"
[1] "Iteration number: 544"
[1] "pos"
[1] 3.242318e-06 9.999409e-01
[1] "Fitting mu0 = E[Y|A=0,W]"
[1] "Iteration number: 545"
[1] "pos"
[1] 3.966441e-06 9.999013e-01
[1] "Fitting mu0 = E[Y|A=0,W]"
[1] "Iteration number: 546"
[1] "pos"
[1] 5.670482e-06 9.998984e-01
[1] "Fitting mu0 = E[Y|A=0,W]"
[1] "Iteration number: 547"
[1] "pos"
[1] 3.456367e-06 9.999048e-01
[1] "Fitting mu0 = E[Y|A=0,W]"
[1] "Iteration number: 548"
[1] "pos"
[1] 3.156587e-06 9.999155e-01
[1] "Fitting mu0 = E[Y|A=0,W]"
[1] "Iteration number: 549"
[1] "pos"
[1] 4.370445e-06 9.998909e-01
[1] "Fitting mu0 = E[Y|A=0,W]"
[1] "Iteration number: 550"
[1] "pos"
[1] 3.860271e-06 9.999206e-01
[1] "Fitting mu0 = E[Y|A=0,W]"
[1] "Iteration number: 551"
[1] "pos"
[1] 2.917007e-06 9.998498e-01
[1] "Fitting mu0 = E[Y|A=0,W]"
[1] "Iteration number: 552"
[1] "pos"
[1] 2.974377e-06 9.998265e-01
[1] "Fitting mu0 = E[Y|A=0,W]"
[1] "Iteration number: 553"
[1] "pos"
[1] 3.334736e-06 9.999001e-01
[1] "Fitting mu0 = E[Y|A=0,W]"
[1] "Iteration number: 554"
[1] "pos"
[1] 3.238789e-06 9.999350e-01
[1] "Fitting mu0 = E[Y|A=0,W]"
[1] "Iteration number: 555"
[1] "pos"
[1] 3.310301e-06 9.999381e-01
[1] "Fitting mu0 = E[Y|A=0,W]"
[1] "Iteration number: 556"
[1] "pos"
[1] 3.757582e-06 9.999344e-01
[1] "Fitting mu0 = E[Y|A=0,W]"
[1] "Iteration number: 557"
[1] "pos"
[1] 2.734206e-06 9.999266e-01
[1] "Fitting mu0 = E[Y|A=0,W]"
[1] "Iteration number: 558"
[1] "pos"
[1] 7.149540e-06 9.999043e-01
[1] "Fitting mu0 = E[Y|A=0,W]"
[1] "Iteration number: 559"
[1] "pos"
[1] 3.390409e-06 9.999239e-01
[1] "Fitting mu0 = E[Y|A=0,W]"
[1] "Iteration number: 560"
[1] "pos"
[1] 2.614533e-06 9.999173e-01
[1] "Fitting mu0 = E[Y|A=0,W]"
[1] "Iteration number: 561"
[1] "pos"
[1] 4.212201e-06 9.999414e-01
[1] "Fitting mu0 = E[Y|A=0,W]"
[1] "Iteration number: 562"
[1] "pos"
[1] 3.849008e-06 9.998981e-01
[1] "Fitting mu0 = E[Y|A=0,W]"
[1] "Iteration number: 563"
[1] "pos"
[1] 2.641473e-06 9.999381e-01
[1] "Fitting mu0 = E[Y|A=0,W]"
[1] "Iteration number: 564"
[1] "pos"
[1] 3.554844e-06 9.999306e-01
[1] "Fitting mu0 = E[Y|A=0,W]"
[1] "Iteration number: 565"
[1] "pos"
[1] 3.082871e-06 9.999241e-01
[1] "Fitting mu0 = E[Y|A=0,W]"
[1] "Iteration number: 566"
[1] "pos"
[1] 4.584628e-06 9.999254e-01
[1] "Fitting mu0 = E[Y|A=0,W]"
[1] "Iteration number: 567"
[1] "pos"
[1] 3.831873e-06 9.999290e-01
[1] "Fitting mu0 = E[Y|A=0,W]"
[1] "Iteration number: 568"
[1] "pos"
[1] 3.508104e-06 9.999321e-01
[1] "Fitting mu0 = E[Y|A=0,W]"
[1] "Iteration number: 569"
[1] "pos"
[1] 4.603954e-06 9.999255e-01
[1] "Fitting mu0 = E[Y|A=0,W]"
[1] "Iteration number: 570"
[1] "pos"
[1] 3.678055e-06 9.999165e-01
[1] "Fitting mu0 = E[Y|A=0,W]"
[1] "Iteration number: 571"
[1] "pos"
[1] 4.273801e-06 9.999449e-01
[1] "Fitting mu0 = E[Y|A=0,W]"
[1] "Iteration number: 572"
[1] "pos"
[1] 3.093793e-06 9.999231e-01
[1] "Fitting mu0 = E[Y|A=0,W]"
[1] "Iteration number: 573"
[1] "pos"
[1] 3.999316e-06 9.999346e-01
[1] "Fitting mu0 = E[Y|A=0,W]"
[1] "Iteration number: 574"
[1] "pos"
[1] 6.448660e-06 9.999333e-01
[1] "Fitting mu0 = E[Y|A=0,W]"
[1] "Iteration number: 575"
[1] "pos"
[1] 3.330711e-06 9.999301e-01
[1] "Fitting mu0 = E[Y|A=0,W]"
[1] "Iteration number: 576"
[1] "pos"
[1] 4.439899e-06 9.999205e-01
[1] "Fitting mu0 = E[Y|A=0,W]"
[1] "Iteration number: 577"
[1] "pos"
[1] 3.792583e-06 9.998930e-01
[1] "Fitting mu0 = E[Y|A=0,W]"
[1] "Iteration number: 578"
[1] "pos"
[1] 3.550017e-06 9.999055e-01
[1] "Fitting mu0 = E[Y|A=0,W]"
[1] "Iteration number: 579"
[1] "pos"
[1] 2.852797e-06 9.998939e-01
[1] "Fitting mu0 = E[Y|A=0,W]"
[1] "Iteration number: 580"
[1] "pos"
[1] 3.073392e-06 9.999334e-01
[1] "Fitting mu0 = E[Y|A=0,W]"
[1] "Iteration number: 581"
[1] "pos"
[1] 7.407454e-06 9.999290e-01
[1] "Fitting mu0 = E[Y|A=0,W]"
[1] "Iteration number: 582"
[1] "pos"
[1] 4.185425e-06 9.999345e-01
[1] "Fitting mu0 = E[Y|A=0,W]"
[1] "Iteration number: 583"
[1] "pos"
[1] 2.726345e-06 9.999072e-01
[1] "Fitting mu0 = E[Y|A=0,W]"
[1] "Iteration number: 584"
[1] "pos"
[1] 6.515096e-06 9.999339e-01
[1] "Fitting mu0 = E[Y|A=0,W]"
[1] "Iteration number: 585"
[1] "pos"
[1] 3.120240e-06 9.999271e-01
[1] "Fitting mu0 = E[Y|A=0,W]"
[1] "Iteration number: 586"
[1] "pos"
[1] 3.514410e-06 9.999096e-01
[1] "Fitting mu0 = E[Y|A=0,W]"
[1] "Iteration number: 587"
[1] "pos"
[1] 2.845184e-06 9.999356e-01
[1] "Fitting mu0 = E[Y|A=0,W]"
[1] "Iteration number: 588"
[1] "pos"
[1] 6.907787e-06 9.999236e-01
[1] "Fitting mu0 = E[Y|A=0,W]"
[1] "Iteration number: 589"
[1] "pos"
[1] 3.520790e-06 9.998923e-01
[1] "Fitting mu0 = E[Y|A=0,W]"
[1] "Iteration number: 590"
[1] "pos"
[1] 3.303064e-06 9.999103e-01
[1] "Fitting mu0 = E[Y|A=0,W]"
[1] "Iteration number: 591"
[1] "pos"
[1] 3.038982e-06 9.999325e-01
[1] "Fitting mu0 = E[Y|A=0,W]"
[1] "Iteration number: 592"
[1] "pos"
[1] 2.492627e-06 9.999341e-01
[1] "Fitting mu0 = E[Y|A=0,W]"
[1] "Iteration number: 593"
[1] "pos"
[1] 3.587033e-06 9.998719e-01
[1] "Fitting mu0 = E[Y|A=0,W]"
[1] "Iteration number: 594"
[1] "pos"
[1] 4.409674e-06 9.998512e-01
[1] "Fitting mu0 = E[Y|A=0,W]"
[1] "Iteration number: 595"
[1] "pos"
[1] 4.208121e-06 9.999394e-01
[1] "Fitting mu0 = E[Y|A=0,W]"
[1] "Iteration number: 596"
[1] "pos"
[1] 3.575864e-06 9.999220e-01
[1] "Fitting mu0 = E[Y|A=0,W]"
[1] "Iteration number: 597"
[1] "pos"
[1] 3.776888e-06 9.998889e-01
[1] "Fitting mu0 = E[Y|A=0,W]"
[1] "Iteration number: 598"
[1] "pos"
[1] 2.901068e-06 9.999333e-01
[1] "Fitting mu0 = E[Y|A=0,W]"
[1] "Iteration number: 599"
[1] "pos"
[1] 3.209451e-06 9.999323e-01
[1] "Fitting mu0 = E[Y|A=0,W]"
[1] "Iteration number: 600"
[1] "pos"
[1] 4.242017e-06 9.998909e-01
[1] "Fitting mu0 = E[Y|A=0,W]"
[1] "Iteration number: 601"
[1] "pos"
[1] 3.579129e-06 9.999037e-01
[1] "Fitting mu0 = E[Y|A=0,W]"
[1] "Iteration number: 602"
[1] "pos"
[1] 3.488428e-06 9.999167e-01
[1] "Fitting mu0 = E[Y|A=0,W]"
[1] "Iteration number: 603"
[1] "pos"
[1] 3.322027e-06 9.999261e-01
[1] "Fitting mu0 = E[Y|A=0,W]"
[1] "Iteration number: 604"
[1] "pos"
[1] 2.957396e-06 9.999200e-01
[1] "Fitting mu0 = E[Y|A=0,W]"
[1] "Iteration number: 605"
[1] "pos"
[1] 5.056004e-06 9.999355e-01
[1] "Fitting mu0 = E[Y|A=0,W]"
[1] "Iteration number: 606"
[1] "pos"
[1] 3.432732e-06 9.999399e-01
[1] "Fitting mu0 = E[Y|A=0,W]"
[1] "Iteration number: 607"
[1] "pos"
[1] 3.481019e-06 9.998986e-01
[1] "Fitting mu0 = E[Y|A=0,W]"
[1] "Iteration number: 608"
[1] "pos"
[1] 3.072479e-06 9.999302e-01
[1] "Fitting mu0 = E[Y|A=0,W]"
[1] "Iteration number: 609"
[1] "pos"
[1] 4.420682e-06 9.999122e-01
[1] "Fitting mu0 = E[Y|A=0,W]"
[1] "Iteration number: 610"
[1] "pos"
[1] 3.820547e-06 9.998790e-01
[1] "Fitting mu0 = E[Y|A=0,W]"
[1] "Iteration number: 611"
[1] "pos"
[1] 3.755183e-06 9.999127e-01
[1] "Fitting mu0 = E[Y|A=0,W]"
[1] "Iteration number: 612"
[1] "pos"
[1] 3.153032e-06 9.999212e-01
[1] "Fitting mu0 = E[Y|A=0,W]"
[1] "Iteration number: 613"
[1] "pos"
[1] 2.839984e-06 9.998758e-01
[1] "Fitting mu0 = E[Y|A=0,W]"
[1] "Iteration number: 614"
[1] "pos"
[1] 4.445049e-06 9.999231e-01
[1] "Fitting mu0 = E[Y|A=0,W]"
[1] "Iteration number: 615"
[1] "pos"
[1] 3.035560e-06 9.999121e-01
[1] "Fitting mu0 = E[Y|A=0,W]"
[1] "Iteration number: 616"
[1] "pos"
[1] 4.197348e-06 9.999286e-01
[1] "Fitting mu0 = E[Y|A=0,W]"
[1] "Iteration number: 617"
[1] "pos"
[1] 3.665084e-06 9.999379e-01
[1] "Fitting mu0 = E[Y|A=0,W]"
[1] "Iteration number: 618"
[1] "pos"
[1] 3.359062e-06 9.999303e-01
[1] "Fitting mu0 = E[Y|A=0,W]"
[1] "Iteration number: 619"
[1] "pos"
[1] 2.527982e-06 9.999253e-01
[1] "Fitting mu0 = E[Y|A=0,W]"
[1] "Iteration number: 620"
[1] "pos"
[1] 4.204390e-06 9.999081e-01
[1] "Fitting mu0 = E[Y|A=0,W]"
[1] "Iteration number: 621"
[1] "pos"
[1] 3.358167e-06 9.999171e-01
[1] "Fitting mu0 = E[Y|A=0,W]"
[1] "Iteration number: 622"
[1] "pos"
[1] 3.702327e-06 9.999272e-01
[1] "Fitting mu0 = E[Y|A=0,W]"
[1] "Iteration number: 623"
[1] "pos"
[1] 3.642224e-06 9.998854e-01
[1] "Fitting mu0 = E[Y|A=0,W]"
[1] "Iteration number: 624"
[1] "pos"
[1] 4.116973e-06 9.998666e-01
[1] "Fitting mu0 = E[Y|A=0,W]"
[1] "Iteration number: 625"
[1] "pos"
[1] 5.102927e-06 9.998503e-01
[1] "Fitting mu0 = E[Y|A=0,W]"
[1] "Iteration number: 626"
[1] "pos"
[1] 3.476803e-06 9.999340e-01
[1] "Fitting mu0 = E[Y|A=0,W]"
[1] "Iteration number: 627"
[1] "pos"
[1] 2.494768e-06 9.999143e-01
[1] "Fitting mu0 = E[Y|A=0,W]"
[1] "Iteration number: 628"
[1] "pos"
[1] 3.150463e-06 9.999252e-01
[1] "Fitting mu0 = E[Y|A=0,W]"
[1] "Iteration number: 629"
[1] "pos"
[1] 3.961293e-06 9.999298e-01
[1] "Fitting mu0 = E[Y|A=0,W]"
[1] "Iteration number: 630"
[1] "pos"
[1] 4.120605e-06 9.999441e-01
[1] "Fitting mu0 = E[Y|A=0,W]"
[1] "Iteration number: 631"
[1] "pos"
[1] 5.224046e-06 9.998946e-01
[1] "Fitting mu0 = E[Y|A=0,W]"
[1] "Iteration number: 632"
[1] "pos"
[1] 3.536641e-06 9.999207e-01
[1] "Fitting mu0 = E[Y|A=0,W]"
[1] "Iteration number: 633"
[1] "pos"
[1] 2.871430e-06 9.999385e-01
[1] "Fitting mu0 = E[Y|A=0,W]"
[1] "Iteration number: 634"
[1] "pos"
[1] 3.004783e-06 9.999218e-01
[1] "Fitting mu0 = E[Y|A=0,W]"
[1] "Iteration number: 635"
[1] "pos"
[1] 2.947970e-06 9.999282e-01
[1] "Fitting mu0 = E[Y|A=0,W]"
[1] "Iteration number: 636"
[1] "pos"
[1] 3.891473e-06 9.999054e-01
[1] "Fitting mu0 = E[Y|A=0,W]"
[1] "Iteration number: 637"
[1] "pos"
[1] 4.074096e-06 9.998504e-01
[1] "Fitting mu0 = E[Y|A=0,W]"
[1] "Iteration number: 638"
[1] "pos"
[1] 3.008315e-06 9.999196e-01
[1] "Fitting mu0 = E[Y|A=0,W]"
[1] "Iteration number: 639"
[1] "pos"
[1] 3.810942e-06 9.999328e-01
[1] "Fitting mu0 = E[Y|A=0,W]"
[1] "Iteration number: 640"
[1] "pos"
[1] 3.857220e-06 9.998903e-01
[1] "Fitting mu0 = E[Y|A=0,W]"
[1] "Iteration number: 641"
[1] "pos"
[1] 3.056102e-06 9.998745e-01
[1] "Fitting mu0 = E[Y|A=0,W]"
[1] "Iteration number: 642"
[1] "pos"
[1] 4.276058e-06 9.999081e-01
[1] "Fitting mu0 = E[Y|A=0,W]"
[1] "Iteration number: 643"
[1] "pos"
[1] 3.132579e-06 9.999351e-01
[1] "Fitting mu0 = E[Y|A=0,W]"
[1] "Iteration number: 644"
[1] "pos"
[1] 3.290183e-06 9.999182e-01
[1] "Fitting mu0 = E[Y|A=0,W]"
[1] "Iteration number: 645"
[1] "pos"
[1] 4.097590e-06 9.998693e-01
[1] "Fitting mu0 = E[Y|A=0,W]"
[1] "Iteration number: 646"
[1] "pos"
[1] 4.474052e-06 9.999350e-01
[1] "Fitting mu0 = E[Y|A=0,W]"
[1] "Iteration number: 647"
[1] "pos"
[1] 4.377482e-06 9.999378e-01
[1] "Fitting mu0 = E[Y|A=0,W]"
[1] "Iteration number: 648"
[1] "pos"
[1] 3.522484e-06 9.999239e-01
[1] "Fitting mu0 = E[Y|A=0,W]"
[1] "Iteration number: 649"
[1] "pos"
[1] 3.897202e-06 9.999071e-01
[1] "Fitting mu0 = E[Y|A=0,W]"
[1] "Iteration number: 650"
[1] "pos"
[1] 3.833412e-06 9.999138e-01
[1] "Fitting mu0 = E[Y|A=0,W]"
[1] "Iteration number: 651"
[1] "pos"
[1] 3.279403e-06 9.998534e-01
[1] "Fitting mu0 = E[Y|A=0,W]"
[1] "Iteration number: 652"
[1] "pos"
[1] 4.697368e-06 9.999377e-01
[1] "Fitting mu0 = E[Y|A=0,W]"
[1] "Iteration number: 653"
[1] "pos"
[1] 3.519321e-06 9.999133e-01
[1] "Fitting mu0 = E[Y|A=0,W]"
[1] "Iteration number: 654"
[1] "pos"
[1] 9.123764e-06 9.999322e-01
[1] "Fitting mu0 = E[Y|A=0,W]"
[1] "Iteration number: 655"
[1] "pos"
[1] 3.618970e-06 9.999344e-01
[1] "Fitting mu0 = E[Y|A=0,W]"
[1] "Iteration number: 656"
[1] "pos"
[1] 3.046872e-06 9.998879e-01
[1] "Fitting mu0 = E[Y|A=0,W]"
[1] "Iteration number: 657"
[1] "pos"
[1] 5.862627e-06 9.999196e-01
[1] "Fitting mu0 = E[Y|A=0,W]"
[1] "Iteration number: 658"
[1] "pos"
[1] 3.684387e-06 9.999274e-01
[1] "Fitting mu0 = E[Y|A=0,W]"
[1] "Iteration number: 659"
[1] "pos"
[1] 4.061852e-06 9.999068e-01
[1] "Fitting mu0 = E[Y|A=0,W]"
[1] "Iteration number: 660"
[1] "pos"
[1] 5.906468e-06 9.999186e-01
[1] "Fitting mu0 = E[Y|A=0,W]"
[1] "Iteration number: 661"
[1] "pos"
[1] 3.663565e-06 9.998702e-01
[1] "Fitting mu0 = E[Y|A=0,W]"
[1] "Iteration number: 662"
[1] "pos"
[1] 3.894731e-06 9.999156e-01
[1] "Fitting mu0 = E[Y|A=0,W]"
[1] "Iteration number: 663"
[1] "pos"
[1] 4.009206e-06 9.999133e-01
[1] "Fitting mu0 = E[Y|A=0,W]"
[1] "Iteration number: 664"
[1] "pos"
[1] 4.047336e-06 9.999254e-01
[1] "Fitting mu0 = E[Y|A=0,W]"
[1] "Iteration number: 665"
[1] "pos"
[1] 3.155387e-06 9.999318e-01
[1] "Fitting mu0 = E[Y|A=0,W]"
[1] "Iteration number: 666"
[1] "pos"
[1] 4.395878e-06 9.999377e-01
[1] "Fitting mu0 = E[Y|A=0,W]"
[1] "Iteration number: 667"
[1] "pos"
[1] 4.723028e-06 9.999170e-01
[1] "Fitting mu0 = E[Y|A=0,W]"
[1] "Iteration number: 668"
[1] "pos"
[1] 3.403958e-06 9.999310e-01
[1] "Fitting mu0 = E[Y|A=0,W]"
[1] "Iteration number: 669"
[1] "pos"
[1] 4.389113e-06 9.998589e-01
[1] "Fitting mu0 = E[Y|A=0,W]"
[1] "Iteration number: 670"
[1] "pos"
[1] 3.374148e-06 9.999280e-01
[1] "Fitting mu0 = E[Y|A=0,W]"
[1] "Iteration number: 671"
[1] "pos"
[1] 2.964620e-06 9.999246e-01
[1] "Fitting mu0 = E[Y|A=0,W]"
[1] "Iteration number: 672"
[1] "pos"
[1] 3.370056e-06 9.998696e-01
[1] "Fitting mu0 = E[Y|A=0,W]"
[1] "Iteration number: 673"
[1] "pos"
[1] 3.161097e-06 9.999240e-01
[1] "Fitting mu0 = E[Y|A=0,W]"
[1] "Iteration number: 674"
[1] "pos"
[1] 3.066540e-06 9.999173e-01
[1] "Fitting mu0 = E[Y|A=0,W]"
[1] "Iteration number: 675"
[1] "pos"
[1] 4.240956e-06 9.999258e-01
[1] "Fitting mu0 = E[Y|A=0,W]"
[1] "Iteration number: 676"
[1] "pos"
[1] 2.744625e-06 9.999279e-01
[1] "Fitting mu0 = E[Y|A=0,W]"
[1] "Iteration number: 677"
[1] "pos"
[1] 4.029203e-06 9.999079e-01
[1] "Fitting mu0 = E[Y|A=0,W]"
[1] "Iteration number: 678"
[1] "pos"
[1] 2.848442e-06 9.998978e-01
[1] "Fitting mu0 = E[Y|A=0,W]"
[1] "Iteration number: 679"
[1] "pos"
[1] 3.140594e-06 9.999114e-01
[1] "Fitting mu0 = E[Y|A=0,W]"
[1] "Iteration number: 680"
[1] "pos"
[1] 4.733795e-06 9.999010e-01
[1] "Fitting mu0 = E[Y|A=0,W]"
[1] "Iteration number: 681"
[1] "pos"
[1] 2.609917e-06 9.999342e-01
[1] "Fitting mu0 = E[Y|A=0,W]"
[1] "Iteration number: 682"
[1] "pos"
[1] 3.305841e-06 9.998600e-01
[1] "Fitting mu0 = E[Y|A=0,W]"
[1] "Iteration number: 683"
[1] "pos"
[1] 4.236023e-06 9.999254e-01
[1] "Fitting mu0 = E[Y|A=0,W]"
[1] "Iteration number: 684"
[1] "pos"
[1] 3.120561e-06 9.999372e-01
[1] "Fitting mu0 = E[Y|A=0,W]"
[1] "Iteration number: 685"
[1] "pos"
[1] 2.737882e-06 9.999059e-01
[1] "Fitting mu0 = E[Y|A=0,W]"
[1] "Iteration number: 686"
[1] "pos"
[1] 3.694344e-06 9.999111e-01
[1] "Fitting mu0 = E[Y|A=0,W]"
[1] "Iteration number: 687"
[1] "pos"
[1] 5.147442e-06 9.999106e-01
[1] "Fitting mu0 = E[Y|A=0,W]"
[1] "Iteration number: 688"
[1] "pos"
[1] 3.522483e-06 9.998852e-01
[1] "Fitting mu0 = E[Y|A=0,W]"
[1] "Iteration number: 689"
[1] "pos"
[1] 5.166226e-06 9.999020e-01
[1] "Fitting mu0 = E[Y|A=0,W]"
[1] "Iteration number: 690"
[1] "pos"
[1] 4.112546e-06 9.999324e-01
[1] "Fitting mu0 = E[Y|A=0,W]"
[1] "Iteration number: 691"
[1] "pos"
[1] 2.621282e-06 9.999363e-01
[1] "Fitting mu0 = E[Y|A=0,W]"
[1] "Iteration number: 692"
[1] "pos"
[1] 7.166750e-06 9.999174e-01
[1] "Fitting mu0 = E[Y|A=0,W]"
[1] "Iteration number: 693"
[1] "pos"
[1] 2.870277e-06 9.999281e-01
[1] "Fitting mu0 = E[Y|A=0,W]"
[1] "Iteration number: 694"
[1] "pos"
[1] 2.657234e-06 9.999167e-01
[1] "Fitting mu0 = E[Y|A=0,W]"
[1] "Iteration number: 695"
[1] "pos"
[1] 4.640135e-06 9.999095e-01
[1] "Fitting mu0 = E[Y|A=0,W]"
[1] "Iteration number: 696"
[1] "pos"
[1] 4.065922e-06 9.999281e-01
[1] "Fitting mu0 = E[Y|A=0,W]"
[1] "Iteration number: 697"
[1] "pos"
[1] 6.046219e-06 9.999353e-01
[1] "Fitting mu0 = E[Y|A=0,W]"
[1] "Iteration number: 698"
[1] "pos"
[1] 3.955962e-06 9.999077e-01
[1] "Fitting mu0 = E[Y|A=0,W]"
[1] "Iteration number: 699"
[1] "pos"
[1] 2.579974e-06 9.999125e-01
[1] "Fitting mu0 = E[Y|A=0,W]"
[1] "Iteration number: 700"
[1] "pos"
[1] 2.431541e-06 9.998958e-01
[1] "Fitting mu0 = E[Y|A=0,W]"
[1] "Iteration number: 701"
[1] "pos"
[1] 3.422051e-06 9.999005e-01
[1] "Fitting mu0 = E[Y|A=0,W]"
[1] "Iteration number: 702"
[1] "pos"
[1] 3.273225e-06 9.998372e-01
[1] "Fitting mu0 = E[Y|A=0,W]"
[1] "Iteration number: 703"
[1] "pos"
[1] 3.036173e-06 9.999205e-01
[1] "Fitting mu0 = E[Y|A=0,W]"
[1] "Iteration number: 704"
[1] "pos"
[1] 2.927431e-06 9.998358e-01
[1] "Fitting mu0 = E[Y|A=0,W]"
[1] "Iteration number: 705"
[1] "pos"
[1] 3.865863e-06 9.999021e-01
[1] "Fitting mu0 = E[Y|A=0,W]"
[1] "Iteration number: 706"
[1] "pos"
[1] 2.993936e-06 9.999181e-01
[1] "Fitting mu0 = E[Y|A=0,W]"
[1] "Iteration number: 707"
[1] "pos"
[1] 3.110857e-06 9.999090e-01
[1] "Fitting mu0 = E[Y|A=0,W]"
[1] "Iteration number: 708"
[1] "pos"
[1] 3.321692e-06 9.998547e-01
[1] "Fitting mu0 = E[Y|A=0,W]"
[1] "Iteration number: 709"
[1] "pos"
[1] 5.560818e-06 9.998573e-01
[1] "Fitting mu0 = E[Y|A=0,W]"
[1] "Iteration number: 710"
[1] "pos"
[1] 4.929292e-06 9.999436e-01
[1] "Fitting mu0 = E[Y|A=0,W]"
[1] "Iteration number: 711"
[1] "pos"
[1] 2.949674e-06 9.999134e-01
[1] "Fitting mu0 = E[Y|A=0,W]"
[1] "Iteration number: 712"
[1] "pos"
[1] 3.902394e-06 9.999271e-01
[1] "Fitting mu0 = E[Y|A=0,W]"
[1] "Iteration number: 713"
[1] "pos"
[1] 3.990990e-06 9.999359e-01
[1] "Fitting mu0 = E[Y|A=0,W]"
[1] "Iteration number: 714"
[1] "pos"
[1] 3.27865e-06 9.99891e-01
[1] "Fitting mu0 = E[Y|A=0,W]"
[1] "Iteration number: 715"
[1] "pos"
[1] 2.925643e-06 9.998717e-01
[1] "Fitting mu0 = E[Y|A=0,W]"
[1] "Iteration number: 716"
[1] "pos"
[1] 3.753896e-06 9.999372e-01
[1] "Fitting mu0 = E[Y|A=0,W]"
[1] "Iteration number: 717"
[1] "pos"
[1] 5.099320e-06 9.998929e-01
[1] "Fitting mu0 = E[Y|A=0,W]"
[1] "Iteration number: 718"
[1] "pos"
[1] 2.797059e-06 9.999090e-01
[1] "Fitting mu0 = E[Y|A=0,W]"
[1] "Iteration number: 719"
[1] "pos"
[1] 4.150080e-06 9.999163e-01
[1] "Fitting mu0 = E[Y|A=0,W]"
[1] "Iteration number: 720"
[1] "pos"
[1] 2.637445e-06 9.999063e-01
[1] "Fitting mu0 = E[Y|A=0,W]"
[1] "Iteration number: 721"
[1] "pos"
[1] 3.026286e-06 9.998653e-01
[1] "Fitting mu0 = E[Y|A=0,W]"
[1] "Iteration number: 722"
[1] "pos"
[1] 3.294363e-06 9.999114e-01
[1] "Fitting mu0 = E[Y|A=0,W]"
[1] "Iteration number: 723"
[1] "pos"
[1] 3.965657e-06 9.999078e-01
[1] "Fitting mu0 = E[Y|A=0,W]"
[1] "Iteration number: 724"
[1] "pos"
[1] 4.841065e-06 9.999085e-01
[1] "Fitting mu0 = E[Y|A=0,W]"
[1] "Iteration number: 725"
[1] "pos"
[1] 3.272693e-06 9.999057e-01
[1] "Fitting mu0 = E[Y|A=0,W]"
[1] "Iteration number: 726"
[1] "pos"
[1] 3.165438e-06 9.999158e-01
[1] "Fitting mu0 = E[Y|A=0,W]"
[1] "Iteration number: 727"
[1] "pos"
[1] 3.289297e-06 9.999219e-01
[1] "Fitting mu0 = E[Y|A=0,W]"
[1] "Iteration number: 728"
[1] "pos"
[1] 2.855312e-06 9.999034e-01
[1] "Fitting mu0 = E[Y|A=0,W]"
[1] "Iteration number: 729"
[1] "pos"
[1] 3.839695e-06 9.999190e-01
[1] "Fitting mu0 = E[Y|A=0,W]"
[1] "Iteration number: 730"
[1] "pos"
[1] 8.335378e-06 9.999367e-01
[1] "Fitting mu0 = E[Y|A=0,W]"
[1] "Iteration number: 731"
[1] "pos"
[1] 3.823923e-06 9.999018e-01
[1] "Fitting mu0 = E[Y|A=0,W]"
[1] "Iteration number: 732"
[1] "pos"
[1] 3.842432e-06 9.999394e-01
[1] "Fitting mu0 = E[Y|A=0,W]"
[1] "Iteration number: 733"
[1] "pos"
[1] 4.473592e-06 9.998914e-01
[1] "Fitting mu0 = E[Y|A=0,W]"
[1] "Iteration number: 734"
[1] "pos"
[1] 4.443096e-06 9.999119e-01
[1] "Fitting mu0 = E[Y|A=0,W]"
[1] "Iteration number: 735"
[1] "pos"
[1] 3.020651e-06 9.999286e-01
[1] "Fitting mu0 = E[Y|A=0,W]"
[1] "Iteration number: 736"
[1] "pos"
[1] 2.644427e-06 9.998902e-01
[1] "Fitting mu0 = E[Y|A=0,W]"
[1] "Iteration number: 737"
[1] "pos"
[1] 4.799588e-06 9.998937e-01
[1] "Fitting mu0 = E[Y|A=0,W]"
[1] "Iteration number: 738"
[1] "pos"
[1] 3.352569e-06 9.998928e-01
[1] "Fitting mu0 = E[Y|A=0,W]"
[1] "Iteration number: 739"
[1] "pos"
[1] 2.536488e-06 9.999074e-01
[1] "Fitting mu0 = E[Y|A=0,W]"
[1] "Iteration number: 740"
[1] "pos"
[1] 3.674167e-06 9.999143e-01
[1] "Fitting mu0 = E[Y|A=0,W]"
[1] "Iteration number: 741"
[1] "pos"
[1] 6.756314e-06 9.999332e-01
[1] "Fitting mu0 = E[Y|A=0,W]"
[1] "Iteration number: 742"
[1] "pos"
[1] 3.696901e-06 9.999102e-01
[1] "Fitting mu0 = E[Y|A=0,W]"
[1] "Iteration number: 743"
[1] "pos"
[1] 3.065958e-06 9.999058e-01
[1] "Fitting mu0 = E[Y|A=0,W]"
[1] "Iteration number: 744"
[1] "pos"
[1] 3.738240e-06 9.999283e-01
[1] "Fitting mu0 = E[Y|A=0,W]"
[1] "Iteration number: 745"
[1] "pos"
[1] 2.726326e-06 9.999175e-01
[1] "Fitting mu0 = E[Y|A=0,W]"
[1] "Iteration number: 746"
[1] "pos"
[1] 2.835185e-06 9.999243e-01
[1] "Fitting mu0 = E[Y|A=0,W]"
[1] "Iteration number: 747"
[1] "pos"
[1] 3.412917e-06 9.998365e-01
[1] "Fitting mu0 = E[Y|A=0,W]"
[1] "Iteration number: 748"
[1] "pos"
[1] 4.187566e-06 9.998858e-01
[1] "Fitting mu0 = E[Y|A=0,W]"
[1] "Iteration number: 749"
[1] "pos"
[1] 6.473212e-06 9.999403e-01
[1] "Fitting mu0 = E[Y|A=0,W]"
[1] "Iteration number: 750"
[1] "pos"
[1] 4.357315e-06 9.998696e-01
[1] "Fitting mu0 = E[Y|A=0,W]"
[1] "Iteration number: 751"
[1] "pos"
[1] 3.373762e-06 9.999067e-01
[1] "Fitting mu0 = E[Y|A=0,W]"
[1] "Iteration number: 752"
[1] "pos"
[1] 3.960587e-06 9.998737e-01
[1] "Fitting mu0 = E[Y|A=0,W]"
[1] "Iteration number: 753"
[1] "pos"
[1] 3.874933e-06 9.999116e-01
[1] "Fitting mu0 = E[Y|A=0,W]"
[1] "Iteration number: 754"
[1] "pos"
[1] 3.240806e-06 9.999248e-01
[1] "Fitting mu0 = E[Y|A=0,W]"
[1] "Iteration number: 755"
[1] "pos"
[1] 4.458496e-06 9.999045e-01
[1] "Fitting mu0 = E[Y|A=0,W]"
[1] "Iteration number: 756"
[1] "pos"
[1] 3.299796e-06 9.999457e-01
[1] "Fitting mu0 = E[Y|A=0,W]"
[1] "Iteration number: 757"
[1] "pos"
[1] 3.779156e-06 9.999073e-01
[1] "Fitting mu0 = E[Y|A=0,W]"
[1] "Iteration number: 758"
[1] "pos"
[1] 6.533153e-06 9.998804e-01
[1] "Fitting mu0 = E[Y|A=0,W]"
[1] "Iteration number: 759"
[1] "pos"
[1] 3.853832e-06 9.999232e-01
[1] "Fitting mu0 = E[Y|A=0,W]"
[1] "Iteration number: 760"
[1] "pos"
[1] 3.034589e-06 9.998571e-01
[1] "Fitting mu0 = E[Y|A=0,W]"
[1] "Iteration number: 761"
[1] "pos"
[1] 3.845706e-06 9.999314e-01
[1] "Fitting mu0 = E[Y|A=0,W]"
[1] "Iteration number: 762"
[1] "pos"
[1] 4.357762e-06 9.999405e-01
[1] "Fitting mu0 = E[Y|A=0,W]"
[1] "Iteration number: 763"
[1] "pos"
[1] 0.0000049015 0.9999363796
[1] "Fitting mu0 = E[Y|A=0,W]"
[1] "Iteration number: 764"
[1] "pos"
[1] 3.824833e-06 9.998835e-01
[1] "Fitting mu0 = E[Y|A=0,W]"
[1] "Iteration number: 765"
[1] "pos"
[1] 3.125014e-06 9.998930e-01
[1] "Fitting mu0 = E[Y|A=0,W]"
[1] "Iteration number: 766"
[1] "pos"
[1] 2.747835e-06 9.998956e-01
[1] "Fitting mu0 = E[Y|A=0,W]"
[1] "Iteration number: 767"
[1] "pos"
[1] 3.351777e-06 9.998713e-01
[1] "Fitting mu0 = E[Y|A=0,W]"
[1] "Iteration number: 768"
[1] "pos"
[1] 4.33341e-06 9.99894e-01
[1] "Fitting mu0 = E[Y|A=0,W]"
[1] "Iteration number: 769"
[1] "pos"
[1] 3.505373e-06 9.999181e-01
[1] "Fitting mu0 = E[Y|A=0,W]"
[1] "Iteration number: 770"
[1] "pos"
[1] 4.391288e-06 9.999092e-01
[1] "Fitting mu0 = E[Y|A=0,W]"
[1] "Iteration number: 771"
[1] "pos"
[1] 2.753751e-06 9.998712e-01
[1] "Fitting mu0 = E[Y|A=0,W]"
[1] "Iteration number: 772"
[1] "pos"
[1] 2.693010e-06 9.998987e-01
[1] "Fitting mu0 = E[Y|A=0,W]"
[1] "Iteration number: 773"
[1] "pos"
[1] 4.547762e-06 9.999181e-01
[1] "Fitting mu0 = E[Y|A=0,W]"
[1] "Iteration number: 774"
[1] "pos"
[1] 5.156473e-06 9.999178e-01
[1] "Fitting mu0 = E[Y|A=0,W]"
[1] "Iteration number: 775"
[1] "pos"
[1] 3.185718e-06 9.999012e-01
[1] "Fitting mu0 = E[Y|A=0,W]"
[1] "Iteration number: 776"
[1] "pos"
[1] 6.053116e-06 9.999356e-01
[1] "Fitting mu0 = E[Y|A=0,W]"
[1] "Iteration number: 777"
[1] "pos"
[1] 2.716962e-06 9.999231e-01
[1] "Fitting mu0 = E[Y|A=0,W]"
[1] "Iteration number: 778"
[1] "pos"
[1] 3.646046e-06 9.999183e-01
[1] "Fitting mu0 = E[Y|A=0,W]"
[1] "Iteration number: 779"
[1] "pos"
[1] 2.711023e-06 9.999052e-01
[1] "Fitting mu0 = E[Y|A=0,W]"
[1] "Iteration number: 780"
[1] "pos"
[1] 4.278066e-06 9.999320e-01
[1] "Fitting mu0 = E[Y|A=0,W]"
[1] "Iteration number: 781"
[1] "pos"
[1] 2.738686e-06 9.999116e-01
[1] "Fitting mu0 = E[Y|A=0,W]"
[1] "Iteration number: 782"
[1] "pos"
[1] 2.65424e-06 9.99926e-01
[1] "Fitting mu0 = E[Y|A=0,W]"
[1] "Iteration number: 783"
[1] "pos"
[1] 3.886887e-06 9.999253e-01
[1] "Fitting mu0 = E[Y|A=0,W]"
[1] "Iteration number: 784"
[1] "pos"
[1] 3.411291e-06 9.999247e-01
[1] "Fitting mu0 = E[Y|A=0,W]"
[1] "Iteration number: 785"
[1] "pos"
[1] 3.308575e-06 9.999282e-01
[1] "Fitting mu0 = E[Y|A=0,W]"
[1] "Iteration number: 786"
[1] "pos"
[1] 7.828136e-06 9.998875e-01
[1] "Fitting mu0 = E[Y|A=0,W]"
[1] "Iteration number: 787"
[1] "pos"
[1] 2.773647e-06 9.999205e-01
[1] "Fitting mu0 = E[Y|A=0,W]"
[1] "Iteration number: 788"
[1] "pos"
[1] 2.769569e-06 9.999087e-01
[1] "Fitting mu0 = E[Y|A=0,W]"
[1] "Iteration number: 789"
[1] "pos"
[1] 3.372483e-06 9.999185e-01
[1] "Fitting mu0 = E[Y|A=0,W]"
[1] "Iteration number: 790"
[1] "pos"
[1] 3.434184e-06 9.999296e-01
[1] "Fitting mu0 = E[Y|A=0,W]"
[1] "Iteration number: 791"
[1] "pos"
[1] 5.078741e-06 9.999289e-01
[1] "Fitting mu0 = E[Y|A=0,W]"
[1] "Iteration number: 792"
[1] "pos"
[1] 3.583333e-06 9.999257e-01
[1] "Fitting mu0 = E[Y|A=0,W]"
[1] "Iteration number: 793"
[1] "pos"
[1] 3.011213e-06 9.999214e-01
[1] "Fitting mu0 = E[Y|A=0,W]"
[1] "Iteration number: 794"
[1] "pos"
[1] 5.34584e-06 9.99923e-01
[1] "Fitting mu0 = E[Y|A=0,W]"
[1] "Iteration number: 795"
[1] "pos"
[1] 3.601009e-06 9.999134e-01
[1] "Fitting mu0 = E[Y|A=0,W]"
[1] "Iteration number: 796"
[1] "pos"
[1] 5.183132e-06 9.998915e-01
[1] "Fitting mu0 = E[Y|A=0,W]"
[1] "Iteration number: 797"
[1] "pos"
[1] 3.665787e-06 9.999182e-01
[1] "Fitting mu0 = E[Y|A=0,W]"
[1] "Iteration number: 798"
[1] "pos"
[1] 2.631160e-06 9.998864e-01
[1] "Fitting mu0 = E[Y|A=0,W]"
[1] "Iteration number: 799"
[1] "pos"
[1] 2.638980e-06 9.999216e-01
[1] "Fitting mu0 = E[Y|A=0,W]"
[1] "Iteration number: 800"
[1] "pos"
[1] 7.603320e-06 9.998987e-01
[1] "Fitting mu0 = E[Y|A=0,W]"
[1] "Iteration number: 801"
[1] "pos"
[1] 4.738389e-06 9.999280e-01
[1] "Fitting mu0 = E[Y|A=0,W]"
[1] "Iteration number: 802"
[1] "pos"
[1] 4.626065e-06 9.998759e-01
[1] "Fitting mu0 = E[Y|A=0,W]"
[1] "Iteration number: 803"
[1] "pos"
[1] 5.848487e-06 9.999125e-01
[1] "Fitting mu0 = E[Y|A=0,W]"
[1] "Iteration number: 804"
[1] "pos"
[1] 5.580512e-06 9.999008e-01
[1] "Fitting mu0 = E[Y|A=0,W]"
[1] "Iteration number: 805"
[1] "pos"
[1] 4.004670e-06 9.999241e-01
[1] "Fitting mu0 = E[Y|A=0,W]"
[1] "Iteration number: 806"
[1] "pos"
[1] 3.806750e-06 9.999009e-01
[1] "Fitting mu0 = E[Y|A=0,W]"
[1] "Iteration number: 807"
[1] "pos"
[1] 3.594315e-06 9.999376e-01
[1] "Fitting mu0 = E[Y|A=0,W]"
[1] "Iteration number: 808"
[1] "pos"
[1] 2.976592e-06 9.999022e-01
[1] "Fitting mu0 = E[Y|A=0,W]"
[1] "Iteration number: 809"
[1] "pos"
[1] 4.406494e-06 9.999037e-01
[1] "Fitting mu0 = E[Y|A=0,W]"
[1] "Iteration number: 810"
[1] "pos"
[1] 4.997459e-06 9.999289e-01
[1] "Fitting mu0 = E[Y|A=0,W]"
[1] "Iteration number: 811"
[1] "pos"
[1] 6.372727e-06 9.999302e-01
[1] "Fitting mu0 = E[Y|A=0,W]"
[1] "Iteration number: 812"
[1] "pos"
[1] 3.071504e-06 9.999289e-01
[1] "Fitting mu0 = E[Y|A=0,W]"
[1] "Iteration number: 813"
[1] "pos"
[1] 2.814422e-06 9.999383e-01
[1] "Fitting mu0 = E[Y|A=0,W]"
[1] "Iteration number: 814"
[1] "pos"
[1] 3.254648e-06 9.998941e-01
[1] "Fitting mu0 = E[Y|A=0,W]"
[1] "Iteration number: 815"
[1] "pos"
[1] 2.900425e-06 9.998777e-01
[1] "Fitting mu0 = E[Y|A=0,W]"
[1] "Iteration number: 816"
[1] "pos"
[1] 2.458521e-06 9.999254e-01
[1] "Fitting mu0 = E[Y|A=0,W]"
[1] "Iteration number: 817"
[1] "pos"
[1] 3.087664e-06 9.999133e-01
[1] "Fitting mu0 = E[Y|A=0,W]"
[1] "Iteration number: 818"
[1] "pos"
[1] 2.566369e-06 9.999142e-01
[1] "Fitting mu0 = E[Y|A=0,W]"
[1] "Iteration number: 819"
[1] "pos"
[1] 4.282560e-06 9.999215e-01
[1] "Fitting mu0 = E[Y|A=0,W]"
[1] "Iteration number: 820"
[1] "pos"
[1] 4.461083e-06 9.999061e-01
[1] "Fitting mu0 = E[Y|A=0,W]"
[1] "Iteration number: 821"
[1] "pos"
[1] 3.460778e-06 9.999234e-01
[1] "Fitting mu0 = E[Y|A=0,W]"
[1] "Iteration number: 822"
[1] "pos"
[1] 2.921158e-06 9.998976e-01
[1] "Fitting mu0 = E[Y|A=0,W]"
[1] "Iteration number: 823"
[1] "pos"
[1] 5.007646e-06 9.999383e-01
[1] "Fitting mu0 = E[Y|A=0,W]"
[1] "Iteration number: 824"
[1] "pos"
[1] 3.296659e-06 9.999086e-01
[1] "Fitting mu0 = E[Y|A=0,W]"
[1] "Iteration number: 825"
[1] "pos"
[1] 2.759576e-06 9.999069e-01
[1] "Fitting mu0 = E[Y|A=0,W]"
[1] "Iteration number: 826"
[1] "pos"
[1] 4.679325e-06 9.999204e-01
[1] "Fitting mu0 = E[Y|A=0,W]"
[1] "Iteration number: 827"
[1] "pos"
[1] 3.063472e-06 9.998743e-01
[1] "Fitting mu0 = E[Y|A=0,W]"
[1] "Iteration number: 828"
[1] "pos"
[1] 3.667542e-06 9.998890e-01
[1] "Fitting mu0 = E[Y|A=0,W]"
[1] "Iteration number: 829"
[1] "pos"
[1] 5.981559e-06 9.999268e-01
[1] "Fitting mu0 = E[Y|A=0,W]"
[1] "Iteration number: 830"
[1] "pos"
[1] 3.496592e-06 9.999368e-01
[1] "Fitting mu0 = E[Y|A=0,W]"
[1] "Iteration number: 831"
[1] "pos"
[1] 3.258994e-06 9.999372e-01
[1] "Fitting mu0 = E[Y|A=0,W]"
[1] "Iteration number: 832"
[1] "pos"
[1] 3.468993e-06 9.999109e-01
[1] "Fitting mu0 = E[Y|A=0,W]"
[1] "Iteration number: 833"
[1] "pos"
[1] 3.287250e-06 9.999157e-01
[1] "Fitting mu0 = E[Y|A=0,W]"
[1] "Iteration number: 834"
[1] "pos"
[1] 2.458754e-06 9.999276e-01
[1] "Fitting mu0 = E[Y|A=0,W]"
[1] "Iteration number: 835"
[1] "pos"
[1] 4.103368e-06 9.998892e-01
[1] "Fitting mu0 = E[Y|A=0,W]"
[1] "Iteration number: 836"
[1] "pos"
[1] 3.079918e-06 9.999315e-01
[1] "Fitting mu0 = E[Y|A=0,W]"
[1] "Iteration number: 837"
[1] "pos"
[1] 3.156204e-06 9.999341e-01
[1] "Fitting mu0 = E[Y|A=0,W]"
[1] "Iteration number: 838"
[1] "pos"
[1] 3.873555e-06 9.999109e-01
[1] "Fitting mu0 = E[Y|A=0,W]"
[1] "Iteration number: 839"
[1] "pos"
[1] 3.619969e-06 9.999187e-01
[1] "Fitting mu0 = E[Y|A=0,W]"
[1] "Iteration number: 840"
[1] "pos"
[1] 3.693906e-06 9.999096e-01
[1] "Fitting mu0 = E[Y|A=0,W]"
[1] "Iteration number: 841"
[1] "pos"
[1] 6.733748e-06 9.998653e-01
[1] "Fitting mu0 = E[Y|A=0,W]"
[1] "Iteration number: 842"
[1] "pos"
[1] 5.499971e-06 9.999102e-01
[1] "Fitting mu0 = E[Y|A=0,W]"
[1] "Iteration number: 843"
[1] "pos"
[1] 2.810987e-06 9.999293e-01
[1] "Fitting mu0 = E[Y|A=0,W]"
[1] "Iteration number: 844"
[1] "pos"
[1] 3.133169e-06 9.999197e-01
[1] "Fitting mu0 = E[Y|A=0,W]"
[1] "Iteration number: 845"
[1] "pos"
[1] 3.402295e-06 9.999322e-01
[1] "Fitting mu0 = E[Y|A=0,W]"
[1] "Iteration number: 846"
[1] "pos"
[1] 2.675687e-06 9.998581e-01
[1] "Fitting mu0 = E[Y|A=0,W]"
[1] "Iteration number: 847"
[1] "pos"
[1] 3.763842e-06 9.999140e-01
[1] "Fitting mu0 = E[Y|A=0,W]"
[1] "Iteration number: 848"
[1] "pos"
[1] 4.664146e-06 9.999036e-01
[1] "Fitting mu0 = E[Y|A=0,W]"
[1] "Iteration number: 849"
[1] "pos"
[1] 3.693972e-06 9.999262e-01
[1] "Fitting mu0 = E[Y|A=0,W]"
[1] "Iteration number: 850"
[1] "pos"
[1] 3.734359e-06 9.999402e-01
[1] "Fitting mu0 = E[Y|A=0,W]"
[1] "Iteration number: 851"
[1] "pos"
[1] 2.881744e-06 9.999326e-01
[1] "Fitting mu0 = E[Y|A=0,W]"
[1] "Iteration number: 852"
[1] "pos"
[1] 3.357455e-06 9.999249e-01
[1] "Fitting mu0 = E[Y|A=0,W]"
[1] "Iteration number: 853"
[1] "pos"
[1] 2.901524e-06 9.998904e-01
[1] "Fitting mu0 = E[Y|A=0,W]"
[1] "Iteration number: 854"
[1] "pos"
[1] 4.243147e-06 9.999130e-01
[1] "Fitting mu0 = E[Y|A=0,W]"
[1] "Iteration number: 855"
[1] "pos"
[1] 3.825699e-06 9.999045e-01
[1] "Fitting mu0 = E[Y|A=0,W]"
[1] "Iteration number: 856"
[1] "pos"
[1] 3.536797e-06 9.999329e-01
[1] "Fitting mu0 = E[Y|A=0,W]"
[1] "Iteration number: 857"
[1] "pos"
[1] 2.638381e-06 9.999247e-01
[1] "Fitting mu0 = E[Y|A=0,W]"
[1] "Iteration number: 858"
[1] "pos"
[1] 4.748932e-06 9.998950e-01
[1] "Fitting mu0 = E[Y|A=0,W]"
[1] "Iteration number: 859"
[1] "pos"
[1] 3.249874e-06 9.999173e-01
[1] "Fitting mu0 = E[Y|A=0,W]"
[1] "Iteration number: 860"
[1] "pos"
[1] 4.306370e-06 9.999404e-01
[1] "Fitting mu0 = E[Y|A=0,W]"
[1] "Iteration number: 861"
[1] "pos"
[1] 3.406426e-06 9.999103e-01
[1] "Fitting mu0 = E[Y|A=0,W]"
[1] "Iteration number: 862"
[1] "pos"
[1] 4.173937e-06 9.998670e-01
[1] "Fitting mu0 = E[Y|A=0,W]"
[1] "Iteration number: 863"
[1] "pos"
[1] 3.305550e-06 9.999374e-01
[1] "Fitting mu0 = E[Y|A=0,W]"
[1] "Iteration number: 864"
[1] "pos"
[1] 3.256203e-06 9.999166e-01
[1] "Fitting mu0 = E[Y|A=0,W]"
[1] "Iteration number: 865"
[1] "pos"
[1] 4.216009e-06 9.999312e-01
[1] "Fitting mu0 = E[Y|A=0,W]"
[1] "Iteration number: 866"
[1] "pos"
[1] 2.598455e-06 9.999082e-01
[1] "Fitting mu0 = E[Y|A=0,W]"
[1] "Iteration number: 867"
[1] "pos"
[1] 4.538273e-06 9.998996e-01
[1] "Fitting mu0 = E[Y|A=0,W]"
[1] "Iteration number: 868"
[1] "pos"
[1] 3.369290e-06 9.999348e-01
[1] "Fitting mu0 = E[Y|A=0,W]"
[1] "Iteration number: 869"
[1] "pos"
[1] 3.099716e-06 9.999076e-01
[1] "Fitting mu0 = E[Y|A=0,W]"
[1] "Iteration number: 870"
[1] "pos"
[1] 3.384641e-06 9.999434e-01
[1] "Fitting mu0 = E[Y|A=0,W]"
[1] "Iteration number: 871"
[1] "pos"
[1] 2.766959e-06 9.999334e-01
[1] "Fitting mu0 = E[Y|A=0,W]"
[1] "Iteration number: 872"
[1] "pos"
[1] 2.662937e-06 9.999383e-01
[1] "Fitting mu0 = E[Y|A=0,W]"
[1] "Iteration number: 873"
[1] "pos"
[1] 2.748930e-06 9.999413e-01
[1] "Fitting mu0 = E[Y|A=0,W]"
[1] "Iteration number: 874"
[1] "pos"
[1] 4.458992e-06 9.998961e-01
[1] "Fitting mu0 = E[Y|A=0,W]"
[1] "Iteration number: 875"
[1] "pos"
[1] 4.775137e-06 9.999191e-01
[1] "Fitting mu0 = E[Y|A=0,W]"
[1] "Iteration number: 876"
[1] "pos"
[1] 3.412142e-06 9.999245e-01
[1] "Fitting mu0 = E[Y|A=0,W]"
[1] "Iteration number: 877"
[1] "pos"
[1] 2.476171e-06 9.999123e-01
[1] "Fitting mu0 = E[Y|A=0,W]"
[1] "Iteration number: 878"
[1] "pos"
[1] 4.092146e-06 9.999170e-01
[1] "Fitting mu0 = E[Y|A=0,W]"
[1] "Iteration number: 879"
[1] "pos"
[1] 3.054060e-06 9.998999e-01
[1] "Fitting mu0 = E[Y|A=0,W]"
[1] "Iteration number: 880"
[1] "pos"
[1] 4.564789e-06 9.999169e-01
[1] "Fitting mu0 = E[Y|A=0,W]"
[1] "Iteration number: 881"
[1] "pos"
[1] 3.357922e-06 9.998756e-01
[1] "Fitting mu0 = E[Y|A=0,W]"
[1] "Iteration number: 882"
[1] "pos"
[1] 3.240871e-06 9.999154e-01
[1] "Fitting mu0 = E[Y|A=0,W]"
[1] "Iteration number: 883"
[1] "pos"
[1] 4.567050e-06 9.999396e-01
[1] "Fitting mu0 = E[Y|A=0,W]"
[1] "Iteration number: 884"
[1] "pos"
[1] 4.074967e-06 9.998776e-01
[1] "Fitting mu0 = E[Y|A=0,W]"
[1] "Iteration number: 885"
[1] "pos"
[1] 3.890146e-06 9.998873e-01
[1] "Fitting mu0 = E[Y|A=0,W]"
[1] "Iteration number: 886"
[1] "pos"
[1] 3.095522e-06 9.999268e-01
[1] "Fitting mu0 = E[Y|A=0,W]"
[1] "Iteration number: 887"
[1] "pos"
[1] 2.634985e-06 9.999133e-01
[1] "Fitting mu0 = E[Y|A=0,W]"
[1] "Iteration number: 888"
[1] "pos"
[1] 3.192918e-06 9.999155e-01
[1] "Fitting mu0 = E[Y|A=0,W]"
[1] "Iteration number: 889"
[1] "pos"
[1] 4.146871e-06 9.998939e-01
[1] "Fitting mu0 = E[Y|A=0,W]"
[1] "Iteration number: 890"
[1] "pos"
[1] 4.918087e-06 9.999298e-01
[1] "Fitting mu0 = E[Y|A=0,W]"
[1] "Iteration number: 891"
[1] "pos"
[1] 3.756648e-06 9.999067e-01
[1] "Fitting mu0 = E[Y|A=0,W]"
[1] "Iteration number: 892"
[1] "pos"
[1] 3.693766e-06 9.999146e-01
[1] "Fitting mu0 = E[Y|A=0,W]"
[1] "Iteration number: 893"
[1] "pos"
[1] 2.911231e-06 9.999318e-01
[1] "Fitting mu0 = E[Y|A=0,W]"
[1] "Iteration number: 894"
[1] "pos"
[1] 3.043074e-06 9.999084e-01
[1] "Fitting mu0 = E[Y|A=0,W]"
[1] "Iteration number: 895"
[1] "pos"
[1] 4.315659e-06 9.999393e-01
[1] "Fitting mu0 = E[Y|A=0,W]"
[1] "Iteration number: 896"
[1] "pos"
[1] 5.897397e-06 9.999246e-01
[1] "Fitting mu0 = E[Y|A=0,W]"
[1] "Iteration number: 897"
[1] "pos"
[1] 3.258017e-06 9.999216e-01
[1] "Fitting mu0 = E[Y|A=0,W]"
[1] "Iteration number: 898"
[1] "pos"
[1] 3.335828e-06 9.999148e-01
[1] "Fitting mu0 = E[Y|A=0,W]"
[1] "Iteration number: 899"
[1] "pos"
[1] 6.378266e-06 9.999267e-01
[1] "Fitting mu0 = E[Y|A=0,W]"
[1] "Iteration number: 900"
[1] "pos"
[1] 5.996661e-06 9.999322e-01
[1] "Fitting mu0 = E[Y|A=0,W]"
[1] "Iteration number: 901"
[1] "pos"
[1] 3.221063e-06 9.999168e-01
[1] "Fitting mu0 = E[Y|A=0,W]"
[1] "Iteration number: 902"
[1] "pos"
[1] 3.866028e-06 9.999191e-01
[1] "Fitting mu0 = E[Y|A=0,W]"
[1] "Iteration number: 903"
[1] "pos"
[1] 2.853025e-06 9.998918e-01
[1] "Fitting mu0 = E[Y|A=0,W]"
[1] "Iteration number: 904"
[1] "pos"
[1] 3.116528e-06 9.998778e-01
[1] "Fitting mu0 = E[Y|A=0,W]"
[1] "Iteration number: 905"
[1] "pos"
[1] 2.715603e-06 9.999168e-01
[1] "Fitting mu0 = E[Y|A=0,W]"
[1] "Iteration number: 906"
[1] "pos"
[1] 2.977371e-06 9.999116e-01
[1] "Fitting mu0 = E[Y|A=0,W]"
[1] "Iteration number: 907"
[1] "pos"
[1] 9.226166e-06 9.999316e-01
[1] "Fitting mu0 = E[Y|A=0,W]"
[1] "Iteration number: 908"
[1] "pos"
[1] 3.350489e-06 9.999064e-01
[1] "Fitting mu0 = E[Y|A=0,W]"
[1] "Iteration number: 909"
[1] "pos"
[1] 2.915802e-06 9.999289e-01
[1] "Fitting mu0 = E[Y|A=0,W]"
[1] "Iteration number: 910"
[1] "pos"
[1] 2.634718e-06 9.999064e-01
[1] "Fitting mu0 = E[Y|A=0,W]"
[1] "Iteration number: 911"
[1] "pos"
[1] 3.743001e-06 9.999209e-01
[1] "Fitting mu0 = E[Y|A=0,W]"
[1] "Iteration number: 912"
[1] "pos"
[1] 3.887317e-06 9.999272e-01
[1] "Fitting mu0 = E[Y|A=0,W]"
[1] "Iteration number: 913"
[1] "pos"
[1] 2.934254e-06 9.998888e-01
[1] "Fitting mu0 = E[Y|A=0,W]"
[1] "Iteration number: 914"
[1] "pos"
[1] 3.038708e-06 9.999129e-01
[1] "Fitting mu0 = E[Y|A=0,W]"
[1] "Iteration number: 915"
[1] "pos"
[1] 4.135461e-06 9.999268e-01
[1] "Fitting mu0 = E[Y|A=0,W]"
[1] "Iteration number: 916"
[1] "pos"
[1] 3.155779e-06 9.999278e-01
[1] "Fitting mu0 = E[Y|A=0,W]"
[1] "Iteration number: 917"
[1] "pos"
[1] 7.561878e-06 9.999318e-01
[1] "Fitting mu0 = E[Y|A=0,W]"
[1] "Iteration number: 918"
[1] "pos"
[1] 3.087154e-06 9.999174e-01
[1] "Fitting mu0 = E[Y|A=0,W]"
[1] "Iteration number: 919"
[1] "pos"
[1] 3.375603e-06 9.999376e-01
[1] "Fitting mu0 = E[Y|A=0,W]"
[1] "Iteration number: 920"
[1] "pos"
[1] 4.922320e-06 9.999272e-01
[1] "Fitting mu0 = E[Y|A=0,W]"
[1] "Iteration number: 921"
[1] "pos"
[1] 3.878572e-06 9.999208e-01
[1] "Fitting mu0 = E[Y|A=0,W]"
[1] "Iteration number: 922"
[1] "pos"
[1] 2.519869e-06 9.999191e-01
[1] "Fitting mu0 = E[Y|A=0,W]"
[1] "Iteration number: 923"
[1] "pos"
[1] 3.095696e-06 9.999435e-01
[1] "Fitting mu0 = E[Y|A=0,W]"
[1] "Iteration number: 924"
[1] "pos"
[1] 3.985971e-06 9.998943e-01
[1] "Fitting mu0 = E[Y|A=0,W]"
[1] "Iteration number: 925"
[1] "pos"
[1] 3.391687e-06 9.999314e-01
[1] "Fitting mu0 = E[Y|A=0,W]"
[1] "Iteration number: 926"
[1] "pos"
[1] 3.022718e-06 9.999274e-01
[1] "Fitting mu0 = E[Y|A=0,W]"
[1] "Iteration number: 927"
[1] "pos"
[1] 3.594976e-06 9.998865e-01
[1] "Fitting mu0 = E[Y|A=0,W]"
[1] "Iteration number: 928"
[1] "pos"
[1] 4.556645e-06 9.998956e-01
[1] "Fitting mu0 = E[Y|A=0,W]"
[1] "Iteration number: 929"
[1] "pos"
[1] 2.788203e-06 9.999277e-01
[1] "Fitting mu0 = E[Y|A=0,W]"
[1] "Iteration number: 930"
[1] "pos"
[1] 4.605349e-06 9.999189e-01
[1] "Fitting mu0 = E[Y|A=0,W]"
[1] "Iteration number: 931"
[1] "pos"
[1] 2.898976e-06 9.999257e-01
[1] "Fitting mu0 = E[Y|A=0,W]"
[1] "Iteration number: 932"
[1] "pos"
[1] 2.422925e-06 9.999206e-01
[1] "Fitting mu0 = E[Y|A=0,W]"
[1] "Iteration number: 933"
[1] "pos"
[1] 3.434582e-06 9.999340e-01
[1] "Fitting mu0 = E[Y|A=0,W]"
[1] "Iteration number: 934"
[1] "pos"
[1] 4.390612e-06 9.998783e-01
[1] "Fitting mu0 = E[Y|A=0,W]"
[1] "Iteration number: 935"
[1] "pos"
[1] 2.910040e-06 9.999375e-01
[1] "Fitting mu0 = E[Y|A=0,W]"
[1] "Iteration number: 936"
[1] "pos"
[1] 6.217743e-06 9.999238e-01
[1] "Fitting mu0 = E[Y|A=0,W]"
[1] "Iteration number: 937"
[1] "pos"
[1] 3.057499e-06 9.999221e-01
[1] "Fitting mu0 = E[Y|A=0,W]"
[1] "Iteration number: 938"
[1] "pos"
[1] 3.223360e-06 9.999128e-01
[1] "Fitting mu0 = E[Y|A=0,W]"
[1] "Iteration number: 939"
[1] "pos"
[1] 4.903229e-06 9.999105e-01
[1] "Fitting mu0 = E[Y|A=0,W]"
[1] "Iteration number: 940"
[1] "pos"
[1] 3.421904e-06 9.998780e-01
[1] "Fitting mu0 = E[Y|A=0,W]"
[1] "Iteration number: 941"
[1] "pos"
[1] 2.924899e-06 9.999306e-01
[1] "Fitting mu0 = E[Y|A=0,W]"
[1] "Iteration number: 942"
[1] "pos"
[1] 4.862695e-06 9.998839e-01
[1] "Fitting mu0 = E[Y|A=0,W]"
[1] "Iteration number: 943"
[1] "pos"
[1] 4.391126e-06 9.999224e-01
[1] "Fitting mu0 = E[Y|A=0,W]"
[1] "Iteration number: 944"
[1] "pos"
[1] 4.771734e-06 9.999294e-01
[1] "Fitting mu0 = E[Y|A=0,W]"
[1] "Iteration number: 945"
[1] "pos"
[1] 3.808469e-06 9.998736e-01
[1] "Fitting mu0 = E[Y|A=0,W]"
[1] "Iteration number: 946"
[1] "pos"
[1] 3.763479e-06 9.998539e-01
[1] "Fitting mu0 = E[Y|A=0,W]"
[1] "Iteration number: 947"
[1] "pos"
[1] 4.336719e-06 9.999209e-01
[1] "Fitting mu0 = E[Y|A=0,W]"
[1] "Iteration number: 948"
[1] "pos"
[1] 3.020193e-06 9.999007e-01
[1] "Fitting mu0 = E[Y|A=0,W]"
[1] "Iteration number: 949"
[1] "pos"
[1] 3.075775e-06 9.999087e-01
[1] "Fitting mu0 = E[Y|A=0,W]"
[1] "Iteration number: 950"
[1] "pos"
[1] 3.278503e-06 9.999365e-01
[1] "Fitting mu0 = E[Y|A=0,W]"
[1] "Iteration number: 951"
[1] "pos"
[1] 4.381372e-06 9.998980e-01
[1] "Fitting mu0 = E[Y|A=0,W]"
[1] "Iteration number: 952"
[1] "pos"
[1] 6.859947e-06 9.999310e-01
[1] "Fitting mu0 = E[Y|A=0,W]"
[1] "Iteration number: 953"
[1] "pos"
[1] 4.055911e-06 9.998550e-01
[1] "Fitting mu0 = E[Y|A=0,W]"
[1] "Iteration number: 954"
[1] "pos"
[1] 3.813834e-06 9.999390e-01
[1] "Fitting mu0 = E[Y|A=0,W]"
[1] "Iteration number: 955"
[1] "pos"
[1] 5.353230e-06 9.999339e-01
[1] "Fitting mu0 = E[Y|A=0,W]"
[1] "Iteration number: 956"
[1] "pos"
[1] 3.227732e-06 9.999382e-01
[1] "Fitting mu0 = E[Y|A=0,W]"
[1] "Iteration number: 957"
[1] "pos"
[1] 5.944951e-06 9.999389e-01
[1] "Fitting mu0 = E[Y|A=0,W]"
[1] "Iteration number: 958"
[1] "pos"
[1] 3.219525e-06 9.999226e-01
[1] "Fitting mu0 = E[Y|A=0,W]"
[1] "Iteration number: 959"
[1] "pos"
[1] 6.882483e-06 9.999337e-01
[1] "Fitting mu0 = E[Y|A=0,W]"
[1] "Iteration number: 960"
[1] "pos"
[1] 3.913521e-06 9.999249e-01
[1] "Fitting mu0 = E[Y|A=0,W]"
[1] "Iteration number: 961"
[1] "pos"
[1] 3.413295e-06 9.999318e-01
[1] "Fitting mu0 = E[Y|A=0,W]"
[1] "Iteration number: 962"
[1] "pos"
[1] 2.771552e-06 9.999412e-01
[1] "Fitting mu0 = E[Y|A=0,W]"
[1] "Iteration number: 963"
[1] "pos"
[1] 7.362028e-06 9.998763e-01
[1] "Fitting mu0 = E[Y|A=0,W]"
[1] "Iteration number: 964"
[1] "pos"
[1] 3.188017e-06 9.999020e-01
[1] "Fitting mu0 = E[Y|A=0,W]"
[1] "Iteration number: 965"
[1] "pos"
[1] 4.129961e-06 9.999388e-01
[1] "Fitting mu0 = E[Y|A=0,W]"
[1] "Iteration number: 966"
[1] "pos"
[1] 2.538727e-06 9.998808e-01
[1] "Fitting mu0 = E[Y|A=0,W]"
[1] "Iteration number: 967"
[1] "pos"
[1] 3.344858e-06 9.998881e-01
[1] "Fitting mu0 = E[Y|A=0,W]"
[1] "Iteration number: 968"
[1] "pos"
[1] 3.094775e-06 9.998987e-01
[1] "Fitting mu0 = E[Y|A=0,W]"
[1] "Iteration number: 969"
[1] "pos"
[1] 2.523507e-06 9.999149e-01
[1] "Fitting mu0 = E[Y|A=0,W]"
[1] "Iteration number: 970"
[1] "pos"
[1] 3.492036e-06 9.999191e-01
[1] "Fitting mu0 = E[Y|A=0,W]"
[1] "Iteration number: 971"
[1] "pos"
[1] 2.506775e-06 9.998958e-01
[1] "Fitting mu0 = E[Y|A=0,W]"
[1] "Iteration number: 972"
[1] "pos"
[1] 2.993505e-06 9.999327e-01
[1] "Fitting mu0 = E[Y|A=0,W]"
[1] "Iteration number: 973"
[1] "pos"
[1] 3.385118e-06 9.998803e-01
[1] "Fitting mu0 = E[Y|A=0,W]"
[1] "Iteration number: 974"
[1] "pos"
[1] 3.382501e-06 9.999318e-01
[1] "Fitting mu0 = E[Y|A=0,W]"
[1] "Iteration number: 975"
[1] "pos"
[1] 3.795206e-06 9.999132e-01
[1] "Fitting mu0 = E[Y|A=0,W]"
[1] "Iteration number: 976"
[1] "pos"
[1] 3.740887e-06 9.999015e-01
[1] "Fitting mu0 = E[Y|A=0,W]"
[1] "Iteration number: 977"
[1] "pos"
[1] 3.291138e-06 9.999280e-01
[1] "Fitting mu0 = E[Y|A=0,W]"
[1] "Iteration number: 978"
[1] "pos"
[1] 4.166710e-06 9.999361e-01
[1] "Fitting mu0 = E[Y|A=0,W]"
[1] "Iteration number: 979"
[1] "pos"
[1] 3.521542e-06 9.999358e-01
[1] "Fitting mu0 = E[Y|A=0,W]"
[1] "Iteration number: 980"
[1] "pos"
[1] 5.691597e-06 9.999162e-01
[1] "Fitting mu0 = E[Y|A=0,W]"
[1] "Iteration number: 981"
[1] "pos"
[1] 3.444095e-06 9.999101e-01
[1] "Fitting mu0 = E[Y|A=0,W]"
[1] "Iteration number: 982"
[1] "pos"
[1] 4.085222e-06 9.999025e-01
[1] "Fitting mu0 = E[Y|A=0,W]"
[1] "Iteration number: 983"
[1] "pos"
[1] 5.096060e-06 9.999419e-01
[1] "Fitting mu0 = E[Y|A=0,W]"
[1] "Iteration number: 984"
[1] "pos"
[1] 2.506993e-06 9.998883e-01
[1] "Fitting mu0 = E[Y|A=0,W]"
[1] "Iteration number: 985"
[1] "pos"
[1] 5.067029e-06 9.999040e-01
[1] "Fitting mu0 = E[Y|A=0,W]"
[1] "Iteration number: 986"
[1] "pos"
[1] 5.242750e-06 9.999256e-01
[1] "Fitting mu0 = E[Y|A=0,W]"
[1] "Iteration number: 987"
[1] "pos"
[1] 3.580531e-06 9.999220e-01
[1] "Fitting mu0 = E[Y|A=0,W]"
[1] "Iteration number: 988"
[1] "pos"
[1] 3.748444e-06 9.998841e-01
[1] "Fitting mu0 = E[Y|A=0,W]"
[1] "Iteration number: 989"
[1] "pos"
[1] 4.442426e-06 9.999307e-01
[1] "Fitting mu0 = E[Y|A=0,W]"
[1] "Iteration number: 990"
[1] "pos"
[1] 7.760990e-06 9.999124e-01
[1] "Fitting mu0 = E[Y|A=0,W]"
[1] "Iteration number: 991"
[1] "pos"
[1] 3.220702e-06 9.998850e-01
[1] "Fitting mu0 = E[Y|A=0,W]"
[1] "Iteration number: 992"
[1] "pos"
[1] 2.443838e-06 9.999083e-01
[1] "Fitting mu0 = E[Y|A=0,W]"
[1] "Iteration number: 993"
[1] "pos"
[1] 3.800769e-06 9.999070e-01
[1] "Fitting mu0 = E[Y|A=0,W]"
[1] "Iteration number: 994"
[1] "pos"
[1] 2.650706e-06 9.999310e-01
[1] "Fitting mu0 = E[Y|A=0,W]"
[1] "Iteration number: 995"
[1] "pos"
[1] 3.028612e-06 9.999140e-01
[1] "Fitting mu0 = E[Y|A=0,W]"
[1] "Iteration number: 996"
[1] "pos"
[1] 4.775947e-06 9.998971e-01
[1] "Fitting mu0 = E[Y|A=0,W]"
[1] "Iteration number: 997"
[1] "pos"
[1] 3.797937e-06 9.999060e-01
[1] "Fitting mu0 = E[Y|A=0,W]"
[1] "Iteration number: 998"
[1] "pos"
[1] 4.019787e-06 9.999151e-01
[1] "Fitting mu0 = E[Y|A=0,W]"
[1] "Iteration number: 999"
[1] "pos"
[1] 3.129438e-06 9.999101e-01
[1] "Fitting mu0 = E[Y|A=0,W]"
[1] "Iteration number: 1000"
[1] "pos"
[1] 2.842661e-06 9.999268e-01
[1] "Fitting mu0 = E[Y|A=0,W]"
Null data.table (0 rows and 0 cols)
