LOADING R
R LOADED
[1] "/home/lvanderl/Rlibs2"                         
[2] "/app/software/R/4.3.1-gfbf-2022b/lib/R/library"
[1] "/home/lvanderl/sieveSims"
[1] "iter: 1"
[1] "mu"
[1] "done_mu"
[1] "pi"
predictions 
  0.1109996 
[1] "mu"
[1] "done_mu"
[1] "pi"
predictions 
  0.1111808 
[1] "mu"
[1] "done_mu"
[1] "pi"
Lrnr_xgboost_100_1_15.1829448593783_1_0.15 
                                 0.1199376 
 Lrnr_xgboost_30_1_15.1829448593783_2_0.15 
                                 0.1219412 
 Lrnr_xgboost_30_1_15.1829448593783_3_0.15 
                                 0.1147663 
 Lrnr_xgboost_30_1_15.1829448593783_4_0.15 
                                 0.1129463 
 Lrnr_xgboost_30_1_15.1829448593783_5_0.15 
                                 0.1130717 
[1] "mu"
[1] "done_mu"
[1] "pi"
NULL
[1] "earth"
