LOADING R
R LOADED
[1] "/home/lvanderl/Rlibs2"                         
[2] "/app/software/R/4.2.0-foss-2021b/lib/R/library"
[1] "/home/lvanderl/sieveSims"
[1] 8
[1] 1000
[1] "Current settings:"
[1] 1000
[1] 8
[1] 1
[1] FALSE
  0%  25%  50%  75% 100% 
   1    1    1    1    1 
  0%  25%  50%  75% 100% 
   1    1    1    1    1 
[1] "HERE"
[1] "Current settings:"
[1] 1000
[1] 8
[1] 2
[1] FALSE
  0%  25%  50%  75% 100% 
   1    1    1    1    1 
  0%  25%  50%  75% 100% 
   1    1    1    1    1 
[1] "HERE"
[1] "Current settings:"
[1] 1000
[1] 8
[1] 3
[1] FALSE
  0%  25%  50%  75% 100% 
   1    1    1    1    1 
  0%  25%  50%  75% 100% 
   1    1    1    1    1 
[1] "HERE"
[1] "Current settings:"
[1] 1000
[1] 8
[1] 4
[1] FALSE
  0%  25%  50%  75% 100% 
   1    1    1    1    1 
  0%  25%  50%  75% 100% 
   1    1    1    1    1 
[1] "HERE"
[1] "Current settings:"
[1] 1000
[1] 8
[1] 5
[1] FALSE
  0%  25%  50%  75% 100% 
   1    1    1    1    1 
  0%  25%  50%  75% 100% 
   1    1    1    1    1 
[1] "HERE"
[1] "Current settings:"
[1] 1000
[1] 8
[1] 6
[1] FALSE
  0%  25%  50%  75% 100% 
   1    1    1    1    1 
  0%  25%  50%  75% 100% 
   1    1    1    1    1 
[1] "HERE"
[1] "Current settings:"
[1] 1000
[1] 8
[1] 7
[1] FALSE
  0%  25%  50%  75% 100% 
   1    1    1    1    1 
  0%  25%  50%  75% 100% 
   1    1    1    1    1 
[1] "HERE"
[1] "Current settings:"
[1] 1000
[1] 8
[1] 8
[1] FALSE
  0%  25%  50%  75% 100% 
   1    1    1    1    1 
  0%  25%  50%  75% 100% 
   1    1    1    1    1 
[1] "HERE"
[1] "Current settings:"
[1] 1000
[1] 8
[1] 9
[1] FALSE
  0%  25%  50%  75% 100% 
   1    1    1    1    1 
  0%  25%  50%  75% 100% 
   1    1    1    1    1 
[1] "HERE"
[1] "Current settings:"
[1] 1000
[1] 8
[1] 10
[1] FALSE
  0%  25%  50%  75% 100% 
   1    1    1    1    1 
  0%  25%  50%  75% 100% 
   1    1    1    1    1 
[1] "HERE"
[1] "Current settings:"
[1] 1000
[1] 8
[1] 11
[1] FALSE
  0%  25%  50%  75% 100% 
   1    1    1    1    1 
  0%  25%  50%  75% 100% 
   1    1    1    1    1 
[1] "HERE"
[1] "Current settings:"
[1] 1000
[1] 8
[1] 12
[1] FALSE
  0%  25%  50%  75% 100% 
   1    1    1    1    1 
  0%  25%  50%  75% 100% 
   1    1    1    1    1 
[1] "HERE"
[1] "Current settings:"
[1] 1000
[1] 8
[1] 13
[1] FALSE
  0%  25%  50%  75% 100% 
   1    1    1    1    1 
  0%  25%  50%  75% 100% 
   1    1    1    1    1 
[1] "HERE"
[1] "Current settings:"
[1] 1000
[1] 8
[1] 14
[1] FALSE
  0%  25%  50%  75% 100% 
   1    1    1    1    1 
  0%  25%  50%  75% 100% 
   1    1    1    1    1 
[1] "HERE"
[1] "Current settings:"
[1] 1000
[1] 8
[1] 15
[1] FALSE
  0%  25%  50%  75% 100% 
   1    1    1    1    1 
  0%  25%  50%  75% 100% 
   1    1    1    1    1 
[1] "HERE"
[1] "Current settings:"
[1] 1000
[1] 8
[1] 16
[1] FALSE
  0%  25%  50%  75% 100% 
   1    1    1    1    1 
  0%  25%  50%  75% 100% 
   1    1    1    1    1 
[1] "HERE"
[1] "Current settings:"
[1] 1000
[1] 8
[1] 17
[1] FALSE
  0%  25%  50%  75% 100% 
   1    1    1    1    1 
  0%  25%  50%  75% 100% 
   1    1    1    1    1 
[1] "HERE"
[1] "Current settings:"
[1] 1000
[1] 8
[1] 18
[1] FALSE
  0%  25%  50%  75% 100% 
   1    1    1    1    1 
  0%  25%  50%  75% 100% 
   1    1    1    1    1 
[1] "HERE"
[1] "Current settings:"
[1] 1000
[1] 8
[1] 19
[1] FALSE
  0%  25%  50%  75% 100% 
   1    1    1    1    1 
  0%  25%  50%  75% 100% 
   1    1    1    1    1 
[1] "HERE"
[1] "Current settings:"
[1] 1000
[1] 8
[1] 20
[1] FALSE
  0%  25%  50%  75% 100% 
   1    1    1    1    1 
  0%  25%  50%  75% 100% 
   1    1    1    1    1 
[1] "HERE"
[1] "Current settings:"
[1] 1000
[1] 8
[1] 21
[1] FALSE
  0%  25%  50%  75% 100% 
   1    1    1    1    1 
  0%  25%  50%  75% 100% 
   1    1    1    1    1 
              [,1]
[1,] -1.221243e-05
[1] "Estimates Riesz-based and sieve-plugin-based estimates dont match. Contact developer."
[1] "HERE"
[1] "Current settings:"
[1] 1000
[1] 8
[1] 22
[1] FALSE
  0%  25%  50%  75% 100% 
   1    1    1    1    1 
  0%  25%  50%  75% 100% 
   1    1    1    1    1 
[1] "HERE"
[1] "Current settings:"
[1] 1000
[1] 8
[1] 23
[1] FALSE
  0%  25%  50%  75% 100% 
   1    1    1    1    1 
  0%  25%  50%  75% 100% 
   1    1    1    1    1 
[1] "HERE"
[1] "Current settings:"
[1] 1000
[1] 8
[1] 24
[1] FALSE
  0%  25%  50%  75% 100% 
   1    1    1    1    1 
  0%  25%  50%  75% 100% 
   1    1    1    1    1 
[1] "HERE"
[1] "Current settings:"
[1] 1000
[1] 8
[1] 25
[1] FALSE
  0%  25%  50%  75% 100% 
   1    1    1    1    1 
  0%  25%  50%  75% 100% 
   1    1    1    1    1 
[1] "HERE"
[1] "Current settings:"
[1] 1000
[1] 8
[1] 26
[1] FALSE
  0%  25%  50%  75% 100% 
   1    1    1    1    1 
  0%  25%  50%  75% 100% 
   1    1    1    1    1 
[1] "HERE"
[1] "Current settings:"
[1] 1000
[1] 8
[1] 27
[1] FALSE
  0%  25%  50%  75% 100% 
   1    1    1    1    1 
  0%  25%  50%  75% 100% 
   1    1    1    1    1 
[1] "HERE"
[1] "Current settings:"
[1] 1000
[1] 8
[1] 28
[1] FALSE
  0%  25%  50%  75% 100% 
   1    1    1    1    1 
  0%  25%  50%  75% 100% 
   1    1    1    1    1 
[1] "HERE"
[1] "Current settings:"
[1] 1000
[1] 8
[1] 29
[1] FALSE
  0%  25%  50%  75% 100% 
   1    1    1    1    1 
  0%  25%  50%  75% 100% 
   1    1    1    1    1 
[1] "Current settings:"
[1] 1000
[1] 8
[1] 30
[1] FALSE
  0%  25%  50%  75% 100% 
   1    1    1    1    1 
  0%  25%  50%  75% 100% 
   1    1    1    1    1 
[1] "HERE"
[1] "Current settings:"
[1] 1000
[1] 8
[1] 31
[1] FALSE
  0%  25%  50%  75% 100% 
   1    1    1    1    1 
  0%  25%  50%  75% 100% 
   1    1    1    1    1 
[1] "HERE"
[1] "Current settings:"
[1] 1000
[1] 8
[1] 32
[1] FALSE
  0%  25%  50%  75% 100% 
   1    1    1    1    1 
  0%  25%  50%  75% 100% 
   1    1    1    1    1 
[1] "HERE"
[1] "Current settings:"
[1] 1000
[1] 8
[1] 33
[1] FALSE
  0%  25%  50%  75% 100% 
   1    1    1    1    1 
  0%  25%  50%  75% 100% 
   1    1    1    1    1 
[1] "HERE"
[1] "Current settings:"
[1] 1000
[1] 8
[1] 34
[1] FALSE
  0%  25%  50%  75% 100% 
   1    1    1    1    1 
  0%  25%  50%  75% 100% 
   1    1    1    1    1 
[1] "HERE"
[1] "Current settings:"
[1] 1000
[1] 8
[1] 35
[1] FALSE
  0%  25%  50%  75% 100% 
   1    1    1    1    1 
  0%  25%  50%  75% 100% 
   1    1    1    1    1 
[1] "HERE"
[1] "Current settings:"
[1] 1000
[1] 8
[1] 36
[1] FALSE
  0%  25%  50%  75% 100% 
   1    1    1    1    1 
  0%  25%  50%  75% 100% 
   1    1    1    1    1 
[1] "HERE"
[1] "Current settings:"
[1] 1000
[1] 8
[1] 37
[1] FALSE
  0%  25%  50%  75% 100% 
   1    1    1    1    1 
  0%  25%  50%  75% 100% 
   1    1    1    1    1 
[1] "HERE"
[1] "Current settings:"
[1] 1000
[1] 8
[1] 38
[1] FALSE
  0%  25%  50%  75% 100% 
   1    1    1    1    1 
  0%  25%  50%  75% 100% 
   1    1    1    1    1 
[1] "HERE"
[1] "Current settings:"
[1] 1000
[1] 8
[1] 39
[1] FALSE
  0%  25%  50%  75% 100% 
   1    1    1    1    1 
  0%  25%  50%  75% 100% 
   1    1    1    1    1 
[1] "HERE"
[1] "Current settings:"
[1] 1000
[1] 8
[1] 40
[1] FALSE
  0%  25%  50%  75% 100% 
   1    1    1    1    1 
  0%  25%  50%  75% 100% 
   1    1    1    1    1 
[1] "HERE"
[1] "Current settings:"
[1] 1000
[1] 8
[1] 41
[1] FALSE
  0%  25%  50%  75% 100% 
   1    1    1    1    1 
  0%  25%  50%  75% 100% 
   1    1    1    1    1 
[1] "HERE"
[1] "Current settings:"
[1] 1000
[1] 8
[1] 42
[1] FALSE
  0%  25%  50%  75% 100% 
   1    1    1    1    1 
  0%  25%  50%  75% 100% 
   1    1    1    1    1 
[1] "HERE"
[1] "Current settings:"
[1] 1000
[1] 8
[1] 43
[1] FALSE
  0%  25%  50%  75% 100% 
   1    1    1    1    1 
  0%  25%  50%  75% 100% 
   1    1    1    1    1 
[1] "HERE"
[1] "Current settings:"
[1] 1000
[1] 8
[1] 44
[1] FALSE
  0%  25%  50%  75% 100% 
   1    1    1    1    1 
  0%  25%  50%  75% 100% 
   1    1    1    1    1 
[1] "HERE"
[1] "Current settings:"
[1] 1000
[1] 8
[1] 45
[1] FALSE
  0%  25%  50%  75% 100% 
   1    1    1    1    1 
  0%  25%  50%  75% 100% 
   1    1    1    1    1 
[1] "HERE"
[1] "Current settings:"
[1] 1000
[1] 8
[1] 46
[1] FALSE
  0%  25%  50%  75% 100% 
   1    1    1    1    1 
  0%  25%  50%  75% 100% 
   1    1    1    1    1 
[1] "HERE"
[1] "Current settings:"
[1] 1000
[1] 8
[1] 47
[1] FALSE
  0%  25%  50%  75% 100% 
   1    1    1    1    1 
  0%  25%  50%  75% 100% 
   1    1    1    1    1 
[1] "HERE"
[1] "Current settings:"
[1] 1000
[1] 8
[1] 48
[1] FALSE
  0%  25%  50%  75% 100% 
   1    1    1    1    1 
  0%  25%  50%  75% 100% 
   1    1    1    1    1 
[1] "HERE"
[1] "Current settings:"
[1] 1000
[1] 8
[1] 49
[1] FALSE
  0%  25%  50%  75% 100% 
   1    1    1    1    1 
  0%  25%  50%  75% 100% 
   1    1    1    1    1 
[1] "HERE"
[1] "Current settings:"
[1] 1000
[1] 8
[1] 50
[1] FALSE
  0%  25%  50%  75% 100% 
   1    1    1    1    1 
  0%  25%  50%  75% 100% 
   1    1    1    1    1 
[1] "HERE"
[1] "Current settings:"
[1] 1000
[1] 8
[1] 51
[1] FALSE
  0%  25%  50%  75% 100% 
   1    1    1    1    1 
  0%  25%  50%  75% 100% 
   1    1    1    1    1 
[1] "HERE"
[1] "Current settings:"
[1] 1000
[1] 8
[1] 52
[1] FALSE
  0%  25%  50%  75% 100% 
   1    1    1    1    1 
  0%  25%  50%  75% 100% 
   1    1    1    1    1 
[1] "HERE"
[1] "Current settings:"
[1] 1000
[1] 8
[1] 53
[1] FALSE
  0%  25%  50%  75% 100% 
   1    1    1    1    1 
  0%  25%  50%  75% 100% 
   1    1    1    1    1 
[1] "HERE"
[1] "Current settings:"
[1] 1000
[1] 8
[1] 54
[1] FALSE
  0%  25%  50%  75% 100% 
   1    1    1    1    1 
  0%  25%  50%  75% 100% 
   1    1    1    1    1 
[1] "HERE"
[1] "Current settings:"
[1] 1000
[1] 8
[1] 55
[1] FALSE
  0%  25%  50%  75% 100% 
   1    1    1    1    1 
  0%  25%  50%  75% 100% 
   1    1    1    1    1 
[1] "HERE"
[1] "Current settings:"
[1] 1000
[1] 8
[1] 56
[1] FALSE
  0%  25%  50%  75% 100% 
   1    1    1    1    1 
  0%  25%  50%  75% 100% 
   1    1    1    1    1 
[1] "HERE"
[1] "Current settings:"
[1] 1000
[1] 8
[1] 57
[1] FALSE
  0%  25%  50%  75% 100% 
   1    1    1    1    1 
  0%  25%  50%  75% 100% 
   1    1    1    1    1 
[1] "HERE"
[1] "Current settings:"
[1] 1000
[1] 8
[1] 58
[1] FALSE
  0%  25%  50%  75% 100% 
   1    1    1    1    1 
  0%  25%  50%  75% 100% 
   1    1    1    1    1 
[1] "HERE"
[1] "Current settings:"
[1] 1000
[1] 8
[1] 59
[1] FALSE
  0%  25%  50%  75% 100% 
   1    1    1    1    1 
  0%  25%  50%  75% 100% 
   1    1    1    1    1 
[1] "HERE"
[1] "Current settings:"
[1] 1000
[1] 8
[1] 60
[1] FALSE
  0%  25%  50%  75% 100% 
   1    1    1    1    1 
  0%  25%  50%  75% 100% 
   1    1    1    1    1 
[1] "HERE"
[1] "Current settings:"
[1] 1000
[1] 8
[1] 61
[1] FALSE
  0%  25%  50%  75% 100% 
   1    1    1    1    1 
  0%  25%  50%  75% 100% 
   1    1    1    1    1 
[1] "HERE"
[1] "Current settings:"
[1] 1000
[1] 8
[1] 62
[1] FALSE
  0%  25%  50%  75% 100% 
   1    1    1    1    1 
  0%  25%  50%  75% 100% 
   1    1    1    1    1 
[1] "Current settings:"
[1] 1000
[1] 8
[1] 63
[1] FALSE
  0%  25%  50%  75% 100% 
   1    1    1    1    1 
  0%  25%  50%  75% 100% 
   1    1    1    1    1 
[1] "HERE"
[1] "Current settings:"
[1] 1000
[1] 8
[1] 64
[1] FALSE
  0%  25%  50%  75% 100% 
   1    1    1    1    1 
  0%  25%  50%  75% 100% 
   1    1    1    1    1 
[1] "Current settings:"
[1] 1000
[1] 8
[1] 65
[1] FALSE
  0%  25%  50%  75% 100% 
   1    1    1    1    1 
  0%  25%  50%  75% 100% 
   1    1    1    1    1 
[1] "HERE"
[1] "Current settings:"
[1] 1000
[1] 8
[1] 66
[1] FALSE
  0%  25%  50%  75% 100% 
   1    1    1    1    1 
  0%  25%  50%  75% 100% 
   1    1    1    1    1 
[1] "HERE"
[1] "Current settings:"
[1] 1000
[1] 8
[1] 67
[1] FALSE
  0%  25%  50%  75% 100% 
   1    1    1    1    1 
  0%  25%  50%  75% 100% 
   1    1    1    1    1 
[1] "HERE"
[1] "Current settings:"
[1] 1000
[1] 8
[1] 68
[1] FALSE
  0%  25%  50%  75% 100% 
   1    1    1    1    1 
  0%  25%  50%  75% 100% 
   1    1    1    1    1 
[1] "HERE"
[1] "Current settings:"
[1] 1000
[1] 8
[1] 69
[1] FALSE
  0%  25%  50%  75% 100% 
   1    1    1    1    1 
  0%  25%  50%  75% 100% 
   1    1    1    1    1 
[1] "HERE"
[1] "Current settings:"
[1] 1000
[1] 8
[1] 70
[1] FALSE
  0%  25%  50%  75% 100% 
   1    1    1    1    1 
  0%  25%  50%  75% 100% 
   1    1    1    1    1 
[1] "HERE"
[1] "Current settings:"
[1] 1000
[1] 8
[1] 71
[1] FALSE
  0%  25%  50%  75% 100% 
   1    1    1    1    1 
  0%  25%  50%  75% 100% 
   1    1    1    1    1 
[1] "HERE"
[1] "Current settings:"
[1] 1000
[1] 8
[1] 72
[1] FALSE
  0%  25%  50%  75% 100% 
   1    1    1    1    1 
  0%  25%  50%  75% 100% 
   1    1    1    1    1 
[1] "HERE"
[1] "Current settings:"
[1] 1000
[1] 8
[1] 73
[1] FALSE
  0%  25%  50%  75% 100% 
   1    1    1    1    1 
  0%  25%  50%  75% 100% 
   1    1    1    1    1 
[1] "HERE"
[1] "Current settings:"
[1] 1000
[1] 8
[1] 74
[1] FALSE
  0%  25%  50%  75% 100% 
   1    1    1    1    1 
  0%  25%  50%  75% 100% 
   1    1    1    1    1 
[1] "HERE"
[1] "Current settings:"
[1] 1000
[1] 8
[1] 75
[1] FALSE
  0%  25%  50%  75% 100% 
   1    1    1    1    1 
  0%  25%  50%  75% 100% 
   1    1    1    1    1 
[1] "HERE"
[1] "Current settings:"
[1] 1000
[1] 8
[1] 76
[1] FALSE
  0%  25%  50%  75% 100% 
   1    1    1    1    1 
  0%  25%  50%  75% 100% 
   1    1    1    1    1 
[1] "HERE"
[1] "Current settings:"
[1] 1000
[1] 8
[1] 77
[1] FALSE
  0%  25%  50%  75% 100% 
   1    1    1    1    1 
  0%  25%  50%  75% 100% 
   1    1    1    1    1 
[1] "HERE"
[1] "Current settings:"
[1] 1000
[1] 8
[1] 78
[1] FALSE
  0%  25%  50%  75% 100% 
   1    1    1    1    1 
  0%  25%  50%  75% 100% 
   1    1    1    1    1 
[1] "HERE"
[1] "Current settings:"
[1] 1000
[1] 8
[1] 79
[1] FALSE
  0%  25%  50%  75% 100% 
   1    1    1    1    1 
  0%  25%  50%  75% 100% 
   1    1    1    1    1 
[1] "HERE"
[1] "Current settings:"
[1] 1000
[1] 8
[1] 80
[1] FALSE
  0%  25%  50%  75% 100% 
   1    1    1    1    1 
  0%  25%  50%  75% 100% 
   1    1    1    1    1 
[1] "HERE"
[1] "Current settings:"
[1] 1000
[1] 8
[1] 81
[1] FALSE
  0%  25%  50%  75% 100% 
   1    1    1    1    1 
  0%  25%  50%  75% 100% 
   1    1    1    1    1 
[1] "HERE"
[1] "Current settings:"
[1] 1000
[1] 8
[1] 82
[1] FALSE
  0%  25%  50%  75% 100% 
   1    1    1    1    1 
  0%  25%  50%  75% 100% 
   1    1    1    1    1 
[1] "HERE"
[1] "Current settings:"
[1] 1000
[1] 8
[1] 83
[1] FALSE
  0%  25%  50%  75% 100% 
   1    1    1    1    1 
  0%  25%  50%  75% 100% 
   1    1    1    1    1 
[1] "HERE"
[1] "Current settings:"
[1] 1000
[1] 8
[1] 84
[1] FALSE
  0%  25%  50%  75% 100% 
   1    1    1    1    1 
  0%  25%  50%  75% 100% 
   1    1    1    1    1 
[1] "HERE"
[1] "Current settings:"
[1] 1000
[1] 8
[1] 85
[1] FALSE
  0%  25%  50%  75% 100% 
   1    1    1    1    1 
  0%  25%  50%  75% 100% 
   1    1    1    1    1 
[1] "HERE"
[1] "Current settings:"
[1] 1000
[1] 8
[1] 86
[1] FALSE
  0%  25%  50%  75% 100% 
   1    1    1    1    1 
  0%  25%  50%  75% 100% 
   1    1    1    1    1 
[1] "HERE"
[1] "Current settings:"
[1] 1000
[1] 8
[1] 87
[1] FALSE
  0%  25%  50%  75% 100% 
   1    1    1    1    1 
  0%  25%  50%  75% 100% 
   1    1    1    1    1 
[1] "HERE"
[1] "Current settings:"
[1] 1000
[1] 8
[1] 88
[1] FALSE
  0%  25%  50%  75% 100% 
   1    1    1    1    1 
  0%  25%  50%  75% 100% 
   1    1    1    1    1 
[1] "HERE"
[1] "Current settings:"
[1] 1000
[1] 8
[1] 89
[1] FALSE
  0%  25%  50%  75% 100% 
   1    1    1    1    1 
  0%  25%  50%  75% 100% 
   1    1    1    1    1 
[1] "HERE"
[1] "Current settings:"
[1] 1000
[1] 8
[1] 90
[1] FALSE
  0%  25%  50%  75% 100% 
   1    1    1    1    1 
  0%  25%  50%  75% 100% 
   1    1    1    1    1 
[1] "HERE"
[1] "Current settings:"
[1] 1000
[1] 8
[1] 91
[1] FALSE
  0%  25%  50%  75% 100% 
   1    1    1    1    1 
  0%  25%  50%  75% 100% 
   1    1    1    1    1 
[1] "HERE"
[1] "Current settings:"
[1] 1000
[1] 8
[1] 92
[1] FALSE
  0%  25%  50%  75% 100% 
   1    1    1    1    1 
  0%  25%  50%  75% 100% 
   1    1    1    1    1 
[1] "HERE"
[1] "Current settings:"
[1] 1000
[1] 8
[1] 93
[1] FALSE
  0%  25%  50%  75% 100% 
   1    1    1    1    1 
  0%  25%  50%  75% 100% 
   1    1    1    1    1 
[1] "HERE"
[1] "Current settings:"
[1] 1000
[1] 8
[1] 94
[1] FALSE
  0%  25%  50%  75% 100% 
   1    1    1    1    1 
  0%  25%  50%  75% 100% 
   1    1    1    1    1 
[1] "HERE"
[1] "Current settings:"
[1] 1000
[1] 8
[1] 95
[1] FALSE
  0%  25%  50%  75% 100% 
   1    1    1    1    1 
  0%  25%  50%  75% 100% 
   1    1    1    1    1 
[1] "HERE"
[1] "Current settings:"
[1] 1000
[1] 8
[1] 96
[1] FALSE
  0%  25%  50%  75% 100% 
   1    1    1    1    1 
  0%  25%  50%  75% 100% 
   1    1    1    1    1 
[1] "HERE"
[1] "Current settings:"
[1] 1000
[1] 8
[1] 97
[1] FALSE
  0%  25%  50%  75% 100% 
   1    1    1    1    1 
  0%  25%  50%  75% 100% 
   1    1    1    1    1 
[1] "HERE"
[1] "Current settings:"
[1] 1000
[1] 8
[1] 98
[1] FALSE
  0%  25%  50%  75% 100% 
   1    1    1    1    1 
  0%  25%  50%  75% 100% 
   1    1    1    1    1 
[1] "HERE"
[1] "Current settings:"
[1] 1000
[1] 8
[1] 99
[1] FALSE
  0%  25%  50%  75% 100% 
   1    1    1    1    1 
  0%  25%  50%  75% 100% 
   1    1    1    1    1 
[1] "HERE"
[1] "Current settings:"
[1] 1000
[1] 8
[1] 100
[1] FALSE
  0%  25%  50%  75% 100% 
   1    1    1    1    1 
  0%  25%  50%  75% 100% 
   1    1    1    1    1 
[1] "HERE"
[1] "Current settings:"
[1] 1000
[1] 8
[1] 101
[1] FALSE
  0%  25%  50%  75% 100% 
   1    1    1    1    1 
  0%  25%  50%  75% 100% 
   1    1    1    1    1 
[1] "HERE"
[1] "Current settings:"
[1] 1000
[1] 8
[1] 102
[1] FALSE
  0%  25%  50%  75% 100% 
   1    1    1    1    1 
  0%  25%  50%  75% 100% 
   1    1    1    1    1 
[1] "HERE"
[1] "Current settings:"
[1] 1000
[1] 8
[1] 103
[1] FALSE
  0%  25%  50%  75% 100% 
   1    1    1    1    1 
  0%  25%  50%  75% 100% 
   1    1    1    1    1 
[1] "HERE"
[1] "Current settings:"
[1] 1000
[1] 8
[1] 104
[1] FALSE
  0%  25%  50%  75% 100% 
   1    1    1    1    1 
  0%  25%  50%  75% 100% 
   1    1    1    1    1 
[1] "Current settings:"
[1] 1000
[1] 8
[1] 105
[1] FALSE
  0%  25%  50%  75% 100% 
   1    1    1    1    1 
  0%  25%  50%  75% 100% 
   1    1    1    1    1 
[1] "HERE"
[1] "Current settings:"
[1] 1000
[1] 8
[1] 106
[1] FALSE
  0%  25%  50%  75% 100% 
   1    1    1    1    1 
  0%  25%  50%  75% 100% 
   1    1    1    1    1 
[1] "HERE"
[1] "Current settings:"
[1] 1000
[1] 8
[1] 107
[1] FALSE
  0%  25%  50%  75% 100% 
   1    1    1    1    1 
  0%  25%  50%  75% 100% 
   1    1    1    1    1 
[1] "HERE"
[1] "Current settings:"
[1] 1000
[1] 8
[1] 108
[1] FALSE
  0%  25%  50%  75% 100% 
   1    1    1    1    1 
  0%  25%  50%  75% 100% 
   1    1    1    1    1 
[1] "HERE"
[1] "Current settings:"
[1] 1000
[1] 8
[1] 109
[1] FALSE
  0%  25%  50%  75% 100% 
   1    1    1    1    1 
  0%  25%  50%  75% 100% 
   1    1    1    1    1 
[1] "HERE"
[1] "Current settings:"
[1] 1000
[1] 8
[1] 110
[1] FALSE
  0%  25%  50%  75% 100% 
   1    1    1    1    1 
  0%  25%  50%  75% 100% 
   1    1    1    1    1 
[1] "HERE"
[1] "Current settings:"
[1] 1000
[1] 8
[1] 111
[1] FALSE
  0%  25%  50%  75% 100% 
   1    1    1    1    1 
  0%  25%  50%  75% 100% 
   1    1    1    1    1 
[1] "HERE"
[1] "Current settings:"
[1] 1000
[1] 8
[1] 112
[1] FALSE
  0%  25%  50%  75% 100% 
   1    1    1    1    1 
  0%  25%  50%  75% 100% 
   1    1    1    1    1 
[1] "HERE"
[1] "Current settings:"
[1] 1000
[1] 8
[1] 113
[1] FALSE
  0%  25%  50%  75% 100% 
   1    1    1    1    1 
  0%  25%  50%  75% 100% 
   1    1    1    1    1 
[1] "HERE"
[1] "Current settings:"
[1] 1000
[1] 8
[1] 114
[1] FALSE
  0%  25%  50%  75% 100% 
   1    1    1    1    1 
  0%  25%  50%  75% 100% 
   1    1    1    1    1 
[1] "HERE"
[1] "Current settings:"
[1] 1000
[1] 8
[1] 115
[1] FALSE
  0%  25%  50%  75% 100% 
   1    1    1    1    1 
  0%  25%  50%  75% 100% 
   1    1    1    1    1 
[1] "HERE"
[1] "Current settings:"
[1] 1000
[1] 8
[1] 116
[1] FALSE
  0%  25%  50%  75% 100% 
   1    1    1    1    1 
  0%  25%  50%  75% 100% 
   1    1    1    1    1 
[1] "HERE"
[1] "Current settings:"
[1] 1000
[1] 8
[1] 117
[1] FALSE
  0%  25%  50%  75% 100% 
   1    1    1    1    1 
  0%  25%  50%  75% 100% 
   1    1    1    1    1 
[1] "HERE"
[1] "Current settings:"
[1] 1000
[1] 8
[1] 118
[1] FALSE
  0%  25%  50%  75% 100% 
   1    1    1    1    1 
  0%  25%  50%  75% 100% 
   1    1    1    1    1 
[1] "HERE"
[1] "Current settings:"
[1] 1000
[1] 8
[1] 119
[1] FALSE
  0%  25%  50%  75% 100% 
   1    1    1    1    1 
  0%  25%  50%  75% 100% 
   1    1    1    1    1 
[1] "HERE"
[1] "Current settings:"
[1] 1000
[1] 8
[1] 120
[1] FALSE
  0%  25%  50%  75% 100% 
   1    1    1    1    1 
  0%  25%  50%  75% 100% 
   1    1    1    1    1 
[1] "HERE"
[1] "Current settings:"
[1] 1000
[1] 8
[1] 121
[1] FALSE
  0%  25%  50%  75% 100% 
   1    1    1    1    1 
  0%  25%  50%  75% 100% 
   1    1    1    1    1 
[1] "HERE"
[1] "Current settings:"
[1] 1000
[1] 8
[1] 122
[1] FALSE
  0%  25%  50%  75% 100% 
   1    1    1    1    1 
  0%  25%  50%  75% 100% 
   1    1    1    1    1 
[1] "HERE"
[1] "Current settings:"
[1] 1000
[1] 8
[1] 123
[1] FALSE
  0%  25%  50%  75% 100% 
   1    1    1    1    1 
  0%  25%  50%  75% 100% 
   1    1    1    1    1 
[1] "HERE"
[1] "Current settings:"
[1] 1000
[1] 8
[1] 124
[1] FALSE
  0%  25%  50%  75% 100% 
   1    1    1    1    1 
  0%  25%  50%  75% 100% 
   1    1    1    1    1 
[1] "HERE"
[1] "Current settings:"
[1] 1000
[1] 8
[1] 125
[1] FALSE
  0%  25%  50%  75% 100% 
   1    1    1    1    1 
  0%  25%  50%  75% 100% 
   1    1    1    1    1 
[1] "HERE"
[1] "Current settings:"
[1] 1000
[1] 8
[1] 126
[1] FALSE
  0%  25%  50%  75% 100% 
   1    1    1    1    1 
  0%  25%  50%  75% 100% 
   1    1    1    1    1 
[1] "HERE"
[1] "Current settings:"
[1] 1000
[1] 8
[1] 127
[1] FALSE
  0%  25%  50%  75% 100% 
   1    1    1    1    1 
  0%  25%  50%  75% 100% 
   1    1    1    1    1 
[1] "HERE"
[1] "Current settings:"
[1] 1000
[1] 8
[1] 128
[1] FALSE
  0%  25%  50%  75% 100% 
   1    1    1    1    1 
  0%  25%  50%  75% 100% 
   1    1    1    1    1 
[1] "HERE"
[1] "Current settings:"
[1] 1000
[1] 8
[1] 129
[1] FALSE
  0%  25%  50%  75% 100% 
   1    1    1    1    1 
  0%  25%  50%  75% 100% 
   1    1    1    1    1 
[1] "HERE"
[1] "Current settings:"
[1] 1000
[1] 8
[1] 130
[1] FALSE
  0%  25%  50%  75% 100% 
   1    1    1    1    1 
  0%  25%  50%  75% 100% 
   1    1    1    1    1 
[1] "HERE"
[1] "Current settings:"
[1] 1000
[1] 8
[1] 131
[1] FALSE
  0%  25%  50%  75% 100% 
   1    1    1    1    1 
  0%  25%  50%  75% 100% 
   1    1    1    1    1 
[1] "HERE"
[1] "Current settings:"
[1] 1000
[1] 8
[1] 132
[1] FALSE
  0%  25%  50%  75% 100% 
   1    1    1    1    1 
  0%  25%  50%  75% 100% 
   1    1    1    1    1 
[1] "HERE"
[1] "Current settings:"
[1] 1000
[1] 8
[1] 133
[1] FALSE
  0%  25%  50%  75% 100% 
   1    1    1    1    1 
  0%  25%  50%  75% 100% 
   1    1    1    1    1 
[1] "HERE"
[1] "Current settings:"
[1] 1000
[1] 8
[1] 134
[1] FALSE
  0%  25%  50%  75% 100% 
   1    1    1    1    1 
  0%  25%  50%  75% 100% 
   1    1    1    1    1 
[1] "HERE"
[1] "Current settings:"
[1] 1000
[1] 8
[1] 135
[1] FALSE
  0%  25%  50%  75% 100% 
   1    1    1    1    1 
  0%  25%  50%  75% 100% 
   1    1    1    1    1 
[1] "HERE"
[1] "Current settings:"
[1] 1000
[1] 8
[1] 136
[1] FALSE
  0%  25%  50%  75% 100% 
   1    1    1    1    1 
  0%  25%  50%  75% 100% 
   1    1    1    1    1 
[1] "HERE"
[1] "Current settings:"
[1] 1000
[1] 8
[1] 137
[1] FALSE
  0%  25%  50%  75% 100% 
   1    1    1    1    1 
  0%  25%  50%  75% 100% 
   1    1    1    1    1 
[1] "HERE"
[1] "Current settings:"
[1] 1000
[1] 8
[1] 138
[1] FALSE
  0%  25%  50%  75% 100% 
   1    1    1    1    1 
  0%  25%  50%  75% 100% 
   1    1    1    1    1 
[1] "HERE"
[1] "Current settings:"
[1] 1000
[1] 8
[1] 139
[1] FALSE
  0%  25%  50%  75% 100% 
   1    1    1    1    1 
  0%  25%  50%  75% 100% 
   1    1    1    1    1 
[1] "HERE"
[1] "Current settings:"
[1] 1000
[1] 8
[1] 140
[1] FALSE
  0%  25%  50%  75% 100% 
   1    1    1    1    1 
  0%  25%  50%  75% 100% 
   1    1    1    1    1 
[1] "HERE"
[1] "Current settings:"
[1] 1000
[1] 8
[1] 141
[1] FALSE
  0%  25%  50%  75% 100% 
   1    1    1    1    1 
  0%  25%  50%  75% 100% 
   1    1    1    1    1 
[1] "HERE"
[1] "Current settings:"
[1] 1000
[1] 8
[1] 142
[1] FALSE
  0%  25%  50%  75% 100% 
   1    1    1    1    1 
  0%  25%  50%  75% 100% 
   1    1    1    1    1 
[1] "HERE"
[1] "Current settings:"
[1] 1000
[1] 8
[1] 143
[1] FALSE
  0%  25%  50%  75% 100% 
   1    1    1    1    1 
  0%  25%  50%  75% 100% 
   1    1    1    1    1 
[1] "HERE"
[1] "Current settings:"
[1] 1000
[1] 8
[1] 144
[1] FALSE
  0%  25%  50%  75% 100% 
   1    1    1    1    1 
  0%  25%  50%  75% 100% 
   1    1    1    1    1 
[1] "HERE"
[1] "Current settings:"
[1] 1000
[1] 8
[1] 145
[1] FALSE
  0%  25%  50%  75% 100% 
   1    1    1    1    1 
  0%  25%  50%  75% 100% 
   1    1    1    1    1 
[1] "HERE"
[1] "Current settings:"
[1] 1000
[1] 8
[1] 146
[1] FALSE
  0%  25%  50%  75% 100% 
   1    1    1    1    1 
  0%  25%  50%  75% 100% 
   1    1    1    1    1 
[1] "HERE"
[1] "Current settings:"
[1] 1000
[1] 8
[1] 147
[1] FALSE
  0%  25%  50%  75% 100% 
   1    1    1    1    1 
  0%  25%  50%  75% 100% 
   1    1    1    1    1 
[1] "HERE"
[1] "Current settings:"
[1] 1000
[1] 8
[1] 148
[1] FALSE
  0%  25%  50%  75% 100% 
   1    1    1    1    1 
  0%  25%  50%  75% 100% 
   1    1    1    1    1 
[1] "HERE"
[1] "Current settings:"
[1] 1000
[1] 8
[1] 149
[1] FALSE
  0%  25%  50%  75% 100% 
   1    1    1    1    1 
  0%  25%  50%  75% 100% 
   1    1    1    1    1 
[1] "Current settings:"
[1] 1000
[1] 8
[1] 150
[1] FALSE
  0%  25%  50%  75% 100% 
   1    1    1    1    1 
  0%  25%  50%  75% 100% 
   1    1    1    1    1 
[1] "HERE"
[1] "Current settings:"
[1] 1000
[1] 8
[1] 151
[1] FALSE
  0%  25%  50%  75% 100% 
   1    1    1    1    1 
  0%  25%  50%  75% 100% 
   1    1    1    1    1 
[1] "HERE"
[1] "Current settings:"
[1] 1000
[1] 8
[1] 152
[1] FALSE
  0%  25%  50%  75% 100% 
   1    1    1    1    1 
  0%  25%  50%  75% 100% 
   1    1    1    1    1 
[1] "HERE"
[1] "Current settings:"
[1] 1000
[1] 8
[1] 153
[1] FALSE
  0%  25%  50%  75% 100% 
   1    1    1    1    1 
  0%  25%  50%  75% 100% 
   1    1    1    1    1 
[1] "HERE"
[1] "Current settings:"
[1] 1000
[1] 8
[1] 154
[1] FALSE
  0%  25%  50%  75% 100% 
   1    1    1    1    1 
  0%  25%  50%  75% 100% 
   1    1    1    1    1 
[1] "HERE"
[1] "Current settings:"
[1] 1000
[1] 8
[1] 155
[1] FALSE
  0%  25%  50%  75% 100% 
   1    1    1    1    1 
  0%  25%  50%  75% 100% 
   1    1    1    1    1 
[1] "HERE"
[1] "Current settings:"
[1] 1000
[1] 8
[1] 156
[1] FALSE
  0%  25%  50%  75% 100% 
   1    1    1    1    1 
  0%  25%  50%  75% 100% 
   1    1    1    1    1 
[1] "HERE"
[1] "Current settings:"
[1] 1000
[1] 8
[1] 157
[1] FALSE
  0%  25%  50%  75% 100% 
   1    1    1    1    1 
  0%  25%  50%  75% 100% 
   1    1    1    1    1 
[1] "HERE"
[1] "Current settings:"
[1] 1000
[1] 8
[1] 158
[1] FALSE
  0%  25%  50%  75% 100% 
   1    1    1    1    1 
  0%  25%  50%  75% 100% 
   1    1    1    1    1 
[1] "Current settings:"
[1] 1000
[1] 8
[1] 159
[1] FALSE
  0%  25%  50%  75% 100% 
   1    1    1    1    1 
  0%  25%  50%  75% 100% 
   1    1    1    1    1 
[1] "HERE"
[1] "Current settings:"
[1] 1000
[1] 8
[1] 160
[1] FALSE
  0%  25%  50%  75% 100% 
   1    1    1    1    1 
  0%  25%  50%  75% 100% 
   1    1    1    1    1 
[1] "Current settings:"
[1] 1000
[1] 8
[1] 161
[1] FALSE
  0%  25%  50%  75% 100% 
   1    1    1    1    1 
  0%  25%  50%  75% 100% 
   1    1    1    1    1 
[1] "HERE"
[1] "Current settings:"
[1] 1000
[1] 8
[1] 162
[1] FALSE
  0%  25%  50%  75% 100% 
   1    1    1    1    1 
  0%  25%  50%  75% 100% 
   1    1    1    1    1 
[1] "HERE"
[1] "Current settings:"
[1] 1000
[1] 8
[1] 163
[1] FALSE
  0%  25%  50%  75% 100% 
   1    1    1    1    1 
  0%  25%  50%  75% 100% 
   1    1    1    1    1 
[1] "HERE"
[1] "Current settings:"
[1] 1000
[1] 8
[1] 164
[1] FALSE
  0%  25%  50%  75% 100% 
   1    1    1    1    1 
  0%  25%  50%  75% 100% 
   1    1    1    1    1 
[1] "HERE"
[1] "Current settings:"
[1] 1000
[1] 8
[1] 165
[1] FALSE
  0%  25%  50%  75% 100% 
   1    1    1    1    1 
  0%  25%  50%  75% 100% 
   1    1    1    1    1 
[1] "HERE"
[1] "Current settings:"
[1] 1000
[1] 8
[1] 166
[1] FALSE
  0%  25%  50%  75% 100% 
   1    1    1    1    1 
  0%  25%  50%  75% 100% 
   1    1    1    1    1 
[1] "HERE"
[1] "Current settings:"
[1] 1000
[1] 8
[1] 167
[1] FALSE
  0%  25%  50%  75% 100% 
   1    1    1    1    1 
  0%  25%  50%  75% 100% 
   1    1    1    1    1 
[1] "HERE"
[1] "Current settings:"
[1] 1000
[1] 8
[1] 168
[1] FALSE
  0%  25%  50%  75% 100% 
   1    1    1    1    1 
  0%  25%  50%  75% 100% 
   1    1    1    1    1 
[1] "HERE"
[1] "Current settings:"
[1] 1000
[1] 8
[1] 169
[1] FALSE
  0%  25%  50%  75% 100% 
   1    1    1    1    1 
  0%  25%  50%  75% 100% 
   1    1    1    1    1 
[1] "HERE"
[1] "Current settings:"
[1] 1000
[1] 8
[1] 170
[1] FALSE
  0%  25%  50%  75% 100% 
   1    1    1    1    1 
  0%  25%  50%  75% 100% 
   1    1    1    1    1 
[1] "HERE"
[1] "Current settings:"
[1] 1000
[1] 8
[1] 171
[1] FALSE
  0%  25%  50%  75% 100% 
   1    1    1    1    1 
  0%  25%  50%  75% 100% 
   1    1    1    1    1 
[1] "HERE"
[1] "Current settings:"
[1] 1000
[1] 8
[1] 172
[1] FALSE
  0%  25%  50%  75% 100% 
   1    1    1    1    1 
  0%  25%  50%  75% 100% 
   1    1    1    1    1 
[1] "HERE"
[1] "Current settings:"
[1] 1000
[1] 8
[1] 173
[1] FALSE
  0%  25%  50%  75% 100% 
   1    1    1    1    1 
  0%  25%  50%  75% 100% 
   1    1    1    1    1 
[1] "HERE"
[1] "Current settings:"
[1] 1000
[1] 8
[1] 174
[1] FALSE
  0%  25%  50%  75% 100% 
   1    1    1    1    1 
  0%  25%  50%  75% 100% 
   1    1    1    1    1 
[1] "HERE"
[1] "Current settings:"
[1] 1000
[1] 8
[1] 175
[1] FALSE
  0%  25%  50%  75% 100% 
   1    1    1    1    1 
  0%  25%  50%  75% 100% 
   1    1    1    1    1 
[1] "HERE"
[1] "Current settings:"
[1] 1000
[1] 8
[1] 176
[1] FALSE
  0%  25%  50%  75% 100% 
   1    1    1    1    1 
  0%  25%  50%  75% 100% 
   1    1    1    1    1 
[1] "HERE"
[1] "Current settings:"
[1] 1000
[1] 8
[1] 177
[1] FALSE
  0%  25%  50%  75% 100% 
   1    1    1    1    1 
  0%  25%  50%  75% 100% 
   1    1    1    1    1 
[1] "HERE"
[1] "Current settings:"
[1] 1000
[1] 8
[1] 178
[1] FALSE
  0%  25%  50%  75% 100% 
   1    1    1    1    1 
  0%  25%  50%  75% 100% 
   1    1    1    1    1 
[1] "HERE"
[1] "Current settings:"
[1] 1000
[1] 8
[1] 179
[1] FALSE
  0%  25%  50%  75% 100% 
   1    1    1    1    1 
  0%  25%  50%  75% 100% 
   1    1    1    1    1 
[1] "HERE"
[1] "Current settings:"
[1] 1000
[1] 8
[1] 180
[1] FALSE
  0%  25%  50%  75% 100% 
   1    1    1    1    1 
  0%  25%  50%  75% 100% 
   1    1    1    1    1 
[1] "HERE"
[1] "Current settings:"
[1] 1000
[1] 8
[1] 181
[1] FALSE
  0%  25%  50%  75% 100% 
   1    1    1    1    1 
  0%  25%  50%  75% 100% 
   1    1    1    1    1 
[1] "HERE"
[1] "Current settings:"
[1] 1000
[1] 8
[1] 182
[1] FALSE
  0%  25%  50%  75% 100% 
   1    1    1    1    1 
  0%  25%  50%  75% 100% 
   1    1    1    1    1 
[1] "HERE"
[1] "Current settings:"
[1] 1000
[1] 8
[1] 183
[1] FALSE
  0%  25%  50%  75% 100% 
   1    1    1    1    1 
  0%  25%  50%  75% 100% 
   1    1    1    1    1 
[1] "HERE"
[1] "Current settings:"
[1] 1000
[1] 8
[1] 184
[1] FALSE
  0%  25%  50%  75% 100% 
   1    1    1    1    1 
  0%  25%  50%  75% 100% 
   1    1    1    1    1 
[1] "HERE"
[1] "Current settings:"
[1] 1000
[1] 8
[1] 185
[1] FALSE
  0%  25%  50%  75% 100% 
   1    1    1    1    1 
  0%  25%  50%  75% 100% 
   1    1    1    1    1 
[1] "HERE"
[1] "Current settings:"
[1] 1000
[1] 8
[1] 186
[1] FALSE
  0%  25%  50%  75% 100% 
   1    1    1    1    1 
  0%  25%  50%  75% 100% 
   1    1    1    1    1 
[1] "HERE"
[1] "Current settings:"
[1] 1000
[1] 8
[1] 187
[1] FALSE
  0%  25%  50%  75% 100% 
   1    1    1    1    1 
  0%  25%  50%  75% 100% 
   1    1    1    1    1 
[1] "HERE"
[1] "Current settings:"
[1] 1000
[1] 8
[1] 188
[1] FALSE
  0%  25%  50%  75% 100% 
   1    1    1    1    1 
  0%  25%  50%  75% 100% 
   1    1    1    1    1 
[1] "HERE"
[1] "Current settings:"
[1] 1000
[1] 8
[1] 189
[1] FALSE
  0%  25%  50%  75% 100% 
   1    1    1    1    1 
  0%  25%  50%  75% 100% 
   1    1    1    1    1 
[1] "HERE"
[1] "Current settings:"
[1] 1000
[1] 8
[1] 190
[1] FALSE
  0%  25%  50%  75% 100% 
   1    1    1    1    1 
  0%  25%  50%  75% 100% 
   1    1    1    1    1 
[1] "HERE"
[1] "Current settings:"
[1] 1000
[1] 8
[1] 191
[1] FALSE
  0%  25%  50%  75% 100% 
   1    1    1    1    1 
  0%  25%  50%  75% 100% 
   1    1    1    1    1 
[1] "HERE"
[1] "Current settings:"
[1] 1000
[1] 8
[1] 192
[1] FALSE
  0%  25%  50%  75% 100% 
   1    1    1    1    1 
  0%  25%  50%  75% 100% 
   1    1    1    1    1 
[1] "HERE"
[1] "Current settings:"
[1] 1000
[1] 8
[1] 193
[1] FALSE
  0%  25%  50%  75% 100% 
   1    1    1    1    1 
  0%  25%  50%  75% 100% 
   1    1    1    1    1 
[1] "HERE"
[1] "Current settings:"
[1] 1000
[1] 8
[1] 194
[1] FALSE
  0%  25%  50%  75% 100% 
   1    1    1    1    1 
  0%  25%  50%  75% 100% 
   1    1    1    1    1 
[1] "HERE"
[1] "Current settings:"
[1] 1000
[1] 8
[1] 195
[1] FALSE
  0%  25%  50%  75% 100% 
   1    1    1    1    1 
  0%  25%  50%  75% 100% 
   1    1    1    1    1 
[1] "HERE"
[1] "Current settings:"
[1] 1000
[1] 8
[1] 196
[1] FALSE
  0%  25%  50%  75% 100% 
   1    1    1    1    1 
  0%  25%  50%  75% 100% 
   1    1    1    1    1 
[1] "HERE"
[1] "Current settings:"
[1] 1000
[1] 8
[1] 197
[1] FALSE
  0%  25%  50%  75% 100% 
   1    1    1    1    1 
  0%  25%  50%  75% 100% 
   1    1    1    1    1 
[1] "HERE"
[1] "Current settings:"
[1] 1000
[1] 8
[1] 198
[1] FALSE
  0%  25%  50%  75% 100% 
   1    1    1    1    1 
  0%  25%  50%  75% 100% 
   1    1    1    1    1 
[1] "HERE"
[1] "Current settings:"
[1] 1000
[1] 8
[1] 199
[1] FALSE
  0%  25%  50%  75% 100% 
   1    1    1    1    1 
  0%  25%  50%  75% 100% 
   1    1    1    1    1 
[1] "HERE"
[1] "Current settings:"
[1] 1000
[1] 8
[1] 200
[1] FALSE
  0%  25%  50%  75% 100% 
   1    1    1    1    1 
  0%  25%  50%  75% 100% 
   1    1    1    1    1 
[1] "HERE"
[1] "Current settings:"
[1] 1000
[1] 8
[1] 201
[1] FALSE
  0%  25%  50%  75% 100% 
   1    1    1    1    1 
  0%  25%  50%  75% 100% 
   1    1    1    1    1 
[1] "HERE"
[1] "Current settings:"
[1] 1000
[1] 8
[1] 202
[1] FALSE
  0%  25%  50%  75% 100% 
   1    1    1    1    1 
  0%  25%  50%  75% 100% 
   1    1    1    1    1 
[1] "HERE"
[1] "Current settings:"
[1] 1000
[1] 8
[1] 203
[1] FALSE
  0%  25%  50%  75% 100% 
   1    1    1    1    1 
  0%  25%  50%  75% 100% 
   1    1    1    1    1 
[1] "HERE"
[1] "Current settings:"
[1] 1000
[1] 8
[1] 204
[1] FALSE
  0%  25%  50%  75% 100% 
   1    1    1    1    1 
  0%  25%  50%  75% 100% 
   1    1    1    1    1 
[1] "HERE"
[1] "Current settings:"
[1] 1000
[1] 8
[1] 205
[1] FALSE
  0%  25%  50%  75% 100% 
   1    1    1    1    1 
  0%  25%  50%  75% 100% 
   1    1    1    1    1 
[1] "Current settings:"
[1] 1000
[1] 8
[1] 206
[1] FALSE
  0%  25%  50%  75% 100% 
   1    1    1    1    1 
  0%  25%  50%  75% 100% 
   1    1    1    1    1 
[1] "HERE"
[1] "Current settings:"
[1] 1000
[1] 8
[1] 207
[1] FALSE
  0%  25%  50%  75% 100% 
   1    1    1    1    1 
  0%  25%  50%  75% 100% 
   1    1    1    1    1 
[1] "HERE"
[1] "Current settings:"
[1] 1000
[1] 8
[1] 208
[1] FALSE
  0%  25%  50%  75% 100% 
   1    1    1    1    1 
  0%  25%  50%  75% 100% 
   1    1    1    1    1 
[1] "HERE"
[1] "Current settings:"
[1] 1000
[1] 8
[1] 209
[1] FALSE
  0%  25%  50%  75% 100% 
   1    1    1    1    1 
  0%  25%  50%  75% 100% 
   1    1    1    1    1 
[1] "HERE"
[1] "Current settings:"
[1] 1000
[1] 8
[1] 210
[1] FALSE
  0%  25%  50%  75% 100% 
   1    1    1    1    1 
  0%  25%  50%  75% 100% 
   1    1    1    1    1 
[1] "HERE"
[1] "Current settings:"
[1] 1000
[1] 8
[1] 211
[1] FALSE
  0%  25%  50%  75% 100% 
   1    1    1    1    1 
  0%  25%  50%  75% 100% 
   1    1    1    1    1 
[1] "HERE"
[1] "Current settings:"
[1] 1000
[1] 8
[1] 212
[1] FALSE
  0%  25%  50%  75% 100% 
   1    1    1    1    1 
  0%  25%  50%  75% 100% 
   1    1    1    1    1 
[1] "HERE"
[1] "Current settings:"
[1] 1000
[1] 8
[1] 213
[1] FALSE
  0%  25%  50%  75% 100% 
   1    1    1    1    1 
  0%  25%  50%  75% 100% 
   1    1    1    1    1 
[1] "HERE"
[1] "Current settings:"
[1] 1000
[1] 8
[1] 214
[1] FALSE
  0%  25%  50%  75% 100% 
   1    1    1    1    1 
  0%  25%  50%  75% 100% 
   1    1    1    1    1 
[1] "HERE"
[1] "Current settings:"
[1] 1000
[1] 8
[1] 215
[1] FALSE
  0%  25%  50%  75% 100% 
   1    1    1    1    1 
  0%  25%  50%  75% 100% 
   1    1    1    1    1 
[1] "HERE"
[1] "Current settings:"
[1] 1000
[1] 8
[1] 216
[1] FALSE
  0%  25%  50%  75% 100% 
   1    1    1    1    1 
  0%  25%  50%  75% 100% 
   1    1    1    1    1 
[1] "HERE"
[1] "Current settings:"
[1] 1000
[1] 8
[1] 217
[1] FALSE
  0%  25%  50%  75% 100% 
   1    1    1    1    1 
  0%  25%  50%  75% 100% 
   1    1    1    1    1 
[1] "HERE"
[1] "Current settings:"
[1] 1000
[1] 8
[1] 218
[1] FALSE
  0%  25%  50%  75% 100% 
   1    1    1    1    1 
  0%  25%  50%  75% 100% 
   1    1    1    1    1 
[1] "HERE"
[1] "Current settings:"
[1] 1000
[1] 8
[1] 219
[1] FALSE
  0%  25%  50%  75% 100% 
   1    1    1    1    1 
  0%  25%  50%  75% 100% 
   1    1    1    1    1 
[1] "HERE"
[1] "Current settings:"
[1] 1000
[1] 8
[1] 220
[1] FALSE
  0%  25%  50%  75% 100% 
   1    1    1    1    1 
  0%  25%  50%  75% 100% 
   1    1    1    1    1 
[1] "HERE"
[1] "Current settings:"
[1] 1000
[1] 8
[1] 221
[1] FALSE
  0%  25%  50%  75% 100% 
   1    1    1    1    1 
  0%  25%  50%  75% 100% 
   1    1    1    1    1 
[1] "HERE"
[1] "Current settings:"
[1] 1000
[1] 8
[1] 222
[1] FALSE
  0%  25%  50%  75% 100% 
   1    1    1    1    1 
  0%  25%  50%  75% 100% 
   1    1    1    1    1 
[1] "HERE"
[1] "Current settings:"
[1] 1000
[1] 8
[1] 223
[1] FALSE
  0%  25%  50%  75% 100% 
   1    1    1    1    1 
  0%  25%  50%  75% 100% 
   1    1    1    1    1 
[1] "HERE"
[1] "Current settings:"
[1] 1000
[1] 8
[1] 224
[1] FALSE
  0%  25%  50%  75% 100% 
   1    1    1    1    1 
  0%  25%  50%  75% 100% 
   1    1    1    1    1 
[1] "HERE"
[1] "Current settings:"
[1] 1000
[1] 8
[1] 225
[1] FALSE
  0%  25%  50%  75% 100% 
   1    1    1    1    1 
  0%  25%  50%  75% 100% 
   1    1    1    1    1 
[1] "HERE"
[1] "Current settings:"
[1] 1000
[1] 8
[1] 226
[1] FALSE
  0%  25%  50%  75% 100% 
   1    1    1    1    1 
  0%  25%  50%  75% 100% 
   1    1    1    1    1 
[1] "HERE"
[1] "Current settings:"
[1] 1000
[1] 8
[1] 227
[1] FALSE
  0%  25%  50%  75% 100% 
   1    1    1    1    1 
  0%  25%  50%  75% 100% 
   1    1    1    1    1 
[1] "HERE"
[1] "Current settings:"
[1] 1000
[1] 8
[1] 228
[1] FALSE
  0%  25%  50%  75% 100% 
   1    1    1    1    1 
  0%  25%  50%  75% 100% 
   1    1    1    1    1 
[1] "HERE"
[1] "Current settings:"
[1] 1000
[1] 8
[1] 229
[1] FALSE
  0%  25%  50%  75% 100% 
   1    1    1    1    1 
  0%  25%  50%  75% 100% 
   1    1    1    1    1 
[1] "HERE"
[1] "Current settings:"
[1] 1000
[1] 8
[1] 230
[1] FALSE
  0%  25%  50%  75% 100% 
   1    1    1    1    1 
  0%  25%  50%  75% 100% 
   1    1    1    1    1 
[1] "HERE"
[1] "Current settings:"
[1] 1000
[1] 8
[1] 231
[1] FALSE
  0%  25%  50%  75% 100% 
   1    1    1    1    1 
  0%  25%  50%  75% 100% 
   1    1    1    1    1 
[1] "HERE"
[1] "Current settings:"
[1] 1000
[1] 8
[1] 232
[1] FALSE
  0%  25%  50%  75% 100% 
   1    1    1    1    1 
  0%  25%  50%  75% 100% 
   1    1    1    1    1 
[1] "HERE"
[1] "Current settings:"
[1] 1000
[1] 8
[1] 233
[1] FALSE
  0%  25%  50%  75% 100% 
   1    1    1    1    1 
  0%  25%  50%  75% 100% 
   1    1    1    1    1 
[1] "Current settings:"
[1] 1000
[1] 8
[1] 234
[1] FALSE
  0%  25%  50%  75% 100% 
   1    1    1    1    1 
  0%  25%  50%  75% 100% 
   1    1    1    1    1 
[1] "HERE"
[1] "Current settings:"
[1] 1000
[1] 8
[1] 235
[1] FALSE
  0%  25%  50%  75% 100% 
   1    1    1    1    1 
  0%  25%  50%  75% 100% 
   1    1    1    1    1 
[1] "HERE"
[1] "Current settings:"
[1] 1000
[1] 8
[1] 236
[1] FALSE
  0%  25%  50%  75% 100% 
   1    1    1    1    1 
  0%  25%  50%  75% 100% 
   1    1    1    1    1 
[1] "HERE"
[1] "Current settings:"
[1] 1000
[1] 8
[1] 237
[1] FALSE
  0%  25%  50%  75% 100% 
   1    1    1    1    1 
  0%  25%  50%  75% 100% 
   1    1    1    1    1 
[1] "HERE"
[1] "Current settings:"
[1] 1000
[1] 8
[1] 238
[1] FALSE
  0%  25%  50%  75% 100% 
   1    1    1    1    1 
  0%  25%  50%  75% 100% 
   1    1    1    1    1 
[1] "HERE"
[1] "Current settings:"
[1] 1000
[1] 8
[1] 239
[1] FALSE
  0%  25%  50%  75% 100% 
   1    1    1    1    1 
  0%  25%  50%  75% 100% 
   1    1    1    1    1 
[1] "HERE"
[1] "Current settings:"
[1] 1000
[1] 8
[1] 240
[1] FALSE
  0%  25%  50%  75% 100% 
   1    1    1    1    1 
  0%  25%  50%  75% 100% 
   1    1    1    1    1 
[1] "HERE"
[1] "Current settings:"
[1] 1000
[1] 8
[1] 241
[1] FALSE
  0%  25%  50%  75% 100% 
   1    1    1    1    1 
  0%  25%  50%  75% 100% 
   1    1    1    1    1 
[1] "HERE"
[1] "Current settings:"
[1] 1000
[1] 8
[1] 242
[1] FALSE
  0%  25%  50%  75% 100% 
   1    1    1    1    1 
  0%  25%  50%  75% 100% 
   1    1    1    1    1 
[1] "HERE"
[1] "Current settings:"
[1] 1000
[1] 8
[1] 243
[1] FALSE
  0%  25%  50%  75% 100% 
   1    1    1    1    1 
  0%  25%  50%  75% 100% 
   1    1    1    1    1 
[1] "HERE"
[1] "Current settings:"
[1] 1000
[1] 8
[1] 244
[1] FALSE
  0%  25%  50%  75% 100% 
   1    1    1    1    1 
  0%  25%  50%  75% 100% 
   1    1    1    1    1 
[1] "HERE"
[1] "Current settings:"
[1] 1000
[1] 8
[1] 245
[1] FALSE
  0%  25%  50%  75% 100% 
   1    1    1    1    1 
  0%  25%  50%  75% 100% 
   1    1    1    1    1 
[1] "HERE"
[1] "Current settings:"
[1] 1000
[1] 8
[1] 246
[1] FALSE
  0%  25%  50%  75% 100% 
   1    1    1    1    1 
  0%  25%  50%  75% 100% 
   1    1    1    1    1 
[1] "HERE"
[1] "Current settings:"
[1] 1000
[1] 8
[1] 247
[1] FALSE
  0%  25%  50%  75% 100% 
   1    1    1    1    1 
  0%  25%  50%  75% 100% 
   1    1    1    1    1 
[1] "HERE"
[1] "Current settings:"
[1] 1000
[1] 8
[1] 248
[1] FALSE
  0%  25%  50%  75% 100% 
   1    1    1    1    1 
  0%  25%  50%  75% 100% 
   1    1    1    1    1 
[1] "HERE"
[1] "Current settings:"
[1] 1000
[1] 8
[1] 249
[1] FALSE
  0%  25%  50%  75% 100% 
   1    1    1    1    1 
  0%  25%  50%  75% 100% 
   1    1    1    1    1 
[1] "HERE"
[1] "Current settings:"
[1] 1000
[1] 8
[1] 250
[1] FALSE
  0%  25%  50%  75% 100% 
   1    1    1    1    1 
  0%  25%  50%  75% 100% 
   1    1    1    1    1 
[1] "HERE"
[1] "Current settings:"
[1] 1000
[1] 8
[1] 251
[1] FALSE
  0%  25%  50%  75% 100% 
   1    1    1    1    1 
  0%  25%  50%  75% 100% 
   1    1    1    1    1 
[1] "HERE"
[1] "Current settings:"
[1] 1000
[1] 8
[1] 252
[1] FALSE
  0%  25%  50%  75% 100% 
   1    1    1    1    1 
  0%  25%  50%  75% 100% 
   1    1    1    1    1 
[1] "HERE"
[1] "Current settings:"
[1] 1000
[1] 8
[1] 253
[1] FALSE
  0%  25%  50%  75% 100% 
   1    1    1    1    1 
  0%  25%  50%  75% 100% 
   1    1    1    1    1 
[1] "HERE"
[1] "Current settings:"
[1] 1000
[1] 8
[1] 254
[1] FALSE
  0%  25%  50%  75% 100% 
   1    1    1    1    1 
  0%  25%  50%  75% 100% 
   1    1    1    1    1 
[1] "HERE"
[1] "Current settings:"
[1] 1000
[1] 8
[1] 255
[1] FALSE
  0%  25%  50%  75% 100% 
   1    1    1    1    1 
  0%  25%  50%  75% 100% 
   1    1    1    1    1 
[1] "HERE"
[1] "Current settings:"
[1] 1000
[1] 8
[1] 256
[1] FALSE
  0%  25%  50%  75% 100% 
   1    1    1    1    1 
  0%  25%  50%  75% 100% 
   1    1    1    1    1 
[1] "HERE"
[1] "Current settings:"
[1] 1000
[1] 8
[1] 257
[1] FALSE
  0%  25%  50%  75% 100% 
   1    1    1    1    1 
  0%  25%  50%  75% 100% 
   1    1    1    1    1 
[1] "HERE"
[1] "Current settings:"
[1] 1000
[1] 8
[1] 258
[1] FALSE
  0%  25%  50%  75% 100% 
   1    1    1    1    1 
  0%  25%  50%  75% 100% 
   1    1    1    1    1 
[1] "HERE"
[1] "Current settings:"
[1] 1000
[1] 8
[1] 259
[1] FALSE
  0%  25%  50%  75% 100% 
   1    1    1    1    1 
  0%  25%  50%  75% 100% 
   1    1    1    1    1 
[1] "HERE"
[1] "Current settings:"
[1] 1000
[1] 8
[1] 260
[1] FALSE
  0%  25%  50%  75% 100% 
   1    1    1    1    1 
  0%  25%  50%  75% 100% 
   1    1    1    1    1 
[1] "HERE"
[1] "Current settings:"
[1] 1000
[1] 8
[1] 261
[1] FALSE
  0%  25%  50%  75% 100% 
   1    1    1    1    1 
  0%  25%  50%  75% 100% 
   1    1    1    1    1 
[1] "HERE"
[1] "Current settings:"
[1] 1000
[1] 8
[1] 262
[1] FALSE
  0%  25%  50%  75% 100% 
   1    1    1    1    1 
  0%  25%  50%  75% 100% 
   1    1    1    1    1 
[1] "HERE"
[1] "Current settings:"
[1] 1000
[1] 8
[1] 263
[1] FALSE
  0%  25%  50%  75% 100% 
   1    1    1    1    1 
  0%  25%  50%  75% 100% 
   1    1    1    1    1 
[1] "HERE"
[1] "Current settings:"
[1] 1000
[1] 8
[1] 264
[1] FALSE
  0%  25%  50%  75% 100% 
   1    1    1    1    1 
  0%  25%  50%  75% 100% 
   1    1    1    1    1 
[1] "HERE"
[1] "Current settings:"
[1] 1000
[1] 8
[1] 265
[1] FALSE
  0%  25%  50%  75% 100% 
   1    1    1    1    1 
  0%  25%  50%  75% 100% 
   1    1    1    1    1 
[1] "HERE"
[1] "Current settings:"
[1] 1000
[1] 8
[1] 266
[1] FALSE
  0%  25%  50%  75% 100% 
   1    1    1    1    1 
  0%  25%  50%  75% 100% 
   1    1    1    1    1 
[1] "HERE"
[1] "Current settings:"
[1] 1000
[1] 8
[1] 267
[1] FALSE
  0%  25%  50%  75% 100% 
   1    1    1    1    1 
  0%  25%  50%  75% 100% 
   1    1    1    1    1 
[1] "HERE"
[1] "Current settings:"
[1] 1000
[1] 8
[1] 268
[1] FALSE
  0%  25%  50%  75% 100% 
   1    1    1    1    1 
  0%  25%  50%  75% 100% 
   1    1    1    1    1 
[1] "HERE"
[1] "Current settings:"
[1] 1000
[1] 8
[1] 269
[1] FALSE
  0%  25%  50%  75% 100% 
   1    1    1    1    1 
  0%  25%  50%  75% 100% 
   1    1    1    1    1 
[1] "HERE"
[1] "Current settings:"
[1] 1000
[1] 8
[1] 270
[1] FALSE
  0%  25%  50%  75% 100% 
   1    1    1    1    1 
  0%  25%  50%  75% 100% 
   1    1    1    1    1 
[1] "HERE"
[1] "Current settings:"
[1] 1000
[1] 8
[1] 271
[1] FALSE
  0%  25%  50%  75% 100% 
   1    1    1    1    1 
  0%  25%  50%  75% 100% 
   1    1    1    1    1 
[1] "HERE"
[1] "Current settings:"
[1] 1000
[1] 8
[1] 272
[1] FALSE
  0%  25%  50%  75% 100% 
   1    1    1    1    1 
  0%  25%  50%  75% 100% 
   1    1    1    1    1 
[1] "HERE"
[1] "Current settings:"
[1] 1000
[1] 8
[1] 273
[1] FALSE
  0%  25%  50%  75% 100% 
   1    1    1    1    1 
  0%  25%  50%  75% 100% 
   1    1    1    1    1 
[1] "HERE"
[1] "Current settings:"
[1] 1000
[1] 8
[1] 274
[1] FALSE
  0%  25%  50%  75% 100% 
   1    1    1    1    1 
  0%  25%  50%  75% 100% 
   1    1    1    1    1 
[1] "HERE"
[1] "Current settings:"
[1] 1000
[1] 8
[1] 275
[1] FALSE
  0%  25%  50%  75% 100% 
   1    1    1    1    1 
  0%  25%  50%  75% 100% 
   1    1    1    1    1 
[1] "HERE"
[1] "Current settings:"
[1] 1000
[1] 8
[1] 276
[1] FALSE
  0%  25%  50%  75% 100% 
   1    1    1    1    1 
  0%  25%  50%  75% 100% 
   1    1    1    1    1 
[1] "HERE"
[1] "Current settings:"
[1] 1000
[1] 8
[1] 277
[1] FALSE
  0%  25%  50%  75% 100% 
   1    1    1    1    1 
  0%  25%  50%  75% 100% 
   1    1    1    1    1 
[1] "HERE"
[1] "Current settings:"
[1] 1000
[1] 8
[1] 278
[1] FALSE
  0%  25%  50%  75% 100% 
   1    1    1    1    1 
  0%  25%  50%  75% 100% 
   1    1    1    1    1 
[1] "HERE"
[1] "Current settings:"
[1] 1000
[1] 8
[1] 279
[1] FALSE
  0%  25%  50%  75% 100% 
   1    1    1    1    1 
  0%  25%  50%  75% 100% 
   1    1    1    1    1 
[1] "HERE"
[1] "Current settings:"
[1] 1000
[1] 8
[1] 280
[1] FALSE
  0%  25%  50%  75% 100% 
   1    1    1    1    1 
  0%  25%  50%  75% 100% 
   1    1    1    1    1 
[1] "HERE"
[1] "Current settings:"
[1] 1000
[1] 8
[1] 281
[1] FALSE
  0%  25%  50%  75% 100% 
   1    1    1    1    1 
  0%  25%  50%  75% 100% 
   1    1    1    1    1 
[1] "HERE"
[1] "Current settings:"
[1] 1000
[1] 8
[1] 282
[1] FALSE
  0%  25%  50%  75% 100% 
   1    1    1    1    1 
  0%  25%  50%  75% 100% 
   1    1    1    1    1 
[1] "HERE"
[1] "Current settings:"
[1] 1000
[1] 8
[1] 283
[1] FALSE
  0%  25%  50%  75% 100% 
   1    1    1    1    1 
  0%  25%  50%  75% 100% 
   1    1    1    1    1 
[1] "HERE"
[1] "Current settings:"
[1] 1000
[1] 8
[1] 284
[1] FALSE
  0%  25%  50%  75% 100% 
   1    1    1    1    1 
  0%  25%  50%  75% 100% 
   1    1    1    1    1 
[1] "HERE"
[1] "Current settings:"
[1] 1000
[1] 8
[1] 285
[1] FALSE
  0%  25%  50%  75% 100% 
   1    1    1    1    1 
  0%  25%  50%  75% 100% 
   1    1    1    1    1 
[1] "HERE"
[1] "Current settings:"
[1] 1000
[1] 8
[1] 286
[1] FALSE
  0%  25%  50%  75% 100% 
   1    1    1    1    1 
  0%  25%  50%  75% 100% 
   1    1    1    1    1 
[1] "HERE"
[1] "Current settings:"
[1] 1000
[1] 8
[1] 287
[1] FALSE
  0%  25%  50%  75% 100% 
   1    1    1    1    1 
  0%  25%  50%  75% 100% 
   1    1    1    1    1 
[1] "HERE"
[1] "Current settings:"
[1] 1000
[1] 8
[1] 288
[1] FALSE
  0%  25%  50%  75% 100% 
   1    1    1    1    1 
  0%  25%  50%  75% 100% 
   1    1    1    1    1 
[1] "HERE"
[1] "Current settings:"
[1] 1000
[1] 8
[1] 289
[1] FALSE
  0%  25%  50%  75% 100% 
   1    1    1    1    1 
  0%  25%  50%  75% 100% 
   1    1    1    1    1 
[1] "Current settings:"
[1] 1000
[1] 8
[1] 290
[1] FALSE
  0%  25%  50%  75% 100% 
   1    1    1    1    1 
  0%  25%  50%  75% 100% 
   1    1    1    1    1 
[1] "HERE"
[1] "Current settings:"
[1] 1000
[1] 8
[1] 291
[1] FALSE
  0%  25%  50%  75% 100% 
   1    1    1    1    1 
  0%  25%  50%  75% 100% 
   1    1    1    1    1 
[1] "HERE"
[1] "Current settings:"
[1] 1000
[1] 8
[1] 292
[1] FALSE
  0%  25%  50%  75% 100% 
   1    1    1    1    1 
  0%  25%  50%  75% 100% 
   1    1    1    1    1 
[1] "HERE"
[1] "Current settings:"
[1] 1000
[1] 8
[1] 293
[1] FALSE
  0%  25%  50%  75% 100% 
   1    1    1    1    1 
  0%  25%  50%  75% 100% 
   1    1    1    1    1 
[1] "HERE"
[1] "Current settings:"
[1] 1000
[1] 8
[1] 294
[1] FALSE
  0%  25%  50%  75% 100% 
   1    1    1    1    1 
  0%  25%  50%  75% 100% 
   1    1    1    1    1 
[1] "HERE"
[1] "Current settings:"
[1] 1000
[1] 8
[1] 295
[1] FALSE
  0%  25%  50%  75% 100% 
   1    1    1    1    1 
  0%  25%  50%  75% 100% 
   1    1    1    1    1 
[1] "HERE"
[1] "Current settings:"
[1] 1000
[1] 8
[1] 296
[1] FALSE
  0%  25%  50%  75% 100% 
   1    1    1    1    1 
  0%  25%  50%  75% 100% 
   1    1    1    1    1 
[1] "HERE"
[1] "Current settings:"
[1] 1000
[1] 8
[1] 297
[1] FALSE
  0%  25%  50%  75% 100% 
   1    1    1    1    1 
  0%  25%  50%  75% 100% 
   1    1    1    1    1 
[1] "HERE"
[1] "Current settings:"
[1] 1000
[1] 8
[1] 298
[1] FALSE
  0%  25%  50%  75% 100% 
   1    1    1    1    1 
  0%  25%  50%  75% 100% 
   1    1    1    1    1 
[1] "HERE"
[1] "Current settings:"
[1] 1000
[1] 8
[1] 299
[1] FALSE
  0%  25%  50%  75% 100% 
   1    1    1    1    1 
  0%  25%  50%  75% 100% 
   1    1    1    1    1 
[1] "HERE"
[1] "Current settings:"
[1] 1000
[1] 8
[1] 300
[1] FALSE
  0%  25%  50%  75% 100% 
   1    1    1    1    1 
  0%  25%  50%  75% 100% 
   1    1    1    1    1 
[1] "HERE"
[1] "Current settings:"
[1] 1000
[1] 8
[1] 301
[1] FALSE
  0%  25%  50%  75% 100% 
   1    1    1    1    1 
  0%  25%  50%  75% 100% 
   1    1    1    1    1 
[1] "HERE"
[1] "Current settings:"
[1] 1000
[1] 8
[1] 302
[1] FALSE
  0%  25%  50%  75% 100% 
   1    1    1    1    1 
  0%  25%  50%  75% 100% 
   1    1    1    1    1 
[1] "HERE"
[1] "Current settings:"
[1] 1000
[1] 8
[1] 303
[1] FALSE
  0%  25%  50%  75% 100% 
   1    1    1    1    1 
  0%  25%  50%  75% 100% 
   1    1    1    1    1 
[1] "HERE"
[1] "Current settings:"
[1] 1000
[1] 8
[1] 304
[1] FALSE
  0%  25%  50%  75% 100% 
   1    1    1    1    1 
  0%  25%  50%  75% 100% 
   1    1    1    1    1 
[1] "HERE"
[1] "Current settings:"
[1] 1000
[1] 8
[1] 305
[1] FALSE
  0%  25%  50%  75% 100% 
   1    1    1    1    1 
  0%  25%  50%  75% 100% 
   1    1    1    1    1 
[1] "HERE"
[1] "Current settings:"
[1] 1000
[1] 8
[1] 306
[1] FALSE
  0%  25%  50%  75% 100% 
   1    1    1    1    1 
  0%  25%  50%  75% 100% 
   1    1    1    1    1 
[1] "HERE"
[1] "Current settings:"
[1] 1000
[1] 8
[1] 307
[1] FALSE
  0%  25%  50%  75% 100% 
   1    1    1    1    1 
  0%  25%  50%  75% 100% 
   1    1    1    1    1 
[1] "HERE"
[1] "Current settings:"
[1] 1000
[1] 8
[1] 308
[1] FALSE
  0%  25%  50%  75% 100% 
   1    1    1    1    1 
  0%  25%  50%  75% 100% 
   1    1    1    1    1 
[1] "HERE"
[1] "Current settings:"
[1] 1000
[1] 8
[1] 309
[1] FALSE
  0%  25%  50%  75% 100% 
   1    1    1    1    1 
  0%  25%  50%  75% 100% 
   1    1    1    1    1 
[1] "HERE"
[1] "Current settings:"
[1] 1000
[1] 8
[1] 310
[1] FALSE
  0%  25%  50%  75% 100% 
   1    1    1    1    1 
  0%  25%  50%  75% 100% 
   1    1    1    1    1 
[1] "HERE"
[1] "Current settings:"
[1] 1000
[1] 8
[1] 311
[1] FALSE
  0%  25%  50%  75% 100% 
   1    1    1    1    1 
  0%  25%  50%  75% 100% 
   1    1    1    1    1 
[1] "HERE"
[1] "Current settings:"
[1] 1000
[1] 8
[1] 312
[1] FALSE
  0%  25%  50%  75% 100% 
   1    1    1    1    1 
  0%  25%  50%  75% 100% 
   1    1    1    1    1 
[1] "HERE"
[1] "Current settings:"
[1] 1000
[1] 8
[1] 313
[1] FALSE
  0%  25%  50%  75% 100% 
   1    1    1    1    1 
  0%  25%  50%  75% 100% 
   1    1    1    1    1 
[1] "HERE"
[1] "Current settings:"
[1] 1000
[1] 8
[1] 314
[1] FALSE
  0%  25%  50%  75% 100% 
   1    1    1    1    1 
  0%  25%  50%  75% 100% 
   1    1    1    1    1 
[1] "Current settings:"
[1] 1000
[1] 8
[1] 315
[1] FALSE
  0%  25%  50%  75% 100% 
   1    1    1    1    1 
  0%  25%  50%  75% 100% 
   1    1    1    1    1 
[1] "HERE"
[1] "Current settings:"
[1] 1000
[1] 8
[1] 316
[1] FALSE
  0%  25%  50%  75% 100% 
   1    1    1    1    1 
  0%  25%  50%  75% 100% 
   1    1    1    1    1 
[1] "HERE"
[1] "Current settings:"
[1] 1000
[1] 8
[1] 317
[1] FALSE
  0%  25%  50%  75% 100% 
   1    1    1    1    1 
  0%  25%  50%  75% 100% 
   1    1    1    1    1 
[1] "HERE"
[1] "Current settings:"
[1] 1000
[1] 8
[1] 318
[1] FALSE
  0%  25%  50%  75% 100% 
   1    1    1    1    1 
  0%  25%  50%  75% 100% 
   1    1    1    1    1 
[1] "HERE"
[1] "Current settings:"
[1] 1000
[1] 8
[1] 319
[1] FALSE
  0%  25%  50%  75% 100% 
   1    1    1    1    1 
  0%  25%  50%  75% 100% 
   1    1    1    1    1 
[1] "HERE"
[1] "Current settings:"
[1] 1000
[1] 8
[1] 320
[1] FALSE
  0%  25%  50%  75% 100% 
   1    1    1    1    1 
  0%  25%  50%  75% 100% 
   1    1    1    1    1 
[1] "HERE"
[1] "Current settings:"
[1] 1000
[1] 8
[1] 321
[1] FALSE
  0%  25%  50%  75% 100% 
   1    1    1    1    1 
  0%  25%  50%  75% 100% 
   1    1    1    1    1 
[1] "HERE"
[1] "Current settings:"
[1] 1000
[1] 8
[1] 322
[1] FALSE
  0%  25%  50%  75% 100% 
   1    1    1    1    1 
  0%  25%  50%  75% 100% 
   1    1    1    1    1 
[1] "HERE"
[1] "Current settings:"
[1] 1000
[1] 8
[1] 323
[1] FALSE
  0%  25%  50%  75% 100% 
   1    1    1    1    1 
  0%  25%  50%  75% 100% 
   1    1    1    1    1 
[1] "HERE"
[1] "Current settings:"
[1] 1000
[1] 8
[1] 324
[1] FALSE
  0%  25%  50%  75% 100% 
   1    1    1    1    1 
  0%  25%  50%  75% 100% 
   1    1    1    1    1 
[1] "HERE"
[1] "Current settings:"
[1] 1000
[1] 8
[1] 325
[1] FALSE
  0%  25%  50%  75% 100% 
   1    1    1    1    1 
  0%  25%  50%  75% 100% 
   1    1    1    1    1 
[1] "HERE"
[1] "Current settings:"
[1] 1000
[1] 8
[1] 326
[1] FALSE
  0%  25%  50%  75% 100% 
   1    1    1    1    1 
  0%  25%  50%  75% 100% 
   1    1    1    1    1 
[1] "HERE"
[1] "Current settings:"
[1] 1000
[1] 8
[1] 327
[1] FALSE
  0%  25%  50%  75% 100% 
   1    1    1    1    1 
  0%  25%  50%  75% 100% 
   1    1    1    1    1 
[1] "HERE"
[1] "Current settings:"
[1] 1000
[1] 8
[1] 328
[1] FALSE
  0%  25%  50%  75% 100% 
   1    1    1    1    1 
  0%  25%  50%  75% 100% 
   1    1    1    1    1 
[1] "HERE"
[1] "Current settings:"
[1] 1000
[1] 8
[1] 329
[1] FALSE
  0%  25%  50%  75% 100% 
   1    1    1    1    1 
  0%  25%  50%  75% 100% 
   1    1    1    1    1 
[1] "HERE"
[1] "Current settings:"
[1] 1000
[1] 8
[1] 330
[1] FALSE
  0%  25%  50%  75% 100% 
   1    1    1    1    1 
  0%  25%  50%  75% 100% 
   1    1    1    1    1 
[1] "HERE"
[1] "Current settings:"
[1] 1000
[1] 8
[1] 331
[1] FALSE
  0%  25%  50%  75% 100% 
   1    1    1    1    1 
  0%  25%  50%  75% 100% 
   1    1    1    1    1 
[1] "HERE"
[1] "Current settings:"
[1] 1000
[1] 8
[1] 332
[1] FALSE
  0%  25%  50%  75% 100% 
   1    1    1    1    1 
  0%  25%  50%  75% 100% 
   1    1    1    1    1 
[1] "HERE"
[1] "Current settings:"
[1] 1000
[1] 8
[1] 333
[1] FALSE
  0%  25%  50%  75% 100% 
   1    1    1    1    1 
  0%  25%  50%  75% 100% 
   1    1    1    1    1 
[1] "HERE"
[1] "Current settings:"
[1] 1000
[1] 8
[1] 334
[1] FALSE
  0%  25%  50%  75% 100% 
   1    1    1    1    1 
  0%  25%  50%  75% 100% 
   1    1    1    1    1 
[1] "HERE"
[1] "Current settings:"
[1] 1000
[1] 8
[1] 335
[1] FALSE
  0%  25%  50%  75% 100% 
   1    1    1    1    1 
  0%  25%  50%  75% 100% 
   1    1    1    1    1 
[1] "HERE"
[1] "Current settings:"
[1] 1000
[1] 8
[1] 336
[1] FALSE
  0%  25%  50%  75% 100% 
   1    1    1    1    1 
  0%  25%  50%  75% 100% 
   1    1    1    1    1 
[1] "HERE"
[1] "Current settings:"
[1] 1000
[1] 8
[1] 337
[1] FALSE
  0%  25%  50%  75% 100% 
   1    1    1    1    1 
  0%  25%  50%  75% 100% 
   1    1    1    1    1 
[1] "HERE"
[1] "Current settings:"
[1] 1000
[1] 8
[1] 338
[1] FALSE
  0%  25%  50%  75% 100% 
   1    1    1    1    1 
  0%  25%  50%  75% 100% 
   1    1    1    1    1 
[1] "HERE"
[1] "Current settings:"
[1] 1000
[1] 8
[1] 339
[1] FALSE
  0%  25%  50%  75% 100% 
   1    1    1    1    1 
  0%  25%  50%  75% 100% 
   1    1    1    1    1 
[1] "HERE"
[1] "Current settings:"
[1] 1000
[1] 8
[1] 340
[1] FALSE
  0%  25%  50%  75% 100% 
   1    1    1    1    1 
  0%  25%  50%  75% 100% 
   1    1    1    1    1 
[1] "HERE"
[1] "Current settings:"
[1] 1000
[1] 8
[1] 341
[1] FALSE
  0%  25%  50%  75% 100% 
   1    1    1    1    1 
  0%  25%  50%  75% 100% 
   1    1    1    1    1 
[1] "HERE"
[1] "Current settings:"
[1] 1000
[1] 8
[1] 342
[1] FALSE
  0%  25%  50%  75% 100% 
   1    1    1    1    1 
  0%  25%  50%  75% 100% 
   1    1    1    1    1 
[1] "HERE"
[1] "Current settings:"
[1] 1000
[1] 8
[1] 343
[1] FALSE
  0%  25%  50%  75% 100% 
   1    1    1    1    1 
  0%  25%  50%  75% 100% 
   1    1    1    1    1 
[1] "HERE"
[1] "Current settings:"
[1] 1000
[1] 8
[1] 344
[1] FALSE
  0%  25%  50%  75% 100% 
   1    1    1    1    1 
  0%  25%  50%  75% 100% 
   1    1    1    1    1 
[1] "HERE"
[1] "Current settings:"
[1] 1000
[1] 8
[1] 345
[1] FALSE
  0%  25%  50%  75% 100% 
   1    1    1    1    1 
  0%  25%  50%  75% 100% 
   1    1    1    1    1 
[1] "HERE"
[1] "Current settings:"
[1] 1000
[1] 8
[1] 346
[1] FALSE
  0%  25%  50%  75% 100% 
   1    1    1    1    1 
  0%  25%  50%  75% 100% 
   1    1    1    1    1 
[1] "HERE"
[1] "Current settings:"
[1] 1000
[1] 8
[1] 347
[1] FALSE
  0%  25%  50%  75% 100% 
   1    1    1    1    1 
  0%  25%  50%  75% 100% 
   1    1    1    1    1 
[1] "HERE"
[1] "Current settings:"
[1] 1000
[1] 8
[1] 348
[1] FALSE
  0%  25%  50%  75% 100% 
   1    1    1    1    1 
  0%  25%  50%  75% 100% 
   1    1    1    1    1 
[1] "HERE"
[1] "Current settings:"
[1] 1000
[1] 8
[1] 349
[1] FALSE
  0%  25%  50%  75% 100% 
   1    1    1    1    1 
  0%  25%  50%  75% 100% 
   1    1    1    1    1 
[1] "HERE"
[1] "Current settings:"
[1] 1000
[1] 8
[1] 350
[1] FALSE
  0%  25%  50%  75% 100% 
   1    1    1    1    1 
  0%  25%  50%  75% 100% 
   1    1    1    1    1 
[1] "HERE"
[1] "Current settings:"
[1] 1000
[1] 8
[1] 351
[1] FALSE
  0%  25%  50%  75% 100% 
   1    1    1    1    1 
  0%  25%  50%  75% 100% 
   1    1    1    1    1 
[1] "HERE"
[1] "Current settings:"
[1] 1000
[1] 8
[1] 352
[1] FALSE
  0%  25%  50%  75% 100% 
   1    1    1    1    1 
  0%  25%  50%  75% 100% 
   1    1    1    1    1 
[1] "HERE"
[1] "Current settings:"
[1] 1000
[1] 8
[1] 353
[1] FALSE
  0%  25%  50%  75% 100% 
   1    1    1    1    1 
  0%  25%  50%  75% 100% 
   1    1    1    1    1 
[1] "HERE"
[1] "Current settings:"
[1] 1000
[1] 8
[1] 354
[1] FALSE
  0%  25%  50%  75% 100% 
   1    1    1    1    1 
  0%  25%  50%  75% 100% 
   1    1    1    1    1 
[1] "HERE"
[1] "Current settings:"
[1] 1000
[1] 8
[1] 355
[1] FALSE
  0%  25%  50%  75% 100% 
   1    1    1    1    1 
  0%  25%  50%  75% 100% 
   1    1    1    1    1 
[1] "HERE"
[1] "Current settings:"
[1] 1000
[1] 8
[1] 356
[1] FALSE
  0%  25%  50%  75% 100% 
   1    1    1    1    1 
  0%  25%  50%  75% 100% 
   1    1    1    1    1 
[1] "HERE"
[1] "Current settings:"
[1] 1000
[1] 8
[1] 357
[1] FALSE
  0%  25%  50%  75% 100% 
   1    1    1    1    1 
  0%  25%  50%  75% 100% 
   1    1    1    1    1 
[1] "HERE"
[1] "Current settings:"
[1] 1000
[1] 8
[1] 358
[1] FALSE
  0%  25%  50%  75% 100% 
   1    1    1    1    1 
  0%  25%  50%  75% 100% 
   1    1    1    1    1 
[1] "HERE"
[1] "Current settings:"
[1] 1000
[1] 8
[1] 359
[1] FALSE
  0%  25%  50%  75% 100% 
   1    1    1    1    1 
  0%  25%  50%  75% 100% 
   1    1    1    1    1 
[1] "HERE"
[1] "Current settings:"
[1] 1000
[1] 8
[1] 360
[1] FALSE
  0%  25%  50%  75% 100% 
   1    1    1    1    1 
  0%  25%  50%  75% 100% 
   1    1    1    1    1 
[1] "HERE"
[1] "Current settings:"
[1] 1000
[1] 8
[1] 361
[1] FALSE
  0%  25%  50%  75% 100% 
   1    1    1    1    1 
  0%  25%  50%  75% 100% 
   1    1    1    1    1 
[1] "HERE"
[1] "Current settings:"
[1] 1000
[1] 8
[1] 362
[1] FALSE
  0%  25%  50%  75% 100% 
   1    1    1    1    1 
  0%  25%  50%  75% 100% 
   1    1    1    1    1 
[1] "HERE"
[1] "Current settings:"
[1] 1000
[1] 8
[1] 363
[1] FALSE
  0%  25%  50%  75% 100% 
   1    1    1    1    1 
  0%  25%  50%  75% 100% 
   1    1    1    1    1 
[1] "HERE"
[1] "Current settings:"
[1] 1000
[1] 8
[1] 364
[1] FALSE
  0%  25%  50%  75% 100% 
   1    1    1    1    1 
  0%  25%  50%  75% 100% 
   1    1    1    1    1 
[1] "HERE"
[1] "Current settings:"
[1] 1000
[1] 8
[1] 365
[1] FALSE
  0%  25%  50%  75% 100% 
   1    1    1    1    1 
  0%  25%  50%  75% 100% 
   1    1    1    1    1 
[1] "HERE"
[1] "Current settings:"
[1] 1000
[1] 8
[1] 366
[1] FALSE
  0%  25%  50%  75% 100% 
   1    1    1    1    1 
  0%  25%  50%  75% 100% 
   1    1    1    1    1 
[1] "HERE"
[1] "Current settings:"
[1] 1000
[1] 8
[1] 367
[1] FALSE
  0%  25%  50%  75% 100% 
   1    1    1    1    1 
  0%  25%  50%  75% 100% 
   1    1    1    1    1 
[1] "HERE"
[1] "Current settings:"
[1] 1000
[1] 8
[1] 368
[1] FALSE
  0%  25%  50%  75% 100% 
   1    1    1    1    1 
  0%  25%  50%  75% 100% 
   1    1    1    1    1 
[1] "HERE"
[1] "Current settings:"
[1] 1000
[1] 8
[1] 369
[1] FALSE
  0%  25%  50%  75% 100% 
   1    1    1    1    1 
  0%  25%  50%  75% 100% 
   1    1    1    1    1 
[1] "HERE"
[1] "Current settings:"
[1] 1000
[1] 8
[1] 370
[1] FALSE
  0%  25%  50%  75% 100% 
   1    1    1    1    1 
  0%  25%  50%  75% 100% 
   1    1    1    1    1 
[1] "HERE"
[1] "Current settings:"
[1] 1000
[1] 8
[1] 371
[1] FALSE
  0%  25%  50%  75% 100% 
   1    1    1    1    1 
  0%  25%  50%  75% 100% 
   1    1    1    1    1 
[1] "HERE"
[1] "Current settings:"
[1] 1000
[1] 8
[1] 372
[1] FALSE
  0%  25%  50%  75% 100% 
   1    1    1    1    1 
  0%  25%  50%  75% 100% 
   1    1    1    1    1 
[1] "HERE"
[1] "Current settings:"
[1] 1000
[1] 8
[1] 373
[1] FALSE
  0%  25%  50%  75% 100% 
   1    1    1    1    1 
  0%  25%  50%  75% 100% 
   1    1    1    1    1 
[1] "HERE"
[1] "Current settings:"
[1] 1000
[1] 8
[1] 374
[1] FALSE
  0%  25%  50%  75% 100% 
   1    1    1    1    1 
  0%  25%  50%  75% 100% 
   1    1    1    1    1 
[1] "HERE"
[1] "Current settings:"
[1] 1000
[1] 8
[1] 375
[1] FALSE
  0%  25%  50%  75% 100% 
   1    1    1    1    1 
  0%  25%  50%  75% 100% 
   1    1    1    1    1 
[1] "HERE"
[1] "Current settings:"
[1] 1000
[1] 8
[1] 376
[1] FALSE
  0%  25%  50%  75% 100% 
   1    1    1    1    1 
  0%  25%  50%  75% 100% 
   1    1    1    1    1 
[1] "HERE"
[1] "Current settings:"
[1] 1000
[1] 8
[1] 377
[1] FALSE
  0%  25%  50%  75% 100% 
   1    1    1    1    1 
  0%  25%  50%  75% 100% 
   1    1    1    1    1 
[1] "HERE"
[1] "Current settings:"
[1] 1000
[1] 8
[1] 378
[1] FALSE
  0%  25%  50%  75% 100% 
   1    1    1    1    1 
  0%  25%  50%  75% 100% 
   1    1    1    1    1 
[1] "HERE"
[1] "Current settings:"
[1] 1000
[1] 8
[1] 379
[1] FALSE
  0%  25%  50%  75% 100% 
   1    1    1    1    1 
  0%  25%  50%  75% 100% 
   1    1    1    1    1 
[1] "HERE"
[1] "Current settings:"
[1] 1000
[1] 8
[1] 380
[1] FALSE
  0%  25%  50%  75% 100% 
   1    1    1    1    1 
  0%  25%  50%  75% 100% 
   1    1    1    1    1 
[1] "HERE"
[1] "Current settings:"
[1] 1000
[1] 8
[1] 381
[1] FALSE
  0%  25%  50%  75% 100% 
   1    1    1    1    1 
  0%  25%  50%  75% 100% 
   1    1    1    1    1 
[1] "HERE"
[1] "Current settings:"
[1] 1000
[1] 8
[1] 382
[1] FALSE
  0%  25%  50%  75% 100% 
   1    1    1    1    1 
  0%  25%  50%  75% 100% 
   1    1    1    1    1 
[1] "HERE"
[1] "Current settings:"
[1] 1000
[1] 8
[1] 383
[1] FALSE
  0%  25%  50%  75% 100% 
   1    1    1    1    1 
  0%  25%  50%  75% 100% 
   1    1    1    1    1 
[1] "HERE"
[1] "Current settings:"
[1] 1000
[1] 8
[1] 384
[1] FALSE
  0%  25%  50%  75% 100% 
   1    1    1    1    1 
  0%  25%  50%  75% 100% 
   1    1    1    1    1 
[1] "Current settings:"
[1] 1000
[1] 8
[1] 385
[1] FALSE
  0%  25%  50%  75% 100% 
   1    1    1    1    1 
  0%  25%  50%  75% 100% 
   1    1    1    1    1 
[1] "HERE"
[1] "Current settings:"
[1] 1000
[1] 8
[1] 386
[1] FALSE
  0%  25%  50%  75% 100% 
   1    1    1    1    1 
  0%  25%  50%  75% 100% 
   1    1    1    1    1 
[1] "HERE"
[1] "Current settings:"
[1] 1000
[1] 8
[1] 387
[1] FALSE
  0%  25%  50%  75% 100% 
   1    1    1    1    1 
  0%  25%  50%  75% 100% 
   1    1    1    1    1 
[1] "HERE"
[1] "Current settings:"
[1] 1000
[1] 8
[1] 388
[1] FALSE
  0%  25%  50%  75% 100% 
   1    1    1    1    1 
  0%  25%  50%  75% 100% 
   1    1    1    1    1 
[1] "HERE"
[1] "Current settings:"
[1] 1000
[1] 8
[1] 389
[1] FALSE
  0%  25%  50%  75% 100% 
   1    1    1    1    1 
  0%  25%  50%  75% 100% 
   1    1    1    1    1 
[1] "HERE"
[1] "Current settings:"
[1] 1000
[1] 8
[1] 390
[1] FALSE
  0%  25%  50%  75% 100% 
   1    1    1    1    1 
  0%  25%  50%  75% 100% 
   1    1    1    1    1 
[1] "HERE"
[1] "Current settings:"
[1] 1000
[1] 8
[1] 391
[1] FALSE
  0%  25%  50%  75% 100% 
   1    1    1    1    1 
  0%  25%  50%  75% 100% 
   1    1    1    1    1 
[1] "HERE"
[1] "Current settings:"
[1] 1000
[1] 8
[1] 392
[1] FALSE
  0%  25%  50%  75% 100% 
   1    1    1    1    1 
  0%  25%  50%  75% 100% 
   1    1    1    1    1 
