LOADING R
R LOADED
[1] "/home/lvanderl/Rlibs2"                         
[2] "/app/software/R/4.2.2-foss-2021b/lib/R/library"
[1] "/home/lvanderl/sieveSims"
[1] "Iteration number: 1"
[1] "pos"
[1] 0.001616521 0.990740844
[1] "Fitting mu0 = E[Y|A=0,W]"
NULL
[1] "Fitting tau = E[Y|A=1,W] - E[Y|A=0,W]"
NULL
[1] 0.02974749
[1] 0.01802841
[1] 0.02974749
[1] -0.2109162  1.3418393
[1] "cutoff"
[1] 0.02289157
[1] 0.02289157 0.97710843
[1] "Fitting m = E[Y|W]"
[1] "Fitting pi = E[A|W]"
[1] "Fitting tau = E[Y|A=1,W] - E[Y|A=0,W]"
[1] 1.054885
NULL
[1] 0.02960896
[1] 0.01791879
(Intercept) 
 0.02960896 
[1] "Iteration number: 2"
[1] "pos"
[1] 0.00203775 0.99201470
[1] "Fitting mu0 = E[Y|A=0,W]"
NULL
[1] "Fitting tau = E[Y|A=1,W] - E[Y|A=0,W]"
NULL
[1] 0.02989253
[1] 0.01810621
[1] 0.02989253
[1] -0.2044321  1.3106949
[1] "cutoff"
[1] 0.02610443
[1] 0.02610443 0.97389557
[1] "Fitting m = E[Y|W]"
[1] "Fitting pi = E[A|W]"
[1] "Fitting tau = E[Y|A=1,W] - E[Y|A=0,W]"
[1] 1.012561
NULL
[1] 0.02988416
[1] 0.01831561
(Intercept) 
 0.02988416 
[1] "Iteration number: 3"
[1] "pos"
[1] 0.001771519 0.990320660
[1] "Fitting mu0 = E[Y|A=0,W]"
NULL
[1] "Fitting tau = E[Y|A=1,W] - E[Y|A=0,W]"
NULL
[1] 0.03064769
[1] 0.01837048
[1] 0.03064769
[1] -0.2324763  1.2687954
[1] "cutoff"
[1] 0.02530121
[1] 0.02530121 0.97469879
[1] "Fitting m = E[Y|W]"
[1] "Fitting pi = E[A|W]"
[1] "Fitting tau = E[Y|A=1,W] - E[Y|A=0,W]"
[1] 0.9748848
NULL
[1] 0.02962161
[1] 0.01865783
(Intercept) 
 0.02962161 
[1] "Iteration number: 4"
[1] "pos"
[1] 0.002032732 0.992227263
[1] "Fitting mu0 = E[Y|A=0,W]"
NULL
[1] "Fitting tau = E[Y|A=1,W] - E[Y|A=0,W]"
NULL
[1] 0.03003228
[1] 0.01866802
[1] 0.03003228
[1] -0.1889873  1.3402525
[1] "cutoff"
[1] 0.02771085
[1] 0.02771085 0.97228915
[1] "Fitting m = E[Y|W]"
[1] "Fitting pi = E[A|W]"
[1] "Fitting tau = E[Y|A=1,W] - E[Y|A=0,W]"
[1] 0.9921676
NULL
[1] 0.0293185
[1] 0.01840823
(Intercept) 
  0.0293185 
[1] "Iteration number: 5"
[1] "pos"
[1] 0.002122376 0.992042944
[1] "Fitting mu0 = E[Y|A=0,W]"
NULL
[1] "Fitting tau = E[Y|A=1,W] - E[Y|A=0,W]"
NULL
[1] 0.02973031
[1] 0.01823789
[1] 0.02973031
[1] -0.2060078  1.3432561
[1] "cutoff"
[1] 0.01566266
[1] 0.01566266 0.98433734
[1] "Fitting m = E[Y|W]"
[1] "Fitting pi = E[A|W]"
[1] "Fitting tau = E[Y|A=1,W] - E[Y|A=0,W]"
[1] 1.0285
NULL
[1] 0.02973524
[1] 0.01841112
(Intercept) 
 0.02973524 
[1] "Iteration number: 6"
[1] "pos"
[1] 0.00196497 0.99140887
[1] "Fitting mu0 = E[Y|A=0,W]"
NULL
[1] "Fitting tau = E[Y|A=1,W] - E[Y|A=0,W]"
NULL
[1] 0.03073964
[1] 0.01875302
[1] 0.03073964
