LOADING R
R LOADED
[1] "/home/lvanderl/Rlibs2"                         
[2] "/app/software/R/4.2.2-foss-2021b/lib/R/library"
[1] "/home/lvanderl/sieveSims"
[1] "Iteration number: 1"
[1] "pos"
[1] 0.003314163 0.988590447
[1] "Fitting mu0 = E[Y|A=0,W]"
[1] "Iteration number: 2"
[1] "pos"
[1] 0.002113713 0.987012283
[1] "Fitting mu0 = E[Y|A=0,W]"
[1] "Iteration number: 3"
[1] "pos"
[1] 0.001663612 0.990369212
[1] "Fitting mu0 = E[Y|A=0,W]"
[1] "Iteration number: 4"
[1] "pos"
[1] 0.002903237 0.988546821
[1] "Fitting mu0 = E[Y|A=0,W]"
[1] "Iteration number: 5"
[1] "pos"
[1] 0.002390302 0.989639368
[1] "Fitting mu0 = E[Y|A=0,W]"
[1] "Iteration number: 6"
[1] "pos"
[1] 0.002947034 0.991326394
[1] "Fitting mu0 = E[Y|A=0,W]"
[1] "Iteration number: 7"
[1] "pos"
[1] 0.001716861 0.990924610
[1] "Fitting mu0 = E[Y|A=0,W]"
[1] "Iteration number: 8"
[1] "pos"
[1] 0.003685073 0.982821861
[1] "Fitting mu0 = E[Y|A=0,W]"
[1] "Iteration number: 9"
[1] "pos"
[1] 0.002050047 0.989017987
[1] "Fitting mu0 = E[Y|A=0,W]"
[1] "Iteration number: 10"
[1] "pos"
[1] 0.00207212 0.99000478
[1] "Fitting mu0 = E[Y|A=0,W]"
[1] "Iteration number: 11"
[1] "pos"
[1] 0.002321223 0.987336921
[1] "Fitting mu0 = E[Y|A=0,W]"
[1] "Iteration number: 12"
[1] "pos"
[1] 0.002399116 0.985971871
[1] "Fitting mu0 = E[Y|A=0,W]"
[1] "Iteration number: 13"
[1] "pos"
[1] 0.002627804 0.991330170
[1] "Fitting mu0 = E[Y|A=0,W]"
[1] "Iteration number: 14"
[1] "pos"
[1] 0.002717665 0.991769256
[1] "Fitting mu0 = E[Y|A=0,W]"
[1] "Iteration number: 15"
[1] "pos"
[1] 0.002158761 0.988578880
[1] "Fitting mu0 = E[Y|A=0,W]"
[1] "Iteration number: 16"
[1] "pos"
[1] 0.002085917 0.990682688
[1] "Fitting mu0 = E[Y|A=0,W]"
[1] "Iteration number: 17"
[1] "pos"
[1] 0.003022328 0.991590049
[1] "Fitting mu0 = E[Y|A=0,W]"
[1] "Iteration number: 18"
[1] "pos"
[1] 0.001797929 0.991329660
[1] "Fitting mu0 = E[Y|A=0,W]"
[1] "Iteration number: 19"
[1] "pos"
[1] 0.002557704 0.990299837
[1] "Fitting mu0 = E[Y|A=0,W]"
[1] "Iteration number: 20"
[1] "pos"
[1] 0.003197534 0.990351846
[1] "Fitting mu0 = E[Y|A=0,W]"
[1] "Iteration number: 21"
[1] "pos"
[1] 0.001734935 0.989254475
[1] "Fitting mu0 = E[Y|A=0,W]"
[1] "Iteration number: 22"
[1] "pos"
[1] 0.00240988 0.98988386
[1] "Fitting mu0 = E[Y|A=0,W]"
[1] "Iteration number: 23"
[1] "pos"
[1] 0.002755138 0.988264621
[1] "Fitting mu0 = E[Y|A=0,W]"
[1] "Iteration number: 24"
[1] "pos"
[1] 0.001635176 0.991935463
[1] "Fitting mu0 = E[Y|A=0,W]"
[1] "Iteration number: 25"
[1] "pos"
[1] 0.003108506 0.990515088
[1] "Fitting mu0 = E[Y|A=0,W]"
[1] "Iteration number: 26"
[1] "pos"
[1] 0.001722425 0.991478864
[1] "Fitting mu0 = E[Y|A=0,W]"
[1] "Iteration number: 27"
[1] "pos"
[1] 0.002227662 0.992415752
[1] "Fitting mu0 = E[Y|A=0,W]"
[1] "Iteration number: 28"
[1] "pos"
[1] 0.002090553 0.991411090
[1] "Fitting mu0 = E[Y|A=0,W]"
[1] "Iteration number: 29"
[1] "pos"
[1] 0.001795267 0.989938481
[1] "Fitting mu0 = E[Y|A=0,W]"
[1] "Iteration number: 30"
[1] "pos"
[1] 0.001802412 0.990335952
[1] "Fitting mu0 = E[Y|A=0,W]"
[1] "Iteration number: 31"
[1] "pos"
[1] 0.002512759 0.990965439
[1] "Fitting mu0 = E[Y|A=0,W]"
[1] "Iteration number: 32"
[1] "pos"
[1] 0.00364349 0.99231597
[1] "Fitting mu0 = E[Y|A=0,W]"
[1] "Iteration number: 33"
[1] "pos"
[1] 0.00351252 0.98977866
[1] "Fitting mu0 = E[Y|A=0,W]"
[1] "Iteration number: 34"
[1] "pos"
[1] 0.002333438 0.990105382
[1] "Fitting mu0 = E[Y|A=0,W]"
[1] "Iteration number: 35"
[1] "pos"
[1] 0.002087113 0.988543927
[1] "Fitting mu0 = E[Y|A=0,W]"
[1] "Iteration number: 36"
[1] "pos"
[1] 0.00355476 0.98866448
[1] "Fitting mu0 = E[Y|A=0,W]"
[1] "Iteration number: 37"
[1] "pos"
[1] 0.002015896 0.988857170
[1] "Fitting mu0 = E[Y|A=0,W]"
[1] "Iteration number: 38"
[1] "pos"
[1] 0.002021769 0.989545589
[1] "Fitting mu0 = E[Y|A=0,W]"
[1] "Iteration number: 39"
[1] "pos"
[1] 0.002147391 0.988331159
[1] "Fitting mu0 = E[Y|A=0,W]"
[1] "Iteration number: 40"
[1] "pos"
[1] 0.002678618 0.990466858
[1] "Fitting mu0 = E[Y|A=0,W]"
[1] "Iteration number: 41"
[1] "pos"
[1] 0.002188367 0.989455271
[1] "Fitting mu0 = E[Y|A=0,W]"
[1] "Iteration number: 42"
[1] "pos"
[1] 0.001718184 0.989451924
[1] "Fitting mu0 = E[Y|A=0,W]"
[1] "Iteration number: 43"
[1] "pos"
[1] 0.002095314 0.990783076
[1] "Fitting mu0 = E[Y|A=0,W]"
[1] "Iteration number: 44"
[1] "pos"
[1] 0.00296875 0.98989152
[1] "Fitting mu0 = E[Y|A=0,W]"
[1] "Iteration number: 45"
[1] "pos"
[1] 0.002343496 0.990649865
[1] "Fitting mu0 = E[Y|A=0,W]"
[1] "Iteration number: 46"
[1] "pos"
[1] 0.003394958 0.988764193
[1] "Fitting mu0 = E[Y|A=0,W]"
[1] "Iteration number: 47"
[1] "pos"
[1] 0.002853614 0.987907679
[1] "Fitting mu0 = E[Y|A=0,W]"
[1] "Iteration number: 48"
[1] "pos"
[1] 0.002324899 0.984570922
[1] "Fitting mu0 = E[Y|A=0,W]"
[1] "Iteration number: 49"
[1] "pos"
[1] 0.003072597 0.989982492
[1] "Fitting mu0 = E[Y|A=0,W]"
[1] "Iteration number: 50"
[1] "pos"
[1] 0.002677324 0.984314410
[1] "Fitting mu0 = E[Y|A=0,W]"
[1] "Iteration number: 51"
[1] "pos"
[1] 0.001805979 0.987454778
[1] "Fitting mu0 = E[Y|A=0,W]"
[1] "Iteration number: 52"
[1] "pos"
[1] 0.001908713 0.986559996
[1] "Fitting mu0 = E[Y|A=0,W]"
[1] "Iteration number: 53"
[1] "pos"
[1] 0.004173263 0.980973510
[1] "Fitting mu0 = E[Y|A=0,W]"
[1] "Iteration number: 54"
[1] "pos"
[1] 0.002571813 0.987844432
[1] "Fitting mu0 = E[Y|A=0,W]"
[1] "Iteration number: 55"
[1] "pos"
[1] 0.002129943 0.986231310
[1] "Fitting mu0 = E[Y|A=0,W]"
[1] "Iteration number: 56"
[1] "pos"
[1] 0.003216306 0.990902228
[1] "Fitting mu0 = E[Y|A=0,W]"
[1] "Iteration number: 57"
[1] "pos"
[1] 0.002194806 0.990639324
[1] "Fitting mu0 = E[Y|A=0,W]"
[1] "Iteration number: 58"
[1] "pos"
[1] 0.002157689 0.990258032
[1] "Fitting mu0 = E[Y|A=0,W]"
[1] "Iteration number: 59"
[1] "pos"
[1] 0.001729019 0.988731188
[1] "Fitting mu0 = E[Y|A=0,W]"
[1] "Iteration number: 60"
[1] "pos"
[1] 0.001964593 0.989230095
[1] "Fitting mu0 = E[Y|A=0,W]"
[1] "Iteration number: 61"
[1] "pos"
[1] 0.002641353 0.991812444
[1] "Fitting mu0 = E[Y|A=0,W]"
[1] "Iteration number: 62"
[1] "pos"
[1] 0.002178769 0.990128042
[1] "Fitting mu0 = E[Y|A=0,W]"
[1] "Iteration number: 63"
[1] "pos"
[1] 0.00195482 0.98694836
[1] "Fitting mu0 = E[Y|A=0,W]"
[1] "Iteration number: 64"
[1] "pos"
[1] 0.001987815 0.989806087
[1] "Fitting mu0 = E[Y|A=0,W]"
[1] "Iteration number: 65"
[1] "pos"
[1] 0.002322339 0.989579884
[1] "Fitting mu0 = E[Y|A=0,W]"
[1] "Iteration number: 66"
[1] "pos"
[1] 0.002080467 0.990109313
[1] "Fitting mu0 = E[Y|A=0,W]"
[1] "Iteration number: 67"
[1] "pos"
[1] 0.002362643 0.991452405
[1] "Fitting mu0 = E[Y|A=0,W]"
[1] "Iteration number: 68"
[1] "pos"
[1] 0.001913056 0.990259602
[1] "Fitting mu0 = E[Y|A=0,W]"
[1] "Iteration number: 69"
[1] "pos"
[1] 0.002510913 0.990109897
[1] "Fitting mu0 = E[Y|A=0,W]"
[1] "Iteration number: 70"
[1] "pos"
[1] 0.002548746 0.990116299
[1] "Fitting mu0 = E[Y|A=0,W]"
[1] "Iteration number: 71"
[1] "pos"
[1] 0.003811253 0.990343888
[1] "Fitting mu0 = E[Y|A=0,W]"
[1] "Iteration number: 72"
[1] "pos"
[1] 0.0025299 0.9916861
[1] "Fitting mu0 = E[Y|A=0,W]"
[1] "Iteration number: 73"
[1] "pos"
[1] 0.001901852 0.985150176
[1] "Fitting mu0 = E[Y|A=0,W]"
[1] "Iteration number: 74"
[1] "pos"
[1] 0.002088046 0.991278747
[1] "Fitting mu0 = E[Y|A=0,W]"
[1] "Iteration number: 75"
[1] "pos"
[1] 0.001735406 0.990070484
[1] "Fitting mu0 = E[Y|A=0,W]"
[1] "Iteration number: 76"
[1] "pos"
[1] 0.00211499 0.98255611
[1] "Fitting mu0 = E[Y|A=0,W]"
[1] "Iteration number: 77"
[1] "pos"
[1] 0.001930673 0.991055946
[1] "Fitting mu0 = E[Y|A=0,W]"
[1] "Iteration number: 78"
[1] "pos"
[1] 0.002439454 0.987460964
[1] "Fitting mu0 = E[Y|A=0,W]"
[1] "Iteration number: 79"
[1] "pos"
[1] 0.001721285 0.984722143
[1] "Fitting mu0 = E[Y|A=0,W]"
[1] "Iteration number: 80"
[1] "pos"
[1] 0.002550348 0.988172867
[1] "Fitting mu0 = E[Y|A=0,W]"
[1] "Iteration number: 81"
[1] "pos"
[1] 0.002345716 0.989224461
[1] "Fitting mu0 = E[Y|A=0,W]"
[1] "Iteration number: 82"
[1] "pos"
[1] 0.002303194 0.988993114
[1] "Fitting mu0 = E[Y|A=0,W]"
[1] "Iteration number: 83"
[1] "pos"
[1] 0.002986151 0.990822618
[1] "Fitting mu0 = E[Y|A=0,W]"
[1] "Iteration number: 84"
[1] "pos"
[1] 0.002071161 0.990497778
[1] "Fitting mu0 = E[Y|A=0,W]"
[1] "Iteration number: 85"
[1] "pos"
[1] 0.002840606 0.987313205
[1] "Fitting mu0 = E[Y|A=0,W]"
[1] "Iteration number: 86"
[1] "pos"
[1] 0.002319812 0.989498870
[1] "Fitting mu0 = E[Y|A=0,W]"
[1] "Iteration number: 87"
[1] "pos"
[1] 0.00207341 0.98985567
[1] "Fitting mu0 = E[Y|A=0,W]"
[1] "Iteration number: 88"
[1] "pos"
[1] 0.002020337 0.989854794
[1] "Fitting mu0 = E[Y|A=0,W]"
[1] "Iteration number: 89"
[1] "pos"
[1] 0.002487835 0.988524499
[1] "Fitting mu0 = E[Y|A=0,W]"
[1] "Iteration number: 90"
[1] "pos"
[1] 0.002774724 0.990664563
[1] "Fitting mu0 = E[Y|A=0,W]"
[1] "Iteration number: 91"
[1] "pos"
[1] 0.003149465 0.984727931
[1] "Fitting mu0 = E[Y|A=0,W]"
[1] "Iteration number: 92"
[1] "pos"
[1] 0.002634598 0.988626498
[1] "Fitting mu0 = E[Y|A=0,W]"
[1] "Iteration number: 93"
[1] "pos"
[1] 0.002146237 0.990793508
[1] "Fitting mu0 = E[Y|A=0,W]"
[1] "Iteration number: 94"
[1] "pos"
[1] 0.003263396 0.982434680
[1] "Fitting mu0 = E[Y|A=0,W]"
[1] "Iteration number: 95"
[1] "pos"
[1] 0.002624116 0.983861030
[1] "Fitting mu0 = E[Y|A=0,W]"
[1] "Iteration number: 96"
[1] "pos"
[1] 0.0018625 0.9900778
[1] "Fitting mu0 = E[Y|A=0,W]"
[1] "Iteration number: 97"
[1] "pos"
[1] 0.001745595 0.988524368
[1] "Fitting mu0 = E[Y|A=0,W]"
[1] "Iteration number: 98"
[1] "pos"
[1] 0.002013448 0.984957562
[1] "Fitting mu0 = E[Y|A=0,W]"
[1] "Iteration number: 99"
[1] "pos"
[1] 0.00243195 0.99030948
[1] "Fitting mu0 = E[Y|A=0,W]"
[1] "Iteration number: 100"
[1] "pos"
[1] 0.002136412 0.987031949
[1] "Fitting mu0 = E[Y|A=0,W]"
[1] "Iteration number: 101"
[1] "pos"
[1] 0.00475537 0.99230655
[1] "Fitting mu0 = E[Y|A=0,W]"
[1] "Iteration number: 102"
[1] "pos"
[1] 0.001732184 0.986255942
[1] "Fitting mu0 = E[Y|A=0,W]"
[1] "Iteration number: 103"
[1] "pos"
[1] 0.002120058 0.985587022
[1] "Fitting mu0 = E[Y|A=0,W]"
[1] "Iteration number: 104"
[1] "pos"
[1] 0.00255656 0.99121076
[1] "Fitting mu0 = E[Y|A=0,W]"
[1] "Iteration number: 105"
[1] "pos"
[1] 0.00255927 0.98587771
[1] "Fitting mu0 = E[Y|A=0,W]"
[1] "Iteration number: 106"
[1] "pos"
[1] 0.001898432 0.991572575
[1] "Fitting mu0 = E[Y|A=0,W]"
[1] "Iteration number: 107"
[1] "pos"
[1] 0.00233632 0.98929940
[1] "Fitting mu0 = E[Y|A=0,W]"
[1] "Iteration number: 108"
[1] "pos"
[1] 0.002289324 0.987160786
[1] "Fitting mu0 = E[Y|A=0,W]"
[1] "Iteration number: 109"
[1] "pos"
[1] 0.002606558 0.990230897
[1] "Fitting mu0 = E[Y|A=0,W]"
[1] "Iteration number: 110"
[1] "pos"
[1] 0.002178816 0.986198892
[1] "Fitting mu0 = E[Y|A=0,W]"
[1] "Iteration number: 111"
[1] "pos"
[1] 0.002670812 0.987724791
[1] "Fitting mu0 = E[Y|A=0,W]"
[1] "Iteration number: 112"
[1] "pos"
[1] 0.00189278 0.98961863
[1] "Fitting mu0 = E[Y|A=0,W]"
[1] "Iteration number: 113"
[1] "pos"
[1] 0.001781903 0.990398011
[1] "Fitting mu0 = E[Y|A=0,W]"
[1] "Iteration number: 114"
[1] "pos"
[1] 0.002206331 0.991348917
[1] "Fitting mu0 = E[Y|A=0,W]"
[1] "Iteration number: 115"
[1] "pos"
[1] 0.002511322 0.990918556
[1] "Fitting mu0 = E[Y|A=0,W]"
[1] "Iteration number: 116"
[1] "pos"
[1] 0.002227218 0.985444563
[1] "Fitting mu0 = E[Y|A=0,W]"
[1] "Iteration number: 117"
[1] "pos"
[1] 0.002267471 0.986622332
[1] "Fitting mu0 = E[Y|A=0,W]"
[1] "Iteration number: 118"
[1] "pos"
[1] 0.001699383 0.990685755
[1] "Fitting mu0 = E[Y|A=0,W]"
[1] "Iteration number: 119"
[1] "pos"
[1] 0.002815998 0.988008029
[1] "Fitting mu0 = E[Y|A=0,W]"
[1] "Iteration number: 120"
[1] "pos"
[1] 0.001972605 0.990249967
[1] "Fitting mu0 = E[Y|A=0,W]"
[1] "Iteration number: 121"
[1] "pos"
[1] 0.001709087 0.987816919
[1] "Fitting mu0 = E[Y|A=0,W]"
[1] "Iteration number: 122"
[1] "pos"
[1] 0.002700085 0.984024971
[1] "Fitting mu0 = E[Y|A=0,W]"
[1] "Iteration number: 123"
[1] "pos"
[1] 0.0052489 0.9902568
[1] "Fitting mu0 = E[Y|A=0,W]"
[1] "Iteration number: 124"
[1] "pos"
[1] 0.00188788 0.98800224
[1] "Fitting mu0 = E[Y|A=0,W]"
[1] "Iteration number: 125"
[1] "pos"
[1] 0.001587354 0.989008612
[1] "Fitting mu0 = E[Y|A=0,W]"
[1] "Iteration number: 126"
[1] "pos"
[1] 0.001991504 0.989968699
[1] "Fitting mu0 = E[Y|A=0,W]"
[1] "Iteration number: 127"
[1] "pos"
[1] 0.00239862 0.98731371
[1] "Fitting mu0 = E[Y|A=0,W]"
[1] "Iteration number: 128"
[1] "pos"
[1] 0.003403189 0.991278958
[1] "Fitting mu0 = E[Y|A=0,W]"
[1] "Iteration number: 129"
[1] "pos"
[1] 0.002402613 0.990125320
[1] "Fitting mu0 = E[Y|A=0,W]"
[1] "Iteration number: 130"
[1] "pos"
[1] 0.002057698 0.990949510
[1] "Fitting mu0 = E[Y|A=0,W]"
[1] "Iteration number: 131"
[1] "pos"
[1] 0.003019229 0.989535293
[1] "Fitting mu0 = E[Y|A=0,W]"
[1] "Iteration number: 132"
[1] "pos"
[1] 0.00284631 0.99124362
[1] "Fitting mu0 = E[Y|A=0,W]"
[1] "Iteration number: 133"
[1] "pos"
[1] 0.001734039 0.989756940
[1] "Fitting mu0 = E[Y|A=0,W]"
[1] "Iteration number: 134"
[1] "pos"
[1] 0.002920169 0.990126814
[1] "Fitting mu0 = E[Y|A=0,W]"
[1] "Iteration number: 135"
[1] "pos"
[1] 0.001966078 0.990764547
[1] "Fitting mu0 = E[Y|A=0,W]"
[1] "Iteration number: 136"
[1] "pos"
[1] 0.002519732 0.989447172
[1] "Fitting mu0 = E[Y|A=0,W]"
[1] "Iteration number: 137"
[1] "pos"
[1] 0.002053557 0.989792633
[1] "Fitting mu0 = E[Y|A=0,W]"
[1] "Iteration number: 138"
[1] "pos"
[1] 0.002310766 0.989084709
[1] "Fitting mu0 = E[Y|A=0,W]"
[1] "Iteration number: 139"
[1] "pos"
[1] 0.002294287 0.990216303
[1] "Fitting mu0 = E[Y|A=0,W]"
[1] "Iteration number: 140"
[1] "pos"
[1] 0.002419341 0.989274927
[1] "Fitting mu0 = E[Y|A=0,W]"
[1] "Iteration number: 141"
[1] "pos"
[1] 0.002563186 0.986803637
[1] "Fitting mu0 = E[Y|A=0,W]"
[1] "Iteration number: 142"
[1] "pos"
[1] 0.002023058 0.986261716
[1] "Fitting mu0 = E[Y|A=0,W]"
[1] "Iteration number: 143"
[1] "pos"
[1] 0.002013524 0.987315267
[1] "Fitting mu0 = E[Y|A=0,W]"
[1] "Iteration number: 144"
[1] "pos"
[1] 0.001866639 0.990717189
[1] "Fitting mu0 = E[Y|A=0,W]"
[1] "Iteration number: 145"
[1] "pos"
[1] 0.001735053 0.989021641
[1] "Fitting mu0 = E[Y|A=0,W]"
[1] "Iteration number: 146"
[1] "pos"
[1] 0.0048986 0.9885782
[1] "Fitting mu0 = E[Y|A=0,W]"
[1] "Iteration number: 147"
[1] "pos"
[1] 0.002156657 0.989688712
[1] "Fitting mu0 = E[Y|A=0,W]"
[1] "Iteration number: 148"
[1] "pos"
[1] 0.002422269 0.988169149
[1] "Fitting mu0 = E[Y|A=0,W]"
[1] "Iteration number: 149"
[1] "pos"
[1] 0.002730607 0.991137737
[1] "Fitting mu0 = E[Y|A=0,W]"
[1] "Iteration number: 150"
[1] "pos"
[1] 0.002475472 0.991106887
[1] "Fitting mu0 = E[Y|A=0,W]"
[1] "Iteration number: 151"
[1] "pos"
[1] 0.002600479 0.989116728
[1] "Fitting mu0 = E[Y|A=0,W]"
[1] "Iteration number: 152"
[1] "pos"
[1] 0.002150077 0.986168864
[1] "Fitting mu0 = E[Y|A=0,W]"
[1] "Iteration number: 153"
[1] "pos"
[1] 0.001630234 0.989824873
[1] "Fitting mu0 = E[Y|A=0,W]"
[1] "Iteration number: 154"
[1] "pos"
[1] 0.00265285 0.98837605
[1] "Fitting mu0 = E[Y|A=0,W]"
[1] "Iteration number: 155"
[1] "pos"
[1] 0.003025169 0.986190525
[1] "Fitting mu0 = E[Y|A=0,W]"
[1] "Iteration number: 156"
[1] "pos"
[1] 0.002688813 0.990398063
[1] "Fitting mu0 = E[Y|A=0,W]"
[1] "Iteration number: 157"
[1] "pos"
[1] 0.002131134 0.990638492
[1] "Fitting mu0 = E[Y|A=0,W]"
[1] "Iteration number: 158"
[1] "pos"
[1] 0.002779193 0.984860006
[1] "Fitting mu0 = E[Y|A=0,W]"
[1] "Iteration number: 159"
[1] "pos"
[1] 0.002078029 0.986806499
[1] "Fitting mu0 = E[Y|A=0,W]"
[1] "Iteration number: 160"
[1] "pos"
[1] 0.001869875 0.990944756
[1] "Fitting mu0 = E[Y|A=0,W]"
[1] "Iteration number: 161"
[1] "pos"
[1] 0.002973574 0.990742473
[1] "Fitting mu0 = E[Y|A=0,W]"
[1] "Iteration number: 162"
[1] "pos"
[1] 0.001704189 0.988341107
[1] "Fitting mu0 = E[Y|A=0,W]"
[1] "Iteration number: 163"
[1] "pos"
[1] 0.002259398 0.991921274
[1] "Fitting mu0 = E[Y|A=0,W]"
[1] "Iteration number: 164"
[1] "pos"
[1] 0.002408599 0.989604483
[1] "Fitting mu0 = E[Y|A=0,W]"
[1] "Iteration number: 165"
[1] "pos"
[1] 0.001820026 0.988679869
[1] "Fitting mu0 = E[Y|A=0,W]"
[1] "Iteration number: 166"
[1] "pos"
[1] 0.00205412 0.98968099
[1] "Fitting mu0 = E[Y|A=0,W]"
[1] "Iteration number: 167"
[1] "pos"
[1] 0.002075568 0.991800738
[1] "Fitting mu0 = E[Y|A=0,W]"
[1] "Iteration number: 168"
[1] "pos"
[1] 0.002950419 0.991232643
[1] "Fitting mu0 = E[Y|A=0,W]"
[1] "Iteration number: 169"
[1] "pos"
[1] 0.002193218 0.982862668
[1] "Fitting mu0 = E[Y|A=0,W]"
[1] "Iteration number: 170"
[1] "pos"
[1] 0.002419242 0.990197145
[1] "Fitting mu0 = E[Y|A=0,W]"
[1] "Iteration number: 171"
[1] "pos"
[1] 0.002023997 0.989639312
[1] "Fitting mu0 = E[Y|A=0,W]"
[1] "Iteration number: 172"
[1] "pos"
[1] 0.002749067 0.991102956
[1] "Fitting mu0 = E[Y|A=0,W]"
[1] "Iteration number: 173"
[1] "pos"
[1] 0.002736292 0.991135759
[1] "Fitting mu0 = E[Y|A=0,W]"
[1] "Iteration number: 174"
[1] "pos"
[1] 0.003542408 0.991377888
[1] "Fitting mu0 = E[Y|A=0,W]"
[1] "Iteration number: 175"
[1] "pos"
[1] 0.002861788 0.989657061
[1] "Fitting mu0 = E[Y|A=0,W]"
[1] "Iteration number: 176"
[1] "pos"
[1] 0.00228324 0.99080319
[1] "Fitting mu0 = E[Y|A=0,W]"
[1] "Iteration number: 177"
[1] "pos"
[1] 0.001992701 0.986630631
[1] "Fitting mu0 = E[Y|A=0,W]"
[1] "Iteration number: 178"
[1] "pos"
[1] 0.00405998 0.99075680
[1] "Fitting mu0 = E[Y|A=0,W]"
[1] "Iteration number: 179"
[1] "pos"
[1] 0.002940368 0.983401497
[1] "Fitting mu0 = E[Y|A=0,W]"
[1] "Iteration number: 180"
[1] "pos"
[1] 0.001948828 0.988368461
[1] "Fitting mu0 = E[Y|A=0,W]"
[1] "Iteration number: 181"
[1] "pos"
[1] 0.001958173 0.990484985
[1] "Fitting mu0 = E[Y|A=0,W]"
[1] "Iteration number: 182"
[1] "pos"
[1] 0.002834472 0.989988120
[1] "Fitting mu0 = E[Y|A=0,W]"
[1] "Iteration number: 183"
[1] "pos"
[1] 0.002466958 0.983275258
[1] "Fitting mu0 = E[Y|A=0,W]"
[1] "Iteration number: 184"
[1] "pos"
[1] 0.003506334 0.990031946
[1] "Fitting mu0 = E[Y|A=0,W]"
[1] "Iteration number: 185"
[1] "pos"
[1] 0.002643412 0.989567973
[1] "Fitting mu0 = E[Y|A=0,W]"
[1] "Iteration number: 186"
[1] "pos"
[1] 0.002406208 0.982224523
[1] "Fitting mu0 = E[Y|A=0,W]"
[1] "Iteration number: 187"
[1] "pos"
[1] 0.002190532 0.991513292
[1] "Fitting mu0 = E[Y|A=0,W]"
[1] "Iteration number: 188"
[1] "pos"
[1] 0.002794102 0.989842059
[1] "Fitting mu0 = E[Y|A=0,W]"
[1] "Iteration number: 189"
[1] "pos"
[1] 0.002696275 0.985979953
[1] "Fitting mu0 = E[Y|A=0,W]"
[1] "Iteration number: 190"
[1] "pos"
[1] 0.001784813 0.987074008
[1] "Fitting mu0 = E[Y|A=0,W]"
[1] "Iteration number: 191"
[1] "pos"
[1] 0.00249192 0.99078964
[1] "Fitting mu0 = E[Y|A=0,W]"
[1] "Iteration number: 192"
[1] "pos"
[1] 0.002072012 0.991683050
[1] "Fitting mu0 = E[Y|A=0,W]"
[1] "Iteration number: 193"
[1] "pos"
[1] 0.005102239 0.990567427
[1] "Fitting mu0 = E[Y|A=0,W]"
[1] "Iteration number: 194"
[1] "pos"
[1] 0.001713325 0.991608087
[1] "Fitting mu0 = E[Y|A=0,W]"
[1] "Iteration number: 195"
[1] "pos"
[1] 0.001862833 0.992024771
[1] "Fitting mu0 = E[Y|A=0,W]"
[1] "Iteration number: 196"
[1] "pos"
[1] 0.00218473 0.99160118
[1] "Fitting mu0 = E[Y|A=0,W]"
[1] "Iteration number: 197"
[1] "pos"
[1] 0.002460608 0.989128790
[1] "Fitting mu0 = E[Y|A=0,W]"
[1] "Iteration number: 198"
[1] "pos"
[1] 0.002814829 0.988336842
[1] "Fitting mu0 = E[Y|A=0,W]"
[1] "Iteration number: 199"
[1] "pos"
[1] 0.003181064 0.986853813
[1] "Fitting mu0 = E[Y|A=0,W]"
[1] "Iteration number: 200"
[1] "pos"
[1] 0.002141984 0.989726597
[1] "Fitting mu0 = E[Y|A=0,W]"
[1] "Iteration number: 201"
[1] "pos"
[1] 0.003885146 0.989795113
[1] "Fitting mu0 = E[Y|A=0,W]"
[1] "Iteration number: 202"
[1] "pos"
[1] 0.002457875 0.990047130
[1] "Fitting mu0 = E[Y|A=0,W]"
[1] "Iteration number: 203"
[1] "pos"
[1] 0.003081138 0.991959340
[1] "Fitting mu0 = E[Y|A=0,W]"
[1] "Iteration number: 204"
[1] "pos"
[1] 0.003031107 0.989937937
[1] "Fitting mu0 = E[Y|A=0,W]"
[1] "Iteration number: 205"
[1] "pos"
[1] 0.002616607 0.986051434
[1] "Fitting mu0 = E[Y|A=0,W]"
[1] "Iteration number: 206"
[1] "pos"
[1] 0.001738147 0.987305575
[1] "Fitting mu0 = E[Y|A=0,W]"
[1] "Iteration number: 207"
[1] "pos"
[1] 0.00278277 0.99018189
[1] "Fitting mu0 = E[Y|A=0,W]"
[1] "Iteration number: 208"
[1] "pos"
[1] 0.002228204 0.988222603
[1] "Fitting mu0 = E[Y|A=0,W]"
[1] "Iteration number: 209"
[1] "pos"
[1] 0.002848133 0.989511697
[1] "Fitting mu0 = E[Y|A=0,W]"
[1] "Iteration number: 210"
[1] "pos"
[1] 0.002211543 0.988777955
[1] "Fitting mu0 = E[Y|A=0,W]"
[1] "Iteration number: 211"
[1] "pos"
[1] 0.004540605 0.989343456
[1] "Fitting mu0 = E[Y|A=0,W]"
[1] "Iteration number: 212"
[1] "pos"
[1] 0.001665828 0.989835518
[1] "Fitting mu0 = E[Y|A=0,W]"
[1] "Iteration number: 213"
[1] "pos"
[1] 0.001803503 0.990346572
[1] "Fitting mu0 = E[Y|A=0,W]"
[1] "Iteration number: 214"
[1] "pos"
[1] 0.00236516 0.98971495
[1] "Fitting mu0 = E[Y|A=0,W]"
[1] "Iteration number: 215"
[1] "pos"
[1] 0.001905362 0.991216165
[1] "Fitting mu0 = E[Y|A=0,W]"
[1] "Iteration number: 216"
[1] "pos"
[1] 0.002663903 0.987043828
[1] "Fitting mu0 = E[Y|A=0,W]"
[1] "Iteration number: 217"
[1] "pos"
[1] 0.002302557 0.988258292
[1] "Fitting mu0 = E[Y|A=0,W]"
[1] "Iteration number: 218"
[1] "pos"
[1] 0.002384353 0.989518027
[1] "Fitting mu0 = E[Y|A=0,W]"
[1] "Iteration number: 219"
[1] "pos"
[1] 0.001962584 0.990745899
[1] "Fitting mu0 = E[Y|A=0,W]"
[1] "Iteration number: 220"
[1] "pos"
[1] 0.001989076 0.985635083
[1] "Fitting mu0 = E[Y|A=0,W]"
[1] "Iteration number: 221"
[1] "pos"
[1] 0.003148282 0.991405267
[1] "Fitting mu0 = E[Y|A=0,W]"
[1] "Iteration number: 222"
[1] "pos"
[1] 0.003246288 0.986952536
[1] "Fitting mu0 = E[Y|A=0,W]"
[1] "Iteration number: 223"
[1] "pos"
[1] 0.002210671 0.991001494
[1] "Fitting mu0 = E[Y|A=0,W]"
[1] "Iteration number: 224"
[1] "pos"
[1] 0.002296577 0.989031128
[1] "Fitting mu0 = E[Y|A=0,W]"
[1] "Iteration number: 225"
[1] "pos"
[1] 0.001793959 0.990402743
[1] "Fitting mu0 = E[Y|A=0,W]"
[1] "Iteration number: 226"
[1] "pos"
[1] 0.002052368 0.989869914
[1] "Fitting mu0 = E[Y|A=0,W]"
[1] "Iteration number: 227"
[1] "pos"
[1] 0.002863915 0.992296573
[1] "Fitting mu0 = E[Y|A=0,W]"
[1] "Iteration number: 228"
[1] "pos"
[1] 0.002005738 0.989520775
[1] "Fitting mu0 = E[Y|A=0,W]"
[1] "Iteration number: 229"
[1] "pos"
[1] 0.002558076 0.988202095
[1] "Fitting mu0 = E[Y|A=0,W]"
[1] "Iteration number: 230"
[1] "pos"
[1] 0.002184855 0.990074714
[1] "Fitting mu0 = E[Y|A=0,W]"
[1] "Iteration number: 231"
[1] "pos"
[1] 0.001893559 0.990791994
[1] "Fitting mu0 = E[Y|A=0,W]"
[1] "Iteration number: 232"
[1] "pos"
[1] 0.001697508 0.991272638
[1] "Fitting mu0 = E[Y|A=0,W]"
[1] "Iteration number: 233"
[1] "pos"
[1] 0.003030263 0.988726973
[1] "Fitting mu0 = E[Y|A=0,W]"
[1] "Iteration number: 234"
[1] "pos"
[1] 0.001877134 0.988378448
[1] "Fitting mu0 = E[Y|A=0,W]"
[1] "Iteration number: 235"
[1] "pos"
[1] 0.001676441 0.986808529
[1] "Fitting mu0 = E[Y|A=0,W]"
[1] "Iteration number: 236"
[1] "pos"
[1] 0.001663019 0.988691132
[1] "Fitting mu0 = E[Y|A=0,W]"
[1] "Iteration number: 237"
[1] "pos"
[1] 0.0026584 0.9873996
[1] "Fitting mu0 = E[Y|A=0,W]"
[1] "Iteration number: 238"
[1] "pos"
[1] 0.002363272 0.991435965
[1] "Fitting mu0 = E[Y|A=0,W]"
[1] "Iteration number: 239"
[1] "pos"
[1] 0.001978485 0.989394763
[1] "Fitting mu0 = E[Y|A=0,W]"
[1] "Iteration number: 240"
[1] "pos"
[1] 0.003018962 0.991843604
[1] "Fitting mu0 = E[Y|A=0,W]"
[1] "Iteration number: 241"
[1] "pos"
[1] 0.001738414 0.988426173
[1] "Fitting mu0 = E[Y|A=0,W]"
[1] "Iteration number: 242"
[1] "pos"
[1] 0.001777824 0.989966302
[1] "Fitting mu0 = E[Y|A=0,W]"
[1] "Iteration number: 243"
[1] "pos"
[1] 0.001778188 0.992038716
[1] "Fitting mu0 = E[Y|A=0,W]"
[1] "Iteration number: 244"
[1] "pos"
[1] 0.001882563 0.987586190
[1] "Fitting mu0 = E[Y|A=0,W]"
[1] "Iteration number: 245"
[1] "pos"
[1] 0.001827635 0.989894520
[1] "Fitting mu0 = E[Y|A=0,W]"
[1] "Iteration number: 246"
[1] "pos"
[1] 0.002081512 0.991420370
[1] "Fitting mu0 = E[Y|A=0,W]"
[1] "Iteration number: 247"
[1] "pos"
[1] 0.00267912 0.98691757
[1] "Fitting mu0 = E[Y|A=0,W]"
[1] "Iteration number: 248"
[1] "pos"
[1] 0.002156415 0.988049633
[1] "Fitting mu0 = E[Y|A=0,W]"
[1] "Iteration number: 249"
[1] "pos"
[1] 0.003022385 0.985845711
[1] "Fitting mu0 = E[Y|A=0,W]"
[1] "Iteration number: 250"
[1] "pos"
[1] 0.002731019 0.990154983
[1] "Fitting mu0 = E[Y|A=0,W]"
[1] "Iteration number: 251"
[1] "pos"
[1] 0.002426012 0.990650982
[1] "Fitting mu0 = E[Y|A=0,W]"
[1] "Iteration number: 252"
[1] "pos"
[1] 0.002762861 0.988185436
[1] "Fitting mu0 = E[Y|A=0,W]"
[1] "Iteration number: 253"
[1] "pos"
[1] 0.001819391 0.990038127
[1] "Fitting mu0 = E[Y|A=0,W]"
[1] "Iteration number: 254"
[1] "pos"
[1] 0.001806172 0.986798290
[1] "Fitting mu0 = E[Y|A=0,W]"
[1] "Iteration number: 255"
[1] "pos"
[1] 0.002651178 0.990041987
[1] "Fitting mu0 = E[Y|A=0,W]"
[1] "Iteration number: 256"
[1] "pos"
[1] 0.001949646 0.991758074
[1] "Fitting mu0 = E[Y|A=0,W]"
[1] "Iteration number: 257"
[1] "pos"
[1] 0.002289189 0.987340975
[1] "Fitting mu0 = E[Y|A=0,W]"
[1] "Iteration number: 258"
[1] "pos"
[1] 0.00337357 0.98890254
[1] "Fitting mu0 = E[Y|A=0,W]"
[1] "Iteration number: 259"
[1] "pos"
[1] 0.001579188 0.988568168
[1] "Fitting mu0 = E[Y|A=0,W]"
[1] "Iteration number: 260"
[1] "pos"
[1] 0.0019842 0.9881653
[1] "Fitting mu0 = E[Y|A=0,W]"
[1] "Iteration number: 261"
[1] "pos"
[1] 0.001831436 0.988561112
[1] "Fitting mu0 = E[Y|A=0,W]"
[1] "Iteration number: 262"
[1] "pos"
[1] 0.002252116 0.991073191
[1] "Fitting mu0 = E[Y|A=0,W]"
[1] "Iteration number: 263"
[1] "pos"
[1] 0.002753835 0.987300733
[1] "Fitting mu0 = E[Y|A=0,W]"
[1] "Iteration number: 264"
[1] "pos"
[1] 0.002474598 0.990318322
[1] "Fitting mu0 = E[Y|A=0,W]"
[1] "Iteration number: 265"
[1] "pos"
[1] 0.001614285 0.990253737
[1] "Fitting mu0 = E[Y|A=0,W]"
[1] "Iteration number: 266"
[1] "pos"
[1] 0.001815715 0.989914176
[1] "Fitting mu0 = E[Y|A=0,W]"
[1] "Iteration number: 267"
[1] "pos"
[1] 0.002664905 0.991520864
[1] "Fitting mu0 = E[Y|A=0,W]"
[1] "Iteration number: 268"
[1] "pos"
[1] 0.001816912 0.990844611
[1] "Fitting mu0 = E[Y|A=0,W]"
[1] "Iteration number: 269"
[1] "pos"
[1] 0.002221483 0.990315299
[1] "Fitting mu0 = E[Y|A=0,W]"
[1] "Iteration number: 270"
[1] "pos"
[1] 0.001786135 0.989551023
[1] "Fitting mu0 = E[Y|A=0,W]"
[1] "Iteration number: 271"
[1] "pos"
[1] 0.003490091 0.987803533
[1] "Fitting mu0 = E[Y|A=0,W]"
[1] "Iteration number: 272"
[1] "pos"
[1] 0.002442726 0.991500617
[1] "Fitting mu0 = E[Y|A=0,W]"
[1] "Iteration number: 273"
[1] "pos"
[1] 0.003870706 0.991995731
[1] "Fitting mu0 = E[Y|A=0,W]"
[1] "Iteration number: 274"
[1] "pos"
[1] 0.001775089 0.991505875
[1] "Fitting mu0 = E[Y|A=0,W]"
[1] "Iteration number: 275"
[1] "pos"
[1] 0.002167583 0.989583738
[1] "Fitting mu0 = E[Y|A=0,W]"
[1] "Iteration number: 276"
[1] "pos"
[1] 0.002590889 0.990099426
[1] "Fitting mu0 = E[Y|A=0,W]"
[1] "Iteration number: 277"
[1] "pos"
[1] 0.0021662 0.9902764
[1] "Fitting mu0 = E[Y|A=0,W]"
[1] "Iteration number: 278"
[1] "pos"
[1] 0.001602778 0.991285796
[1] "Fitting mu0 = E[Y|A=0,W]"
[1] "Iteration number: 279"
[1] "pos"
[1] 0.001876215 0.990907536
[1] "Fitting mu0 = E[Y|A=0,W]"
[1] "Iteration number: 280"
[1] "pos"
[1] 0.002195099 0.989663331
[1] "Fitting mu0 = E[Y|A=0,W]"
[1] "Iteration number: 281"
[1] "pos"
[1] 0.004217423 0.988748554
[1] "Fitting mu0 = E[Y|A=0,W]"
[1] "Iteration number: 282"
[1] "pos"
[1] 0.001719053 0.990277039
[1] "Fitting mu0 = E[Y|A=0,W]"
[1] "Iteration number: 283"
[1] "pos"
[1] 0.002390376 0.988336499
[1] "Fitting mu0 = E[Y|A=0,W]"
[1] "Iteration number: 284"
[1] "pos"
[1] 0.002286852 0.989813844
[1] "Fitting mu0 = E[Y|A=0,W]"
[1] "Iteration number: 285"
[1] "pos"
[1] 0.002245669 0.988022431
[1] "Fitting mu0 = E[Y|A=0,W]"
[1] "Iteration number: 286"
[1] "pos"
[1] 0.001611871 0.990402249
[1] "Fitting mu0 = E[Y|A=0,W]"
[1] "Iteration number: 287"
[1] "pos"
[1] 0.003209992 0.990964103
[1] "Fitting mu0 = E[Y|A=0,W]"
[1] "Iteration number: 288"
[1] "pos"
[1] 0.002138125 0.990776078
[1] "Fitting mu0 = E[Y|A=0,W]"
[1] "Iteration number: 289"
[1] "pos"
[1] 0.001794166 0.991610959
[1] "Fitting mu0 = E[Y|A=0,W]"
[1] "Iteration number: 290"
[1] "pos"
[1] 0.002073315 0.990143804
[1] "Fitting mu0 = E[Y|A=0,W]"
[1] "Iteration number: 291"
[1] "pos"
[1] 0.002246134 0.991319092
[1] "Fitting mu0 = E[Y|A=0,W]"
[1] "Iteration number: 292"
[1] "pos"
[1] 0.001895136 0.988015042
[1] "Fitting mu0 = E[Y|A=0,W]"
[1] "Iteration number: 293"
[1] "pos"
[1] 0.001848041 0.989453540
[1] "Fitting mu0 = E[Y|A=0,W]"
[1] "Iteration number: 294"
[1] "pos"
[1] 0.001872688 0.991918527
[1] "Fitting mu0 = E[Y|A=0,W]"
[1] "Iteration number: 295"
[1] "pos"
[1] 0.001756763 0.987614502
[1] "Fitting mu0 = E[Y|A=0,W]"
[1] "Iteration number: 296"
[1] "pos"
[1] 0.001788831 0.989145570
[1] "Fitting mu0 = E[Y|A=0,W]"
[1] "Iteration number: 297"
[1] "pos"
[1] 0.002817241 0.989892899
[1] "Fitting mu0 = E[Y|A=0,W]"
[1] "Iteration number: 298"
[1] "pos"
[1] 0.001638109 0.989332885
[1] "Fitting mu0 = E[Y|A=0,W]"
[1] "Iteration number: 299"
[1] "pos"
[1] 0.002300453 0.988394631
[1] "Fitting mu0 = E[Y|A=0,W]"
[1] "Iteration number: 300"
[1] "pos"
[1] 0.003974688 0.989537872
[1] "Fitting mu0 = E[Y|A=0,W]"
[1] "Iteration number: 301"
[1] "pos"
[1] 0.004332895 0.992631609
[1] "Fitting mu0 = E[Y|A=0,W]"
[1] "Iteration number: 302"
[1] "pos"
[1] 0.00261896 0.99009952
[1] "Fitting mu0 = E[Y|A=0,W]"
[1] "Iteration number: 303"
[1] "pos"
[1] 0.00192145 0.98415600
[1] "Fitting mu0 = E[Y|A=0,W]"
[1] "Iteration number: 304"
[1] "pos"
[1] 0.003009616 0.991907320
[1] "Fitting mu0 = E[Y|A=0,W]"
[1] "Iteration number: 305"
[1] "pos"
[1] 0.002641241 0.986389995
[1] "Fitting mu0 = E[Y|A=0,W]"
[1] "Iteration number: 306"
[1] "pos"
[1] 0.001709619 0.989417059
[1] "Fitting mu0 = E[Y|A=0,W]"
[1] "Iteration number: 307"
[1] "pos"
[1] 0.002356755 0.991168222
[1] "Fitting mu0 = E[Y|A=0,W]"
[1] "Iteration number: 308"
[1] "pos"
[1] 0.001786236 0.984676372
[1] "Fitting mu0 = E[Y|A=0,W]"
[1] "Iteration number: 309"
[1] "pos"
[1] 0.00181342 0.98623990
[1] "Fitting mu0 = E[Y|A=0,W]"
[1] "Iteration number: 310"
[1] "pos"
[1] 0.001941848 0.986144564
[1] "Fitting mu0 = E[Y|A=0,W]"
[1] "Iteration number: 311"
[1] "pos"
[1] 0.001973688 0.987367097
[1] "Fitting mu0 = E[Y|A=0,W]"
[1] "Iteration number: 312"
[1] "pos"
[1] 0.002260776 0.989424178
[1] "Fitting mu0 = E[Y|A=0,W]"
[1] "Iteration number: 313"
[1] "pos"
[1] 0.001823277 0.989710297
[1] "Fitting mu0 = E[Y|A=0,W]"
[1] "Iteration number: 314"
[1] "pos"
[1] 0.001757754 0.990447952
[1] "Fitting mu0 = E[Y|A=0,W]"
[1] "Iteration number: 315"
[1] "pos"
[1] 0.002134945 0.986499262
[1] "Fitting mu0 = E[Y|A=0,W]"
[1] "Iteration number: 316"
[1] "pos"
[1] 0.00205695 0.98981162
[1] "Fitting mu0 = E[Y|A=0,W]"
[1] "Iteration number: 317"
[1] "pos"
[1] 0.002173059 0.990426938
[1] "Fitting mu0 = E[Y|A=0,W]"
[1] "Iteration number: 318"
[1] "pos"
[1] 0.002025088 0.990895609
[1] "Fitting mu0 = E[Y|A=0,W]"
[1] "Iteration number: 319"
[1] "pos"
[1] 0.001931022 0.987174297
[1] "Fitting mu0 = E[Y|A=0,W]"
[1] "Iteration number: 320"
[1] "pos"
[1] 0.00198504 0.99211945
[1] "Fitting mu0 = E[Y|A=0,W]"
[1] "Iteration number: 321"
[1] "pos"
[1] 0.00224592 0.98899602
[1] "Fitting mu0 = E[Y|A=0,W]"
[1] "Iteration number: 322"
[1] "pos"
[1] 0.002395495 0.990233046
[1] "Fitting mu0 = E[Y|A=0,W]"
[1] "Iteration number: 323"
[1] "pos"
[1] 0.004173389 0.988472421
[1] "Fitting mu0 = E[Y|A=0,W]"
[1] "Iteration number: 324"
[1] "pos"
[1] 0.001986433 0.989790724
[1] "Fitting mu0 = E[Y|A=0,W]"
[1] "Iteration number: 325"
[1] "pos"
[1] 0.001980222 0.986561613
[1] "Fitting mu0 = E[Y|A=0,W]"
[1] "Iteration number: 326"
[1] "pos"
[1] 0.002339911 0.986667756
[1] "Fitting mu0 = E[Y|A=0,W]"
[1] "Iteration number: 327"
[1] "pos"
[1] 0.001755417 0.991421381
[1] "Fitting mu0 = E[Y|A=0,W]"
[1] "Iteration number: 328"
[1] "pos"
[1] 0.001981197 0.990751509
[1] "Fitting mu0 = E[Y|A=0,W]"
[1] "Iteration number: 329"
[1] "pos"
[1] 0.00162696 0.98490653
[1] "Fitting mu0 = E[Y|A=0,W]"
[1] "Iteration number: 330"
[1] "pos"
[1] 0.001927846 0.990407273
[1] "Fitting mu0 = E[Y|A=0,W]"
[1] "Iteration number: 331"
[1] "pos"
[1] 0.001867873 0.991899592
[1] "Fitting mu0 = E[Y|A=0,W]"
[1] "Iteration number: 332"
[1] "pos"
[1] 0.002080191 0.991123778
[1] "Fitting mu0 = E[Y|A=0,W]"
[1] "Iteration number: 333"
[1] "pos"
[1] 0.002346771 0.990171712
[1] "Fitting mu0 = E[Y|A=0,W]"
[1] "Iteration number: 334"
[1] "pos"
[1] 0.00189814 0.99231653
[1] "Fitting mu0 = E[Y|A=0,W]"
[1] "Iteration number: 335"
[1] "pos"
[1] 0.001813952 0.986178307
[1] "Fitting mu0 = E[Y|A=0,W]"
[1] "Iteration number: 336"
[1] "pos"
[1] 0.002005923 0.990052925
[1] "Fitting mu0 = E[Y|A=0,W]"
[1] "Iteration number: 337"
[1] "pos"
[1] 0.002366167 0.989121391
[1] "Fitting mu0 = E[Y|A=0,W]"
[1] "Iteration number: 338"
[1] "pos"
[1] 0.002522626 0.990916572
[1] "Fitting mu0 = E[Y|A=0,W]"
[1] "Iteration number: 339"
[1] "pos"
[1] 0.002655955 0.987608971
[1] "Fitting mu0 = E[Y|A=0,W]"
[1] "Iteration number: 340"
[1] "pos"
[1] 0.002625122 0.987962315
[1] "Fitting mu0 = E[Y|A=0,W]"
[1] "Iteration number: 341"
[1] "pos"
[1] 0.002260088 0.988399445
[1] "Fitting mu0 = E[Y|A=0,W]"
[1] "Iteration number: 342"
[1] "pos"
[1] 0.001916539 0.990265179
[1] "Fitting mu0 = E[Y|A=0,W]"
[1] "Iteration number: 343"
[1] "pos"
[1] 0.002192104 0.986171170
[1] "Fitting mu0 = E[Y|A=0,W]"
[1] "Iteration number: 344"
[1] "pos"
[1] 0.002757938 0.988133160
[1] "Fitting mu0 = E[Y|A=0,W]"
[1] "Iteration number: 345"
[1] "pos"
[1] 0.002034986 0.989711076
[1] "Fitting mu0 = E[Y|A=0,W]"
[1] "Iteration number: 346"
[1] "pos"
[1] 0.002434127 0.990587125
[1] "Fitting mu0 = E[Y|A=0,W]"
[1] "Iteration number: 347"
[1] "pos"
[1] 0.002937996 0.988628285
[1] "Fitting mu0 = E[Y|A=0,W]"
[1] "Iteration number: 348"
[1] "pos"
[1] 0.001611789 0.986808987
[1] "Fitting mu0 = E[Y|A=0,W]"
[1] "Iteration number: 349"
[1] "pos"
[1] 0.001808733 0.987204883
[1] "Fitting mu0 = E[Y|A=0,W]"
[1] "Iteration number: 350"
[1] "pos"
[1] 0.002940794 0.990410120
[1] "Fitting mu0 = E[Y|A=0,W]"
[1] "Iteration number: 351"
[1] "pos"
[1] 0.001796898 0.983836397
[1] "Fitting mu0 = E[Y|A=0,W]"
[1] "Iteration number: 352"
[1] "pos"
[1] 0.002356933 0.989172967
[1] "Fitting mu0 = E[Y|A=0,W]"
[1] "Iteration number: 353"
[1] "pos"
[1] 0.001980245 0.990138834
[1] "Fitting mu0 = E[Y|A=0,W]"
[1] "Iteration number: 354"
[1] "pos"
[1] 0.002650943 0.989830927
[1] "Fitting mu0 = E[Y|A=0,W]"
[1] "Iteration number: 355"
[1] "pos"
[1] 0.002306873 0.987851123
[1] "Fitting mu0 = E[Y|A=0,W]"
[1] "Iteration number: 356"
[1] "pos"
[1] 0.001669448 0.988695046
[1] "Fitting mu0 = E[Y|A=0,W]"
[1] "Iteration number: 357"
[1] "pos"
[1] 0.001946968 0.990671575
[1] "Fitting mu0 = E[Y|A=0,W]"
[1] "Iteration number: 358"
[1] "pos"
[1] 0.002062592 0.990418487
[1] "Fitting mu0 = E[Y|A=0,W]"
[1] "Iteration number: 359"
[1] "pos"
[1] 0.002522317 0.989429972
[1] "Fitting mu0 = E[Y|A=0,W]"
[1] "Iteration number: 360"
[1] "pos"
[1] 0.002052138 0.989768714
[1] "Fitting mu0 = E[Y|A=0,W]"
[1] "Iteration number: 361"
[1] "pos"
[1] 0.003410077 0.991016127
[1] "Fitting mu0 = E[Y|A=0,W]"
[1] "Iteration number: 362"
[1] "pos"
[1] 0.002586914 0.991639747
[1] "Fitting mu0 = E[Y|A=0,W]"
[1] "Iteration number: 363"
[1] "pos"
[1] 0.002537765 0.989785276
[1] "Fitting mu0 = E[Y|A=0,W]"
[1] "Iteration number: 364"
[1] "pos"
[1] 0.00315316 0.98712961
[1] "Fitting mu0 = E[Y|A=0,W]"
[1] "Iteration number: 365"
[1] "pos"
[1] 0.002400816 0.990742192
[1] "Fitting mu0 = E[Y|A=0,W]"
[1] "Iteration number: 366"
[1] "pos"
[1] 0.002929114 0.991184986
[1] "Fitting mu0 = E[Y|A=0,W]"
[1] "Iteration number: 367"
[1] "pos"
[1] 0.001844409 0.991466718
[1] "Fitting mu0 = E[Y|A=0,W]"
[1] "Iteration number: 368"
[1] "pos"
[1] 0.003138513 0.987827925
[1] "Fitting mu0 = E[Y|A=0,W]"
[1] "Iteration number: 369"
[1] "pos"
[1] 0.002166831 0.991404917
[1] "Fitting mu0 = E[Y|A=0,W]"
[1] "Iteration number: 370"
[1] "pos"
[1] 0.003206103 0.987391914
[1] "Fitting mu0 = E[Y|A=0,W]"
[1] "Iteration number: 371"
[1] "pos"
[1] 0.001948244 0.990230489
[1] "Fitting mu0 = E[Y|A=0,W]"
[1] "Iteration number: 372"
[1] "pos"
[1] 0.002305504 0.992209905
[1] "Fitting mu0 = E[Y|A=0,W]"
[1] "Iteration number: 373"
[1] "pos"
[1] 0.002037573 0.991410843
[1] "Fitting mu0 = E[Y|A=0,W]"
[1] "Iteration number: 374"
[1] "pos"
[1] 0.002351934 0.992265729
[1] "Fitting mu0 = E[Y|A=0,W]"
[1] "Iteration number: 375"
[1] "pos"
[1] 0.002340943 0.989827677
[1] "Fitting mu0 = E[Y|A=0,W]"
[1] "Iteration number: 376"
[1] "pos"
[1] 0.002299993 0.986321251
[1] "Fitting mu0 = E[Y|A=0,W]"
[1] "Iteration number: 377"
[1] "pos"
[1] 0.001772408 0.992232760
[1] "Fitting mu0 = E[Y|A=0,W]"
[1] "Iteration number: 378"
[1] "pos"
[1] 0.003078898 0.989230737
[1] "Fitting mu0 = E[Y|A=0,W]"
[1] "Iteration number: 379"
[1] "pos"
[1] 0.001706349 0.990737873
[1] "Fitting mu0 = E[Y|A=0,W]"
[1] "Iteration number: 380"
[1] "pos"
[1] 0.00317553 0.99072381
[1] "Fitting mu0 = E[Y|A=0,W]"
[1] "Iteration number: 381"
[1] "pos"
[1] 0.002191118 0.990754324
[1] "Fitting mu0 = E[Y|A=0,W]"
[1] "Iteration number: 382"
[1] "pos"
[1] 0.002255437 0.991464862
[1] "Fitting mu0 = E[Y|A=0,W]"
[1] "Iteration number: 383"
[1] "pos"
[1] 0.002720847 0.988241271
[1] "Fitting mu0 = E[Y|A=0,W]"
[1] "Iteration number: 384"
[1] "pos"
[1] 0.002738903 0.990375796
[1] "Fitting mu0 = E[Y|A=0,W]"
[1] "Iteration number: 385"
[1] "pos"
[1] 0.002035938 0.988208449
[1] "Fitting mu0 = E[Y|A=0,W]"
[1] "Iteration number: 386"
[1] "pos"
[1] 0.001791446 0.991139820
[1] "Fitting mu0 = E[Y|A=0,W]"
[1] "Iteration number: 387"
[1] "pos"
[1] 0.00173492 0.98453739
[1] "Fitting mu0 = E[Y|A=0,W]"
[1] "Iteration number: 388"
[1] "pos"
[1] 0.002974935 0.990710013
[1] "Fitting mu0 = E[Y|A=0,W]"
[1] "Iteration number: 389"
[1] "pos"
[1] 0.001950095 0.986939857
[1] "Fitting mu0 = E[Y|A=0,W]"
[1] "Iteration number: 390"
[1] "pos"
[1] 0.005071422 0.991966041
[1] "Fitting mu0 = E[Y|A=0,W]"
[1] "Iteration number: 391"
[1] "pos"
[1] 0.00241632 0.98472715
[1] "Fitting mu0 = E[Y|A=0,W]"
[1] "Iteration number: 392"
[1] "pos"
[1] 0.00158246 0.98714457
[1] "Fitting mu0 = E[Y|A=0,W]"
[1] "Iteration number: 393"
[1] "pos"
[1] 0.002066225 0.987475513
[1] "Fitting mu0 = E[Y|A=0,W]"
[1] "Iteration number: 394"
[1] "pos"
[1] 0.002529231 0.989136018
[1] "Fitting mu0 = E[Y|A=0,W]"
[1] "Iteration number: 395"
[1] "pos"
[1] 0.00254732 0.98676951
[1] "Fitting mu0 = E[Y|A=0,W]"
[1] "Iteration number: 396"
[1] "pos"
[1] 0.002397368 0.989017177
[1] "Fitting mu0 = E[Y|A=0,W]"
[1] "Iteration number: 397"
[1] "pos"
[1] 0.001896779 0.986310901
[1] "Fitting mu0 = E[Y|A=0,W]"
[1] "Iteration number: 398"
[1] "pos"
[1] 0.002928069 0.987011846
[1] "Fitting mu0 = E[Y|A=0,W]"
[1] "Iteration number: 399"
[1] "pos"
[1] 0.00164472 0.98972867
[1] "Fitting mu0 = E[Y|A=0,W]"
[1] "Iteration number: 400"
[1] "pos"
[1] 0.001746609 0.991628507
[1] "Fitting mu0 = E[Y|A=0,W]"
[1] "Iteration number: 401"
[1] "pos"
[1] 0.003128375 0.991240825
[1] "Fitting mu0 = E[Y|A=0,W]"
[1] "Iteration number: 402"
[1] "pos"
[1] 0.002296538 0.988658776
[1] "Fitting mu0 = E[Y|A=0,W]"
[1] "Iteration number: 403"
[1] "pos"
[1] 0.001764079 0.988162643
[1] "Fitting mu0 = E[Y|A=0,W]"
[1] "Iteration number: 404"
[1] "pos"
[1] 0.002706888 0.989173484
[1] "Fitting mu0 = E[Y|A=0,W]"
[1] "Iteration number: 405"
[1] "pos"
[1] 0.002221127 0.991557565
[1] "Fitting mu0 = E[Y|A=0,W]"
[1] "Iteration number: 406"
[1] "pos"
[1] 0.002340997 0.990119786
[1] "Fitting mu0 = E[Y|A=0,W]"
[1] "Iteration number: 407"
[1] "pos"
[1] 0.002455692 0.990872886
[1] "Fitting mu0 = E[Y|A=0,W]"
[1] "Iteration number: 408"
[1] "pos"
[1] 0.004339981 0.990384011
[1] "Fitting mu0 = E[Y|A=0,W]"
[1] "Iteration number: 409"
[1] "pos"
[1] 0.001856343 0.991114888
[1] "Fitting mu0 = E[Y|A=0,W]"
[1] "Iteration number: 410"
[1] "pos"
[1] 0.002664273 0.983918919
[1] "Fitting mu0 = E[Y|A=0,W]"
[1] "Iteration number: 411"
[1] "pos"
[1] 0.002934701 0.989424627
[1] "Fitting mu0 = E[Y|A=0,W]"
[1] "Iteration number: 412"
[1] "pos"
[1] 0.001652495 0.991189016
[1] "Fitting mu0 = E[Y|A=0,W]"
[1] "Iteration number: 413"
[1] "pos"
[1] 0.002260224 0.988283759
[1] "Fitting mu0 = E[Y|A=0,W]"
[1] "Iteration number: 414"
[1] "pos"
[1] 0.001642287 0.990229136
[1] "Fitting mu0 = E[Y|A=0,W]"
[1] "Iteration number: 415"
[1] "pos"
[1] 0.002222578 0.990615514
[1] "Fitting mu0 = E[Y|A=0,W]"
[1] "Iteration number: 416"
[1] "pos"
[1] 0.001872932 0.990415595
[1] "Fitting mu0 = E[Y|A=0,W]"
[1] "Iteration number: 417"
[1] "pos"
[1] 0.002246031 0.990179967
[1] "Fitting mu0 = E[Y|A=0,W]"
[1] "Iteration number: 418"
[1] "pos"
[1] 0.001779337 0.987911629
[1] "Fitting mu0 = E[Y|A=0,W]"
[1] "Iteration number: 419"
[1] "pos"
[1] 0.001904709 0.988491859
[1] "Fitting mu0 = E[Y|A=0,W]"
[1] "Iteration number: 420"
[1] "pos"
[1] 0.002004034 0.991135213
[1] "Fitting mu0 = E[Y|A=0,W]"
[1] "Iteration number: 421"
[1] "pos"
[1] 0.001994801 0.987958124
[1] "Fitting mu0 = E[Y|A=0,W]"
[1] "Iteration number: 422"
[1] "pos"
[1] 0.003173428 0.992035472
[1] "Fitting mu0 = E[Y|A=0,W]"
[1] "Iteration number: 423"
[1] "pos"
[1] 0.002543596 0.990943911
[1] "Fitting mu0 = E[Y|A=0,W]"
[1] "Iteration number: 424"
[1] "pos"
[1] 0.001691943 0.988546285
[1] "Fitting mu0 = E[Y|A=0,W]"
[1] "Iteration number: 425"
[1] "pos"
[1] 0.001699731 0.988282820
[1] "Fitting mu0 = E[Y|A=0,W]"
[1] "Iteration number: 426"
[1] "pos"
[1] 0.002686833 0.988153499
[1] "Fitting mu0 = E[Y|A=0,W]"
[1] "Iteration number: 427"
[1] "pos"
[1] 0.002251669 0.991685480
[1] "Fitting mu0 = E[Y|A=0,W]"
[1] "Iteration number: 428"
[1] "pos"
[1] 0.002887227 0.991238877
[1] "Fitting mu0 = E[Y|A=0,W]"
[1] "Iteration number: 429"
[1] "pos"
[1] 0.001957022 0.986850179
[1] "Fitting mu0 = E[Y|A=0,W]"
[1] "Iteration number: 430"
[1] "pos"
[1] 0.002041033 0.988059762
[1] "Fitting mu0 = E[Y|A=0,W]"
[1] "Iteration number: 431"
[1] "pos"
[1] 0.002813698 0.986807467
[1] "Fitting mu0 = E[Y|A=0,W]"
[1] "Iteration number: 432"
[1] "pos"
[1] 0.00220135 0.99129744
[1] "Fitting mu0 = E[Y|A=0,W]"
[1] "Iteration number: 433"
[1] "pos"
[1] 0.002558859 0.987525249
[1] "Fitting mu0 = E[Y|A=0,W]"
[1] "Iteration number: 434"
[1] "pos"
[1] 0.001769682 0.979177575
[1] "Fitting mu0 = E[Y|A=0,W]"
[1] "Iteration number: 435"
[1] "pos"
[1] 0.002797432 0.986365651
[1] "Fitting mu0 = E[Y|A=0,W]"
[1] "Iteration number: 436"
[1] "pos"
[1] 0.001825315 0.988828998
[1] "Fitting mu0 = E[Y|A=0,W]"
[1] "Iteration number: 437"
[1] "pos"
[1] 0.002847411 0.991235139
[1] "Fitting mu0 = E[Y|A=0,W]"
[1] "Iteration number: 438"
[1] "pos"
[1] 0.001897903 0.988646057
[1] "Fitting mu0 = E[Y|A=0,W]"
[1] "Iteration number: 439"
[1] "pos"
[1] 0.00191394 0.99109752
[1] "Fitting mu0 = E[Y|A=0,W]"
[1] "Iteration number: 440"
[1] "pos"
[1] 0.001924314 0.986181371
[1] "Fitting mu0 = E[Y|A=0,W]"
[1] "Iteration number: 441"
[1] "pos"
[1] 0.002098171 0.990158292
[1] "Fitting mu0 = E[Y|A=0,W]"
[1] "Iteration number: 442"
[1] "pos"
[1] 0.002060631 0.990403451
[1] "Fitting mu0 = E[Y|A=0,W]"
[1] "Iteration number: 443"
[1] "pos"
[1] 0.001881347 0.991512599
[1] "Fitting mu0 = E[Y|A=0,W]"
[1] "Iteration number: 444"
[1] "pos"
[1] 0.004301101 0.992354948
[1] "Fitting mu0 = E[Y|A=0,W]"
[1] "Iteration number: 445"
[1] "pos"
[1] 0.002674285 0.991873266
[1] "Fitting mu0 = E[Y|A=0,W]"
[1] "Iteration number: 446"
[1] "pos"
[1] 0.002033353 0.991757294
[1] "Fitting mu0 = E[Y|A=0,W]"
[1] "Iteration number: 447"
[1] "pos"
[1] 0.001781197 0.991979352
[1] "Fitting mu0 = E[Y|A=0,W]"
[1] "Iteration number: 448"
[1] "pos"
[1] 0.002205359 0.991294450
[1] "Fitting mu0 = E[Y|A=0,W]"
[1] "Iteration number: 449"
[1] "pos"
[1] 0.002096653 0.987905431
[1] "Fitting mu0 = E[Y|A=0,W]"
[1] "Iteration number: 450"
[1] "pos"
[1] 0.001824064 0.989471480
[1] "Fitting mu0 = E[Y|A=0,W]"
[1] "Iteration number: 451"
[1] "pos"
[1] 0.001958158 0.986664519
[1] "Fitting mu0 = E[Y|A=0,W]"
[1] "Iteration number: 452"
[1] "pos"
[1] 0.002450988 0.988890617
[1] "Fitting mu0 = E[Y|A=0,W]"
[1] "Iteration number: 453"
[1] "pos"
[1] 0.002539452 0.990371815
[1] "Fitting mu0 = E[Y|A=0,W]"
[1] "Iteration number: 454"
[1] "pos"
[1] 0.002219242 0.989111056
[1] "Fitting mu0 = E[Y|A=0,W]"
[1] "Iteration number: 455"
[1] "pos"
[1] 0.002635617 0.991595937
[1] "Fitting mu0 = E[Y|A=0,W]"
[1] "Iteration number: 456"
[1] "pos"
[1] 0.003115554 0.988461205
[1] "Fitting mu0 = E[Y|A=0,W]"
[1] "Iteration number: 457"
[1] "pos"
[1] 0.002108402 0.990312546
[1] "Fitting mu0 = E[Y|A=0,W]"
[1] "Iteration number: 458"
[1] "pos"
[1] 0.001884093 0.988749193
[1] "Fitting mu0 = E[Y|A=0,W]"
[1] "Iteration number: 459"
[1] "pos"
[1] 0.002283759 0.990751941
[1] "Fitting mu0 = E[Y|A=0,W]"
[1] "Iteration number: 460"
[1] "pos"
[1] 0.001638605 0.990755369
[1] "Fitting mu0 = E[Y|A=0,W]"
[1] "Iteration number: 461"
[1] "pos"
[1] 0.003293056 0.987946324
[1] "Fitting mu0 = E[Y|A=0,W]"
[1] "Iteration number: 462"
[1] "pos"
[1] 0.002935659 0.989658696
[1] "Fitting mu0 = E[Y|A=0,W]"
[1] "Iteration number: 463"
[1] "pos"
[1] 0.001855353 0.988512169
[1] "Fitting mu0 = E[Y|A=0,W]"
[1] "Iteration number: 464"
[1] "pos"
[1] 0.001731013 0.990910977
[1] "Fitting mu0 = E[Y|A=0,W]"
[1] "Iteration number: 465"
[1] "pos"
[1] 0.002730808 0.990448262
[1] "Fitting mu0 = E[Y|A=0,W]"
[1] "Iteration number: 466"
[1] "pos"
[1] 0.001960381 0.988509958
[1] "Fitting mu0 = E[Y|A=0,W]"
[1] "Iteration number: 467"
[1] "pos"
[1] 0.003456379 0.991133795
[1] "Fitting mu0 = E[Y|A=0,W]"
[1] "Iteration number: 468"
[1] "pos"
[1] 0.002065621 0.990787383
[1] "Fitting mu0 = E[Y|A=0,W]"
[1] "Iteration number: 469"
[1] "pos"
[1] 0.002424282 0.990258961
[1] "Fitting mu0 = E[Y|A=0,W]"
[1] "Iteration number: 470"
[1] "pos"
[1] 0.00201932 0.99093389
[1] "Fitting mu0 = E[Y|A=0,W]"
[1] "Iteration number: 471"
[1] "pos"
[1] 0.002788957 0.988339784
[1] "Fitting mu0 = E[Y|A=0,W]"
[1] "Iteration number: 472"
[1] "pos"
[1] 0.002022158 0.991399371
[1] "Fitting mu0 = E[Y|A=0,W]"
[1] "Iteration number: 473"
[1] "pos"
[1] 0.002014241 0.989504815
[1] "Fitting mu0 = E[Y|A=0,W]"
[1] "Iteration number: 474"
[1] "pos"
[1] 0.002480763 0.985972071
[1] "Fitting mu0 = E[Y|A=0,W]"
[1] "Iteration number: 475"
[1] "pos"
[1] 0.001922921 0.986443535
[1] "Fitting mu0 = E[Y|A=0,W]"
[1] "Iteration number: 476"
[1] "pos"
[1] 0.002063699 0.990482698
[1] "Fitting mu0 = E[Y|A=0,W]"
[1] "Iteration number: 477"
[1] "pos"
[1] 0.002066832 0.989232731
[1] "Fitting mu0 = E[Y|A=0,W]"
[1] "Iteration number: 478"
[1] "pos"
[1] 0.00260893 0.99167478
[1] "Fitting mu0 = E[Y|A=0,W]"
[1] "Iteration number: 479"
[1] "pos"
[1] 0.002081753 0.989698432
[1] "Fitting mu0 = E[Y|A=0,W]"
[1] "Iteration number: 480"
[1] "pos"
[1] 0.001834536 0.986754240
[1] "Fitting mu0 = E[Y|A=0,W]"
[1] "Iteration number: 481"
[1] "pos"
[1] 0.002222415 0.987319410
[1] "Fitting mu0 = E[Y|A=0,W]"
[1] "Iteration number: 482"
[1] "pos"
[1] 0.002256645 0.979113966
[1] "Fitting mu0 = E[Y|A=0,W]"
[1] "Iteration number: 483"
[1] "pos"
[1] 0.001750615 0.989359417
[1] "Fitting mu0 = E[Y|A=0,W]"
[1] "Iteration number: 484"
[1] "pos"
[1] 0.002102752 0.991131698
[1] "Fitting mu0 = E[Y|A=0,W]"
[1] "Iteration number: 485"
[1] "pos"
[1] 0.002905269 0.991540131
[1] "Fitting mu0 = E[Y|A=0,W]"
[1] "Iteration number: 486"
[1] "pos"
[1] 0.002245936 0.990807419
[1] "Fitting mu0 = E[Y|A=0,W]"
[1] "Iteration number: 487"
[1] "pos"
[1] 0.00205309 0.99039793
[1] "Fitting mu0 = E[Y|A=0,W]"
[1] "Iteration number: 488"
[1] "pos"
[1] 0.00174702 0.99223747
[1] "Fitting mu0 = E[Y|A=0,W]"
[1] "Iteration number: 489"
[1] "pos"
[1] 0.002230098 0.991142302
[1] "Fitting mu0 = E[Y|A=0,W]"
[1] "Iteration number: 490"
[1] "pos"
[1] 0.001967004 0.991086130
[1] "Fitting mu0 = E[Y|A=0,W]"
[1] "Iteration number: 491"
[1] "pos"
[1] 0.00614438 0.98891972
[1] "Fitting mu0 = E[Y|A=0,W]"
[1] "Iteration number: 492"
[1] "pos"
[1] 0.002136532 0.990185961
[1] "Fitting mu0 = E[Y|A=0,W]"
[1] "Iteration number: 493"
[1] "pos"
[1] 0.00191024 0.99002646
[1] "Fitting mu0 = E[Y|A=0,W]"
[1] "Iteration number: 494"
[1] "pos"
[1] 0.001863293 0.987760028
[1] "Fitting mu0 = E[Y|A=0,W]"
[1] "Iteration number: 495"
[1] "pos"
[1] 0.003222687 0.988519327
[1] "Fitting mu0 = E[Y|A=0,W]"
[1] "Iteration number: 496"
[1] "pos"
[1] 0.003256591 0.988532755
[1] "Fitting mu0 = E[Y|A=0,W]"
[1] "Iteration number: 497"
[1] "pos"
[1] 0.002587832 0.988697772
[1] "Fitting mu0 = E[Y|A=0,W]"
[1] "Iteration number: 498"
[1] "pos"
[1] 0.002015293 0.989106375
[1] "Fitting mu0 = E[Y|A=0,W]"
[1] "Iteration number: 499"
[1] "pos"
[1] 0.003211277 0.991542857
[1] "Fitting mu0 = E[Y|A=0,W]"
[1] "Iteration number: 500"
[1] "pos"
[1] 0.001944166 0.987471747
[1] "Fitting mu0 = E[Y|A=0,W]"
[1] "Iteration number: 501"
[1] "pos"
[1] 0.002284703 0.991352243
[1] "Fitting mu0 = E[Y|A=0,W]"
[1] "Iteration number: 502"
[1] "pos"
[1] 0.001783793 0.987495126
[1] "Fitting mu0 = E[Y|A=0,W]"
[1] "Iteration number: 503"
[1] "pos"
[1] 0.002745083 0.990008767
[1] "Fitting mu0 = E[Y|A=0,W]"
[1] "Iteration number: 504"
[1] "pos"
[1] 0.001801933 0.989248302
[1] "Fitting mu0 = E[Y|A=0,W]"
[1] "Iteration number: 505"
[1] "pos"
[1] 0.002056456 0.988159293
[1] "Fitting mu0 = E[Y|A=0,W]"
[1] "Iteration number: 506"
[1] "pos"
[1] 0.002183873 0.992344600
[1] "Fitting mu0 = E[Y|A=0,W]"
[1] "Iteration number: 507"
[1] "pos"
[1] 0.002027483 0.987809504
[1] "Fitting mu0 = E[Y|A=0,W]"
[1] "Iteration number: 508"
[1] "pos"
[1] 0.002245856 0.990089835
[1] "Fitting mu0 = E[Y|A=0,W]"
[1] "Iteration number: 509"
[1] "pos"
[1] 0.002478662 0.985822492
[1] "Fitting mu0 = E[Y|A=0,W]"
[1] "Iteration number: 510"
[1] "pos"
[1] 0.001962936 0.988692616
[1] "Fitting mu0 = E[Y|A=0,W]"
[1] "Iteration number: 511"
[1] "pos"
[1] 0.002335606 0.988182477
[1] "Fitting mu0 = E[Y|A=0,W]"
[1] "Iteration number: 512"
[1] "pos"
[1] 0.001849957 0.988000692
[1] "Fitting mu0 = E[Y|A=0,W]"
[1] "Iteration number: 513"
[1] "pos"
[1] 0.002031754 0.987307376
[1] "Fitting mu0 = E[Y|A=0,W]"
[1] "Iteration number: 514"
[1] "pos"
[1] 0.002256746 0.984182633
[1] "Fitting mu0 = E[Y|A=0,W]"
[1] "Iteration number: 515"
[1] "pos"
[1] 0.001989243 0.990625651
[1] "Fitting mu0 = E[Y|A=0,W]"
[1] "Iteration number: 516"
[1] "pos"
[1] 0.002029386 0.983574513
[1] "Fitting mu0 = E[Y|A=0,W]"
[1] "Iteration number: 517"
[1] "pos"
[1] 0.001823289 0.989318889
[1] "Fitting mu0 = E[Y|A=0,W]"
[1] "Iteration number: 518"
[1] "pos"
[1] 0.003105961 0.991838542
[1] "Fitting mu0 = E[Y|A=0,W]"
[1] "Iteration number: 519"
[1] "pos"
[1] 0.002315021 0.983894270
[1] "Fitting mu0 = E[Y|A=0,W]"
[1] "Iteration number: 520"
[1] "pos"
[1] 0.001854125 0.990181888
[1] "Fitting mu0 = E[Y|A=0,W]"
[1] "Iteration number: 521"
[1] "pos"
[1] 0.001990376 0.988606229
[1] "Fitting mu0 = E[Y|A=0,W]"
[1] "Iteration number: 522"
[1] "pos"
[1] 0.002804251 0.988256897
[1] "Fitting mu0 = E[Y|A=0,W]"
[1] "Iteration number: 523"
[1] "pos"
[1] 0.001710043 0.988074377
[1] "Fitting mu0 = E[Y|A=0,W]"
[1] "Iteration number: 524"
[1] "pos"
[1] 0.001782812 0.991498288
[1] "Fitting mu0 = E[Y|A=0,W]"
[1] "Iteration number: 525"
[1] "pos"
[1] 0.002990387 0.986260950
[1] "Fitting mu0 = E[Y|A=0,W]"
[1] "Iteration number: 526"
[1] "pos"
[1] 0.001940928 0.984517953
[1] "Fitting mu0 = E[Y|A=0,W]"
[1] "Iteration number: 527"
[1] "pos"
[1] 0.001648541 0.989562629
[1] "Fitting mu0 = E[Y|A=0,W]"
[1] "Iteration number: 528"
[1] "pos"
[1] 0.003084717 0.989651634
[1] "Fitting mu0 = E[Y|A=0,W]"
[1] "Iteration number: 529"
[1] "pos"
[1] 0.003222296 0.988958471
[1] "Fitting mu0 = E[Y|A=0,W]"
[1] "Iteration number: 530"
[1] "pos"
[1] 0.002950914 0.989263655
[1] "Fitting mu0 = E[Y|A=0,W]"
[1] "Iteration number: 531"
[1] "pos"
[1] 0.001762798 0.987251688
[1] "Fitting mu0 = E[Y|A=0,W]"
[1] "Iteration number: 532"
[1] "pos"
[1] 0.001967891 0.988342227
[1] "Fitting mu0 = E[Y|A=0,W]"
[1] "Iteration number: 533"
[1] "pos"
[1] 0.003190058 0.989635738
[1] "Fitting mu0 = E[Y|A=0,W]"
[1] "Iteration number: 534"
[1] "pos"
[1] 0.002208072 0.987663505
[1] "Fitting mu0 = E[Y|A=0,W]"
[1] "Iteration number: 535"
[1] "pos"
[1] 0.002533698 0.989914958
[1] "Fitting mu0 = E[Y|A=0,W]"
[1] "Iteration number: 536"
[1] "pos"
[1] 0.00175102 0.98898667
[1] "Fitting mu0 = E[Y|A=0,W]"
[1] "Iteration number: 537"
[1] "pos"
[1] 0.003157506 0.989123264
[1] "Fitting mu0 = E[Y|A=0,W]"
[1] "Iteration number: 538"
[1] "pos"
[1] 0.001982659 0.988556249
[1] "Fitting mu0 = E[Y|A=0,W]"
[1] "Iteration number: 539"
[1] "pos"
[1] 0.002136797 0.991180938
[1] "Fitting mu0 = E[Y|A=0,W]"
[1] "Iteration number: 540"
[1] "pos"
[1] 0.003959897 0.991953294
[1] "Fitting mu0 = E[Y|A=0,W]"
[1] "Iteration number: 541"
[1] "pos"
[1] 0.003491015 0.986188179
[1] "Fitting mu0 = E[Y|A=0,W]"
[1] "Iteration number: 542"
[1] "pos"
[1] 0.001903965 0.990452080
[1] "Fitting mu0 = E[Y|A=0,W]"
[1] "Iteration number: 543"
[1] "pos"
[1] 0.001905995 0.987142523
[1] "Fitting mu0 = E[Y|A=0,W]"
[1] "Iteration number: 544"
[1] "pos"
[1] 0.001650176 0.989476308
[1] "Fitting mu0 = E[Y|A=0,W]"
[1] "Iteration number: 545"
[1] "pos"
[1] 0.003239284 0.990925510
[1] "Fitting mu0 = E[Y|A=0,W]"
[1] "Iteration number: 546"
[1] "pos"
[1] 0.002529383 0.990692674
[1] "Fitting mu0 = E[Y|A=0,W]"
[1] "Iteration number: 547"
[1] "pos"
[1] 0.003021828 0.990102600
[1] "Fitting mu0 = E[Y|A=0,W]"
[1] "Iteration number: 548"
[1] "pos"
[1] 0.002705839 0.990036782
[1] "Fitting mu0 = E[Y|A=0,W]"
[1] "Iteration number: 549"
[1] "pos"
[1] 0.002656902 0.988783893
[1] "Fitting mu0 = E[Y|A=0,W]"
[1] "Iteration number: 550"
[1] "pos"
[1] 0.002557222 0.991047813
[1] "Fitting mu0 = E[Y|A=0,W]"
[1] "Iteration number: 551"
[1] "pos"
[1] 0.002957892 0.989120385
[1] "Fitting mu0 = E[Y|A=0,W]"
[1] "Iteration number: 552"
[1] "pos"
[1] 0.001963693 0.991096810
[1] "Fitting mu0 = E[Y|A=0,W]"
[1] "Iteration number: 553"
[1] "pos"
[1] 0.002338236 0.989464671
[1] "Fitting mu0 = E[Y|A=0,W]"
[1] "Iteration number: 554"
[1] "pos"
[1] 0.001902822 0.989902575
[1] "Fitting mu0 = E[Y|A=0,W]"
[1] "Iteration number: 555"
[1] "pos"
[1] 0.002890362 0.990377597
[1] "Fitting mu0 = E[Y|A=0,W]"
[1] "Iteration number: 556"
[1] "pos"
[1] 0.001630944 0.991232965
[1] "Fitting mu0 = E[Y|A=0,W]"
[1] "Iteration number: 557"
[1] "pos"
[1] 0.003269238 0.988731034
[1] "Fitting mu0 = E[Y|A=0,W]"
[1] "Iteration number: 558"
[1] "pos"
[1] 0.001932466 0.985537866
[1] "Fitting mu0 = E[Y|A=0,W]"
[1] "Iteration number: 559"
[1] "pos"
[1] 0.001551594 0.987985725
[1] "Fitting mu0 = E[Y|A=0,W]"
[1] "Iteration number: 560"
[1] "pos"
[1] 0.001866665 0.988893723
[1] "Fitting mu0 = E[Y|A=0,W]"
[1] "Iteration number: 561"
[1] "pos"
[1] 0.001731219 0.990896176
[1] "Fitting mu0 = E[Y|A=0,W]"
[1] "Iteration number: 562"
[1] "pos"
[1] 0.001947246 0.990995838
[1] "Fitting mu0 = E[Y|A=0,W]"
[1] "Iteration number: 563"
[1] "pos"
[1] 0.001676371 0.989199244
[1] "Fitting mu0 = E[Y|A=0,W]"
[1] "Iteration number: 564"
[1] "pos"
[1] 0.002095433 0.987465307
[1] "Fitting mu0 = E[Y|A=0,W]"
[1] "Iteration number: 565"
[1] "pos"
[1] 0.003133395 0.989574591
[1] "Fitting mu0 = E[Y|A=0,W]"
[1] "Iteration number: 566"
[1] "pos"
[1] 0.002422357 0.988628525
[1] "Fitting mu0 = E[Y|A=0,W]"
[1] "Iteration number: 567"
[1] "pos"
[1] 0.00197257 0.98627368
[1] "Fitting mu0 = E[Y|A=0,W]"
[1] "Iteration number: 568"
[1] "pos"
[1] 0.00205547 0.98994768
[1] "Fitting mu0 = E[Y|A=0,W]"
[1] "Iteration number: 569"
[1] "pos"
[1] 0.001876618 0.990231959
[1] "Fitting mu0 = E[Y|A=0,W]"
[1] "Iteration number: 570"
[1] "pos"
[1] 0.003151348 0.992285420
[1] "Fitting mu0 = E[Y|A=0,W]"
[1] "Iteration number: 571"
[1] "pos"
[1] 0.002958411 0.985080930
[1] "Fitting mu0 = E[Y|A=0,W]"
[1] "Iteration number: 572"
[1] "pos"
[1] 0.002086598 0.990403160
[1] "Fitting mu0 = E[Y|A=0,W]"
[1] "Iteration number: 573"
[1] "pos"
[1] 0.002766493 0.990443722
[1] "Fitting mu0 = E[Y|A=0,W]"
[1] "Iteration number: 574"
[1] "pos"
[1] 0.001898699 0.990802594
[1] "Fitting mu0 = E[Y|A=0,W]"
[1] "Iteration number: 575"
[1] "pos"
[1] 0.001920936 0.990238906
[1] "Fitting mu0 = E[Y|A=0,W]"
[1] "Iteration number: 576"
[1] "pos"
[1] 0.002638225 0.989825919
[1] "Fitting mu0 = E[Y|A=0,W]"
[1] "Iteration number: 577"
[1] "pos"
[1] 0.003025303 0.990342138
[1] "Fitting mu0 = E[Y|A=0,W]"
[1] "Iteration number: 578"
[1] "pos"
[1] 0.002108977 0.991125976
[1] "Fitting mu0 = E[Y|A=0,W]"
[1] "Iteration number: 579"
[1] "pos"
[1] 0.001845873 0.990378575
[1] "Fitting mu0 = E[Y|A=0,W]"
[1] "Iteration number: 580"
[1] "pos"
[1] 0.002592462 0.985749429
[1] "Fitting mu0 = E[Y|A=0,W]"
[1] "Iteration number: 581"
[1] "pos"
[1] 0.002029844 0.991535242
[1] "Fitting mu0 = E[Y|A=0,W]"
[1] "Iteration number: 582"
[1] "pos"
[1] 0.002351665 0.991155002
[1] "Fitting mu0 = E[Y|A=0,W]"
[1] "Iteration number: 583"
[1] "pos"
[1] 0.001794281 0.991387804
[1] "Fitting mu0 = E[Y|A=0,W]"
[1] "Iteration number: 584"
[1] "pos"
[1] 0.002640676 0.992166050
[1] "Fitting mu0 = E[Y|A=0,W]"
[1] "Iteration number: 585"
[1] "pos"
[1] 0.001836316 0.991533196
[1] "Fitting mu0 = E[Y|A=0,W]"
[1] "Iteration number: 586"
[1] "pos"
[1] 0.002165216 0.991595304
[1] "Fitting mu0 = E[Y|A=0,W]"
[1] "Iteration number: 587"
[1] "pos"
[1] 0.00188075 0.98867187
[1] "Fitting mu0 = E[Y|A=0,W]"
[1] "Iteration number: 588"
[1] "pos"
[1] 0.002566721 0.987173114
[1] "Fitting mu0 = E[Y|A=0,W]"
[1] "Iteration number: 589"
[1] "pos"
[1] 0.002957274 0.980519619
[1] "Fitting mu0 = E[Y|A=0,W]"
[1] "Iteration number: 590"
[1] "pos"
[1] 0.003040924 0.990717792
[1] "Fitting mu0 = E[Y|A=0,W]"
[1] "Iteration number: 591"
[1] "pos"
[1] 0.002134488 0.990149441
[1] "Fitting mu0 = E[Y|A=0,W]"
[1] "Iteration number: 592"
[1] "pos"
[1] 0.002005342 0.988852842
[1] "Fitting mu0 = E[Y|A=0,W]"
[1] "Iteration number: 593"
[1] "pos"
[1] 0.002372497 0.990409128
[1] "Fitting mu0 = E[Y|A=0,W]"
[1] "Iteration number: 594"
[1] "pos"
[1] 0.001996274 0.990744748
[1] "Fitting mu0 = E[Y|A=0,W]"
[1] "Iteration number: 595"
[1] "pos"
[1] 0.002108839 0.986700648
[1] "Fitting mu0 = E[Y|A=0,W]"
[1] "Iteration number: 596"
[1] "pos"
[1] 0.002502015 0.990190717
[1] "Fitting mu0 = E[Y|A=0,W]"
[1] "Iteration number: 597"
[1] "pos"
[1] 0.002776579 0.989864730
[1] "Fitting mu0 = E[Y|A=0,W]"
[1] "Iteration number: 598"
[1] "pos"
[1] 0.002229029 0.987276686
[1] "Fitting mu0 = E[Y|A=0,W]"
[1] "Iteration number: 599"
[1] "pos"
[1] 0.003241209 0.990708863
[1] "Fitting mu0 = E[Y|A=0,W]"
[1] "Iteration number: 600"
[1] "pos"
[1] 0.003157796 0.991606847
[1] "Fitting mu0 = E[Y|A=0,W]"
[1] "Iteration number: 601"
[1] "pos"
[1] 0.002057104 0.989962979
[1] "Fitting mu0 = E[Y|A=0,W]"
[1] "Iteration number: 602"
[1] "pos"
[1] 0.001698191 0.987197886
[1] "Fitting mu0 = E[Y|A=0,W]"
[1] "Iteration number: 603"
[1] "pos"
[1] 0.003359442 0.989076599
[1] "Fitting mu0 = E[Y|A=0,W]"
[1] "Iteration number: 604"
[1] "pos"
[1] 0.002340784 0.991912111
[1] "Fitting mu0 = E[Y|A=0,W]"
[1] "Iteration number: 605"
[1] "pos"
[1] 0.002607125 0.990270343
[1] "Fitting mu0 = E[Y|A=0,W]"
[1] "Iteration number: 606"
[1] "pos"
[1] 0.00204528 0.98874299
[1] "Fitting mu0 = E[Y|A=0,W]"
[1] "Iteration number: 607"
[1] "pos"
[1] 0.002353689 0.988247027
[1] "Fitting mu0 = E[Y|A=0,W]"
[1] "Iteration number: 608"
[1] "pos"
[1] 0.002928563 0.985464216
[1] "Fitting mu0 = E[Y|A=0,W]"
[1] "Iteration number: 609"
[1] "pos"
[1] 0.002487326 0.990898559
[1] "Fitting mu0 = E[Y|A=0,W]"
[1] "Iteration number: 610"
[1] "pos"
[1] 0.002778788 0.986103655
[1] "Fitting mu0 = E[Y|A=0,W]"
[1] "Iteration number: 611"
[1] "pos"
[1] 0.001658775 0.990621737
[1] "Fitting mu0 = E[Y|A=0,W]"
[1] "Iteration number: 612"
[1] "pos"
[1] 0.00207362 0.98872176
[1] "Fitting mu0 = E[Y|A=0,W]"
[1] "Iteration number: 613"
[1] "pos"
[1] 0.002468359 0.990363054
[1] "Fitting mu0 = E[Y|A=0,W]"
[1] "Iteration number: 614"
[1] "pos"
[1] 0.003306414 0.988478358
[1] "Fitting mu0 = E[Y|A=0,W]"
[1] "Iteration number: 615"
[1] "pos"
[1] 0.002680829 0.991565309
[1] "Fitting mu0 = E[Y|A=0,W]"
[1] "Iteration number: 616"
[1] "pos"
[1] 0.003752099 0.989929104
[1] "Fitting mu0 = E[Y|A=0,W]"
[1] "Iteration number: 617"
[1] "pos"
[1] 0.002533871 0.989845507
[1] "Fitting mu0 = E[Y|A=0,W]"
[1] "Iteration number: 618"
[1] "pos"
[1] 0.002185617 0.985134516
[1] "Fitting mu0 = E[Y|A=0,W]"
[1] "Iteration number: 619"
[1] "pos"
[1] 0.001902245 0.992547075
[1] "Fitting mu0 = E[Y|A=0,W]"
[1] "Iteration number: 620"
[1] "pos"
[1] 0.002706686 0.989666634
[1] "Fitting mu0 = E[Y|A=0,W]"
[1] "Iteration number: 621"
[1] "pos"
[1] 0.001837186 0.991918746
[1] "Fitting mu0 = E[Y|A=0,W]"
[1] "Iteration number: 622"
[1] "pos"
[1] 0.004185831 0.989723699
[1] "Fitting mu0 = E[Y|A=0,W]"
[1] "Iteration number: 623"
[1] "pos"
[1] 0.002248055 0.986529077
[1] "Fitting mu0 = E[Y|A=0,W]"
[1] "Iteration number: 624"
[1] "pos"
[1] 0.00396038 0.98950109
[1] "Fitting mu0 = E[Y|A=0,W]"
[1] "Iteration number: 625"
[1] "pos"
[1] 0.003162998 0.990365160
[1] "Fitting mu0 = E[Y|A=0,W]"
[1] "Iteration number: 626"
[1] "pos"
[1] 0.002457726 0.989925412
[1] "Fitting mu0 = E[Y|A=0,W]"
[1] "Iteration number: 627"
[1] "pos"
[1] 0.001654622 0.992224079
[1] "Fitting mu0 = E[Y|A=0,W]"
[1] "Iteration number: 628"
[1] "pos"
[1] 0.002032098 0.988983080
[1] "Fitting mu0 = E[Y|A=0,W]"
[1] "Iteration number: 629"
[1] "pos"
[1] 0.002081649 0.988742485
[1] "Fitting mu0 = E[Y|A=0,W]"
[1] "Iteration number: 630"
[1] "pos"
[1] 0.00242197 0.98700705
[1] "Fitting mu0 = E[Y|A=0,W]"
[1] "Iteration number: 631"
[1] "pos"
[1] 0.002455148 0.990735735
[1] "Fitting mu0 = E[Y|A=0,W]"
[1] "Iteration number: 632"
[1] "pos"
[1] 0.002229481 0.990752978
[1] "Fitting mu0 = E[Y|A=0,W]"
[1] "Iteration number: 633"
[1] "pos"
[1] 0.001661766 0.991540418
[1] "Fitting mu0 = E[Y|A=0,W]"
[1] "Iteration number: 634"
[1] "pos"
[1] 0.002594362 0.987556407
[1] "Fitting mu0 = E[Y|A=0,W]"
[1] "Iteration number: 635"
[1] "pos"
[1] 0.001573786 0.989290124
[1] "Fitting mu0 = E[Y|A=0,W]"
[1] "Iteration number: 636"
[1] "pos"
[1] 0.002995745 0.991408914
[1] "Fitting mu0 = E[Y|A=0,W]"
[1] "Iteration number: 637"
[1] "pos"
[1] 0.002114328 0.991379061
[1] "Fitting mu0 = E[Y|A=0,W]"
[1] "Iteration number: 638"
[1] "pos"
[1] 0.001854115 0.988179166
[1] "Fitting mu0 = E[Y|A=0,W]"
[1] "Iteration number: 639"
[1] "pos"
[1] 0.001746137 0.989144980
[1] "Fitting mu0 = E[Y|A=0,W]"
[1] "Iteration number: 640"
[1] "pos"
[1] 0.002049081 0.990224240
[1] "Fitting mu0 = E[Y|A=0,W]"
[1] "Iteration number: 641"
[1] "pos"
[1] 0.001815929 0.985095472
[1] "Fitting mu0 = E[Y|A=0,W]"
[1] "Iteration number: 642"
[1] "pos"
[1] 0.001648043 0.987315704
[1] "Fitting mu0 = E[Y|A=0,W]"
[1] "Iteration number: 643"
[1] "pos"
[1] 0.002099811 0.990010392
[1] "Fitting mu0 = E[Y|A=0,W]"
[1] "Iteration number: 644"
[1] "pos"
[1] 0.001844763 0.991052621
[1] "Fitting mu0 = E[Y|A=0,W]"
[1] "Iteration number: 645"
[1] "pos"
[1] 0.001750551 0.988664750
[1] "Fitting mu0 = E[Y|A=0,W]"
[1] "Iteration number: 646"
[1] "pos"
[1] 0.002094749 0.989474763
[1] "Fitting mu0 = E[Y|A=0,W]"
[1] "Iteration number: 647"
[1] "pos"
[1] 0.001949785 0.991457479
[1] "Fitting mu0 = E[Y|A=0,W]"
[1] "Iteration number: 648"
[1] "pos"
[1] 0.00322655 0.98976902
[1] "Fitting mu0 = E[Y|A=0,W]"
[1] "Iteration number: 649"
[1] "pos"
[1] 0.003147295 0.987111599
[1] "Fitting mu0 = E[Y|A=0,W]"
[1] "Iteration number: 650"
[1] "pos"
[1] 0.001799556 0.988394469
[1] "Fitting mu0 = E[Y|A=0,W]"
[1] "Iteration number: 651"
[1] "pos"
[1] 0.002682607 0.991364828
[1] "Fitting mu0 = E[Y|A=0,W]"
[1] "Iteration number: 652"
[1] "pos"
[1] 0.001636981 0.991354141
[1] "Fitting mu0 = E[Y|A=0,W]"
[1] "Iteration number: 653"
[1] "pos"
[1] 0.003118425 0.989250439
[1] "Fitting mu0 = E[Y|A=0,W]"
[1] "Iteration number: 654"
[1] "pos"
[1] 0.004379435 0.988546316
[1] "Fitting mu0 = E[Y|A=0,W]"
[1] "Iteration number: 655"
[1] "pos"
[1] 0.002414649 0.989531008
[1] "Fitting mu0 = E[Y|A=0,W]"
[1] "Iteration number: 656"
[1] "pos"
[1] 0.001706432 0.988469221
[1] "Fitting mu0 = E[Y|A=0,W]"
[1] "Iteration number: 657"
[1] "pos"
[1] 0.00296144 0.99248235
[1] "Fitting mu0 = E[Y|A=0,W]"
[1] "Iteration number: 658"
[1] "pos"
[1] 0.003391743 0.989644773
[1] "Fitting mu0 = E[Y|A=0,W]"
[1] "Iteration number: 659"
[1] "pos"
[1] 0.002512941 0.982253816
[1] "Fitting mu0 = E[Y|A=0,W]"
[1] "Iteration number: 660"
[1] "pos"
[1] 0.002633638 0.988838532
[1] "Fitting mu0 = E[Y|A=0,W]"
[1] "Iteration number: 661"
[1] "pos"
[1] 0.002381156 0.989966347
[1] "Fitting mu0 = E[Y|A=0,W]"
[1] "Iteration number: 662"
[1] "pos"
[1] 0.002502021 0.987363400
[1] "Fitting mu0 = E[Y|A=0,W]"
[1] "Iteration number: 663"
[1] "pos"
[1] 0.003521615 0.989829508
[1] "Fitting mu0 = E[Y|A=0,W]"
[1] "Iteration number: 664"
[1] "pos"
[1] 0.001937181 0.990228272
[1] "Fitting mu0 = E[Y|A=0,W]"
[1] "Iteration number: 665"
[1] "pos"
[1] 0.00196501 0.98936556
[1] "Fitting mu0 = E[Y|A=0,W]"
[1] "Iteration number: 666"
[1] "pos"
[1] 0.002322416 0.990085357
[1] "Fitting mu0 = E[Y|A=0,W]"
[1] "Iteration number: 667"
[1] "pos"
[1] 0.002399838 0.988174649
[1] "Fitting mu0 = E[Y|A=0,W]"
[1] "Iteration number: 668"
[1] "pos"
[1] 0.001865707 0.987122474
[1] "Fitting mu0 = E[Y|A=0,W]"
[1] "Iteration number: 669"
[1] "pos"
[1] 0.003064839 0.988735276
[1] "Fitting mu0 = E[Y|A=0,W]"
[1] "Iteration number: 670"
[1] "pos"
[1] 0.002240821 0.990096311
[1] "Fitting mu0 = E[Y|A=0,W]"
[1] "Iteration number: 671"
[1] "pos"
[1] 0.001887788 0.988759368
[1] "Fitting mu0 = E[Y|A=0,W]"
[1] "Iteration number: 672"
[1] "pos"
[1] 0.001937998 0.987650365
[1] "Fitting mu0 = E[Y|A=0,W]"
[1] "Iteration number: 673"
[1] "pos"
[1] 0.002174193 0.985057982
[1] "Fitting mu0 = E[Y|A=0,W]"
[1] "Iteration number: 674"
[1] "pos"
[1] 0.001668756 0.992178758
[1] "Fitting mu0 = E[Y|A=0,W]"
[1] "Iteration number: 675"
[1] "pos"
[1] 0.002384974 0.988971599
[1] "Fitting mu0 = E[Y|A=0,W]"
[1] "Iteration number: 676"
[1] "pos"
[1] 0.00228341 0.99028960
[1] "Fitting mu0 = E[Y|A=0,W]"
[1] "Iteration number: 677"
[1] "pos"
[1] 0.002467439 0.989969397
[1] "Fitting mu0 = E[Y|A=0,W]"
[1] "Iteration number: 678"
[1] "pos"
[1] 0.001801786 0.990781326
[1] "Fitting mu0 = E[Y|A=0,W]"
[1] "Iteration number: 679"
[1] "pos"
[1] 0.003130488 0.987327758
[1] "Fitting mu0 = E[Y|A=0,W]"
[1] "Iteration number: 680"
[1] "pos"
[1] 0.002100725 0.990449011
[1] "Fitting mu0 = E[Y|A=0,W]"
[1] "Iteration number: 681"
[1] "pos"
[1] 0.002596599 0.990555601
[1] "Fitting mu0 = E[Y|A=0,W]"
[1] "Iteration number: 682"
[1] "pos"
[1] 0.001849614 0.990251823
[1] "Fitting mu0 = E[Y|A=0,W]"
[1] "Iteration number: 683"
[1] "pos"
[1] 0.005203157 0.989025068
[1] "Fitting mu0 = E[Y|A=0,W]"
[1] "Iteration number: 684"
[1] "pos"
[1] 0.001921876 0.986035608
[1] "Fitting mu0 = E[Y|A=0,W]"
[1] "Iteration number: 685"
[1] "pos"
[1] 0.001847501 0.990917643
[1] "Fitting mu0 = E[Y|A=0,W]"
[1] "Iteration number: 686"
[1] "pos"
[1] 0.001904167 0.987912326
[1] "Fitting mu0 = E[Y|A=0,W]"
[1] "Iteration number: 687"
[1] "pos"
[1] 0.002366411 0.988976230
[1] "Fitting mu0 = E[Y|A=0,W]"
[1] "Iteration number: 688"
[1] "pos"
[1] 0.00177507 0.98939311
[1] "Fitting mu0 = E[Y|A=0,W]"
[1] "Iteration number: 689"
[1] "pos"
[1] 0.001743918 0.988851059
[1] "Fitting mu0 = E[Y|A=0,W]"
[1] "Iteration number: 690"
[1] "pos"
[1] 0.003257568 0.989465688
[1] "Fitting mu0 = E[Y|A=0,W]"
[1] "Iteration number: 691"
[1] "pos"
[1] 0.003542042 0.990130369
[1] "Fitting mu0 = E[Y|A=0,W]"
[1] "Iteration number: 692"
[1] "pos"
[1] 0.002742509 0.991520922
[1] "Fitting mu0 = E[Y|A=0,W]"
[1] "Iteration number: 693"
[1] "pos"
[1] 0.002781746 0.990526693
[1] "Fitting mu0 = E[Y|A=0,W]"
[1] "Iteration number: 694"
[1] "pos"
[1] 0.002331412 0.992075796
[1] "Fitting mu0 = E[Y|A=0,W]"
[1] "Iteration number: 695"
[1] "pos"
[1] 0.002070403 0.989677857
[1] "Fitting mu0 = E[Y|A=0,W]"
[1] "Iteration number: 696"
[1] "pos"
[1] 0.001888077 0.988454765
[1] "Fitting mu0 = E[Y|A=0,W]"
[1] "Iteration number: 697"
[1] "pos"
[1] 0.003427106 0.990335141
[1] "Fitting mu0 = E[Y|A=0,W]"
[1] "Iteration number: 698"
[1] "pos"
[1] 0.002122812 0.985882624
[1] "Fitting mu0 = E[Y|A=0,W]"
[1] "Iteration number: 699"
[1] "pos"
[1] 0.002068921 0.989461671
[1] "Fitting mu0 = E[Y|A=0,W]"
[1] "Iteration number: 700"
[1] "pos"
[1] 0.001916834 0.987100739
[1] "Fitting mu0 = E[Y|A=0,W]"
[1] "Iteration number: 701"
[1] "pos"
[1] 0.002160724 0.987078272
[1] "Fitting mu0 = E[Y|A=0,W]"
[1] "Iteration number: 702"
[1] "pos"
[1] 0.002278951 0.991297812
[1] "Fitting mu0 = E[Y|A=0,W]"
[1] "Iteration number: 703"
[1] "pos"
[1] 0.002360055 0.985299623
[1] "Fitting mu0 = E[Y|A=0,W]"
[1] "Iteration number: 704"
[1] "pos"
[1] 0.002197162 0.989717582
[1] "Fitting mu0 = E[Y|A=0,W]"
[1] "Iteration number: 705"
[1] "pos"
[1] 0.001883059 0.988816133
[1] "Fitting mu0 = E[Y|A=0,W]"
[1] "Iteration number: 706"
[1] "pos"
[1] 0.002285691 0.988239864
[1] "Fitting mu0 = E[Y|A=0,W]"
[1] "Iteration number: 707"
[1] "pos"
[1] 0.002283553 0.989505141
[1] "Fitting mu0 = E[Y|A=0,W]"
[1] "Iteration number: 708"
[1] "pos"
[1] 0.002627235 0.992465562
[1] "Fitting mu0 = E[Y|A=0,W]"
[1] "Iteration number: 709"
[1] "pos"
[1] 0.002253641 0.989945595
[1] "Fitting mu0 = E[Y|A=0,W]"
[1] "Iteration number: 710"
[1] "pos"
[1] 0.002518067 0.985719619
[1] "Fitting mu0 = E[Y|A=0,W]"
[1] "Iteration number: 711"
[1] "pos"
[1] 0.001931035 0.990564616
[1] "Fitting mu0 = E[Y|A=0,W]"
[1] "Iteration number: 712"
[1] "pos"
[1] 0.001721026 0.989919583
[1] "Fitting mu0 = E[Y|A=0,W]"
[1] "Iteration number: 713"
[1] "pos"
[1] 0.002172971 0.989862758
[1] "Fitting mu0 = E[Y|A=0,W]"
[1] "Iteration number: 714"
[1] "pos"
[1] 0.002877439 0.989092580
[1] "Fitting mu0 = E[Y|A=0,W]"
[1] "Iteration number: 715"
[1] "pos"
[1] 0.002343896 0.989001074
[1] "Fitting mu0 = E[Y|A=0,W]"
[1] "Iteration number: 716"
[1] "pos"
[1] 0.002540895 0.988489959
[1] "Fitting mu0 = E[Y|A=0,W]"
[1] "Iteration number: 717"
[1] "pos"
[1] 0.003588037 0.992091644
[1] "Fitting mu0 = E[Y|A=0,W]"
[1] "Iteration number: 718"
[1] "pos"
[1] 0.00418494 0.98922540
[1] "Fitting mu0 = E[Y|A=0,W]"
[1] "Iteration number: 719"
[1] "pos"
[1] 0.003333526 0.987999402
[1] "Fitting mu0 = E[Y|A=0,W]"
[1] "Iteration number: 720"
[1] "pos"
[1] 0.001700935 0.991001199
[1] "Fitting mu0 = E[Y|A=0,W]"
[1] "Iteration number: 721"
[1] "pos"
[1] 0.001634894 0.985599888
[1] "Fitting mu0 = E[Y|A=0,W]"
[1] "Iteration number: 722"
[1] "pos"
[1] 0.001844383 0.991429357
[1] "Fitting mu0 = E[Y|A=0,W]"
[1] "Iteration number: 723"
[1] "pos"
[1] 0.004111084 0.989601835
[1] "Fitting mu0 = E[Y|A=0,W]"
[1] "Iteration number: 724"
[1] "pos"
[1] 0.002133246 0.991607941
[1] "Fitting mu0 = E[Y|A=0,W]"
[1] "Iteration number: 725"
[1] "pos"
[1] 0.002179943 0.987974933
[1] "Fitting mu0 = E[Y|A=0,W]"
[1] "Iteration number: 726"
[1] "pos"
[1] 0.001848118 0.991031426
[1] "Fitting mu0 = E[Y|A=0,W]"
[1] "Iteration number: 727"
[1] "pos"
[1] 0.002042648 0.992043909
[1] "Fitting mu0 = E[Y|A=0,W]"
[1] "Iteration number: 728"
[1] "pos"
[1] 0.001761599 0.989528677
[1] "Fitting mu0 = E[Y|A=0,W]"
[1] "Iteration number: 729"
[1] "pos"
[1] 0.002165057 0.990222978
[1] "Fitting mu0 = E[Y|A=0,W]"
[1] "Iteration number: 730"
[1] "pos"
[1] 0.001592776 0.991622723
[1] "Fitting mu0 = E[Y|A=0,W]"
[1] "Iteration number: 731"
[1] "pos"
[1] 0.001797416 0.990063738
[1] "Fitting mu0 = E[Y|A=0,W]"
[1] "Iteration number: 732"
[1] "pos"
[1] 0.002408792 0.992122728
[1] "Fitting mu0 = E[Y|A=0,W]"
[1] "Iteration number: 733"
[1] "pos"
[1] 0.002280592 0.992261332
[1] "Fitting mu0 = E[Y|A=0,W]"
[1] "Iteration number: 734"
[1] "pos"
[1] 0.002055152 0.990790638
[1] "Fitting mu0 = E[Y|A=0,W]"
[1] "Iteration number: 735"
[1] "pos"
[1] 0.001833462 0.982684439
[1] "Fitting mu0 = E[Y|A=0,W]"
[1] "Iteration number: 736"
[1] "pos"
[1] 0.002797043 0.989167433
[1] "Fitting mu0 = E[Y|A=0,W]"
[1] "Iteration number: 737"
[1] "pos"
[1] 0.001963421 0.990484733
[1] "Fitting mu0 = E[Y|A=0,W]"
[1] "Iteration number: 738"
[1] "pos"
[1] 0.002214082 0.991625226
[1] "Fitting mu0 = E[Y|A=0,W]"
[1] "Iteration number: 739"
[1] "pos"
[1] 0.003536646 0.986312943
[1] "Fitting mu0 = E[Y|A=0,W]"
[1] "Iteration number: 740"
[1] "pos"
[1] 0.002299824 0.988734768
[1] "Fitting mu0 = E[Y|A=0,W]"
[1] "Iteration number: 741"
[1] "pos"
[1] 0.002237637 0.988783332
[1] "Fitting mu0 = E[Y|A=0,W]"
[1] "Iteration number: 742"
[1] "pos"
[1] 0.0027500 0.9860776
[1] "Fitting mu0 = E[Y|A=0,W]"
[1] "Iteration number: 743"
[1] "pos"
[1] 0.002700699 0.987179397
[1] "Fitting mu0 = E[Y|A=0,W]"
[1] "Iteration number: 744"
[1] "pos"
[1] 0.002693286 0.991047379
[1] "Fitting mu0 = E[Y|A=0,W]"
[1] "Iteration number: 745"
[1] "pos"
[1] 0.001655083 0.991131219
[1] "Fitting mu0 = E[Y|A=0,W]"
[1] "Iteration number: 746"
[1] "pos"
[1] 0.001992304 0.991970583
[1] "Fitting mu0 = E[Y|A=0,W]"
[1] "Iteration number: 747"
[1] "pos"
[1] 0.001733721 0.986424646
[1] "Fitting mu0 = E[Y|A=0,W]"
[1] "Iteration number: 748"
[1] "pos"
[1] 0.002281832 0.991522329
[1] "Fitting mu0 = E[Y|A=0,W]"
[1] "Iteration number: 749"
[1] "pos"
[1] 0.001792383 0.990826243
[1] "Fitting mu0 = E[Y|A=0,W]"
[1] "Iteration number: 750"
[1] "pos"
[1] 0.002229509 0.991638631
[1] "Fitting mu0 = E[Y|A=0,W]"
[1] "Iteration number: 751"
[1] "pos"
[1] 0.00189354 0.99162563
[1] "Fitting mu0 = E[Y|A=0,W]"
[1] "Iteration number: 752"
[1] "pos"
[1] 0.002529326 0.986119306
[1] "Fitting mu0 = E[Y|A=0,W]"
[1] "Iteration number: 753"
[1] "pos"
[1] 0.002166113 0.987788730
[1] "Fitting mu0 = E[Y|A=0,W]"
[1] "Iteration number: 754"
[1] "pos"
[1] 0.002258592 0.990939089
[1] "Fitting mu0 = E[Y|A=0,W]"
[1] "Iteration number: 755"
[1] "pos"
[1] 0.002459112 0.988061163
[1] "Fitting mu0 = E[Y|A=0,W]"
[1] "Iteration number: 756"
[1] "pos"
[1] 0.001972495 0.984660361
[1] "Fitting mu0 = E[Y|A=0,W]"
[1] "Iteration number: 757"
[1] "pos"
[1] 0.002531329 0.988310849
[1] "Fitting mu0 = E[Y|A=0,W]"
[1] "Iteration number: 758"
[1] "pos"
[1] 0.002865791 0.983508045
[1] "Fitting mu0 = E[Y|A=0,W]"
[1] "Iteration number: 759"
[1] "pos"
[1] 0.002711414 0.992208552
[1] "Fitting mu0 = E[Y|A=0,W]"
[1] "Iteration number: 760"
[1] "pos"
[1] 0.002908437 0.990231077
[1] "Fitting mu0 = E[Y|A=0,W]"
[1] "Iteration number: 761"
[1] "pos"
[1] 0.001881925 0.990735007
[1] "Fitting mu0 = E[Y|A=0,W]"
[1] "Iteration number: 762"
[1] "pos"
[1] 0.002083239 0.988458298
[1] "Fitting mu0 = E[Y|A=0,W]"
[1] "Iteration number: 763"
[1] "pos"
[1] 0.003967203 0.987422986
[1] "Fitting mu0 = E[Y|A=0,W]"
[1] "Iteration number: 764"
[1] "pos"
[1] 0.002004748 0.989783050
[1] "Fitting mu0 = E[Y|A=0,W]"
[1] "Iteration number: 765"
[1] "pos"
[1] 0.002319504 0.989871945
[1] "Fitting mu0 = E[Y|A=0,W]"
[1] "Iteration number: 766"
[1] "pos"
[1] 0.00180893 0.98960833
[1] "Fitting mu0 = E[Y|A=0,W]"
[1] "Iteration number: 767"
[1] "pos"
[1] 0.003143561 0.987972504
[1] "Fitting mu0 = E[Y|A=0,W]"
[1] "Iteration number: 768"
[1] "pos"
[1] 0.003031513 0.990695870
[1] "Fitting mu0 = E[Y|A=0,W]"
[1] "Iteration number: 769"
[1] "pos"
[1] 0.00191953 0.99145782
[1] "Fitting mu0 = E[Y|A=0,W]"
[1] "Iteration number: 770"
[1] "pos"
[1] 0.002080753 0.991687199
[1] "Fitting mu0 = E[Y|A=0,W]"
[1] "Iteration number: 771"
[1] "pos"
[1] 0.002725156 0.990761576
[1] "Fitting mu0 = E[Y|A=0,W]"
[1] "Iteration number: 772"
[1] "pos"
[1] 0.00161353 0.98699236
[1] "Fitting mu0 = E[Y|A=0,W]"
[1] "Iteration number: 773"
[1] "pos"
[1] 0.00233611 0.98890255
[1] "Fitting mu0 = E[Y|A=0,W]"
[1] "Iteration number: 774"
[1] "pos"
[1] 0.001956235 0.989827162
[1] "Fitting mu0 = E[Y|A=0,W]"
[1] "Iteration number: 775"
[1] "pos"
[1] 0.002796014 0.990525537
[1] "Fitting mu0 = E[Y|A=0,W]"
[1] "Iteration number: 776"
[1] "pos"
[1] 0.002065426 0.990199355
[1] "Fitting mu0 = E[Y|A=0,W]"
[1] "Iteration number: 777"
[1] "pos"
[1] 0.00259365 0.99170558
[1] "Fitting mu0 = E[Y|A=0,W]"
[1] "Iteration number: 778"
[1] "pos"
[1] 0.002180764 0.989800481
[1] "Fitting mu0 = E[Y|A=0,W]"
[1] "Iteration number: 779"
[1] "pos"
[1] 0.002796792 0.985487659
[1] "Fitting mu0 = E[Y|A=0,W]"
[1] "Iteration number: 780"
[1] "pos"
[1] 0.001925733 0.990611134
[1] "Fitting mu0 = E[Y|A=0,W]"
[1] "Iteration number: 781"
[1] "pos"
[1] 0.002224371 0.988770819
[1] "Fitting mu0 = E[Y|A=0,W]"
[1] "Iteration number: 782"
[1] "pos"
[1] 0.002573999 0.991090309
[1] "Fitting mu0 = E[Y|A=0,W]"
[1] "Iteration number: 783"
[1] "pos"
[1] 0.002159048 0.988388738
[1] "Fitting mu0 = E[Y|A=0,W]"
[1] "Iteration number: 784"
[1] "pos"
[1] 0.001940798 0.987973970
[1] "Fitting mu0 = E[Y|A=0,W]"
[1] "Iteration number: 785"
[1] "pos"
[1] 0.002202857 0.990467134
[1] "Fitting mu0 = E[Y|A=0,W]"
[1] "Iteration number: 786"
[1] "pos"
[1] 0.001794316 0.991025869
[1] "Fitting mu0 = E[Y|A=0,W]"
[1] "Iteration number: 787"
[1] "pos"
[1] 0.002087673 0.989166076
[1] "Fitting mu0 = E[Y|A=0,W]"
[1] "Iteration number: 788"
[1] "pos"
[1] 0.002778781 0.990219665
[1] "Fitting mu0 = E[Y|A=0,W]"
[1] "Iteration number: 789"
[1] "pos"
[1] 0.001673757 0.988842475
[1] "Fitting mu0 = E[Y|A=0,W]"
[1] "Iteration number: 790"
[1] "pos"
[1] 0.002248165 0.990584050
[1] "Fitting mu0 = E[Y|A=0,W]"
[1] "Iteration number: 791"
[1] "pos"
[1] 0.003022774 0.990594206
[1] "Fitting mu0 = E[Y|A=0,W]"
[1] "Iteration number: 792"
[1] "pos"
[1] 0.002087325 0.990965439
[1] "Fitting mu0 = E[Y|A=0,W]"
[1] "Iteration number: 793"
[1] "pos"
[1] 0.002815302 0.988963532
[1] "Fitting mu0 = E[Y|A=0,W]"
[1] "Iteration number: 794"
[1] "pos"
[1] 0.001859551 0.986868269
[1] "Fitting mu0 = E[Y|A=0,W]"
[1] "Iteration number: 795"
[1] "pos"
[1] 0.00220106 0.98886598
[1] "Fitting mu0 = E[Y|A=0,W]"
[1] "Iteration number: 796"
[1] "pos"
[1] 0.002040092 0.990853992
[1] "Fitting mu0 = E[Y|A=0,W]"
[1] "Iteration number: 797"
[1] "pos"
[1] 0.002544136 0.982663865
[1] "Fitting mu0 = E[Y|A=0,W]"
[1] "Iteration number: 798"
[1] "pos"
[1] 0.00396887 0.98929627
[1] "Fitting mu0 = E[Y|A=0,W]"
[1] "Iteration number: 799"
[1] "pos"
[1] 0.001982963 0.989230121
[1] "Fitting mu0 = E[Y|A=0,W]"
[1] "Iteration number: 800"
[1] "pos"
[1] 0.002235509 0.989922803
[1] "Fitting mu0 = E[Y|A=0,W]"
[1] "Iteration number: 801"
[1] "pos"
[1] 0.002068602 0.987652117
[1] "Fitting mu0 = E[Y|A=0,W]"
[1] "Iteration number: 802"
[1] "pos"
[1] 0.001750077 0.989831830
[1] "Fitting mu0 = E[Y|A=0,W]"
[1] "Iteration number: 803"
[1] "pos"
[1] 0.002857932 0.989496840
[1] "Fitting mu0 = E[Y|A=0,W]"
[1] "Iteration number: 804"
[1] "pos"
[1] 0.004391426 0.988603333
[1] "Fitting mu0 = E[Y|A=0,W]"
[1] "Iteration number: 805"
[1] "pos"
[1] 0.002785505 0.988612627
[1] "Fitting mu0 = E[Y|A=0,W]"
[1] "Iteration number: 806"
[1] "pos"
[1] 0.002291878 0.987842754
[1] "Fitting mu0 = E[Y|A=0,W]"
[1] "Iteration number: 807"
[1] "pos"
[1] 0.00163174 0.99210309
[1] "Fitting mu0 = E[Y|A=0,W]"
[1] "Iteration number: 808"
[1] "pos"
[1] 0.00207512 0.98810626
[1] "Fitting mu0 = E[Y|A=0,W]"
[1] "Iteration number: 809"
[1] "pos"
[1] 0.001656831 0.985657361
[1] "Fitting mu0 = E[Y|A=0,W]"
[1] "Iteration number: 810"
[1] "pos"
[1] 0.002365967 0.987511546
[1] "Fitting mu0 = E[Y|A=0,W]"
[1] "Iteration number: 811"
[1] "pos"
[1] 0.001800771 0.991265457
[1] "Fitting mu0 = E[Y|A=0,W]"
[1] "Iteration number: 812"
[1] "pos"
[1] 0.001685504 0.989041393
[1] "Fitting mu0 = E[Y|A=0,W]"
[1] "Iteration number: 813"
[1] "pos"
[1] 0.001829947 0.989522991
[1] "Fitting mu0 = E[Y|A=0,W]"
[1] "Iteration number: 814"
[1] "pos"
[1] 0.002123301 0.991441115
[1] "Fitting mu0 = E[Y|A=0,W]"
[1] "Iteration number: 815"
[1] "pos"
[1] 0.002037463 0.985031286
[1] "Fitting mu0 = E[Y|A=0,W]"
[1] "Iteration number: 816"
[1] "pos"
[1] 0.002171644 0.991080016
[1] "Fitting mu0 = E[Y|A=0,W]"
[1] "Iteration number: 817"
[1] "pos"
[1] 0.002530071 0.990515937
[1] "Fitting mu0 = E[Y|A=0,W]"
[1] "Iteration number: 818"
[1] "pos"
[1] 0.002351428 0.987726621
[1] "Fitting mu0 = E[Y|A=0,W]"
[1] "Iteration number: 819"
[1] "pos"
[1] 0.002202985 0.992107469
[1] "Fitting mu0 = E[Y|A=0,W]"
[1] "Iteration number: 820"
[1] "pos"
[1] 0.002222048 0.986629778
[1] "Fitting mu0 = E[Y|A=0,W]"
[1] "Iteration number: 821"
[1] "pos"
[1] 0.002422154 0.990549147
[1] "Fitting mu0 = E[Y|A=0,W]"
[1] "Iteration number: 822"
[1] "pos"
[1] 0.001811464 0.983942789
[1] "Fitting mu0 = E[Y|A=0,W]"
[1] "Iteration number: 823"
[1] "pos"
[1] 0.002261441 0.988893177
[1] "Fitting mu0 = E[Y|A=0,W]"
[1] "Iteration number: 824"
[1] "pos"
[1] 0.002258361 0.989776699
[1] "Fitting mu0 = E[Y|A=0,W]"
[1] "Iteration number: 825"
[1] "pos"
[1] 0.001656094 0.987235188
[1] "Fitting mu0 = E[Y|A=0,W]"
[1] "Iteration number: 826"
[1] "pos"
[1] 0.003639283 0.989335016
[1] "Fitting mu0 = E[Y|A=0,W]"
[1] "Iteration number: 827"
[1] "pos"
[1] 0.002243067 0.989305294
[1] "Fitting mu0 = E[Y|A=0,W]"
[1] "Iteration number: 828"
[1] "pos"
[1] 0.002510839 0.987209375
[1] "Fitting mu0 = E[Y|A=0,W]"
[1] "Iteration number: 829"
[1] "pos"
[1] 0.002130199 0.988129728
[1] "Fitting mu0 = E[Y|A=0,W]"
[1] "Iteration number: 830"
[1] "pos"
[1] 0.001900658 0.988979328
[1] "Fitting mu0 = E[Y|A=0,W]"
[1] "Iteration number: 831"
[1] "pos"
[1] 0.0019533 0.9831765
[1] "Fitting mu0 = E[Y|A=0,W]"
[1] "Iteration number: 832"
[1] "pos"
[1] 0.00306851 0.98685506
[1] "Fitting mu0 = E[Y|A=0,W]"
[1] "Iteration number: 833"
[1] "pos"
[1] 0.002410994 0.989067170
[1] "Fitting mu0 = E[Y|A=0,W]"
[1] "Iteration number: 834"
[1] "pos"
[1] 0.001719764 0.990679224
[1] "Fitting mu0 = E[Y|A=0,W]"
[1] "Iteration number: 835"
[1] "pos"
[1] 0.002293564 0.990703112
[1] "Fitting mu0 = E[Y|A=0,W]"
[1] "Iteration number: 836"
[1] "pos"
[1] 0.001994338 0.989646156
[1] "Fitting mu0 = E[Y|A=0,W]"
[1] "Iteration number: 837"
[1] "pos"
[1] 0.002753573 0.991608385
[1] "Fitting mu0 = E[Y|A=0,W]"
[1] "Iteration number: 838"
[1] "pos"
[1] 0.003543434 0.990983028
[1] "Fitting mu0 = E[Y|A=0,W]"
[1] "Iteration number: 839"
[1] "pos"
[1] 0.001915799 0.990863134
[1] "Fitting mu0 = E[Y|A=0,W]"
[1] "Iteration number: 840"
[1] "pos"
[1] 0.001998309 0.989889870
[1] "Fitting mu0 = E[Y|A=0,W]"
[1] "Iteration number: 841"
[1] "pos"
[1] 0.002203053 0.989745974
[1] "Fitting mu0 = E[Y|A=0,W]"
[1] "Iteration number: 842"
[1] "pos"
[1] 0.002031342 0.988551385
[1] "Fitting mu0 = E[Y|A=0,W]"
[1] "Iteration number: 843"
[1] "pos"
[1] 0.002065092 0.987568263
[1] "Fitting mu0 = E[Y|A=0,W]"
[1] "Iteration number: 844"
[1] "pos"
[1] 0.002233189 0.989340668
[1] "Fitting mu0 = E[Y|A=0,W]"
[1] "Iteration number: 845"
[1] "pos"
[1] 0.002252726 0.988153549
[1] "Fitting mu0 = E[Y|A=0,W]"
[1] "Iteration number: 846"
[1] "pos"
[1] 0.002415902 0.990228072
[1] "Fitting mu0 = E[Y|A=0,W]"
[1] "Iteration number: 847"
[1] "pos"
[1] 0.002180537 0.990646665
[1] "Fitting mu0 = E[Y|A=0,W]"
[1] "Iteration number: 848"
[1] "pos"
[1] 0.001987026 0.989916852
[1] "Fitting mu0 = E[Y|A=0,W]"
[1] "Iteration number: 849"
[1] "pos"
[1] 0.001778953 0.991156226
[1] "Fitting mu0 = E[Y|A=0,W]"
[1] "Iteration number: 850"
[1] "pos"
[1] 0.003408844 0.991345708
[1] "Fitting mu0 = E[Y|A=0,W]"
[1] "Iteration number: 851"
[1] "pos"
[1] 0.002895907 0.982577892
[1] "Fitting mu0 = E[Y|A=0,W]"
[1] "Iteration number: 852"
[1] "pos"
[1] 0.002972455 0.985920952
[1] "Fitting mu0 = E[Y|A=0,W]"
[1] "Iteration number: 853"
[1] "pos"
[1] 0.002672109 0.992616579
[1] "Fitting mu0 = E[Y|A=0,W]"
[1] "Iteration number: 854"
[1] "pos"
[1] 0.002356868 0.990959659
[1] "Fitting mu0 = E[Y|A=0,W]"
[1] "Iteration number: 855"
[1] "pos"
[1] 0.002403613 0.988785794
[1] "Fitting mu0 = E[Y|A=0,W]"
[1] "Iteration number: 856"
[1] "pos"
[1] 0.003877608 0.989489414
[1] "Fitting mu0 = E[Y|A=0,W]"
[1] "Iteration number: 857"
[1] "pos"
[1] 0.002226029 0.992164675
[1] "Fitting mu0 = E[Y|A=0,W]"
[1] "Iteration number: 858"
[1] "pos"
[1] 0.001981744 0.989528555
[1] "Fitting mu0 = E[Y|A=0,W]"
[1] "Iteration number: 859"
[1] "pos"
[1] 0.001580257 0.988391001
[1] "Fitting mu0 = E[Y|A=0,W]"
[1] "Iteration number: 860"
[1] "pos"
[1] 0.002432703 0.988235435
[1] "Fitting mu0 = E[Y|A=0,W]"
[1] "Iteration number: 861"
[1] "pos"
[1] 0.003575423 0.989969768
[1] "Fitting mu0 = E[Y|A=0,W]"
[1] "Iteration number: 862"
[1] "pos"
[1] 0.00192253 0.99026885
[1] "Fitting mu0 = E[Y|A=0,W]"
[1] "Iteration number: 863"
[1] "pos"
[1] 0.002666909 0.988837096
[1] "Fitting mu0 = E[Y|A=0,W]"
[1] "Iteration number: 864"
[1] "pos"
[1] 0.001940307 0.990736857
[1] "Fitting mu0 = E[Y|A=0,W]"
[1] "Iteration number: 865"
[1] "pos"
[1] 0.001975226 0.988644918
[1] "Fitting mu0 = E[Y|A=0,W]"
[1] "Iteration number: 866"
[1] "pos"
[1] 0.002120581 0.988095463
[1] "Fitting mu0 = E[Y|A=0,W]"
[1] "Iteration number: 867"
[1] "pos"
[1] 0.001820407 0.989823846
[1] "Fitting mu0 = E[Y|A=0,W]"
[1] "Iteration number: 868"
[1] "pos"
[1] 0.002088254 0.989948614
[1] "Fitting mu0 = E[Y|A=0,W]"
[1] "Iteration number: 869"
[1] "pos"
[1] 0.001988125 0.988536728
[1] "Fitting mu0 = E[Y|A=0,W]"
[1] "Iteration number: 870"
[1] "pos"
[1] 0.003123504 0.987870497
[1] "Fitting mu0 = E[Y|A=0,W]"
[1] "Iteration number: 871"
[1] "pos"
[1] 0.001898787 0.991923549
[1] "Fitting mu0 = E[Y|A=0,W]"
[1] "Iteration number: 872"
[1] "pos"
[1] 0.002691076 0.989083565
[1] "Fitting mu0 = E[Y|A=0,W]"
[1] "Iteration number: 873"
[1] "pos"
[1] 0.002226652 0.989289050
[1] "Fitting mu0 = E[Y|A=0,W]"
[1] "Iteration number: 874"
[1] "pos"
[1] 0.001561961 0.991086737
[1] "Fitting mu0 = E[Y|A=0,W]"
[1] "Iteration number: 875"
[1] "pos"
[1] 0.001891525 0.988156712
[1] "Fitting mu0 = E[Y|A=0,W]"
[1] "Iteration number: 876"
[1] "pos"
[1] 0.001985727 0.990755223
[1] "Fitting mu0 = E[Y|A=0,W]"
[1] "Iteration number: 877"
[1] "pos"
[1] 0.002320812 0.986789321
[1] "Fitting mu0 = E[Y|A=0,W]"
[1] "Iteration number: 878"
[1] "pos"
[1] 0.002577543 0.990311093
[1] "Fitting mu0 = E[Y|A=0,W]"
[1] "Iteration number: 879"
[1] "pos"
[1] 0.002205597 0.987535350
[1] "Fitting mu0 = E[Y|A=0,W]"
[1] "Iteration number: 880"
[1] "pos"
[1] 0.002605969 0.988076086
[1] "Fitting mu0 = E[Y|A=0,W]"
[1] "Iteration number: 881"
[1] "pos"
[1] 0.003062812 0.990121938
[1] "Fitting mu0 = E[Y|A=0,W]"
[1] "Iteration number: 882"
[1] "pos"
[1] 0.004178967 0.989865515
[1] "Fitting mu0 = E[Y|A=0,W]"
[1] "Iteration number: 883"
[1] "pos"
[1] 0.003223704 0.983278604
[1] "Fitting mu0 = E[Y|A=0,W]"
[1] "Iteration number: 884"
[1] "pos"
[1] 0.002324799 0.991942974
[1] "Fitting mu0 = E[Y|A=0,W]"
[1] "Iteration number: 885"
[1] "pos"
[1] 0.002548134 0.990975358
[1] "Fitting mu0 = E[Y|A=0,W]"
[1] "Iteration number: 886"
[1] "pos"
[1] 0.002305069 0.990035907
[1] "Fitting mu0 = E[Y|A=0,W]"
[1] "Iteration number: 887"
[1] "pos"
[1] 0.002421606 0.990818062
[1] "Fitting mu0 = E[Y|A=0,W]"
[1] "Iteration number: 888"
[1] "pos"
[1] 0.002625421 0.986310909
[1] "Fitting mu0 = E[Y|A=0,W]"
[1] "Iteration number: 889"
[1] "pos"
[1] 0.001796593 0.991399854
[1] "Fitting mu0 = E[Y|A=0,W]"
[1] "Iteration number: 890"
[1] "pos"
[1] 0.001748758 0.988331372
[1] "Fitting mu0 = E[Y|A=0,W]"
[1] "Iteration number: 891"
[1] "pos"
[1] 0.002976431 0.990059615
[1] "Fitting mu0 = E[Y|A=0,W]"
[1] "Iteration number: 892"
[1] "pos"
[1] 0.00241277 0.99184346
[1] "Fitting mu0 = E[Y|A=0,W]"
[1] "Iteration number: 893"
[1] "pos"
[1] 0.002102862 0.989230286
[1] "Fitting mu0 = E[Y|A=0,W]"
[1] "Iteration number: 894"
[1] "pos"
[1] 0.004452901 0.991990530
[1] "Fitting mu0 = E[Y|A=0,W]"
[1] "Iteration number: 895"
[1] "pos"
[1] 0.001851292 0.988953349
[1] "Fitting mu0 = E[Y|A=0,W]"
[1] "Iteration number: 896"
[1] "pos"
[1] 0.00180551 0.98907579
[1] "Fitting mu0 = E[Y|A=0,W]"
[1] "Iteration number: 897"
[1] "pos"
[1] 0.001624116 0.988640933
[1] "Fitting mu0 = E[Y|A=0,W]"
[1] "Iteration number: 898"
[1] "pos"
[1] 0.001615234 0.989937433
[1] "Fitting mu0 = E[Y|A=0,W]"
[1] "Iteration number: 899"
[1] "pos"
[1] 0.002954951 0.990996894
[1] "Fitting mu0 = E[Y|A=0,W]"
[1] "Iteration number: 900"
[1] "pos"
[1] 0.002261876 0.989744208
[1] "Fitting mu0 = E[Y|A=0,W]"
[1] "Iteration number: 901"
[1] "pos"
[1] 0.002705881 0.989460330
[1] "Fitting mu0 = E[Y|A=0,W]"
[1] "Iteration number: 902"
[1] "pos"
[1] 0.001991056 0.986502340
[1] "Fitting mu0 = E[Y|A=0,W]"
[1] "Iteration number: 903"
[1] "pos"
[1] 0.002465623 0.989259391
[1] "Fitting mu0 = E[Y|A=0,W]"
[1] "Iteration number: 904"
[1] "pos"
[1] 0.001758441 0.990335725
[1] "Fitting mu0 = E[Y|A=0,W]"
[1] "Iteration number: 905"
[1] "pos"
[1] 0.001754331 0.986908080
[1] "Fitting mu0 = E[Y|A=0,W]"
[1] "Iteration number: 906"
[1] "pos"
[1] 0.001986548 0.990567482
[1] "Fitting mu0 = E[Y|A=0,W]"
[1] "Iteration number: 907"
[1] "pos"
[1] 0.00246788 0.98763396
[1] "Fitting mu0 = E[Y|A=0,W]"
[1] "Iteration number: 908"
[1] "pos"
[1] 0.001750122 0.990378041
[1] "Fitting mu0 = E[Y|A=0,W]"
[1] "Iteration number: 909"
[1] "pos"
[1] 0.002173072 0.988658979
[1] "Fitting mu0 = E[Y|A=0,W]"
[1] "Iteration number: 910"
[1] "pos"
[1] 0.001712146 0.985367222
[1] "Fitting mu0 = E[Y|A=0,W]"
[1] "Iteration number: 911"
[1] "pos"
[1] 0.001772008 0.989736648
[1] "Fitting mu0 = E[Y|A=0,W]"
[1] "Iteration number: 912"
[1] "pos"
[1] 0.002328574 0.989366719
[1] "Fitting mu0 = E[Y|A=0,W]"
[1] "Iteration number: 913"
[1] "pos"
[1] 0.00232826 0.99147199
[1] "Fitting mu0 = E[Y|A=0,W]"
[1] "Iteration number: 914"
[1] "pos"
[1] 0.002953882 0.989223470
[1] "Fitting mu0 = E[Y|A=0,W]"
[1] "Iteration number: 915"
[1] "pos"
[1] 0.001851365 0.987121717
[1] "Fitting mu0 = E[Y|A=0,W]"
[1] "Iteration number: 916"
[1] "pos"
[1] 0.002081905 0.988300415
[1] "Fitting mu0 = E[Y|A=0,W]"
[1] "Iteration number: 917"
[1] "pos"
[1] 0.003653886 0.987166734
[1] "Fitting mu0 = E[Y|A=0,W]"
[1] "Iteration number: 918"
[1] "pos"
[1] 0.002328718 0.987603733
[1] "Fitting mu0 = E[Y|A=0,W]"
[1] "Iteration number: 919"
[1] "pos"
[1] 0.003344632 0.989430499
[1] "Fitting mu0 = E[Y|A=0,W]"
[1] "Iteration number: 920"
[1] "pos"
[1] 0.001989478 0.987684587
[1] "Fitting mu0 = E[Y|A=0,W]"
[1] "Iteration number: 921"
[1] "pos"
[1] 0.002144793 0.989144394
[1] "Fitting mu0 = E[Y|A=0,W]"
[1] "Iteration number: 922"
[1] "pos"
[1] 0.001757427 0.988790087
[1] "Fitting mu0 = E[Y|A=0,W]"
[1] "Iteration number: 923"
[1] "pos"
[1] 0.005323567 0.987444419
[1] "Fitting mu0 = E[Y|A=0,W]"
[1] "Iteration number: 924"
[1] "pos"
[1] 0.002066728 0.987960437
[1] "Fitting mu0 = E[Y|A=0,W]"
[1] "Iteration number: 925"
[1] "pos"
[1] 0.003251122 0.987171791
[1] "Fitting mu0 = E[Y|A=0,W]"
[1] "Iteration number: 926"
[1] "pos"
[1] 0.002036568 0.992258843
[1] "Fitting mu0 = E[Y|A=0,W]"
[1] "Iteration number: 927"
[1] "pos"
[1] 0.001946029 0.991007788
[1] "Fitting mu0 = E[Y|A=0,W]"
[1] "Iteration number: 928"
[1] "pos"
[1] 0.002544275 0.992501803
[1] "Fitting mu0 = E[Y|A=0,W]"
[1] "Iteration number: 929"
[1] "pos"
[1] 0.00285806 0.98970164
[1] "Fitting mu0 = E[Y|A=0,W]"
[1] "Iteration number: 930"
[1] "pos"
[1] 0.001698603 0.992124417
[1] "Fitting mu0 = E[Y|A=0,W]"
[1] "Iteration number: 931"
[1] "pos"
[1] 0.002600652 0.985408338
[1] "Fitting mu0 = E[Y|A=0,W]"
[1] "Iteration number: 932"
[1] "pos"
[1] 0.002145974 0.992533338
[1] "Fitting mu0 = E[Y|A=0,W]"
[1] "Iteration number: 933"
[1] "pos"
[1] 0.002868563 0.986552206
[1] "Fitting mu0 = E[Y|A=0,W]"
[1] "Iteration number: 934"
[1] "pos"
[1] 0.003866315 0.989223393
[1] "Fitting mu0 = E[Y|A=0,W]"
[1] "Iteration number: 935"
[1] "pos"
[1] 0.00311657 0.98475776
[1] "Fitting mu0 = E[Y|A=0,W]"
[1] "Iteration number: 936"
[1] "pos"
[1] 0.003149533 0.987907534
[1] "Fitting mu0 = E[Y|A=0,W]"
[1] "Iteration number: 937"
[1] "pos"
[1] 0.002528833 0.989413413
[1] "Fitting mu0 = E[Y|A=0,W]"
[1] "Iteration number: 938"
[1] "pos"
[1] 0.002645741 0.984196398
[1] "Fitting mu0 = E[Y|A=0,W]"
[1] "Iteration number: 939"
[1] "pos"
[1] 0.001831951 0.988990816
[1] "Fitting mu0 = E[Y|A=0,W]"
[1] "Iteration number: 940"
[1] "pos"
[1] 0.002014108 0.990088979
[1] "Fitting mu0 = E[Y|A=0,W]"
[1] "Iteration number: 941"
[1] "pos"
[1] 0.001855648 0.989388109
[1] "Fitting mu0 = E[Y|A=0,W]"
[1] "Iteration number: 942"
[1] "pos"
[1] 0.002931951 0.989301588
[1] "Fitting mu0 = E[Y|A=0,W]"
[1] "Iteration number: 943"
[1] "pos"
[1] 0.003173325 0.989509225
[1] "Fitting mu0 = E[Y|A=0,W]"
[1] "Iteration number: 944"
[1] "pos"
[1] 0.001957912 0.990345469
[1] "Fitting mu0 = E[Y|A=0,W]"
[1] "Iteration number: 945"
[1] "pos"
[1] 0.001685727 0.989396090
[1] "Fitting mu0 = E[Y|A=0,W]"
[1] "Iteration number: 946"
[1] "pos"
[1] 0.002565302 0.990676031
[1] "Fitting mu0 = E[Y|A=0,W]"
[1] "Iteration number: 947"
[1] "pos"
[1] 0.001536866 0.991765430
[1] "Fitting mu0 = E[Y|A=0,W]"
[1] "Iteration number: 948"
[1] "pos"
[1] 0.002645729 0.984436229
[1] "Fitting mu0 = E[Y|A=0,W]"
[1] "Iteration number: 949"
[1] "pos"
[1] 0.00212192 0.98475782
[1] "Fitting mu0 = E[Y|A=0,W]"
[1] "Iteration number: 950"
[1] "pos"
[1] 0.001769567 0.988211614
[1] "Fitting mu0 = E[Y|A=0,W]"
[1] "Iteration number: 951"
[1] "pos"
[1] 0.002309823 0.986930222
[1] "Fitting mu0 = E[Y|A=0,W]"
[1] "Iteration number: 952"
[1] "pos"
[1] 0.002549604 0.987482581
[1] "Fitting mu0 = E[Y|A=0,W]"
[1] "Iteration number: 953"
[1] "pos"
[1] 0.001826239 0.991197294
[1] "Fitting mu0 = E[Y|A=0,W]"
[1] "Iteration number: 954"
[1] "pos"
[1] 0.002044374 0.990322117
[1] "Fitting mu0 = E[Y|A=0,W]"
[1] "Iteration number: 955"
[1] "pos"
[1] 0.002304401 0.989418380
[1] "Fitting mu0 = E[Y|A=0,W]"
[1] "Iteration number: 956"
[1] "pos"
[1] 0.002302468 0.991778504
[1] "Fitting mu0 = E[Y|A=0,W]"
[1] "Iteration number: 957"
[1] "pos"
[1] 0.002701846 0.991452695
[1] "Fitting mu0 = E[Y|A=0,W]"
[1] "Iteration number: 958"
[1] "pos"
[1] 0.002820441 0.986855074
[1] "Fitting mu0 = E[Y|A=0,W]"
[1] "Iteration number: 959"
[1] "pos"
[1] 0.002160508 0.989294209
[1] "Fitting mu0 = E[Y|A=0,W]"
[1] "Iteration number: 960"
[1] "pos"
[1] 0.002639272 0.986840415
[1] "Fitting mu0 = E[Y|A=0,W]"
[1] "Iteration number: 961"
[1] "pos"
[1] 0.001933449 0.985328038
[1] "Fitting mu0 = E[Y|A=0,W]"
[1] "Iteration number: 962"
[1] "pos"
[1] 0.001982182 0.991787231
[1] "Fitting mu0 = E[Y|A=0,W]"
[1] "Iteration number: 963"
[1] "pos"
[1] 0.00218431 0.99098636
[1] "Fitting mu0 = E[Y|A=0,W]"
[1] "Iteration number: 964"
[1] "pos"
[1] 0.002183431 0.986703183
[1] "Fitting mu0 = E[Y|A=0,W]"
[1] "Iteration number: 965"
[1] "pos"
[1] 0.002350834 0.986230254
[1] "Fitting mu0 = E[Y|A=0,W]"
[1] "Iteration number: 966"
[1] "pos"
[1] 0.002327501 0.988801466
[1] "Fitting mu0 = E[Y|A=0,W]"
[1] "Iteration number: 967"
[1] "pos"
[1] 0.001950369 0.990683078
[1] "Fitting mu0 = E[Y|A=0,W]"
[1] "Iteration number: 968"
[1] "pos"
[1] 0.002191786 0.986663280
[1] "Fitting mu0 = E[Y|A=0,W]"
[1] "Iteration number: 969"
[1] "pos"
[1] 0.001819102 0.989659677
[1] "Fitting mu0 = E[Y|A=0,W]"
[1] "Iteration number: 970"
[1] "pos"
[1] 0.003191837 0.987282175
[1] "Fitting mu0 = E[Y|A=0,W]"
[1] "Iteration number: 971"
[1] "pos"
[1] 0.001608317 0.990880433
[1] "Fitting mu0 = E[Y|A=0,W]"
[1] "Iteration number: 972"
[1] "pos"
[1] 0.003700606 0.988601497
[1] "Fitting mu0 = E[Y|A=0,W]"
[1] "Iteration number: 973"
[1] "pos"
[1] 0.002439053 0.988123728
[1] "Fitting mu0 = E[Y|A=0,W]"
[1] "Iteration number: 974"
[1] "pos"
[1] 0.002571959 0.990233903
[1] "Fitting mu0 = E[Y|A=0,W]"
[1] "Iteration number: 975"
[1] "pos"
[1] 0.002630141 0.986716867
[1] "Fitting mu0 = E[Y|A=0,W]"
[1] "Iteration number: 976"
[1] "pos"
[1] 0.002543082 0.990284341
[1] "Fitting mu0 = E[Y|A=0,W]"
[1] "Iteration number: 977"
[1] "pos"
[1] 0.003687614 0.990301933
[1] "Fitting mu0 = E[Y|A=0,W]"
[1] "Iteration number: 978"
[1] "pos"
[1] 0.002332333 0.991432230
[1] "Fitting mu0 = E[Y|A=0,W]"
[1] "Iteration number: 979"
[1] "pos"
[1] 0.002273984 0.990229818
[1] "Fitting mu0 = E[Y|A=0,W]"
[1] "Iteration number: 980"
[1] "pos"
[1] 0.002119338 0.984511650
[1] "Fitting mu0 = E[Y|A=0,W]"
[1] "Iteration number: 981"
[1] "pos"
[1] 0.003227595 0.989776274
[1] "Fitting mu0 = E[Y|A=0,W]"
[1] "Iteration number: 982"
[1] "pos"
[1] 0.002332708 0.990910324
[1] "Fitting mu0 = E[Y|A=0,W]"
[1] "Iteration number: 983"
[1] "pos"
[1] 0.0028292 0.9850146
[1] "Fitting mu0 = E[Y|A=0,W]"
[1] "Iteration number: 984"
[1] "pos"
[1] 0.003697691 0.990231757
[1] "Fitting mu0 = E[Y|A=0,W]"
[1] "Iteration number: 985"
[1] "pos"
[1] 0.003552416 0.992226839
[1] "Fitting mu0 = E[Y|A=0,W]"
[1] "Iteration number: 986"
[1] "pos"
[1] 0.002370305 0.988036778
[1] "Fitting mu0 = E[Y|A=0,W]"
[1] "Iteration number: 987"
[1] "pos"
[1] 0.002017106 0.986319456
[1] "Fitting mu0 = E[Y|A=0,W]"
[1] "Iteration number: 988"
[1] "pos"
[1] 0.002302377 0.991531520
[1] "Fitting mu0 = E[Y|A=0,W]"
[1] "Iteration number: 989"
[1] "pos"
[1] 0.002563349 0.986899092
[1] "Fitting mu0 = E[Y|A=0,W]"
[1] "Iteration number: 990"
[1] "pos"
[1] 0.003356323 0.989442304
[1] "Fitting mu0 = E[Y|A=0,W]"
[1] "Iteration number: 991"
[1] "pos"
[1] 0.001780852 0.990066106
[1] "Fitting mu0 = E[Y|A=0,W]"
[1] "Iteration number: 992"
[1] "pos"
[1] 0.002720379 0.990262380
[1] "Fitting mu0 = E[Y|A=0,W]"
[1] "Iteration number: 993"
[1] "pos"
[1] 0.002777146 0.988241385
[1] "Fitting mu0 = E[Y|A=0,W]"
[1] "Iteration number: 994"
[1] "pos"
[1] 0.002159587 0.990018638
[1] "Fitting mu0 = E[Y|A=0,W]"
[1] "Iteration number: 995"
[1] "pos"
[1] 0.002297644 0.984489798
[1] "Fitting mu0 = E[Y|A=0,W]"
[1] "Iteration number: 996"
[1] "pos"
[1] 0.002185397 0.985538951
[1] "Fitting mu0 = E[Y|A=0,W]"
[1] "Iteration number: 997"
[1] "pos"
[1] 0.002087261 0.990645457
[1] "Fitting mu0 = E[Y|A=0,W]"
[1] "Iteration number: 998"
[1] "pos"
[1] 0.003132934 0.988988855
[1] "Fitting mu0 = E[Y|A=0,W]"
[1] "Iteration number: 999"
[1] "pos"
[1] 0.002652521 0.989743385
[1] "Fitting mu0 = E[Y|A=0,W]"
[1] "Iteration number: 1000"
[1] "pos"
[1] 0.003770899 0.990890875
[1] "Fitting mu0 = E[Y|A=0,W]"
Null data.table (0 rows and 0 cols)
