LOADING R
R LOADED
[1] "/home/lvanderl/Rlibs2"                         
[2] "/app/software/R/4.2.2-foss-2021b/lib/R/library"
[1] "/home/lvanderl/sieveSims"
[1] "Current settings:"
[1] 500
[1] 1
[1] 1
  0%  25%  50%  75% 100% 
   1    1    1    1    1 
  0%  25%  50%  75% 100% 
   1    1    1    1    1 
[1] 0.06288725 0.95458876
[1] "Current settings:"
[1] 500
[1] 1
[1] 2
  0%  25%  50%  75% 100% 
   1    1    1    1    1 
  0%  25%  50%  75% 100% 
   1    1    1    1    1 
[1] 0.03974421 0.96659928
[1] "Current settings:"
[1] 500
[1] 1
[1] 3
  0%  25%  50%  75% 100% 
   1    1    1    1    1 
  0%  25%  50%  75% 100% 
   1    1    1    1    1 
[1] 0.05449405 0.95332981
[1] "Current settings:"
[1] 500
[1] 1
[1] 4
  0%  25%  50%  75% 100% 
   1    1    1    1    1 
  0%  25%  50%  75% 100% 
   1    1    1    1    1 
[1] 0.04214997 0.97362432
[1] "Current settings:"
[1] 500
[1] 1
[1] 5
  0%  25%  50%  75% 100% 
   1    1    1    1    1 
  0%  25%  50%  75% 100% 
   1    1    1    1    1 
[1] 0.05328828 0.93759984
[1] "Current settings:"
[1] 500
[1] 1
[1] 6
  0%  25%  50%  75% 100% 
   1    1    1    1    1 
  0%  25%  50%  75% 100% 
   1    1    1    1    1 
[1] 0.0467475 0.9448988
[1] "Current settings:"
[1] 500
[1] 1
[1] 7
  0%  25%  50%  75% 100% 
   1    1    1    1    1 
  0%  25%  50%  75% 100% 
   1    1    1    1    1 
[1] 0.0534428 0.9690264
[1] "Current settings:"
[1] 500
[1] 1
[1] 8
  0%  25%  50%  75% 100% 
   1    1    1    1    1 
  0%  25%  50%  75% 100% 
   1    1    1    1    1 
[1] 0.03414317 0.96111834
[1] "Current settings:"
[1] 500
[1] 1
[1] 9
  0%  25%  50%  75% 100% 
   1    1    1    1    1 
  0%  25%  50%  75% 100% 
   1    1    1    1    1 
[1] 0.04715705 0.95470479
[1] "Current settings:"
[1] 500
[1] 1
[1] 10
  0%  25%  50%  75% 100% 
   1    1    1    1    1 
  0%  25%  50%  75% 100% 
   1    1    1    1    1 
[1] 0.05018717 0.95248562
[1] "Current settings:"
[1] 500
[1] 1
[1] 11
  0%  25%  50%  75% 100% 
   1    1    1    1    1 
  0%  25%  50%  75% 100% 
   1    1    1    1    1 
[1] 0.04190525 0.97597273
[1] "Current settings:"
[1] 500
[1] 1
[1] 12
  0%  25%  50%  75% 100% 
   1    1    1    1    1 
  0%  25%  50%  75% 100% 
   1    1    1    1    1 
[1] 0.04371307 0.94686426
[1] "Current settings:"
[1] 500
[1] 1
[1] 13
  0%  25%  50%  75% 100% 
   1    1    1    1    1 
  0%  25%  50%  75% 100% 
   1    1    1    1    1 
[1] 0.08584496 0.90820146
[1] "Current settings:"
[1] 500
[1] 1
[1] 14
  0%  25%  50%  75% 100% 
   1    1    1    1    1 
  0%  25%  50%  75% 100% 
   1    1    1    1    1 
[1] 0.04598723 0.95208077
[1] "Current settings:"
[1] 500
[1] 1
[1] 15
  0%  25%  50%  75% 100% 
   1    1    1    1    1 
  0%  25%  50%  75% 100% 
   1    1    1    1    1 
[1] 0.04306947 0.97829425
[1] "Current settings:"
[1] 500
[1] 1
[1] 16
  0%  25%  50%  75% 100% 
   1    1    1    1    1 
  0%  25%  50%  75% 100% 
   1    1    1    1    1 
[1] 0.04916341 0.94819831
[1] "Current settings:"
[1] 500
[1] 1
[1] 17
  0%  25%  50%  75% 100% 
   1    1    1    1    1 
  0%  25%  50%  75% 100% 
   1    1    1    1    1 
[1] 0.02565118 0.97330175
[1] "Current settings:"
[1] 500
[1] 1
[1] 18
  0%  25%  50%  75% 100% 
   1    1    1    1    1 
  0%  25%  50%  75% 100% 
   1    1    1    1    1 
[1] 0.04087786 0.95017788
[1] "Current settings:"
[1] 500
[1] 1
[1] 19
  0%  25%  50%  75% 100% 
   1    1    1    1    1 
  0%  25%  50%  75% 100% 
   1    1    1    1    1 
[1] 0.04939615 0.95525257
[1] "Current settings:"
[1] 500
[1] 1
[1] 20
  0%  25%  50%  75% 100% 
   1    1    1    1    1 
  0%  25%  50%  75% 100% 
   1    1    1    1    1 
[1] 0.05709941 0.94753142
[1] "Current settings:"
[1] 500
[1] 1
[1] 21
  0%  25%  50%  75% 100% 
   1    1    1    1    1 
  0%  25%  50%  75% 100% 
   1    1    1    1    1 
[1] 0.04735597 0.95942335
[1] "Current settings:"
[1] 500
[1] 1
[1] 22
  0%  25%  50%  75% 100% 
   1    1    1    1    1 
  0%  25%  50%  75% 100% 
   1    1    1    1    1 
[1] 0.04789144 0.93982626
[1] "Current settings:"
[1] 500
[1] 1
[1] 23
  0%  25%  50%  75% 100% 
   1    1    1    1    1 
  0%  25%  50%  75% 100% 
   1    1    1    1    1 
[1] 0.04323533 0.95622117
[1] "Current settings:"
[1] 500
[1] 1
[1] 24
  0%  25%  50%  75% 100% 
   1    1    1    1    1 
  0%  25%  50%  75% 100% 
   1    1    1    1    1 
[1] 0.04295622 0.95937613
[1] "Current settings:"
[1] 500
[1] 1
[1] 25
  0%  25%  50%  75% 100% 
   1    1    1    1    1 
  0%  25%  50%  75% 100% 
   1    1    1    1    1 
[1] 0.05155505 0.96493259
[1] "Current settings:"
[1] 500
[1] 1
[1] 26
  0%  25%  50%  75% 100% 
   1    1    1    1    1 
  0%  25%  50%  75% 100% 
   1    1    1    1    1 
[1] 0.04535628 0.96028313
[1] "Current settings:"
[1] 500
[1] 1
[1] 27
  0%  25%  50%  75% 100% 
   1    1    1    1    1 
  0%  25%  50%  75% 100% 
   1    1    1    1    1 
[1] 0.03783482 0.92676249
[1] "Current settings:"
[1] 500
[1] 1
[1] 28
  0%  25%  50%  75% 100% 
   1    1    1    1    1 
  0%  25%  50%  75% 100% 
   1    1    1    1    1 
[1] 0.06019446 0.95741064
[1] "Current settings:"
[1] 500
[1] 1
[1] 29
  0%  25%  50%  75% 100% 
   1    1    1    1    1 
  0%  25%  50%  75% 100% 
   1    1    1    1    1 
[1] 0.03609969 0.96019535
[1] "Current settings:"
[1] 500
[1] 1
[1] 30
  0%  25%  50%  75% 100% 
   1    1    1    1    1 
  0%  25%  50%  75% 100% 
   1    1    1    1    1 
[1] 0.05846738 0.96290781
[1] "Current settings:"
[1] 500
[1] 1
[1] 31
  0%  25%  50%  75% 100% 
   1    1    1    1    1 
  0%  25%  50%  75% 100% 
   1    1    1    1    1 
[1] 0.02206602 0.98325997
[1] "Current settings:"
[1] 500
[1] 1
[1] 32
  0%  25%  50%  75% 100% 
   1    1    1    1    1 
  0%  25%  50%  75% 100% 
   1    1    1    1    1 
[1] 0.05808561 0.92374905
[1] "Current settings:"
[1] 500
[1] 1
[1] 33
  0%  25%  50%  75% 100% 
   1    1    1    1    1 
  0%  25%  50%  75% 100% 
   1    1    1    1    1 
[1] 0.04981691 0.95832879
[1] "Current settings:"
[1] 500
[1] 1
[1] 34
  0%  25%  50%  75% 100% 
   1    1    1    1    1 
  0%  25%  50%  75% 100% 
   1    1    1    1    1 
[1] 0.06099232 0.95065638
[1] "Current settings:"
[1] 500
[1] 1
[1] 35
  0%  25%  50%  75% 100% 
   1    1    1    1    1 
  0%  25%  50%  75% 100% 
   1    1    1    1    1 
[1] 0.03293353 0.97056872
[1] "Current settings:"
[1] 500
[1] 1
[1] 36
  0%  25%  50%  75% 100% 
   1    1    1    1    1 
  0%  25%  50%  75% 100% 
   1    1    1    1    1 
[1] 0.03550796 0.97310908
[1] "Current settings:"
[1] 500
[1] 1
[1] 37
  0%  25%  50%  75% 100% 
   1    1    1    1    1 
  0%  25%  50%  75% 100% 
   1    1    1    1    1 
[1] 0.02677185 0.96642627
[1] "Current settings:"
[1] 500
[1] 1
[1] 38
  0%  25%  50%  75% 100% 
   1    1    1    1    1 
  0%  25%  50%  75% 100% 
   1    1    1    1    1 
[1] 0.04430974 0.94439626
[1] "Current settings:"
[1] 500
[1] 1
[1] 39
  0%  25%  50%  75% 100% 
   1    1    1    1    1 
  0%  25%  50%  75% 100% 
   1    1    1    1    1 
[1] 0.03570466 0.96511331
[1] "Current settings:"
[1] 500
[1] 1
[1] 40
  0%  25%  50%  75% 100% 
   1    1    1    1    1 
  0%  25%  50%  75% 100% 
   1    1    1    1    1 
[1] 0.01900229 0.96732536
[1] "Current settings:"
[1] 500
[1] 1
[1] 41
  0%  25%  50%  75% 100% 
   1    1    1    1    1 
  0%  25%  50%  75% 100% 
   1    1    1    1    1 
[1] 0.0315055 0.9825030
[1] "Current settings:"
[1] 500
[1] 1
[1] 42
  0%  25%  50%  75% 100% 
   1    1    1    1    1 
  0%  25%  50%  75% 100% 
   1    1    1    1    1 
[1] 0.05089145 0.97216645
[1] "Current settings:"
[1] 500
[1] 1
[1] 43
  0%  25%  50%  75% 100% 
   1    1    1    1    1 
  0%  25%  50%  75% 100% 
   1    1    1    1    1 
[1] 0.0285032 0.9554007
[1] "Current settings:"
[1] 500
[1] 1
[1] 44
  0%  25%  50%  75% 100% 
   1    1    1    1    1 
  0%  25%  50%  75% 100% 
   1    1    1    1    1 
[1] 0.01628127 0.97652927
[1] "Current settings:"
[1] 500
[1] 1
[1] 45
  0%  25%  50%  75% 100% 
   1    1    1    1    1 
  0%  25%  50%  75% 100% 
   1    1    1    1    1 
[1] 0.02994471 0.98118073
[1] "Current settings:"
[1] 500
[1] 1
[1] 46
  0%  25%  50%  75% 100% 
   1    1    1    1    1 
  0%  25%  50%  75% 100% 
   1    1    1    1    1 
[1] 0.05070391 0.92740003
[1] "Current settings:"
[1] 500
[1] 1
[1] 47
  0%  25%  50%  75% 100% 
   1    1    1    1    1 
  0%  25%  50%  75% 100% 
   1    1    1    1    1 
[1] 0.05420338 0.95316505
[1] "Current settings:"
[1] 500
[1] 1
[1] 48
  0%  25%  50%  75% 100% 
   1    1    1    1    1 
  0%  25%  50%  75% 100% 
   1    1    1    1    1 
[1] 0.05069095 0.95632052
[1] "Current settings:"
[1] 500
[1] 1
[1] 49
  0%  25%  50%  75% 100% 
   1    1    1    1    1 
  0%  25%  50%  75% 100% 
   1    1    1    1    1 
[1] 0.02593999 0.97263203
[1] "Current settings:"
[1] 500
[1] 1
[1] 50
  0%  25%  50%  75% 100% 
   1    1    1    1    1 
  0%  25%  50%  75% 100% 
   1    1    1    1    1 
[1] 0.03866269 0.97417150
[1] "Current settings:"
[1] 500
[1] 1
[1] 51
  0%  25%  50%  75% 100% 
   1    1    1    1    1 
  0%  25%  50%  75% 100% 
   1    1    1    1    1 
[1] 0.07594974 0.91930876
[1] "Current settings:"
[1] 500
[1] 1
[1] 52
  0%  25%  50%  75% 100% 
   1    1    1    1    1 
  0%  25%  50%  75% 100% 
   1    1    1    1    1 
[1] 0.06834161 0.93615152
[1] "Current settings:"
[1] 500
[1] 1
[1] 53
  0%  25%  50%  75% 100% 
   1    1    1    1    1 
  0%  25%  50%  75% 100% 
   1    1    1    1    1 
[1] 0.05063606 0.93766195
[1] "Current settings:"
[1] 500
[1] 1
[1] 54
  0%  25%  50%  75% 100% 
   1    1    1    1    1 
  0%  25%  50%  75% 100% 
   1    1    1    1    1 
[1] 0.0829536 0.8652327
[1] "Current settings:"
[1] 500
[1] 1
[1] 55
  0%  25%  50%  75% 100% 
   1    1    1    1    1 
  0%  25%  50%  75% 100% 
   1    1    1    1    1 
[1] 0.02093994 0.97135821
[1] "Current settings:"
[1] 500
[1] 1
[1] 56
  0%  25%  50%  75% 100% 
   1    1    1    1    1 
  0%  25%  50%  75% 100% 
   1    1    1    1    1 
[1] 0.0459133 0.9721905
[1] "Current settings:"
[1] 500
[1] 1
[1] 57
  0%  25%  50%  75% 100% 
   1    1    1    1    1 
  0%  25%  50%  75% 100% 
   1    1    1    1    1 
[1] 0.04201694 0.93054312
[1] "Current settings:"
[1] 500
[1] 1
[1] 58
  0%  25%  50%  75% 100% 
   1    1    1    1    1 
  0%  25%  50%  75% 100% 
   1    1    1    1    1 
[1] 0.08810701 0.94535473
[1] "Current settings:"
[1] 500
[1] 1
[1] 59
  0%  25%  50%  75% 100% 
   1    1    1    1    1 
  0%  25%  50%  75% 100% 
   1    1    1    1    1 
[1] 0.03929007 0.96500200
[1] "Current settings:"
[1] 500
[1] 1
[1] 60
  0%  25%  50%  75% 100% 
   1    1    1    1    1 
  0%  25%  50%  75% 100% 
   1    1    1    1    1 
[1] 0.03247448 0.98967455
[1] "Current settings:"
[1] 500
[1] 1
[1] 61
  0%  25%  50%  75% 100% 
   1    1    1    1    1 
  0%  25%  50%  75% 100% 
   1    1    1    1    1 
[1] 0.03137544 0.95547500
[1] "Current settings:"
[1] 500
[1] 1
[1] 62
  0%  25%  50%  75% 100% 
   1    1    1    1    1 
  0%  25%  50%  75% 100% 
   1    1    1    1    1 
[1] 0.04257284 0.95785562
[1] "Current settings:"
[1] 500
[1] 1
[1] 63
  0%  25%  50%  75% 100% 
   1    1    1    1    1 
  0%  25%  50%  75% 100% 
   1    1    1    1    1 
[1] 0.01062726 0.97371470
[1] "Current settings:"
[1] 500
[1] 1
[1] 64
  0%  25%  50%  75% 100% 
   1    1    1    1    1 
  0%  25%  50%  75% 100% 
   1    1    1    1    1 
[1] 0.05258516 0.92761225
[1] "Current settings:"
[1] 500
[1] 1
[1] 65
  0%  25%  50%  75% 100% 
   1    1    1    1    1 
  0%  25%  50%  75% 100% 
   1    1    1    1    1 
[1] 0.05248943 0.94795720
[1] "Current settings:"
[1] 500
[1] 1
[1] 66
  0%  25%  50%  75% 100% 
   1    1    1    1    1 
  0%  25%  50%  75% 100% 
   1    1    1    1    1 
[1] 0.03719268 0.95658143
[1] "Current settings:"
[1] 500
[1] 1
[1] 67
  0%  25%  50%  75% 100% 
   1    1    1    1    1 
  0%  25%  50%  75% 100% 
   1    1    1    1    1 
[1] 0.0264578 0.9701901
[1] "Current settings:"
[1] 500
[1] 1
[1] 68
  0%  25%  50%  75% 100% 
   1    1    1    1    1 
  0%  25%  50%  75% 100% 
   1    1    1    1    1 
[1] 0.04755565 0.96025414
[1] "Current settings:"
[1] 500
[1] 1
[1] 69
  0%  25%  50%  75% 100% 
   1    1    1    1    1 
  0%  25%  50%  75% 100% 
   1    1    1    1    1 
[1] 0.0447679 0.9513080
[1] "Current settings:"
[1] 500
[1] 1
[1] 70
  0%  25%  50%  75% 100% 
   1    1    1    1    1 
  0%  25%  50%  75% 100% 
   1    1    1    1    1 
[1] 0.06429517 0.93661100
[1] "Current settings:"
[1] 500
[1] 1
[1] 71
  0%  25%  50%  75% 100% 
   1    1    1    1    1 
  0%  25%  50%  75% 100% 
   1    1    1    1    1 
[1] 0.07413289 0.94562306
[1] "Current settings:"
[1] 500
[1] 1
[1] 72
  0%  25%  50%  75% 100% 
   1    1    1    1    1 
  0%  25%  50%  75% 100% 
   1    1    1    1    1 
[1] 0.02871579 0.96072050
[1] "Current settings:"
[1] 500
[1] 1
[1] 73
  0%  25%  50%  75% 100% 
   1    1    1    1    1 
  0%  25%  50%  75% 100% 
   1    1    1    1    1 
[1] 0.01260796 0.99129809
[1] "Current settings:"
[1] 500
[1] 1
[1] 74
  0%  25%  50%  75% 100% 
   1    1    1    1    1 
  0%  25%  50%  75% 100% 
   1    1    1    1    1 
[1] 0.03489399 0.95951334
[1] "Current settings:"
[1] 500
[1] 1
[1] 75
  0%  25%  50%  75% 100% 
   1    1    1    1    1 
  0%  25%  50%  75% 100% 
   1    1    1    1    1 
[1] 0.0330000 0.9724208
[1] "Current settings:"
[1] 500
[1] 1
[1] 76
  0%  25%  50%  75% 100% 
   1    1    1    1    1 
  0%  25%  50%  75% 100% 
   1    1    1    1    1 
[1] 0.04681781 0.94913977
[1] "Current settings:"
[1] 500
[1] 1
[1] 77
  0%  25%  50%  75% 100% 
   1    1    1    1    1 
  0%  25%  50%  75% 100% 
   1    1    1    1    1 
[1] 0.03171144 0.97659865
[1] "Current settings:"
[1] 500
[1] 1
[1] 78
  0%  25%  50%  75% 100% 
   1    1    1    1    1 
  0%  25%  50%  75% 100% 
   1    1    1    1    1 
[1] 0.02780688 0.97724167
[1] "Current settings:"
[1] 500
[1] 1
[1] 79
  0%  25%  50%  75% 100% 
   1    1    1    1    1 
  0%  25%  50%  75% 100% 
   1    1    1    1    1 
[1] 0.07783793 0.92181306
[1] "Current settings:"
[1] 500
[1] 1
[1] 80
  0%  25%  50%  75% 100% 
   1    1    1    1    1 
  0%  25%  50%  75% 100% 
   1    1    1    1    1 
[1] 0.05399772 0.97049378
[1] "Current settings:"
[1] 500
[1] 1
[1] 81
  0%  25%  50%  75% 100% 
   1    1    1    1    1 
  0%  25%  50%  75% 100% 
   1    1    1    1    1 
[1] 0.02467661 0.96742046
[1] "Current settings:"
[1] 500
[1] 1
[1] 82
  0%  25%  50%  75% 100% 
   1    1    1    1    1 
  0%  25%  50%  75% 100% 
   1    1    1    1    1 
[1] 0.03142285 0.95856681
[1] "Current settings:"
[1] 500
[1] 1
[1] 83
  0%  25%  50%  75% 100% 
   1    1    1    1    1 
