LOADING R
R LOADED
[1] "/home/lvanderl/Rlibs2"                         
[2] "/app/software/R/4.3.1-gfbf-2022b/lib/R/library"
[1] "/home/lvanderl/sieveSims"
[1] "iter: 1"
[1] "mu"
[1] "done_mu"
[1] "pi"
[1] "done_pi"
[1] "mu"
[1] "done_mu"
[1] "pi"
[1] "done_pi"
[1] 1.409932
[1] "iter: 2"
[1] "mu"
[1] "done_mu"
[1] "pi"
[1] "done_pi"
[1] "mu"
[1] "done_mu"
[1] "pi"
[1] "done_pi"
[1] 1.420057
[1] "iter: 3"
[1] "mu"
[1] "done_mu"
[1] "pi"
[1] "done_pi"
[1] "mu"
[1] "done_mu"
[1] "pi"
[1] "done_pi"
[1] 1.397313
[1] "iter: 4"
[1] "mu"
[1] "done_mu"
[1] "pi"
[1] "done_pi"
[1] "mu"
[1] "done_mu"
[1] "pi"
[1] "done_pi"
[1] 1.424797
[1] "iter: 5"
[1] "mu"
[1] "done_mu"
[1] "pi"
[1] "done_pi"
[1] "mu"
[1] "done_mu"
[1] "pi"
[1] "done_pi"
[1] 1.422442
[1] "iter: 6"
[1] "mu"
[1] "done_mu"
[1] "pi"
[1] "done_pi"
[1] "mu"
[1] "done_mu"
[1] "pi"
[1] "done_pi"
[1] 1.434897
[1] "iter: 7"
[1] "mu"
[1] "done_mu"
[1] "pi"
[1] "done_pi"
[1] "mu"
[1] "done_mu"
[1] "pi"
[1] "done_pi"
[1] 1.485878
[1] "iter: 8"
[1] "mu"
[1] "done_mu"
[1] "pi"
[1] "done_pi"
[1] "mu"
[1] "done_mu"
[1] "pi"
[1] "done_pi"
[1] 1.410876
[1] "iter: 9"
[1] "mu"
[1] "done_mu"
[1] "pi"
[1] "done_pi"
[1] "mu"
[1] "done_mu"
[1] "pi"
[1] "done_pi"
[1] 1.448852
[1] "iter: 10"
[1] "mu"
[1] "done_mu"
[1] "pi"
[1] "done_pi"
[1] "mu"
[1] "done_mu"
[1] "pi"
[1] "done_pi"
[1] 1.38694
[1] "iter: 11"
[1] "mu"
[1] "done_mu"
[1] "pi"
[1] "done_pi"
[1] "mu"
[1] "done_mu"
[1] "pi"
[1] "done_pi"
[1] 1.443991
[1] "iter: 12"
[1] "mu"
[1] "done_mu"
[1] "pi"
[1] "done_pi"
[1] "mu"
[1] "done_mu"
[1] "pi"
[1] "done_pi"
[1] 1.446912
[1] "iter: 13"
[1] "mu"
[1] "done_mu"
[1] "pi"
[1] "done_pi"
[1] "mu"
[1] "done_mu"
[1] "pi"
[1] "done_pi"
[1] 1.430704
[1] "iter: 14"
[1] "mu"
[1] "done_mu"
[1] "pi"
[1] "done_pi"
[1] "mu"
[1] "done_mu"
[1] "pi"
[1] "done_pi"
[1] 1.430044
[1] "iter: 15"
[1] "mu"
[1] "done_mu"
[1] "pi"
[1] "done_pi"
[1] "mu"
[1] "done_mu"
[1] "pi"
[1] "done_pi"
[1] 1.429645
[1] "iter: 16"
[1] "mu"
[1] "done_mu"
[1] "pi"
[1] "done_pi"
[1] "mu"
[1] "done_mu"
[1] "pi"
[1] "done_pi"
[1] 1.475282
[1] "iter: 17"
[1] "mu"
[1] "done_mu"
[1] "pi"
[1] "done_pi"
[1] "mu"
[1] "done_mu"
[1] "pi"
[1] "done_pi"
[1] 1.402908
[1] "iter: 18"
[1] "mu"
[1] "done_mu"
[1] "pi"
[1] "done_pi"
[1] "mu"
[1] "done_mu"
[1] "pi"
[1] "done_pi"
[1] 1.417991
[1] "iter: 19"
[1] "mu"
[1] "done_mu"
[1] "pi"
[1] "done_pi"
[1] "mu"
[1] "done_mu"
[1] "pi"
[1] "done_pi"
[1] 1.438767
[1] "iter: 20"
[1] "mu"
[1] "done_mu"
[1] "pi"
[1] "done_pi"
[1] "mu"
[1] "done_mu"
[1] "pi"
[1] "done_pi"
[1] 1.520632
[1] "iter: 21"
[1] "mu"
[1] "done_mu"
[1] "pi"
[1] "done_pi"
[1] "mu"
[1] "done_mu"
[1] "pi"
[1] "done_pi"
[1] 1.423215
[1] "iter: 22"
[1] "mu"
[1] "done_mu"
[1] "pi"
[1] "done_pi"
[1] "mu"
[1] "done_mu"
[1] "pi"
[1] "done_pi"
[1] 1.434508
[1] "iter: 23"
[1] "mu"
[1] "done_mu"
[1] "pi"
[1] "done_pi"
[1] "mu"
[1] "done_mu"
[1] "pi"
[1] "done_pi"
[1] 1.47908
[1] "iter: 24"
[1] "mu"
[1] "done_mu"
[1] "pi"
[1] "done_pi"
[1] "mu"
[1] "done_mu"
[1] "pi"
[1] "done_pi"
[1] 1.436173
[1] "iter: 25"
[1] "mu"
[1] "done_mu"
[1] "pi"
[1] "done_pi"
[1] "mu"
[1] "done_mu"
[1] "pi"
[1] "done_pi"
[1] 1.441107
[1] "iter: 26"
[1] "mu"
[1] "done_mu"
[1] "pi"
[1] "done_pi"
[1] "mu"
[1] "done_mu"
[1] "pi"
[1] "done_pi"
[1] 1.396097
[1] "iter: 27"
[1] "mu"
[1] "done_mu"
[1] "pi"
[1] "done_pi"
[1] "mu"
[1] "done_mu"
[1] "pi"
[1] "done_pi"
[1] 1.424662
[1] "iter: 28"
[1] "mu"
[1] "done_mu"
[1] "pi"
[1] "done_pi"
[1] "mu"
[1] "done_mu"
[1] "pi"
[1] "done_pi"
[1] 1.428335
[1] "iter: 29"
[1] "mu"
[1] "done_mu"
[1] "pi"
[1] "done_pi"
[1] "mu"
[1] "done_mu"
[1] "pi"
[1] "done_pi"
[1] 1.418591
[1] "iter: 30"
[1] "mu"
[1] "done_mu"
[1] "pi"
[1] "done_pi"
[1] "mu"
[1] "done_mu"
[1] "pi"
[1] "done_pi"
[1] 1.369229
[1] "iter: 31"
[1] "mu"
[1] "done_mu"
[1] "pi"
[1] "done_pi"
[1] "mu"
[1] "done_mu"
[1] "pi"
[1] "done_pi"
[1] 1.377228
[1] "iter: 32"
[1] "mu"
[1] "done_mu"
[1] "pi"
[1] "done_pi"
[1] "mu"
[1] "done_mu"
[1] "pi"
[1] "done_pi"
[1] 1.427231
[1] "iter: 33"
[1] "mu"
[1] "done_mu"
[1] "pi"
[1] "done_pi"
[1] "mu"
[1] "done_mu"
[1] "pi"
[1] "done_pi"
[1] 1.432887
[1] "iter: 34"
[1] "mu"
[1] "done_mu"
[1] "pi"
[1] "done_pi"
[1] "mu"
[1] "done_mu"
[1] "pi"
[1] "done_pi"
[1] 1.478841
[1] "iter: 35"
[1] "mu"
[1] "done_mu"
[1] "pi"
[1] "done_pi"
[1] "mu"
[1] "done_mu"
[1] "pi"
[1] "done_pi"
[1] 1.463862
[1] "iter: 36"
[1] "mu"
[1] "done_mu"
[1] "pi"
[1] "done_pi"
[1] "mu"
[1] "done_mu"
[1] "pi"
[1] "done_pi"
[1] 1.378156
[1] "iter: 37"
[1] "mu"
[1] "done_mu"
[1] "pi"
[1] "done_pi"
[1] "mu"
[1] "done_mu"
[1] "pi"
[1] "done_pi"
[1] 1.43382
[1] "iter: 38"
[1] "mu"
[1] "done_mu"
[1] "pi"
[1] "done_pi"
[1] "mu"
[1] "done_mu"
[1] "pi"
[1] "done_pi"
[1] 1.444719
[1] "iter: 39"
[1] "mu"
[1] "done_mu"
[1] "pi"
[1] "done_pi"
[1] "mu"
[1] "done_mu"
[1] "pi"
[1] "done_pi"
[1] 1.465652
[1] "iter: 40"
[1] "mu"
[1] "done_mu"
[1] "pi"
[1] "done_pi"
[1] "mu"
[1] "done_mu"
[1] "pi"
[1] "done_pi"
[1] 1.382605
[1] "iter: 41"
[1] "mu"
[1] "done_mu"
[1] "pi"
[1] "done_pi"
[1] "mu"
[1] "done_mu"
[1] "pi"
[1] "done_pi"
[1] 1.520471
[1] "iter: 42"
[1] "mu"
[1] "done_mu"
[1] "pi"
[1] "done_pi"
[1] "mu"
[1] "done_mu"
[1] "pi"
[1] "done_pi"
[1] 1.497425
[1] "iter: 43"
[1] "mu"
[1] "done_mu"
[1] "pi"
[1] "done_pi"
[1] "mu"
[1] "done_mu"
[1] "pi"
[1] "done_pi"
[1] 1.429304
[1] "iter: 44"
[1] "mu"
[1] "done_mu"
[1] "pi"
[1] "done_pi"
[1] "mu"
[1] "done_mu"
[1] "pi"
[1] "done_pi"
[1] 1.431501
[1] "iter: 45"
[1] "mu"
[1] "done_mu"
[1] "pi"
[1] "done_pi"
[1] "mu"
[1] "done_mu"
[1] "pi"
[1] "done_pi"
[1] 1.430077
[1] "iter: 46"
[1] "mu"
[1] "done_mu"
[1] "pi"
[1] "done_pi"
[1] "mu"
[1] "done_mu"
[1] "pi"
[1] "done_pi"
[1] 1.417022
[1] "iter: 47"
[1] "mu"
[1] "done_mu"
[1] "pi"
[1] "done_pi"
[1] "mu"
[1] "done_mu"
[1] "pi"
[1] "done_pi"
[1] 1.446164
[1] "iter: 48"
[1] "mu"
[1] "done_mu"
[1] "pi"
[1] "done_pi"
[1] "mu"
[1] "done_mu"
[1] "pi"
[1] "done_pi"
[1] 1.45149
[1] "iter: 49"
[1] "mu"
[1] "done_mu"
[1] "pi"
[1] "done_pi"
[1] "mu"
[1] "done_mu"
[1] "pi"
[1] "done_pi"
[1] 1.424896
[1] "iter: 50"
[1] "mu"
[1] "done_mu"
[1] "pi"
[1] "done_pi"
[1] "mu"
[1] "done_mu"
[1] "pi"
[1] "done_pi"
[1] 1.445156
[1] "iter: 51"
[1] "mu"
[1] "done_mu"
[1] "pi"
[1] "done_pi"
[1] "mu"
[1] "done_mu"
[1] "pi"
[1] "done_pi"
[1] 1.438926
[1] "iter: 52"
[1] "mu"
[1] "done_mu"
[1] "pi"
[1] "done_pi"
[1] "mu"
[1] "done_mu"
[1] "pi"
[1] "done_pi"
[1] 1.42355
[1] "iter: 53"
[1] "mu"
[1] "done_mu"
[1] "pi"
[1] "done_pi"
[1] "mu"
[1] "done_mu"
[1] "pi"
[1] "done_pi"
[1] 1.388969
[1] "iter: 54"
[1] "mu"
[1] "done_mu"
[1] "pi"
[1] "done_pi"
[1] "mu"
[1] "done_mu"
[1] "pi"
[1] "done_pi"
[1] 1.474702
[1] "iter: 55"
[1] "mu"
[1] "done_mu"
[1] "pi"
[1] "done_pi"
[1] "mu"
[1] "done_mu"
[1] "pi"
[1] "done_pi"
[1] 1.43275
[1] "iter: 56"
[1] "mu"
[1] "done_mu"
[1] "pi"
[1] "done_pi"
[1] "mu"
[1] "done_mu"
[1] "pi"
[1] "done_pi"
[1] 1.416056
[1] "iter: 57"
[1] "mu"
[1] "done_mu"
[1] "pi"
[1] "done_pi"
[1] "mu"
[1] "done_mu"
[1] "pi"
[1] "done_pi"
[1] 1.421859
[1] "iter: 58"
[1] "mu"
[1] "done_mu"
[1] "pi"
[1] "done_pi"
[1] "mu"
[1] "done_mu"
[1] "pi"
[1] "done_pi"
[1] 1.458728
[1] "iter: 59"
[1] "mu"
[1] "done_mu"
[1] "pi"
[1] "done_pi"
[1] "mu"
[1] "done_mu"
[1] "pi"
[1] "done_pi"
[1] 1.463057
[1] "iter: 60"
[1] "mu"
[1] "done_mu"
[1] "pi"
[1] "done_pi"
[1] "mu"
[1] "done_mu"
[1] "pi"
[1] "done_pi"
[1] 1.459712
[1] "iter: 61"
[1] "mu"
[1] "done_mu"
[1] "pi"
[1] "done_pi"
[1] "mu"
[1] "done_mu"
[1] "pi"
[1] "done_pi"
[1] 1.413615
[1] "iter: 62"
[1] "mu"
[1] "done_mu"
[1] "pi"
[1] "done_pi"
[1] "mu"
[1] "done_mu"
[1] "pi"
[1] "done_pi"
[1] 1.425935
[1] "iter: 63"
[1] "mu"
[1] "done_mu"
[1] "pi"
[1] "done_pi"
[1] "mu"
[1] "done_mu"
[1] "pi"
[1] "done_pi"
[1] 1.428684
[1] "iter: 64"
[1] "mu"
[1] "done_mu"
[1] "pi"
[1] "done_pi"
[1] "mu"
[1] "done_mu"
[1] "pi"
[1] "done_pi"
[1] 1.380025
[1] "iter: 65"
[1] "mu"
[1] "done_mu"
[1] "pi"
[1] "done_pi"
[1] "mu"
[1] "done_mu"
[1] "pi"
[1] "done_pi"
[1] 1.407394
[1] "iter: 66"
[1] "mu"
[1] "done_mu"
[1] "pi"
[1] "done_pi"
[1] "mu"
[1] "done_mu"
[1] "pi"
[1] "done_pi"
[1] 1.441977
[1] "iter: 67"
[1] "mu"
[1] "done_mu"
[1] "pi"
[1] "done_pi"
[1] "mu"
[1] "done_mu"
[1] "pi"
[1] "done_pi"
[1] 1.417783
[1] "iter: 68"
[1] "mu"
[1] "done_mu"
[1] "pi"
[1] "done_pi"
[1] "mu"
[1] "done_mu"
[1] "pi"
[1] "done_pi"
[1] 1.451055
[1] "iter: 69"
[1] "mu"
[1] "done_mu"
[1] "pi"
[1] "done_pi"
[1] "mu"
[1] "done_mu"
[1] "pi"
[1] "done_pi"
[1] 1.455504
[1] "iter: 70"
[1] "mu"
[1] "done_mu"
[1] "pi"
[1] "done_pi"
[1] "mu"
[1] "done_mu"
[1] "pi"
[1] "done_pi"
[1] 1.449264
[1] "iter: 71"
[1] "mu"
[1] "done_mu"
[1] "pi"
[1] "done_pi"
[1] "mu"
[1] "done_mu"
[1] "pi"
[1] "done_pi"
[1] 1.384252
[1] "iter: 72"
[1] "mu"
[1] "done_mu"
[1] "pi"
[1] "done_pi"
[1] "mu"
[1] "done_mu"
[1] "pi"
[1] "done_pi"
[1] 1.496088
[1] "iter: 73"
[1] "mu"
[1] "done_mu"
[1] "pi"
[1] "done_pi"
[1] "mu"
[1] "done_mu"
[1] "pi"
[1] "done_pi"
[1] 1.444508
[1] "iter: 74"
[1] "mu"
[1] "done_mu"
[1] "pi"
[1] "done_pi"
[1] "mu"
[1] "done_mu"
[1] "pi"
[1] "done_pi"
[1] 1.410634
[1] "iter: 75"
[1] "mu"
[1] "done_mu"
[1] "pi"
[1] "done_pi"
[1] "mu"
[1] "done_mu"
[1] "pi"
[1] "done_pi"
[1] 1.431537
[1] "iter: 76"
[1] "mu"
[1] "done_mu"
[1] "pi"
[1] "done_pi"
[1] "mu"
[1] "done_mu"
[1] "pi"
[1] "done_pi"
[1] 1.450788
[1] "iter: 77"
[1] "mu"
[1] "done_mu"
[1] "pi"
[1] "done_pi"
[1] "mu"
[1] "done_mu"
[1] "pi"
[1] "done_pi"
[1] 1.425722
[1] "iter: 78"
[1] "mu"
[1] "done_mu"
[1] "pi"
[1] "done_pi"
[1] "mu"
[1] "done_mu"
[1] "pi"
[1] "done_pi"
[1] 1.4251
[1] "iter: 79"
[1] "mu"
[1] "done_mu"
[1] "pi"
[1] "done_pi"
[1] "mu"
[1] "done_mu"
[1] "pi"
[1] "done_pi"
[1] 1.48401
[1] "iter: 80"
[1] "mu"
[1] "done_mu"
[1] "pi"
[1] "done_pi"
[1] "mu"
[1] "done_mu"
[1] "pi"
[1] "done_pi"
[1] 1.473682
[1] "iter: 81"
[1] "mu"
[1] "done_mu"
[1] "pi"
[1] "done_pi"
[1] "mu"
[1] "done_mu"
[1] "pi"
[1] "done_pi"
[1] 1.478796
[1] "iter: 82"
[1] "mu"
[1] "done_mu"
[1] "pi"
[1] "done_pi"
[1] "mu"
[1] "done_mu"
[1] "pi"
[1] "done_pi"
[1] 1.44471
[1] "iter: 83"
[1] "mu"
[1] "done_mu"
[1] "pi"
[1] "done_pi"
[1] "mu"
[1] "done_mu"
[1] "pi"
[1] "done_pi"
[1] 1.44344
[1] "iter: 84"
[1] "mu"
[1] "done_mu"
[1] "pi"
[1] "done_pi"
[1] "mu"
[1] "done_mu"
[1] "pi"
[1] "done_pi"
[1] 1.42571
[1] "iter: 85"
[1] "mu"
[1] "done_mu"
[1] "pi"
[1] "done_pi"
[1] "mu"
[1] "done_mu"
[1] "pi"
[1] "done_pi"
[1] 1.369358
[1] "iter: 86"
[1] "mu"
[1] "done_mu"
[1] "pi"
[1] "done_pi"
[1] "mu"
[1] "done_mu"
[1] "pi"
[1] "done_pi"
[1] 1.437354
[1] "iter: 87"
[1] "mu"
[1] "done_mu"
[1] "pi"
[1] "done_pi"
[1] "mu"
[1] "done_mu"
[1] "pi"
[1] "done_pi"
[1] 1.402939
[1] "iter: 88"
[1] "mu"
[1] "done_mu"
[1] "pi"
[1] "done_pi"
[1] "mu"
[1] "done_mu"
[1] "pi"
[1] "done_pi"
[1] 1.461171
[1] "iter: 89"
[1] "mu"
[1] "done_mu"
[1] "pi"
[1] "done_pi"
[1] "mu"
[1] "done_mu"
[1] "pi"
[1] "done_pi"
[1] 1.402523
[1] "iter: 90"
[1] "mu"
[1] "done_mu"
[1] "pi"
[1] "done_pi"
[1] "mu"
[1] "done_mu"
[1] "pi"
[1] "done_pi"
[1] 1.39889
[1] "iter: 91"
[1] "mu"
[1] "done_mu"
[1] "pi"
[1] "done_pi"
[1] "mu"
[1] "done_mu"
[1] "pi"
[1] "done_pi"
[1] 1.43224
[1] "iter: 92"
[1] "mu"
[1] "done_mu"
[1] "pi"
[1] "done_pi"
[1] "mu"
[1] "done_mu"
[1] "pi"
[1] "done_pi"
[1] 1.391089
[1] "iter: 93"
[1] "mu"
[1] "done_mu"
[1] "pi"
[1] "done_pi"
[1] "mu"
[1] "done_mu"
[1] "pi"
[1] "done_pi"
[1] 1.408821
[1] "iter: 94"
[1] "mu"
[1] "done_mu"
[1] "pi"
[1] "done_pi"
[1] "mu"
[1] "done_mu"
[1] "pi"
[1] "done_pi"
[1] 1.456292
[1] "iter: 95"
[1] "mu"
[1] "done_mu"
[1] "pi"
[1] "done_pi"
[1] "mu"
[1] "done_mu"
[1] "pi"
[1] "done_pi"
[1] 1.467871
[1] "iter: 96"
[1] "mu"
[1] "done_mu"
[1] "pi"
[1] "done_pi"
[1] "mu"
[1] "done_mu"
[1] "pi"
[1] "done_pi"
[1] 1.379266
[1] "iter: 97"
[1] "mu"
[1] "done_mu"
[1] "pi"
[1] "done_pi"
[1] "mu"
[1] "done_mu"
[1] "pi"
[1] "done_pi"
[1] 1.454451
[1] "iter: 98"
[1] "mu"
[1] "done_mu"
[1] "pi"
[1] "done_pi"
[1] "mu"
[1] "done_mu"
[1] "pi"
[1] "done_pi"
[1] 1.424908
[1] "iter: 99"
[1] "mu"
[1] "done_mu"
[1] "pi"
[1] "done_pi"
[1] "mu"
[1] "done_mu"
[1] "pi"
[1] "done_pi"
[1] 1.425941
[1] "iter: 100"
[1] "mu"
[1] "done_mu"
[1] "pi"
[1] "done_pi"
[1] "mu"
[1] "done_mu"
[1] "pi"
[1] "done_pi"
[1] 1.426461
[1] "iter: 101"
[1] "mu"
[1] "done_mu"
[1] "pi"
[1] "done_pi"
[1] "mu"
[1] "done_mu"
[1] "pi"
[1] "done_pi"
[1] 1.443716
[1] "iter: 102"
[1] "mu"
[1] "done_mu"
[1] "pi"
[1] "done_pi"
[1] "mu"
[1] "done_mu"
[1] "pi"
[1] "done_pi"
[1] 1.409775
[1] "iter: 103"
[1] "mu"
[1] "done_mu"
[1] "pi"
[1] "done_pi"
[1] "mu"
[1] "done_mu"
[1] "pi"
[1] "done_pi"
[1] 1.401869
[1] "iter: 104"
[1] "mu"
[1] "done_mu"
[1] "pi"
[1] "done_pi"
[1] "mu"
[1] "done_mu"
[1] "pi"
[1] "done_pi"
[1] 1.427511
[1] "iter: 105"
[1] "mu"
[1] "done_mu"
[1] "pi"
[1] "done_pi"
[1] "mu"
[1] "done_mu"
[1] "pi"
[1] "done_pi"
[1] 1.502295
[1] "iter: 106"
[1] "mu"
[1] "done_mu"
[1] "pi"
[1] "done_pi"
[1] "mu"
[1] "done_mu"
[1] "pi"
[1] "done_pi"
[1] 1.404069
[1] "iter: 107"
[1] "mu"
[1] "done_mu"
[1] "pi"
[1] "done_pi"
[1] "mu"
[1] "done_mu"
[1] "pi"
[1] "done_pi"
[1] 1.426761
[1] "iter: 108"
[1] "mu"
[1] "done_mu"
[1] "pi"
[1] "done_pi"
[1] "mu"
[1] "done_mu"
[1] "pi"
[1] "done_pi"
[1] 1.422025
[1] "iter: 109"
[1] "mu"
[1] "done_mu"
[1] "pi"
[1] "done_pi"
[1] "mu"
[1] "done_mu"
[1] "pi"
[1] "done_pi"
[1] 1.38178
[1] "iter: 110"
[1] "mu"
[1] "done_mu"
[1] "pi"
[1] "done_pi"
[1] "mu"
[1] "done_mu"
[1] "pi"
[1] "done_pi"
[1] 1.412384
[1] "iter: 111"
[1] "mu"
[1] "done_mu"
[1] "pi"
[1] "done_pi"
[1] "mu"
[1] "done_mu"
[1] "pi"
[1] "done_pi"
[1] 1.422962
[1] "iter: 112"
[1] "mu"
[1] "done_mu"
[1] "pi"
[1] "done_pi"
[1] "mu"
[1] "done_mu"
[1] "pi"
[1] "done_pi"
[1] 1.380349
[1] "iter: 113"
[1] "mu"
[1] "done_mu"
[1] "pi"
[1] "done_pi"
[1] "mu"
[1] "done_mu"
[1] "pi"
[1] "done_pi"
[1] 1.454208
[1] "iter: 114"
[1] "mu"
[1] "done_mu"
[1] "pi"
[1] "done_pi"
[1] "mu"
[1] "done_mu"
[1] "pi"
[1] "done_pi"
[1] 1.39198
[1] "iter: 115"
[1] "mu"
[1] "done_mu"
[1] "pi"
[1] "done_pi"
[1] "mu"
[1] "done_mu"
[1] "pi"
[1] "done_pi"
[1] 1.392904
[1] "iter: 116"
[1] "mu"
[1] "done_mu"
[1] "pi"
[1] "done_pi"
[1] "mu"
[1] "done_mu"
[1] "pi"
[1] "done_pi"
[1] 1.402074
[1] "iter: 117"
[1] "mu"
[1] "done_mu"
[1] "pi"
[1] "done_pi"
[1] "mu"
[1] "done_mu"
[1] "pi"
[1] "done_pi"
[1] 1.374051
[1] "iter: 118"
[1] "mu"
[1] "done_mu"
[1] "pi"
[1] "done_pi"
[1] "mu"
[1] "done_mu"
[1] "pi"
[1] "done_pi"
[1] 1.455505
[1] "iter: 119"
[1] "mu"
[1] "done_mu"
[1] "pi"
[1] "done_pi"
[1] "mu"
[1] "done_mu"
[1] "pi"
[1] "done_pi"
[1] 1.43431
[1] "iter: 120"
[1] "mu"
[1] "done_mu"
[1] "pi"
[1] "done_pi"
[1] "mu"
[1] "done_mu"
[1] "pi"
[1] "done_pi"
[1] 1.428165
[1] "iter: 121"
[1] "mu"
[1] "done_mu"
[1] "pi"
[1] "done_pi"
[1] "mu"
[1] "done_mu"
[1] "pi"
[1] "done_pi"
[1] 1.404379
[1] "iter: 122"
[1] "mu"
[1] "done_mu"
[1] "pi"
[1] "done_pi"
[1] "mu"
[1] "done_mu"
[1] "pi"
[1] "done_pi"
[1] 1.426901
[1] "iter: 123"
[1] "mu"
[1] "done_mu"
[1] "pi"
[1] "done_pi"
[1] "mu"
[1] "done_mu"
[1] "pi"
[1] "done_pi"
[1] 1.379243
[1] "iter: 124"
[1] "mu"
[1] "done_mu"
[1] "pi"
[1] "done_pi"
[1] "mu"
[1] "done_mu"
[1] "pi"
[1] "done_pi"
[1] 1.405
[1] "iter: 125"
[1] "mu"
[1] "done_mu"
[1] "pi"
[1] "done_pi"
[1] "mu"
[1] "done_mu"
[1] "pi"
[1] "done_pi"
[1] 1.383146
[1] "iter: 126"
[1] "mu"
[1] "done_mu"
[1] "pi"
[1] "done_pi"
[1] "mu"
[1] "done_mu"
[1] "pi"
[1] "done_pi"
[1] 1.432906
[1] "iter: 127"
[1] "mu"
[1] "done_mu"
[1] "pi"
[1] "done_pi"
[1] "mu"
[1] "done_mu"
[1] "pi"
[1] "done_pi"
[1] 1.400274
[1] "iter: 128"
[1] "mu"
[1] "done_mu"
[1] "pi"
[1] "done_pi"
[1] "mu"
[1] "done_mu"
[1] "pi"
[1] "done_pi"
[1] 1.440573
[1] "iter: 129"
[1] "mu"
[1] "done_mu"
[1] "pi"
[1] "done_pi"
[1] "mu"
[1] "done_mu"
[1] "pi"
[1] "done_pi"
[1] 1.458584
[1] "iter: 130"
[1] "mu"
[1] "done_mu"
[1] "pi"
[1] "done_pi"
[1] "mu"
[1] "done_mu"
[1] "pi"
[1] "done_pi"
[1] 1.456763
[1] "iter: 131"
[1] "mu"
[1] "done_mu"
[1] "pi"
[1] "done_pi"
[1] "mu"
[1] "done_mu"
[1] "pi"
[1] "done_pi"
[1] 1.433081
[1] "iter: 132"
[1] "mu"
[1] "done_mu"
[1] "pi"
[1] "done_pi"
[1] "mu"
[1] "done_mu"
[1] "pi"
[1] "done_pi"
[1] 1.399552
[1] "iter: 133"
[1] "mu"
[1] "done_mu"
[1] "pi"
[1] "done_pi"
[1] "mu"
[1] "done_mu"
[1] "pi"
[1] "done_pi"
[1] 1.459888
[1] "iter: 134"
[1] "mu"
[1] "done_mu"
[1] "pi"
[1] "done_pi"
[1] "mu"
[1] "done_mu"
[1] "pi"
[1] "done_pi"
[1] 1.404064
[1] "iter: 135"
[1] "mu"
[1] "done_mu"
[1] "pi"
[1] "done_pi"
[1] "mu"
[1] "done_mu"
[1] "pi"
[1] "done_pi"
[1] 1.396392
[1] "iter: 136"
[1] "mu"
[1] "done_mu"
[1] "pi"
[1] "done_pi"
[1] "mu"
[1] "done_mu"
[1] "pi"
[1] "done_pi"
[1] 1.380172
[1] "iter: 137"
[1] "mu"
[1] "done_mu"
[1] "pi"
[1] "done_pi"
[1] "mu"
[1] "done_mu"
[1] "pi"
[1] "done_pi"
[1] 1.464856
[1] "iter: 138"
[1] "mu"
[1] "done_mu"
[1] "pi"
[1] "done_pi"
[1] "mu"
[1] "done_mu"
[1] "pi"
[1] "done_pi"
[1] 1.464817
[1] "iter: 139"
[1] "mu"
[1] "done_mu"
[1] "pi"
[1] "done_pi"
[1] "mu"
[1] "done_mu"
[1] "pi"
[1] "done_pi"
[1] 1.504041
[1] "iter: 140"
[1] "mu"
[1] "done_mu"
[1] "pi"
[1] "done_pi"
[1] "mu"
[1] "done_mu"
[1] "pi"
[1] "done_pi"
[1] 1.407433
[1] "iter: 141"
[1] "mu"
[1] "done_mu"
[1] "pi"
[1] "done_pi"
[1] "mu"
[1] "done_mu"
[1] "pi"
[1] "done_pi"
[1] 1.411011
[1] "iter: 142"
[1] "mu"
[1] "done_mu"
[1] "pi"
[1] "done_pi"
[1] "mu"
[1] "done_mu"
[1] "pi"
[1] "done_pi"
[1] 1.405057
[1] "iter: 143"
[1] "mu"
[1] "done_mu"
[1] "pi"
[1] "done_pi"
[1] "mu"
[1] "done_mu"
[1] "pi"
[1] "done_pi"
[1] 1.460413
[1] "iter: 144"
[1] "mu"
[1] "done_mu"
[1] "pi"
[1] "done_pi"
[1] "mu"
[1] "done_mu"
[1] "pi"
[1] "done_pi"
[1] 1.413551
[1] "iter: 145"
[1] "mu"
[1] "done_mu"
[1] "pi"
[1] "done_pi"
[1] "mu"
[1] "done_mu"
[1] "pi"
[1] "done_pi"
[1] 1.488981
[1] "iter: 146"
[1] "mu"
[1] "done_mu"
[1] "pi"
[1] "done_pi"
[1] "mu"
[1] "done_mu"
[1] "pi"
[1] "done_pi"
[1] 1.436291
[1] "iter: 147"
[1] "mu"
[1] "done_mu"
[1] "pi"
[1] "done_pi"
[1] "mu"
[1] "done_mu"
[1] "pi"
[1] "done_pi"
[1] 1.426352
[1] "iter: 148"
[1] "mu"
[1] "done_mu"
[1] "pi"
[1] "done_pi"
[1] "mu"
[1] "done_mu"
[1] "pi"
[1] "done_pi"
[1] 1.403097
[1] "iter: 149"
[1] "mu"
[1] "done_mu"
[1] "pi"
[1] "done_pi"
[1] "mu"
[1] "done_mu"
[1] "pi"
[1] "done_pi"
[1] 1.462567
[1] "iter: 150"
[1] "mu"
[1] "done_mu"
[1] "pi"
[1] "done_pi"
[1] "mu"
[1] "done_mu"
[1] "pi"
[1] "done_pi"
[1] 1.413912
[1] "iter: 151"
[1] "mu"
[1] "done_mu"
[1] "pi"
[1] "done_pi"
[1] "mu"
[1] "done_mu"
[1] "pi"
[1] "done_pi"
[1] 1.484661
[1] "iter: 152"
[1] "mu"
[1] "done_mu"
[1] "pi"
[1] "done_pi"
[1] "mu"
[1] "done_mu"
[1] "pi"
[1] "done_pi"
[1] 1.411977
[1] "iter: 153"
[1] "mu"
[1] "done_mu"
[1] "pi"
[1] "done_pi"
[1] "mu"
[1] "done_mu"
[1] "pi"
[1] "done_pi"
[1] 1.45146
[1] "iter: 154"
[1] "mu"
[1] "done_mu"
[1] "pi"
[1] "done_pi"
[1] "mu"
[1] "done_mu"
[1] "pi"
[1] "done_pi"
[1] 1.405305
[1] "iter: 155"
[1] "mu"
[1] "done_mu"
[1] "pi"
[1] "done_pi"
[1] "mu"
[1] "done_mu"
[1] "pi"
[1] "done_pi"
[1] 1.399643
[1] "iter: 156"
[1] "mu"
[1] "done_mu"
[1] "pi"
[1] "done_pi"
[1] "mu"
[1] "done_mu"
[1] "pi"
[1] "done_pi"
[1] 1.443484
[1] "iter: 157"
[1] "mu"
[1] "done_mu"
[1] "pi"
[1] "done_pi"
[1] "mu"
[1] "done_mu"
[1] "pi"
[1] "done_pi"
[1] 1.413173
[1] "iter: 158"
[1] "mu"
[1] "done_mu"
[1] "pi"
[1] "done_pi"
[1] "mu"
[1] "done_mu"
[1] "pi"
[1] "done_pi"
[1] 1.438167
[1] "iter: 159"
[1] "mu"
[1] "done_mu"
[1] "pi"
[1] "done_pi"
[1] "mu"
[1] "done_mu"
[1] "pi"
[1] "done_pi"
[1] 1.432771
[1] "iter: 160"
[1] "mu"
[1] "done_mu"
[1] "pi"
[1] "done_pi"
[1] "mu"
[1] "done_mu"
[1] "pi"
[1] "done_pi"
[1] 1.39691
[1] "iter: 161"
[1] "mu"
[1] "done_mu"
[1] "pi"
[1] "done_pi"
[1] "mu"
[1] "done_mu"
[1] "pi"
[1] "done_pi"
[1] 1.413218
[1] "iter: 162"
[1] "mu"
[1] "done_mu"
[1] "pi"
[1] "done_pi"
[1] "mu"
[1] "done_mu"
[1] "pi"
[1] "done_pi"
[1] 1.448893
[1] "iter: 163"
[1] "mu"
[1] "done_mu"
[1] "pi"
[1] "done_pi"
[1] "mu"
[1] "done_mu"
[1] "pi"
[1] "done_pi"
[1] 1.418224
[1] "iter: 164"
[1] "mu"
[1] "done_mu"
[1] "pi"
[1] "done_pi"
[1] "mu"
[1] "done_mu"
[1] "pi"
[1] "done_pi"
[1] 1.356134
[1] "iter: 165"
[1] "mu"
[1] "done_mu"
[1] "pi"
[1] "done_pi"
[1] "mu"
[1] "done_mu"
[1] "pi"
[1] "done_pi"
[1] 1.426318
[1] "iter: 166"
[1] "mu"
[1] "done_mu"
[1] "pi"
[1] "done_pi"
[1] "mu"
[1] "done_mu"
[1] "pi"
[1] "done_pi"
[1] 1.392419
[1] "iter: 167"
[1] "mu"
[1] "done_mu"
[1] "pi"
[1] "done_pi"
[1] "mu"
[1] "done_mu"
[1] "pi"
[1] "done_pi"
[1] 1.412532
[1] "iter: 168"
[1] "mu"
[1] "done_mu"
[1] "pi"
[1] "done_pi"
[1] "mu"
[1] "done_mu"
[1] "pi"
[1] "done_pi"
[1] 1.44213
[1] "iter: 169"
[1] "mu"
[1] "done_mu"
[1] "pi"
[1] "done_pi"
[1] "mu"
[1] "done_mu"
[1] "pi"
[1] "done_pi"
[1] 1.398262
[1] "iter: 170"
[1] "mu"
[1] "done_mu"
[1] "pi"
[1] "done_pi"
[1] "mu"
[1] "done_mu"
[1] "pi"
[1] "done_pi"
[1] 1.415838
[1] "iter: 171"
[1] "mu"
[1] "done_mu"
[1] "pi"
[1] "done_pi"
[1] "mu"
[1] "done_mu"
[1] "pi"
[1] "done_pi"
[1] 1.433004
[1] "iter: 172"
[1] "mu"
[1] "done_mu"
[1] "pi"
[1] "done_pi"
[1] "mu"
[1] "done_mu"
[1] "pi"
[1] "done_pi"
[1] 1.396826
[1] "iter: 173"
[1] "mu"
[1] "done_mu"
[1] "pi"
[1] "done_pi"
[1] "mu"
[1] "done_mu"
[1] "pi"
[1] "done_pi"
[1] 1.394296
[1] "iter: 174"
[1] "mu"
[1] "done_mu"
[1] "pi"
[1] "done_pi"
[1] "mu"
[1] "done_mu"
[1] "pi"
[1] "done_pi"
[1] 1.45763
[1] "iter: 175"
[1] "mu"
[1] "done_mu"
[1] "pi"
[1] "done_pi"
[1] "mu"
[1] "done_mu"
[1] "pi"
[1] "done_pi"
[1] 1.386379
[1] "iter: 176"
[1] "mu"
[1] "done_mu"
[1] "pi"
[1] "done_pi"
[1] "mu"
[1] "done_mu"
[1] "pi"
[1] "done_pi"
[1] 1.441035
[1] "iter: 177"
[1] "mu"
[1] "done_mu"
[1] "pi"
[1] "done_pi"
[1] "mu"
[1] "done_mu"
[1] "pi"
[1] "done_pi"
[1] 1.450829
[1] "iter: 178"
[1] "mu"
[1] "done_mu"
[1] "pi"
[1] "done_pi"
[1] "mu"
[1] "done_mu"
[1] "pi"
[1] "done_pi"
[1] 1.395459
[1] "iter: 179"
[1] "mu"
[1] "done_mu"
[1] "pi"
[1] "done_pi"
[1] "mu"
[1] "done_mu"
[1] "pi"
[1] "done_pi"
[1] 1.423815
[1] "iter: 180"
[1] "mu"
[1] "done_mu"
[1] "pi"
[1] "done_pi"
[1] "mu"
[1] "done_mu"
[1] "pi"
[1] "done_pi"
[1] 1.461337
[1] "iter: 181"
[1] "mu"
[1] "done_mu"
[1] "pi"
[1] "done_pi"
[1] "mu"
[1] "done_mu"
[1] "pi"
[1] "done_pi"
[1] 1.424035
[1] "iter: 182"
[1] "mu"
[1] "done_mu"
[1] "pi"
[1] "done_pi"
[1] "mu"
[1] "done_mu"
[1] "pi"
[1] "done_pi"
[1] 1.402173
[1] "iter: 183"
[1] "mu"
[1] "done_mu"
[1] "pi"
[1] "done_pi"
[1] "mu"
[1] "done_mu"
[1] "pi"
[1] "done_pi"
[1] 1.479278
[1] "iter: 184"
[1] "mu"
[1] "done_mu"
[1] "pi"
[1] "done_pi"
[1] "mu"
[1] "done_mu"
[1] "pi"
[1] "done_pi"
[1] 1.426776
[1] "iter: 185"
[1] "mu"
[1] "done_mu"
[1] "pi"
[1] "done_pi"
[1] "mu"
[1] "done_mu"
[1] "pi"
[1] "done_pi"
[1] 1.438879
[1] "iter: 186"
[1] "mu"
[1] "done_mu"
[1] "pi"
[1] "done_pi"
[1] "mu"
[1] "done_mu"
[1] "pi"
[1] "done_pi"
[1] 1.43818
[1] "iter: 187"
[1] "mu"
[1] "done_mu"
[1] "pi"
[1] "done_pi"
[1] "mu"
[1] "done_mu"
[1] "pi"
[1] "done_pi"
[1] 1.457434
[1] "iter: 188"
[1] "mu"
[1] "done_mu"
[1] "pi"
[1] "done_pi"
[1] "mu"
[1] "done_mu"
[1] "pi"
[1] "done_pi"
[1] 1.395144
[1] "iter: 189"
[1] "mu"
[1] "done_mu"
[1] "pi"
[1] "done_pi"
[1] "mu"
[1] "done_mu"
[1] "pi"
[1] "done_pi"
[1] 1.456714
[1] "iter: 190"
[1] "mu"
[1] "done_mu"
[1] "pi"
[1] "done_pi"
[1] "mu"
[1] "done_mu"
[1] "pi"
[1] "done_pi"
[1] 1.46818
[1] "iter: 191"
[1] "mu"
[1] "done_mu"
[1] "pi"
[1] "done_pi"
[1] "mu"
[1] "done_mu"
[1] "pi"
[1] "done_pi"
[1] 1.449143
[1] "iter: 192"
[1] "mu"
[1] "done_mu"
[1] "pi"
[1] "done_pi"
[1] "mu"
[1] "done_mu"
[1] "pi"
[1] "done_pi"
[1] 1.425599
[1] "iter: 193"
[1] "mu"
[1] "done_mu"
[1] "pi"
[1] "done_pi"
[1] "mu"
[1] "done_mu"
[1] "pi"
[1] "done_pi"
[1] 1.460241
[1] "iter: 194"
[1] "mu"
[1] "done_mu"
[1] "pi"
[1] "done_pi"
[1] "mu"
[1] "done_mu"
[1] "pi"
[1] "done_pi"
[1] 1.436924
[1] "iter: 195"
[1] "mu"
[1] "done_mu"
[1] "pi"
[1] "done_pi"
[1] "mu"
[1] "done_mu"
[1] "pi"
[1] "done_pi"
[1] 1.428548
[1] "iter: 196"
[1] "mu"
[1] "done_mu"
[1] "pi"
[1] "done_pi"
[1] "mu"
[1] "done_mu"
[1] "pi"
[1] "done_pi"
[1] 1.437075
[1] "iter: 197"
[1] "mu"
[1] "done_mu"
[1] "pi"
[1] "done_pi"
[1] "mu"
[1] "done_mu"
[1] "pi"
[1] "done_pi"
[1] 1.423981
[1] "iter: 198"
[1] "mu"
[1] "done_mu"
[1] "pi"
[1] "done_pi"
[1] "mu"
[1] "done_mu"
[1] "pi"
[1] "done_pi"
[1] 1.447064
[1] "iter: 199"
[1] "mu"
[1] "done_mu"
[1] "pi"
[1] "done_pi"
[1] "mu"
[1] "done_mu"
[1] "pi"
[1] "done_pi"
[1] 1.487598
[1] "iter: 200"
[1] "mu"
[1] "done_mu"
[1] "pi"
[1] "done_pi"
[1] "mu"
[1] "done_mu"
[1] "pi"
[1] "done_pi"
[1] 1.370612
[1] "iter: 201"
[1] "mu"
[1] "done_mu"
[1] "pi"
[1] "done_pi"
[1] "mu"
[1] "done_mu"
[1] "pi"
[1] "done_pi"
[1] 1.458685
[1] "iter: 202"
[1] "mu"
[1] "done_mu"
[1] "pi"
[1] "done_pi"
[1] "mu"
[1] "done_mu"
[1] "pi"
[1] "done_pi"
[1] 1.417357
[1] "iter: 203"
[1] "mu"
[1] "done_mu"
[1] "pi"
[1] "done_pi"
[1] "mu"
[1] "done_mu"
[1] "pi"
[1] "done_pi"
[1] 1.401437
[1] "iter: 204"
[1] "mu"
[1] "done_mu"
[1] "pi"
[1] "done_pi"
[1] "mu"
[1] "done_mu"
[1] "pi"
[1] "done_pi"
[1] 1.399205
[1] "iter: 205"
[1] "mu"
[1] "done_mu"
[1] "pi"
[1] "done_pi"
[1] "mu"
[1] "done_mu"
[1] "pi"
[1] "done_pi"
[1] 1.475415
[1] "iter: 206"
[1] "mu"
[1] "done_mu"
[1] "pi"
[1] "done_pi"
[1] "mu"
[1] "done_mu"
[1] "pi"
[1] "done_pi"
[1] 1.451939
[1] "iter: 207"
[1] "mu"
[1] "done_mu"
[1] "pi"
[1] "done_pi"
[1] "mu"
[1] "done_mu"
[1] "pi"
[1] "done_pi"
[1] 1.387699
[1] "iter: 208"
[1] "mu"
[1] "done_mu"
[1] "pi"
[1] "done_pi"
[1] "mu"
[1] "done_mu"
[1] "pi"
[1] "done_pi"
[1] 1.411805
[1] "iter: 209"
[1] "mu"
[1] "done_mu"
[1] "pi"
[1] "done_pi"
[1] "mu"
[1] "done_mu"
[1] "pi"
[1] "done_pi"
[1] 1.492246
[1] "iter: 210"
[1] "mu"
[1] "done_mu"
[1] "pi"
[1] "done_pi"
[1] "mu"
[1] "done_mu"
[1] "pi"
[1] "done_pi"
[1] 1.372844
[1] "iter: 211"
[1] "mu"
[1] "done_mu"
[1] "pi"
[1] "done_pi"
[1] "mu"
[1] "done_mu"
[1] "pi"
[1] "done_pi"
[1] 1.410725
[1] "iter: 212"
[1] "mu"
[1] "done_mu"
[1] "pi"
[1] "done_pi"
[1] "mu"
[1] "done_mu"
[1] "pi"
[1] "done_pi"
[1] 1.439544
[1] "iter: 213"
[1] "mu"
[1] "done_mu"
[1] "pi"
[1] "done_pi"
[1] "mu"
[1] "done_mu"
[1] "pi"
[1] "done_pi"
[1] 1.463957
[1] "iter: 214"
[1] "mu"
[1] "done_mu"
[1] "pi"
[1] "done_pi"
[1] "mu"
[1] "done_mu"
[1] "pi"
[1] "done_pi"
[1] 1.44053
[1] "iter: 215"
[1] "mu"
[1] "done_mu"
[1] "pi"
[1] "done_pi"
[1] "mu"
[1] "done_mu"
[1] "pi"
[1] "done_pi"
[1] 1.451219
[1] "iter: 216"
[1] "mu"
[1] "done_mu"
[1] "pi"
[1] "done_pi"
[1] "mu"
[1] "done_mu"
[1] "pi"
[1] "done_pi"
[1] 1.457767
[1] "iter: 217"
[1] "mu"
[1] "done_mu"
[1] "pi"
[1] "done_pi"
[1] "mu"
[1] "done_mu"
[1] "pi"
[1] "done_pi"
[1] 1.443625
[1] "iter: 218"
[1] "mu"
[1] "done_mu"
[1] "pi"
[1] "done_pi"
[1] "mu"
[1] "done_mu"
[1] "pi"
[1] "done_pi"
[1] 1.432647
[1] "iter: 219"
[1] "mu"
[1] "done_mu"
[1] "pi"
[1] "done_pi"
[1] "mu"
[1] "done_mu"
[1] "pi"
[1] "done_pi"
[1] 1.474343
[1] "iter: 220"
[1] "mu"
[1] "done_mu"
[1] "pi"
[1] "done_pi"
[1] "mu"
[1] "done_mu"
[1] "pi"
[1] "done_pi"
[1] 1.408578
[1] "iter: 221"
[1] "mu"
[1] "done_mu"
[1] "pi"
[1] "done_pi"
[1] "mu"
[1] "done_mu"
[1] "pi"
[1] "done_pi"
[1] 1.397578
[1] "iter: 222"
[1] "mu"
[1] "done_mu"
[1] "pi"
[1] "done_pi"
[1] "mu"
[1] "done_mu"
[1] "pi"
[1] "done_pi"
[1] 1.46739
[1] "iter: 223"
[1] "mu"
[1] "done_mu"
[1] "pi"
[1] "done_pi"
[1] "mu"
[1] "done_mu"
[1] "pi"
[1] "done_pi"
[1] 1.403929
[1] "iter: 224"
[1] "mu"
[1] "done_mu"
[1] "pi"
[1] "done_pi"
[1] "mu"
[1] "done_mu"
[1] "pi"
[1] "done_pi"
[1] 1.478764
[1] "iter: 225"
[1] "mu"
[1] "done_mu"
[1] "pi"
[1] "done_pi"
[1] "mu"
[1] "done_mu"
[1] "pi"
[1] "done_pi"
[1] 1.400103
[1] "iter: 226"
[1] "mu"
[1] "done_mu"
[1] "pi"
[1] "done_pi"
[1] "mu"
[1] "done_mu"
[1] "pi"
[1] "done_pi"
[1] 1.411665
[1] "iter: 227"
[1] "mu"
[1] "done_mu"
[1] "pi"
[1] "done_pi"
[1] "mu"
[1] "done_mu"
[1] "pi"
[1] "done_pi"
[1] 1.425326
[1] "iter: 228"
[1] "mu"
[1] "done_mu"
[1] "pi"
[1] "done_pi"
[1] "mu"
[1] "done_mu"
[1] "pi"
[1] "done_pi"
[1] 1.396518
[1] "iter: 229"
[1] "mu"
[1] "done_mu"
[1] "pi"
[1] "done_pi"
[1] "mu"
[1] "done_mu"
[1] "pi"
[1] "done_pi"
[1] 1.441903
[1] "iter: 230"
[1] "mu"
[1] "done_mu"
[1] "pi"
[1] "done_pi"
[1] "mu"
[1] "done_mu"
[1] "pi"
[1] "done_pi"
[1] 1.424557
[1] "iter: 231"
[1] "mu"
[1] "done_mu"
[1] "pi"
[1] "done_pi"
[1] "mu"
[1] "done_mu"
[1] "pi"
[1] "done_pi"
[1] 1.442793
[1] "iter: 232"
[1] "mu"
[1] "done_mu"
[1] "pi"
[1] "done_pi"
[1] "mu"
[1] "done_mu"
[1] "pi"
[1] "done_pi"
[1] 1.420492
[1] "iter: 233"
[1] "mu"
[1] "done_mu"
[1] "pi"
[1] "done_pi"
[1] "mu"
[1] "done_mu"
[1] "pi"
[1] "done_pi"
[1] 1.394891
[1] "iter: 234"
[1] "mu"
[1] "done_mu"
[1] "pi"
[1] "done_pi"
[1] "mu"
[1] "done_mu"
[1] "pi"
[1] "done_pi"
[1] 1.435936
[1] "iter: 235"
[1] "mu"
[1] "done_mu"
[1] "pi"
[1] "done_pi"
[1] "mu"
[1] "done_mu"
[1] "pi"
[1] "done_pi"
[1] 1.472332
[1] "iter: 236"
[1] "mu"
[1] "done_mu"
[1] "pi"
[1] "done_pi"
[1] "mu"
[1] "done_mu"
[1] "pi"
[1] "done_pi"
[1] 1.504807
[1] "iter: 237"
[1] "mu"
[1] "done_mu"
[1] "pi"
[1] "done_pi"
[1] "mu"
[1] "done_mu"
[1] "pi"
[1] "done_pi"
[1] 1.415734
[1] "iter: 238"
[1] "mu"
[1] "done_mu"
[1] "pi"
[1] "done_pi"
[1] "mu"
[1] "done_mu"
[1] "pi"
[1] "done_pi"
[1] 1.408567
[1] "iter: 239"
[1] "mu"
[1] "done_mu"
[1] "pi"
[1] "done_pi"
[1] "mu"
[1] "done_mu"
[1] "pi"
[1] "done_pi"
[1] 1.441877
[1] "iter: 240"
[1] "mu"
[1] "done_mu"
[1] "pi"
[1] "done_pi"
[1] "mu"
[1] "done_mu"
[1] "pi"
[1] "done_pi"
[1] 1.410877
[1] "iter: 241"
[1] "mu"
[1] "done_mu"
[1] "pi"
[1] "done_pi"
[1] "mu"
[1] "done_mu"
[1] "pi"
[1] "done_pi"
[1] 1.446996
[1] "iter: 242"
[1] "mu"
[1] "done_mu"
[1] "pi"
[1] "done_pi"
[1] "mu"
[1] "done_mu"
[1] "pi"
[1] "done_pi"
[1] 1.436123
[1] "iter: 243"
[1] "mu"
[1] "done_mu"
[1] "pi"
[1] "done_pi"
[1] "mu"
[1] "done_mu"
[1] "pi"
[1] "done_pi"
[1] 1.453933
[1] "iter: 244"
[1] "mu"
[1] "done_mu"
[1] "pi"
[1] "done_pi"
[1] "mu"
[1] "done_mu"
[1] "pi"
[1] "done_pi"
[1] 1.453942
[1] "iter: 245"
[1] "mu"
[1] "done_mu"
[1] "pi"
[1] "done_pi"
[1] "mu"
[1] "done_mu"
[1] "pi"
[1] "done_pi"
[1] 1.474916
[1] "iter: 246"
[1] "mu"
[1] "done_mu"
[1] "pi"
[1] "done_pi"
[1] "mu"
[1] "done_mu"
[1] "pi"
[1] "done_pi"
[1] 1.442328
[1] "iter: 247"
[1] "mu"
[1] "done_mu"
[1] "pi"
[1] "done_pi"
[1] "mu"
[1] "done_mu"
[1] "pi"
[1] "done_pi"
[1] 1.395271
[1] "iter: 248"
[1] "mu"
[1] "done_mu"
[1] "pi"
[1] "done_pi"
[1] "mu"
[1] "done_mu"
[1] "pi"
[1] "done_pi"
[1] 1.421129
[1] "iter: 249"
[1] "mu"
[1] "done_mu"
[1] "pi"
[1] "done_pi"
[1] "mu"
[1] "done_mu"
[1] "pi"
[1] "done_pi"
[1] 1.436575
[1] "iter: 250"
[1] "mu"
[1] "done_mu"
[1] "pi"
[1] "done_pi"
[1] "mu"
[1] "done_mu"
[1] "pi"
[1] "done_pi"
[1] 1.481811
[1] "iter: 251"
[1] "mu"
[1] "done_mu"
[1] "pi"
[1] "done_pi"
[1] "mu"
[1] "done_mu"
[1] "pi"
[1] "done_pi"
[1] 1.420357
[1] "iter: 252"
[1] "mu"
[1] "done_mu"
[1] "pi"
[1] "done_pi"
[1] "mu"
[1] "done_mu"
[1] "pi"
[1] "done_pi"
[1] 1.420996
[1] "iter: 253"
[1] "mu"
[1] "done_mu"
[1] "pi"
[1] "done_pi"
[1] "mu"
[1] "done_mu"
[1] "pi"
[1] "done_pi"
[1] 1.399358
[1] "iter: 254"
[1] "mu"
[1] "done_mu"
[1] "pi"
[1] "done_pi"
[1] "mu"
[1] "done_mu"
[1] "pi"
[1] "done_pi"
[1] 1.417975
[1] "iter: 255"
[1] "mu"
[1] "done_mu"
[1] "pi"
[1] "done_pi"
[1] "mu"
[1] "done_mu"
[1] "pi"
[1] "done_pi"
[1] 1.435598
[1] "iter: 256"
[1] "mu"
[1] "done_mu"
[1] "pi"
[1] "done_pi"
[1] "mu"
[1] "done_mu"
[1] "pi"
[1] "done_pi"
[1] 1.480195
[1] "iter: 257"
[1] "mu"
[1] "done_mu"
[1] "pi"
[1] "done_pi"
[1] "mu"
[1] "done_mu"
[1] "pi"
[1] "done_pi"
[1] 1.45141
[1] "iter: 258"
[1] "mu"
[1] "done_mu"
[1] "pi"
[1] "done_pi"
[1] "mu"
[1] "done_mu"
[1] "pi"
[1] "done_pi"
[1] 1.450756
[1] "iter: 259"
[1] "mu"
[1] "done_mu"
[1] "pi"
[1] "done_pi"
[1] "mu"
[1] "done_mu"
[1] "pi"
[1] "done_pi"
[1] 1.413938
[1] "iter: 260"
[1] "mu"
[1] "done_mu"
[1] "pi"
[1] "done_pi"
[1] "mu"
[1] "done_mu"
[1] "pi"
[1] "done_pi"
[1] 1.441967
[1] "iter: 261"
[1] "mu"
[1] "done_mu"
[1] "pi"
[1] "done_pi"
[1] "mu"
[1] "done_mu"
[1] "pi"
[1] "done_pi"
[1] 1.427109
[1] "iter: 262"
[1] "mu"
[1] "done_mu"
[1] "pi"
[1] "done_pi"
[1] "mu"
[1] "done_mu"
[1] "pi"
[1] "done_pi"
[1] 1.352943
[1] "iter: 263"
[1] "mu"
[1] "done_mu"
[1] "pi"
[1] "done_pi"
[1] "mu"
[1] "done_mu"
[1] "pi"
[1] "done_pi"
[1] 1.461313
[1] "iter: 264"
[1] "mu"
[1] "done_mu"
[1] "pi"
[1] "done_pi"
[1] "mu"
[1] "done_mu"
[1] "pi"
[1] "done_pi"
[1] 1.377007
[1] "iter: 265"
[1] "mu"
[1] "done_mu"
[1] "pi"
[1] "done_pi"
[1] "mu"
[1] "done_mu"
[1] "pi"
[1] "done_pi"
[1] 1.424797
[1] "iter: 266"
[1] "mu"
[1] "done_mu"
[1] "pi"
[1] "done_pi"
[1] "mu"
[1] "done_mu"
[1] "pi"
[1] "done_pi"
[1] 1.448378
[1] "iter: 267"
[1] "mu"
[1] "done_mu"
[1] "pi"
[1] "done_pi"
[1] "mu"
[1] "done_mu"
[1] "pi"
[1] "done_pi"
[1] 1.504148
[1] "iter: 268"
[1] "mu"
[1] "done_mu"
[1] "pi"
[1] "done_pi"
[1] "mu"
[1] "done_mu"
[1] "pi"
[1] "done_pi"
[1] 1.413148
[1] "iter: 269"
[1] "mu"
[1] "done_mu"
[1] "pi"
[1] "done_pi"
[1] "mu"
[1] "done_mu"
[1] "pi"
[1] "done_pi"
[1] 1.46279
[1] "iter: 270"
[1] "mu"
[1] "done_mu"
[1] "pi"
[1] "done_pi"
[1] "mu"
[1] "done_mu"
[1] "pi"
[1] "done_pi"
[1] 1.443823
[1] "iter: 271"
[1] "mu"
[1] "done_mu"
[1] "pi"
[1] "done_pi"
[1] "mu"
[1] "done_mu"
[1] "pi"
[1] "done_pi"
[1] 1.443153
[1] "iter: 272"
[1] "mu"
[1] "done_mu"
[1] "pi"
[1] "done_pi"
[1] "mu"
[1] "done_mu"
[1] "pi"
[1] "done_pi"
[1] 1.400533
[1] "iter: 273"
[1] "mu"
[1] "done_mu"
[1] "pi"
[1] "done_pi"
[1] "mu"
[1] "done_mu"
[1] "pi"
[1] "done_pi"
[1] 1.429309
[1] "iter: 274"
[1] "mu"
[1] "done_mu"
[1] "pi"
[1] "done_pi"
[1] "mu"
[1] "done_mu"
[1] "pi"
[1] "done_pi"
[1] 1.420427
[1] "iter: 275"
[1] "mu"
[1] "done_mu"
[1] "pi"
[1] "done_pi"
[1] "mu"
[1] "done_mu"
[1] "pi"
[1] "done_pi"
[1] 1.423721
[1] "iter: 276"
[1] "mu"
[1] "done_mu"
[1] "pi"
[1] "done_pi"
[1] "mu"
[1] "done_mu"
[1] "pi"
[1] "done_pi"
[1] 1.50288
[1] "iter: 277"
[1] "mu"
[1] "done_mu"
[1] "pi"
[1] "done_pi"
[1] "mu"
[1] "done_mu"
[1] "pi"
[1] "done_pi"
[1] 1.447539
[1] "iter: 278"
[1] "mu"
[1] "done_mu"
[1] "pi"
[1] "done_pi"
[1] "mu"
[1] "done_mu"
[1] "pi"
[1] "done_pi"
[1] 1.430365
[1] "iter: 279"
[1] "mu"
[1] "done_mu"
[1] "pi"
[1] "done_pi"
[1] "mu"
[1] "done_mu"
[1] "pi"
[1] "done_pi"
[1] 1.446892
[1] "iter: 280"
[1] "mu"
[1] "done_mu"
[1] "pi"
[1] "done_pi"
[1] "mu"
[1] "done_mu"
[1] "pi"
[1] "done_pi"
[1] 1.488124
[1] "iter: 281"
[1] "mu"
[1] "done_mu"
[1] "pi"
[1] "done_pi"
[1] "mu"
[1] "done_mu"
[1] "pi"
[1] "done_pi"
[1] 1.384328
[1] "iter: 282"
[1] "mu"
[1] "done_mu"
[1] "pi"
[1] "done_pi"
[1] "mu"
[1] "done_mu"
[1] "pi"
[1] "done_pi"
[1] 1.455573
[1] "iter: 283"
[1] "mu"
[1] "done_mu"
[1] "pi"
[1] "done_pi"
[1] "mu"
[1] "done_mu"
[1] "pi"
[1] "done_pi"
[1] 1.42071
[1] "iter: 284"
[1] "mu"
[1] "done_mu"
[1] "pi"
[1] "done_pi"
[1] "mu"
[1] "done_mu"
[1] "pi"
[1] "done_pi"
[1] 1.43111
[1] "iter: 285"
[1] "mu"
[1] "done_mu"
[1] "pi"
[1] "done_pi"
[1] "mu"
[1] "done_mu"
[1] "pi"
[1] "done_pi"
[1] 1.431471
[1] "iter: 286"
[1] "mu"
[1] "done_mu"
[1] "pi"
[1] "done_pi"
[1] "mu"
[1] "done_mu"
[1] "pi"
[1] "done_pi"
[1] 1.44323
[1] "iter: 287"
[1] "mu"
[1] "done_mu"
[1] "pi"
[1] "done_pi"
[1] "mu"
[1] "done_mu"
[1] "pi"
[1] "done_pi"
[1] 1.434913
[1] "iter: 288"
[1] "mu"
[1] "done_mu"
[1] "pi"
[1] "done_pi"
[1] "mu"
[1] "done_mu"
[1] "pi"
[1] "done_pi"
[1] 1.370395
[1] "iter: 289"
[1] "mu"
[1] "done_mu"
[1] "pi"
[1] "done_pi"
[1] "mu"
[1] "done_mu"
[1] "pi"
[1] "done_pi"
[1] 1.417041
[1] "iter: 290"
[1] "mu"
[1] "done_mu"
[1] "pi"
[1] "done_pi"
[1] "mu"
[1] "done_mu"
[1] "pi"
[1] "done_pi"
[1] 1.415511
[1] "iter: 291"
[1] "mu"
[1] "done_mu"
[1] "pi"
[1] "done_pi"
[1] "mu"
[1] "done_mu"
[1] "pi"
[1] "done_pi"
[1] 1.460029
[1] "iter: 292"
[1] "mu"
[1] "done_mu"
[1] "pi"
[1] "done_pi"
[1] "mu"
[1] "done_mu"
[1] "pi"
[1] "done_pi"
[1] 1.431348
[1] "iter: 293"
[1] "mu"
[1] "done_mu"
[1] "pi"
[1] "done_pi"
[1] "mu"
[1] "done_mu"
[1] "pi"
[1] "done_pi"
[1] 1.424532
[1] "iter: 294"
[1] "mu"
[1] "done_mu"
[1] "pi"
[1] "done_pi"
[1] "mu"
[1] "done_mu"
[1] "pi"
[1] "done_pi"
[1] 1.436149
[1] "iter: 295"
[1] "mu"
[1] "done_mu"
[1] "pi"
[1] "done_pi"
[1] "mu"
[1] "done_mu"
[1] "pi"
[1] "done_pi"
[1] 1.424832
[1] "iter: 296"
[1] "mu"
[1] "done_mu"
[1] "pi"
[1] "done_pi"
[1] "mu"
[1] "done_mu"
[1] "pi"
[1] "done_pi"
[1] 1.36457
[1] "iter: 297"
[1] "mu"
[1] "done_mu"
[1] "pi"
[1] "done_pi"
[1] "mu"
[1] "done_mu"
[1] "pi"
[1] "done_pi"
[1] 1.429444
[1] "iter: 298"
[1] "mu"
[1] "done_mu"
[1] "pi"
[1] "done_pi"
[1] "mu"
[1] "done_mu"
[1] "pi"
[1] "done_pi"
[1] 1.435519
[1] "iter: 299"
[1] "mu"
[1] "done_mu"
[1] "pi"
[1] "done_pi"
[1] "mu"
[1] "done_mu"
[1] "pi"
[1] "done_pi"
[1] 1.46128
[1] "iter: 300"
[1] "mu"
[1] "done_mu"
[1] "pi"
[1] "done_pi"
[1] "mu"
[1] "done_mu"
[1] "pi"
[1] "done_pi"
[1] 1.448875
[1] "iter: 301"
[1] "mu"
[1] "done_mu"
[1] "pi"
[1] "done_pi"
[1] "mu"
[1] "done_mu"
[1] "pi"
[1] "done_pi"
[1] 1.474977
[1] "iter: 302"
[1] "mu"
[1] "done_mu"
[1] "pi"
[1] "done_pi"
[1] "mu"
[1] "done_mu"
[1] "pi"
[1] "done_pi"
[1] 1.395623
[1] "iter: 303"
[1] "mu"
[1] "done_mu"
[1] "pi"
[1] "done_pi"
[1] "mu"
[1] "done_mu"
[1] "pi"
[1] "done_pi"
[1] 1.391482
[1] "iter: 304"
[1] "mu"
[1] "done_mu"
[1] "pi"
[1] "done_pi"
[1] "mu"
[1] "done_mu"
[1] "pi"
[1] "done_pi"
[1] 1.471047
[1] "iter: 305"
[1] "mu"
[1] "done_mu"
[1] "pi"
[1] "done_pi"
[1] "mu"
[1] "done_mu"
[1] "pi"
[1] "done_pi"
[1] 1.405742
[1] "iter: 306"
[1] "mu"
[1] "done_mu"
[1] "pi"
[1] "done_pi"
[1] "mu"
[1] "done_mu"
[1] "pi"
[1] "done_pi"
[1] 1.413805
[1] "iter: 307"
[1] "mu"
[1] "done_mu"
[1] "pi"
[1] "done_pi"
[1] "mu"
[1] "done_mu"
[1] "pi"
[1] "done_pi"
[1] 1.434366
[1] "iter: 308"
[1] "mu"
[1] "done_mu"
[1] "pi"
[1] "done_pi"
[1] "mu"
[1] "done_mu"
[1] "pi"
[1] "done_pi"
[1] 1.401764
[1] "iter: 309"
[1] "mu"
[1] "done_mu"
[1] "pi"
[1] "done_pi"
[1] "mu"
[1] "done_mu"
[1] "pi"
[1] "done_pi"
[1] 1.452896
[1] "iter: 310"
[1] "mu"
[1] "done_mu"
[1] "pi"
[1] "done_pi"
[1] "mu"
[1] "done_mu"
[1] "pi"
[1] "done_pi"
[1] 1.399772
[1] "iter: 311"
[1] "mu"
[1] "done_mu"
[1] "pi"
[1] "done_pi"
[1] "mu"
[1] "done_mu"
[1] "pi"
[1] "done_pi"
[1] 1.471339
[1] "iter: 312"
[1] "mu"
[1] "done_mu"
[1] "pi"
[1] "done_pi"
[1] "mu"
[1] "done_mu"
[1] "pi"
[1] "done_pi"
[1] 1.454749
[1] "iter: 313"
[1] "mu"
[1] "done_mu"
[1] "pi"
[1] "done_pi"
[1] "mu"
[1] "done_mu"
[1] "pi"
[1] "done_pi"
[1] 1.370517
[1] "iter: 314"
[1] "mu"
[1] "done_mu"
[1] "pi"
[1] "done_pi"
[1] "mu"
[1] "done_mu"
[1] "pi"
[1] "done_pi"
[1] 1.421128
[1] "iter: 315"
[1] "mu"
[1] "done_mu"
[1] "pi"
[1] "done_pi"
[1] "mu"
[1] "done_mu"
[1] "pi"
[1] "done_pi"
[1] 1.415412
[1] "iter: 316"
[1] "mu"
[1] "done_mu"
[1] "pi"
[1] "done_pi"
[1] "mu"
[1] "done_mu"
[1] "pi"
[1] "done_pi"
[1] 1.438714
[1] "iter: 317"
[1] "mu"
[1] "done_mu"
[1] "pi"
[1] "done_pi"
[1] "mu"
[1] "done_mu"
[1] "pi"
[1] "done_pi"
[1] 1.422154
[1] "iter: 318"
[1] "mu"
[1] "done_mu"
[1] "pi"
[1] "done_pi"
[1] "mu"
[1] "done_mu"
[1] "pi"
[1] "done_pi"
[1] 1.446772
[1] "iter: 319"
[1] "mu"
[1] "done_mu"
[1] "pi"
[1] "done_pi"
[1] "mu"
[1] "done_mu"
[1] "pi"
[1] "done_pi"
[1] 1.449292
[1] "iter: 320"
[1] "mu"
[1] "done_mu"
[1] "pi"
[1] "done_pi"
[1] "mu"
[1] "done_mu"
[1] "pi"
[1] "done_pi"
[1] 1.415231
[1] "iter: 321"
[1] "mu"
[1] "done_mu"
[1] "pi"
[1] "done_pi"
[1] "mu"
[1] "done_mu"
[1] "pi"
[1] "done_pi"
[1] 1.458801
[1] "iter: 322"
[1] "mu"
[1] "done_mu"
[1] "pi"
[1] "done_pi"
[1] "mu"
[1] "done_mu"
[1] "pi"
[1] "done_pi"
[1] 1.481053
[1] "iter: 323"
[1] "mu"
[1] "done_mu"
[1] "pi"
[1] "done_pi"
[1] "mu"
[1] "done_mu"
[1] "pi"
[1] "done_pi"
[1] 1.385052
[1] "iter: 324"
[1] "mu"
[1] "done_mu"
[1] "pi"
[1] "done_pi"
[1] "mu"
[1] "done_mu"
[1] "pi"
[1] "done_pi"
[1] 1.452814
[1] "iter: 325"
[1] "mu"
[1] "done_mu"
[1] "pi"
[1] "done_pi"
[1] "mu"
[1] "done_mu"
[1] "pi"
[1] "done_pi"
[1] 1.481462
[1] "iter: 326"
[1] "mu"
[1] "done_mu"
[1] "pi"
[1] "done_pi"
[1] "mu"
[1] "done_mu"
[1] "pi"
[1] "done_pi"
[1] 1.413369
[1] "iter: 327"
[1] "mu"
[1] "done_mu"
[1] "pi"
[1] "done_pi"
[1] "mu"
[1] "done_mu"
[1] "pi"
[1] "done_pi"
[1] 1.450178
[1] "iter: 328"
[1] "mu"
[1] "done_mu"
[1] "pi"
[1] "done_pi"
[1] "mu"
[1] "done_mu"
[1] "pi"
[1] "done_pi"
[1] 1.388152
[1] "iter: 329"
[1] "mu"
[1] "done_mu"
[1] "pi"
[1] "done_pi"
[1] "mu"
[1] "done_mu"
[1] "pi"
[1] "done_pi"
[1] 1.479645
[1] "iter: 330"
[1] "mu"
[1] "done_mu"
[1] "pi"
[1] "done_pi"
[1] "mu"
[1] "done_mu"
[1] "pi"
[1] "done_pi"
[1] 1.458223
[1] "iter: 331"
[1] "mu"
[1] "done_mu"
[1] "pi"
[1] "done_pi"
[1] "mu"
[1] "done_mu"
[1] "pi"
[1] "done_pi"
[1] 1.415836
[1] "iter: 332"
[1] "mu"
[1] "done_mu"
[1] "pi"
[1] "done_pi"
[1] "mu"
[1] "done_mu"
[1] "pi"
[1] "done_pi"
[1] 1.43092
[1] "iter: 333"
[1] "mu"
[1] "done_mu"
[1] "pi"
[1] "done_pi"
[1] "mu"
[1] "done_mu"
[1] "pi"
[1] "done_pi"
[1] 1.381236
[1] "iter: 334"
[1] "mu"
[1] "done_mu"
[1] "pi"
[1] "done_pi"
[1] "mu"
[1] "done_mu"
[1] "pi"
[1] "done_pi"
[1] 1.427962
[1] "iter: 335"
[1] "mu"
[1] "done_mu"
[1] "pi"
[1] "done_pi"
[1] "mu"
[1] "done_mu"
[1] "pi"
[1] "done_pi"
[1] 1.417448
[1] "iter: 336"
[1] "mu"
[1] "done_mu"
[1] "pi"
[1] "done_pi"
[1] "mu"
[1] "done_mu"
[1] "pi"
[1] "done_pi"
[1] 1.429587
[1] "iter: 337"
[1] "mu"
[1] "done_mu"
[1] "pi"
[1] "done_pi"
[1] "mu"
[1] "done_mu"
[1] "pi"
[1] "done_pi"
[1] 1.432367
[1] "iter: 338"
[1] "mu"
[1] "done_mu"
[1] "pi"
[1] "done_pi"
[1] "mu"
[1] "done_mu"
[1] "pi"
[1] "done_pi"
[1] 1.414852
[1] "iter: 339"
[1] "mu"
[1] "done_mu"
[1] "pi"
[1] "done_pi"
[1] "mu"
[1] "done_mu"
[1] "pi"
[1] "done_pi"
[1] 1.4416
[1] "iter: 340"
[1] "mu"
[1] "done_mu"
[1] "pi"
[1] "done_pi"
[1] "mu"
[1] "done_mu"
[1] "pi"
[1] "done_pi"
[1] 1.463998
[1] "iter: 341"
[1] "mu"
[1] "done_mu"
[1] "pi"
[1] "done_pi"
[1] "mu"
[1] "done_mu"
[1] "pi"
[1] "done_pi"
[1] 1.436459
[1] "iter: 342"
[1] "mu"
[1] "done_mu"
[1] "pi"
[1] "done_pi"
[1] "mu"
[1] "done_mu"
[1] "pi"
[1] "done_pi"
[1] 1.422664
[1] "iter: 343"
[1] "mu"
[1] "done_mu"
[1] "pi"
[1] "done_pi"
[1] "mu"
[1] "done_mu"
[1] "pi"
[1] "done_pi"
[1] 1.410659
[1] "iter: 344"
[1] "mu"
[1] "done_mu"
[1] "pi"
[1] "done_pi"
[1] "mu"
[1] "done_mu"
[1] "pi"
[1] "done_pi"
[1] 1.408135
[1] "iter: 345"
[1] "mu"
[1] "done_mu"
[1] "pi"
[1] "done_pi"
[1] "mu"
[1] "done_mu"
[1] "pi"
[1] "done_pi"
[1] 1.475302
[1] "iter: 346"
[1] "mu"
[1] "done_mu"
[1] "pi"
[1] "done_pi"
[1] "mu"
[1] "done_mu"
[1] "pi"
[1] "done_pi"
[1] 1.392679
[1] "iter: 347"
[1] "mu"
[1] "done_mu"
[1] "pi"
[1] "done_pi"
[1] "mu"
[1] "done_mu"
[1] "pi"
[1] "done_pi"
[1] 1.426118
[1] "iter: 348"
[1] "mu"
[1] "done_mu"
[1] "pi"
[1] "done_pi"
[1] "mu"
[1] "done_mu"
[1] "pi"
[1] "done_pi"
[1] 1.464092
[1] "iter: 349"
[1] "mu"
[1] "done_mu"
[1] "pi"
[1] "done_pi"
[1] "mu"
[1] "done_mu"
[1] "pi"
[1] "done_pi"
[1] 1.455764
[1] "iter: 350"
[1] "mu"
[1] "done_mu"
[1] "pi"
[1] "done_pi"
[1] "mu"
[1] "done_mu"
[1] "pi"
[1] "done_pi"
[1] 1.429526
[1] "iter: 351"
[1] "mu"
[1] "done_mu"
[1] "pi"
[1] "done_pi"
[1] "mu"
[1] "done_mu"
[1] "pi"
[1] "done_pi"
[1] 1.440268
[1] "iter: 352"
[1] "mu"
[1] "done_mu"
[1] "pi"
[1] "done_pi"
[1] "mu"
[1] "done_mu"
[1] "pi"
[1] "done_pi"
[1] 1.392004
[1] "iter: 353"
[1] "mu"
[1] "done_mu"
[1] "pi"
[1] "done_pi"
[1] "mu"
[1] "done_mu"
[1] "pi"
[1] "done_pi"
[1] 1.425563
[1] "iter: 354"
[1] "mu"
[1] "done_mu"
[1] "pi"
[1] "done_pi"
[1] "mu"
[1] "done_mu"
[1] "pi"
[1] "done_pi"
[1] 1.461346
[1] "iter: 355"
[1] "mu"
[1] "done_mu"
[1] "pi"
[1] "done_pi"
[1] "mu"
[1] "done_mu"
[1] "pi"
[1] "done_pi"
[1] 1.492887
[1] "iter: 356"
[1] "mu"
[1] "done_mu"
[1] "pi"
[1] "done_pi"
[1] "mu"
[1] "done_mu"
[1] "pi"
[1] "done_pi"
[1] 1.444122
[1] "iter: 357"
[1] "mu"
[1] "done_mu"
[1] "pi"
[1] "done_pi"
[1] "mu"
[1] "done_mu"
[1] "pi"
[1] "done_pi"
[1] 1.443017
[1] "iter: 358"
[1] "mu"
[1] "done_mu"
[1] "pi"
[1] "done_pi"
[1] "mu"
[1] "done_mu"
[1] "pi"
[1] "done_pi"
[1] 1.445043
[1] "iter: 359"
[1] "mu"
[1] "done_mu"
[1] "pi"
[1] "done_pi"
[1] "mu"
[1] "done_mu"
[1] "pi"
[1] "done_pi"
[1] 1.451597
[1] "iter: 360"
[1] "mu"
[1] "done_mu"
[1] "pi"
[1] "done_pi"
[1] "mu"
[1] "done_mu"
[1] "pi"
[1] "done_pi"
[1] 1.424482
[1] "iter: 361"
[1] "mu"
[1] "done_mu"
[1] "pi"
[1] "done_pi"
[1] "mu"
[1] "done_mu"
[1] "pi"
[1] "done_pi"
[1] 1.362845
[1] "iter: 362"
[1] "mu"
[1] "done_mu"
[1] "pi"
[1] "done_pi"
[1] "mu"
[1] "done_mu"
[1] "pi"
[1] "done_pi"
[1] 1.411171
[1] "iter: 363"
[1] "mu"
[1] "done_mu"
[1] "pi"
[1] "done_pi"
[1] "mu"
[1] "done_mu"
[1] "pi"
[1] "done_pi"
[1] 1.388706
[1] "iter: 364"
[1] "mu"
[1] "done_mu"
[1] "pi"
[1] "done_pi"
[1] "mu"
[1] "done_mu"
[1] "pi"
[1] "done_pi"
[1] 1.435852
[1] "iter: 365"
[1] "mu"
[1] "done_mu"
[1] "pi"
[1] "done_pi"
[1] "mu"
[1] "done_mu"
[1] "pi"
[1] "done_pi"
[1] 1.477875
[1] "iter: 366"
[1] "mu"
[1] "done_mu"
[1] "pi"
[1] "done_pi"
[1] "mu"
[1] "done_mu"
[1] "pi"
[1] "done_pi"
[1] 1.434837
[1] "iter: 367"
[1] "mu"
[1] "done_mu"
[1] "pi"
[1] "done_pi"
[1] "mu"
[1] "done_mu"
[1] "pi"
[1] "done_pi"
[1] 1.468155
[1] "iter: 368"
[1] "mu"
[1] "done_mu"
[1] "pi"
[1] "done_pi"
[1] "mu"
[1] "done_mu"
[1] "pi"
[1] "done_pi"
[1] 1.430152
[1] "iter: 369"
[1] "mu"
[1] "done_mu"
[1] "pi"
[1] "done_pi"
[1] "mu"
[1] "done_mu"
[1] "pi"
[1] "done_pi"
[1] 1.413737
[1] "iter: 370"
[1] "mu"
[1] "done_mu"
[1] "pi"
[1] "done_pi"
[1] "mu"
[1] "done_mu"
[1] "pi"
[1] "done_pi"
[1] 1.459112
[1] "iter: 371"
[1] "mu"
[1] "done_mu"
[1] "pi"
[1] "done_pi"
[1] "mu"
[1] "done_mu"
[1] "pi"
[1] "done_pi"
[1] 1.459888
[1] "iter: 372"
[1] "mu"
[1] "done_mu"
[1] "pi"
[1] "done_pi"
[1] "mu"
[1] "done_mu"
[1] "pi"
[1] "done_pi"
[1] 1.404064
[1] "iter: 373"
[1] "mu"
[1] "done_mu"
[1] "pi"
[1] "done_pi"
[1] "mu"
[1] "done_mu"
[1] "pi"
[1] "done_pi"
[1] 1.396392
[1] "iter: 374"
[1] "mu"
[1] "done_mu"
[1] "pi"
[1] "done_pi"
[1] "mu"
[1] "done_mu"
[1] "pi"
[1] "done_pi"
[1] 1.380172
[1] "iter: 375"
[1] "mu"
[1] "done_mu"
[1] "pi"
[1] "done_pi"
[1] "mu"
[1] "done_mu"
[1] "pi"
[1] "done_pi"
[1] 1.464856
[1] "iter: 376"
[1] "mu"
[1] "done_mu"
[1] "pi"
[1] "done_pi"
[1] "mu"
[1] "done_mu"
[1] "pi"
[1] "done_pi"
[1] 1.464817
[1] "iter: 377"
[1] "mu"
[1] "done_mu"
[1] "pi"
[1] "done_pi"
[1] "mu"
[1] "done_mu"
[1] "pi"
[1] "done_pi"
[1] 1.504041
[1] "iter: 378"
[1] "mu"
[1] "done_mu"
[1] "pi"
[1] "done_pi"
[1] "mu"
[1] "done_mu"
[1] "pi"
[1] "done_pi"
[1] 1.407433
[1] "iter: 379"
[1] "mu"
[1] "done_mu"
[1] "pi"
[1] "done_pi"
[1] "mu"
[1] "done_mu"
[1] "pi"
[1] "done_pi"
[1] 1.411011
[1] "iter: 380"
[1] "mu"
[1] "done_mu"
[1] "pi"
[1] "done_pi"
[1] "mu"
[1] "done_mu"
[1] "pi"
[1] "done_pi"
[1] 1.405057
[1] "iter: 381"
[1] "mu"
[1] "done_mu"
[1] "pi"
[1] "done_pi"
[1] "mu"
[1] "done_mu"
[1] "pi"
[1] "done_pi"
[1] 1.460413
[1] "iter: 382"
[1] "mu"
[1] "done_mu"
[1] "pi"
[1] "done_pi"
[1] "mu"
[1] "done_mu"
[1] "pi"
[1] "done_pi"
[1] 1.413551
[1] "iter: 383"
[1] "mu"
[1] "done_mu"
[1] "pi"
[1] "done_pi"
[1] "mu"
[1] "done_mu"
[1] "pi"
[1] "done_pi"
[1] 1.488981
[1] "iter: 384"
[1] "mu"
[1] "done_mu"
[1] "pi"
[1] "done_pi"
[1] "mu"
[1] "done_mu"
[1] "pi"
[1] "done_pi"
[1] 1.436291
[1] "iter: 385"
[1] "mu"
[1] "done_mu"
[1] "pi"
[1] "done_pi"
[1] "mu"
[1] "done_mu"
[1] "pi"
[1] "done_pi"
[1] 1.426352
[1] "iter: 386"
[1] "mu"
[1] "done_mu"
[1] "pi"
[1] "done_pi"
[1] "mu"
[1] "done_mu"
[1] "pi"
[1] "done_pi"
[1] 1.403097
[1] "iter: 387"
[1] "mu"
[1] "done_mu"
[1] "pi"
[1] "done_pi"
[1] "mu"
[1] "done_mu"
[1] "pi"
[1] "done_pi"
[1] 1.462567
[1] "iter: 388"
[1] "mu"
[1] "done_mu"
[1] "pi"
[1] "done_pi"
[1] "mu"
[1] "done_mu"
[1] "pi"
[1] "done_pi"
[1] 1.413912
[1] "iter: 389"
[1] "mu"
[1] "done_mu"
[1] "pi"
[1] "done_pi"
[1] "mu"
[1] "done_mu"
[1] "pi"
[1] "done_pi"
[1] 1.484661
[1] "iter: 390"
[1] "mu"
[1] "done_mu"
[1] "pi"
[1] "done_pi"
[1] "mu"
[1] "done_mu"
[1] "pi"
[1] "done_pi"
[1] 1.411977
[1] "iter: 391"
[1] "mu"
[1] "done_mu"
[1] "pi"
[1] "done_pi"
[1] "mu"
[1] "done_mu"
[1] "pi"
[1] "done_pi"
[1] 1.45146
[1] "iter: 392"
[1] "mu"
[1] "done_mu"
[1] "pi"
[1] "done_pi"
[1] "mu"
[1] "done_mu"
[1] "pi"
[1] "done_pi"
[1] 1.405305
[1] "iter: 393"
[1] "mu"
[1] "done_mu"
[1] "pi"
[1] "done_pi"
[1] "mu"
[1] "done_mu"
[1] "pi"
[1] "done_pi"
[1] 1.399643
[1] "iter: 394"
[1] "mu"
[1] "done_mu"
[1] "pi"
[1] "done_pi"
[1] "mu"
[1] "done_mu"
[1] "pi"
[1] "done_pi"
[1] 1.443484
[1] "iter: 395"
[1] "mu"
[1] "done_mu"
[1] "pi"
[1] "done_pi"
[1] "mu"
[1] "done_mu"
[1] "pi"
[1] "done_pi"
[1] 1.413173
[1] "iter: 396"
[1] "mu"
[1] "done_mu"
[1] "pi"
[1] "done_pi"
[1] "mu"
[1] "done_mu"
[1] "pi"
[1] "done_pi"
[1] 1.438167
[1] "iter: 397"
[1] "mu"
[1] "done_mu"
[1] "pi"
[1] "done_pi"
[1] "mu"
[1] "done_mu"
[1] "pi"
[1] "done_pi"
[1] 1.432771
[1] "iter: 398"
[1] "mu"
[1] "done_mu"
[1] "pi"
[1] "done_pi"
[1] "mu"
[1] "done_mu"
[1] "pi"
[1] "done_pi"
[1] 1.39691
[1] "iter: 399"
[1] "mu"
[1] "done_mu"
[1] "pi"
[1] "done_pi"
[1] "mu"
[1] "done_mu"
[1] "pi"
[1] "done_pi"
[1] 1.413218
[1] "iter: 400"
[1] "mu"
[1] "done_mu"
[1] "pi"
[1] "done_pi"
[1] "mu"
[1] "done_mu"
[1] "pi"
[1] "done_pi"
[1] 1.448893
[1] "iter: 401"
[1] "mu"
[1] "done_mu"
[1] "pi"
[1] "done_pi"
[1] "mu"
[1] "done_mu"
[1] "pi"
[1] "done_pi"
[1] 1.418224
[1] "iter: 402"
[1] "mu"
[1] "done_mu"
[1] "pi"
[1] "done_pi"
[1] "mu"
[1] "done_mu"
[1] "pi"
[1] "done_pi"
[1] 1.356134
[1] "iter: 403"
[1] "mu"
[1] "done_mu"
[1] "pi"
[1] "done_pi"
[1] "mu"
[1] "done_mu"
[1] "pi"
[1] "done_pi"
[1] 1.426318
[1] "iter: 404"
[1] "mu"
[1] "done_mu"
[1] "pi"
[1] "done_pi"
[1] "mu"
[1] "done_mu"
[1] "pi"
[1] "done_pi"
[1] 1.392419
[1] "iter: 405"
[1] "mu"
[1] "done_mu"
[1] "pi"
[1] "done_pi"
[1] "mu"
[1] "done_mu"
[1] "pi"
[1] "done_pi"
[1] 1.412532
[1] "iter: 406"
[1] "mu"
[1] "done_mu"
[1] "pi"
[1] "done_pi"
[1] "mu"
[1] "done_mu"
[1] "pi"
[1] "done_pi"
[1] 1.44213
[1] "iter: 407"
[1] "mu"
[1] "done_mu"
[1] "pi"
[1] "done_pi"
[1] "mu"
[1] "done_mu"
[1] "pi"
[1] "done_pi"
[1] 1.398262
[1] "iter: 408"
[1] "mu"
[1] "done_mu"
[1] "pi"
[1] "done_pi"
[1] "mu"
[1] "done_mu"
[1] "pi"
[1] "done_pi"
[1] 1.415838
[1] "iter: 409"
[1] "mu"
[1] "done_mu"
[1] "pi"
[1] "done_pi"
[1] "mu"
[1] "done_mu"
[1] "pi"
[1] "done_pi"
[1] 1.433004
[1] "iter: 410"
[1] "mu"
[1] "done_mu"
[1] "pi"
[1] "done_pi"
[1] "mu"
[1] "done_mu"
[1] "pi"
[1] "done_pi"
[1] 1.396826
[1] "iter: 411"
[1] "mu"
[1] "done_mu"
[1] "pi"
[1] "done_pi"
[1] "mu"
[1] "done_mu"
[1] "pi"
[1] "done_pi"
[1] 1.394296
[1] "iter: 412"
[1] "mu"
[1] "done_mu"
[1] "pi"
[1] "done_pi"
[1] "mu"
[1] "done_mu"
[1] "pi"
[1] "done_pi"
[1] 1.45763
[1] "iter: 413"
[1] "mu"
[1] "done_mu"
[1] "pi"
[1] "done_pi"
[1] "mu"
[1] "done_mu"
[1] "pi"
[1] "done_pi"
[1] 1.386379
[1] "iter: 414"
[1] "mu"
[1] "done_mu"
[1] "pi"
[1] "done_pi"
[1] "mu"
[1] "done_mu"
[1] "pi"
[1] "done_pi"
[1] 1.441035
[1] "iter: 415"
[1] "mu"
[1] "done_mu"
[1] "pi"
[1] "done_pi"
[1] "mu"
[1] "done_mu"
[1] "pi"
[1] "done_pi"
[1] 1.450829
[1] "iter: 416"
[1] "mu"
[1] "done_mu"
[1] "pi"
[1] "done_pi"
[1] "mu"
[1] "done_mu"
[1] "pi"
[1] "done_pi"
[1] 1.395459
[1] "iter: 417"
[1] "mu"
[1] "done_mu"
[1] "pi"
[1] "done_pi"
[1] "mu"
[1] "done_mu"
[1] "pi"
[1] "done_pi"
[1] 1.423815
[1] "iter: 418"
[1] "mu"
[1] "done_mu"
[1] "pi"
[1] "done_pi"
[1] "mu"
[1] "done_mu"
[1] "pi"
[1] "done_pi"
[1] 1.461337
[1] "iter: 419"
[1] "mu"
[1] "done_mu"
[1] "pi"
[1] "done_pi"
[1] "mu"
[1] "done_mu"
[1] "pi"
[1] "done_pi"
[1] 1.424035
[1] "iter: 420"
[1] "mu"
[1] "done_mu"
[1] "pi"
[1] "done_pi"
[1] "mu"
[1] "done_mu"
[1] "pi"
[1] "done_pi"
[1] 1.402173
[1] "iter: 421"
[1] "mu"
[1] "done_mu"
[1] "pi"
[1] "done_pi"
[1] "mu"
[1] "done_mu"
[1] "pi"
[1] "done_pi"
[1] 1.479278
[1] "iter: 422"
[1] "mu"
[1] "done_mu"
[1] "pi"
[1] "done_pi"
[1] "mu"
[1] "done_mu"
[1] "pi"
[1] "done_pi"
[1] 1.426776
[1] "iter: 423"
[1] "mu"
[1] "done_mu"
[1] "pi"
[1] "done_pi"
[1] "mu"
[1] "done_mu"
[1] "pi"
[1] "done_pi"
[1] 1.438879
[1] "iter: 424"
[1] "mu"
[1] "done_mu"
[1] "pi"
[1] "done_pi"
[1] "mu"
[1] "done_mu"
[1] "pi"
[1] "done_pi"
[1] 1.43818
[1] "iter: 425"
[1] "mu"
[1] "done_mu"
[1] "pi"
[1] "done_pi"
[1] "mu"
[1] "done_mu"
[1] "pi"
[1] "done_pi"
[1] 1.457434
[1] "iter: 426"
[1] "mu"
[1] "done_mu"
[1] "pi"
[1] "done_pi"
[1] "mu"
[1] "done_mu"
[1] "pi"
[1] "done_pi"
[1] 1.395144
[1] "iter: 427"
[1] "mu"
[1] "done_mu"
[1] "pi"
[1] "done_pi"
[1] "mu"
[1] "done_mu"
[1] "pi"
[1] "done_pi"
[1] 1.456714
[1] "iter: 428"
[1] "mu"
[1] "done_mu"
[1] "pi"
[1] "done_pi"
[1] "mu"
[1] "done_mu"
[1] "pi"
[1] "done_pi"
[1] 1.46818
[1] "iter: 429"
[1] "mu"
[1] "done_mu"
[1] "pi"
[1] "done_pi"
[1] "mu"
[1] "done_mu"
[1] "pi"
[1] "done_pi"
[1] 1.449143
[1] "iter: 430"
[1] "mu"
[1] "done_mu"
[1] "pi"
[1] "done_pi"
[1] "mu"
[1] "done_mu"
[1] "pi"
[1] "done_pi"
[1] 1.425599
[1] "iter: 431"
[1] "mu"
[1] "done_mu"
[1] "pi"
[1] "done_pi"
[1] "mu"
[1] "done_mu"
[1] "pi"
[1] "done_pi"
[1] 1.460241
[1] "iter: 432"
[1] "mu"
[1] "done_mu"
[1] "pi"
[1] "done_pi"
[1] "mu"
[1] "done_mu"
[1] "pi"
[1] "done_pi"
[1] 1.436924
[1] "iter: 433"
[1] "mu"
[1] "done_mu"
[1] "pi"
[1] "done_pi"
[1] "mu"
[1] "done_mu"
[1] "pi"
[1] "done_pi"
[1] 1.428548
[1] "iter: 434"
[1] "mu"
[1] "done_mu"
[1] "pi"
[1] "done_pi"
[1] "mu"
[1] "done_mu"
[1] "pi"
[1] "done_pi"
[1] 1.437075
[1] "iter: 435"
[1] "mu"
[1] "done_mu"
[1] "pi"
[1] "done_pi"
[1] "mu"
[1] "done_mu"
[1] "pi"
[1] "done_pi"
[1] 1.423981
[1] "iter: 436"
[1] "mu"
[1] "done_mu"
[1] "pi"
[1] "done_pi"
[1] "mu"
[1] "done_mu"
[1] "pi"
[1] "done_pi"
[1] 1.447064
[1] "iter: 437"
[1] "mu"
[1] "done_mu"
[1] "pi"
[1] "done_pi"
[1] "mu"
[1] "done_mu"
[1] "pi"
[1] "done_pi"
[1] 1.487598
[1] "iter: 438"
[1] "mu"
[1] "done_mu"
[1] "pi"
[1] "done_pi"
[1] "mu"
[1] "done_mu"
[1] "pi"
[1] "done_pi"
[1] 1.370612
[1] "iter: 439"
[1] "mu"
[1] "done_mu"
[1] "pi"
[1] "done_pi"
[1] "mu"
[1] "done_mu"
[1] "pi"
[1] "done_pi"
[1] 1.458685
[1] "iter: 440"
[1] "mu"
[1] "done_mu"
[1] "pi"
[1] "done_pi"
[1] "mu"
[1] "done_mu"
[1] "pi"
[1] "done_pi"
[1] 1.417357
[1] "iter: 441"
[1] "mu"
[1] "done_mu"
[1] "pi"
[1] "done_pi"
[1] "mu"
[1] "done_mu"
[1] "pi"
[1] "done_pi"
[1] 1.401437
[1] "iter: 442"
[1] "mu"
[1] "done_mu"
[1] "pi"
[1] "done_pi"
[1] "mu"
[1] "done_mu"
[1] "pi"
[1] "done_pi"
[1] 1.399205
[1] "iter: 443"
[1] "mu"
[1] "done_mu"
[1] "pi"
[1] "done_pi"
[1] "mu"
[1] "done_mu"
[1] "pi"
[1] "done_pi"
[1] 1.475415
[1] "iter: 444"
[1] "mu"
[1] "done_mu"
[1] "pi"
[1] "done_pi"
[1] "mu"
[1] "done_mu"
[1] "pi"
[1] "done_pi"
[1] 1.451939
[1] "iter: 445"
[1] "mu"
[1] "done_mu"
[1] "pi"
[1] "done_pi"
[1] "mu"
[1] "done_mu"
[1] "pi"
[1] "done_pi"
[1] 1.387699
[1] "iter: 446"
[1] "mu"
[1] "done_mu"
[1] "pi"
[1] "done_pi"
[1] "mu"
[1] "done_mu"
[1] "pi"
[1] "done_pi"
[1] 1.411805
[1] "iter: 447"
[1] "mu"
[1] "done_mu"
[1] "pi"
[1] "done_pi"
[1] "mu"
[1] "done_mu"
[1] "pi"
[1] "done_pi"
[1] 1.492246
[1] "iter: 448"
[1] "mu"
[1] "done_mu"
[1] "pi"
[1] "done_pi"
[1] "mu"
[1] "done_mu"
[1] "pi"
[1] "done_pi"
[1] 1.372844
[1] "iter: 449"
[1] "mu"
[1] "done_mu"
[1] "pi"
[1] "done_pi"
[1] "mu"
[1] "done_mu"
[1] "pi"
[1] "done_pi"
[1] 1.410725
[1] "iter: 450"
[1] "mu"
[1] "done_mu"
[1] "pi"
[1] "done_pi"
[1] "mu"
[1] "done_mu"
[1] "pi"
[1] "done_pi"
[1] 1.439544
[1] "iter: 451"
[1] "mu"
[1] "done_mu"
[1] "pi"
[1] "done_pi"
[1] "mu"
[1] "done_mu"
[1] "pi"
[1] "done_pi"
[1] 1.463957
[1] "iter: 452"
[1] "mu"
[1] "done_mu"
[1] "pi"
[1] "done_pi"
[1] "mu"
[1] "done_mu"
[1] "pi"
[1] "done_pi"
[1] 1.44053
[1] "iter: 453"
[1] "mu"
[1] "done_mu"
[1] "pi"
[1] "done_pi"
[1] "mu"
[1] "done_mu"
[1] "pi"
[1] "done_pi"
[1] 1.451219
[1] "iter: 454"
[1] "mu"
[1] "done_mu"
[1] "pi"
[1] "done_pi"
[1] "mu"
[1] "done_mu"
[1] "pi"
[1] "done_pi"
[1] 1.457767
[1] "iter: 455"
[1] "mu"
[1] "done_mu"
[1] "pi"
[1] "done_pi"
[1] "mu"
[1] "done_mu"
[1] "pi"
[1] "done_pi"
[1] 1.443625
[1] "iter: 456"
[1] "mu"
[1] "done_mu"
[1] "pi"
[1] "done_pi"
[1] "mu"
[1] "done_mu"
[1] "pi"
[1] "done_pi"
[1] 1.432647
[1] "iter: 457"
[1] "mu"
[1] "done_mu"
[1] "pi"
[1] "done_pi"
[1] "mu"
[1] "done_mu"
[1] "pi"
[1] "done_pi"
[1] 1.474343
[1] "iter: 458"
[1] "mu"
[1] "done_mu"
[1] "pi"
[1] "done_pi"
[1] "mu"
[1] "done_mu"
[1] "pi"
[1] "done_pi"
[1] 1.408578
[1] "iter: 459"
[1] "mu"
[1] "done_mu"
[1] "pi"
[1] "done_pi"
[1] "mu"
[1] "done_mu"
[1] "pi"
[1] "done_pi"
[1] 1.397578
[1] "iter: 460"
[1] "mu"
[1] "done_mu"
[1] "pi"
[1] "done_pi"
[1] "mu"
[1] "done_mu"
[1] "pi"
[1] "done_pi"
[1] 1.46739
[1] "iter: 461"
[1] "mu"
[1] "done_mu"
[1] "pi"
[1] "done_pi"
[1] "mu"
[1] "done_mu"
[1] "pi"
[1] "done_pi"
[1] 1.403929
[1] "iter: 462"
[1] "mu"
[1] "done_mu"
[1] "pi"
[1] "done_pi"
[1] "mu"
[1] "done_mu"
[1] "pi"
[1] "done_pi"
[1] 1.478764
[1] "iter: 463"
[1] "mu"
[1] "done_mu"
[1] "pi"
[1] "done_pi"
[1] "mu"
[1] "done_mu"
[1] "pi"
[1] "done_pi"
[1] 1.400103
[1] "iter: 464"
[1] "mu"
[1] "done_mu"
[1] "pi"
[1] "done_pi"
[1] "mu"
[1] "done_mu"
[1] "pi"
[1] "done_pi"
[1] 1.411665
[1] "iter: 465"
[1] "mu"
[1] "done_mu"
[1] "pi"
[1] "done_pi"
[1] "mu"
[1] "done_mu"
[1] "pi"
[1] "done_pi"
[1] 1.425326
[1] "iter: 466"
[1] "mu"
[1] "done_mu"
[1] "pi"
[1] "done_pi"
[1] "mu"
[1] "done_mu"
[1] "pi"
[1] "done_pi"
[1] 1.396518
[1] "iter: 467"
[1] "mu"
[1] "done_mu"
[1] "pi"
[1] "done_pi"
[1] "mu"
[1] "done_mu"
[1] "pi"
[1] "done_pi"
[1] 1.441903
[1] "iter: 468"
[1] "mu"
[1] "done_mu"
[1] "pi"
[1] "done_pi"
[1] "mu"
[1] "done_mu"
[1] "pi"
[1] "done_pi"
[1] 1.424557
[1] "iter: 469"
[1] "mu"
[1] "done_mu"
[1] "pi"
[1] "done_pi"
[1] "mu"
[1] "done_mu"
[1] "pi"
[1] "done_pi"
[1] 1.442793
[1] "iter: 470"
[1] "mu"
[1] "done_mu"
[1] "pi"
[1] "done_pi"
[1] "mu"
[1] "done_mu"
[1] "pi"
[1] "done_pi"
[1] 1.420492
[1] "iter: 471"
[1] "mu"
[1] "done_mu"
[1] "pi"
[1] "done_pi"
[1] "mu"
[1] "done_mu"
[1] "pi"
[1] "done_pi"
[1] 1.394891
[1] "iter: 472"
[1] "mu"
[1] "done_mu"
[1] "pi"
[1] "done_pi"
[1] "mu"
[1] "done_mu"
[1] "pi"
[1] "done_pi"
[1] 1.435936
[1] "iter: 473"
[1] "mu"
[1] "done_mu"
[1] "pi"
[1] "done_pi"
[1] "mu"
[1] "done_mu"
[1] "pi"
[1] "done_pi"
[1] 1.472332
[1] "iter: 474"
[1] "mu"
[1] "done_mu"
[1] "pi"
[1] "done_pi"
[1] "mu"
[1] "done_mu"
[1] "pi"
[1] "done_pi"
[1] 1.504807
[1] "iter: 475"
[1] "mu"
[1] "done_mu"
[1] "pi"
[1] "done_pi"
[1] "mu"
[1] "done_mu"
[1] "pi"
[1] "done_pi"
[1] 1.415734
[1] "iter: 476"
[1] "mu"
[1] "done_mu"
[1] "pi"
[1] "done_pi"
[1] "mu"
[1] "done_mu"
[1] "pi"
[1] "done_pi"
[1] 1.408567
[1] "iter: 477"
[1] "mu"
[1] "done_mu"
[1] "pi"
[1] "done_pi"
[1] "mu"
[1] "done_mu"
[1] "pi"
[1] "done_pi"
[1] 1.441877
[1] "iter: 478"
[1] "mu"
[1] "done_mu"
[1] "pi"
[1] "done_pi"
[1] "mu"
[1] "done_mu"
[1] "pi"
[1] "done_pi"
[1] 1.410877
[1] "iter: 479"
[1] "mu"
[1] "done_mu"
[1] "pi"
[1] "done_pi"
[1] "mu"
[1] "done_mu"
[1] "pi"
[1] "done_pi"
[1] 1.446996
[1] "iter: 480"
[1] "mu"
[1] "done_mu"
[1] "pi"
[1] "done_pi"
[1] "mu"
[1] "done_mu"
[1] "pi"
[1] "done_pi"
[1] 1.436123
[1] "iter: 481"
[1] "mu"
[1] "done_mu"
[1] "pi"
[1] "done_pi"
[1] "mu"
[1] "done_mu"
[1] "pi"
[1] "done_pi"
[1] 1.453933
[1] "iter: 482"
[1] "mu"
[1] "done_mu"
[1] "pi"
[1] "done_pi"
[1] "mu"
[1] "done_mu"
[1] "pi"
[1] "done_pi"
[1] 1.453942
[1] "iter: 483"
[1] "mu"
[1] "done_mu"
[1] "pi"
[1] "done_pi"
[1] "mu"
[1] "done_mu"
[1] "pi"
[1] "done_pi"
[1] 1.474916
[1] "iter: 484"
[1] "mu"
[1] "done_mu"
[1] "pi"
[1] "done_pi"
[1] "mu"
[1] "done_mu"
[1] "pi"
[1] "done_pi"
[1] 1.442328
[1] "iter: 485"
[1] "mu"
[1] "done_mu"
[1] "pi"
[1] "done_pi"
[1] "mu"
[1] "done_mu"
[1] "pi"
[1] "done_pi"
[1] 1.395271
[1] "iter: 486"
[1] "mu"
[1] "done_mu"
[1] "pi"
[1] "done_pi"
[1] "mu"
[1] "done_mu"
[1] "pi"
[1] "done_pi"
[1] 1.421129
[1] "iter: 487"
[1] "mu"
[1] "done_mu"
[1] "pi"
[1] "done_pi"
[1] "mu"
[1] "done_mu"
[1] "pi"
[1] "done_pi"
[1] 1.436575
[1] "iter: 488"
[1] "mu"
[1] "done_mu"
[1] "pi"
[1] "done_pi"
[1] "mu"
[1] "done_mu"
[1] "pi"
[1] "done_pi"
[1] 1.481811
[1] "iter: 489"
[1] "mu"
[1] "done_mu"
[1] "pi"
[1] "done_pi"
[1] "mu"
[1] "done_mu"
[1] "pi"
[1] "done_pi"
[1] 1.420357
[1] "iter: 490"
[1] "mu"
[1] "done_mu"
[1] "pi"
[1] "done_pi"
[1] "mu"
[1] "done_mu"
[1] "pi"
[1] "done_pi"
[1] 1.420996
[1] "iter: 491"
[1] "mu"
[1] "done_mu"
[1] "pi"
[1] "done_pi"
[1] "mu"
[1] "done_mu"
[1] "pi"
[1] "done_pi"
[1] 1.399358
[1] "iter: 492"
[1] "mu"
[1] "done_mu"
[1] "pi"
[1] "done_pi"
[1] "mu"
[1] "done_mu"
[1] "pi"
[1] "done_pi"
[1] 1.417975
[1] "iter: 493"
[1] "mu"
[1] "done_mu"
[1] "pi"
[1] "done_pi"
[1] "mu"
[1] "done_mu"
[1] "pi"
[1] "done_pi"
[1] 1.435598
[1] "iter: 494"
[1] "mu"
[1] "done_mu"
[1] "pi"
[1] "done_pi"
[1] "mu"
[1] "done_mu"
[1] "pi"
[1] "done_pi"
[1] 1.480195
[1] "iter: 495"
[1] "mu"
[1] "done_mu"
[1] "pi"
[1] "done_pi"
[1] "mu"
[1] "done_mu"
[1] "pi"
[1] "done_pi"
[1] 1.45141
[1] "iter: 496"
[1] "mu"
[1] "done_mu"
[1] "pi"
[1] "done_pi"
[1] "mu"
[1] "done_mu"
[1] "pi"
[1] "done_pi"
[1] 1.450756
[1] "iter: 497"
[1] "mu"
[1] "done_mu"
[1] "pi"
[1] "done_pi"
[1] "mu"
[1] "done_mu"
[1] "pi"
[1] "done_pi"
[1] 1.413938
[1] "iter: 498"
[1] "mu"
[1] "done_mu"
[1] "pi"
[1] "done_pi"
[1] "mu"
[1] "done_mu"
[1] "pi"
[1] "done_pi"
[1] 1.441967
[1] "iter: 499"
[1] "mu"
[1] "done_mu"
[1] "pi"
[1] "done_pi"
[1] "mu"
[1] "done_mu"
[1] "pi"
[1] "done_pi"
[1] 1.427109
[1] "iter: 500"
[1] "mu"
[1] "done_mu"
[1] "pi"
[1] "done_pi"
[1] "mu"
[1] "done_mu"
[1] "pi"
[1] "done_pi"
[1] 1.352943
      estimate  CI_left CI_right misp estimator iter
   1: 1.364591 1.300926 1.423193    1     auDRI    1
   2: 1.344790 1.283889 1.405692    1      AIPW    1
   3: 1.485934 1.392737 1.581846    2     auDRI    1
   4: 1.467139 1.259061 1.675217    2      AIPW    1
   5: 1.384394 1.320822 1.444839    3     auDRI    1
  ---                                               
3996: 1.318379 1.092220 1.544538    2      AIPW  500
3997: 1.333203 1.276004 1.390217    3     auDRI  500
3998: 1.350096 1.303146 1.397047    3      AIPW  500
3999: 2.476178 2.387773 2.561932    4     auDRI  500
4000: 2.757247 2.666657 2.847836    4      AIPW  500
