Loading required package: hal9001
Loading required package: Rcpp
hal9001 v0.4.5: The Scalable Highly Adaptive Lasso
note: fit_hal defaults have changed. See ?fit_hal for details
Loading required package: sl3
Loading required package: data.table
Loading required package: R6
Loading required package: stringr
Loading required package: origami
origami v1.0.7: Generalized Framework for Cross-Validation
Loading required package: delayed
delayed v0.4.0: A Framework for Parallelizing Dependent Tasks
Loading required package: future
Loading required package: earth
Loading required package: Formula
Loading required package: plotmo
Loading required package: plotrix
Loading required package: TeachingDemos
Loading required package: fastglm
Loading required package: bigmemory
Loading required package: doMC
Loading required package: foreach
Loading required package: iterators
Loading required package: parallel
Loading required package: glmnet
Loading required package: Matrix
Loaded glmnet 4.1-7
Error in solve.default(t(x_basis) %*% x_basis, t(M %*% (x_basis1 - x_basis0))) : 
  Lapack routine dgesv: system is exactly singular: U[339,339] = 0
Error in solve.default(t(x_basis) %*% x_basis, t(M %*% (x_basis1 - x_basis0))) : 
  Lapack routine dgesv: system is exactly singular: U[239,239] = 0
Error in solve.default(t(x_basis) %*% x_basis, t(M %*% (x_basis1 - x_basis0))) : 
  Lapack routine dgesv: system is exactly singular: U[239,239] = 0
Error in solve.default(t(x_basis) %*% x_basis, t(M %*% (x_basis1 - x_basis0))) : 
  Lapack routine dgesv: system is exactly singular: U[246,246] = 0
Error in solve.default(t(x_basis) %*% x_basis, t(M %*% (x_basis1 - x_basis0))) : 
  Lapack routine dgesv: system is exactly singular: U[284,284] = 0
Error : Object was created without names.
Error in solve.default(t(x_basis) %*% x_basis, t(M %*% (x_basis1 - x_basis0))) : 
  Lapack routine dgesv: system is exactly singular: U[326,326] = 0
Error in solve.default(t(x_basis) %*% x_basis, t(M %*% (x_basis1 - x_basis0))) : 
  Lapack routine dgesv: system is exactly singular: U[267,267] = 0
Error : Object was created without names.
Error in solve.default(t(x_basis) %*% x_basis, t(M %*% (x_basis1 - x_basis0))) : 
  Lapack routine dgesv: system is exactly singular: U[291,291] = 0
slurmstepd-gizmok126: error: *** JOB 18142577 ON gizmok126 CANCELLED AT 2023-04-15T09:58:21 DUE TO TIME LIMIT ***
