LOADING R
R LOADED
[1] "/home/lvanderl/Rlibs2"                         
[2] "/app/software/R/4.2.2-foss-2021b/lib/R/library"
[1] "/home/lvanderl/sieveSims"
[1] "Iteration number: 1"
[1] "pos"
[1] 0.04352876 0.91431510
[1] "Fitting mu0 = E[Y|A=0,W]"
NULL
[1] "Fitting tau = E[Y|A=1,W] - E[Y|A=0,W]"
NULL
[1] 0.02335644
[1] 0.01568728
[1] 0.02335644
[1] -0.004427018  0.991610313
[1] "cutoff"
[1] 1e-08
[1] 0.00000001 0.99161031
[1] "Fitting m = E[Y|W]"
[1] "Fitting pi = E[A|W]"
[1] "Fitting tau = E[Y|A=1,W] - E[Y|A=0,W]"
[1] 0.9849017
NULL
[1] 0.02333893
[1] 0.01547722
(Intercept) 
 0.02333893 
[1] "Iteration number: 2"
[1] "pos"
[1] 0.04049763 0.91089363
[1] "Fitting mu0 = E[Y|A=0,W]"
NULL
[1] "Fitting tau = E[Y|A=1,W] - E[Y|A=0,W]"
NULL
[1] 0.0237624
[1] 0.01601806
[1] 0.0237624
[1] -0.05154292  0.97584209
[1] "cutoff"
[1] 1e-08
[1] 0.00000001 0.97584209
[1] "Fitting m = E[Y|W]"
[1] "Fitting pi = E[A|W]"
[1] "Fitting tau = E[Y|A=1,W] - E[Y|A=0,W]"
[1] 1.009232
NULL
[1] 0.02365197
[1] 0.01573908
(Intercept) 
 0.02365197 
[1] "Iteration number: 3"
[1] "pos"
[1] 0.04534054 0.90880492
[1] "Fitting mu0 = E[Y|A=0,W]"
NULL
[1] "Fitting tau = E[Y|A=1,W] - E[Y|A=0,W]"
NULL
[1] 0.02369588
[1] 0.01596789
[1] 0.02369588
