LOADING R
R LOADED
[1] "/home/lvanderl/Rlibs2"                         
[2] "/app/software/R/4.2.2-foss-2021b/lib/R/library"
[1] "/home/lvanderl/sieveSims"
[1] "Iteration number: 1"
[1] "pos"
[1] 0.001795219 0.989919933
[1] "Fitting mu0 = E[Y|A=0,W]"
NULL
[1] "Fitting tau = E[Y|A=1,W] - E[Y|A=0,W]"
NULL
[1] 0.02325319
[1] 0.01423919
[1] 0.02325319
[1] -0.2099576  1.2982267
[1] "cutoff"
[1] 0.01606427
[1] 0.01606427 0.98393573
[1] "Fitting m = E[Y|W]"
[1] "Fitting pi = E[A|W]"
[1] "Fitting tau = E[Y|A=1,W] - E[Y|A=0,W]"
[1] 0.9546451
NULL
[1] 0.023157
[1] 0.01475773
(Intercept) 
   0.023157 
[1] "Iteration number: 2"
[1] "pos"
[1] 0.001712207 0.991793444
[1] "Fitting mu0 = E[Y|A=0,W]"
NULL
[1] "Fitting tau = E[Y|A=1,W] - E[Y|A=0,W]"
NULL
[1] 0.02295519
[1] 0.01430534
[1] 0.02295519
[1] -0.2014123  1.3335195
[1] "cutoff"
[1] 0.03453816
[1] 0.03453816 0.96546184
[1] "Fitting m = E[Y|W]"
[1] "Fitting pi = E[A|W]"
[1] "Fitting tau = E[Y|A=1,W] - E[Y|A=0,W]"
[1] 1.014798
NULL
[1] 0.02245681
[1] 0.01405395
(Intercept) 
 0.02245681 
[1] "Iteration number: 3"
[1] "pos"
[1] 0.001897689 0.991474629
[1] "Fitting mu0 = E[Y|A=0,W]"
NULL
[1] "Fitting tau = E[Y|A=1,W] - E[Y|A=0,W]"
NULL
[1] 0.02433706
[1] 0.01383904
[1] 0.02433706
