LOADING R
R LOADED
[1] "/home/lvanderl/Rlibs2"                         
[2] "/app/software/R/4.2.2-foss-2021b/lib/R/library"
[1] "/home/lvanderl/sieveSims"
[1] 1
[1] -0.2
[1] -0.1767048
[1] "AdaLSE"
[1] -0.01560819
[1] 0.1633742
[1] "AdaLSE CI"
[1] 1
[1] 1
[1] 1
[1] 1
[1] "Fitting mean A"
[1] "Fitting variance A"
[1] "DR"
[1] 0.08450509
[1] 0.1779488
[1] "DR CI"
[1] 1
[1] 1
[1] 1
[1] 1
[1] "se comparison"
[1] NA
[1] NA
[1] 2
[1] -0.2
[1] -0.1767048
[1] "AdaLSE"
[1] -0.1532418
[1] 0.1621313
[1] "AdaLSE CI"
[1] 1
[1] 1
[1] 2
[1] 2
[1] "Fitting mean A"
[1] "Fitting variance A"
[1] "DR"
[1] -0.1871727
[1] 0.1712088
[1] "DR CI"
[1] 1
[1] 1
[1] 2
[1] 2
[1] "se comparison"
[1] 0.09732163
[1] 0.1921052
[1] 3
[1] -0.2
[1] -0.1767048
[1] "AdaLSE"
[1] 0.08023573
[1] 0.1809692
[1] "AdaLSE CI"
[1] 1
[1] 1
[1] 3
[1] 3
[1] "Fitting mean A"
[1] "Fitting variance A"
[1] "DR"
[1] 0.08278783
[1] 0.2568286
[1] "DR CI"
[1] 1
[1] 1
[1] 3
[1] 3
[1] "se comparison"
[1] 0.1173604
[1] 0.1563598
[1] 4
[1] -0.2
[1] -0.1767048
[1] "AdaLSE"
[1] -0.07818344
[1] 0.1448765
[1] "AdaLSE CI"
[1] 1
[1] 1
[1] 4
[1] 4
[1] "Fitting mean A"
[1] "Fitting variance A"
[1] "DR"
[1] -0.5087577
[1] 0.2726893
[1] "DR CI"
[1] 1
[1] 1
[1] 4
[1] 4
[1] "se comparison"
[1] 0.09886305
[1] 0.2816609
[1] 5
[1] -0.2
[1] -0.1767048
[1] "AdaLSE"
[1] 0.09454755
[1] 0.1792694
[1] "AdaLSE CI"
[1] 1
[1] 1
[1] 5
[1] 5
[1] "Fitting mean A"
[1] "Fitting variance A"
[1] "DR"
[1] -0.09643537
[1] 0.2139167
[1] "DR CI"
[1] 1
[1] 1
[1] 5
[1] 5
[1] "se comparison"
[1] 0.105086
[1] 0.2444481
[1] 6
[1] -0.2
[1] -0.1767048
[1] "AdaLSE"
[1] -0.2514478
[1] 0.1743705
[1] "AdaLSE CI"
[1] 1
[1] 1
[1] 6
[1] 6
[1] "Fitting mean A"
[1] "Fitting variance A"
[1] "DR"
[1] -0.1902501
[1] 0.1926651
[1] "DR CI"
[1] 1
[1] 1
[1] 6
[1] 6
[1] "se comparison"
[1] 0.1348918
[1] 0.2202571
[1] 7
[1] -0.2
[1] -0.1767048
[1] "AdaLSE"
[1] -0.3230204
[1] 0.1763798
[1] "AdaLSE CI"
[1] 1
[1] 1
[1] 7
[1] 7
[1] "Fitting mean A"
[1] "Fitting variance A"
[1] "DR"
[1] -0.3306717
[1] 0.1513713
[1] "DR CI"
[1] 1
[1] 1
[1] 7
[1] 7
[1] "se comparison"
[1] 0.1597056
[1] 0.214121
[1] 8
[1] -0.2
[1] -0.1767048
[1] "AdaLSE"
[1] 0.02859704
[1] 0.1583269
[1] "AdaLSE CI"
[1] 1
[1] 1
[1] 8
[1] 8
[1] "Fitting mean A"
[1] "Fitting variance A"
[1] "DR"
[1] -0.07629984
[1] 0.1630928
[1] "DR CI"
[1] 1
[1] 1
[1] 8
[1] 8
[1] "se comparison"
[1] 0.1539216
[1] 0.2006321
[1] 9
[1] -0.2
[1] -0.1767048
[1] "AdaLSE"
[1] -0.3428923
[1] 0.1489759
[1] "AdaLSE CI"
[1] 1
[1] 1
[1] 9
[1] 9
[1] "Fitting mean A"
[1] "Fitting variance A"
[1] "DR"
[1] -0.007124345
[1] 0.4581159
[1] "DR CI"
[1] 1
[1] 1
[1] 9
[1] 9
[1] "se comparison"
[1] 0.169027
[1] 0.1938533
[1] 10
[1] -0.2
[1] -0.1767048
[1] "AdaLSE"
[1] -0.03496736
[1] 0.1878758
[1] "AdaLSE CI"
[1] 1
[1] 1
[1] 10
[1] 10
[1] "Fitting mean A"
[1] "Fitting variance A"
[1] "DR"
[1] 0.1227862
[1] 0.490716
[1] "DR CI"
[1] 1
[1] 1
[1] 10
[1] 10
[1] "se comparison"
[1] 0.1609701
[1] 0.2003294
[1] 11
[1] -0.2
[1] -0.1767048
[1] "AdaLSE"
[1] -0.2229882
[1] 0.1926577
[1] "AdaLSE CI"
[1] 1
[1] 1
[1] 11
[1] 11
[1] "Fitting mean A"
[1] "Fitting variance A"
[1] "DR"
[1] 0.1754573
[1] 0.3829935
[1] "DR CI"
[1] 1
[1] 1
[1] 11
[1] 11
[1] "se comparison"
[1] 0.1571761
[1] 0.2087126
[1] 12
[1] -0.2
[1] -0.1767048
[1] "AdaLSE"
[1] 0.1849736
[1] 0.1736799
[1] "AdaLSE CI"
[1] 0.9166667
[1] 0.9166667
[1]  1 11
[1]  1 11
[1] "Fitting mean A"
[1] "Fitting variance A"
[1] "DR"
[1] 0.4046837
[1] 0.3992174
[1] "DR CI"
[1] 1
[1] 1
[1] 12
[1] 12
[1] "se comparison"
[1] 0.1724802
[1] 0.244039
[1] 13
[1] -0.2
[1] -0.1767048
[1] "AdaLSE"
[1] -0.07090712
[1] 0.1551529
[1] "AdaLSE CI"
[1] 0.9230769
[1] 0.9230769
[1]  1 12
[1]  1 12
[1] "Fitting mean A"
[1] "Fitting variance A"
[1] "DR"
[1] 0.3380811
[1] 0.3894711
[1] "DR CI"
[1] 1
[1] 1
[1] 13
[1] 13
[1] "se comparison"
[1] 0.1651914
[1] 0.2565432
[1] 14
[1] -0.2
[1] -0.1767048
[1] "AdaLSE"
[1] 0.07277903
[1] 0.1880541
[1] "AdaLSE CI"
[1] 0.9285714
[1] 0.9285714
[1]  1 13
[1]  1 13
[1] "Fitting mean A"
[1] "Fitting variance A"
[1] "DR"
[1] 0.07678973
[1] 0.2393686
[1] "DR CI"
[1] 1
[1] 1
[1] 14
[1] 14
[1] "se comparison"
[1] 0.1642166
[1] 0.2476831
[1] 15
[1] -0.2
[1] -0.1767048
[1] "AdaLSE"
[1] -0.2065026
[1] 0.169111
[1] "AdaLSE CI"
[1] 0.9333333
[1] 0.9333333
[1]  1 14
[1]  1 14
[1] "Fitting mean A"
[1] "Fitting variance A"
[1] "DR"
[1] -0.2924783
[1] 0.2109487
[1] "DR CI"
[1] 1
[1] 1
[1] 15
[1] 15
[1] "se comparison"
[1] 0.1619143
[1] 0.2497223
[1] 16
[1] -0.2
[1] -0.1767048
[1] "AdaLSE"
[1] -0.2118891
[1] 0.1844635
[1] "AdaLSE CI"
[1] 0.9375
[1] 0.9375
[1]  1 15
[1]  1 15
[1] "Fitting mean A"
[1] "Fitting variance A"
[1] "DR"
[1] -0.2101259
[1] 0.2437052
[1] "DR CI"
[1] 1
[1] 1
[1] 16
[1] 16
[1] "se comparison"
[1] 0.1597299
[1] 0.2455629
[1] 17
[1] -0.2
[1] -0.1767048
[1] "AdaLSE"
[1] 0.07115851
[1] 0.1369155
[1] "AdaLSE CI"
[1] 0.8823529
[1] 0.9411765
[1]  2 15
[1]  1 16
[1] "Fitting mean A"
[1] "Fitting variance A"
[1] "DR"
[1] 0.01097155
[1] 0.1562774
[1] "DR CI"
[1] 1
[1] 1
[1] 17
[1] 17
[1] "se comparison"
[1] 0.1595596
[1] 0.2380665
[1] 18
[1] -0.2
[1] -0.1767048
[1] "AdaLSE"
[1] -0.3823704
[1] 0.1576012
[1] "AdaLSE CI"
[1] 0.8888889
[1] 0.9444444
[1]  2 16
[1]  1 17
[1] "Fitting mean A"
[1] "Fitting variance A"
[1] "DR"
[1] -0.3911924
[1] 0.1897553
[1] "DR CI"
[1] 1
[1] 1
[1] 18
[1] 18
[1] "se comparison"
[1] 0.1703021
[1] 0.2457053
[1] 19
[1] -0.2
[1] -0.1767048
[1] "AdaLSE"
[1] -0.2189531
[1] 0.1658211
[1] "AdaLSE CI"
[1] 0.8947368
[1] 0.9473684
[1]  2 17
[1]  1 18
[1] "Fitting mean A"
[1] "Fitting variance A"
[1] "DR"
[1] -0.2713353
[1] 0.1829926
[1] "DR CI"
[1] 1
[1] 1
[1] 19
[1] 19
[1] "se comparison"
[1] 0.1678188
[1] 0.2438744
[1] 20
[1] -0.2
[1] -0.1767048
[1] "AdaLSE"
[1] 0.02882401
[1] 0.1450077
[1] "AdaLSE CI"
[1] 0.9
[1] 0.95
[1]  2 18
[1]  1 19
[1] "Fitting mean A"
[1] "Fitting variance A"
[1] "DR"
[1] 0.6610535
[1] 0.405816
[1] "DR CI"
[1] 0.95
[1] 0.95
[1]  1 19
[1]  1 19
[1] "se comparison"
[1] 0.1660309
[1] 0.2877845
[1] 21
[1] -0.2
[1] -0.1767048
[1] "AdaLSE"
[1] 0.03789526
[1] 0.1573394
[1] "AdaLSE CI"
[1] 0.9047619
[1] 0.952381
[1]  2 19
[1]  1 20
[1] "Fitting mean A"
[1] "Fitting variance A"
[1] "DR"
[1] 0.4100183
[1] 0.4074107
[1] "DR CI"
[1] 0.952381
[1] 0.952381
[1]  1 20
[1]  1 20
[1] "se comparison"
[1] 0.1645056
[1] 0.2964939
[1] 22
[1] -0.2
[1] -0.1767048
[1] "AdaLSE"
[1] -0.02464165
[1] 0.1629464
[1] "AdaLSE CI"
[1] 0.9090909
[1] 0.9545455
[1]  2 20
[1]  1 21
[1] "Fitting mean A"
[1] "Fitting variance A"
[1] "DR"
[1] 0.2665278
[1] 0.5727732
[1] "DR CI"
[1] 0.9545455
[1] 0.9545455
[1]  1 21
[1]  1 21
[1] "se comparison"
[1] 0.1611658
[1] 0.2952626
[1] 23
[1] -0.2
[1] -0.1767048
[1] "AdaLSE"
[1] 0.1878842
[1] 0.1709876
[1] "AdaLSE CI"
[1] 0.8695652
[1] 0.9130435
[1]  3 20
[1]  2 21
[1] "Fitting mean A"
[1] "Fitting variance A"
[1] "DR"
[1] 0.173629
[1] 0.164576
[1] "DR CI"
[1] 0.9130435
[1] 0.9130435
[1]  2 21
[1]  2 21
[1] "se comparison"
[1] 0.1676479
[1] 0.2906531
[1] 24
[1] -0.2
[1] -0.1767048
[1] "AdaLSE"
[1] -0.1985776
[1] 0.164937
[1] "AdaLSE CI"
[1] 0.875
[1] 0.9166667
[1]  3 21
[1]  2 22
[1] "Fitting mean A"
[1] "Fitting variance A"
[1] "DR"
[1] -0.2232265
[1] 0.2668483
[1] "DR CI"
[1] 0.9166667
[1] 0.9166667
[1]  2 22
[1]  2 22
[1] "se comparison"
[1] 0.1658574
[1] 0.2882459
[1] 25
[1] -0.2
[1] -0.1767048
[1] "AdaLSE"
[1] -0.07992948
[1] 0.1709799
[1] "AdaLSE CI"
[1] 0.88
[1] 0.92
[1]  3 22
[1]  2 23
[1] "Fitting mean A"
[1] "Fitting variance A"
[1] "DR"
[1] -0.2749676
[1] 0.2095436
[1] "DR CI"
[1] 0.92
[1] 0.92
[1]  2 23
[1]  2 23
[1] "se comparison"
[1] 0.1623655
[1] 0.2875213
[1] 26
[1] -0.2
[1] -0.1767048
[1] "AdaLSE"
[1] 0.07927386
[1] 0.1587752
[1] "AdaLSE CI"
[1] 0.8846154
[1] 0.9230769
[1]  3 23
[1]  2 24
[1] "Fitting mean A"
[1] "Fitting variance A"
[1] "DR"
[1] 0.1843747
[1] 0.1944862
[1] "DR CI"
[1] 0.8846154
[1] 0.9230769
[1]  3 23
[1]  2 24
[1] "se comparison"
[1] 0.162167
[1] 0.2842825
[1] 27
[1] -0.2
[1] -0.1767048
[1] "AdaLSE"
[1] -0.173811
[1] 0.1864688
[1] "AdaLSE CI"
[1] 0.8888889
[1] 0.9259259
[1]  3 24
[1]  2 25
[1] "Fitting mean A"
[1] "Fitting variance A"
[1] "DR"
[1] -0.1885753
[1] 0.1894125
[1] "DR CI"
[1] 0.8888889
[1] 0.9259259
[1]  3 24
[1]  2 25
[1] "se comparison"
[1] 0.1601508
[1] 0.2810495
[1] 28
[1] -0.2
[1] -0.1767048
[1] "AdaLSE"
[1] -0.08365713
[1] 0.1734025
[1] "AdaLSE CI"
[1] 0.8928571
[1] 0.9285714
[1]  3 25
[1]  2 26
[1] "Fitting mean A"
[1] "Fitting variance A"
[1] "DR"
[1] -0.05622773
[1] 0.1987609
[1] "DR CI"
[1] 0.8928571
[1] 0.9285714
[1]  3 25
[1]  2 26
[1] "se comparison"
[1] 0.1571599
[1] 0.275937
[1] 29
[1] -0.2
[1] -0.1767048
[1] "AdaLSE"
[1] -0.4023678
[1] 0.1618274
[1] "AdaLSE CI"
[1] 0.8965517
[1] 0.9310345
[1]  3 26
[1]  2 27
[1] "Fitting mean A"
[1] "Fitting variance A"
[1] "DR"
[1] -0.1775506
[1] 0.3383652
[1] "DR CI"
[1] 0.8965517
[1] 0.9310345
[1]  3 26
[1]  2 27
[1] "se comparison"
[1] 0.1656096
[1] 0.2727202
[1] 30
[1] -0.2
[1] -0.1767048
[1] "AdaLSE"
[1] -0.1365958
[1] 0.157842
[1] "AdaLSE CI"
[1] 0.9
[1] 0.9333333
[1]  3 27
[1]  2 28
[1] "Fitting mean A"
[1] "Fitting variance A"
[1] "DR"
[1] -0.1209298
[1] 0.1756206
[1] "DR CI"
[1] 0.9
[1] 0.9333333
[1]  3 27
[1]  2 28
[1] "se comparison"
[1] 0.1629515
[1] 0.2686488
[1] 31
[1] -0.2
[1] -0.1767048
[1] "AdaLSE"
[1] -0.1879184
[1] 0.1859634
[1] "AdaLSE CI"
[1] 0.9032258
[1] 0.9354839
[1]  3 28
[1]  2 29
[1] "Fitting mean A"
[1] "Fitting variance A"
[1] "DR"
[1] -0.3590089
[1] 0.2189306
[1] "DR CI"
[1] 0.9032258
[1] 0.9354839
[1]  3 28
[1]  2 29
[1] "se comparison"
[1] 0.1611449
[1] 0.2710448
[1] 32
[1] -0.2
[1] -0.1767048
[1] "AdaLSE"
[1] -0.1151844
[1] 0.1854076
[1] "AdaLSE CI"
[1] 0.90625
[1] 0.9375
[1]  3 29
[1]  2 30
[1] "Fitting mean A"
[1] "Fitting variance A"
[1] "DR"
[1] -0.1791001
[1] 0.1619659
[1] "DR CI"
[1] 0.90625
[1] 0.9375
[1]  3 29
[1]  2 30
[1] "se comparison"
[1] 0.158566
[1] 0.2679141
[1] 33
[1] -0.2
[1] -0.1767048
[1] "AdaLSE"
[1] -0.02281199
[1] 0.1698431
[1] "AdaLSE CI"
[1] 0.9090909
[1] 0.9393939
[1]  3 30
[1]  2 31
[1] "Fitting mean A"
[1] "Fitting variance A"
[1] "DR"
[1] -1.030223
[1] 0.7708983
[1] "DR CI"
[1] 0.9090909
[1] 0.9393939
[1]  3 30
[1]  2 31
[1] "se comparison"
[1] 0.156578
[1] 0.3154251
[1] 34
[1] -0.2
[1] -0.1767048
[1] "AdaLSE"
[1] -0.508249
[1] 0.1626277
[1] "AdaLSE CI"
[1] 0.9117647
[1] 0.9117647
[1]  3 31
[1]  3 31
[1] "Fitting mean A"
[1] "Fitting variance A"
[1] "DR"
[1] -0.6648768
[1] 0.1510016
[1] "DR CI"
[1] 0.8823529
[1] 0.9117647
[1]  4 30
[1]  3 31
[1] "se comparison"
[1] 0.1698317
[1] 0.3271461
[1] 35
[1] -0.2
[1] -0.1767048
[1] "AdaLSE"
[1] -0.295195
[1] 0.1586177
[1] "AdaLSE CI"
[1] 0.9142857
[1] 0.9142857
[1]  3 32
[1]  3 32
[1] "Fitting mean A"
[1] "Fitting variance A"
[1] "DR"
[1] -0.5562084
[1] 0.3077127
[1] "DR CI"
[1] 0.8857143
[1] 0.9142857
[1]  4 31
[1]  3 32
[1] "se comparison"
[1] 0.1703663
[1] 0.332049
[1] 36
[1] -0.2
[1] -0.1767048
[1] "AdaLSE"
[1] 0.06257439
[1] 0.1757067
[1] "AdaLSE CI"
[1] 0.9166667
[1] 0.9166667
[1]  3 33
[1]  3 33
[1] "Fitting mean A"
[1] "Fitting variance A"
[1] "DR"
[1] 0.03138116
[1] 0.2264734
[1] "DR CI"
[1] 0.8888889
[1] 0.9166667
[1]  4 32
[1]  3 33
[1] "se comparison"
[1] 0.1703812
[1] 0.3279716
[1] 37
[1] -0.2
[1] -0.1767048
[1] "AdaLSE"
[1] -0.1400491
[1] 0.1526482
[1] "AdaLSE CI"
[1] 0.9189189
[1] 0.9189189
[1]  3 34
[1]  3 34
[1] "Fitting mean A"
[1] "Fitting variance A"
[1] "DR"
[1] -0.2610042
[1] 0.1823036
[1] "DR CI"
[1] 0.8918919
[1] 0.9189189
[1]  4 33
[1]  3 34
[1] "se comparison"
[1] 0.1680918
[1] 0.3245533
[1] 38
[1] -0.2
[1] -0.1767048
[1] "AdaLSE"
[1] -0.4285347
[1] 0.1657591
[1] "AdaLSE CI"
[1] 0.9210526
[1] 0.9210526
[1]  3 35
[1]  3 35
[1] "Fitting mean A"
[1] "Fitting variance A"
[1] "DR"
[1] -0.4428956
[1] 0.1717791
[1] "DR CI"
[1] 0.8947368
[1] 0.9210526
[1]  4 34
[1]  3 35
[1] "se comparison"
[1] 0.1738231
[1] 0.3249862
[1] 39
[1] -0.2
[1] -0.1767048
[1] "AdaLSE"
[1] 0.1538359
[1] 0.1594968
[1] "AdaLSE CI"
[1] 0.8974359
[1] 0.8974359
[1]  4 35
[1]  4 35
[1] "Fitting mean A"
[1] "Fitting variance A"
[1] "DR"
[1] -0.1685685
[1] 0.2073757
[1] "DR CI"
[1] 0.8974359
[1] 0.9230769
[1]  4 35
[1]  3 36
[1] "se comparison"
[1] 0.1768524
[1] 0.3208321
[1] 40
[1] -0.2
[1] -0.1767048
[1] "AdaLSE"
[1] -0.02956888
[1] 0.1560517
[1] "AdaLSE CI"
[1] 0.9
[1] 0.9
[1]  4 36
[1]  4 36
[1] "Fitting mean A"
[1] "Fitting variance A"
[1] "DR"
[1] -0.1338945
[1] 0.1909853
[1] "DR CI"
[1] 0.9
[1] 0.925
[1]  4 36
[1]  3 37
[1] "se comparison"
[1] 0.1750149
[1] 0.316717
[1] 41
[1] -0.2
[1] -0.1767048
[1] "AdaLSE"
[1] -0.3350481
[1] 0.1772681
[1] "AdaLSE CI"
[1] 0.902439
[1] 0.902439
[1]  4 37
[1]  4 37
[1] "Fitting mean A"
[1] "Fitting variance A"
[1] "DR"
[1] -0.1843158
[1] 0.1861837
[1] "DR CI"
[1] 0.902439
[1] 0.9268293
[1]  4 37
[1]  3 38
[1] "se comparison"
[1] 0.1764629
[1] 0.3129518
[1] 42
[1] -0.2
[1] -0.1767048
[1] "AdaLSE"
[1] -0.08574696
[1] 0.1505734
[1] "AdaLSE CI"
[1] 0.9047619
[1] 0.9047619
[1]  4 38
[1]  4 38
[1] "Fitting mean A"
[1] "Fitting variance A"
[1] "DR"
[1] -0.1391958
[1] 0.2032793
[1] "DR CI"
[1] 0.9047619
[1] 0.9285714
[1]  4 38
[1]  3 39
[1] "se comparison"
[1] 0.1743447
[1] 0.3091418
[1] 43
[1] -0.2
[1] -0.1767048
[1] "AdaLSE"
[1] -0.2015933
[1] 0.1739547
[1] "AdaLSE CI"
[1] 0.9069767
[1] 0.9069767
[1]  4 39
[1]  4 39
[1] "Fitting mean A"
[1] "Fitting variance A"
[1] "DR"
[1] -0.2184153
[1] 0.2985632
[1] "DR CI"
[1] 0.9069767
[1] 0.9302326
[1]  4 39
[1]  3 40
[1] "se comparison"
[1] 0.1728051
[1] 0.3058711
[1] 44
[1] -0.2
[1] -0.1767048
[1] "AdaLSE"
[1] 0.02533182
[1] 0.1658486
[1] "AdaLSE CI"
[1] 0.9090909
[1] 0.9090909
[1]  4 40
[1]  4 40
[1] "Fitting mean A"
[1] "Fitting variance A"
[1] "DR"
[1] 0.1322322
[1] 0.1552175
[1] "DR CI"
[1] 0.8863636
[1] 0.9090909
[1]  5 39
[1]  4 40
[1] "se comparison"
[1] 0.1720614
[1] 0.304571
[1] 45
[1] -0.2
[1] -0.1767048
[1] "AdaLSE"
[1] -0.2683506
[1] 0.152493
[1] "AdaLSE CI"
[1] 0.9111111
[1] 0.9111111
[1]  4 41
[1]  4 41
[1] "Fitting mean A"
[1] "Fitting variance A"
[1] "DR"
[1] -0.3283947
[1] 0.1488737
[1] "DR CI"
[1] 0.8888889
[1] 0.9111111
[1]  5 40
[1]  4 41
[1] "se comparison"
[1] 0.1717183
[1] 0.3028649
[1] 46
[1] -0.2
[1] -0.1767048
[1] "AdaLSE"
[1] -0.1987887
[1] 0.1662108
[1] "AdaLSE CI"
[1] 0.9130435
[1] 0.9130435
[1]  4 42
[1]  4 42
[1] "Fitting mean A"
[1] "Fitting variance A"
[1] "DR"
[1] -0.5893594
[1] 0.3260067
[1] "DR CI"
[1] 0.8913043
[1] 0.9130435
[1]  5 41
[1]  4 42
[1] "se comparison"
[1] 0.1702609
[1] 0.3075847
[1] 47
[1] -0.2
[1] -0.1767048
[1] "AdaLSE"
[1] -0.3279942
[1] 0.1569604
[1] "AdaLSE CI"
[1] 0.9148936
[1] 0.9148936
[1]  4 43
[1]  4 43
[1] "Fitting mean A"
[1] "Fitting variance A"
[1] "DR"
[1] -0.1616712
[1] 0.149022
[1] "DR CI"
[1] 0.893617
[1] 0.9148936
[1]  5 42
[1]  4 43
[1] "se comparison"
[1] 0.1712238
[1] 0.3042727
[1] 48
[1] -0.2
[1] -0.1767048
[1] "AdaLSE"
[1] 0.02264685
[1] 0.1803311
[1] "AdaLSE CI"
[1] 0.9166667
[1] 0.9166667
[1]  4 44
[1]  4 44
[1] "Fitting mean A"
[1] "Fitting variance A"
[1] "DR"
[1] -0.2437073
[1] 0.9919245
[1] "DR CI"
[1] 0.8958333
[1] 0.9166667
[1]  5 43
[1]  4 44
[1] "se comparison"
[1] 0.1706428
[1] 0.3015073
[1] 49
[1] -0.2
[1] -0.1767048
[1] "AdaLSE"
[1] -0.1380798
[1] 0.1730821
[1] "AdaLSE CI"
[1] 0.9183673
[1] 0.9183673
[1]  4 45
[1]  4 45
[1] "Fitting mean A"
[1] "Fitting variance A"
[1] "DR"
[1] -0.2192822
[1] 0.5771197
[1] "DR CI"
[1] 0.8979592
[1] 0.9183673
[1]  5 44
[1]  4 45
[1] "se comparison"
[1] 0.1688821
[1] 0.2986395
[1] 50
[1] -0.2
[1] -0.1767048
[1] "AdaLSE"
[1] 0.1920129
[1] 0.1569631
[1] "AdaLSE CI"
[1] 0.9
[1] 0.9
[1]  5 45
[1]  5 45
[1] "Fitting mean A"
[1] "Fitting variance A"
[1] "DR"
[1] -0.2325385
[1] 0.3216604
[1] "DR CI"
[1] 0.9
[1] 0.92
[1]  5 45
[1]  4 46
[1] "se comparison"
[1] 0.1727918
[1] 0.2959379
[1] 51
[1] -0.2
[1] -0.1767048
[1] "AdaLSE"
[1] 0.08288401
[1] 0.1492071
[1] "AdaLSE CI"
[1] 0.9019608
[1] 0.9019608
[1]  5 46
[1]  5 46
[1] "Fitting mean A"
[1] "Fitting variance A"
[1] "DR"
[1] 0.1244717
[1] 0.1449326
[1] "DR CI"
[1] 0.8823529
[1] 0.9019608
[1]  6 45
[1]  5 46
[1] "se comparison"
[1] 0.1732064
[1] 0.2951432
[1] 52
[1] -0.2
[1] -0.1767048
[1] "AdaLSE"
[1] -0.02640214
[1] 0.1666283
[1] "AdaLSE CI"
[1] 0.9038462
[1] 0.9038462
[1]  5 47
[1]  5 47
[1] "Fitting mean A"
[1] "Fitting variance A"
[1] "DR"
[1] -0.1263
[1] 0.4166868
[1] "DR CI"
[1] 0.8846154
[1] 0.9038462
[1]  6 46
[1]  5 47
[1] "se comparison"
[1] 0.1718696
[1] 0.2922353
[1] 53
[1] -0.2
[1] -0.1767048
[1] "AdaLSE"
[1] -0.4553491
[1] 0.1705772
[1] "AdaLSE CI"
[1] 0.9056604
[1] 0.9056604
[1]  5 48
[1]  5 48
[1] "Fitting mean A"
[1] "Fitting variance A"
[1] "DR"
[1] -0.4392593
[1] 0.1449699
[1] "DR CI"
[1] 0.8867925
[1] 0.9056604
[1]  6 47
[1]  5 48
[1] "se comparison"
[1] 0.1768408
[1] 0.292589
[1] 54
[1] -0.2
[1] -0.1767048
[1] "AdaLSE"
[1] 0.05484616
[1] 0.1530894
[1] "AdaLSE CI"
[1] 0.9074074
[1] 0.9074074
[1]  5 49
[1]  5 49
[1] "Fitting mean A"
[1] "Fitting variance A"
[1] "DR"
[1] 0.4076053
[1] 0.4294991
[1] "DR CI"
[1] 0.8888889
[1] 0.9074074
[1]  6 48
[1]  5 49
[1] "se comparison"
[1] 0.1766418
[1] 0.2989772
[1] 55
[1] -0.2
[1] -0.1767048
[1] "AdaLSE"
[1] -0.06558792
[1] 0.151168
[1] "AdaLSE CI"
[1] 0.9090909
[1] 0.9090909
[1]  5 50
[1]  5 50
[1] "Fitting mean A"
[1] "Fitting variance A"
[1] "DR"
[1] -0.02171527
[1] 0.1416252
[1] "DR CI"
[1] 0.8909091
[1] 0.9090909
[1]  6 49
[1]  5 50
[1] "se comparison"
[1] 0.1750991
[1] 0.2965051
[1] 56
[1] -0.2
[1] -0.1767048
[1] "AdaLSE"
[1] -0.2965483
[1] 0.1804448
[1] "AdaLSE CI"
[1] 0.9107143
[1] 0.9107143
[1]  5 51
[1]  5 51
[1] "Fitting mean A"
[1] "Fitting variance A"
[1] "DR"
[1] -0.5360659
[1] 0.2058471
[1] "DR CI"
[1] 0.8928571
[1] 0.9107143
[1]  6 50
[1]  5 51
[1] "se comparison"
[1] 0.175305
[1] 0.2990047
[1] 57
[1] -0.2
[1] -0.1767048
[1] "AdaLSE"
[1] -0.04567745
[1] 0.1646429
[1] "AdaLSE CI"
[1] 0.9122807
[1] 0.9122807
[1]  5 52
[1]  5 52
[1] "Fitting mean A"
[1] "Fitting variance A"
[1] "DR"
[1] -0.2840025
[1] 0.2078947
[1] "DR CI"
[1] 0.8947368
[1] 0.9122807
[1]  6 51
[1]  5 52
[1] "se comparison"
[1] 0.1739556
[1] 0.2970452
[1] 58
[1] -0.2
[1] -0.1767048
[1] "AdaLSE"
[1] -0.2890474
[1] 0.1686726
[1] "AdaLSE CI"
[1] 0.9137931
[1] 0.9137931
[1]  5 53
[1]  5 53
[1] "Fitting mean A"
[1] "Fitting variance A"
[1] "DR"
[1] -0.4894663
[1] 0.2576296
[1] "DR CI"
[1] 0.8965517
[1] 0.9137931
[1]  6 52
[1]  5 53
[1] "se comparison"
[1] 0.1740013
[1] 0.2981779
[1] 59
[1] -0.2
[1] -0.1767048
[1] "AdaLSE"
[1] -0.09854758
[1] 0.1834634
[1] "AdaLSE CI"
[1] 0.9152542
[1] 0.9152542
[1]  5 54
[1]  5 54
[1] "Fitting mean A"
[1] "Fitting variance A"
[1] "DR"
[1] -0.2013694
[1] 0.1924907
[1] "DR CI"
[1] 0.8983051
[1] 0.9152542
[1]  6 53
[1]  5 54
[1] "se comparison"
[1] 0.1725065
[1] 0.2957163
[1] 60
[1] -0.2
[1] -0.1767048
[1] "AdaLSE"
[1] 0.09991527
[1] 0.1539315
[1] "AdaLSE CI"
[1] 0.9166667
[1] 0.9166667
[1]  5 55
[1]  5 55
[1] "Fitting mean A"
[1] "Fitting variance A"
[1] "DR"
[1] 0.06283369
[1] 0.1631308
[1] "DR CI"
[1] 0.9
[1] 0.9166667
[1]  6 54
[1]  5 55
[1] "se comparison"
[1] 0.1732488
[1] 0.2943407
[1] 61
[1] -0.2
[1] -0.1767048
[1] "AdaLSE"
[1] -0.1957099
[1] 0.1725578
[1] "AdaLSE CI"
[1] 0.9180328
[1] 0.9180328
[1]  5 56
[1]  5 56
[1] "Fitting mean A"
[1] "Fitting variance A"
[1] "DR"
[1] 0.004073411
[1] 0.4839648
[1] "DR CI"
[1] 0.9016393
[1] 0.9180328
[1]  6 55
[1]  5 56
[1] "se comparison"
[1] 0.1721474
[1] 0.2924156
[1] 62
[1] -0.2
[1] -0.1767048
[1] "AdaLSE"
[1] 0.08011237
[1] 0.1531439
[1] "AdaLSE CI"
[1] 0.9193548
[1] 0.9193548
[1]  5 57
[1]  5 57
[1] "Fitting mean A"
[1] "Fitting variance A"
[1] "DR"
[1] 0.4014691
[1] 0.2131461
[1] "DR CI"
[1] 0.8870968
[1] 0.9032258
[1]  7 55
[1]  6 56
[1] "se comparison"
[1] 0.1724581
[1] 0.2978212
[1] 63
[1] -0.2
[1] -0.1767048
[1] "AdaLSE"
[1] -0.07841987
[1] 0.1526499
[1] "AdaLSE CI"
[1] 0.9206349
[1] 0.9206349
[1]  5 58
[1]  5 58
[1] "Fitting mean A"
[1] "Fitting variance A"
[1] "DR"
[1] -0.2427561
[1] 0.1938589
[1] "DR CI"
[1] 0.8888889
[1] 0.9047619
[1]  7 56
[1]  6 57
[1] "se comparison"
[1] 0.1711037
[1] 0.2957914
[1] 64
[1] -0.2
[1] -0.1767048
[1] "AdaLSE"
[1] 0.08651174
[1] 0.1582885
[1] "AdaLSE CI"
[1] 0.921875
[1] 0.921875
[1]  5 59
[1]  5 59
[1] "Fitting mean A"
[1] "Fitting variance A"
[1] "DR"
[1] -0.1242899
[1] 0.1850334
[1] "DR CI"
[1] 0.890625
[1] 0.90625
[1]  7 57
[1]  6 58
[1] "se comparison"
[1] 0.1714736
[1] 0.2934345
[1] 65
[1] -0.2
[1] -0.1767048
[1] "AdaLSE"
[1] -0.1952358
[1] 0.1817398
[1] "AdaLSE CI"
[1] 0.9230769
[1] 0.9230769
[1]  5 60
[1]  5 60
[1] "Fitting mean A"
[1] "Fitting variance A"
[1] "DR"
[1] -0.1636513
[1] 0.2000594
[1] "DR CI"
[1] 0.8923077
[1] 0.9076923
[1]  7 58
[1]  6 59
[1] "se comparison"
[1] 0.1704964
[1] 0.2911717
[1] 66
[1] -0.2
[1] -0.1767048
[1] "AdaLSE"
[1] 0.1349414
[1] 0.1792009
[1] "AdaLSE CI"
[1] 0.9242424
[1] 0.9242424
[1]  5 61
[1]  5 61
[1] "Fitting mean A"
[1] "Fitting variance A"
[1] "DR"
[1] -0.3297669
[1] 0.3328741
[1] "DR CI"
[1] 0.8939394
[1] 0.9090909
[1]  7 59
[1]  6 60
[1] "se comparison"
[1] 0.171768
[1] 0.29001
[1] 67
[1] -0.2
[1] -0.1767048
[1] "AdaLSE"
[1] -0.31261
[1] 0.1561011
[1] "AdaLSE CI"
[1] 0.9253731
[1] 0.9253731
[1]  5 62
[1]  5 62
[1] "Fitting mean A"
[1] "Fitting variance A"
[1] "DR"
[1] -0.0003161919
[1] 0.7454484
[1] "DR CI"
[1] 0.8955224
[1] 0.9104478
[1]  7 60
[1]  6 61
[1] "se comparison"
[1] 0.1723794
[1] 0.2882341
[1] 68
[1] -0.2
[1] -0.1767048
[1] "AdaLSE"
[1] -0.01373536
[1] 0.1683873
[1] "AdaLSE CI"
[1] 0.9264706
[1] 0.9264706
[1]  5 63
[1]  5 63
[1] "Fitting mean A"
[1] "Fitting variance A"
[1] "DR"
[1] 1.389146
[1] 0.650581
[1] "DR CI"
[1] 0.8823529
[1] 0.8970588
[1]  8 60
[1]  7 61
[1] "se comparison"
[1] 0.1714525
[1] 0.3400737
[1] 69
[1] -0.2
[1] -0.1767048
[1] "AdaLSE"
[1] 0.02040885
[1] 0.1673602
[1] "AdaLSE CI"
[1] 0.9275362
[1] 0.9275362
[1]  5 64
[1]  5 64
[1] "Fitting mean A"
[1] "Fitting variance A"
[1] "DR"
[1] -0.04289271
[1] 0.1789511
[1] "DR CI"
[1] 0.884058
[1] 0.8985507
[1]  8 61
[1]  7 62
[1] "se comparison"
[1] 0.1708503
[1] 0.3376463
[1] 70
[1] -0.2
[1] -0.1767048
[1] "AdaLSE"
[1] -0.2548457
[1] 0.1537686
[1] "AdaLSE CI"
[1] 0.9285714
[1] 0.9285714
[1]  5 65
[1]  5 65
[1] "Fitting mean A"
[1] "Fitting variance A"
[1] "DR"
[1] -0.6822597
[1] 0.5932928
[1] "DR CI"
[1] 0.8857143
[1] 0.9
[1]  8 62
[1]  7 63
[1] "se comparison"
[1] 0.1705798
[1] 0.3422432
[1] 71
[1] -0.2
[1] -0.1767048
[1] "AdaLSE"
[1] -0.5820235
[1] 0.1632098
[1] "AdaLSE CI"
[1] 0.915493
[1] 0.915493
[1]  6 65
[1]  6 65
[1] "Fitting mean A"
[1] "Fitting variance A"
[1] "DR"
[1] -0.6023206
[1] 0.1695406
[1] "DR CI"
[1] 0.8732394
[1] 0.8873239
[1]  9 62
[1]  8 63
[1] "se comparison"
[1] 0.1785734
[1] 0.3447322
[1] 72
[1] -0.2
[1] -0.1767048
[1] "AdaLSE"
[1] -0.3376898
[1] 0.1575775
[1] "AdaLSE CI"
[1] 0.9166667
[1] 0.9166667
[1]  6 66
[1]  6 66
[1] "Fitting mean A"
[1] "Fitting variance A"
[1] "DR"
[1] -0.2856307
[1] 0.1526483
[1] "DR CI"
[1] 0.875
[1] 0.8888889
[1]  9 63
[1]  8 64
[1] "se comparison"
[1] 0.1793023
[1] 0.3428579
[1] 73
[1] -0.2
[1] -0.1767048
[1] "AdaLSE"
[1] 0.1458398
[1] 0.1778942
[1] "AdaLSE CI"
[1] 0.9178082
[1] 0.9178082
[1]  6 67
[1]  6 67
[1] "Fitting mean A"
[1] "Fitting variance A"
[1] "DR"
[1] 0.09726968
[1] 0.1644719
[1] "DR CI"
[1] 0.8767123
[1] 0.890411
[1]  9 64
[1]  8 65
[1] "se comparison"
[1] 0.1806458
[1] 0.3414295
[1] 74
[1] -0.2
[1] -0.1767048
[1] "AdaLSE"
[1] 0.1036138
[1] 0.1632716
[1] "AdaLSE CI"
[1] 0.9189189
[1] 0.9189189
[1]  6 68
[1]  6 68
[1] "Fitting mean A"
[1] "Fitting variance A"
[1] "DR"
[1] 0.2885421
[1] 0.1898633
[1] "DR CI"
[1] 0.8648649
[1] 0.8783784
[1] 10 64
[1]  9 65
[1] "se comparison"
[1] 0.1811333
[1] 0.3423674
[1] 75
[1] -0.2
[1] -0.1767048
[1] "AdaLSE"
[1] -0.04555339
[1] 0.1631719
[1] "AdaLSE CI"
[1] 0.92
[1] 0.92
[1]  6 69
[1]  6 69
[1] "Fitting mean A"
[1] "Fitting variance A"
[1] "DR"
[1] -0.06705588
[1] 0.1541072
[1] "DR CI"
[1] 0.8666667
[1] 0.88
[1] 10 65
[1]  9 66
[1] "se comparison"
[1] 0.1800509
[1] 0.3400875
[1] 76
[1] -0.2
[1] -0.1767048
[1] "AdaLSE"
[1] -0.1624762
[1] 0.1816971
[1] "AdaLSE CI"
[1] 0.9210526
[1] 0.9210526
[1]  6 70
[1]  6 70
[1] "Fitting mean A"
[1] "Fitting variance A"
[1] "DR"
[1] 0.08861233
[1] 0.2931717
[1] "DR CI"
[1] 0.8684211
[1] 0.8815789
[1] 10 66
[1]  9 67
[1] "se comparison"
[1] 0.178958
[1] 0.3385981
[1] 77
[1] -0.2
[1] -0.1767048
[1] "AdaLSE"
[1] 0.06715342
[1] 0.1819217
[1] "AdaLSE CI"
[1] 0.9220779
[1] 0.9220779
[1]  6 71
[1]  6 71
[1] "Fitting mean A"
[1] "Fitting variance A"
[1] "DR"
[1] 0.1461505
[1] 0.1822854
[1] "DR CI"
[1] 0.8701299
[1] 0.8831169
[1] 10 67
[1]  9 68
[1] "se comparison"
[1] 0.1788957
[1] 0.3376242
[1] 78
[1] -0.2
[1] -0.1767048
[1] "AdaLSE"
[1] -0.2350658
[1] 0.1682188
[1] "AdaLSE CI"
[1] 0.9230769
[1] 0.9230769
[1]  6 72
[1]  6 72
[1] "Fitting mean A"
[1] "Fitting variance A"
[1] "DR"
[1] -0.01096204
[1] 0.3077845
[1] "DR CI"
[1] 0.8717949
[1] 0.8846154
[1] 10 68
[1]  9 69
[1] "se comparison"
[1] 0.1783312
[1] 0.3355986
[1] 79
[1] -0.2
[1] -0.1767048
[1] "AdaLSE"
[1] 0.01243109
[1] 0.1626903
[1] "AdaLSE CI"
[1] 0.9240506
[1] 0.9240506
[1]  6 73
[1]  6 73
[1] "Fitting mean A"
[1] "Fitting variance A"
[1] "DR"
[1] -0.1033651
[1] 0.1988369
[1] "DR CI"
[1] 0.8734177
[1] 0.8860759
[1] 10 69
[1]  9 70
[1] "se comparison"
[1] 0.1776977
[1] 0.3334404
[1] 80
[1] -0.2
[1] -0.1767048
[1] "AdaLSE"
[1] -0.02301241
[1] 0.1566844
[1] "AdaLSE CI"
[1] 0.925
[1] 0.925
[1]  6 74
[1]  6 74
[1] "Fitting mean A"
[1] "Fitting variance A"
[1] "DR"
[1] 1.229179
[1] 1.174531
[1] "DR CI"
[1] 0.875
[1] 0.8875
[1] 10 70
[1]  9 71
[1] "se comparison"
[1] 0.1768131
[1] 0.3633585
[1] 81
[1] -0.2
[1] -0.1767048
[1] "AdaLSE"
[1] -0.1238465
[1] 0.1467375
[1] "AdaLSE CI"
[1] 0.9259259
[1] 0.9259259
[1]  6 75
[1]  6 75
[1] "Fitting mean A"
[1] "Fitting variance A"
[1] "DR"
[1] -0.2671389
[1] 0.1644063
[1] "DR CI"
[1] 0.8765432
[1] 0.8888889
[1] 10 71
[1]  9 72
[1] "se comparison"
[1] 0.1757171
[1] 0.3616259
[1] 82
[1] -0.2
[1] -0.1767048
[1] "AdaLSE"
[1] 0.06860452
[1] 0.1900027
[1] "AdaLSE CI"
[1] 0.9268293
[1] 0.9268293
[1]  6 76
[1]  6 76
[1] "Fitting mean A"
[1] "Fitting variance A"
[1] "DR"
[1] 0.06961715
[1] 0.2168142
[1] "DR CI"
[1] 0.8780488
[1] 0.8902439
[1] 10 72
[1]  9 73
[1] "se comparison"
[1] 0.1756807
[1] 0.3598221
[1] 83
[1] -0.2
[1] -0.1767048
[1] "AdaLSE"
[1] -0.2028421
[1] 0.1586857
[1] "AdaLSE CI"
[1] 0.9277108
[1] 0.9277108
[1]  6 77
[1]  6 77
[1] "Fitting mean A"
[1] "Fitting variance A"
[1] "DR"
[1] -0.2130168
[1] 0.2400022
[1] "DR CI"
[1] 0.8795181
[1] 0.8915663
[1] 10 73
[1]  9 74
[1] "se comparison"
[1] 0.1749492
[1] 0.3578817
[1] 84
[1] -0.2
[1] -0.1767048
[1] "AdaLSE"
[1] -0.1599902
[1] 0.1602687
[1] "AdaLSE CI"
[1] 0.9285714
[1] 0.9285714
[1]  6 78
[1]  6 78
[1] "Fitting mean A"
[1] "Fitting variance A"
[1] "DR"
[1] -0.07552719
[1] 0.2319489
[1] "DR CI"
[1] 0.8809524
[1] 0.8928571
[1] 10 74
[1]  9 75
[1] "se comparison"
[1] 0.1739983
[1] 0.3557228
[1] 85
[1] -0.2
[1] -0.1767048
[1] "AdaLSE"
[1] -0.1008259
[1] 0.1577851
[1] "AdaLSE CI"
[1] 0.9294118
[1] 0.9294118
[1]  6 79
[1]  6 79
[1] "Fitting mean A"
[1] "Fitting variance A"
[1] "DR"
[1] -0.2823489
[1] 0.1689681
[1] "DR CI"
[1] 0.8823529
[1] 0.8941176
[1] 10 75
[1]  9 76
[1] "se comparison"
[1] 0.17296
[1] 0.354214
[1] 86
[1] -0.2
[1] -0.1767048
[1] "AdaLSE"
[1] -0.3973551
[1] 0.170225
[1] "AdaLSE CI"
[1] 0.9302326
[1] 0.9302326
[1]  6 80
[1]  6 80
[1] "Fitting mean A"
[1] "Fitting variance A"
[1] "DR"
[1] -0.3909561
[1] 0.1877447
[1] "DR CI"
[1] 0.8837209
[1] 0.8953488
[1] 10 76
[1]  9 77
[1] "se comparison"
[1] 0.1748077
[1] 0.3535941
[1] 87
[1] -0.2
[1] -0.1767048
[1] "AdaLSE"
[1] 0.06824743
[1] 0.1708181
[1] "AdaLSE CI"
[1] 0.9310345
[1] 0.9310345
[1]  6 81
[1]  6 81
[1] "Fitting mean A"
[1] "Fitting variance A"
[1] "DR"
[1] -0.6138247
[1] 0.8614795
[1] "DR CI"
[1] 0.8850575
[1] 0.8965517
[1] 10 77
[1]  9 78
[1] "se comparison"
[1] 0.1748162
[1] 0.3558934
[1] 88
[1] -0.2
[1] -0.1767048
[1] "AdaLSE"
[1] 0.04993072
[1] 0.1695643
[1] "AdaLSE CI"
[1] 0.9318182
[1] 0.9318182
[1]  6 82
[1]  6 82
[1] "Fitting mean A"
[1] "Fitting variance A"
[1] "DR"
[1] 0.2087396
[1] 0.5919876
[1] "DR CI"
[1] 0.8863636
[1] 0.8977273
[1] 10 78
[1]  9 79
[1] "se comparison"
[1] 0.1746044
[1] 0.3553862
[1] 89
[1] -0.2
[1] -0.1767048
[1] "AdaLSE"
[1] 0.157103
[1] 0.2191729
[1] "AdaLSE CI"
[1] 0.9325843
[1] 0.9325843
[1]  6 83
[1]  6 83
[1] "Fitting mean A"
[1] "Fitting variance A"
[1] "DR"
[1] 0.05980518
[1] 0.430386
[1] "DR CI"
[1] 0.8876404
[1] 0.8988764
[1] 10 79
[1]  9 80
[1] "se comparison"
[1] 0.1758102
[1] 0.3537578
[1] 90
[1] -0.2
[1] -0.1767048
[1] "AdaLSE"
[1] 0.01025971
[1] 0.1551153
[1] "AdaLSE CI"
[1] 0.9333333
[1] 0.9333333
[1]  6 84
[1]  6 84
[1] "Fitting mean A"
[1] "Fitting variance A"
[1] "DR"
[1] 0.06071439
[1] 0.1712677
[1] "DR CI"
[1] 0.8888889
[1] 0.9
[1] 10 80
[1]  9 81
[1] "se comparison"
[1] 0.1752166
[1] 0.3521544
[1] 91
[1] -0.2
[1] -0.1767048
[1] "AdaLSE"
[1] 0.1486887
[1] 0.1697845
[1] "AdaLSE CI"
[1] 0.9230769
[1] 0.9340659
[1]  7 84
[1]  6 85
[1] "Fitting mean A"
[1] "Fitting variance A"
[1] "DR"
[1] 0.1078209
[1] 0.5289945
[1] "DR CI"
[1] 0.8901099
[1] 0.9010989
[1] 10 81
[1]  9 82
[1] "se comparison"
[1] 0.1761848
[1] 0.3508352
[1] 92
[1] -0.2
[1] -0.1767048
[1] "AdaLSE"
[1] -0.2775465
[1] 0.1744457
[1] "AdaLSE CI"
[1] 0.923913
[1] 0.9347826
[1]  7 85
[1]  6 86
[1] "Fitting mean A"
[1] "Fitting variance A"
[1] "DR"
[1] -0.7922684
[1] 0.670596
[1] "DR CI"
[1] 0.8913043
[1] 0.9021739
[1] 10 82
[1]  9 83
[1] "se comparison"
[1] 0.1762158
[1] 0.3564497
[1] 93
[1] -0.2
[1] -0.1767048
[1] "AdaLSE"
[1] -0.3211659
[1] 0.2166171
[1] "AdaLSE CI"
[1] 0.9247312
[1] 0.9354839
[1]  7 86
[1]  6 87
[1] "Fitting mean A"
[1] "Fitting variance A"
[1] "DR"
[1] -0.9482549
[1] 0.8886648
[1] "DR CI"
[1] 0.8924731
[1] 0.9032258
[1] 10 83
[1]  9 84
[1] "se comparison"
[1] 0.1767559
[1] 0.3652556
[1] 94
[1] -0.2
[1] -0.1767048
[1] "AdaLSE"
[1] 0.04047505
[1] 0.1699743
[1] "AdaLSE CI"
[1] 0.9255319
[1] 0.9361702
[1]  7 87
[1]  6 88
[1] "Fitting mean A"
[1] "Fitting variance A"
[1] "DR"
[1] 0.1234703
[1] 0.1542525
[1] "DR CI"
[1] 0.8829787
[1] 0.9042553
[1] 11 83
[1]  9 85
[1] "se comparison"
[1] 0.1764155
[1] 0.364078
[1] 95
[1] -0.2
[1] -0.1767048
[1] "AdaLSE"
[1] -0.1559724
[1] 0.1609449
[1] "AdaLSE CI"
[1] 0.9263158
[1] 0.9368421
[1]  7 88
[1]  6 89
[1] "Fitting mean A"
[1] "Fitting variance A"
[1] "DR"
[1] -0.2546767
[1] 0.1790769
[1] "DR CI"
[1] 0.8842105
[1] 0.9052632
[1] 11 84
[1]  9 86
[1] "se comparison"
[1] 0.1755672
[1] 0.3624545
[1] 96
[1] -0.2
[1] -0.1767048
[1] "AdaLSE"
[1] 0.14701
[1] 0.166841
[1] "AdaLSE CI"
[1] 0.9166667
[1] 0.9375
[1]  8 88
[1]  6 90
[1] "Fitting mean A"
[1] "Fitting variance A"
[1] "DR"
[1] 0.653068
[1] 0.4542625
[1] "DR CI"
[1] 0.8854167
[1] 0.90625
[1] 11 85
[1]  9 87
[1] "se comparison"
[1] 0.1764654
[1] 0.3688194
[1] 97
[1] -0.2
[1] -0.1767048
[1] "AdaLSE"
[1] 0.1288615
[1] 0.1758237
[1] "AdaLSE CI"
[1] 0.9175258
[1] 0.9381443
[1]  8 89
[1]  6 91
[1] "Fitting mean A"
[1] "Fitting variance A"
[1] "DR"
[1] -0.09720941
[1] 0.2440802
[1] "DR CI"
[1] 0.8865979
[1] 0.9072165
[1] 11 86
[1]  9 88
[1] "se comparison"
[1] 0.1770541
[1] 0.3668935
[1] 98
[1] -0.2
[1] -0.1767048
[1] "AdaLSE"
[1] 0.2092017
[1] 0.1735254
[1] "AdaLSE CI"
[1] 0.9081633
[1] 0.9285714
[1]  9 89
[1]  7 91
[1] "Fitting mean A"
[1] "Fitting variance A"
[1] "DR"
[1] 0.06432571
[1] 0.2739232
[1] "DR CI"
[1] 0.8877551
[1] 0.9081633
[1] 11 87
[1]  9 89
[1] "se comparison"
[1] 0.178818
[1] 0.365376
[1] 99
[1] -0.2
[1] -0.1767048
[1] "AdaLSE"
[1] 0.05161757
[1] 0.1578479
[1] "AdaLSE CI"
[1] 0.9090909
[1] 0.9292929
[1]  9 90
[1]  7 92
[1] "Fitting mean A"
[1] "Fitting variance A"
[1] "DR"
[1] 0.6851195
[1] 0.3632473
[1] "DR CI"
[1] 0.8787879
[1] 0.8989899
[1] 12 87
[1] 10 89
[1] "se comparison"
[1] 0.1784957
[1] 0.3719429
[1] 100
[1] -0.2
[1] -0.1767048
[1] "AdaLSE"
[1] -0.2609878
[1] 0.1782356
[1] "AdaLSE CI"
[1] 0.91
[1] 0.93
[1]  9 91
[1]  7 93
[1] "Fitting mean A"
[1] "Fitting variance A"
[1] "DR"
[1] -0.1900395
[1] 0.1936506
[1] "DR CI"
[1] 0.88
[1] 0.9
[1] 12 88
[1] 10 90
[1] "se comparison"
[1] 0.1783989
[1] 0.370193
