LOADING R
R LOADED
[1] "/home/lvanderl/Rlibs2"                         
[2] "/app/software/R/4.3.1-gfbf-2022b/lib/R/library"
[1] "/home/lvanderl/sieveSims"
[1] "iter: 1"
[1] "mu"
[1] "done_mu"
[1] "pi"
[1] "done_pi"
[1] "mu"
[1] "done_mu"
[1] "pi"
[1] "done_pi"
[1] 1.481217
[1] "iter: 2"
[1] "mu"
[1] "done_mu"
[1] "pi"
[1] "done_pi"
[1] "mu"
[1] "done_mu"
[1] "pi"
[1] "done_pi"
[1] 1.363989
[1] "iter: 3"
[1] "mu"
[1] "done_mu"
[1] "pi"
[1] "done_pi"
[1] "mu"
[1] "done_mu"
[1] "pi"
[1] "done_pi"
[1] 1.435994
[1] "iter: 4"
[1] "mu"
[1] "done_mu"
[1] "pi"
[1] "done_pi"
[1] "mu"
[1] "done_mu"
[1] "pi"
[1] "done_pi"
[1] 1.472915
[1] "iter: 5"
[1] "mu"
[1] "done_mu"
[1] "pi"
[1] "done_pi"
[1] "mu"
[1] "done_mu"
[1] "pi"
[1] "done_pi"
[1] 1.475045
[1] "iter: 6"
[1] "mu"
[1] "done_mu"
[1] "pi"
[1] "done_pi"
[1] "mu"
[1] "done_mu"
[1] "pi"
[1] "done_pi"
[1] 1.471171
[1] "iter: 7"
[1] "mu"
[1] "done_mu"
[1] "pi"
[1] "done_pi"
[1] "mu"
[1] "done_mu"
[1] "pi"
[1] "done_pi"
[1] 1.454177
[1] "iter: 8"
[1] "mu"
[1] "done_mu"
[1] "pi"
[1] "done_pi"
[1] "mu"
[1] "done_mu"
[1] "pi"
[1] "done_pi"
[1] 1.48949
[1] "iter: 9"
[1] "mu"
[1] "done_mu"
[1] "pi"
[1] "done_pi"
[1] "mu"
[1] "done_mu"
[1] "pi"
[1] "done_pi"
[1] 1.427978
[1] "iter: 10"
[1] "mu"
[1] "done_mu"
[1] "pi"
[1] "done_pi"
[1] "mu"
[1] "done_mu"
[1] "pi"
[1] "done_pi"
[1] 1.542587
[1] "iter: 11"
[1] "mu"
[1] "done_mu"
[1] "pi"
[1] "done_pi"
[1] "mu"
[1] "done_mu"
[1] "pi"
[1] "done_pi"
[1] 1.458364
[1] "iter: 12"
[1] "mu"
[1] "done_mu"
[1] "pi"
[1] "done_pi"
[1] "mu"
[1] "done_mu"
[1] "pi"
[1] "done_pi"
[1] 1.413519
[1] "iter: 13"
[1] "mu"
[1] "done_mu"
[1] "pi"
[1] "done_pi"
[1] "mu"
[1] "done_mu"
[1] "pi"
[1] "done_pi"
[1] 1.469093
[1] "iter: 14"
[1] "mu"
[1] "done_mu"
[1] "pi"
[1] "done_pi"
[1] "mu"
[1] "done_mu"
[1] "pi"
[1] "done_pi"
[1] 1.476627
[1] "iter: 15"
[1] "mu"
[1] "done_mu"
[1] "pi"
[1] "done_pi"
[1] "mu"
[1] "done_mu"
[1] "pi"
[1] "done_pi"
[1] 1.372989
[1] "iter: 16"
[1] "mu"
[1] "done_mu"
[1] "pi"
[1] "done_pi"
[1] "mu"
[1] "done_mu"
[1] "pi"
[1] "done_pi"
[1] 1.452343
[1] "iter: 17"
[1] "mu"
[1] "done_mu"
[1] "pi"
[1] "done_pi"
[1] "mu"
[1] "done_mu"
[1] "pi"
[1] "done_pi"
[1] 1.50105
[1] "iter: 18"
[1] "mu"
[1] "done_mu"
[1] "pi"
[1] "done_pi"
[1] "mu"
[1] "done_mu"
[1] "pi"
[1] "done_pi"
[1] 1.468048
[1] "iter: 19"
[1] "mu"
[1] "done_mu"
[1] "pi"
[1] "done_pi"
[1] "mu"
[1] "done_mu"
[1] "pi"
[1] "done_pi"
[1] 1.418318
[1] "iter: 20"
[1] "mu"
[1] "done_mu"
[1] "pi"
[1] "done_pi"
[1] "mu"
[1] "done_mu"
[1] "pi"
[1] "done_pi"
[1] 1.475783
[1] "iter: 21"
[1] "mu"
[1] "done_mu"
[1] "pi"
[1] "done_pi"
[1] "mu"
[1] "done_mu"
[1] "pi"
[1] "done_pi"
[1] 1.459197
[1] "iter: 22"
[1] "mu"
[1] "done_mu"
[1] "pi"
[1] "done_pi"
[1] "mu"
[1] "done_mu"
[1] "pi"
[1] "done_pi"
[1] 1.43781
[1] "iter: 23"
[1] "mu"
[1] "done_mu"
[1] "pi"
[1] "done_pi"
[1] "mu"
[1] "done_mu"
[1] "pi"
[1] "done_pi"
[1] 1.4138
[1] "iter: 24"
[1] "mu"
[1] "done_mu"
[1] "pi"
[1] "done_pi"
[1] "mu"
[1] "done_mu"
[1] "pi"
[1] "done_pi"
[1] 1.500264
[1] "iter: 25"
[1] "mu"
[1] "done_mu"
[1] "pi"
[1] "done_pi"
[1] "mu"
[1] "done_mu"
[1] "pi"
[1] "done_pi"
[1] 1.479473
[1] "iter: 26"
[1] "mu"
[1] "done_mu"
[1] "pi"
[1] "done_pi"
[1] "mu"
[1] "done_mu"
[1] "pi"
[1] "done_pi"
[1] 1.45957
[1] "iter: 27"
[1] "mu"
[1] "done_mu"
[1] "pi"
[1] "done_pi"
[1] "mu"
[1] "done_mu"
[1] "pi"
[1] "done_pi"
[1] 1.479167
[1] "iter: 28"
[1] "mu"
[1] "done_mu"
[1] "pi"
[1] "done_pi"
[1] "mu"
[1] "done_mu"
[1] "pi"
[1] "done_pi"
[1] 1.552802
[1] "iter: 29"
[1] "mu"
[1] "done_mu"
[1] "pi"
[1] "done_pi"
[1] "mu"
[1] "done_mu"
[1] "pi"
[1] "done_pi"
[1] 1.484553
[1] "iter: 30"
[1] "mu"
[1] "done_mu"
[1] "pi"
[1] "done_pi"
[1] "mu"
[1] "done_mu"
[1] "pi"
[1] "done_pi"
[1] 1.523968
[1] "iter: 31"
[1] "mu"
[1] "done_mu"
[1] "pi"
[1] "done_pi"
[1] "mu"
[1] "done_mu"
[1] "pi"
[1] "done_pi"
[1] 1.408243
[1] "iter: 32"
[1] "mu"
[1] "done_mu"
[1] "pi"
[1] "done_pi"
[1] "mu"
[1] "done_mu"
[1] "pi"
[1] "done_pi"
[1] 1.4734
[1] "iter: 33"
[1] "mu"
[1] "done_mu"
[1] "pi"
[1] "done_pi"
[1] "mu"
[1] "done_mu"
[1] "pi"
[1] "done_pi"
[1] 1.505768
[1] "iter: 34"
[1] "mu"
[1] "done_mu"
[1] "pi"
[1] "done_pi"
[1] "mu"
[1] "done_mu"
[1] "pi"
[1] "done_pi"
[1] 1.48459
[1] "iter: 35"
[1] "mu"
[1] "done_mu"
[1] "pi"
[1] "done_pi"
[1] "mu"
[1] "done_mu"
[1] "pi"
[1] "done_pi"
[1] 1.422924
[1] "iter: 36"
[1] "mu"
[1] "done_mu"
[1] "pi"
[1] "done_pi"
[1] "mu"
[1] "done_mu"
[1] "pi"
[1] "done_pi"
[1] 1.425934
[1] "iter: 37"
[1] "mu"
[1] "done_mu"
[1] "pi"
[1] "done_pi"
[1] "mu"
[1] "done_mu"
[1] "pi"
[1] "done_pi"
[1] 1.402075
[1] "iter: 38"
[1] "mu"
[1] "done_mu"
[1] "pi"
[1] "done_pi"
[1] "mu"
[1] "done_mu"
[1] "pi"
[1] "done_pi"
[1] 1.566391
[1] "iter: 39"
[1] "mu"
[1] "done_mu"
[1] "pi"
[1] "done_pi"
[1] "mu"
[1] "done_mu"
[1] "pi"
[1] "done_pi"
[1] 1.406714
[1] "iter: 40"
[1] "mu"
[1] "done_mu"
[1] "pi"
[1] "done_pi"
[1] "mu"
[1] "done_mu"
[1] "pi"
[1] "done_pi"
[1] 1.523751
[1] "iter: 41"
[1] "mu"
[1] "done_mu"
[1] "pi"
[1] "done_pi"
[1] "mu"
[1] "done_mu"
[1] "pi"
[1] "done_pi"
[1] 1.485671
[1] "iter: 42"
[1] "mu"
[1] "done_mu"
[1] "pi"
[1] "done_pi"
[1] "mu"
[1] "done_mu"
[1] "pi"
[1] "done_pi"
[1] 1.391848
[1] "iter: 43"
[1] "mu"
[1] "done_mu"
[1] "pi"
[1] "done_pi"
[1] "mu"
[1] "done_mu"
[1] "pi"
[1] "done_pi"
[1] 1.462107
[1] "iter: 44"
[1] "mu"
[1] "done_mu"
[1] "pi"
[1] "done_pi"
[1] "mu"
[1] "done_mu"
[1] "pi"
[1] "done_pi"
[1] 1.495549
[1] "iter: 45"
[1] "mu"
[1] "done_mu"
[1] "pi"
[1] "done_pi"
[1] "mu"
[1] "done_mu"
[1] "pi"
[1] "done_pi"
[1] 1.51538
[1] "iter: 46"
[1] "mu"
[1] "done_mu"
[1] "pi"
[1] "done_pi"
[1] "mu"
[1] "done_mu"
[1] "pi"
[1] "done_pi"
[1] 1.489284
[1] "iter: 47"
[1] "mu"
[1] "done_mu"
[1] "pi"
[1] "done_pi"
[1] "mu"
[1] "done_mu"
[1] "pi"
[1] "done_pi"
[1] 1.418202
[1] "iter: 48"
[1] "mu"
[1] "done_mu"
[1] "pi"
[1] "done_pi"
[1] "mu"
[1] "done_mu"
[1] "pi"
[1] "done_pi"
[1] 1.462647
[1] "iter: 49"
[1] "mu"
[1] "done_mu"
[1] "pi"
[1] "done_pi"
[1] "mu"
[1] "done_mu"
[1] "pi"
[1] "done_pi"
[1] 1.424197
[1] "iter: 50"
[1] "mu"
[1] "done_mu"
[1] "pi"
[1] "done_pi"
[1] "mu"
[1] "done_mu"
[1] "pi"
[1] "done_pi"
[1] 1.500192
[1] "iter: 51"
[1] "mu"
[1] "done_mu"
[1] "pi"
[1] "done_pi"
[1] "mu"
[1] "done_mu"
[1] "pi"
[1] "done_pi"
[1] 1.477208
[1] "iter: 52"
[1] "mu"
[1] "done_mu"
[1] "pi"
[1] "done_pi"
[1] "mu"
[1] "done_mu"
[1] "pi"
[1] "done_pi"
[1] 1.467637
[1] "iter: 53"
[1] "mu"
[1] "done_mu"
[1] "pi"
[1] "done_pi"
[1] "mu"
[1] "done_mu"
[1] "pi"
[1] "done_pi"
[1] 1.469042
[1] "iter: 54"
[1] "mu"
[1] "done_mu"
[1] "pi"
[1] "done_pi"
[1] "mu"
[1] "done_mu"
[1] "pi"
[1] "done_pi"
[1] 1.479114
[1] "iter: 55"
[1] "mu"
[1] "done_mu"
[1] "pi"
[1] "done_pi"
[1] "mu"
[1] "done_mu"
[1] "pi"
[1] "done_pi"
[1] 1.468795
[1] "iter: 56"
[1] "mu"
[1] "done_mu"
[1] "pi"
[1] "done_pi"
[1] "mu"
[1] "done_mu"
[1] "pi"
[1] "done_pi"
[1] 1.463251
[1] "iter: 57"
[1] "mu"
[1] "done_mu"
[1] "pi"
[1] "done_pi"
[1] "mu"
[1] "done_mu"
[1] "pi"
[1] "done_pi"
[1] 1.515843
[1] "iter: 58"
[1] "mu"
[1] "done_mu"
[1] "pi"
[1] "done_pi"
[1] "mu"
[1] "done_mu"
[1] "pi"
[1] "done_pi"
[1] 1.449587
[1] "iter: 59"
[1] "mu"
[1] "done_mu"
[1] "pi"
[1] "done_pi"
[1] "mu"
[1] "done_mu"
[1] "pi"
[1] "done_pi"
[1] 1.469455
[1] "iter: 60"
[1] "mu"
[1] "done_mu"
[1] "pi"
[1] "done_pi"
[1] "mu"
[1] "done_mu"
[1] "pi"
[1] "done_pi"
[1] 1.494494
[1] "iter: 61"
[1] "mu"
[1] "done_mu"
[1] "pi"
[1] "done_pi"
[1] "mu"
[1] "done_mu"
[1] "pi"
[1] "done_pi"
[1] 1.447102
[1] "iter: 62"
[1] "mu"
[1] "done_mu"
[1] "pi"
[1] "done_pi"
[1] "mu"
[1] "done_mu"
[1] "pi"
[1] "done_pi"
[1] 1.473879
[1] "iter: 63"
[1] "mu"
[1] "done_mu"
[1] "pi"
[1] "done_pi"
[1] "mu"
[1] "done_mu"
[1] "pi"
[1] "done_pi"
[1] 1.417738
[1] "iter: 64"
[1] "mu"
[1] "done_mu"
[1] "pi"
[1] "done_pi"
[1] "mu"
[1] "done_mu"
[1] "pi"
[1] "done_pi"
[1] 1.452425
[1] "iter: 65"
[1] "mu"
[1] "done_mu"
[1] "pi"
[1] "done_pi"
[1] "mu"
[1] "done_mu"
[1] "pi"
[1] "done_pi"
[1] 1.472432
[1] "iter: 66"
[1] "mu"
[1] "done_mu"
[1] "pi"
[1] "done_pi"
[1] "mu"
[1] "done_mu"
[1] "pi"
[1] "done_pi"
[1] 1.439104
[1] "iter: 67"
[1] "mu"
[1] "done_mu"
[1] "pi"
[1] "done_pi"
[1] "mu"
[1] "done_mu"
[1] "pi"
[1] "done_pi"
[1] 1.41235
[1] "iter: 68"
[1] "mu"
[1] "done_mu"
[1] "pi"
[1] "done_pi"
[1] "mu"
[1] "done_mu"
[1] "pi"
[1] "done_pi"
[1] 1.499495
[1] "iter: 69"
[1] "mu"
[1] "done_mu"
[1] "pi"
[1] "done_pi"
[1] "mu"
[1] "done_mu"
[1] "pi"
[1] "done_pi"
[1] 1.453546
[1] "iter: 70"
[1] "mu"
[1] "done_mu"
[1] "pi"
[1] "done_pi"
[1] "mu"
[1] "done_mu"
[1] "pi"
[1] "done_pi"
[1] 1.482085
[1] "iter: 71"
[1] "mu"
[1] "done_mu"
[1] "pi"
[1] "done_pi"
[1] "mu"
[1] "done_mu"
[1] "pi"
[1] "done_pi"
[1] 1.437974
[1] "iter: 72"
[1] "mu"
[1] "done_mu"
[1] "pi"
[1] "done_pi"
[1] "mu"
[1] "done_mu"
[1] "pi"
[1] "done_pi"
[1] 1.429576
[1] "iter: 73"
[1] "mu"
[1] "done_mu"
[1] "pi"
[1] "done_pi"
[1] "mu"
[1] "done_mu"
[1] "pi"
[1] "done_pi"
[1] 1.541553
[1] "iter: 74"
[1] "mu"
[1] "done_mu"
[1] "pi"
[1] "done_pi"
[1] "mu"
[1] "done_mu"
[1] "pi"
[1] "done_pi"
[1] 1.510215
[1] "iter: 75"
[1] "mu"
[1] "done_mu"
[1] "pi"
[1] "done_pi"
[1] "mu"
[1] "done_mu"
[1] "pi"
[1] "done_pi"
[1] 1.474901
[1] "iter: 76"
[1] "mu"
[1] "done_mu"
[1] "pi"
[1] "done_pi"
[1] "mu"
[1] "done_mu"
[1] "pi"
[1] "done_pi"
[1] 1.40491
[1] "iter: 77"
[1] "mu"
[1] "done_mu"
[1] "pi"
[1] "done_pi"
[1] "mu"
[1] "done_mu"
[1] "pi"
[1] "done_pi"
[1] 1.380608
[1] "iter: 78"
[1] "mu"
[1] "done_mu"
[1] "pi"
[1] "done_pi"
[1] "mu"
[1] "done_mu"
[1] "pi"
[1] "done_pi"
[1] 1.475014
[1] "iter: 79"
[1] "mu"
[1] "done_mu"
[1] "pi"
[1] "done_pi"
[1] "mu"
[1] "done_mu"
[1] "pi"
[1] "done_pi"
[1] 1.503491
[1] "iter: 80"
[1] "mu"
[1] "done_mu"
[1] "pi"
[1] "done_pi"
[1] "mu"
[1] "done_mu"
[1] "pi"
[1] "done_pi"
[1] 1.388975
[1] "iter: 81"
[1] "mu"
[1] "done_mu"
[1] "pi"
[1] "done_pi"
[1] "mu"
[1] "done_mu"
[1] "pi"
[1] "done_pi"
[1] 1.487084
[1] "iter: 82"
[1] "mu"
[1] "done_mu"
[1] "pi"
[1] "done_pi"
[1] "mu"
[1] "done_mu"
[1] "pi"
[1] "done_pi"
[1] 1.441166
[1] "iter: 83"
[1] "mu"
[1] "done_mu"
[1] "pi"
[1] "done_pi"
[1] "mu"
[1] "done_mu"
[1] "pi"
[1] "done_pi"
[1] 1.477132
[1] "iter: 84"
[1] "mu"
[1] "done_mu"
[1] "pi"
[1] "done_pi"
[1] "mu"
[1] "done_mu"
[1] "pi"
[1] "done_pi"
[1] 1.495727
[1] "iter: 85"
[1] "mu"
[1] "done_mu"
[1] "pi"
[1] "done_pi"
[1] "mu"
[1] "done_mu"
[1] "pi"
[1] "done_pi"
[1] 1.532989
[1] "iter: 86"
[1] "mu"
[1] "done_mu"
[1] "pi"
[1] "done_pi"
[1] "mu"
[1] "done_mu"
[1] "pi"
[1] "done_pi"
[1] 1.439006
[1] "iter: 87"
[1] "mu"
[1] "done_mu"
[1] "pi"
[1] "done_pi"
[1] "mu"
[1] "done_mu"
[1] "pi"
[1] "done_pi"
[1] 1.506546
[1] "iter: 88"
[1] "mu"
[1] "done_mu"
[1] "pi"
[1] "done_pi"
[1] "mu"
[1] "done_mu"
[1] "pi"
[1] "done_pi"
[1] 1.460207
[1] "iter: 89"
[1] "mu"
[1] "done_mu"
[1] "pi"
[1] "done_pi"
[1] "mu"
[1] "done_mu"
[1] "pi"
[1] "done_pi"
[1] 1.547062
[1] "iter: 90"
[1] "mu"
[1] "done_mu"
[1] "pi"
[1] "done_pi"
[1] "mu"
[1] "done_mu"
[1] "pi"
[1] "done_pi"
[1] 1.44215
[1] "iter: 91"
[1] "mu"
[1] "done_mu"
[1] "pi"
[1] "done_pi"
[1] "mu"
[1] "done_mu"
[1] "pi"
[1] "done_pi"
[1] 1.463821
[1] "iter: 92"
[1] "mu"
[1] "done_mu"
[1] "pi"
[1] "done_pi"
[1] "mu"
[1] "done_mu"
[1] "pi"
[1] "done_pi"
[1] 1.417462
[1] "iter: 93"
[1] "mu"
[1] "done_mu"
[1] "pi"
[1] "done_pi"
[1] "mu"
[1] "done_mu"
[1] "pi"
[1] "done_pi"
[1] 1.469765
[1] "iter: 94"
[1] "mu"
[1] "done_mu"
[1] "pi"
[1] "done_pi"
[1] "mu"
[1] "done_mu"
[1] "pi"
[1] "done_pi"
[1] 1.480335
[1] "iter: 95"
[1] "mu"
[1] "done_mu"
[1] "pi"
[1] "done_pi"
[1] "mu"
[1] "done_mu"
[1] "pi"
[1] "done_pi"
[1] 1.501259
[1] "iter: 96"
[1] "mu"
[1] "done_mu"
[1] "pi"
[1] "done_pi"
[1] "mu"
[1] "done_mu"
[1] "pi"
[1] "done_pi"
[1] 1.445147
[1] "iter: 97"
[1] "mu"
[1] "done_mu"
[1] "pi"
[1] "done_pi"
[1] "mu"
[1] "done_mu"
[1] "pi"
[1] "done_pi"
[1] 1.515771
[1] "iter: 98"
[1] "mu"
[1] "done_mu"
[1] "pi"
[1] "done_pi"
[1] "mu"
[1] "done_mu"
[1] "pi"
[1] "done_pi"
[1] 1.477676
[1] "iter: 99"
[1] "mu"
[1] "done_mu"
[1] "pi"
[1] "done_pi"
[1] "mu"
[1] "done_mu"
[1] "pi"
[1] "done_pi"
[1] 1.48337
[1] "iter: 100"
[1] "mu"
[1] "done_mu"
[1] "pi"
[1] "done_pi"
[1] "mu"
[1] "done_mu"
[1] "pi"
[1] "done_pi"
[1] 1.460931
[1] "iter: 101"
[1] "mu"
[1] "done_mu"
[1] "pi"
[1] "done_pi"
[1] "mu"
[1] "done_mu"
[1] "pi"
[1] "done_pi"
[1] 1.424023
[1] "iter: 102"
[1] "mu"
[1] "done_mu"
[1] "pi"
[1] "done_pi"
[1] "mu"
[1] "done_mu"
[1] "pi"
[1] "done_pi"
[1] 1.476297
[1] "iter: 103"
[1] "mu"
[1] "done_mu"
[1] "pi"
[1] "done_pi"
[1] "mu"
[1] "done_mu"
[1] "pi"
[1] "done_pi"
[1] 1.420885
[1] "iter: 104"
[1] "mu"
[1] "done_mu"
[1] "pi"
[1] "done_pi"
[1] "mu"
[1] "done_mu"
[1] "pi"
[1] "done_pi"
[1] 1.494981
[1] "iter: 105"
[1] "mu"
[1] "done_mu"
[1] "pi"
[1] "done_pi"
[1] "mu"
[1] "done_mu"
[1] "pi"
[1] "done_pi"
[1] 1.476715
[1] "iter: 106"
[1] "mu"
[1] "done_mu"
[1] "pi"
[1] "done_pi"
[1] "mu"
[1] "done_mu"
[1] "pi"
[1] "done_pi"
[1] 1.44698
[1] "iter: 107"
[1] "mu"
[1] "done_mu"
[1] "pi"
[1] "done_pi"
[1] "mu"
[1] "done_mu"
[1] "pi"
[1] "done_pi"
[1] 1.512408
[1] "iter: 108"
[1] "mu"
[1] "done_mu"
[1] "pi"
[1] "done_pi"
[1] "mu"
[1] "done_mu"
[1] "pi"
[1] "done_pi"
[1] 1.543364
[1] "iter: 109"
[1] "mu"
[1] "done_mu"
[1] "pi"
[1] "done_pi"
[1] "mu"
[1] "done_mu"
[1] "pi"
[1] "done_pi"
[1] 1.339618
[1] "iter: 110"
[1] "mu"
[1] "done_mu"
[1] "pi"
[1] "done_pi"
[1] "mu"
[1] "done_mu"
[1] "pi"
[1] "done_pi"
[1] 1.522079
[1] "iter: 111"
[1] "mu"
[1] "done_mu"
[1] "pi"
[1] "done_pi"
[1] "mu"
[1] "done_mu"
[1] "pi"
[1] "done_pi"
[1] 1.406774
[1] "iter: 112"
[1] "mu"
[1] "done_mu"
[1] "pi"
[1] "done_pi"
[1] "mu"
[1] "done_mu"
[1] "pi"
[1] "done_pi"
[1] 1.475391
[1] "iter: 113"
[1] "mu"
[1] "done_mu"
[1] "pi"
[1] "done_pi"
[1] "mu"
[1] "done_mu"
[1] "pi"
[1] "done_pi"
[1] 1.343326
[1] "iter: 114"
[1] "mu"
[1] "done_mu"
[1] "pi"
[1] "done_pi"
[1] "mu"
[1] "done_mu"
[1] "pi"
[1] "done_pi"
[1] 1.401556
[1] "iter: 115"
[1] "mu"
[1] "done_mu"
[1] "pi"
[1] "done_pi"
[1] "mu"
[1] "done_mu"
[1] "pi"
[1] "done_pi"
[1] 1.515885
[1] "iter: 116"
[1] "mu"
[1] "done_mu"
[1] "pi"
[1] "done_pi"
[1] "mu"
[1] "done_mu"
[1] "pi"
[1] "done_pi"
[1] 1.42484
[1] "iter: 117"
[1] "mu"
[1] "done_mu"
[1] "pi"
[1] "done_pi"
[1] "mu"
[1] "done_mu"
[1] "pi"
[1] "done_pi"
[1] 1.465975
[1] "iter: 118"
[1] "mu"
[1] "done_mu"
[1] "pi"
[1] "done_pi"
[1] "mu"
[1] "done_mu"
[1] "pi"
[1] "done_pi"
[1] 1.469834
[1] "iter: 119"
[1] "mu"
[1] "done_mu"
[1] "pi"
[1] "done_pi"
[1] "mu"
[1] "done_mu"
[1] "pi"
[1] "done_pi"
[1] 1.524706
[1] "iter: 120"
[1] "mu"
[1] "done_mu"
[1] "pi"
[1] "done_pi"
[1] "mu"
[1] "done_mu"
[1] "pi"
[1] "done_pi"
[1] 1.507355
[1] "iter: 121"
[1] "mu"
[1] "done_mu"
[1] "pi"
[1] "done_pi"
[1] "mu"
[1] "done_mu"
[1] "pi"
[1] "done_pi"
[1] 1.557058
[1] "iter: 122"
[1] "mu"
[1] "done_mu"
[1] "pi"
[1] "done_pi"
[1] "mu"
[1] "done_mu"
[1] "pi"
[1] "done_pi"
[1] 1.444192
[1] "iter: 123"
[1] "mu"
[1] "done_mu"
[1] "pi"
[1] "done_pi"
[1] "mu"
[1] "done_mu"
[1] "pi"
[1] "done_pi"
[1] 1.409415
[1] "iter: 124"
[1] "mu"
[1] "done_mu"
[1] "pi"
[1] "done_pi"
[1] "mu"
[1] "done_mu"
[1] "pi"
[1] "done_pi"
[1] 1.5382
[1] "iter: 125"
[1] "mu"
[1] "done_mu"
[1] "pi"
[1] "done_pi"
[1] "mu"
[1] "done_mu"
[1] "pi"
[1] "done_pi"
[1] 1.495049
[1] "iter: 126"
[1] "mu"
[1] "done_mu"
[1] "pi"
[1] "done_pi"
[1] "mu"
[1] "done_mu"
[1] "pi"
[1] "done_pi"
[1] 1.401299
[1] "iter: 127"
[1] "mu"
[1] "done_mu"
[1] "pi"
[1] "done_pi"
[1] "mu"
[1] "done_mu"
[1] "pi"
[1] "done_pi"
[1] 1.430412
[1] "iter: 128"
[1] "mu"
[1] "done_mu"
[1] "pi"
[1] "done_pi"
[1] "mu"
[1] "done_mu"
[1] "pi"
[1] "done_pi"
[1] 1.365895
[1] "iter: 129"
[1] "mu"
[1] "done_mu"
[1] "pi"
[1] "done_pi"
[1] "mu"
[1] "done_mu"
[1] "pi"
[1] "done_pi"
[1] 1.472694
[1] "iter: 130"
[1] "mu"
[1] "done_mu"
[1] "pi"
[1] "done_pi"
[1] "mu"
[1] "done_mu"
[1] "pi"
[1] "done_pi"
[1] 1.569817
[1] "iter: 131"
[1] "mu"
[1] "done_mu"
[1] "pi"
[1] "done_pi"
[1] "mu"
[1] "done_mu"
[1] "pi"
[1] "done_pi"
[1] 1.529406
[1] "iter: 132"
[1] "mu"
[1] "done_mu"
[1] "pi"
[1] "done_pi"
[1] "mu"
[1] "done_mu"
[1] "pi"
[1] "done_pi"
[1] 1.399542
[1] "iter: 133"
[1] "mu"
[1] "done_mu"
[1] "pi"
[1] "done_pi"
[1] "mu"
[1] "done_mu"
[1] "pi"
[1] "done_pi"
[1] 1.44497
[1] "iter: 134"
[1] "mu"
[1] "done_mu"
[1] "pi"
[1] "done_pi"
[1] "mu"
[1] "done_mu"
[1] "pi"
[1] "done_pi"
[1] 1.504633
[1] "iter: 135"
[1] "mu"
[1] "done_mu"
[1] "pi"
[1] "done_pi"
[1] "mu"
[1] "done_mu"
[1] "pi"
[1] "done_pi"
[1] 1.45861
[1] "iter: 136"
[1] "mu"
[1] "done_mu"
[1] "pi"
[1] "done_pi"
[1] "mu"
[1] "done_mu"
[1] "pi"
[1] "done_pi"
[1] 1.515929
[1] "iter: 137"
[1] "mu"
[1] "done_mu"
[1] "pi"
[1] "done_pi"
[1] "mu"
[1] "done_mu"
[1] "pi"
[1] "done_pi"
[1] 1.485757
[1] "iter: 138"
[1] "mu"
[1] "done_mu"
[1] "pi"
[1] "done_pi"
[1] "mu"
[1] "done_mu"
[1] "pi"
[1] "done_pi"
[1] 1.42835
[1] "iter: 139"
[1] "mu"
[1] "done_mu"
[1] "pi"
[1] "done_pi"
[1] "mu"
[1] "done_mu"
[1] "pi"
[1] "done_pi"
[1] 1.465557
[1] "iter: 140"
[1] "mu"
[1] "done_mu"
[1] "pi"
[1] "done_pi"
[1] "mu"
[1] "done_mu"
[1] "pi"
[1] "done_pi"
[1] 1.471401
[1] "iter: 141"
[1] "mu"
[1] "done_mu"
[1] "pi"
[1] "done_pi"
[1] "mu"
[1] "done_mu"
[1] "pi"
[1] "done_pi"
[1] 1.534272
[1] "iter: 142"
[1] "mu"
[1] "done_mu"
[1] "pi"
[1] "done_pi"
[1] "mu"
[1] "done_mu"
[1] "pi"
[1] "done_pi"
[1] 1.440152
[1] "iter: 143"
[1] "mu"
[1] "done_mu"
[1] "pi"
[1] "done_pi"
[1] "mu"
[1] "done_mu"
[1] "pi"
[1] "done_pi"
[1] 1.462352
[1] "iter: 144"
[1] "mu"
[1] "done_mu"
[1] "pi"
[1] "done_pi"
[1] "mu"
[1] "done_mu"
[1] "pi"
[1] "done_pi"
[1] 1.447765
[1] "iter: 145"
[1] "mu"
[1] "done_mu"
[1] "pi"
[1] "done_pi"
[1] "mu"
[1] "done_mu"
[1] "pi"
[1] "done_pi"
[1] 1.525914
[1] "iter: 146"
[1] "mu"
[1] "done_mu"
[1] "pi"
[1] "done_pi"
[1] "mu"
[1] "done_mu"
[1] "pi"
[1] "done_pi"
[1] 1.393433
[1] "iter: 147"
[1] "mu"
[1] "done_mu"
[1] "pi"
[1] "done_pi"
[1] "mu"
[1] "done_mu"
[1] "pi"
[1] "done_pi"
[1] 1.469909
[1] "iter: 148"
[1] "mu"
[1] "done_mu"
[1] "pi"
[1] "done_pi"
[1] "mu"
[1] "done_mu"
[1] "pi"
[1] "done_pi"
[1] 1.464681
[1] "iter: 149"
[1] "mu"
[1] "done_mu"
[1] "pi"
[1] "done_pi"
[1] "mu"
[1] "done_mu"
[1] "pi"
[1] "done_pi"
[1] 1.460555
[1] "iter: 150"
[1] "mu"
[1] "done_mu"
[1] "pi"
[1] "done_pi"
[1] "mu"
[1] "done_mu"
[1] "pi"
[1] "done_pi"
[1] 1.505176
[1] "iter: 151"
[1] "mu"
[1] "done_mu"
[1] "pi"
[1] "done_pi"
[1] "mu"
[1] "done_mu"
[1] "pi"
[1] "done_pi"
[1] 1.404955
[1] "iter: 152"
[1] "mu"
[1] "done_mu"
[1] "pi"
[1] "done_pi"
[1] "mu"
[1] "done_mu"
[1] "pi"
[1] "done_pi"
[1] 1.439204
[1] "iter: 153"
[1] "mu"
[1] "done_mu"
[1] "pi"
[1] "done_pi"
[1] "mu"
[1] "done_mu"
[1] "pi"
[1] "done_pi"
[1] 1.410525
[1] "iter: 154"
[1] "mu"
[1] "done_mu"
[1] "pi"
[1] "done_pi"
[1] "mu"
[1] "done_mu"
[1] "pi"
[1] "done_pi"
[1] 1.42954
[1] "iter: 155"
[1] "mu"
[1] "done_mu"
[1] "pi"
[1] "done_pi"
[1] "mu"
[1] "done_mu"
[1] "pi"
[1] "done_pi"
[1] 1.503208
[1] "iter: 156"
[1] "mu"
[1] "done_mu"
[1] "pi"
[1] "done_pi"
[1] "mu"
[1] "done_mu"
[1] "pi"
[1] "done_pi"
[1] 1.471863
[1] "iter: 157"
[1] "mu"
[1] "done_mu"
[1] "pi"
[1] "done_pi"
[1] "mu"
[1] "done_mu"
[1] "pi"
[1] "done_pi"
[1] 1.494049
[1] "iter: 158"
[1] "mu"
[1] "done_mu"
[1] "pi"
[1] "done_pi"
[1] "mu"
[1] "done_mu"
[1] "pi"
[1] "done_pi"
[1] 1.490331
[1] "iter: 159"
[1] "mu"
[1] "done_mu"
[1] "pi"
[1] "done_pi"
[1] "mu"
[1] "done_mu"
[1] "pi"
[1] "done_pi"
[1] 1.589943
[1] "iter: 160"
[1] "mu"
[1] "done_mu"
[1] "pi"
[1] "done_pi"
[1] "mu"
[1] "done_mu"
[1] "pi"
[1] "done_pi"
[1] 1.4792
[1] "iter: 161"
[1] "mu"
[1] "done_mu"
[1] "pi"
[1] "done_pi"
[1] "mu"
[1] "done_mu"
[1] "pi"
[1] "done_pi"
[1] 1.52458
[1] "iter: 162"
[1] "mu"
[1] "done_mu"
[1] "pi"
[1] "done_pi"
[1] "mu"
[1] "done_mu"
[1] "pi"
[1] "done_pi"
[1] 1.439351
[1] "iter: 163"
[1] "mu"
[1] "done_mu"
[1] "pi"
[1] "done_pi"
[1] "mu"
[1] "done_mu"
[1] "pi"
[1] "done_pi"
[1] 1.425963
[1] "iter: 164"
[1] "mu"
[1] "done_mu"
[1] "pi"
[1] "done_pi"
[1] "mu"
[1] "done_mu"
[1] "pi"
[1] "done_pi"
[1] 1.433276
[1] "iter: 165"
[1] "mu"
[1] "done_mu"
[1] "pi"
[1] "done_pi"
[1] "mu"
[1] "done_mu"
[1] "pi"
[1] "done_pi"
[1] 1.421218
[1] "iter: 166"
[1] "mu"
[1] "done_mu"
[1] "pi"
[1] "done_pi"
[1] "mu"
[1] "done_mu"
[1] "pi"
[1] "done_pi"
[1] 1.526167
[1] "iter: 167"
[1] "mu"
[1] "done_mu"
[1] "pi"
[1] "done_pi"
[1] "mu"
[1] "done_mu"
[1] "pi"
[1] "done_pi"
[1] 1.399893
[1] "iter: 168"
[1] "mu"
[1] "done_mu"
[1] "pi"
[1] "done_pi"
[1] "mu"
[1] "done_mu"
[1] "pi"
[1] "done_pi"
[1] 1.432535
[1] "iter: 169"
[1] "mu"
[1] "done_mu"
[1] "pi"
[1] "done_pi"
[1] "mu"
[1] "done_mu"
[1] "pi"
[1] "done_pi"
[1] 1.540773
[1] "iter: 170"
[1] "mu"
[1] "done_mu"
[1] "pi"
[1] "done_pi"
[1] "mu"
[1] "done_mu"
[1] "pi"
[1] "done_pi"
[1] 1.462615
[1] "iter: 171"
[1] "mu"
[1] "done_mu"
[1] "pi"
[1] "done_pi"
[1] "mu"
[1] "done_mu"
[1] "pi"
[1] "done_pi"
[1] 1.424587
[1] "iter: 172"
[1] "mu"
[1] "done_mu"
[1] "pi"
[1] "done_pi"
[1] "mu"
[1] "done_mu"
[1] "pi"
[1] "done_pi"
[1] 1.513692
[1] "iter: 173"
[1] "mu"
[1] "done_mu"
[1] "pi"
[1] "done_pi"
[1] "mu"
[1] "done_mu"
[1] "pi"
[1] "done_pi"
[1] 1.474494
[1] "iter: 174"
[1] "mu"
[1] "done_mu"
[1] "pi"
[1] "done_pi"
[1] "mu"
[1] "done_mu"
[1] "pi"
[1] "done_pi"
[1] 1.440104
[1] "iter: 175"
[1] "mu"
[1] "done_mu"
[1] "pi"
[1] "done_pi"
[1] "mu"
[1] "done_mu"
[1] "pi"
[1] "done_pi"
[1] 1.425495
[1] "iter: 176"
[1] "mu"
[1] "done_mu"
[1] "pi"
[1] "done_pi"
[1] "mu"
[1] "done_mu"
[1] "pi"
[1] "done_pi"
[1] 1.439365
[1] "iter: 177"
[1] "mu"
[1] "done_mu"
[1] "pi"
[1] "done_pi"
[1] "mu"
[1] "done_mu"
[1] "pi"
[1] "done_pi"
[1] 1.45461
[1] "iter: 178"
[1] "mu"
[1] "done_mu"
[1] "pi"
[1] "done_pi"
[1] "mu"
[1] "done_mu"
[1] "pi"
[1] "done_pi"
[1] 1.477442
[1] "iter: 179"
[1] "mu"
[1] "done_mu"
[1] "pi"
[1] "done_pi"
[1] "mu"
[1] "done_mu"
[1] "pi"
[1] "done_pi"
[1] 1.488635
[1] "iter: 180"
[1] "mu"
[1] "done_mu"
[1] "pi"
[1] "done_pi"
[1] "mu"
[1] "done_mu"
[1] "pi"
[1] "done_pi"
[1] 1.510912
[1] "iter: 181"
[1] "mu"
[1] "done_mu"
[1] "pi"
[1] "done_pi"
[1] "mu"
[1] "done_mu"
[1] "pi"
[1] "done_pi"
[1] 1.513911
[1] "iter: 182"
[1] "mu"
[1] "done_mu"
[1] "pi"
[1] "done_pi"
[1] "mu"
[1] "done_mu"
[1] "pi"
[1] "done_pi"
[1] 1.510777
[1] "iter: 183"
[1] "mu"
[1] "done_mu"
[1] "pi"
[1] "done_pi"
[1] "mu"
[1] "done_mu"
[1] "pi"
[1] "done_pi"
[1] 1.484743
[1] "iter: 184"
[1] "mu"
[1] "done_mu"
[1] "pi"
[1] "done_pi"
[1] "mu"
[1] "done_mu"
[1] "pi"
[1] "done_pi"
[1] 1.409477
[1] "iter: 185"
[1] "mu"
[1] "done_mu"
[1] "pi"
[1] "done_pi"
[1] "mu"
[1] "done_mu"
[1] "pi"
[1] "done_pi"
[1] 1.525604
[1] "iter: 186"
[1] "mu"
[1] "done_mu"
[1] "pi"
[1] "done_pi"
[1] "mu"
[1] "done_mu"
[1] "pi"
[1] "done_pi"
[1] 1.499579
[1] "iter: 187"
[1] "mu"
[1] "done_mu"
[1] "pi"
[1] "done_pi"
[1] "mu"
[1] "done_mu"
[1] "pi"
[1] "done_pi"
[1] 1.513995
[1] "iter: 188"
[1] "mu"
[1] "done_mu"
[1] "pi"
[1] "done_pi"
[1] "mu"
[1] "done_mu"
[1] "pi"
[1] "done_pi"
[1] 1.440265
[1] "iter: 189"
[1] "mu"
[1] "done_mu"
[1] "pi"
[1] "done_pi"
[1] "mu"
[1] "done_mu"
[1] "pi"
[1] "done_pi"
[1] 1.415138
[1] "iter: 190"
[1] "mu"
[1] "done_mu"
[1] "pi"
[1] "done_pi"
[1] "mu"
[1] "done_mu"
[1] "pi"
[1] "done_pi"
[1] 1.505224
[1] "iter: 191"
[1] "mu"
[1] "done_mu"
[1] "pi"
[1] "done_pi"
[1] "mu"
[1] "done_mu"
[1] "pi"
[1] "done_pi"
[1] 1.418065
[1] "iter: 192"
[1] "mu"
[1] "done_mu"
[1] "pi"
[1] "done_pi"
[1] "mu"
[1] "done_mu"
[1] "pi"
[1] "done_pi"
[1] 1.509055
[1] "iter: 193"
[1] "mu"
[1] "done_mu"
[1] "pi"
[1] "done_pi"
[1] "mu"
[1] "done_mu"
[1] "pi"
[1] "done_pi"
[1] 1.499491
[1] "iter: 194"
[1] "mu"
[1] "done_mu"
[1] "pi"
[1] "done_pi"
[1] "mu"
[1] "done_mu"
[1] "pi"
[1] "done_pi"
[1] 1.480407
[1] "iter: 195"
[1] "mu"
[1] "done_mu"
[1] "pi"
[1] "done_pi"
[1] "mu"
[1] "done_mu"
[1] "pi"
[1] "done_pi"
[1] 1.421116
[1] "iter: 196"
[1] "mu"
[1] "done_mu"
[1] "pi"
[1] "done_pi"
[1] "mu"
[1] "done_mu"
[1] "pi"
[1] "done_pi"
[1] 1.517096
[1] "iter: 197"
[1] "mu"
[1] "done_mu"
[1] "pi"
[1] "done_pi"
[1] "mu"
[1] "done_mu"
[1] "pi"
[1] "done_pi"
[1] 1.444034
[1] "iter: 198"
[1] "mu"
[1] "done_mu"
[1] "pi"
[1] "done_pi"
[1] "mu"
[1] "done_mu"
[1] "pi"
[1] "done_pi"
[1] 1.498211
[1] "iter: 199"
[1] "mu"
[1] "done_mu"
[1] "pi"
[1] "done_pi"
[1] "mu"
[1] "done_mu"
[1] "pi"
[1] "done_pi"
[1] 1.491754
[1] "iter: 200"
[1] "mu"
[1] "done_mu"
[1] "pi"
[1] "done_pi"
[1] "mu"
[1] "done_mu"
[1] "pi"
[1] "done_pi"
[1] 1.5506
[1] "iter: 201"
[1] "mu"
[1] "done_mu"
[1] "pi"
[1] "done_pi"
[1] "mu"
[1] "done_mu"
[1] "pi"
[1] "done_pi"
[1] 1.430446
[1] "iter: 202"
[1] "mu"
[1] "done_mu"
[1] "pi"
[1] "done_pi"
[1] "mu"
[1] "done_mu"
[1] "pi"
[1] "done_pi"
[1] 1.487594
[1] "iter: 203"
[1] "mu"
[1] "done_mu"
[1] "pi"
[1] "done_pi"
[1] "mu"
[1] "done_mu"
[1] "pi"
[1] "done_pi"
[1] 1.45732
[1] "iter: 204"
[1] "mu"
[1] "done_mu"
[1] "pi"
[1] "done_pi"
[1] "mu"
[1] "done_mu"
[1] "pi"
[1] "done_pi"
[1] 1.505081
[1] "iter: 205"
[1] "mu"
[1] "done_mu"
[1] "pi"
[1] "done_pi"
[1] "mu"
[1] "done_mu"
[1] "pi"
[1] "done_pi"
[1] 1.443783
[1] "iter: 206"
[1] "mu"
[1] "done_mu"
[1] "pi"
[1] "done_pi"
[1] "mu"
[1] "done_mu"
[1] "pi"
[1] "done_pi"
[1] 1.496766
[1] "iter: 207"
[1] "mu"
[1] "done_mu"
[1] "pi"
[1] "done_pi"
[1] "mu"
[1] "done_mu"
[1] "pi"
[1] "done_pi"
[1] 1.518861
[1] "iter: 208"
[1] "mu"
[1] "done_mu"
[1] "pi"
[1] "done_pi"
[1] "mu"
[1] "done_mu"
[1] "pi"
[1] "done_pi"
[1] 1.478858
[1] "iter: 209"
[1] "mu"
[1] "done_mu"
[1] "pi"
[1] "done_pi"
[1] "mu"
[1] "done_mu"
[1] "pi"
[1] "done_pi"
[1] 1.457069
[1] "iter: 210"
[1] "mu"
[1] "done_mu"
[1] "pi"
[1] "done_pi"
[1] "mu"
[1] "done_mu"
[1] "pi"
[1] "done_pi"
[1] 1.545901
[1] "iter: 211"
[1] "mu"
[1] "done_mu"
[1] "pi"
[1] "done_pi"
[1] "mu"
[1] "done_mu"
[1] "pi"
[1] "done_pi"
[1] 1.445837
[1] "iter: 212"
[1] "mu"
[1] "done_mu"
[1] "pi"
[1] "done_pi"
[1] "mu"
[1] "done_mu"
[1] "pi"
[1] "done_pi"
[1] 1.507443
[1] "iter: 213"
[1] "mu"
[1] "done_mu"
[1] "pi"
[1] "done_pi"
[1] "mu"
[1] "done_mu"
[1] "pi"
[1] "done_pi"
[1] 1.43965
[1] "iter: 214"
[1] "mu"
[1] "done_mu"
[1] "pi"
[1] "done_pi"
[1] "mu"
[1] "done_mu"
[1] "pi"
[1] "done_pi"
[1] 1.460521
[1] "iter: 215"
[1] "mu"
[1] "done_mu"
[1] "pi"
[1] "done_pi"
[1] "mu"
[1] "done_mu"
[1] "pi"
[1] "done_pi"
[1] 1.543758
[1] "iter: 216"
[1] "mu"
[1] "done_mu"
[1] "pi"
[1] "done_pi"
[1] "mu"
[1] "done_mu"
[1] "pi"
[1] "done_pi"
[1] 1.503218
[1] "iter: 217"
[1] "mu"
[1] "done_mu"
[1] "pi"
[1] "done_pi"
[1] "mu"
[1] "done_mu"
[1] "pi"
[1] "done_pi"
[1] 1.462808
[1] "iter: 218"
[1] "mu"
[1] "done_mu"
[1] "pi"
[1] "done_pi"
[1] "mu"
[1] "done_mu"
[1] "pi"
[1] "done_pi"
[1] 1.431158
[1] "iter: 219"
[1] "mu"
[1] "done_mu"
[1] "pi"
[1] "done_pi"
[1] "mu"
[1] "done_mu"
[1] "pi"
[1] "done_pi"
[1] 1.494758
[1] "iter: 220"
[1] "mu"
[1] "done_mu"
[1] "pi"
[1] "done_pi"
[1] "mu"
[1] "done_mu"
[1] "pi"
[1] "done_pi"
[1] 1.433588
[1] "iter: 221"
[1] "mu"
[1] "done_mu"
[1] "pi"
[1] "done_pi"
[1] "mu"
[1] "done_mu"
[1] "pi"
[1] "done_pi"
[1] 1.489226
[1] "iter: 222"
[1] "mu"
[1] "done_mu"
[1] "pi"
[1] "done_pi"
[1] "mu"
[1] "done_mu"
[1] "pi"
[1] "done_pi"
[1] 1.509724
[1] "iter: 223"
[1] "mu"
[1] "done_mu"
[1] "pi"
[1] "done_pi"
[1] "mu"
[1] "done_mu"
[1] "pi"
[1] "done_pi"
[1] 1.436316
[1] "iter: 224"
[1] "mu"
[1] "done_mu"
[1] "pi"
[1] "done_pi"
[1] "mu"
[1] "done_mu"
[1] "pi"
[1] "done_pi"
[1] 1.458351
[1] "iter: 225"
[1] "mu"
[1] "done_mu"
[1] "pi"
[1] "done_pi"
[1] "mu"
[1] "done_mu"
[1] "pi"
[1] "done_pi"
[1] 1.520933
[1] "iter: 226"
[1] "mu"
[1] "done_mu"
[1] "pi"
[1] "done_pi"
[1] "mu"
[1] "done_mu"
[1] "pi"
[1] "done_pi"
[1] 1.479727
[1] "iter: 227"
[1] "mu"
[1] "done_mu"
[1] "pi"
[1] "done_pi"
[1] "mu"
[1] "done_mu"
[1] "pi"
[1] "done_pi"
[1] 1.413412
[1] "iter: 228"
[1] "mu"
[1] "done_mu"
[1] "pi"
[1] "done_pi"
[1] "mu"
[1] "done_mu"
[1] "pi"
[1] "done_pi"
[1] 1.495957
[1] "iter: 229"
[1] "mu"
[1] "done_mu"
[1] "pi"
[1] "done_pi"
[1] "mu"
[1] "done_mu"
[1] "pi"
[1] "done_pi"
[1] 1.517963
[1] "iter: 230"
[1] "mu"
[1] "done_mu"
[1] "pi"
[1] "done_pi"
[1] "mu"
[1] "done_mu"
[1] "pi"
[1] "done_pi"
[1] 1.521608
[1] "iter: 231"
[1] "mu"
[1] "done_mu"
[1] "pi"
[1] "done_pi"
[1] "mu"
[1] "done_mu"
[1] "pi"
[1] "done_pi"
[1] 1.450744
[1] "iter: 232"
[1] "mu"
[1] "done_mu"
[1] "pi"
[1] "done_pi"
[1] "mu"
[1] "done_mu"
[1] "pi"
[1] "done_pi"
[1] 1.411491
[1] "iter: 233"
[1] "mu"
[1] "done_mu"
[1] "pi"
[1] "done_pi"
[1] "mu"
[1] "done_mu"
[1] "pi"
[1] "done_pi"
[1] 1.397686
[1] "iter: 234"
[1] "mu"
[1] "done_mu"
[1] "pi"
[1] "done_pi"
[1] "mu"
[1] "done_mu"
[1] "pi"
[1] "done_pi"
[1] 1.407865
[1] "iter: 235"
[1] "mu"
[1] "done_mu"
[1] "pi"
[1] "done_pi"
[1] "mu"
[1] "done_mu"
[1] "pi"
[1] "done_pi"
[1] 1.452191
[1] "iter: 236"
[1] "mu"
[1] "done_mu"
[1] "pi"
[1] "done_pi"
[1] "mu"
[1] "done_mu"
[1] "pi"
[1] "done_pi"
[1] 1.407173
[1] "iter: 237"
[1] "mu"
[1] "done_mu"
[1] "pi"
[1] "done_pi"
[1] "mu"
[1] "done_mu"
[1] "pi"
[1] "done_pi"
[1] 1.41477
[1] "iter: 238"
[1] "mu"
[1] "done_mu"
[1] "pi"
[1] "done_pi"
[1] "mu"
[1] "done_mu"
[1] "pi"
[1] "done_pi"
[1] 1.479714
[1] "iter: 239"
[1] "mu"
[1] "done_mu"
[1] "pi"
[1] "done_pi"
[1] "mu"
[1] "done_mu"
[1] "pi"
[1] "done_pi"
[1] 1.494944
[1] "iter: 240"
[1] "mu"
[1] "done_mu"
[1] "pi"
[1] "done_pi"
[1] "mu"
[1] "done_mu"
[1] "pi"
[1] "done_pi"
[1] 1.467407
[1] "iter: 241"
[1] "mu"
[1] "done_mu"
[1] "pi"
[1] "done_pi"
[1] "mu"
[1] "done_mu"
[1] "pi"
[1] "done_pi"
[1] 1.404791
[1] "iter: 242"
[1] "mu"
[1] "done_mu"
[1] "pi"
[1] "done_pi"
[1] "mu"
[1] "done_mu"
[1] "pi"
[1] "done_pi"
[1] 1.478609
[1] "iter: 243"
[1] "mu"
[1] "done_mu"
[1] "pi"
[1] "done_pi"
[1] "mu"
[1] "done_mu"
[1] "pi"
[1] "done_pi"
[1] 1.472179
[1] "iter: 244"
[1] "mu"
[1] "done_mu"
[1] "pi"
[1] "done_pi"
[1] "mu"
[1] "done_mu"
[1] "pi"
[1] "done_pi"
[1] 1.446294
[1] "iter: 245"
[1] "mu"
[1] "done_mu"
[1] "pi"
[1] "done_pi"
[1] "mu"
[1] "done_mu"
[1] "pi"
[1] "done_pi"
[1] 1.535432
[1] "iter: 246"
[1] "mu"
[1] "done_mu"
[1] "pi"
[1] "done_pi"
[1] "mu"
[1] "done_mu"
[1] "pi"
[1] "done_pi"
[1] 1.50357
[1] "iter: 247"
[1] "mu"
[1] "done_mu"
[1] "pi"
[1] "done_pi"
[1] "mu"
[1] "done_mu"
[1] "pi"
[1] "done_pi"
[1] 1.444871
[1] "iter: 248"
[1] "mu"
[1] "done_mu"
[1] "pi"
[1] "done_pi"
[1] "mu"
[1] "done_mu"
[1] "pi"
[1] "done_pi"
[1] 1.448776
[1] "iter: 249"
[1] "mu"
[1] "done_mu"
[1] "pi"
[1] "done_pi"
[1] "mu"
[1] "done_mu"
[1] "pi"
[1] "done_pi"
[1] 1.437146
[1] "iter: 250"
[1] "mu"
[1] "done_mu"
[1] "pi"
[1] "done_pi"
[1] "mu"
[1] "done_mu"
[1] "pi"
[1] "done_pi"
[1] 1.526164
[1] "iter: 251"
[1] "mu"
[1] "done_mu"
[1] "pi"
[1] "done_pi"
[1] "mu"
[1] "done_mu"
[1] "pi"
[1] "done_pi"
[1] 1.549959
[1] "iter: 252"
[1] "mu"
[1] "done_mu"
[1] "pi"
[1] "done_pi"
[1] "mu"
[1] "done_mu"
[1] "pi"
[1] "done_pi"
[1] 1.441846
[1] "iter: 253"
[1] "mu"
[1] "done_mu"
[1] "pi"
[1] "done_pi"
[1] "mu"
[1] "done_mu"
[1] "pi"
[1] "done_pi"
[1] 1.533784
[1] "iter: 254"
[1] "mu"
[1] "done_mu"
[1] "pi"
[1] "done_pi"
[1] "mu"
[1] "done_mu"
[1] "pi"
[1] "done_pi"
[1] 1.444853
[1] "iter: 255"
[1] "mu"
[1] "done_mu"
[1] "pi"
[1] "done_pi"
[1] "mu"
[1] "done_mu"
[1] "pi"
[1] "done_pi"
[1] 1.481738
[1] "iter: 256"
[1] "mu"
[1] "done_mu"
[1] "pi"
[1] "done_pi"
[1] "mu"
[1] "done_mu"
[1] "pi"
[1] "done_pi"
[1] 1.422655
[1] "iter: 257"
[1] "mu"
[1] "done_mu"
[1] "pi"
[1] "done_pi"
[1] "mu"
[1] "done_mu"
[1] "pi"
[1] "done_pi"
[1] 1.50189
[1] "iter: 258"
[1] "mu"
[1] "done_mu"
[1] "pi"
[1] "done_pi"
[1] "mu"
[1] "done_mu"
[1] "pi"
[1] "done_pi"
[1] 1.418397
[1] "iter: 259"
[1] "mu"
[1] "done_mu"
[1] "pi"
[1] "done_pi"
[1] "mu"
[1] "done_mu"
[1] "pi"
[1] "done_pi"
[1] 1.446674
[1] "iter: 260"
[1] "mu"
[1] "done_mu"
[1] "pi"
[1] "done_pi"
[1] "mu"
[1] "done_mu"
[1] "pi"
[1] "done_pi"
[1] 1.450502
[1] "iter: 261"
[1] "mu"
[1] "done_mu"
[1] "pi"
[1] "done_pi"
[1] "mu"
[1] "done_mu"
[1] "pi"
[1] "done_pi"
[1] 1.473154
[1] "iter: 262"
[1] "mu"
[1] "done_mu"
[1] "pi"
[1] "done_pi"
[1] "mu"
[1] "done_mu"
[1] "pi"
[1] "done_pi"
[1] 1.455495
[1] "iter: 263"
[1] "mu"
[1] "done_mu"
[1] "pi"
[1] "done_pi"
[1] "mu"
[1] "done_mu"
[1] "pi"
[1] "done_pi"
[1] 1.458347
[1] "iter: 264"
[1] "mu"
[1] "done_mu"
[1] "pi"
[1] "done_pi"
[1] "mu"
[1] "done_mu"
[1] "pi"
[1] "done_pi"
[1] 1.481631
[1] "iter: 265"
[1] "mu"
[1] "done_mu"
[1] "pi"
[1] "done_pi"
[1] "mu"
[1] "done_mu"
[1] "pi"
[1] "done_pi"
[1] 1.507773
[1] "iter: 266"
[1] "mu"
[1] "done_mu"
[1] "pi"
[1] "done_pi"
[1] "mu"
[1] "done_mu"
[1] "pi"
[1] "done_pi"
[1] 1.554079
[1] "iter: 267"
[1] "mu"
[1] "done_mu"
[1] "pi"
[1] "done_pi"
[1] "mu"
[1] "done_mu"
[1] "pi"
[1] "done_pi"
[1] 1.390259
[1] "iter: 268"
[1] "mu"
[1] "done_mu"
[1] "pi"
[1] "done_pi"
[1] "mu"
[1] "done_mu"
[1] "pi"
[1] "done_pi"
[1] 1.445675
[1] "iter: 269"
[1] "mu"
[1] "done_mu"
[1] "pi"
[1] "done_pi"
[1] "mu"
[1] "done_mu"
[1] "pi"
[1] "done_pi"
[1] 1.402036
[1] "iter: 270"
[1] "mu"
[1] "done_mu"
[1] "pi"
[1] "done_pi"
[1] "mu"
[1] "done_mu"
[1] "pi"
[1] "done_pi"
[1] 1.486746
[1] "iter: 271"
[1] "mu"
[1] "done_mu"
[1] "pi"
[1] "done_pi"
[1] "mu"
[1] "done_mu"
[1] "pi"
[1] "done_pi"
[1] 1.374366
[1] "iter: 272"
[1] "mu"
[1] "done_mu"
[1] "pi"
[1] "done_pi"
[1] "mu"
[1] "done_mu"
[1] "pi"
[1] "done_pi"
[1] 1.458548
[1] "iter: 273"
[1] "mu"
[1] "done_mu"
[1] "pi"
[1] "done_pi"
[1] "mu"
[1] "done_mu"
[1] "pi"
[1] "done_pi"
[1] 1.48093
[1] "iter: 274"
[1] "mu"
[1] "done_mu"
[1] "pi"
[1] "done_pi"
[1] "mu"
[1] "done_mu"
[1] "pi"
[1] "done_pi"
[1] 1.456128
[1] "iter: 275"
[1] "mu"
[1] "done_mu"
[1] "pi"
[1] "done_pi"
[1] "mu"
[1] "done_mu"
[1] "pi"
[1] "done_pi"
[1] 1.515126
[1] "iter: 276"
[1] "mu"
[1] "done_mu"
[1] "pi"
[1] "done_pi"
[1] "mu"
[1] "done_mu"
[1] "pi"
[1] "done_pi"
[1] 1.479717
[1] "iter: 277"
[1] "mu"
[1] "done_mu"
[1] "pi"
[1] "done_pi"
[1] "mu"
[1] "done_mu"
[1] "pi"
[1] "done_pi"
[1] 1.452955
[1] "iter: 278"
[1] "mu"
[1] "done_mu"
[1] "pi"
[1] "done_pi"
[1] "mu"
[1] "done_mu"
[1] "pi"
[1] "done_pi"
[1] 1.455546
[1] "iter: 279"
[1] "mu"
[1] "done_mu"
[1] "pi"
[1] "done_pi"
[1] "mu"
[1] "done_mu"
[1] "pi"
[1] "done_pi"
[1] 1.521547
[1] "iter: 280"
[1] "mu"
[1] "done_mu"
[1] "pi"
[1] "done_pi"
[1] "mu"
[1] "done_mu"
[1] "pi"
[1] "done_pi"
[1] 1.44248
[1] "iter: 281"
[1] "mu"
[1] "done_mu"
[1] "pi"
[1] "done_pi"
[1] "mu"
[1] "done_mu"
[1] "pi"
[1] "done_pi"
[1] 1.426371
[1] "iter: 282"
[1] "mu"
[1] "done_mu"
[1] "pi"
[1] "done_pi"
[1] "mu"
[1] "done_mu"
[1] "pi"
[1] "done_pi"
[1] 1.393785
[1] "iter: 283"
[1] "mu"
[1] "done_mu"
[1] "pi"
[1] "done_pi"
[1] "mu"
[1] "done_mu"
[1] "pi"
[1] "done_pi"
[1] 1.493156
[1] "iter: 284"
[1] "mu"
[1] "done_mu"
[1] "pi"
[1] "done_pi"
[1] "mu"
[1] "done_mu"
[1] "pi"
[1] "done_pi"
[1] 1.528471
[1] "iter: 285"
[1] "mu"
[1] "done_mu"
[1] "pi"
[1] "done_pi"
[1] "mu"
[1] "done_mu"
[1] "pi"
[1] "done_pi"
[1] 1.470981
[1] "iter: 286"
[1] "mu"
[1] "done_mu"
[1] "pi"
[1] "done_pi"
[1] "mu"
[1] "done_mu"
[1] "pi"
[1] "done_pi"
[1] 1.486932
[1] "iter: 287"
[1] "mu"
[1] "done_mu"
[1] "pi"
[1] "done_pi"
[1] "mu"
[1] "done_mu"
[1] "pi"
[1] "done_pi"
[1] 1.395279
[1] "iter: 288"
[1] "mu"
[1] "done_mu"
[1] "pi"
[1] "done_pi"
[1] "mu"
[1] "done_mu"
[1] "pi"
[1] "done_pi"
[1] 1.522783
[1] "iter: 289"
[1] "mu"
[1] "done_mu"
[1] "pi"
[1] "done_pi"
[1] "mu"
[1] "done_mu"
[1] "pi"
[1] "done_pi"
[1] 1.503796
[1] "iter: 290"
[1] "mu"
[1] "done_mu"
[1] "pi"
[1] "done_pi"
[1] "mu"
[1] "done_mu"
[1] "pi"
[1] "done_pi"
[1] 1.439729
[1] "iter: 291"
[1] "mu"
[1] "done_mu"
[1] "pi"
[1] "done_pi"
[1] "mu"
[1] "done_mu"
[1] "pi"
[1] "done_pi"
[1] 1.442233
[1] "iter: 292"
[1] "mu"
[1] "done_mu"
[1] "pi"
[1] "done_pi"
[1] "mu"
[1] "done_mu"
[1] "pi"
[1] "done_pi"
[1] 1.470937
[1] "iter: 293"
[1] "mu"
[1] "done_mu"
[1] "pi"
[1] "done_pi"
[1] "mu"
[1] "done_mu"
[1] "pi"
[1] "done_pi"
[1] 1.508622
[1] "iter: 294"
[1] "mu"
[1] "done_mu"
[1] "pi"
[1] "done_pi"
[1] "mu"
[1] "done_mu"
[1] "pi"
[1] "done_pi"
[1] 1.414869
[1] "iter: 295"
[1] "mu"
[1] "done_mu"
[1] "pi"
[1] "done_pi"
[1] "mu"
[1] "done_mu"
[1] "pi"
[1] "done_pi"
[1] 1.451978
[1] "iter: 296"
[1] "mu"
[1] "done_mu"
[1] "pi"
[1] "done_pi"
[1] "mu"
[1] "done_mu"
[1] "pi"
[1] "done_pi"
[1] 1.525922
[1] "iter: 297"
[1] "mu"
[1] "done_mu"
[1] "pi"
[1] "done_pi"
[1] "mu"
[1] "done_mu"
[1] "pi"
[1] "done_pi"
[1] 1.46469
[1] "iter: 298"
[1] "mu"
[1] "done_mu"
[1] "pi"
[1] "done_pi"
[1] "mu"
[1] "done_mu"
[1] "pi"
[1] "done_pi"
[1] 1.472154
[1] "iter: 299"
[1] "mu"
[1] "done_mu"
[1] "pi"
[1] "done_pi"
[1] "mu"
[1] "done_mu"
[1] "pi"
[1] "done_pi"
[1] 1.480674
[1] "iter: 300"
[1] "mu"
[1] "done_mu"
[1] "pi"
[1] "done_pi"
[1] "mu"
[1] "done_mu"
[1] "pi"
[1] "done_pi"
[1] 1.415065
[1] "iter: 301"
[1] "mu"
[1] "done_mu"
[1] "pi"
[1] "done_pi"
[1] "mu"
[1] "done_mu"
[1] "pi"
[1] "done_pi"
[1] 1.413214
[1] "iter: 302"
[1] "mu"
[1] "done_mu"
[1] "pi"
[1] "done_pi"
[1] "mu"
[1] "done_mu"
[1] "pi"
[1] "done_pi"
[1] 1.438882
[1] "iter: 303"
[1] "mu"
[1] "done_mu"
[1] "pi"
[1] "done_pi"
[1] "mu"
[1] "done_mu"
[1] "pi"
[1] "done_pi"
[1] 1.463955
[1] "iter: 304"
[1] "mu"
[1] "done_mu"
[1] "pi"
[1] "done_pi"
[1] "mu"
[1] "done_mu"
[1] "pi"
[1] "done_pi"
[1] 1.46143
[1] "iter: 305"
[1] "mu"
[1] "done_mu"
[1] "pi"
[1] "done_pi"
[1] "mu"
[1] "done_mu"
[1] "pi"
[1] "done_pi"
[1] 1.472156
[1] "iter: 306"
[1] "mu"
[1] "done_mu"
[1] "pi"
[1] "done_pi"
[1] "mu"
[1] "done_mu"
[1] "pi"
[1] "done_pi"
[1] 1.483464
[1] "iter: 307"
[1] "mu"
[1] "done_mu"
[1] "pi"
[1] "done_pi"
[1] "mu"
[1] "done_mu"
[1] "pi"
[1] "done_pi"
[1] 1.476878
[1] "iter: 308"
[1] "mu"
[1] "done_mu"
[1] "pi"
[1] "done_pi"
[1] "mu"
[1] "done_mu"
[1] "pi"
[1] "done_pi"
[1] 1.550113
[1] "iter: 309"
[1] "mu"
[1] "done_mu"
[1] "pi"
[1] "done_pi"
[1] "mu"
[1] "done_mu"
[1] "pi"
[1] "done_pi"
[1] 1.446739
[1] "iter: 310"
[1] "mu"
[1] "done_mu"
[1] "pi"
[1] "done_pi"
[1] "mu"
[1] "done_mu"
[1] "pi"
[1] "done_pi"
[1] 1.477807
[1] "iter: 311"
[1] "mu"
[1] "done_mu"
[1] "pi"
[1] "done_pi"
[1] "mu"
[1] "done_mu"
[1] "pi"
[1] "done_pi"
[1] 1.5212
[1] "iter: 312"
[1] "mu"
[1] "done_mu"
[1] "pi"
[1] "done_pi"
[1] "mu"
[1] "done_mu"
[1] "pi"
[1] "done_pi"
[1] 1.482377
[1] "iter: 313"
[1] "mu"
[1] "done_mu"
[1] "pi"
[1] "done_pi"
[1] "mu"
[1] "done_mu"
[1] "pi"
[1] "done_pi"
[1] 1.496924
[1] "iter: 314"
[1] "mu"
[1] "done_mu"
[1] "pi"
[1] "done_pi"
[1] "mu"
[1] "done_mu"
[1] "pi"
[1] "done_pi"
[1] 1.445987
[1] "iter: 315"
[1] "mu"
[1] "done_mu"
[1] "pi"
[1] "done_pi"
[1] "mu"
[1] "done_mu"
[1] "pi"
[1] "done_pi"
[1] 1.477095
[1] "iter: 316"
[1] "mu"
[1] "done_mu"
[1] "pi"
[1] "done_pi"
[1] "mu"
[1] "done_mu"
[1] "pi"
[1] "done_pi"
[1] 1.494229
[1] "iter: 317"
[1] "mu"
[1] "done_mu"
[1] "pi"
[1] "done_pi"
[1] "mu"
[1] "done_mu"
[1] "pi"
[1] "done_pi"
[1] 1.469784
[1] "iter: 318"
[1] "mu"
[1] "done_mu"
[1] "pi"
[1] "done_pi"
[1] "mu"
[1] "done_mu"
[1] "pi"
[1] "done_pi"
[1] 1.470491
[1] "iter: 319"
[1] "mu"
[1] "done_mu"
[1] "pi"
[1] "done_pi"
[1] "mu"
[1] "done_mu"
[1] "pi"
[1] "done_pi"
[1] 1.485069
[1] "iter: 320"
[1] "mu"
[1] "done_mu"
[1] "pi"
[1] "done_pi"
[1] "mu"
[1] "done_mu"
[1] "pi"
[1] "done_pi"
[1] 1.585238
[1] "iter: 321"
[1] "mu"
[1] "done_mu"
[1] "pi"
[1] "done_pi"
[1] "mu"
[1] "done_mu"
[1] "pi"
[1] "done_pi"
[1] 1.495094
[1] "iter: 322"
[1] "mu"
[1] "done_mu"
[1] "pi"
[1] "done_pi"
[1] "mu"
[1] "done_mu"
[1] "pi"
[1] "done_pi"
[1] 1.431257
[1] "iter: 323"
[1] "mu"
[1] "done_mu"
[1] "pi"
[1] "done_pi"
[1] "mu"
[1] "done_mu"
[1] "pi"
[1] "done_pi"
[1] 1.495547
[1] "iter: 324"
[1] "mu"
[1] "done_mu"
[1] "pi"
[1] "done_pi"
[1] "mu"
[1] "done_mu"
[1] "pi"
[1] "done_pi"
[1] 1.413493
[1] "iter: 325"
[1] "mu"
[1] "done_mu"
[1] "pi"
[1] "done_pi"
[1] "mu"
[1] "done_mu"
[1] "pi"
[1] "done_pi"
[1] 1.458753
[1] "iter: 326"
[1] "mu"
[1] "done_mu"
[1] "pi"
[1] "done_pi"
[1] "mu"
[1] "done_mu"
[1] "pi"
[1] "done_pi"
[1] 1.542888
[1] "iter: 327"
[1] "mu"
[1] "done_mu"
[1] "pi"
[1] "done_pi"
[1] "mu"
[1] "done_mu"
[1] "pi"
[1] "done_pi"
[1] 1.481589
[1] "iter: 328"
[1] "mu"
[1] "done_mu"
[1] "pi"
[1] "done_pi"
[1] "mu"
[1] "done_mu"
[1] "pi"
[1] "done_pi"
[1] 1.428732
[1] "iter: 329"
[1] "mu"
[1] "done_mu"
[1] "pi"
[1] "done_pi"
[1] "mu"
[1] "done_mu"
[1] "pi"
[1] "done_pi"
[1] 1.508628
[1] "iter: 330"
[1] "mu"
[1] "done_mu"
[1] "pi"
[1] "done_pi"
[1] "mu"
[1] "done_mu"
[1] "pi"
[1] "done_pi"
[1] 1.417334
[1] "iter: 331"
[1] "mu"
[1] "done_mu"
[1] "pi"
[1] "done_pi"
[1] "mu"
[1] "done_mu"
[1] "pi"
[1] "done_pi"
[1] 1.468219
[1] "iter: 332"
[1] "mu"
[1] "done_mu"
[1] "pi"
[1] "done_pi"
[1] "mu"
[1] "done_mu"
[1] "pi"
[1] "done_pi"
[1] 1.435157
[1] "iter: 333"
[1] "mu"
[1] "done_mu"
[1] "pi"
[1] "done_pi"
[1] "mu"
[1] "done_mu"
[1] "pi"
[1] "done_pi"
[1] 1.48741
[1] "iter: 334"
[1] "mu"
[1] "done_mu"
[1] "pi"
[1] "done_pi"
[1] "mu"
[1] "done_mu"
[1] "pi"
[1] "done_pi"
[1] 1.489651
[1] "iter: 335"
[1] "mu"
[1] "done_mu"
[1] "pi"
[1] "done_pi"
[1] "mu"
[1] "done_mu"
[1] "pi"
[1] "done_pi"
[1] 1.556033
[1] "iter: 336"
[1] "mu"
[1] "done_mu"
[1] "pi"
[1] "done_pi"
[1] "mu"
[1] "done_mu"
[1] "pi"
[1] "done_pi"
[1] 1.435802
[1] "iter: 337"
[1] "mu"
[1] "done_mu"
[1] "pi"
[1] "done_pi"
[1] "mu"
[1] "done_mu"
[1] "pi"
[1] "done_pi"
[1] 1.499168
[1] "iter: 338"
[1] "mu"
[1] "done_mu"
[1] "pi"
[1] "done_pi"
[1] "mu"
[1] "done_mu"
[1] "pi"
[1] "done_pi"
[1] 1.475536
[1] "iter: 339"
[1] "mu"
[1] "done_mu"
[1] "pi"
[1] "done_pi"
[1] "mu"
[1] "done_mu"
[1] "pi"
[1] "done_pi"
[1] 1.545719
[1] "iter: 340"
[1] "mu"
[1] "done_mu"
[1] "pi"
[1] "done_pi"
[1] "mu"
[1] "done_mu"
[1] "pi"
[1] "done_pi"
[1] 1.497272
[1] "iter: 341"
[1] "mu"
[1] "done_mu"
[1] "pi"
[1] "done_pi"
[1] "mu"
[1] "done_mu"
[1] "pi"
[1] "done_pi"
[1] 1.522242
[1] "iter: 342"
[1] "mu"
[1] "done_mu"
[1] "pi"
[1] "done_pi"
[1] "mu"
[1] "done_mu"
[1] "pi"
[1] "done_pi"
[1] 1.445315
[1] "iter: 343"
[1] "mu"
[1] "done_mu"
[1] "pi"
[1] "done_pi"
[1] "mu"
[1] "done_mu"
[1] "pi"
[1] "done_pi"
[1] 1.473382
[1] "iter: 344"
[1] "mu"
[1] "done_mu"
[1] "pi"
[1] "done_pi"
[1] "mu"
[1] "done_mu"
[1] "pi"
[1] "done_pi"
[1] 1.493943
[1] "iter: 345"
[1] "mu"
[1] "done_mu"
[1] "pi"
[1] "done_pi"
[1] "mu"
[1] "done_mu"
[1] "pi"
[1] "done_pi"
[1] 1.476981
[1] "iter: 346"
[1] "mu"
[1] "done_mu"
[1] "pi"
[1] "done_pi"
[1] "mu"
[1] "done_mu"
[1] "pi"
[1] "done_pi"
[1] 1.41666
[1] "iter: 347"
[1] "mu"
[1] "done_mu"
[1] "pi"
[1] "done_pi"
[1] "mu"
[1] "done_mu"
[1] "pi"
[1] "done_pi"
[1] 1.498616
[1] "iter: 348"
[1] "mu"
[1] "done_mu"
[1] "pi"
[1] "done_pi"
[1] "mu"
[1] "done_mu"
[1] "pi"
[1] "done_pi"
[1] 1.433901
[1] "iter: 349"
[1] "mu"
[1] "done_mu"
[1] "pi"
[1] "done_pi"
[1] "mu"
[1] "done_mu"
[1] "pi"
[1] "done_pi"
[1] 1.472097
[1] "iter: 350"
[1] "mu"
[1] "done_mu"
[1] "pi"
[1] "done_pi"
[1] "mu"
[1] "done_mu"
[1] "pi"
[1] "done_pi"
[1] 1.467812
[1] "iter: 351"
[1] "mu"
[1] "done_mu"
[1] "pi"
[1] "done_pi"
[1] "mu"
[1] "done_mu"
[1] "pi"
[1] "done_pi"
[1] 1.473909
[1] "iter: 352"
[1] "mu"
[1] "done_mu"
[1] "pi"
[1] "done_pi"
[1] "mu"
[1] "done_mu"
[1] "pi"
[1] "done_pi"
[1] 1.409138
[1] "iter: 353"
[1] "mu"
[1] "done_mu"
[1] "pi"
[1] "done_pi"
[1] "mu"
[1] "done_mu"
[1] "pi"
[1] "done_pi"
[1] 1.391289
[1] "iter: 354"
[1] "mu"
[1] "done_mu"
[1] "pi"
[1] "done_pi"
[1] "mu"
[1] "done_mu"
[1] "pi"
[1] "done_pi"
[1] 1.482419
[1] "iter: 355"
[1] "mu"
[1] "done_mu"
[1] "pi"
[1] "done_pi"
[1] "mu"
[1] "done_mu"
[1] "pi"
[1] "done_pi"
[1] 1.483871
[1] "iter: 356"
[1] "mu"
[1] "done_mu"
[1] "pi"
[1] "done_pi"
[1] "mu"
[1] "done_mu"
[1] "pi"
[1] "done_pi"
[1] 1.44136
[1] "iter: 357"
[1] "mu"
[1] "done_mu"
[1] "pi"
[1] "done_pi"
[1] "mu"
[1] "done_mu"
[1] "pi"
[1] "done_pi"
[1] 1.456521
[1] "iter: 358"
[1] "mu"
[1] "done_mu"
[1] "pi"
[1] "done_pi"
[1] "mu"
[1] "done_mu"
[1] "pi"
[1] "done_pi"
[1] 1.507027
[1] "iter: 359"
[1] "mu"
[1] "done_mu"
[1] "pi"
[1] "done_pi"
[1] "mu"
[1] "done_mu"
[1] "pi"
[1] "done_pi"
[1] 1.515938
[1] "iter: 360"
[1] "mu"
[1] "done_mu"
[1] "pi"
[1] "done_pi"
[1] "mu"
[1] "done_mu"
[1] "pi"
[1] "done_pi"
[1] 1.504658
[1] "iter: 361"
[1] "mu"
[1] "done_mu"
[1] "pi"
[1] "done_pi"
[1] "mu"
[1] "done_mu"
[1] "pi"
[1] "done_pi"
[1] 1.513917
[1] "iter: 362"
[1] "mu"
[1] "done_mu"
[1] "pi"
[1] "done_pi"
[1] "mu"
[1] "done_mu"
[1] "pi"
[1] "done_pi"
[1] 1.381323
[1] "iter: 363"
[1] "mu"
[1] "done_mu"
[1] "pi"
[1] "done_pi"
[1] "mu"
[1] "done_mu"
[1] "pi"
[1] "done_pi"
[1] 1.459149
[1] "iter: 364"
[1] "mu"
[1] "done_mu"
[1] "pi"
[1] "done_pi"
[1] "mu"
[1] "done_mu"
[1] "pi"
[1] "done_pi"
[1] 1.411884
[1] "iter: 365"
[1] "mu"
[1] "done_mu"
[1] "pi"
[1] "done_pi"
[1] "mu"
[1] "done_mu"
[1] "pi"
[1] "done_pi"
[1] 1.376023
[1] "iter: 366"
[1] "mu"
[1] "done_mu"
[1] "pi"
[1] "done_pi"
[1] "mu"
[1] "done_mu"
[1] "pi"
[1] "done_pi"
[1] 1.495759
[1] "iter: 367"
[1] "mu"
[1] "done_mu"
[1] "pi"
[1] "done_pi"
[1] "mu"
[1] "done_mu"
[1] "pi"
[1] "done_pi"
[1] 1.428363
[1] "iter: 368"
[1] "mu"
[1] "done_mu"
[1] "pi"
[1] "done_pi"
[1] "mu"
[1] "done_mu"
[1] "pi"
[1] "done_pi"
[1] 1.51173
[1] "iter: 369"
[1] "mu"
[1] "done_mu"
[1] "pi"
[1] "done_pi"
[1] "mu"
[1] "done_mu"
[1] "pi"
[1] "done_pi"
[1] 1.43077
[1] "iter: 370"
[1] "mu"
[1] "done_mu"
[1] "pi"
[1] "done_pi"
[1] "mu"
[1] "done_mu"
[1] "pi"
[1] "done_pi"
[1] 1.466552
[1] "iter: 371"
[1] "mu"
[1] "done_mu"
[1] "pi"
[1] "done_pi"
[1] "mu"
[1] "done_mu"
[1] "pi"
[1] "done_pi"
[1] 1.503251
[1] "iter: 372"
[1] "mu"
[1] "done_mu"
[1] "pi"
[1] "done_pi"
[1] "mu"
[1] "done_mu"
[1] "pi"
[1] "done_pi"
[1] 1.40096
[1] "iter: 373"
[1] "mu"
[1] "done_mu"
[1] "pi"
[1] "done_pi"
[1] "mu"
[1] "done_mu"
[1] "pi"
[1] "done_pi"
[1] 1.463865
[1] "iter: 374"
[1] "mu"
[1] "done_mu"
[1] "pi"
[1] "done_pi"
[1] "mu"
[1] "done_mu"
[1] "pi"
[1] "done_pi"
[1] 1.444327
[1] "iter: 375"
[1] "mu"
[1] "done_mu"
[1] "pi"
[1] "done_pi"
[1] "mu"
[1] "done_mu"
[1] "pi"
[1] "done_pi"
[1] 1.521305
[1] "iter: 376"
[1] "mu"
[1] "done_mu"
[1] "pi"
[1] "done_pi"
[1] "mu"
[1] "done_mu"
[1] "pi"
[1] "done_pi"
[1] 1.504838
[1] "iter: 377"
[1] "mu"
[1] "done_mu"
[1] "pi"
[1] "done_pi"
[1] "mu"
[1] "done_mu"
[1] "pi"
[1] "done_pi"
[1] 1.483631
[1] "iter: 378"
[1] "mu"
[1] "done_mu"
[1] "pi"
[1] "done_pi"
[1] "mu"
[1] "done_mu"
[1] "pi"
[1] "done_pi"
[1] 1.53256
[1] "iter: 379"
[1] "mu"
[1] "done_mu"
[1] "pi"
[1] "done_pi"
[1] "mu"
[1] "done_mu"
[1] "pi"
[1] "done_pi"
[1] 1.468665
[1] "iter: 380"
[1] "mu"
[1] "done_mu"
[1] "pi"
[1] "done_pi"
[1] "mu"
[1] "done_mu"
[1] "pi"
[1] "done_pi"
[1] 1.463092
[1] "iter: 381"
[1] "mu"
[1] "done_mu"
[1] "pi"
[1] "done_pi"
[1] "mu"
[1] "done_mu"
[1] "pi"
[1] "done_pi"
[1] 1.500998
[1] "iter: 382"
[1] "mu"
[1] "done_mu"
[1] "pi"
[1] "done_pi"
[1] "mu"
[1] "done_mu"
[1] "pi"
[1] "done_pi"
[1] 1.511875
[1] "iter: 383"
[1] "mu"
[1] "done_mu"
[1] "pi"
[1] "done_pi"
[1] "mu"
[1] "done_mu"
[1] "pi"
[1] "done_pi"
[1] 1.485191
[1] "iter: 384"
[1] "mu"
[1] "done_mu"
[1] "pi"
[1] "done_pi"
[1] "mu"
[1] "done_mu"
[1] "pi"
[1] "done_pi"
[1] 1.467513
[1] "iter: 385"
[1] "mu"
[1] "done_mu"
[1] "pi"
[1] "done_pi"
[1] "mu"
[1] "done_mu"
[1] "pi"
[1] "done_pi"
[1] 1.525231
[1] "iter: 386"
[1] "mu"
[1] "done_mu"
[1] "pi"
[1] "done_pi"
[1] "mu"
[1] "done_mu"
[1] "pi"
[1] "done_pi"
[1] 1.433966
[1] "iter: 387"
[1] "mu"
[1] "done_mu"
[1] "pi"
[1] "done_pi"
[1] "mu"
[1] "done_mu"
[1] "pi"
[1] "done_pi"
[1] 1.368063
[1] "iter: 388"
[1] "mu"
[1] "done_mu"
[1] "pi"
[1] "done_pi"
[1] "mu"
[1] "done_mu"
[1] "pi"
[1] "done_pi"
[1] 1.465879
[1] "iter: 389"
[1] "mu"
[1] "done_mu"
[1] "pi"
[1] "done_pi"
[1] "mu"
[1] "done_mu"
[1] "pi"
[1] "done_pi"
[1] 1.442568
[1] "iter: 390"
[1] "mu"
[1] "done_mu"
[1] "pi"
[1] "done_pi"
[1] "mu"
[1] "done_mu"
[1] "pi"
[1] "done_pi"
[1] 1.483471
[1] "iter: 391"
[1] "mu"
[1] "done_mu"
[1] "pi"
[1] "done_pi"
[1] "mu"
[1] "done_mu"
[1] "pi"
[1] "done_pi"
[1] 1.437198
[1] "iter: 392"
[1] "mu"
[1] "done_mu"
[1] "pi"
[1] "done_pi"
[1] "mu"
[1] "done_mu"
[1] "pi"
[1] "done_pi"
[1] 1.512157
[1] "iter: 393"
[1] "mu"
[1] "done_mu"
[1] "pi"
[1] "done_pi"
[1] "mu"
[1] "done_mu"
[1] "pi"
[1] "done_pi"
[1] 1.422442
[1] "iter: 394"
[1] "mu"
[1] "done_mu"
[1] "pi"
[1] "done_pi"
[1] "mu"
[1] "done_mu"
[1] "pi"
[1] "done_pi"
[1] 1.432572
[1] "iter: 395"
[1] "mu"
[1] "done_mu"
[1] "pi"
[1] "done_pi"
[1] "mu"
[1] "done_mu"
[1] "pi"
[1] "done_pi"
[1] 1.509389
[1] "iter: 396"
[1] "mu"
[1] "done_mu"
[1] "pi"
[1] "done_pi"
[1] "mu"
[1] "done_mu"
[1] "pi"
[1] "done_pi"
[1] 1.460728
[1] "iter: 397"
[1] "mu"
[1] "done_mu"
[1] "pi"
[1] "done_pi"
[1] "mu"
[1] "done_mu"
[1] "pi"
[1] "done_pi"
[1] 1.448074
[1] "iter: 398"
[1] "mu"
[1] "done_mu"
[1] "pi"
[1] "done_pi"
[1] "mu"
[1] "done_mu"
[1] "pi"
[1] "done_pi"
[1] 1.530295
[1] "iter: 399"
[1] "mu"
[1] "done_mu"
[1] "pi"
[1] "done_pi"
[1] "mu"
[1] "done_mu"
[1] "pi"
[1] "done_pi"
[1] 1.436342
[1] "iter: 400"
[1] "mu"
[1] "done_mu"
[1] "pi"
[1] "done_pi"
[1] "mu"
[1] "done_mu"
[1] "pi"
[1] "done_pi"
[1] 1.40357
[1] "iter: 401"
[1] "mu"
[1] "done_mu"
[1] "pi"
[1] "done_pi"
[1] "mu"
[1] "done_mu"
[1] "pi"
[1] "done_pi"
[1] 1.509856
[1] "iter: 402"
[1] "mu"
[1] "done_mu"
[1] "pi"
[1] "done_pi"
[1] "mu"
[1] "done_mu"
[1] "pi"
[1] "done_pi"
[1] 1.456736
[1] "iter: 403"
[1] "mu"
[1] "done_mu"
[1] "pi"
[1] "done_pi"
[1] "mu"
[1] "done_mu"
[1] "pi"
[1] "done_pi"
[1] 1.475548
[1] "iter: 404"
[1] "mu"
[1] "done_mu"
[1] "pi"
[1] "done_pi"
[1] "mu"
[1] "done_mu"
[1] "pi"
[1] "done_pi"
[1] 1.427696
[1] "iter: 405"
[1] "mu"
[1] "done_mu"
[1] "pi"
[1] "done_pi"
[1] "mu"
[1] "done_mu"
[1] "pi"
[1] "done_pi"
[1] 1.478574
[1] "iter: 406"
[1] "mu"
[1] "done_mu"
[1] "pi"
[1] "done_pi"
[1] "mu"
[1] "done_mu"
[1] "pi"
[1] "done_pi"
[1] 1.471343
[1] "iter: 407"
[1] "mu"
[1] "done_mu"
[1] "pi"
[1] "done_pi"
[1] "mu"
[1] "done_mu"
[1] "pi"
[1] "done_pi"
[1] 1.526061
[1] "iter: 408"
[1] "mu"
[1] "done_mu"
[1] "pi"
[1] "done_pi"
[1] "mu"
[1] "done_mu"
[1] "pi"
[1] "done_pi"
[1] 1.440481
[1] "iter: 409"
[1] "mu"
[1] "done_mu"
[1] "pi"
[1] "done_pi"
[1] "mu"
[1] "done_mu"
[1] "pi"
[1] "done_pi"
[1] 1.47051
[1] "iter: 410"
[1] "mu"
[1] "done_mu"
[1] "pi"
[1] "done_pi"
[1] "mu"
[1] "done_mu"
[1] "pi"
[1] "done_pi"
[1] 1.369254
[1] "iter: 411"
[1] "mu"
[1] "done_mu"
[1] "pi"
[1] "done_pi"
[1] "mu"
[1] "done_mu"
[1] "pi"
[1] "done_pi"
[1] 1.488513
[1] "iter: 412"
[1] "mu"
[1] "done_mu"
[1] "pi"
[1] "done_pi"
[1] "mu"
[1] "done_mu"
[1] "pi"
[1] "done_pi"
[1] 1.503684
[1] "iter: 413"
[1] "mu"
[1] "done_mu"
[1] "pi"
[1] "done_pi"
[1] "mu"
[1] "done_mu"
[1] "pi"
[1] "done_pi"
[1] 1.498157
[1] "iter: 414"
[1] "mu"
[1] "done_mu"
[1] "pi"
[1] "done_pi"
[1] "mu"
[1] "done_mu"
[1] "pi"
[1] "done_pi"
[1] 1.479278
[1] "iter: 415"
[1] "mu"
[1] "done_mu"
[1] "pi"
[1] "done_pi"
[1] "mu"
[1] "done_mu"
[1] "pi"
[1] "done_pi"
[1] 1.459303
[1] "iter: 416"
[1] "mu"
[1] "done_mu"
[1] "pi"
[1] "done_pi"
[1] "mu"
[1] "done_mu"
[1] "pi"
[1] "done_pi"
[1] 1.542881
[1] "iter: 417"
[1] "mu"
[1] "done_mu"
[1] "pi"
[1] "done_pi"
[1] "mu"
[1] "done_mu"
[1] "pi"
[1] "done_pi"
[1] 1.481361
[1] "iter: 418"
[1] "mu"
[1] "done_mu"
[1] "pi"
[1] "done_pi"
[1] "mu"
[1] "done_mu"
[1] "pi"
[1] "done_pi"
[1] 1.473086
[1] "iter: 419"
[1] "mu"
[1] "done_mu"
[1] "pi"
[1] "done_pi"
[1] "mu"
[1] "done_mu"
[1] "pi"
[1] "done_pi"
[1] 1.453678
[1] "iter: 420"
[1] "mu"
[1] "done_mu"
[1] "pi"
[1] "done_pi"
[1] "mu"
[1] "done_mu"
[1] "pi"
[1] "done_pi"
[1] 1.497216
[1] "iter: 421"
[1] "mu"
[1] "done_mu"
[1] "pi"
[1] "done_pi"
[1] "mu"
[1] "done_mu"
[1] "pi"
[1] "done_pi"
[1] 1.509982
[1] "iter: 422"
[1] "mu"
[1] "done_mu"
[1] "pi"
[1] "done_pi"
[1] "mu"
[1] "done_mu"
[1] "pi"
[1] "done_pi"
[1] 1.575288
[1] "iter: 423"
[1] "mu"
[1] "done_mu"
[1] "pi"
[1] "done_pi"
[1] "mu"
[1] "done_mu"
[1] "pi"
[1] "done_pi"
[1] 1.534099
[1] "iter: 424"
[1] "mu"
[1] "done_mu"
[1] "pi"
[1] "done_pi"
[1] "mu"
[1] "done_mu"
[1] "pi"
[1] "done_pi"
[1] 1.474817
[1] "iter: 425"
[1] "mu"
[1] "done_mu"
[1] "pi"
[1] "done_pi"
[1] "mu"
[1] "done_mu"
[1] "pi"
[1] "done_pi"
[1] 1.458562
[1] "iter: 426"
[1] "mu"
[1] "done_mu"
[1] "pi"
[1] "done_pi"
[1] "mu"
[1] "done_mu"
[1] "pi"
[1] "done_pi"
[1] 1.447585
[1] "iter: 427"
[1] "mu"
[1] "done_mu"
[1] "pi"
[1] "done_pi"
[1] "mu"
[1] "done_mu"
[1] "pi"
[1] "done_pi"
[1] 1.513099
[1] "iter: 428"
[1] "mu"
[1] "done_mu"
[1] "pi"
[1] "done_pi"
[1] "mu"
[1] "done_mu"
[1] "pi"
[1] "done_pi"
[1] 1.471548
[1] "iter: 429"
[1] "mu"
[1] "done_mu"
[1] "pi"
[1] "done_pi"
[1] "mu"
[1] "done_mu"
[1] "pi"
[1] "done_pi"
[1] 1.577907
[1] "iter: 430"
[1] "mu"
[1] "done_mu"
[1] "pi"
[1] "done_pi"
[1] "mu"
[1] "done_mu"
[1] "pi"
[1] "done_pi"
[1] 1.482362
[1] "iter: 431"
[1] "mu"
[1] "done_mu"
[1] "pi"
[1] "done_pi"
[1] "mu"
[1] "done_mu"
[1] "pi"
[1] "done_pi"
[1] 1.451123
[1] "iter: 432"
[1] "mu"
[1] "done_mu"
[1] "pi"
[1] "done_pi"
[1] "mu"
[1] "done_mu"
[1] "pi"
[1] "done_pi"
[1] 1.544928
[1] "iter: 433"
[1] "mu"
[1] "done_mu"
[1] "pi"
[1] "done_pi"
[1] "mu"
[1] "done_mu"
[1] "pi"
[1] "done_pi"
[1] 1.430683
[1] "iter: 434"
[1] "mu"
[1] "done_mu"
[1] "pi"
[1] "done_pi"
[1] "mu"
[1] "done_mu"
[1] "pi"
[1] "done_pi"
[1] 1.443778
[1] "iter: 435"
[1] "mu"
[1] "done_mu"
[1] "pi"
[1] "done_pi"
[1] "mu"
[1] "done_mu"
[1] "pi"
[1] "done_pi"
[1] 1.434306
[1] "iter: 436"
[1] "mu"
[1] "done_mu"
[1] "pi"
[1] "done_pi"
[1] "mu"
[1] "done_mu"
[1] "pi"
[1] "done_pi"
[1] 1.470933
[1] "iter: 437"
[1] "mu"
[1] "done_mu"
[1] "pi"
[1] "done_pi"
[1] "mu"
[1] "done_mu"
[1] "pi"
[1] "done_pi"
[1] 1.381249
[1] "iter: 438"
[1] "mu"
[1] "done_mu"
[1] "pi"
[1] "done_pi"
[1] "mu"
[1] "done_mu"
[1] "pi"
[1] "done_pi"
[1] 1.418786
[1] "iter: 439"
[1] "mu"
[1] "done_mu"
[1] "pi"
[1] "done_pi"
[1] "mu"
[1] "done_mu"
[1] "pi"
[1] "done_pi"
[1] 1.452532
[1] "iter: 440"
[1] "mu"
[1] "done_mu"
[1] "pi"
[1] "done_pi"
[1] "mu"
[1] "done_mu"
[1] "pi"
[1] "done_pi"
[1] 1.438802
[1] "iter: 441"
[1] "mu"
[1] "done_mu"
[1] "pi"
[1] "done_pi"
[1] "mu"
[1] "done_mu"
[1] "pi"
[1] "done_pi"
[1] 1.483983
[1] "iter: 442"
[1] "mu"
[1] "done_mu"
[1] "pi"
[1] "done_pi"
[1] "mu"
[1] "done_mu"
[1] "pi"
[1] "done_pi"
[1] 1.439959
[1] "iter: 443"
[1] "mu"
[1] "done_mu"
[1] "pi"
[1] "done_pi"
[1] "mu"
[1] "done_mu"
[1] "pi"
[1] "done_pi"
[1] 1.519675
[1] "iter: 444"
[1] "mu"
[1] "done_mu"
[1] "pi"
[1] "done_pi"
[1] "mu"
[1] "done_mu"
[1] "pi"
[1] "done_pi"
[1] 1.442999
[1] "iter: 445"
[1] "mu"
[1] "done_mu"
[1] "pi"
[1] "done_pi"
[1] "mu"
[1] "done_mu"
[1] "pi"
[1] "done_pi"
[1] 1.4578
[1] "iter: 446"
[1] "mu"
[1] "done_mu"
[1] "pi"
[1] "done_pi"
[1] "mu"
[1] "done_mu"
[1] "pi"
[1] "done_pi"
[1] 1.526483
[1] "iter: 447"
[1] "mu"
[1] "done_mu"
[1] "pi"
[1] "done_pi"
[1] "mu"
[1] "done_mu"
[1] "pi"
[1] "done_pi"
[1] 1.57364
[1] "iter: 448"
[1] "mu"
[1] "done_mu"
[1] "pi"
[1] "done_pi"
[1] "mu"
[1] "done_mu"
[1] "pi"
[1] "done_pi"
[1] 1.503299
[1] "iter: 449"
[1] "mu"
[1] "done_mu"
[1] "pi"
[1] "done_pi"
[1] "mu"
[1] "done_mu"
[1] "pi"
[1] "done_pi"
[1] 1.521986
[1] "iter: 450"
[1] "mu"
[1] "done_mu"
[1] "pi"
[1] "done_pi"
[1] "mu"
[1] "done_mu"
[1] "pi"
[1] "done_pi"
[1] 1.462376
[1] "iter: 451"
[1] "mu"
[1] "done_mu"
[1] "pi"
[1] "done_pi"
[1] "mu"
[1] "done_mu"
[1] "pi"
[1] "done_pi"
[1] 1.469559
[1] "iter: 452"
[1] "mu"
[1] "done_mu"
[1] "pi"
[1] "done_pi"
[1] "mu"
[1] "done_mu"
[1] "pi"
[1] "done_pi"
[1] 1.468161
[1] "iter: 453"
[1] "mu"
[1] "done_mu"
[1] "pi"
[1] "done_pi"
[1] "mu"
[1] "done_mu"
[1] "pi"
[1] "done_pi"
[1] 1.450561
[1] "iter: 454"
[1] "mu"
[1] "done_mu"
[1] "pi"
[1] "done_pi"
[1] "mu"
[1] "done_mu"
[1] "pi"
[1] "done_pi"
[1] 1.475938
[1] "iter: 455"
[1] "mu"
[1] "done_mu"
[1] "pi"
[1] "done_pi"
[1] "mu"
[1] "done_mu"
[1] "pi"
[1] "done_pi"
[1] 1.519582
[1] "iter: 456"
[1] "mu"
[1] "done_mu"
[1] "pi"
[1] "done_pi"
[1] "mu"
[1] "done_mu"
[1] "pi"
[1] "done_pi"
[1] 1.535816
[1] "iter: 457"
[1] "mu"
[1] "done_mu"
[1] "pi"
[1] "done_pi"
[1] "mu"
[1] "done_mu"
[1] "pi"
[1] "done_pi"
[1] 1.507014
[1] "iter: 458"
[1] "mu"
[1] "done_mu"
[1] "pi"
[1] "done_pi"
[1] "mu"
[1] "done_mu"
[1] "pi"
[1] "done_pi"
[1] 1.440522
[1] "iter: 459"
[1] "mu"
[1] "done_mu"
[1] "pi"
[1] "done_pi"
[1] "mu"
[1] "done_mu"
[1] "pi"
[1] "done_pi"
[1] 1.493454
[1] "iter: 460"
[1] "mu"
[1] "done_mu"
[1] "pi"
[1] "done_pi"
[1] "mu"
[1] "done_mu"
[1] "pi"
[1] "done_pi"
[1] 1.519803
[1] "iter: 461"
[1] "mu"
[1] "done_mu"
[1] "pi"
[1] "done_pi"
[1] "mu"
[1] "done_mu"
[1] "pi"
[1] "done_pi"
[1] 1.478255
[1] "iter: 462"
[1] "mu"
[1] "done_mu"
[1] "pi"
[1] "done_pi"
[1] "mu"
[1] "done_mu"
[1] "pi"
[1] "done_pi"
[1] 1.480362
[1] "iter: 463"
[1] "mu"
[1] "done_mu"
[1] "pi"
[1] "done_pi"
[1] "mu"
[1] "done_mu"
[1] "pi"
[1] "done_pi"
[1] 1.518485
[1] "iter: 464"
[1] "mu"
[1] "done_mu"
[1] "pi"
[1] "done_pi"
[1] "mu"
[1] "done_mu"
[1] "pi"
[1] "done_pi"
[1] 1.521425
[1] "iter: 465"
[1] "mu"
[1] "done_mu"
[1] "pi"
[1] "done_pi"
[1] "mu"
[1] "done_mu"
[1] "pi"
[1] "done_pi"
[1] 1.48449
[1] "iter: 466"
[1] "mu"
[1] "done_mu"
[1] "pi"
[1] "done_pi"
[1] "mu"
[1] "done_mu"
[1] "pi"
[1] "done_pi"
[1] 1.426865
[1] "iter: 467"
[1] "mu"
[1] "done_mu"
[1] "pi"
[1] "done_pi"
[1] "mu"
[1] "done_mu"
[1] "pi"
[1] "done_pi"
[1] 1.391018
[1] "iter: 468"
[1] "mu"
[1] "done_mu"
[1] "pi"
[1] "done_pi"
[1] "mu"
[1] "done_mu"
[1] "pi"
[1] "done_pi"
[1] 1.457812
[1] "iter: 469"
[1] "mu"
[1] "done_mu"
[1] "pi"
[1] "done_pi"
[1] "mu"
[1] "done_mu"
[1] "pi"
[1] "done_pi"
[1] 1.446604
[1] "iter: 470"
[1] "mu"
[1] "done_mu"
[1] "pi"
[1] "done_pi"
[1] "mu"
[1] "done_mu"
[1] "pi"
[1] "done_pi"
[1] 1.510968
[1] "iter: 471"
[1] "mu"
[1] "done_mu"
[1] "pi"
[1] "done_pi"
[1] "mu"
[1] "done_mu"
[1] "pi"
[1] "done_pi"
[1] 1.549959
[1] "iter: 472"
[1] "mu"
[1] "done_mu"
[1] "pi"
[1] "done_pi"
[1] "mu"
[1] "done_mu"
[1] "pi"
[1] "done_pi"
[1] 1.441846
[1] "iter: 473"
[1] "mu"
[1] "done_mu"
[1] "pi"
[1] "done_pi"
[1] "mu"
[1] "done_mu"
[1] "pi"
[1] "done_pi"
[1] 1.533784
[1] "iter: 474"
[1] "mu"
[1] "done_mu"
[1] "pi"
[1] "done_pi"
[1] "mu"
[1] "done_mu"
[1] "pi"
[1] "done_pi"
[1] 1.444853
[1] "iter: 475"
[1] "mu"
[1] "done_mu"
[1] "pi"
[1] "done_pi"
[1] "mu"
[1] "done_mu"
[1] "pi"
[1] "done_pi"
[1] 1.481738
[1] "iter: 476"
[1] "mu"
[1] "done_mu"
[1] "pi"
[1] "done_pi"
[1] "mu"
[1] "done_mu"
[1] "pi"
[1] "done_pi"
[1] 1.422655
[1] "iter: 477"
[1] "mu"
[1] "done_mu"
[1] "pi"
[1] "done_pi"
[1] "mu"
[1] "done_mu"
[1] "pi"
[1] "done_pi"
[1] 1.50189
[1] "iter: 478"
[1] "mu"
[1] "done_mu"
[1] "pi"
[1] "done_pi"
[1] "mu"
[1] "done_mu"
[1] "pi"
[1] "done_pi"
[1] 1.418397
[1] "iter: 479"
[1] "mu"
[1] "done_mu"
[1] "pi"
[1] "done_pi"
[1] "mu"
[1] "done_mu"
[1] "pi"
[1] "done_pi"
[1] 1.446674
[1] "iter: 480"
[1] "mu"
[1] "done_mu"
[1] "pi"
[1] "done_pi"
[1] "mu"
[1] "done_mu"
[1] "pi"
[1] "done_pi"
[1] 1.450502
[1] "iter: 481"
[1] "mu"
[1] "done_mu"
[1] "pi"
[1] "done_pi"
[1] "mu"
[1] "done_mu"
[1] "pi"
[1] "done_pi"
[1] 1.473154
[1] "iter: 482"
[1] "mu"
[1] "done_mu"
[1] "pi"
[1] "done_pi"
[1] "mu"
[1] "done_mu"
[1] "pi"
[1] "done_pi"
[1] 1.455495
[1] "iter: 483"
[1] "mu"
[1] "done_mu"
[1] "pi"
[1] "done_pi"
[1] "mu"
[1] "done_mu"
[1] "pi"
[1] "done_pi"
[1] 1.458347
[1] "iter: 484"
[1] "mu"
[1] "done_mu"
[1] "pi"
[1] "done_pi"
[1] "mu"
[1] "done_mu"
[1] "pi"
[1] "done_pi"
[1] 1.481631
[1] "iter: 485"
[1] "mu"
[1] "done_mu"
[1] "pi"
[1] "done_pi"
[1] "mu"
[1] "done_mu"
[1] "pi"
[1] "done_pi"
[1] 1.507773
[1] "iter: 486"
[1] "mu"
[1] "done_mu"
[1] "pi"
[1] "done_pi"
[1] "mu"
[1] "done_mu"
[1] "pi"
[1] "done_pi"
[1] 1.554079
[1] "iter: 487"
[1] "mu"
[1] "done_mu"
[1] "pi"
[1] "done_pi"
[1] "mu"
[1] "done_mu"
[1] "pi"
[1] "done_pi"
[1] 1.390259
[1] "iter: 488"
[1] "mu"
[1] "done_mu"
[1] "pi"
[1] "done_pi"
[1] "mu"
[1] "done_mu"
[1] "pi"
[1] "done_pi"
[1] 1.445675
[1] "iter: 489"
[1] "mu"
[1] "done_mu"
[1] "pi"
[1] "done_pi"
[1] "mu"
[1] "done_mu"
[1] "pi"
[1] "done_pi"
[1] 1.402036
[1] "iter: 490"
[1] "mu"
[1] "done_mu"
[1] "pi"
[1] "done_pi"
[1] "mu"
[1] "done_mu"
[1] "pi"
[1] "done_pi"
[1] 1.486746
[1] "iter: 491"
[1] "mu"
[1] "done_mu"
[1] "pi"
[1] "done_pi"
[1] "mu"
[1] "done_mu"
[1] "pi"
[1] "done_pi"
[1] 1.374366
[1] "iter: 492"
[1] "mu"
[1] "done_mu"
[1] "pi"
[1] "done_pi"
[1] "mu"
[1] "done_mu"
[1] "pi"
[1] "done_pi"
[1] 1.458548
[1] "iter: 493"
[1] "mu"
[1] "done_mu"
[1] "pi"
[1] "done_pi"
[1] "mu"
[1] "done_mu"
[1] "pi"
[1] "done_pi"
[1] 1.48093
[1] "iter: 494"
[1] "mu"
[1] "done_mu"
[1] "pi"
[1] "done_pi"
[1] "mu"
[1] "done_mu"
[1] "pi"
[1] "done_pi"
[1] 1.456128
[1] "iter: 495"
[1] "mu"
[1] "done_mu"
[1] "pi"
[1] "done_pi"
[1] "mu"
[1] "done_mu"
[1] "pi"
[1] "done_pi"
[1] 1.515126
[1] "iter: 496"
[1] "mu"
[1] "done_mu"
[1] "pi"
[1] "done_pi"
[1] "mu"
[1] "done_mu"
[1] "pi"
[1] "done_pi"
[1] 1.479717
[1] "iter: 497"
[1] "mu"
[1] "done_mu"
[1] "pi"
[1] "done_pi"
[1] "mu"
[1] "done_mu"
[1] "pi"
[1] "done_pi"
[1] 1.452955
[1] "iter: 498"
[1] "mu"
[1] "done_mu"
[1] "pi"
[1] "done_pi"
[1] "mu"
[1] "done_mu"
[1] "pi"
[1] "done_pi"
[1] 1.455546
[1] "iter: 499"
[1] "mu"
[1] "done_mu"
[1] "pi"
[1] "done_pi"
[1] "mu"
[1] "done_mu"
[1] "pi"
[1] "done_pi"
[1] 1.521547
[1] "iter: 500"
[1] "mu"
[1] "done_mu"
[1] "pi"
[1] "done_pi"
[1] "mu"
[1] "done_mu"
[1] "pi"
[1] "done_pi"
[1] 1.44248
      estimate  CI_left CI_right misp estimator iter
   1: 1.423029 1.319910 1.511558    1     auDRI    1
   2: 1.418486 1.333420 1.503552    1      AIPW    1
   3: 1.475361 1.341371 1.639540    2     auDRI    1
   4: 1.476879 1.205439 1.748320    2      AIPW    1
   5: 1.426261 1.343231 1.515749    3     auDRI    1
  ---                                               
3996: 1.598727 1.316660 1.880795    2      AIPW  500
3997: 1.485521 1.396058 1.589256    3     auDRI  500
3998: 1.436246 1.365756 1.506736    3      AIPW  500
3999: 2.620967 2.491833 2.748274    4     auDRI  500
4000: 2.884603 2.760077 3.009128    4      AIPW  500
