LOADING R
R LOADED
[1] "/home/lvanderl/Rlibs2"                         
[2] "/app/software/R/4.3.1-gfbf-2022b/lib/R/library"
[1] "/home/lvanderl/sieveSims"
[1] "iter: 1"
[1] "mu"
[1] "done_mu"
[1] "pi"
predictions 
  0.1458594 
[1] "mu"
[1] "done_mu"
[1] "pi"
predictions 
  0.1340302 
[1] "mu"
[1] "done_mu"
[1] "pi"
Lrnr_xgboost_100_1_10_1_0.15  Lrnr_xgboost_30_1_10_2_0.15 
                   0.1380015                    0.1396637 
 Lrnr_xgboost_30_1_10_3_0.15  Lrnr_xgboost_30_1_10_4_0.15 
                   0.1380441                    0.1389795 
 Lrnr_xgboost_30_1_10_5_0.15 
                   0.1391763 
[1] "mu"
[1] "done_mu"
[1] "pi"
NULL
[1] "earth"
