LOADING R
R LOADED
[1] "/home/lvanderl/Rlibs2"                         
[2] "/app/software/R/4.2.2-foss-2021b/lib/R/library"
[1] "/home/lvanderl/sieveSims"
[1] "Current settings:"
[1] 2500
[1] 1
[1] 1
  0%  25%  50%  75% 100% 
   1    1    1    1    1 
  0%  25%  50%  75% 100% 
   1    1    1    1    1 
[1] 0.03467063 0.96514547
[1] "Current settings:"
[1] 2500
[1] 1
[1] 2
  0%  25%  50%  75% 100% 
   1    1    1    1    1 
  0%  25%  50%  75% 100% 
   1    1    1    1    1 
[1] 0.03271114 0.96381532
[1] "Current settings:"
[1] 2500
[1] 1
[1] 3
  0%  25%  50%  75% 100% 
   1    1    1    1    1 
  0%  25%  50%  75% 100% 
   1    1    1    1    1 
[1] 0.04225133 0.96858036
[1] "Current settings:"
[1] 2500
[1] 1
[1] 4
  0%  25%  50%  75% 100% 
   1    1    1    1    1 
  0%  25%  50%  75% 100% 
   1    1    1    1    1 
[1] 0.03494081 0.97021202
[1] "Current settings:"
[1] 2500
[1] 1
[1] 5
  0%  25%  50%  75% 100% 
   1    1    1    1    1 
  0%  25%  50%  75% 100% 
   1    1    1    1    1 
[1] 0.03681756 0.95466516
[1] "Current settings:"
[1] 2500
[1] 1
[1] 6
  0%  25%  50%  75% 100% 
   1    1    1    1    1 
  0%  25%  50%  75% 100% 
   1    1    1    1    1 
[1] 0.02686988 0.97072135
[1] "Current settings:"
[1] 2500
[1] 1
[1] 7
  0%  25%  50%  75% 100% 
   1    1    1    1    1 
  0%  25%  50%  75% 100% 
   1    1    1    1    1 
[1] 0.03991188 0.96717842
[1] "Current settings:"
[1] 2500
[1] 1
[1] 8
  0%  25%  50%  75% 100% 
   1    1    1    1    1 
  0%  25%  50%  75% 100% 
   1    1    1    1    1 
[1] 0.03436568 0.96313276
[1] "Current settings:"
[1] 2500
[1] 1
[1] 9
  0%  25%  50%  75% 100% 
   1    1    1    1    1 
  0%  25%  50%  75% 100% 
   1    1    1    1    1 
[1] 0.0258154 0.9726742
[1] "Current settings:"
[1] 2500
[1] 1
[1] 10
  0%  25%  50%  75% 100% 
   1    1    1    1    1 
  0%  25%  50%  75% 100% 
   1    1    1    1    1 
[1] 0.03241343 0.97075702
[1] "Current settings:"
[1] 2500
[1] 1
[1] 11
  0%  25%  50%  75% 100% 
   1    1    1    1    1 
  0%  25%  50%  75% 100% 
   1    1    1    1    1 
[1] 0.03029053 0.96130096
[1] "Current settings:"
[1] 2500
[1] 1
[1] 12
  0%  25%  50%  75% 100% 
   1    1    1    1    1 
  0%  25%  50%  75% 100% 
   1    1    1    1    1 
[1] 0.02180097 0.97079448
[1] "Current settings:"
[1] 2500
[1] 1
[1] 13
  0%  25%  50%  75% 100% 
   1    1    1    1    1 
  0%  25%  50%  75% 100% 
   1    1    1    1    1 
[1] 0.03253171 0.97207397
[1] "Current settings:"
[1] 2500
[1] 1
[1] 14
  0%  25%  50%  75% 100% 
   1    1    1    1    1 
  0%  25%  50%  75% 100% 
   1    1    1    1    1 
[1] 0.04049325 0.94168780
[1] "Current settings:"
[1] 2500
[1] 1
[1] 15
  0%  25%  50%  75% 100% 
   1    1    1    1    1 
  0%  25%  50%  75% 100% 
   1    1    1    1    1 
[1] 0.02741357 0.96448130
[1] "Current settings:"
[1] 2500
[1] 1
[1] 16
  0%  25%  50%  75% 100% 
   1    1    1    1    1 
  0%  25%  50%  75% 100% 
   1    1    1    1    1 
[1] 0.02936634 0.96364774
[1] "Current settings:"
[1] 2500
[1] 1
[1] 17
  0%  25%  50%  75% 100% 
   1    1    1    1    1 
  0%  25%  50%  75% 100% 
   1    1    1    1    1 
[1] 0.04024837 0.96147620
[1] "Current settings:"
[1] 2500
[1] 1
[1] 18
  0%  25%  50%  75% 100% 
   1    1    1    1    1 
  0%  25%  50%  75% 100% 
   1    1    1    1    1 
[1] 0.02712545 0.96757617
[1] "Current settings:"
[1] 2500
[1] 1
[1] 19
  0%  25%  50%  75% 100% 
   1    1    1    1    1 
  0%  25%  50%  75% 100% 
   1    1    1    1    1 
[1] 0.03090597 0.96557160
[1] "Current settings:"
[1] 2500
[1] 1
[1] 20
  0%  25%  50%  75% 100% 
   1    1    1    1    1 
  0%  25%  50%  75% 100% 
   1    1    1    1    1 
[1] 0.02958886 0.96738393
[1] "Current settings:"
[1] 2500
[1] 1
[1] 21
  0%  25%  50%  75% 100% 
   1    1    1    1    1 
  0%  25%  50%  75% 100% 
   1    1    1    1    1 
[1] 0.04998133 0.97105464
[1] "Current settings:"
[1] 2500
[1] 1
[1] 22
  0%  25%  50%  75% 100% 
   1    1    1    1    1 
  0%  25%  50%  75% 100% 
   1    1    1    1    1 
[1] 0.02552014 0.96906049
[1] "Current settings:"
[1] 2500
[1] 1
[1] 23
  0%  25%  50%  75% 100% 
   1    1    1    1    1 
  0%  25%  50%  75% 100% 
   1    1    1    1    1 
[1] 0.02102889 0.96826711
[1] "Current settings:"
[1] 2500
[1] 1
[1] 24
  0%  25%  50%  75% 100% 
   1    1    1    1    1 
  0%  25%  50%  75% 100% 
   1    1    1    1    1 
[1] 0.04087823 0.96769113
[1] "Current settings:"
[1] 2500
[1] 1
[1] 25
  0%  25%  50%  75% 100% 
   1    1    1    1    1 
  0%  25%  50%  75% 100% 
   1    1    1    1    1 
[1] 0.03318133 0.96769177
[1] "Current settings:"
[1] 2500
[1] 1
[1] 26
  0%  25%  50%  75% 100% 
   1    1    1    1    1 
  0%  25%  50%  75% 100% 
   1    1    1    1    1 
[1] 0.04256507 0.96260401
[1] "Current settings:"
[1] 2500
[1] 1
[1] 27
  0%  25%  50%  75% 100% 
   1    1    1    1    1 
  0%  25%  50%  75% 100% 
   1    1    1    1    1 
[1] 0.02986825 0.97820574
[1] "Current settings:"
[1] 2500
[1] 1
[1] 28
  0%  25%  50%  75% 100% 
   1    1    1    1    1 
  0%  25%  50%  75% 100% 
   1    1    1    1    1 
[1] 0.0324510 0.9623107
[1] "Current settings:"
[1] 2500
[1] 1
[1] 29
  0%  25%  50%  75% 100% 
   1    1    1    1    1 
  0%  25%  50%  75% 100% 
   1    1    1    1    1 
[1] 0.02603609 0.97295142
[1] "Current settings:"
[1] 2500
[1] 1
[1] 30
  0%  25%  50%  75% 100% 
   1    1    1    1    1 
  0%  25%  50%  75% 100% 
   1    1    1    1    1 
[1] 0.03823732 0.97591998
[1] "Current settings:"
[1] 2500
[1] 1
[1] 31
  0%  25%  50%  75% 100% 
   1    1    1    1    1 
  0%  25%  50%  75% 100% 
   1    1    1    1    1 
[1] 0.03408362 0.96671698
[1] "Current settings:"
[1] 2500
[1] 1
[1] 32
  0%  25%  50%  75% 100% 
   1    1    1    1    1 
  0%  25%  50%  75% 100% 
   1    1    1    1    1 
[1] 0.0366756 0.9634488
[1] "Current settings:"
[1] 2500
[1] 1
[1] 33
  0%  25%  50%  75% 100% 
   1    1    1    1    1 
  0%  25%  50%  75% 100% 
   1    1    1    1    1 
[1] 0.0209874 0.9747028
[1] "Current settings:"
[1] 2500
[1] 1
[1] 34
  0%  25%  50%  75% 100% 
   1    1    1    1    1 
  0%  25%  50%  75% 100% 
   1    1    1    1    1 
[1] 0.02931404 0.97169646
[1] "Current settings:"
[1] 2500
[1] 1
[1] 35
  0%  25%  50%  75% 100% 
   1    1    1    1    1 
  0%  25%  50%  75% 100% 
   1    1    1    1    1 
[1] 0.03695258 0.97554784
[1] "Current settings:"
[1] 2500
[1] 1
[1] 36
  0%  25%  50%  75% 100% 
   1    1    1    1    1 
  0%  25%  50%  75% 100% 
   1    1    1    1    1 
[1] 0.03494344 0.96062946
[1] "Current settings:"
[1] 2500
[1] 1
[1] 37
  0%  25%  50%  75% 100% 
   1    1    1    1    1 
  0%  25%  50%  75% 100% 
   1    1    1    1    1 
[1] 0.03473789 0.97609764
[1] "Current settings:"
[1] 2500
[1] 1
[1] 38
  0%  25%  50%  75% 100% 
   1    1    1    1    1 
  0%  25%  50%  75% 100% 
   1    1    1    1    1 
[1] 0.04662775 0.96736858
[1] "Current settings:"
[1] 2500
[1] 1
[1] 39
  0%  25%  50%  75% 100% 
   1    1    1    1    1 
  0%  25%  50%  75% 100% 
   1    1    1    1    1 
[1] 0.04124942 0.95112431
[1] "Current settings:"
[1] 2500
[1] 1
[1] 40
  0%  25%  50%  75% 100% 
   1    1    1    1    1 
  0%  25%  50%  75% 100% 
   1    1    1    1    1 
[1] 0.0312354 0.9619698
[1] "Current settings:"
[1] 2500
[1] 1
[1] 41
  0%  25%  50%  75% 100% 
   1    1    1    1    1 
  0%  25%  50%  75% 100% 
   1    1    1    1    1 
[1] 0.03909826 0.97209545
[1] "Current settings:"
[1] 2500
[1] 1
[1] 42
  0%  25%  50%  75% 100% 
   1    1    1    1    1 
  0%  25%  50%  75% 100% 
   1    1    1    1    1 
[1] 0.03295181 0.97157255
[1] "Current settings:"
[1] 2500
[1] 1
[1] 43
  0%  25%  50%  75% 100% 
   1    1    1    1    1 
  0%  25%  50%  75% 100% 
   1    1    1    1    1 
[1] 0.02357533 0.95332745
[1] "Current settings:"
[1] 2500
[1] 1
[1] 44
  0%  25%  50%  75% 100% 
   1    1    1    1    1 
  0%  25%  50%  75% 100% 
   1    1    1    1    1 
[1] 0.03277131 0.96692052
[1] "Current settings:"
[1] 2500
[1] 1
[1] 45
  0%  25%  50%  75% 100% 
   1    1    1    1    1 
  0%  25%  50%  75% 100% 
   1    1    1    1    1 
[1] 0.03189553 0.96193455
[1] "Current settings:"
[1] 2500
[1] 1
[1] 46
  0%  25%  50%  75% 100% 
   1    1    1    1    1 
  0%  25%  50%  75% 100% 
   1    1    1    1    1 
[1] 0.02524929 0.96566727
[1] "Current settings:"
[1] 2500
[1] 1
[1] 47
  0%  25%  50%  75% 100% 
   1    1    1    1    1 
  0%  25%  50%  75% 100% 
   1    1    1    1    1 
[1] 0.03274142 0.96832979
[1] "Current settings:"
[1] 2500
[1] 1
[1] 48
  0%  25%  50%  75% 100% 
   1    1    1    1    1 
  0%  25%  50%  75% 100% 
   1    1    1    1    1 
[1] 0.02447296 0.97815391
[1] "Current settings:"
[1] 2500
[1] 1
[1] 49
  0%  25%  50%  75% 100% 
   1    1    1    1    1 
  0%  25%  50%  75% 100% 
   1    1    1    1    1 
[1] 0.0214541 0.9725466
[1] "Current settings:"
[1] 2500
[1] 1
[1] 50
  0%  25%  50%  75% 100% 
   1    1    1    1    1 
  0%  25%  50%  75% 100% 
   1    1    1    1    1 
[1] 0.03936708 0.96852805
[1] "Current settings:"
[1] 2500
[1] 1
[1] 51
  0%  25%  50%  75% 100% 
   1    1    1    1    1 
  0%  25%  50%  75% 100% 
   1    1    1    1    1 
[1] 0.03086398 0.97424623
[1] "Current settings:"
[1] 2500
[1] 1
[1] 52
  0%  25%  50%  75% 100% 
   1    1    1    1    1 
  0%  25%  50%  75% 100% 
   1    1    1    1    1 
[1] 0.0391221 0.9609079
[1] "Current settings:"
[1] 2500
[1] 1
[1] 53
  0%  25%  50%  75% 100% 
   1    1    1    1    1 
  0%  25%  50%  75% 100% 
   1    1    1    1    1 
[1] 0.02538807 0.97025893
[1] "Current settings:"
[1] 2500
[1] 1
[1] 54
  0%  25%  50%  75% 100% 
   1    1    1    1    1 
  0%  25%  50%  75% 100% 
   1    1    1    1    1 
[1] 0.0294204 0.9760672
[1] "Current settings:"
[1] 2500
[1] 1
[1] 55
  0%  25%  50%  75% 100% 
   1    1    1    1    1 
  0%  25%  50%  75% 100% 
   1    1    1    1    1 
[1] 0.02497114 0.96486764
[1] "Current settings:"
[1] 2500
[1] 1
[1] 56
  0%  25%  50%  75% 100% 
   1    1    1    1    1 
