LOADING R
R LOADED
[1] "/home/lvanderl/Rlibs2"                         
[2] "/app/software/R/4.2.2-foss-2021b/lib/R/library"
[1] "/home/lvanderl/sieveSims"
[1] "Iteration number: 1"
[1] "pos"
[1] 4.562373e-09 9.999993e-01
[1] "Fitting mu0 = E[Y|A=0,W]"
NULL
[1] "Fitting tau = E[Y|A=1,W] - E[Y|A=0,W]"
NULL
[1] 0.02413642
[1] 0.01441683
[1] 0.02413642
[1] -0.3748377  1.5181981
[1] "cutoff"
[1] 0.0008032228
[1] 0.0008032228 0.9991967772
[1] "Fitting m = E[Y|W]"
[1] "Fitting pi = E[A|W]"
[1] "Fitting tau = E[Y|A=1,W] - E[Y|A=0,W]"
[1] 1.023978
NULL
[1] 0.02864502
[1] 0.01422623
(Intercept) 
 0.02864502 
[1] "Iteration number: 2"
[1] "pos"
[1] 4.321104e-09 9.999991e-01
[1] "Fitting mu0 = E[Y|A=0,W]"
NULL
[1] "Fitting tau = E[Y|A=1,W] - E[Y|A=0,W]"
NULL
[1] 0.02448036
[1] 0.01418243
[1] 0.02448036
[1] -0.3246435  1.4721364
[1] "cutoff"
[1] 0.0008032228
[1] 0.0008032228 0.9991967772
[1] "Fitting m = E[Y|W]"
[1] "Fitting pi = E[A|W]"
[1] "Fitting tau = E[Y|A=1,W] - E[Y|A=0,W]"
[1] 1.009155
NULL
[1] 0.0285667
[1] 0.01404027
(Intercept) 
  0.0285667 
[1] "Iteration number: 3"
[1] "pos"
[1] 6.345869e-09 9.999994e-01
[1] "Fitting mu0 = E[Y|A=0,W]"
NULL
[1] "Fitting tau = E[Y|A=1,W] - E[Y|A=0,W]"
NULL
[1] 0.02254005
[1] 0.01417458
[1] 0.02254005
[1] -0.3589337  1.5195120
[1] "cutoff"
[1] 0.001606436
[1] 0.001606436 0.998393564
[1] "Fitting m = E[Y|W]"
[1] "Fitting pi = E[A|W]"
[1] "Fitting tau = E[Y|A=1,W] - E[Y|A=0,W]"
[1] 1.017384
NULL
[1] 0.02810397
[1] 0.01460125
(Intercept) 
 0.02810397 
[1] "Iteration number: 4"
[1] "pos"
[1] 7.856764e-09 9.999994e-01
[1] "Fitting mu0 = E[Y|A=0,W]"
NULL
[1] "Fitting tau = E[Y|A=1,W] - E[Y|A=0,W]"
NULL
[1] 0.02251059
[1] 0.01379671
[1] 0.02251059
[1] -0.338482  1.568305
[1] "cutoff"
[1] 1e-08
[1] 1e-08 1e+00
[1] "Fitting m = E[Y|W]"
[1] "Fitting pi = E[A|W]"
[1] "Fitting tau = E[Y|A=1,W] - E[Y|A=0,W]"
