LOADING R
R LOADED
[1] "/home/lvanderl/Rlibs2"                         
[2] "/app/software/R/4.2.2-foss-2021b/lib/R/library"
[1] "/home/lvanderl/sieveSims"
[1] 1
[1] 0.8270549
[1] 0.8299412
[1] "AdaLSE"
[1] 0.8396622
[1] 0.01762128
[1] "AdaLSE CI"
[1] 1
[1] 1
[1] 1
[1] 1
[1] "Fitting mean A"
[1] "Fitting variance A"
[1] "DR"
[1] 0.8367076
[1] 0.01638352
[1] "DR CI"
[1] 1
[1] 1
[1] 1
[1] 1
[1] "se comparison"
[1] NA
[1] NA
[1] 2
[1] 0.8270549
[1] 0.8299412
[1] "AdaLSE"
[1] 0.8204857
[1] 0.01727368
[1] "AdaLSE CI"
[1] 1
[1] 1
[1] 2
[1] 2
[1] "Fitting mean A"
[1] "Fitting variance A"
[1] "DR"
[1] 0.8165855
[1] 0.01623805
[1] "DR CI"
[1] 1
[1] 1
[1] 2
[1] 2
[1] "se comparison"
[1] 0.01355982
[1] 0.01422849
[1] 3
[1] 0.8270549
[1] 0.8299412
[1] "AdaLSE"
[1] 0.8247822
[1] 0.01689658
[1] "AdaLSE CI"
[1] 1
[1] 1
[1] 3
[1] 3
[1] "Fitting mean A"
[1] "Fitting variance A"
[1] "DR"
[1] 0.8225708
[1] 0.0160717
[1] "DR CI"
[1] 1
[1] 1
[1] 3
[1] 3
[1] "se comparison"
[1] 0.01006323
[1] 0.01033258
[1] 4
[1] 0.8270549
[1] 0.8299412
[1] "AdaLSE"
[1] 0.8444856
[1] 0.01777777
[1] "AdaLSE CI"
[1] 1
[1] 1
[1] 4
[1] 4
[1] "Fitting mean A"
[1] "Fitting variance A"
[1] "DR"
[1] 0.8448576
[1] 0.01654859
[1] "DR CI"
[1] 1
[1] 1
[1] 4
[1] 4
[1] "se comparison"
[1] 0.01152929
[1] 0.01291962
[1] 5
[1] 0.8270549
[1] 0.8299412
[1] "AdaLSE"
[1] 0.8828146
[1] 0.01769648
[1] "AdaLSE CI"
[1] 0.8
[1] 0.8
[1] 1 4
[1] 1 4
[1] "Fitting mean A"
[1] "Fitting variance A"
[1] "DR"
[1] 0.8807343
[1] 0.01711808
[1] "DR CI"
[1] 0.8
[1] 0.8
[1] 1 4
[1] 1 4
[1] "se comparison"
[1] 0.02467689
[1] 0.02522553
[1] 6
[1] 0.8270549
[1] 0.8299412
[1] "AdaLSE"
[1] 0.8505313
[1] 0.01720397
[1] "AdaLSE CI"
[1] 0.8333333
[1] 0.8333333
[1] 1 5
[1] 1 5
[1] "Fitting mean A"
[1] "Fitting variance A"
[1] "DR"
[1] 0.8433736
[1] 0.0166543
[1] "DR CI"
[1] 0.8333333
[1] 0.8333333
[1] 1 5
[1] 1 5
[1] "se comparison"
[1] 0.02231713
[1] 0.02259747
[1] 7
[1] 0.8270549
[1] 0.8299412
[1] "AdaLSE"
[1] 0.818446
[1] 0.01745599
[1] "AdaLSE CI"
[1] 0.8571429
[1] 0.8571429
[1] 1 6
[1] 1 6
[1] "Fitting mean A"
[1] "Fitting variance A"
[1] "DR"
[1] 0.817379
[1] 0.01643531
[1] "DR CI"
[1] 0.8571429
[1] 0.8571429
[1] 1 6
[1] 1 6
[1] "se comparison"
[1] 0.02251291
[1] 0.02244847
[1] 8
[1] 0.8270549
[1] 0.8299412
[1] "AdaLSE"
[1] 0.8097128
[1] 0.01747749
[1] "AdaLSE CI"
[1] 0.875
[1] 0.875
[1] 1 7
[1] 1 7
[1] "Fitting mean A"
[1] "Fitting variance A"
[1] "DR"
[1] 0.8089836
[1] 0.01663689
[1] "DR CI"
[1] 0.875
[1] 0.875
[1] 1 7
[1] 1 7
[1] "se comparison"
[1] 0.02346062
[1] 0.02309318
[1] 9
[1] 0.8270549
[1] 0.8299412
[1] "AdaLSE"
[1] 0.8211738
[1] 0.01762123
[1] "AdaLSE CI"
[1] 0.8888889
[1] 0.8888889
[1] 1 8
[1] 1 8
[1] "Fitting mean A"
[1] "Fitting variance A"
[1] "DR"
[1] 0.8207534
[1] 0.01646095
[1] "DR CI"
[1] 0.8888889
[1] 0.8888889
[1] 1 8
[1] 1 8
[1] "se comparison"
[1] 0.02252204
[1] 0.02204164
[1] 10
[1] 0.8270549
[1] 0.8299412
[1] "AdaLSE"
[1] 0.8431676
[1] 0.0176755
[1] "AdaLSE CI"
[1] 0.9
[1] 0.9
[1] 1 9
[1] 1 9
[1] "Fitting mean A"
[1] "Fitting variance A"
[1] "DR"
[1] 0.8398963
[1] 0.01657513
[1] "DR CI"
[1] 0.9
[1] 0.9
[1] 1 9
[1] 1 9
[1] "se comparison"
[1] 0.02140305
[1] 0.02091446
[1] 11
[1] 0.8270549
[1] 0.8299412
[1] "AdaLSE"
[1] 0.7856907
[1] 0.01864203
[1] "AdaLSE CI"
[1] 0.8181818
[1] 0.8181818
[1] 2 9
[1] 2 9
[1] "Fitting mean A"
[1] "Fitting variance A"
[1] "DR"
[1] 0.7855932
[1] 0.01735605
[1] "DR CI"
[1] 0.8181818
[1] 0.8181818
[1] 2 9
[1] 2 9
[1] "se comparison"
[1] 0.02525988
[1] 0.02448618
[1] 12
[1] 0.8270549
[1] 0.8299412
[1] "AdaLSE"
[1] 0.8457439
[1] 0.01766582
[1] "AdaLSE CI"
[1] 0.8333333
[1] 0.8333333
[1]  2 10
[1]  2 10
[1] "Fitting mean A"
[1] "Fitting variance A"
[1] "DR"
[1] 0.8429243
[1] 0.01675262
[1] "DR CI"
[1] 0.8333333
[1] 0.8333333
[1]  2 10
[1]  2 10
[1] "se comparison"
[1] 0.02445776
[1] 0.02369715
[1] 13
[1] 0.8270549
[1] 0.8299412
[1] "AdaLSE"
[1] 0.8427192
[1] 0.01718318
[1] "AdaLSE CI"
[1] 0.8461538
[1] 0.8461538
[1]  2 11
[1]  2 11
[1] "Fitting mean A"
[1] "Fitting variance A"
[1] "DR"
[1] 0.8369318
[1] 0.01604628
[1] "DR CI"
[1] 0.8461538
[1] 0.8461538
[1]  2 11
[1]  2 11
[1] "se comparison"
[1] 0.02359672
[1] 0.02276891
[1] 14
[1] 0.8270549
[1] 0.8299412
[1] "AdaLSE"
[1] 0.8665641
[1] 0.01829351
[1] "AdaLSE CI"
[1] 0.7857143
[1] 0.7857143
[1]  3 11
[1]  3 11
[1] "Fitting mean A"
[1] "Fitting variance A"
[1] "DR"
[1] 0.8622243
[1] 0.01789057
[1] "DR CI"
[1] 0.7857143
[1] 0.8571429
[1]  3 11
[1]  2 12
[1] "se comparison"
[1] 0.02437804
[1] 0.02345542
[1] 15
[1] 0.8270549
[1] 0.8299412
[1] "AdaLSE"
[1] 0.7948166
[1] 0.01824874
[1] "AdaLSE CI"
[1] 0.8
[1] 0.8
[1]  3 12
[1]  3 12
[1] "Fitting mean A"
[1] "Fitting variance A"
[1] "DR"
[1] 0.7915646
[1] 0.01723688
[1] "DR CI"
[1] 0.7333333
[1] 0.8
[1]  4 11
[1]  3 12
[1] "se comparison"
[1] 0.02572522
[1] 0.02498681
[1] 16
[1] 0.8270549
[1] 0.8299412
[1] "AdaLSE"
[1] 0.8099251
[1] 0.01724032
[1] "AdaLSE CI"
[1] 0.8125
[1] 0.8125
[1]  3 13
[1]  3 13
[1] "Fitting mean A"
[1] "Fitting variance A"
[1] "DR"
[1] 0.8066924
[1] 0.01669024
[1] "DR CI"
[1] 0.75
[1] 0.8125
[1]  4 12
[1]  3 13
[1] "se comparison"
[1] 0.02549789
[1] 0.02483709
[1] 17
[1] 0.8270549
[1] 0.8299412
[1] "AdaLSE"
[1] 0.8221776
[1] 0.01681955
[1] "AdaLSE CI"
[1] 0.8235294
[1] 0.8235294
[1]  3 14
[1]  3 14
[1] "Fitting mean A"
[1] "Fitting variance A"
[1] "DR"
[1] 0.8208615
[1] 0.016284
[1] "DR CI"
[1] 0.7647059
[1] 0.8235294
[1]  4 13
[1]  3 14
[1] "se comparison"
[1] 0.02478707
[1] 0.02412174
[1] 18
[1] 0.8270549
[1] 0.8299412
[1] "AdaLSE"
[1] 0.8214211
[1] 0.01776107
[1] "AdaLSE CI"
[1] 0.8333333
[1] 0.8333333
[1]  3 15
[1]  3 15
[1] "Fitting mean A"
[1] "Fitting variance A"
[1] "DR"
[1] 0.8187601
[1] 0.01675035
[1] "DR CI"
[1] 0.7777778
[1] 0.8333333
[1]  4 14
[1]  3 15
[1] "se comparison"
[1] 0.0241475
[1] 0.02350606
[1] 19
[1] 0.8270549
[1] 0.8299412
[1] "AdaLSE"
[1] 0.84818
[1] 0.01784461
[1] "AdaLSE CI"
[1] 0.8421053
[1] 0.8421053
[1]  3 16
[1]  3 16
[1] "Fitting mean A"
[1] "Fitting variance A"
[1] "DR"
[1] 0.8471441
[1] 0.01661303
[1] "DR CI"
[1] 0.7894737
[1] 0.8421053
[1]  4 15
[1]  3 16
[1] "se comparison"
[1] 0.02382532
[1] 0.02327819
[1] 20
[1] 0.8270549
[1] 0.8299412
[1] "AdaLSE"
[1] 0.8768527
[1] 0.01744479
[1] "AdaLSE CI"
[1] 0.8
[1] 0.8
[1]  4 16
[1]  4 16
[1] "Fitting mean A"
[1] "Fitting variance A"
[1] "DR"
[1] 0.8748094
[1] 0.01575635
[1] "DR CI"
[1] 0.75
[1] 0.8
[1]  5 15
[1]  4 16
[1] "se comparison"
[1] 0.02533871
[1] 0.02489666
[1] 21
[1] 0.8270549
[1] 0.8299412
[1] "AdaLSE"
[1] 0.8685573
[1] 0.01728562
[1] "AdaLSE CI"
[1] 0.7619048
[1] 0.7619048
[1]  5 16
[1]  5 16
[1] "Fitting mean A"
[1] "Fitting variance A"
[1] "DR"
[1] 0.8657208
[1] 0.01619244
[1] "DR CI"
[1] 0.7142857
[1] 0.7619048
[1]  6 15
[1]  5 16
[1] "se comparison"
[1] 0.02585692
[1] 0.02542372
[1] 22
[1] 0.8270549
[1] 0.8299412
[1] "AdaLSE"
[1] 0.8426547
[1] 0.01850031
[1] "AdaLSE CI"
[1] 0.7727273
[1] 0.7727273
[1]  5 17
[1]  5 17
[1] "Fitting mean A"
[1] "Fitting variance A"
[1] "DR"
[1] 0.8414775
[1] 0.01699854
[1] "DR CI"
[1] 0.7272727
[1] 0.7727273
[1]  6 16
[1]  5 17
[1] "se comparison"
[1] 0.0252846
[1] 0.02488274
[1] 23
[1] 0.8270549
[1] 0.8299412
[1] "AdaLSE"
[1] 0.8439714
[1] 0.01824376
[1] "AdaLSE CI"
[1] 0.7826087
[1] 0.7826087
[1]  5 18
[1]  5 18
[1] "Fitting mean A"
[1] "Fitting variance A"
[1] "DR"
[1] 0.8312762
[1] 0.01736662
[1] "DR CI"
[1] 0.7391304
[1] 0.7826087
[1]  6 17
[1]  5 18
[1] "se comparison"
[1] 0.02476664
[1] 0.02431338
[1] 24
[1] 0.8270549
[1] 0.8299412
[1] "AdaLSE"
[1] 0.8402043
[1] 0.01769007
[1] "AdaLSE CI"
[1] 0.7916667
[1] 0.7916667
[1]  5 19
[1]  5 19
[1] "Fitting mean A"
[1] "Fitting variance A"
[1] "DR"
[1] 0.8388037
[1] 0.01593001
[1] "DR CI"
[1] 0.75
[1] 0.7916667
[1]  6 18
[1]  5 19
[1] "se comparison"
[1] 0.02423855
[1] 0.02380897
[1] 25
[1] 0.8270549
[1] 0.8299412
[1] "AdaLSE"
[1] 0.8133508
[1] 0.01807699
[1] "AdaLSE CI"
[1] 0.8
[1] 0.8
[1]  5 20
[1]  5 20
[1] "Fitting mean A"
[1] "Fitting variance A"
[1] "DR"
[1] 0.8119764
[1] 0.01642088
[1] "DR CI"
[1] 0.76
[1] 0.8
[1]  6 19
[1]  5 20
[1] "se comparison"
[1] 0.02415789
[1] 0.02369077
[1] 26
[1] 0.8270549
[1] 0.8299412
[1] "AdaLSE"
[1] 0.8340935
[1] 0.01757145
[1] "AdaLSE CI"
[1] 0.8076923
[1] 0.8076923
[1]  5 21
[1]  5 21
[1] "Fitting mean A"
[1] "Fitting variance A"
[1] "DR"
[1] 0.8330478
[1] 0.01729953
[1] "DR CI"
[1] 0.7692308
[1] 0.8076923
[1]  6 20
[1]  5 21
[1] "se comparison"
[1] 0.02367066
[1] 0.02321253
[1] 27
[1] 0.8270549
[1] 0.8299412
[1] "AdaLSE"
[1] 0.8232859
[1] 0.01749177
[1] "AdaLSE CI"
[1] 0.8148148
[1] 0.8148148
[1]  5 22
[1]  5 22
[1] "Fitting mean A"
[1] "Fitting variance A"
[1] "DR"
[1] 0.8225563
[1] 0.01657203
[1] "DR CI"
[1] 0.7777778
[1] 0.8148148
[1]  6 21
[1]  5 22
[1] "se comparison"
[1] 0.02332178
[1] 0.02284
[1] 28
[1] 0.8270549
[1] 0.8299412
[1] "AdaLSE"
[1] 0.8609917
[1] 0.01777302
[1] "AdaLSE CI"
[1] 0.8214286
[1] 0.8214286
[1]  5 23
[1]  5 23
[1] "Fitting mean A"
[1] "Fitting variance A"
[1] "DR"
[1] 0.8596338
[1] 0.01669984
[1] "DR CI"
[1] 0.7857143
[1] 0.8214286
[1]  6 22
[1]  5 23
[1] "se comparison"
[1] 0.0234211
[1] 0.02301308
[1] 29
[1] 0.8270549
[1] 0.8299412
[1] "AdaLSE"
[1] 0.8502817
[1] 0.01707499
[1] "AdaLSE CI"
[1] 0.8275862
[1] 0.8275862
[1]  5 24
[1]  5 24
[1] "Fitting mean A"
[1] "Fitting variance A"
[1] "DR"
[1] 0.8466804
[1] 0.01646043
[1] "DR CI"
[1] 0.7931034
[1] 0.8275862
[1]  6 23
[1]  5 24
[1] "se comparison"
[1] 0.02316036
[1] 0.02274085
[1] 30
[1] 0.8270549
[1] 0.8299412
[1] "AdaLSE"
[1] 0.8249278
[1] 0.01779399
[1] "AdaLSE CI"
[1] 0.8333333
[1] 0.8333333
[1]  5 25
[1]  5 25
[1] "Fitting mean A"
[1] "Fitting variance A"
[1] "DR"
[1] 0.8204597
[1] 0.0163516
[1] "DR CI"
[1] 0.8
[1] 0.8333333
[1]  6 24
[1]  5 25
[1] "se comparison"
[1] 0.02284868
[1] 0.02247115
[1] 31
[1] 0.8270549
[1] 0.8299412
[1] "AdaLSE"
[1] 0.8218235
[1] 0.01614072
[1] "AdaLSE CI"
[1] 0.8387097
[1] 0.8387097
[1]  5 26
[1]  5 26
[1] "Fitting mean A"
[1] "Fitting variance A"
[1] "DR"
[1] 0.8175842
[1] 0.01493319
[1] "DR CI"
[1] 0.8064516
[1] 0.8387097
[1]  6 25
[1]  5 26
[1] "se comparison"
[1] 0.02260291
[1] 0.02226701
[1] 32
[1] 0.8270549
[1] 0.8299412
[1] "AdaLSE"
[1] 0.8014724
[1] 0.01884661
[1] "AdaLSE CI"
[1] 0.84375
[1] 0.84375
[1]  5 27
[1]  5 27
[1] "Fitting mean A"
[1] "Fitting variance A"
[1] "DR"
[1] 0.8001577
[1] 0.01747702
[1] "DR CI"
[1] 0.8125
[1] 0.84375
[1]  6 26
[1]  5 27
[1] "se comparison"
[1] 0.02302425
[1] 0.0226403
[1] 33
[1] 0.8270549
[1] 0.8299412
[1] "AdaLSE"
[1] 0.835093
[1] 0.01768739
[1] "AdaLSE CI"
[1] 0.8484848
[1] 0.8484848
[1]  5 28
[1]  5 28
[1] "Fitting mean A"
[1] "Fitting variance A"
[1] "DR"
[1] 0.832679
[1] 0.01661023
[1] "DR CI"
[1] 0.8181818
[1] 0.8484848
[1]  6 27
[1]  5 28
[1] "se comparison"
[1] 0.02266215
[1] 0.02228464
[1] 34
[1] 0.8270549
[1] 0.8299412
[1] "AdaLSE"
[1] 0.8354316
[1] 0.01713753
[1] "AdaLSE CI"
[1] 0.8529412
[1] 0.8529412
[1]  5 29
[1]  5 29
[1] "Fitting mean A"
[1] "Fitting variance A"
[1] "DR"
[1] 0.8349834
[1] 0.01592937
[1] "DR CI"
[1] 0.8235294
[1] 0.8529412
[1]  6 28
[1]  5 29
[1] "se comparison"
[1] 0.02231707
[1] 0.02195226
[1] 35
[1] 0.8270549
[1] 0.8299412
[1] "AdaLSE"
[1] 0.8305388
[1] 0.01735257
[1] "AdaLSE CI"
[1] 0.8571429
[1] 0.8571429
[1]  5 30
[1]  5 30
[1] "Fitting mean A"
[1] "Fitting variance A"
[1] "DR"
[1] 0.8270386
[1] 0.01638911
[1] "DR CI"
[1] 0.8285714
[1] 0.8571429
[1]  6 29
[1]  5 30
[1] "se comparison"
[1] 0.02199552
[1] 0.02164112
[1] 36
[1] 0.8270549
[1] 0.8299412
[1] "AdaLSE"
[1] 0.8110076
[1] 0.01760924
[1] "AdaLSE CI"
[1] 0.8611111
[1] 0.8611111
[1]  5 31
[1]  5 31
[1] "Fitting mean A"
[1] "Fitting variance A"
[1] "DR"
[1] 0.810073
[1] 0.0166509
[1] "DR CI"
[1] 0.8333333
[1] 0.8611111
[1]  6 30
[1]  5 31
[1] "se comparison"
[1] 0.02202012
[1] 0.02162733
[1] 37
[1] 0.8270549
[1] 0.8299412
[1] "AdaLSE"
[1] 0.8444288
[1] 0.01810296
[1] "AdaLSE CI"
[1] 0.8648649
[1] 0.8648649
[1]  5 32
[1]  5 32
[1] "Fitting mean A"
[1] "Fitting variance A"
[1] "DR"
[1] 0.8346676
[1] 0.01766057
[1] "DR CI"
[1] 0.8378378
[1] 0.8648649
[1]  6 31
[1]  5 32
[1] "se comparison"
[1] 0.02178595
[1] 0.02133369
[1] 38
[1] 0.8270549
[1] 0.8299412
[1] "AdaLSE"
[1] 0.8252324
[1] 0.01708683
[1] "AdaLSE CI"
[1] 0.8684211
[1] 0.8684211
[1]  5 33
[1]  5 33
[1] "Fitting mean A"
[1] "Fitting variance A"
[1] "DR"
[1] 0.8236734
[1] 0.0157311
[1] "DR CI"
[1] 0.8421053
[1] 0.8684211
[1]  6 32
[1]  5 33
[1] "se comparison"
[1] 0.02153467
[1] 0.02107725
[1] 39
[1] 0.8270549
[1] 0.8299412
[1] "AdaLSE"
[1] 0.8439861
[1] 0.01683437
[1] "AdaLSE CI"
[1] 0.8717949
[1] 0.8717949
[1]  5 34
[1]  5 34
[1] "Fitting mean A"
[1] "Fitting variance A"
[1] "DR"
[1] 0.8450713
[1] 0.01559871
[1] "DR CI"
[1] 0.8461538
[1] 0.8717949
[1]  6 33
[1]  5 34
[1] "se comparison"
[1] 0.02131445
[1] 0.02092258
[1] 40
[1] 0.8270549
[1] 0.8299412
[1] "AdaLSE"
[1] 0.8115865
[1] 0.0177044
[1] "AdaLSE CI"
[1] 0.875
[1] 0.875
[1]  5 35
[1]  5 35
[1] "Fitting mean A"
[1] "Fitting variance A"
[1] "DR"
[1] 0.8071275
[1] 0.01725395
[1] "DR CI"
[1] 0.85
[1] 0.875
[1]  6 34
[1]  5 35
[1] "se comparison"
[1] 0.02133222
[1] 0.02100048
[1] 41
[1] 0.8270549
[1] 0.8299412
[1] "AdaLSE"
[1] 0.8641971
[1] 0.01781255
[1] "AdaLSE CI"
[1] 0.8536585
[1] 0.8780488
[1]  6 35
[1]  5 36
[1] "Fitting mean A"
[1] "Fitting variance A"
[1] "DR"
[1] 0.8631429
[1] 0.01677013
[1] "DR CI"
[1] 0.8292683
[1] 0.8536585
[1]  7 34
[1]  6 35
[1] "se comparison"
[1] 0.02160927
[1] 0.02135002
[1] 42
[1] 0.8270549
[1] 0.8299412
[1] "AdaLSE"
[1] 0.8459304
[1] 0.01788221
[1] "AdaLSE CI"
[1] 0.8571429
[1] 0.8809524
[1]  6 36
[1]  5 37
[1] "Fitting mean A"
[1] "Fitting variance A"
[1] "DR"
[1] 0.8401098
[1] 0.01719065
[1] "DR CI"
[1] 0.8333333
[1] 0.8571429
[1]  7 35
[1]  6 36
[1] "se comparison"
[1] 0.02142256
[1] 0.02113089
[1] 43
[1] 0.8270549
[1] 0.8299412
[1] "AdaLSE"
[1] 0.8587696
[1] 0.01724952
[1] "AdaLSE CI"
[1] 0.8604651
[1] 0.8837209
[1]  6 37
[1]  5 38
[1] "Fitting mean A"
[1] "Fitting variance A"
[1] "DR"
[1] 0.8530268
[1] 0.01714519
[1] "DR CI"
[1] 0.8372093
[1] 0.8604651
[1]  7 36
[1]  6 37
[1] "se comparison"
[1] 0.02149128
[1] 0.02113192
[1] 44
[1] 0.8270549
[1] 0.8299412
[1] "AdaLSE"
[1] 0.8274344
[1] 0.01800771
[1] "AdaLSE CI"
[1] 0.8636364
[1] 0.8863636
[1]  6 38
[1]  5 39
[1] "Fitting mean A"
[1] "Fitting variance A"
[1] "DR"
[1] 0.8254845
[1] 0.01680318
[1] "DR CI"
[1] 0.8409091
[1] 0.8636364
[1]  7 37
[1]  6 38
[1] "se comparison"
[1] 0.0212698
[1] 0.02090855
[1] 45
[1] 0.8270549
[1] 0.8299412
[1] "AdaLSE"
[1] 0.8353191
[1] 0.01789971
[1] "AdaLSE CI"
[1] 0.8666667
[1] 0.8888889
[1]  6 39
[1]  5 40
[1] "Fitting mean A"
[1] "Fitting variance A"
[1] "DR"
[1] 0.8353447
[1] 0.01699099
[1] "DR CI"
[1] 0.8444444
[1] 0.8666667
[1]  7 38
[1]  6 39
[1] "se comparison"
[1] 0.02102689
[1] 0.02067578
[1] 46
[1] 0.8270549
[1] 0.8299412
[1] "AdaLSE"
[1] 0.8228229
[1] 0.01828796
[1] "AdaLSE CI"
[1] 0.8695652
[1] 0.8913043
[1]  6 40
[1]  5 41
[1] "Fitting mean A"
[1] "Fitting variance A"
[1] "DR"
[1] 0.8219784
[1] 0.01724973
[1] "DR CI"
[1] 0.8478261
[1] 0.8695652
[1]  7 39
[1]  6 40
[1] "se comparison"
[1] 0.02086622
[1] 0.02049836
[1] 47
[1] 0.8270549
[1] 0.8299412
[1] "AdaLSE"
[1] 0.8003418
[1] 0.01749503
[1] "AdaLSE CI"
[1] 0.8723404
[1] 0.893617
[1]  6 41
[1]  5 42
[1] "Fitting mean A"
[1] "Fitting variance A"
[1] "DR"
[1] 0.7987554
[1] 0.01641363
[1] "DR CI"
[1] 0.8510638
[1] 0.8723404
[1]  7 40
[1]  6 41
[1] "se comparison"
[1] 0.0212309
[1] 0.02083965
[1] 48
[1] 0.8270549
[1] 0.8299412
[1] "AdaLSE"
[1] 0.8271902
[1] 0.01801482
[1] "AdaLSE CI"
[1] 0.875
[1] 0.8958333
[1]  6 42
[1]  5 43
[1] "Fitting mean A"
[1] "Fitting variance A"
[1] "DR"
[1] 0.8203465
[1] 0.01719552
[1] "DR CI"
[1] 0.8541667
[1] 0.875
[1]  7 41
[1]  6 42
[1] "se comparison"
[1] 0.02102527
[1] 0.02067515
[1] 49
[1] 0.8270549
[1] 0.8299412
[1] "AdaLSE"
[1] 0.8230903
[1] 0.01759076
[1] "AdaLSE CI"
[1] 0.877551
[1] 0.8979592
[1]  6 43
[1]  5 44
[1] "Fitting mean A"
[1] "Fitting variance A"
[1] "DR"
[1] 0.8209381
[1] 0.01642404
[1] "DR CI"
[1] 0.8571429
[1] 0.877551
[1]  7 42
[1]  6 43
[1] "se comparison"
[1] 0.02085953
[1] 0.02050788
[1] 50
[1] 0.8270549
[1] 0.8299412
[1] "AdaLSE"
[1] 0.8415795
[1] 0.01751288
[1] "AdaLSE CI"
[1] 0.88
[1] 0.9
[1]  6 44
[1]  5 45
[1] "Fitting mean A"
[1] "Fitting variance A"
[1] "DR"
[1] 0.8413257
[1] 0.01660964
[1] "DR CI"
[1] 0.86
[1] 0.88
[1]  7 43
[1]  6 44
[1] "se comparison"
[1] 0.02067784
[1] 0.02035333
[1] 51
[1] 0.8270549
[1] 0.8299412
[1] "AdaLSE"
[1] 0.84582
[1] 0.01728286
[1] "AdaLSE CI"
[1] 0.8823529
[1] 0.9019608
[1]  6 45
[1]  5 46
[1] "Fitting mean A"
[1] "Fitting variance A"
[1] "DR"
[1] 0.8453708
[1] 0.0163952
[1] "DR CI"
[1] 0.8627451
[1] 0.8823529
[1]  7 44
[1]  6 45
[1] "se comparison"
[1] 0.02054165
[1] 0.02025055
[1] 52
[1] 0.8270549
[1] 0.8299412
[1] "AdaLSE"
[1] 0.8708285
[1] 0.01850363
[1] "AdaLSE CI"
[1] 0.8653846
[1] 0.8846154
[1]  7 45
[1]  6 46
[1] "Fitting mean A"
[1] "Fitting variance A"
[1] "DR"
[1] 0.8703234
[1] 0.01725233
[1] "DR CI"
[1] 0.8461538
[1] 0.8653846
[1]  8 44
[1]  7 45
[1] "se comparison"
[1] 0.0209768
[1] 0.02077303
[1] 53
[1] 0.8270549
[1] 0.8299412
[1] "AdaLSE"
[1] 0.8304747
[1] 0.01730862
[1] "AdaLSE CI"
[1] 0.8679245
[1] 0.8867925
[1]  7 46
[1]  6 47
[1] "Fitting mean A"
[1] "Fitting variance A"
[1] "DR"
[1] 0.8296499
[1] 0.01662283
[1] "DR CI"
[1] 0.8490566
[1] 0.8679245
[1]  8 45
[1]  7 46
[1] "se comparison"
[1] 0.02078159
[1] 0.02057469
[1] 54
[1] 0.8270549
[1] 0.8299412
[1] "AdaLSE"
[1] 0.8135203
[1] 0.01715747
[1] "AdaLSE CI"
[1] 0.8703704
[1] 0.8888889
[1]  7 47
[1]  6 48
[1] "Fitting mean A"
[1] "Fitting variance A"
[1] "DR"
[1] 0.8122071
[1] 0.01585401
[1] "DR CI"
[1] 0.8518519
[1] 0.8703704
[1]  8 46
[1]  7 47
[1] "se comparison"
[1] 0.02078079
[1] 0.02055482
[1] 55
[1] 0.8270549
[1] 0.8299412
[1] "AdaLSE"
[1] 0.8402266
[1] 0.01752626
[1] "AdaLSE CI"
[1] 0.8727273
[1] 0.8909091
[1]  7 48
[1]  6 49
[1] "Fitting mean A"
[1] "Fitting variance A"
[1] "DR"
[1] 0.8376063
[1] 0.01632429
[1] "DR CI"
[1] 0.8545455
[1] 0.8727273
[1]  8 47
[1]  7 48
[1] "se comparison"
[1] 0.02060423
[1] 0.02038014
[1] 56
[1] 0.8270549
[1] 0.8299412
[1] "AdaLSE"
[1] 0.823558
[1] 0.01799495
[1] "AdaLSE CI"
[1] 0.875
[1] 0.8928571
[1]  7 49
[1]  6 50
[1] "Fitting mean A"
[1] "Fitting variance A"
[1] "DR"
[1] 0.8228649
[1] 0.01700257
[1] "DR CI"
[1] 0.8571429
[1] 0.875
[1]  8 48
[1]  7 49
[1] "se comparison"
[1] 0.02046533
[1] 0.02022796
[1] 57
[1] 0.8270549
[1] 0.8299412
[1] "AdaLSE"
[1] 0.8511669
[1] 0.01813785
[1] "AdaLSE CI"
[1] 0.877193
[1] 0.8947368
[1]  7 50
[1]  6 51
[1] "Fitting mean A"
[1] "Fitting variance A"
[1] "DR"
[1] 0.8480704
[1] 0.016472
[1] "DR CI"
[1] 0.8596491
[1] 0.877193
[1]  8 49
[1]  7 50
[1] "se comparison"
[1] 0.020409
[1] 0.02016671
[1] 58
[1] 0.8270549
[1] 0.8299412
[1] "AdaLSE"
[1] 0.8588172
[1] 0.0186393
[1] "AdaLSE CI"
[1] 0.8793103
[1] 0.8965517
[1]  7 51
[1]  6 52
[1] "Fitting mean A"
[1] "Fitting variance A"
[1] "DR"
[1] 0.8510642
[1] 0.01782427
[1] "DR CI"
[1] 0.862069
[1] 0.8793103
[1]  8 50
[1]  7 51
[1] "se comparison"
[1] 0.02048394
[1] 0.02014903
[1] 59
[1] 0.8270549
[1] 0.8299412
[1] "AdaLSE"
[1] 0.8472915
[1] 0.01740541
[1] "AdaLSE CI"
[1] 0.8813559
[1] 0.8983051
[1]  7 52
[1]  6 53
[1] "Fitting mean A"
[1] "Fitting variance A"
[1] "DR"
[1] 0.8432742
[1] 0.01698419
[1] "DR CI"
[1] 0.8644068
[1] 0.8813559
[1]  8 51
[1]  7 52
[1] "se comparison"
[1] 0.02037251
[1] 0.0200275
[1] 60
[1] 0.8270549
[1] 0.8299412
[1] "AdaLSE"
[1] 0.8252621
[1] 0.0188883
[1] "AdaLSE CI"
[1] 0.8833333
[1] 0.9
[1]  7 53
[1]  6 54
[1] "Fitting mean A"
[1] "Fitting variance A"
[1] "DR"
[1] 0.825614
[1] 0.0177301
[1] "DR CI"
[1] 0.8666667
[1] 0.8833333
[1]  8 52
[1]  7 53
[1] "se comparison"
[1] 0.02023762
[1] 0.01987573
[1] 61
[1] 0.8270549
[1] 0.8299412
[1] "AdaLSE"
[1] 0.8352731
[1] 0.01857098
[1] "AdaLSE CI"
[1] 0.8852459
[1] 0.9016393
[1]  7 54
[1]  6 55
[1] "Fitting mean A"
[1] "Fitting variance A"
[1] "DR"
[1] 0.8348513
[1] 0.01705328
[1] "DR CI"
[1] 0.8688525
[1] 0.8852459
[1]  8 53
[1]  7 54
[1] "se comparison"
[1] 0.02006837
[1] 0.01971238
[1] 62
[1] 0.8270549
[1] 0.8299412
[1] "AdaLSE"
[1] 0.8475716
[1] 0.01729567
[1] "AdaLSE CI"
[1] 0.8870968
[1] 0.9032258
[1]  7 55
[1]  6 56
[1] "Fitting mean A"
[1] "Fitting variance A"
[1] "DR"
[1] 0.8449469
[1] 0.0167238
[1] "DR CI"
[1] 0.8709677
[1] 0.8870968
[1]  8 54
[1]  7 55
[1] "se comparison"
[1] 0.01996945
[1] 0.01961684
[1] 63
[1] 0.8270549
[1] 0.8299412
[1] "AdaLSE"
[1] 0.8119712
[1] 0.01688056
[1] "AdaLSE CI"
[1] 0.8888889
[1] 0.9047619
[1]  7 56
[1]  6 57
[1] "Fitting mean A"
[1] "Fitting variance A"
[1] "DR"
[1] 0.8086158
[1] 0.01604409
[1] "DR CI"
[1] 0.8730159
[1] 0.8888889
[1]  8 55
[1]  7 56
[1] "se comparison"
[1] 0.02001875
[1] 0.01968786
[1] 64
[1] 0.8270549
[1] 0.8299412
[1] "AdaLSE"
[1] 0.8536297
[1] 0.01749069
[1] "AdaLSE CI"
[1] 0.890625
[1] 0.90625
[1]  7 57
[1]  6 58
[1] "Fitting mean A"
[1] "Fitting variance A"
[1] "DR"
[1] 0.8513065
[1] 0.01657069
[1] "DR CI"
[1] 0.875
[1] 0.890625
[1]  8 56
[1]  7 57
[1] "se comparison"
[1] 0.02000096
[1] 0.01967879
[1] 65
[1] 0.8270549
[1] 0.8299412
[1] "AdaLSE"
[1] 0.8536424
[1] 0.01792614
[1] "AdaLSE CI"
[1] 0.8923077
[1] 0.9076923
[1]  7 58
[1]  6 59
[1] "Fitting mean A"
[1] "Fitting variance A"
[1] "DR"
[1] 0.8503183
[1] 0.0171321
[1] "DR CI"
[1] 0.8769231
[1] 0.8923077
[1]  8 57
[1]  7 58
[1] "se comparison"
[1] 0.01997963
[1] 0.01965127
[1] 66
[1] 0.8270549
[1] 0.8299412
[1] "AdaLSE"
[1] 0.8483592
[1] 0.0177419
[1] "AdaLSE CI"
[1] 0.8939394
[1] 0.9090909
[1]  7 59
[1]  6 60
[1] "Fitting mean A"
[1] "Fitting variance A"
[1] "DR"
[1] 0.8420811
[1] 0.01723593
[1] "DR CI"
[1] 0.8787879
[1] 0.8939394
[1]  8 58
[1]  7 59
[1] "se comparison"
[1] 0.0198914
[1] 0.01953424
[1] 67
[1] 0.8270549
[1] 0.8299412
[1] "AdaLSE"
[1] 0.828001
[1] 0.01801228
[1] "AdaLSE CI"
[1] 0.8955224
[1] 0.9104478
[1]  7 60
[1]  6 61
[1] "Fitting mean A"
[1] "Fitting variance A"
[1] "DR"
[1] 0.8260145
[1] 0.01708004
[1] "DR CI"
[1] 0.880597
[1] 0.8955224
[1]  8 59
[1]  7 60
[1] "se comparison"
[1] 0.01976081
[1] 0.01940323
[1] 68
[1] 0.8270549
[1] 0.8299412
[1] "AdaLSE"
[1] 0.8395652
[1] 0.01824221
[1] "AdaLSE CI"
[1] 0.8970588
[1] 0.9117647
[1]  7 61
[1]  6 62
[1] "Fitting mean A"
[1] "Fitting variance A"
[1] "DR"
[1] 0.8405747
[1] 0.01685396
[1] "DR CI"
[1] 0.8823529
[1] 0.8970588
[1]  8 60
[1]  7 61
[1] "se comparison"
[1] 0.01961965
[1] 0.01928175
[1] 69
[1] 0.8270549
[1] 0.8299412
[1] "AdaLSE"
[1] 0.8215675
[1] 0.01655746
[1] "AdaLSE CI"
[1] 0.8985507
[1] 0.9130435
[1]  7 62
[1]  6 63
[1] "Fitting mean A"
[1] "Fitting variance A"
[1] "DR"
[1] 0.8204791
[1] 0.01565417
[1] "DR CI"
[1] 0.884058
[1] 0.8985507
[1]  8 61
[1]  7 62
[1] "se comparison"
[1] 0.01954542
[1] 0.01919668
[1] 70
[1] 0.8270549
[1] 0.8299412
[1] "AdaLSE"
[1] 0.8146834
[1] 0.01793758
[1] "AdaLSE CI"
[1] 0.9
[1] 0.9142857
[1]  7 63
[1]  6 64
[1] "Fitting mean A"
[1] "Fitting variance A"
[1] "DR"
[1] 0.8110213
[1] 0.01739561
[1] "DR CI"
[1] 0.8857143
[1] 0.9
[1]  8 62
[1]  7 63
[1] "se comparison"
[1] 0.0195569
[1] 0.01923087
[1] 71
[1] 0.8270549
[1] 0.8299412
[1] "AdaLSE"
[1] 0.8140439
[1] 0.01788637
[1] "AdaLSE CI"
[1] 0.9014085
[1] 0.915493
[1]  7 64
[1]  6 65
[1] "Fitting mean A"
[1] "Fitting variance A"
[1] "DR"
[1] 0.8123017
[1] 0.01683964
[1] "DR CI"
[1] 0.8873239
[1] 0.9014085
[1]  8 63
[1]  7 64
[1] "se comparison"
[1] 0.01957322
[1] 0.01923991
[1] 72
[1] 0.8270549
[1] 0.8299412
[1] "AdaLSE"
[1] 0.8130786
[1] 0.01660594
[1] "AdaLSE CI"
[1] 0.9027778
[1] 0.9166667
[1]  7 65
[1]  6 66
[1] "Fitting mean A"
[1] "Fitting variance A"
[1] "DR"
[1] 0.8104008
[1] 0.0156728
[1] "DR CI"
[1] 0.8888889
[1] 0.9027778
[1]  8 64
[1]  7 65
[1] "se comparison"
[1] 0.01959918
[1] 0.019273
[1] 73
[1] 0.8270549
[1] 0.8299412
[1] "AdaLSE"
[1] 0.8635507
[1] 0.01714749
[1] "AdaLSE CI"
[1] 0.890411
[1] 0.9041096
[1]  8 65
[1]  7 66
[1] "Fitting mean A"
[1] "Fitting variance A"
[1] "DR"
[1] 0.8617006
[1] 0.01591048
[1] "DR CI"
[1] 0.8767123
[1] 0.890411
[1]  9 64
[1]  8 65
[1] "se comparison"
[1] 0.01976206
[1] 0.01945783
[1] 74
[1] 0.8270549
[1] 0.8299412
[1] "AdaLSE"
[1] 0.7986599
[1] 0.01765961
[1] "AdaLSE CI"
[1] 0.8918919
[1] 0.9054054
[1]  8 66
[1]  7 67
[1] "Fitting mean A"
[1] "Fitting variance A"
[1] "DR"
[1] 0.7973309
[1] 0.01632449
[1] "DR CI"
[1] 0.8783784
[1] 0.8783784
[1]  9 65
[1]  9 65
[1] "se comparison"
[1] 0.02006768
[1] 0.01974287
[1] 75
[1] 0.8270549
[1] 0.8299412
[1] "AdaLSE"
[1] 0.7976366
[1] 0.01733003
[1] "AdaLSE CI"
[1] 0.8933333
[1] 0.9066667
[1]  8 67
[1]  7 68
[1] "Fitting mean A"
[1] "Fitting variance A"
[1] "DR"
[1] 0.79411
[1] 0.01605521
[1] "DR CI"
[1] 0.8666667
[1] 0.8666667
[1] 10 65
[1] 10 65
[1] "se comparison"
[1] 0.02037346
[1] 0.02008254
[1] 76
[1] 0.8270549
[1] 0.8299412
[1] "AdaLSE"
[1] 0.8464018
[1] 0.01878096
[1] "AdaLSE CI"
[1] 0.8947368
[1] 0.9078947
[1]  8 68
[1]  7 69
[1] "Fitting mean A"
[1] "Fitting variance A"
[1] "DR"
[1] 0.8425997
[1] 0.01777716
[1] "DR CI"
[1] 0.8684211
[1] 0.8684211
[1] 10 66
[1] 10 66
[1] "se comparison"
[1] 0.0202896
[1] 0.01999137
[1] 77
[1] 0.8270549
[1] 0.8299412
[1] "AdaLSE"
[1] 0.8466556
[1] 0.01777554
[1] "AdaLSE CI"
[1] 0.8961039
[1] 0.9090909
[1]  8 69
[1]  7 70
[1] "Fitting mean A"
[1] "Fitting variance A"
[1] "DR"
[1] 0.8419016
[1] 0.01745965
[1] "DR CI"
[1] 0.8701299
[1] 0.8701299
[1] 10 67
[1] 10 67
[1] "se comparison"
[1] 0.02020834
[1] 0.01989609
[1] 78
[1] 0.8270549
[1] 0.8299412
[1] "AdaLSE"
[1] 0.8433673
[1] 0.01729945
[1] "AdaLSE CI"
[1] 0.8974359
[1] 0.9102564
[1]  8 70
[1]  7 71
[1] "Fitting mean A"
[1] "Fitting variance A"
[1] "DR"
[1] 0.8385623
[1] 0.0165003
[1] "DR CI"
[1] 0.8717949
[1] 0.8717949
[1] 10 68
[1] 10 68
[1] "se comparison"
[1] 0.02010451
[1] 0.0197829
[1] 79
[1] 0.8270549
[1] 0.8299412
[1] "AdaLSE"
[1] 0.8194814
[1] 0.01773939
[1] "AdaLSE CI"
[1] 0.8987342
[1] 0.9113924
[1]  8 71
[1]  7 72
[1] "Fitting mean A"
[1] "Fitting variance A"
[1] "DR"
[1] 0.8184748
[1] 0.01659536
[1] "DR CI"
[1] 0.8734177
[1] 0.8734177
[1] 10 69
[1] 10 69
[1] "se comparison"
[1] 0.02004326
[1] 0.01971052
[1] 80
[1] 0.8270549
[1] 0.8299412
[1] "AdaLSE"
[1] 0.8025481
[1] 0.01757644
[1] "AdaLSE CI"
[1] 0.9
[1] 0.9125
[1]  8 72
[1]  7 73
[1] "Fitting mean A"
[1] "Fitting variance A"
[1] "DR"
[1] 0.8047206
[1] 0.01633893
[1] "DR CI"
[1] 0.875
[1] 0.875
[1] 10 70
[1] 10 70
[1] "se comparison"
[1] 0.02022333
[1] 0.01981069
[1] 81
[1] 0.8270549
[1] 0.8299412
[1] "AdaLSE"
[1] 0.867269
[1] 0.0185409
[1] "AdaLSE CI"
[1] 0.8888889
[1] 0.9012346
[1]  9 72
[1]  8 73
[1] "Fitting mean A"
[1] "Fitting variance A"
[1] "DR"
[1] 0.8684785
[1] 0.01700927
[1] "DR CI"
[1] 0.8641975
[1] 0.8641975
[1] 11 70
[1] 11 70
[1] "se comparison"
[1] 0.02044238
[1] 0.02012128
[1] 82
[1] 0.8270549
[1] 0.8299412
[1] "AdaLSE"
[1] 0.8248774
[1] 0.01814992
[1] "AdaLSE CI"
[1] 0.8902439
[1] 0.902439
[1]  9 73
[1]  8 74
[1] "Fitting mean A"
[1] "Fitting variance A"
[1] "DR"
[1] 0.8238912
[1] 0.01725044
[1] "DR CI"
[1] 0.8658537
[1] 0.8658537
[1] 11 71
[1] 11 71
[1] "se comparison"
[1] 0.02034069
[1] 0.02001432
[1] 83
[1] 0.8270549
[1] 0.8299412
[1] "AdaLSE"
[1] 0.8544051
[1] 0.01737979
[1] "AdaLSE CI"
[1] 0.8915663
[1] 0.9036145
[1]  9 74
[1]  8 75
[1] "Fitting mean A"
[1] "Fitting variance A"
[1] "DR"
[1] 0.8529257
[1] 0.01582617
[1] "DR CI"
[1] 0.8674699
[1] 0.8674699
[1] 11 72
[1] 11 72
[1] "se comparison"
[1] 0.02034149
[1] 0.02003167
[1] 84
[1] 0.8270549
[1] 0.8299412
[1] "AdaLSE"
[1] 0.8575088
[1] 0.01700452
[1] "AdaLSE CI"
[1] 0.8928571
[1] 0.9047619
[1]  9 75
[1]  8 76
[1] "Fitting mean A"
[1] "Fitting variance A"
[1] "DR"
[1] 0.8524082
[1] 0.01599476
[1] "DR CI"
[1] 0.8690476
[1] 0.8690476
[1] 11 73
[1] 11 73
[1] "se comparison"
[1] 0.02037896
[1] 0.02003887
[1] 85
[1] 0.8270549
[1] 0.8299412
[1] "AdaLSE"
[1] 0.8125497
[1] 0.01787301
[1] "AdaLSE CI"
[1] 0.8941176
[1] 0.9058824
[1]  9 76
[1]  8 77
[1] "Fitting mean A"
[1] "Fitting variance A"
[1] "DR"
[1] 0.8127404
[1] 0.01734802
[1] "DR CI"
[1] 0.8705882
[1] 0.8705882
[1] 11 74
[1] 11 74
[1] "se comparison"
[1] 0.02039547
[1] 0.02002747
[1] 86
[1] 0.8270549
[1] 0.8299412
[1] "AdaLSE"
[1] 0.8310428
[1] 0.0175999
[1] "AdaLSE CI"
[1] 0.8953488
[1] 0.9069767
[1]  9 77
[1]  8 78
[1] "Fitting mean A"
[1] "Fitting variance A"
[1] "DR"
[1] 0.8276991
[1] 0.01648295
[1] "DR CI"
[1] 0.872093
[1] 0.872093
[1] 11 75
[1] 11 75
[1] "se comparison"
[1] 0.0202779
[1] 0.01991395
[1] 87
[1] 0.8270549
[1] 0.8299412
[1] "AdaLSE"
[1] 0.8345049
[1] 0.01745119
[1] "AdaLSE CI"
[1] 0.8965517
[1] 0.908046
[1]  9 78
[1]  8 79
[1] "Fitting mean A"
[1] "Fitting variance A"
[1] "DR"
[1] 0.8354161
[1] 0.01625213
[1] "DR CI"
[1] 0.8735632
[1] 0.8735632
[1] 11 76
[1] 11 76
[1] "se comparison"
[1] 0.0201597
[1] 0.01980197
[1] 88
[1] 0.8270549
[1] 0.8299412
[1] "AdaLSE"
[1] 0.8326137
[1] 0.01827176
[1] "AdaLSE CI"
[1] 0.8977273
[1] 0.9090909
[1]  9 79
[1]  8 80
[1] "Fitting mean A"
[1] "Fitting variance A"
[1] "DR"
[1] 0.8321615
[1] 0.01722581
[1] "DR CI"
[1] 0.875
[1] 0.875
[1] 11 77
[1] 11 77
[1] "se comparison"
[1] 0.02004414
[1] 0.01968791
[1] 89
[1] 0.8270549
[1] 0.8299412
[1] "AdaLSE"
[1] 0.8500846
[1] 0.01763497
[1] "AdaLSE CI"
[1] 0.8988764
[1] 0.9101124
[1]  9 80
[1]  8 81
[1] "Fitting mean A"
[1] "Fitting variance A"
[1] "DR"
[1] 0.8456637
[1] 0.01666911
[1] "DR CI"
[1] 0.8764045
[1] 0.8764045
[1] 11 78
[1] 11 78
[1] "se comparison"
[1] 0.02000187
[1] 0.0196317
[1] 90
[1] 0.8270549
[1] 0.8299412
[1] "AdaLSE"
[1] 0.8305554
[1] 0.01795671
[1] "AdaLSE CI"
[1] 0.9
[1] 0.9111111
[1]  9 81
[1]  8 82
[1] "Fitting mean A"
[1] "Fitting variance A"
[1] "DR"
[1] 0.829
[1] 0.0168087
[1] "DR CI"
[1] 0.8777778
[1] 0.8777778
[1] 11 79
[1] 11 79
[1] "se comparison"
[1] 0.01989304
[1] 0.0195234
[1] 91
[1] 0.8270549
[1] 0.8299412
[1] "AdaLSE"
[1] 0.8313399
[1] 0.01743948
[1] "AdaLSE CI"
[1] 0.9010989
[1] 0.9120879
[1]  9 82
[1]  8 83
[1] "Fitting mean A"
[1] "Fitting variance A"
[1] "DR"
[1] 0.8253217
[1] 0.01656184
[1] "DR CI"
[1] 0.8791209
[1] 0.8791209
[1] 11 80
[1] 11 80
[1] "se comparison"
[1] 0.01978454
[1] 0.01942656
[1] 92
[1] 0.8270549
[1] 0.8299412
[1] "AdaLSE"
[1] 0.8294537
[1] 0.01663019
[1] "AdaLSE CI"
[1] 0.9021739
[1] 0.9130435
[1]  9 83
[1]  8 84
[1] "Fitting mean A"
[1] "Fitting variance A"
[1] "DR"
[1] 0.8274616
[1] 0.01599005
[1] "DR CI"
[1] 0.8804348
[1] 0.8804348
[1] 11 81
[1] 11 81
[1] "se comparison"
[1] 0.01968176
[1] 0.01932468
[1] 93
[1] 0.8270549
[1] 0.8299412
[1] "AdaLSE"
[1] 0.834726
[1] 0.018565
[1] "AdaLSE CI"
[1] 0.9032258
[1] 0.9139785
[1]  9 84
[1]  8 85
[1] "Fitting mean A"
[1] "Fitting variance A"
[1] "DR"
[1] 0.8268124
[1] 0.01759108
[1] "DR CI"
[1] 0.8817204
[1] 0.8817204
[1] 11 82
[1] 11 82
[1] "se comparison"
[1] 0.0195746
[1] 0.01922603
[1] 94
[1] 0.8270549
[1] 0.8299412
[1] "AdaLSE"
[1] 0.8258051
[1] 0.01701789
[1] "AdaLSE CI"
[1] 0.9042553
[1] 0.9148936
[1]  9 85
[1]  8 86
[1] "Fitting mean A"
[1] "Fitting variance A"
[1] "DR"
[1] 0.8240013
[1] 0.01584072
[1] "DR CI"
[1] 0.8829787
[1] 0.8829787
[1] 11 83
[1] 11 83
[1] "se comparison"
[1] 0.01948812
[1] 0.01913863
[1] 95
[1] 0.8270549
[1] 0.8299412
[1] "AdaLSE"
[1] 0.8575046
[1] 0.01716338
[1] "AdaLSE CI"
[1] 0.9052632
[1] 0.9157895
[1]  9 86
[1]  8 87
[1] "Fitting mean A"
[1] "Fitting variance A"
[1] "DR"
[1] 0.8565037
[1] 0.01582134
[1] "DR CI"
[1] 0.8842105
[1] 0.8842105
[1] 11 84
[1] 11 84
[1] "se comparison"
[1] 0.01953276
[1] 0.01920778
[1] 96
[1] 0.8270549
[1] 0.8299412
[1] "AdaLSE"
[1] 0.8447854
[1] 0.01790099
[1] "AdaLSE CI"
[1] 0.90625
[1] 0.9166667
[1]  9 87
[1]  8 88
[1] "Fitting mean A"
[1] "Fitting variance A"
[1] "DR"
[1] 0.8410178
[1] 0.0167253
[1] "DR CI"
[1] 0.8854167
[1] 0.8854167
[1] 11 85
[1] 11 85
[1] "se comparison"
[1] 0.01945905
[1] 0.01912944
[1] 97
[1] 0.8270549
[1] 0.8299412
[1] "AdaLSE"
[1] 0.8278714
[1] 0.01752716
[1] "AdaLSE CI"
[1] 0.9072165
[1] 0.9175258
[1]  9 88
[1]  8 89
[1] "Fitting mean A"
[1] "Fitting variance A"
[1] "DR"
[1] 0.8243603
[1] 0.01629489
[1] "DR CI"
[1] 0.8865979
[1] 0.8865979
[1] 11 86
[1] 11 86
[1] "se comparison"
[1] 0.01936886
[1] 0.01904502
[1] 98
[1] 0.8270549
[1] 0.8299412
[1] "AdaLSE"
[1] 0.8594417
[1] 0.01691068
[1] "AdaLSE CI"
[1] 0.9081633
[1] 0.9183673
[1]  9 89
[1]  8 90
[1] "Fitting mean A"
[1] "Fitting variance A"
[1] "DR"
[1] 0.8567422
[1] 0.01601239
[1] "DR CI"
[1] 0.8877551
[1] 0.8877551
[1] 11 87
[1] 11 87
[1] "se comparison"
[1] 0.01943468
[1] 0.01911283
[1] 99
[1] 0.8270549
[1] 0.8299412
[1] "AdaLSE"
[1] 0.8081711
[1] 0.01710776
[1] "AdaLSE CI"
[1] 0.9090909
[1] 0.9191919
[1]  9 90
[1]  8 91
[1] "Fitting mean A"
[1] "Fitting variance A"
[1] "DR"
[1] 0.807685
[1] 0.01602003
[1] "DR CI"
[1] 0.8888889
[1] 0.8888889
[1] 11 88
[1] 11 88
[1] "se comparison"
[1] 0.01951703
[1] 0.01917269
[1] 100
[1] 0.8270549
[1] 0.8299412
[1] "AdaLSE"
[1] 0.8232739
[1] 0.01770794
[1] "AdaLSE CI"
[1] 0.91
[1] 0.92
[1]  9 91
[1]  8 92
[1] "Fitting mean A"
[1] "Fitting variance A"
[1] "DR"
[1] 0.8208366
[1] 0.0165233
[1] "DR CI"
[1] 0.89
[1] 0.89
[1] 11 89
[1] 11 89
[1] "se comparison"
[1] 0.01944974
[1] 0.01910738
