LOADING R
R LOADED
[1] "/home/lvanderl/Rlibs2"                         
[2] "/app/software/R/4.2.2-foss-2021b/lib/R/library"
[1] "/home/lvanderl/sieveSims"
[1] "Fitting mu0 = E[Y|A=0,W]"
[1] "~h(W1) + h(W2) + h(W3) + h(W4) + h(W5)"
[1] "Fitting tau = E[Y|A=1,W] - E[Y|A=0,W]"
[1] "~h(W1) + h(W3) + h(W5)"
[1] "Fitting mu = E[Y|W]"
[1] "~h(W1,W2) + h(W1,W5) + h(W1,W6) + h(W1) + h(W2,W5) + h(W2) + h(W3,W1) + h(W3,W2) + h(W3,W5) + h(W3,W6) + h(W3) + h(W4) + h(W5,W6) + h(W5,W7) + h(W5) + h(W6) + h(W7)"
[1] "Fitting pi = E[A|W]"
NULL
[1] "Fitting tau = E[Y|A=1,W] - E[Y|A=0,W]"
[1] 0.9776869
A hal9001 formula object of the form: ~ h(.)[1] "Fitting mu = E[Y|W]"
[1] "~h(W1,W2) + h(W1,W5) + h(W1,W6) + h(W1) + h(W2,W5) + h(W2) + h(W3,W1) + h(W3,W2) + h(W3,W5) + h(W3,W6) + h(W3) + h(W4) + h(W5,W6) + h(W5,W7) + h(W5) + h(W6) + h(W7)"
[1] "Fitting pi = E[A|W]"
NULL
[1] "Fitting tau = E[Y|A=1,W] - E[Y|A=0,W]"
[1] 0.9132566
A hal9001 formula object of the form: ~ h(W7)[1] "Fitting mu0 = E[Y|A=0,W]"
[1] "~h(W1) + h(W2) + h(W3) + h(W4) + h(W5)"
[1] "Fitting tau = E[Y|A=1,W] - E[Y|A=0,W]"
[1] "~h(W1) + h(W2) + h(W3) + h(W5)"
[1] "Fitting mu = E[Y|W]"
[1] "~h(W1,W2) + h(W1,W5) + h(W1) + h(W2,W5) + h(W2) + h(W3,W1) + h(W3,W2) + h(W3,W5) + h(W3,W6) + h(W3,W7) + h(W3) + h(W4) + h(W5,W6) + h(W5) + h(W6) + h(W7)"
[1] "Fitting pi = E[A|W]"
NULL
[1] "Fitting tau = E[Y|A=1,W] - E[Y|A=0,W]"
[1] 0.9937042
A hal9001 formula object of the form: ~ h(.)[1] "Fitting mu = E[Y|W]"
[1] "~h(W1,W2) + h(W1,W5) + h(W1) + h(W2,W5) + h(W2) + h(W3,W1) + h(W3,W2) + h(W3,W5) + h(W3,W6) + h(W3,W7) + h(W3) + h(W4) + h(W5,W6) + h(W5) + h(W6) + h(W7)"
[1] "Fitting pi = E[A|W]"
NULL
[1] "Fitting tau = E[Y|A=1,W] - E[Y|A=0,W]"
[1] 0.9150545
A hal9001 formula object of the form: ~ h(W7)[1] "Fitting mu0 = E[Y|A=0,W]"
[1] "~h(W1) + h(W2) + h(W3) + h(W4) + h(W5)"
[1] "Fitting tau = E[Y|A=1,W] - E[Y|A=0,W]"
[1] "~h(W1) + h(W3) + h(W5)"
[1] "Fitting mu = E[Y|W]"
[1] "~h(W1,W5) + h(W1) + h(W2,W5) + h(W2) + h(W3,W1) + h(W3,W2) + h(W3,W5) + h(W3,W6) + h(W3,W7) + h(W3) + h(W4) + h(W5,W6) + h(W5,W7) + h(W5) + h(W6) + h(W7)"
[1] "Fitting pi = E[A|W]"
NULL
[1] "Fitting tau = E[Y|A=1,W] - E[Y|A=0,W]"
[1] 0.9963
A hal9001 formula object of the form: ~ h(.)[1] "Fitting mu = E[Y|W]"
[1] "~h(W1,W5) + h(W1) + h(W2,W5) + h(W2) + h(W3,W1) + h(W3,W2) + h(W3,W5) + h(W3,W6) + h(W3,W7) + h(W3) + h(W4) + h(W5,W6) + h(W5,W7) + h(W5) + h(W6) + h(W7)"
[1] "Fitting pi = E[A|W]"
NULL
[1] "Fitting tau = E[Y|A=1,W] - E[Y|A=0,W]"
[1] 0.9929069
A hal9001 formula object of the form: ~ h(W7)[1] "Fitting mu0 = E[Y|A=0,W]"
[1] "~h(W1) + h(W2) + h(W3) + h(W4) + h(W5)"
[1] "Fitting tau = E[Y|A=1,W] - E[Y|A=0,W]"
[1] "~h(W1) + h(W3) + h(W4) + h(W5) + h(W7)"
[1] "Fitting mu = E[Y|W]"
[1] "~h(W1,W5) + h(W1) + h(W2,W5) + h(W2) + h(W3,W1) + h(W3,W2) + h(W3,W5) + h(W3,W6) + h(W3,W7) + h(W3) + h(W4) + h(W5,W6) + h(W5) + h(W6) + h(W7)"
[1] "Fitting pi = E[A|W]"
NULL
[1] "Fitting tau = E[Y|A=1,W] - E[Y|A=0,W]"
[1] 0.9467192
A hal9001 formula object of the form: ~ h(.)[1] "Fitting mu = E[Y|W]"
[1] "~h(W1,W5) + h(W1) + h(W2,W5) + h(W2) + h(W3,W1) + h(W3,W2) + h(W3,W5) + h(W3,W6) + h(W3,W7) + h(W3) + h(W4) + h(W5,W6) + h(W5) + h(W6) + h(W7)"
[1] "Fitting pi = E[A|W]"
NULL
[1] "Fitting tau = E[Y|A=1,W] - E[Y|A=0,W]"
[1] 0.9087975
A hal9001 formula object of the form: ~ h(W7)[1] "Fitting mu0 = E[Y|A=0,W]"
[1] "~h(W1) + h(W2) + h(W3) + h(W4) + h(W5)"
[1] "Fitting tau = E[Y|A=1,W] - E[Y|A=0,W]"
[1] "~h(W1) + h(W2) + h(W3) + h(W4) + h(W5)"
[1] "Fitting mu = E[Y|W]"
[1] "~h(W1,W5) + h(W1) + h(W2,W5) + h(W2) + h(W3,W1) + h(W3,W2) + h(W3,W5) + h(W3,W6) + h(W3) + h(W4) + h(W5,W6) + h(W5,W7) + h(W5) + h(W6) + h(W7)"
[1] "Fitting pi = E[A|W]"
NULL
[1] "Fitting tau = E[Y|A=1,W] - E[Y|A=0,W]"
[1] 0.9767877
A hal9001 formula object of the form: ~ h(.)[1] "Fitting mu = E[Y|W]"
[1] "~h(W1,W5) + h(W1) + h(W2,W5) + h(W2) + h(W3,W1) + h(W3,W2) + h(W3,W5) + h(W3,W6) + h(W3) + h(W4) + h(W5,W6) + h(W5,W7) + h(W5) + h(W6) + h(W7)"
[1] "Fitting pi = E[A|W]"
NULL
[1] "Fitting tau = E[Y|A=1,W] - E[Y|A=0,W]"
[1] 0.8736878
A hal9001 formula object of the form: ~ h(W7)[1] "Fitting mu0 = E[Y|A=0,W]"
[1] "~h(W1) + h(W2) + h(W3) + h(W4) + h(W5)"
[1] "Fitting tau = E[Y|A=1,W] - E[Y|A=0,W]"
[1] "~h(W1) + h(W3) + h(W5)"
[1] "Fitting mu = E[Y|W]"
[1] "~h(W1,W2) + h(W1,W5) + h(W1,W6) + h(W1) + h(W2,W5) + h(W2) + h(W3,W1) + h(W3,W2) + h(W3,W5) + h(W3,W6) + h(W3) + h(W4) + h(W5,W6) + h(W5,W7) + h(W5) + h(W6) + h(W7)"
[1] "Fitting pi = E[A|W]"
NULL
[1] "Fitting tau = E[Y|A=1,W] - E[Y|A=0,W]"
[1] 0.9423584
A hal9001 formula object of the form: ~ h(.)[1] "Fitting mu = E[Y|W]"
[1] "~h(W1,W2) + h(W1,W5) + h(W1,W6) + h(W1) + h(W2,W5) + h(W2) + h(W3,W1) + h(W3,W2) + h(W3,W5) + h(W3,W6) + h(W3) + h(W4) + h(W5,W6) + h(W5,W7) + h(W5) + h(W6) + h(W7)"
[1] "Fitting pi = E[A|W]"
NULL
[1] "Fitting tau = E[Y|A=1,W] - E[Y|A=0,W]"
[1] 0.8630073
A hal9001 formula object of the form: ~ h(W7)[1] "Fitting mu0 = E[Y|A=0,W]"
[1] "~h(W1) + h(W2) + h(W3) + h(W4) + h(W5)"
[1] "Fitting tau = E[Y|A=1,W] - E[Y|A=0,W]"
[1] "~h(W1) + h(W3) + h(W5)"
[1] "Fitting mu = E[Y|W]"
[1] "~h(W1,W5) + h(W1) + h(W2,W5) + h(W2) + h(W3,W1) + h(W3,W2) + h(W3,W5) + h(W3,W6) + h(W3,W7) + h(W3) + h(W4) + h(W5,W6) + h(W5) + h(W6) + h(W7)"
[1] "Fitting pi = E[A|W]"
NULL
[1] "Fitting tau = E[Y|A=1,W] - E[Y|A=0,W]"
[1] 0.9639058
A hal9001 formula object of the form: ~ h(.)[1] "Fitting mu = E[Y|W]"
[1] "~h(W1,W5) + h(W1) + h(W2,W5) + h(W2) + h(W3,W1) + h(W3,W2) + h(W3,W5) + h(W3,W6) + h(W3,W7) + h(W3) + h(W4) + h(W5,W6) + h(W5) + h(W6) + h(W7)"
[1] "Fitting pi = E[A|W]"
NULL
[1] "Fitting tau = E[Y|A=1,W] - E[Y|A=0,W]"
[1] 0.9097564
A hal9001 formula object of the form: ~ h(W7)[1] "Fitting mu0 = E[Y|A=0,W]"
[1] "~h(W1) + h(W2) + h(W3) + h(W4) + h(W5)"
[1] "Fitting tau = E[Y|A=1,W] - E[Y|A=0,W]"
[1] "~h(W1) + h(W3) + h(W5)"
[1] "Fitting mu = E[Y|W]"
[1] "~h(W1,W5) + h(W1) + h(W2) + h(W3,W1) + h(W3,W2) + h(W3,W5) + h(W3,W6) + h(W3) + h(W4) + h(W5,W2) + h(W5,W6) + h(W5,W7) + h(W5) + h(W6) + h(W7)"
[1] "Fitting pi = E[A|W]"
NULL
[1] "Fitting tau = E[Y|A=1,W] - E[Y|A=0,W]"
[1] 0.9625852
A hal9001 formula object of the form: ~ h(.)[1] "Fitting mu = E[Y|W]"
[1] "~h(W1,W5) + h(W1) + h(W2) + h(W3,W1) + h(W3,W2) + h(W3,W5) + h(W3,W6) + h(W3) + h(W4) + h(W5,W2) + h(W5,W6) + h(W5,W7) + h(W5) + h(W6) + h(W7)"
[1] "Fitting pi = E[A|W]"
NULL
[1] "Fitting tau = E[Y|A=1,W] - E[Y|A=0,W]"
[1] 0.90006
A hal9001 formula object of the form: ~ h(W7)[1] "Fitting mu0 = E[Y|A=0,W]"
[1] "~h(W1) + h(W2) + h(W3) + h(W4) + h(W5)"
[1] "Fitting tau = E[Y|A=1,W] - E[Y|A=0,W]"
[1] "~h(W1) + h(W3) + h(W4) + h(W5)"
[1] "Fitting mu = E[Y|W]"
[1] "~h(W1,W5) + h(W1) + h(W2) + h(W3,W1) + h(W3,W2) + h(W3,W5) + h(W3) + h(W4) + h(W5,W2) + h(W5,W6) + h(W5,W7) + h(W5) + h(W6) + h(W7)"
[1] "Fitting pi = E[A|W]"
NULL
[1] "Fitting tau = E[Y|A=1,W] - E[Y|A=0,W]"
[1] 1.025897
A hal9001 formula object of the form: ~ h(.)[1] "Fitting mu = E[Y|W]"
[1] "~h(W1,W5) + h(W1) + h(W2) + h(W3,W1) + h(W3,W2) + h(W3,W5) + h(W3) + h(W4) + h(W5,W2) + h(W5,W6) + h(W5,W7) + h(W5) + h(W6) + h(W7)"
[1] "Fitting pi = E[A|W]"
NULL
[1] "Fitting tau = E[Y|A=1,W] - E[Y|A=0,W]"
[1] 0.9938936
A hal9001 formula object of the form: ~ h(W7)[1] "Fitting mu0 = E[Y|A=0,W]"
[1] "~h(W1) + h(W2) + h(W3) + h(W4) + h(W5)"
[1] "Fitting tau = E[Y|A=1,W] - E[Y|A=0,W]"
[1] "~h(W1) + h(W3) + h(W5)"
[1] "Fitting mu = E[Y|W]"
[1] "~h(W1,W2) + h(W1,W5) + h(W1) + h(W2,W5) + h(W2) + h(W3,W1) + h(W3,W2) + h(W3,W5) + h(W3,W6) + h(W3) + h(W4) + h(W5,W6) + h(W5,W7) + h(W5) + h(W6) + h(W7)"
[1] "Fitting pi = E[A|W]"
NULL
[1] "Fitting tau = E[Y|A=1,W] - E[Y|A=0,W]"
[1] 0.9328149
A hal9001 formula object of the form: ~ h(.)[1] "Fitting mu = E[Y|W]"
[1] "~h(W1,W2) + h(W1,W5) + h(W1) + h(W2,W5) + h(W2) + h(W3,W1) + h(W3,W2) + h(W3,W5) + h(W3,W6) + h(W3) + h(W4) + h(W5,W6) + h(W5,W7) + h(W5) + h(W6) + h(W7)"
[1] "Fitting pi = E[A|W]"
NULL
[1] "Fitting tau = E[Y|A=1,W] - E[Y|A=0,W]"
[1] 0.8336539
A hal9001 formula object of the form: ~ h(W7)[1] "Fitting mu0 = E[Y|A=0,W]"
[1] "~h(W1) + h(W2) + h(W3) + h(W4) + h(W5)"
[1] "Fitting tau = E[Y|A=1,W] - E[Y|A=0,W]"
[1] "~h(W1) + h(W3) + h(W5)"
[1] "Fitting mu = E[Y|W]"
[1] "~h(W1,W2) + h(W1,W5) + h(W1) + h(W2) + h(W3,W1) + h(W3,W2) + h(W3,W5) + h(W3) + h(W4) + h(W5,W6) + h(W5,W7) + h(W5) + h(W6) + h(W7)"
[1] "Fitting pi = E[A|W]"
NULL
[1] "Fitting tau = E[Y|A=1,W] - E[Y|A=0,W]"
[1] 1.029487
A hal9001 formula object of the form: ~ h(.)[1] "Fitting mu = E[Y|W]"
[1] "~h(W1,W2) + h(W1,W5) + h(W1) + h(W2) + h(W3,W1) + h(W3,W2) + h(W3,W5) + h(W3) + h(W4) + h(W5,W6) + h(W5,W7) + h(W5) + h(W6) + h(W7)"
[1] "Fitting pi = E[A|W]"
NULL
[1] "Fitting tau = E[Y|A=1,W] - E[Y|A=0,W]"
[1] 0.9723717
A hal9001 formula object of the form: ~ h(W7)[1] "Fitting mu0 = E[Y|A=0,W]"
[1] "~h(W1) + h(W2) + h(W3) + h(W4) + h(W5)"
[1] "Fitting tau = E[Y|A=1,W] - E[Y|A=0,W]"
[1] "~h(W1) + h(W3) + h(W5)"
[1] "Fitting mu = E[Y|W]"
[1] "~h(W1,W5) + h(W1) + h(W2,W5) + h(W2) + h(W3,W1) + h(W3,W2) + h(W3,W5) + h(W3) + h(W4) + h(W5,W6) + h(W5,W7) + h(W5) + h(W6) + h(W7)"
[1] "Fitting pi = E[A|W]"
NULL
[1] "Fitting tau = E[Y|A=1,W] - E[Y|A=0,W]"
[1] 1.046853
A hal9001 formula object of the form: ~ h(.)[1] "Fitting mu = E[Y|W]"
[1] "~h(W1,W5) + h(W1) + h(W2,W5) + h(W2) + h(W3,W1) + h(W3,W2) + h(W3,W5) + h(W3) + h(W4) + h(W5,W6) + h(W5,W7) + h(W5) + h(W6) + h(W7)"
[1] "Fitting pi = E[A|W]"
NULL
[1] "Fitting tau = E[Y|A=1,W] - E[Y|A=0,W]"
[1] 0.9126648
A hal9001 formula object of the form: ~ h(W7)[1] "Fitting mu0 = E[Y|A=0,W]"
[1] "~h(W1) + h(W2) + h(W3) + h(W4) + h(W5)"
[1] "Fitting tau = E[Y|A=1,W] - E[Y|A=0,W]"
[1] "~h(W1) + h(W2) + h(W3) + h(W5)"
[1] "Fitting mu = E[Y|W]"
[1] "~h(W1,W2) + h(W1,W5) + h(W1,W6) + h(W1) + h(W2,W5) + h(W2) + h(W3,W1) + h(W3,W2) + h(W3,W5) + h(W3,W6) + h(W3) + h(W4) + h(W5,W6) + h(W5,W7) + h(W5) + h(W6) + h(W7)"
[1] "Fitting pi = E[A|W]"
NULL
[1] "Fitting tau = E[Y|A=1,W] - E[Y|A=0,W]"
[1] 0.9495191
A hal9001 formula object of the form: ~ h(.)[1] "Fitting mu = E[Y|W]"
[1] "~h(W1,W2) + h(W1,W5) + h(W1,W6) + h(W1) + h(W2,W5) + h(W2) + h(W3,W1) + h(W3,W2) + h(W3,W5) + h(W3,W6) + h(W3) + h(W4) + h(W5,W6) + h(W5,W7) + h(W5) + h(W6) + h(W7)"
[1] "Fitting pi = E[A|W]"
NULL
[1] "Fitting tau = E[Y|A=1,W] - E[Y|A=0,W]"
[1] 0.8746933
A hal9001 formula object of the form: ~ h(W7)[1] "Fitting mu0 = E[Y|A=0,W]"
[1] "~h(W1) + h(W2) + h(W3) + h(W4) + h(W5)"
[1] "Fitting tau = E[Y|A=1,W] - E[Y|A=0,W]"
[1] "~h(W1) + h(W3) + h(W5)"
[1] "Fitting mu = E[Y|W]"
[1] "~h(W1,W5) + h(W1) + h(W2,W5) + h(W2) + h(W3,W1) + h(W3,W2) + h(W3,W5) + h(W3) + h(W4) + h(W5,W6) + h(W5,W7) + h(W5) + h(W6) + h(W7)"
[1] "Fitting pi = E[A|W]"
NULL
[1] "Fitting tau = E[Y|A=1,W] - E[Y|A=0,W]"
[1] 0.9497375
A hal9001 formula object of the form: ~ h(.)[1] "Fitting mu = E[Y|W]"
[1] "~h(W1,W5) + h(W1) + h(W2,W5) + h(W2) + h(W3,W1) + h(W3,W2) + h(W3,W5) + h(W3) + h(W4) + h(W5,W6) + h(W5,W7) + h(W5) + h(W6) + h(W7)"
[1] "Fitting pi = E[A|W]"
NULL
[1] "Fitting tau = E[Y|A=1,W] - E[Y|A=0,W]"
[1] 0.8309278
A hal9001 formula object of the form: ~ h(W7)[1] "Fitting mu0 = E[Y|A=0,W]"
[1] "~h(W1) + h(W2) + h(W3) + h(W4) + h(W5)"
[1] "Fitting tau = E[Y|A=1,W] - E[Y|A=0,W]"
[1] "~h(W1) + h(W3) + h(W5)"
[1] "Fitting mu = E[Y|W]"
[1] "~h(W1,W2) + h(W1,W5) + h(W1,W6) + h(W1) + h(W2,W5) + h(W2) + h(W3,W1) + h(W3,W2) + h(W3,W5) + h(W3,W6) + h(W3) + h(W4) + h(W5,W6) + h(W5,W7) + h(W5) + h(W6) + h(W7)"
[1] "Fitting pi = E[A|W]"
NULL
[1] "Fitting tau = E[Y|A=1,W] - E[Y|A=0,W]"
[1] 0.9830016
A hal9001 formula object of the form: ~ h(.)[1] "Fitting mu = E[Y|W]"
[1] "~h(W1,W2) + h(W1,W5) + h(W1,W6) + h(W1) + h(W2,W5) + h(W2) + h(W3,W1) + h(W3,W2) + h(W3,W5) + h(W3,W6) + h(W3) + h(W4) + h(W5,W6) + h(W5,W7) + h(W5) + h(W6) + h(W7)"
[1] "Fitting pi = E[A|W]"
NULL
[1] "Fitting tau = E[Y|A=1,W] - E[Y|A=0,W]"
[1] 0.8535571
A hal9001 formula object of the form: ~ h(W7)[1] "Fitting mu0 = E[Y|A=0,W]"
[1] "~h(W1) + h(W2) + h(W3) + h(W4) + h(W5)"
[1] "Fitting tau = E[Y|A=1,W] - E[Y|A=0,W]"
[1] "~h(W1) + h(W3) + h(W5)"
[1] "Fitting mu = E[Y|W]"
[1] "~h(W1,W5) + h(W1,W6) + h(W1) + h(W2) + h(W3,W1) + h(W3,W2) + h(W3,W5) + h(W3) + h(W4) + h(W5,W6) + h(W5,W7) + h(W5) + h(W6) + h(W7)"
[1] "Fitting pi = E[A|W]"
NULL
[1] "Fitting tau = E[Y|A=1,W] - E[Y|A=0,W]"
[1] 1.00115
A hal9001 formula object of the form: ~ h(.)[1] "Fitting mu = E[Y|W]"
[1] "~h(W1,W5) + h(W1,W6) + h(W1) + h(W2) + h(W3,W1) + h(W3,W2) + h(W3,W5) + h(W3) + h(W4) + h(W5,W6) + h(W5,W7) + h(W5) + h(W6) + h(W7)"
[1] "Fitting pi = E[A|W]"
NULL
[1] "Fitting tau = E[Y|A=1,W] - E[Y|A=0,W]"
[1] 0.9461019
A hal9001 formula object of the form: ~ h(W7)[1] "Fitting mu0 = E[Y|A=0,W]"
[1] "~h(W1) + h(W2) + h(W3) + h(W4) + h(W5)"
[1] "Fitting tau = E[Y|A=1,W] - E[Y|A=0,W]"
[1] "~h(W1) + h(W3) + h(W5)"
[1] "Fitting mu = E[Y|W]"
[1] "~h(W1,W2) + h(W1,W5) + h(W1,W6) + h(W1) + h(W2,W5) + h(W2) + h(W3,W1) + h(W3,W2) + h(W3,W5) + h(W3,W6) + h(W3) + h(W4) + h(W5,W6) + h(W5,W7) + h(W5) + h(W6) + h(W7)"
[1] "Fitting pi = E[A|W]"
NULL
[1] "Fitting tau = E[Y|A=1,W] - E[Y|A=0,W]"
[1] 0.9729081
A hal9001 formula object of the form: ~ h(.)[1] "Fitting mu = E[Y|W]"
[1] "~h(W1,W2) + h(W1,W5) + h(W1,W6) + h(W1) + h(W2,W5) + h(W2) + h(W3,W1) + h(W3,W2) + h(W3,W5) + h(W3,W6) + h(W3) + h(W4) + h(W5,W6) + h(W5,W7) + h(W5) + h(W6) + h(W7)"
[1] "Fitting pi = E[A|W]"
NULL
[1] "Fitting tau = E[Y|A=1,W] - E[Y|A=0,W]"
[1] 0.8946922
A hal9001 formula object of the form: ~ h(W7)[1] "Fitting mu0 = E[Y|A=0,W]"
[1] "~h(W1) + h(W2) + h(W3) + h(W4) + h(W5)"
[1] "Fitting tau = E[Y|A=1,W] - E[Y|A=0,W]"
[1] "~h(W1) + h(W3) + h(W4) + h(W5)"
[1] "Fitting mu = E[Y|W]"
[1] "~h(W1,W5) + h(W1) + h(W2,W5) + h(W2) + h(W3,W1) + h(W3,W2) + h(W3,W5) + h(W3) + h(W4) + h(W5,W6) + h(W5,W7) + h(W5) + h(W6) + h(W7)"
[1] "Fitting pi = E[A|W]"
NULL
[1] "Fitting tau = E[Y|A=1,W] - E[Y|A=0,W]"
[1] 0.9859542
A hal9001 formula object of the form: ~ h(.)[1] "Fitting mu = E[Y|W]"
[1] "~h(W1,W5) + h(W1) + h(W2,W5) + h(W2) + h(W3,W1) + h(W3,W2) + h(W3,W5) + h(W3) + h(W4) + h(W5,W6) + h(W5,W7) + h(W5) + h(W6) + h(W7)"
[1] "Fitting pi = E[A|W]"
NULL
[1] "Fitting tau = E[Y|A=1,W] - E[Y|A=0,W]"
[1] 0.9359211
A hal9001 formula object of the form: ~ h(W7)[1] "Fitting mu0 = E[Y|A=0,W]"
[1] "~h(W1) + h(W2) + h(W3) + h(W4) + h(W5)"
[1] "Fitting tau = E[Y|A=1,W] - E[Y|A=0,W]"
[1] "~h(W1) + h(W3) + h(W5)"
[1] "Fitting mu = E[Y|W]"
[1] "~h(W1,W2) + h(W1,W5) + h(W1) + h(W2,W5) + h(W2) + h(W3,W1) + h(W3,W2) + h(W3,W5) + h(W3) + h(W4) + h(W5,W6) + h(W5,W7) + h(W5) + h(W6) + h(W7)"
[1] "Fitting pi = E[A|W]"
NULL
[1] "Fitting tau = E[Y|A=1,W] - E[Y|A=0,W]"
[1] 0.9584298
A hal9001 formula object of the form: ~ h(.)[1] "Fitting mu = E[Y|W]"
[1] "~h(W1,W2) + h(W1,W5) + h(W1) + h(W2,W5) + h(W2) + h(W3,W1) + h(W3,W2) + h(W3,W5) + h(W3) + h(W4) + h(W5,W6) + h(W5,W7) + h(W5) + h(W6) + h(W7)"
[1] "Fitting pi = E[A|W]"
NULL
[1] "Fitting tau = E[Y|A=1,W] - E[Y|A=0,W]"
[1] 0.90035
A hal9001 formula object of the form: ~ h(W7)[1] "Fitting mu0 = E[Y|A=0,W]"
[1] "~h(W1) + h(W2) + h(W3) + h(W4) + h(W5)"
[1] "Fitting tau = E[Y|A=1,W] - E[Y|A=0,W]"
[1] "~h(W1) + h(W3) + h(W4) + h(W5)"
[1] "Fitting mu = E[Y|W]"
[1] "~h(W1,W5) + h(W1) + h(W2,W5) + h(W2) + h(W3,W1) + h(W3,W2) + h(W3,W5) + h(W3,W6) + h(W3,W7) + h(W3) + h(W4) + h(W5,W6) + h(W5) + h(W6) + h(W7)"
[1] "Fitting pi = E[A|W]"
NULL
[1] "Fitting tau = E[Y|A=1,W] - E[Y|A=0,W]"
[1] 0.8963584
A hal9001 formula object of the form: ~ h(.)[1] "Fitting mu = E[Y|W]"
[1] "~h(W1,W5) + h(W1) + h(W2,W5) + h(W2) + h(W3,W1) + h(W3,W2) + h(W3,W5) + h(W3,W6) + h(W3,W7) + h(W3) + h(W4) + h(W5,W6) + h(W5) + h(W6) + h(W7)"
[1] "Fitting pi = E[A|W]"
NULL
[1] "Fitting tau = E[Y|A=1,W] - E[Y|A=0,W]"
[1] 0.908299
A hal9001 formula object of the form: ~ h(W7)[1] "Fitting mu0 = E[Y|A=0,W]"
[1] "~h(W1) + h(W2) + h(W3) + h(W4) + h(W5)"
[1] "Fitting tau = E[Y|A=1,W] - E[Y|A=0,W]"
[1] "~h(W1) + h(W3) + h(W5)"
[1] "Fitting mu = E[Y|W]"
[1] "~h(W1,W2) + h(W1,W5) + h(W1) + h(W2,W5) + h(W2) + h(W3,W1) + h(W3,W2) + h(W3,W5) + h(W3,W6) + h(W3) + h(W4) + h(W5,W6) + h(W5,W7) + h(W5) + h(W6) + h(W7)"
[1] "Fitting pi = E[A|W]"
NULL
[1] "Fitting tau = E[Y|A=1,W] - E[Y|A=0,W]"
[1] 0.9270234
A hal9001 formula object of the form: ~ h(.)[1] "Fitting mu = E[Y|W]"
[1] "~h(W1,W2) + h(W1,W5) + h(W1) + h(W2,W5) + h(W2) + h(W3,W1) + h(W3,W2) + h(W3,W5) + h(W3,W6) + h(W3) + h(W4) + h(W5,W6) + h(W5,W7) + h(W5) + h(W6) + h(W7)"
[1] "Fitting pi = E[A|W]"
NULL
[1] "Fitting tau = E[Y|A=1,W] - E[Y|A=0,W]"
[1] 0.8789789
A hal9001 formula object of the form: ~ h(W7)[1] "Fitting mu0 = E[Y|A=0,W]"
[1] "~h(W1) + h(W2) + h(W3) + h(W4) + h(W5)"
[1] "Fitting tau = E[Y|A=1,W] - E[Y|A=0,W]"
[1] "~h(W1) + h(W3) + h(W4) + h(W5)"
[1] "Fitting mu = E[Y|W]"
[1] "~h(W1,W5) + h(W1,W6) + h(W1) + h(W2) + h(W3,W1) + h(W3,W2) + h(W3,W5) + h(W3,W6) + h(W3) + h(W4) + h(W5,W2) + h(W5,W6) + h(W5,W7) + h(W5) + h(W6) + h(W7)"
[1] "Fitting pi = E[A|W]"
NULL
[1] "Fitting tau = E[Y|A=1,W] - E[Y|A=0,W]"
[1] 1.009823
A hal9001 formula object of the form: ~ h(.)[1] "Fitting mu = E[Y|W]"
[1] "~h(W1,W5) + h(W1,W6) + h(W1) + h(W2) + h(W3,W1) + h(W3,W2) + h(W3,W5) + h(W3,W6) + h(W3) + h(W4) + h(W5,W2) + h(W5,W6) + h(W5,W7) + h(W5) + h(W6) + h(W7)"
[1] "Fitting pi = E[A|W]"
NULL
[1] "Fitting tau = E[Y|A=1,W] - E[Y|A=0,W]"
[1] 0.8955438
A hal9001 formula object of the form: ~ h(W7)[1] "Fitting mu0 = E[Y|A=0,W]"
[1] "~h(W1) + h(W2) + h(W3) + h(W4) + h(W5)"
[1] "Fitting tau = E[Y|A=1,W] - E[Y|A=0,W]"
[1] "~h(W1) + h(W2) + h(W3) + h(W4) + h(W5)"
[1] "Fitting mu = E[Y|W]"
[1] "~h(W1,W5) + h(W1,W6) + h(W1) + h(W2,W5) + h(W2) + h(W3,W1) + h(W3,W2) + h(W3,W5) + h(W3,W6) + h(W3,W7) + h(W3) + h(W4) + h(W5,W6) + h(W5) + h(W6) + h(W7)"
[1] "Fitting pi = E[A|W]"
NULL
[1] "Fitting tau = E[Y|A=1,W] - E[Y|A=0,W]"
[1] 1.033739
A hal9001 formula object of the form: ~ h(.)[1] "Fitting mu = E[Y|W]"
[1] "~h(W1,W5) + h(W1,W6) + h(W1) + h(W2,W5) + h(W2) + h(W3,W1) + h(W3,W2) + h(W3,W5) + h(W3,W6) + h(W3,W7) + h(W3) + h(W4) + h(W5,W6) + h(W5) + h(W6) + h(W7)"
[1] "Fitting pi = E[A|W]"
NULL
[1] "Fitting tau = E[Y|A=1,W] - E[Y|A=0,W]"
[1] 0.8818486
A hal9001 formula object of the form: ~ h(W7)[1] "Fitting mu0 = E[Y|A=0,W]"
[1] "~h(W1) + h(W2) + h(W3) + h(W4) + h(W5)"
[1] "Fitting tau = E[Y|A=1,W] - E[Y|A=0,W]"
[1] "~h(W1) + h(W3) + h(W5)"
[1] "Fitting mu = E[Y|W]"
[1] "~h(W1,W5) + h(W1,W6) + h(W1) + h(W2,W5) + h(W2) + h(W3,W1) + h(W3,W2) + h(W3,W5) + h(W3,W6) + h(W3) + h(W4) + h(W5,W6) + h(W5,W7) + h(W5) + h(W6) + h(W7)"
[1] "Fitting pi = E[A|W]"
NULL
[1] "Fitting tau = E[Y|A=1,W] - E[Y|A=0,W]"
[1] 0.9471519
A hal9001 formula object of the form: ~ h(.)[1] "Fitting mu = E[Y|W]"
[1] "~h(W1,W5) + h(W1,W6) + h(W1) + h(W2,W5) + h(W2) + h(W3,W1) + h(W3,W2) + h(W3,W5) + h(W3,W6) + h(W3) + h(W4) + h(W5,W6) + h(W5,W7) + h(W5) + h(W6) + h(W7)"
[1] "Fitting pi = E[A|W]"
NULL
[1] "Fitting tau = E[Y|A=1,W] - E[Y|A=0,W]"
[1] 0.9074791
A hal9001 formula object of the form: ~ h(W7)[1] "Fitting mu0 = E[Y|A=0,W]"
[1] "~h(W1) + h(W2) + h(W3) + h(W4) + h(W5)"
[1] "Fitting tau = E[Y|A=1,W] - E[Y|A=0,W]"
[1] "~h(W1) + h(W2) + h(W3) + h(W5)"
[1] "Fitting mu = E[Y|W]"
[1] "~h(W1,W5) + h(W1) + h(W2,W5) + h(W2) + h(W3,W1) + h(W3,W2) + h(W3,W5) + h(W3,W6) + h(W3) + h(W4) + h(W5,W6) + h(W5,W7) + h(W5) + h(W6) + h(W7)"
[1] "Fitting pi = E[A|W]"
NULL
[1] "Fitting tau = E[Y|A=1,W] - E[Y|A=0,W]"
[1] 0.9118136
A hal9001 formula object of the form: ~ h(.)[1] "Fitting mu = E[Y|W]"
[1] "~h(W1,W5) + h(W1) + h(W2,W5) + h(W2) + h(W3,W1) + h(W3,W2) + h(W3,W5) + h(W3,W6) + h(W3) + h(W4) + h(W5,W6) + h(W5,W7) + h(W5) + h(W6) + h(W7)"
[1] "Fitting pi = E[A|W]"
NULL
[1] "Fitting tau = E[Y|A=1,W] - E[Y|A=0,W]"
[1] 0.8001118
A hal9001 formula object of the form: ~ h(W7)[1] "Fitting mu0 = E[Y|A=0,W]"
[1] "~h(W1) + h(W2) + h(W3) + h(W4) + h(W5)"
[1] "Fitting tau = E[Y|A=1,W] - E[Y|A=0,W]"
[1] "~h(W1) + h(W3) + h(W4) + h(W5)"
[1] "Fitting mu = E[Y|W]"
[1] "~h(W1,W5) + h(W1) + h(W2,W5) + h(W2) + h(W3,W1) + h(W3,W2) + h(W3,W5) + h(W3,W6) + h(W3,W7) + h(W3) + h(W4) + h(W5,W6) + h(W5) + h(W6) + h(W7)"
[1] "Fitting pi = E[A|W]"
NULL
[1] "Fitting tau = E[Y|A=1,W] - E[Y|A=0,W]"
[1] 1.005518
A hal9001 formula object of the form: ~ h(.)[1] "Fitting mu = E[Y|W]"
[1] "~h(W1,W5) + h(W1) + h(W2,W5) + h(W2) + h(W3,W1) + h(W3,W2) + h(W3,W5) + h(W3,W6) + h(W3,W7) + h(W3) + h(W4) + h(W5,W6) + h(W5) + h(W6) + h(W7)"
[1] "Fitting pi = E[A|W]"
NULL
[1] "Fitting tau = E[Y|A=1,W] - E[Y|A=0,W]"
[1] 0.955098
A hal9001 formula object of the form: ~ h(W7)[1] "Fitting mu0 = E[Y|A=0,W]"
[1] "~h(W1) + h(W2) + h(W3) + h(W4) + h(W5)"
[1] "Fitting tau = E[Y|A=1,W] - E[Y|A=0,W]"
[1] "~h(W1) + h(W2) + h(W3) + h(W5)"
[1] "Fitting mu = E[Y|W]"
[1] "~h(W1,W5) + h(W1) + h(W2,W5) + h(W2) + h(W3,W1) + h(W3,W2) + h(W3,W5) + h(W3) + h(W4) + h(W5,W6) + h(W5,W7) + h(W5) + h(W6) + h(W7)"
[1] "Fitting pi = E[A|W]"
NULL
[1] "Fitting tau = E[Y|A=1,W] - E[Y|A=0,W]"
[1] 0.9927249
A hal9001 formula object of the form: ~ h(.)[1] "Fitting mu = E[Y|W]"
[1] "~h(W1,W5) + h(W1) + h(W2,W5) + h(W2) + h(W3,W1) + h(W3,W2) + h(W3,W5) + h(W3) + h(W4) + h(W5,W6) + h(W5,W7) + h(W5) + h(W6) + h(W7)"
[1] "Fitting pi = E[A|W]"
NULL
[1] "Fitting tau = E[Y|A=1,W] - E[Y|A=0,W]"
[1] 0.8853195
A hal9001 formula object of the form: ~ h(W7)[1] "Fitting mu0 = E[Y|A=0,W]"
[1] "~h(W1) + h(W2) + h(W3) + h(W4) + h(W5)"
[1] "Fitting tau = E[Y|A=1,W] - E[Y|A=0,W]"
[1] "~h(W1) + h(W3) + h(W4) + h(W5)"
[1] "Fitting mu = E[Y|W]"
[1] "~h(W1,W2) + h(W1,W5) + h(W1) + h(W2,W5) + h(W2) + h(W3,W1) + h(W3,W2) + h(W3,W5) + h(W3,W6) + h(W3,W7) + h(W3) + h(W4) + h(W5,W6) + h(W5) + h(W6) + h(W7)"
[1] "Fitting pi = E[A|W]"
NULL
[1] "Fitting tau = E[Y|A=1,W] - E[Y|A=0,W]"
[1] 1.000639
A hal9001 formula object of the form: ~ h(.)[1] "Fitting mu = E[Y|W]"
[1] "~h(W1,W2) + h(W1,W5) + h(W1) + h(W2,W5) + h(W2) + h(W3,W1) + h(W3,W2) + h(W3,W5) + h(W3,W6) + h(W3,W7) + h(W3) + h(W4) + h(W5,W6) + h(W5) + h(W6) + h(W7)"
[1] "Fitting pi = E[A|W]"
NULL
[1] "Fitting tau = E[Y|A=1,W] - E[Y|A=0,W]"
[1] 0.9490893
A hal9001 formula object of the form: ~ h(W7)[1] "Fitting mu0 = E[Y|A=0,W]"
[1] "~h(W1) + h(W2) + h(W3) + h(W4) + h(W5)"
[1] "Fitting tau = E[Y|A=1,W] - E[Y|A=0,W]"
[1] "~h(W1) + h(W3) + h(W5) + h(W7)"
[1] "Fitting mu = E[Y|W]"
[1] "~h(W1,W5) + h(W1,W6) + h(W1) + h(W2) + h(W3,W1) + h(W3,W5) + h(W3,W6) + h(W3) + h(W4) + h(W5,W2) + h(W5,W6) + h(W5,W7) + h(W5) + h(W6) + h(W7)"
[1] "Fitting pi = E[A|W]"
NULL
[1] "Fitting tau = E[Y|A=1,W] - E[Y|A=0,W]"
[1] 0.9736646
A hal9001 formula object of the form: ~ h(.)[1] "Fitting mu = E[Y|W]"
[1] "~h(W1,W5) + h(W1,W6) + h(W1) + h(W2) + h(W3,W1) + h(W3,W5) + h(W3,W6) + h(W3) + h(W4) + h(W5,W2) + h(W5,W6) + h(W5,W7) + h(W5) + h(W6) + h(W7)"
[1] "Fitting pi = E[A|W]"
NULL
[1] "Fitting tau = E[Y|A=1,W] - E[Y|A=0,W]"
[1] 0.9485549
A hal9001 formula object of the form: ~ h(W7)[1] "Fitting mu0 = E[Y|A=0,W]"
[1] "~h(W1) + h(W2) + h(W3) + h(W4) + h(W5)"
[1] "Fitting tau = E[Y|A=1,W] - E[Y|A=0,W]"
[1] "~h(W1) + h(W2) + h(W3) + h(W5)"
[1] "Fitting mu = E[Y|W]"
[1] "~h(W1,W5) + h(W1,W6) + h(W1) + h(W2,W5) + h(W2) + h(W3,W1) + h(W3,W2) + h(W3,W5) + h(W3,W6) + h(W3,W7) + h(W3) + h(W4) + h(W5,W6) + h(W5,W7) + h(W5) + h(W6) + h(W7)"
[1] "Fitting pi = E[A|W]"
NULL
[1] "Fitting tau = E[Y|A=1,W] - E[Y|A=0,W]"
[1] 0.9585
A hal9001 formula object of the form: ~ h(.)[1] "Fitting mu = E[Y|W]"
[1] "~h(W1,W5) + h(W1,W6) + h(W1) + h(W2,W5) + h(W2) + h(W3,W1) + h(W3,W2) + h(W3,W5) + h(W3,W6) + h(W3,W7) + h(W3) + h(W4) + h(W5,W6) + h(W5,W7) + h(W5) + h(W6) + h(W7)"
[1] "Fitting pi = E[A|W]"
NULL
[1] "Fitting tau = E[Y|A=1,W] - E[Y|A=0,W]"
[1] 0.8711307
A hal9001 formula object of the form: ~ h(W7)[1] "Fitting mu0 = E[Y|A=0,W]"
[1] "~h(W1) + h(W2) + h(W3) + h(W4) + h(W5)"
[1] "Fitting tau = E[Y|A=1,W] - E[Y|A=0,W]"
[1] "~h(W1) + h(W3) + h(W5)"
[1] "Fitting mu = E[Y|W]"
[1] "~h(W1,W5) + h(W1,W6) + h(W1) + h(W2) + h(W3,W1) + h(W3,W2) + h(W3,W5) + h(W3,W6) + h(W3) + h(W4) + h(W5,W6) + h(W5,W7) + h(W5) + h(W6) + h(W7)"
[1] "Fitting pi = E[A|W]"
NULL
[1] "Fitting tau = E[Y|A=1,W] - E[Y|A=0,W]"
[1] 0.988472
A hal9001 formula object of the form: ~ h(.)[1] "Fitting mu = E[Y|W]"
[1] "~h(W1,W5) + h(W1,W6) + h(W1) + h(W2) + h(W3,W1) + h(W3,W2) + h(W3,W5) + h(W3,W6) + h(W3) + h(W4) + h(W5,W6) + h(W5,W7) + h(W5) + h(W6) + h(W7)"
[1] "Fitting pi = E[A|W]"
NULL
[1] "Fitting tau = E[Y|A=1,W] - E[Y|A=0,W]"
[1] 0.9438918
A hal9001 formula object of the form: ~ h(W7)[1] "Fitting mu0 = E[Y|A=0,W]"
[1] "~h(W1) + h(W2) + h(W3) + h(W4) + h(W5)"
[1] "Fitting tau = E[Y|A=1,W] - E[Y|A=0,W]"
[1] "~h(W1) + h(W2) + h(W3) + h(W4) + h(W5)"
[1] "Fitting mu = E[Y|W]"
[1] "~h(W1,W5) + h(W1) + h(W2,W5) + h(W2) + h(W3,W1) + h(W3,W2) + h(W3,W5) + h(W3,W6) + h(W3) + h(W4) + h(W5,W6) + h(W5,W7) + h(W5) + h(W6) + h(W7)"
[1] "Fitting pi = E[A|W]"
NULL
[1] "Fitting tau = E[Y|A=1,W] - E[Y|A=0,W]"
[1] 0.9369141
A hal9001 formula object of the form: ~ h(.)[1] "Fitting mu = E[Y|W]"
[1] "~h(W1,W5) + h(W1) + h(W2,W5) + h(W2) + h(W3,W1) + h(W3,W2) + h(W3,W5) + h(W3,W6) + h(W3) + h(W4) + h(W5,W6) + h(W5,W7) + h(W5) + h(W6) + h(W7)"
[1] "Fitting pi = E[A|W]"
NULL
[1] "Fitting tau = E[Y|A=1,W] - E[Y|A=0,W]"
[1] 0.8687427
A hal9001 formula object of the form: ~ h(W7)[1] "Fitting mu0 = E[Y|A=0,W]"
[1] "~h(W1) + h(W2) + h(W3) + h(W4) + h(W5)"
[1] "Fitting tau = E[Y|A=1,W] - E[Y|A=0,W]"
[1] "~h(W1) + h(W2) + h(W3) + h(W5)"
[1] "Fitting mu = E[Y|W]"
[1] "~h(W1,W2) + h(W1,W5) + h(W1) + h(W2,W5) + h(W2) + h(W3,W1) + h(W3,W5) + h(W3) + h(W4) + h(W5,W6) + h(W5,W7) + h(W5) + h(W6) + h(W7)"
[1] "Fitting pi = E[A|W]"
NULL
[1] "Fitting tau = E[Y|A=1,W] - E[Y|A=0,W]"
[1] 0.9837552
A hal9001 formula object of the form: ~ h(.)[1] "Fitting mu = E[Y|W]"
[1] "~h(W1,W2) + h(W1,W5) + h(W1) + h(W2,W5) + h(W2) + h(W3,W1) + h(W3,W5) + h(W3) + h(W4) + h(W5,W6) + h(W5,W7) + h(W5) + h(W6) + h(W7)"
[1] "Fitting pi = E[A|W]"
NULL
[1] "Fitting tau = E[Y|A=1,W] - E[Y|A=0,W]"
[1] 0.9235126
A hal9001 formula object of the form: ~ h(W7)[1] "Fitting mu0 = E[Y|A=0,W]"
[1] "~h(W1) + h(W2) + h(W3) + h(W4) + h(W5)"
[1] "Fitting tau = E[Y|A=1,W] - E[Y|A=0,W]"
[1] "~h(W1) + h(W2) + h(W3) + h(W5)"
[1] "Fitting mu = E[Y|W]"
[1] "~h(W1,W5) + h(W1) + h(W2,W5) + h(W2) + h(W3,W1) + h(W3,W2) + h(W3,W5) + h(W3,W6) + h(W3) + h(W4) + h(W5,W6) + h(W5,W7) + h(W5) + h(W6) + h(W7)"
[1] "Fitting pi = E[A|W]"
NULL
[1] "Fitting tau = E[Y|A=1,W] - E[Y|A=0,W]"
[1] 1.017903
A hal9001 formula object of the form: ~ h(.)[1] "Fitting mu = E[Y|W]"
[1] "~h(W1,W5) + h(W1) + h(W2,W5) + h(W2) + h(W3,W1) + h(W3,W2) + h(W3,W5) + h(W3,W6) + h(W3) + h(W4) + h(W5,W6) + h(W5,W7) + h(W5) + h(W6) + h(W7)"
[1] "Fitting pi = E[A|W]"
NULL
[1] "Fitting tau = E[Y|A=1,W] - E[Y|A=0,W]"
[1] 0.9789954
A hal9001 formula object of the form: ~ h(W7)[1] "Fitting mu0 = E[Y|A=0,W]"
[1] "~h(W1) + h(W2) + h(W3) + h(W4) + h(W5)"
[1] "Fitting tau = E[Y|A=1,W] - E[Y|A=0,W]"
[1] "~h(W1) + h(W3) + h(W5)"
[1] "Fitting mu = E[Y|W]"
[1] "~h(W1,W5) + h(W1) + h(W2,W5) + h(W2) + h(W3,W1) + h(W3,W2) + h(W3,W5) + h(W3) + h(W4) + h(W5,W6) + h(W5,W7) + h(W5) + h(W6) + h(W7)"
[1] "Fitting pi = E[A|W]"
NULL
[1] "Fitting tau = E[Y|A=1,W] - E[Y|A=0,W]"
[1] 0.8994381
A hal9001 formula object of the form: ~ h(.)[1] "Fitting mu = E[Y|W]"
[1] "~h(W1,W5) + h(W1) + h(W2,W5) + h(W2) + h(W3,W1) + h(W3,W2) + h(W3,W5) + h(W3) + h(W4) + h(W5,W6) + h(W5,W7) + h(W5) + h(W6) + h(W7)"
[1] "Fitting pi = E[A|W]"
NULL
[1] "Fitting tau = E[Y|A=1,W] - E[Y|A=0,W]"
[1] 0.8920774
A hal9001 formula object of the form: ~ h(W7)[1] "Fitting mu0 = E[Y|A=0,W]"
[1] "~h(W1) + h(W2) + h(W3) + h(W4) + h(W5)"
[1] "Fitting tau = E[Y|A=1,W] - E[Y|A=0,W]"
[1] "~h(W1) + h(W3) + h(W5)"
[1] "Fitting mu = E[Y|W]"
[1] "~h(W1,W5) + h(W1) + h(W2,W5) + h(W2) + h(W3,W1) + h(W3,W2) + h(W3,W5) + h(W3,W6) + h(W3) + h(W4) + h(W5,W6) + h(W5,W7) + h(W5) + h(W6) + h(W7)"
[1] "Fitting pi = E[A|W]"
NULL
[1] "Fitting tau = E[Y|A=1,W] - E[Y|A=0,W]"
[1] 0.9689869
A hal9001 formula object of the form: ~ h(.)[1] "Fitting mu = E[Y|W]"
[1] "~h(W1,W5) + h(W1) + h(W2,W5) + h(W2) + h(W3,W1) + h(W3,W2) + h(W3,W5) + h(W3,W6) + h(W3) + h(W4) + h(W5,W6) + h(W5,W7) + h(W5) + h(W6) + h(W7)"
[1] "Fitting pi = E[A|W]"
NULL
[1] "Fitting tau = E[Y|A=1,W] - E[Y|A=0,W]"
[1] 0.9197769
A hal9001 formula object of the form: ~ h(W7)[1] "Fitting mu0 = E[Y|A=0,W]"
[1] "~h(W1) + h(W2) + h(W3) + h(W4) + h(W5)"
[1] "Fitting tau = E[Y|A=1,W] - E[Y|A=0,W]"
[1] "~h(W1) + h(W3) + h(W4) + h(W5)"
[1] "Fitting mu = E[Y|W]"
[1] "~h(W1,W5) + h(W1) + h(W2) + h(W3,W1) + h(W3,W2) + h(W3,W5) + h(W3,W7) + h(W3) + h(W4) + h(W5,W6) + h(W5) + h(W6) + h(W7)"
[1] "Fitting pi = E[A|W]"
NULL
[1] "Fitting tau = E[Y|A=1,W] - E[Y|A=0,W]"
[1] 0.9413418
A hal9001 formula object of the form: ~ h(.)[1] "Fitting mu = E[Y|W]"
[1] "~h(W1,W5) + h(W1) + h(W2) + h(W3,W1) + h(W3,W2) + h(W3,W5) + h(W3,W7) + h(W3) + h(W4) + h(W5,W6) + h(W5) + h(W6) + h(W7)"
[1] "Fitting pi = E[A|W]"
NULL
[1] "Fitting tau = E[Y|A=1,W] - E[Y|A=0,W]"
[1] 0.937636
A hal9001 formula object of the form: ~ h(W7)[1] "Fitting mu0 = E[Y|A=0,W]"
[1] "~h(W1) + h(W2) + h(W3) + h(W4) + h(W5)"
[1] "Fitting tau = E[Y|A=1,W] - E[Y|A=0,W]"
[1] "~h(W1) + h(W3) + h(W5)"
[1] "Fitting mu = E[Y|W]"
[1] "~h(W1,W2) + h(W1,W5) + h(W1,W6) + h(W1) + h(W2) + h(W3,W1) + h(W3,W2) + h(W3,W5) + h(W3,W6) + h(W3,W7) + h(W3) + h(W4) + h(W5,W2) + h(W5,W6) + h(W5) + h(W6) + h(W7)"
[1] "Fitting pi = E[A|W]"
NULL
[1] "Fitting tau = E[Y|A=1,W] - E[Y|A=0,W]"
[1] 0.9945852
A hal9001 formula object of the form: ~ h(.)[1] "Fitting mu = E[Y|W]"
[1] "~h(W1,W2) + h(W1,W5) + h(W1,W6) + h(W1) + h(W2) + h(W3,W1) + h(W3,W2) + h(W3,W5) + h(W3,W6) + h(W3,W7) + h(W3) + h(W4) + h(W5,W2) + h(W5,W6) + h(W5) + h(W6) + h(W7)"
[1] "Fitting pi = E[A|W]"
NULL
[1] "Fitting tau = E[Y|A=1,W] - E[Y|A=0,W]"
[1] 0.9090474
A hal9001 formula object of the form: ~ h(W7)[1] "Fitting mu0 = E[Y|A=0,W]"
[1] "~h(W1) + h(W2) + h(W3) + h(W4) + h(W5)"
[1] "Fitting tau = E[Y|A=1,W] - E[Y|A=0,W]"
[1] "~h(W1) + h(W2) + h(W3) + h(W5)"
[1] "Fitting mu = E[Y|W]"
[1] "~h(W1,W5) + h(W1) + h(W2,W5) + h(W2) + h(W3,W1) + h(W3,W2) + h(W3,W5) + h(W3,W6) + h(W3,W7) + h(W3) + h(W4) + h(W5,W6) + h(W5) + h(W6) + h(W7)"
[1] "Fitting pi = E[A|W]"
NULL
[1] "Fitting tau = E[Y|A=1,W] - E[Y|A=0,W]"
[1] 1.018488
A hal9001 formula object of the form: ~ h(.)[1] "Fitting mu = E[Y|W]"
[1] "~h(W1,W5) + h(W1) + h(W2,W5) + h(W2) + h(W3,W1) + h(W3,W2) + h(W3,W5) + h(W3,W6) + h(W3,W7) + h(W3) + h(W4) + h(W5,W6) + h(W5) + h(W6) + h(W7)"
[1] "Fitting pi = E[A|W]"
NULL
[1] "Fitting tau = E[Y|A=1,W] - E[Y|A=0,W]"
[1] 0.9497339
A hal9001 formula object of the form: ~ h(W7)[1] "Fitting mu0 = E[Y|A=0,W]"
[1] "~h(W1) + h(W2) + h(W3) + h(W4) + h(W5)"
[1] "Fitting tau = E[Y|A=1,W] - E[Y|A=0,W]"
[1] "~h(W1) + h(W3) + h(W5)"
[1] "Fitting mu = E[Y|W]"
[1] "~h(W1,W5) + h(W1,W6) + h(W1) + h(W2,W5) + h(W2) + h(W3,W1) + h(W3,W2) + h(W3,W5) + h(W3,W6) + h(W3) + h(W4) + h(W5,W6) + h(W5,W7) + h(W5) + h(W6) + h(W7)"
[1] "Fitting pi = E[A|W]"
NULL
[1] "Fitting tau = E[Y|A=1,W] - E[Y|A=0,W]"
[1] 1.006544
A hal9001 formula object of the form: ~ h(.)[1] "Fitting mu = E[Y|W]"
[1] "~h(W1,W5) + h(W1,W6) + h(W1) + h(W2,W5) + h(W2) + h(W3,W1) + h(W3,W2) + h(W3,W5) + h(W3,W6) + h(W3) + h(W4) + h(W5,W6) + h(W5,W7) + h(W5) + h(W6) + h(W7)"
[1] "Fitting pi = E[A|W]"
NULL
[1] "Fitting tau = E[Y|A=1,W] - E[Y|A=0,W]"
[1] 0.9866191
A hal9001 formula object of the form: ~ h(W7)[1] "Fitting mu0 = E[Y|A=0,W]"
[1] "~h(W1) + h(W2) + h(W3) + h(W4) + h(W5)"
[1] "Fitting tau = E[Y|A=1,W] - E[Y|A=0,W]"
[1] "~h(W1) + h(W3) + h(W5)"
[1] "Fitting mu = E[Y|W]"
[1] "~h(W1,W5) + h(W1) + h(W2,W5) + h(W2) + h(W3,W1) + h(W3,W2) + h(W3,W5) + h(W3,W6) + h(W3) + h(W4) + h(W5,W6) + h(W5,W7) + h(W5) + h(W6) + h(W7)"
[1] "Fitting pi = E[A|W]"
NULL
[1] "Fitting tau = E[Y|A=1,W] - E[Y|A=0,W]"
[1] 1.001057
A hal9001 formula object of the form: ~ h(.)[1] "Fitting mu = E[Y|W]"
[1] "~h(W1,W5) + h(W1) + h(W2,W5) + h(W2) + h(W3,W1) + h(W3,W2) + h(W3,W5) + h(W3,W6) + h(W3) + h(W4) + h(W5,W6) + h(W5,W7) + h(W5) + h(W6) + h(W7)"
[1] "Fitting pi = E[A|W]"
NULL
[1] "Fitting tau = E[Y|A=1,W] - E[Y|A=0,W]"
[1] 0.9648348
A hal9001 formula object of the form: ~ h(W7)[1] "Fitting mu0 = E[Y|A=0,W]"
[1] "~h(W1) + h(W2) + h(W3) + h(W4) + h(W5)"
[1] "Fitting tau = E[Y|A=1,W] - E[Y|A=0,W]"
[1] "~h(W1) + h(W3) + h(W5)"
[1] "Fitting mu = E[Y|W]"
[1] "~h(W1,W2) + h(W1,W5) + h(W1,W6) + h(W1) + h(W2,W5) + h(W2) + h(W3,W1) + h(W3,W2) + h(W3,W5) + h(W3,W6) + h(W3,W7) + h(W3) + h(W4) + h(W5,W6) + h(W5) + h(W6) + h(W7)"
[1] "Fitting pi = E[A|W]"
NULL
[1] "Fitting tau = E[Y|A=1,W] - E[Y|A=0,W]"
[1] 0.9823583
A hal9001 formula object of the form: ~ h(.)[1] "Fitting mu = E[Y|W]"
[1] "~h(W1,W2) + h(W1,W5) + h(W1,W6) + h(W1) + h(W2,W5) + h(W2) + h(W3,W1) + h(W3,W2) + h(W3,W5) + h(W3,W6) + h(W3,W7) + h(W3) + h(W4) + h(W5,W6) + h(W5) + h(W6) + h(W7)"
[1] "Fitting pi = E[A|W]"
NULL
[1] "Fitting tau = E[Y|A=1,W] - E[Y|A=0,W]"
[1] 0.9266172
A hal9001 formula object of the form: ~ h(W7)[1] "Fitting mu0 = E[Y|A=0,W]"
[1] "~h(W1) + h(W2) + h(W3) + h(W4) + h(W5)"
[1] "Fitting tau = E[Y|A=1,W] - E[Y|A=0,W]"
[1] "~h(W1) + h(W3) + h(W5)"
[1] "Fitting mu = E[Y|W]"
[1] "~h(W1,W5) + h(W1) + h(W2) + h(W3,W1) + h(W3,W2) + h(W3,W5) + h(W3,W6) + h(W3) + h(W4) + h(W5,W2) + h(W5,W6) + h(W5,W7) + h(W5) + h(W6) + h(W7)"
[1] "Fitting pi = E[A|W]"
NULL
[1] "Fitting tau = E[Y|A=1,W] - E[Y|A=0,W]"
[1] 0.9808858
A hal9001 formula object of the form: ~ h(.)[1] "Fitting mu = E[Y|W]"
[1] "~h(W1,W5) + h(W1) + h(W2) + h(W3,W1) + h(W3,W2) + h(W3,W5) + h(W3,W6) + h(W3) + h(W4) + h(W5,W2) + h(W5,W6) + h(W5,W7) + h(W5) + h(W6) + h(W7)"
[1] "Fitting pi = E[A|W]"
NULL
[1] "Fitting tau = E[Y|A=1,W] - E[Y|A=0,W]"
[1] 0.924037
A hal9001 formula object of the form: ~ h(W7)[1] "Fitting mu0 = E[Y|A=0,W]"
[1] "~h(W1) + h(W2) + h(W3) + h(W4) + h(W5)"
[1] "Fitting tau = E[Y|A=1,W] - E[Y|A=0,W]"
[1] "~h(W1) + h(W2) + h(W3) + h(W4) + h(W5)"
[1] "Fitting mu = E[Y|W]"
[1] "~h(W1,W5) + h(W1) + h(W2,W5) + h(W2) + h(W3,W1) + h(W3,W2) + h(W3,W5) + h(W3) + h(W4) + h(W5,W6) + h(W5,W7) + h(W5) + h(W6) + h(W7)"
[1] "Fitting pi = E[A|W]"
NULL
[1] "Fitting tau = E[Y|A=1,W] - E[Y|A=0,W]"
[1] 0.9536984
A hal9001 formula object of the form: ~ h(.)[1] "Fitting mu = E[Y|W]"
[1] "~h(W1,W5) + h(W1) + h(W2,W5) + h(W2) + h(W3,W1) + h(W3,W2) + h(W3,W5) + h(W3) + h(W4) + h(W5,W6) + h(W5,W7) + h(W5) + h(W6) + h(W7)"
[1] "Fitting pi = E[A|W]"
NULL
[1] "Fitting tau = E[Y|A=1,W] - E[Y|A=0,W]"
[1] 0.9068648
A hal9001 formula object of the form: ~ h(W7)[1] "Fitting mu0 = E[Y|A=0,W]"
[1] "~h(W1) + h(W2) + h(W3) + h(W4) + h(W5)"
[1] "Fitting tau = E[Y|A=1,W] - E[Y|A=0,W]"
[1] "~h(W1) + h(W3) + h(W4) + h(W5)"
[1] "Fitting mu = E[Y|W]"
[1] "~h(W1,W5) + h(W1) + h(W2,W5) + h(W2) + h(W3,W1) + h(W3,W2) + h(W3,W5) + h(W3) + h(W4) + h(W5,W6) + h(W5,W7) + h(W5) + h(W6) + h(W7)"
[1] "Fitting pi = E[A|W]"
NULL
[1] "Fitting tau = E[Y|A=1,W] - E[Y|A=0,W]"
[1] 0.9532197
A hal9001 formula object of the form: ~ h(.)[1] "Fitting mu = E[Y|W]"
[1] "~h(W1,W5) + h(W1) + h(W2,W5) + h(W2) + h(W3,W1) + h(W3,W2) + h(W3,W5) + h(W3) + h(W4) + h(W5,W6) + h(W5,W7) + h(W5) + h(W6) + h(W7)"
[1] "Fitting pi = E[A|W]"
NULL
[1] "Fitting tau = E[Y|A=1,W] - E[Y|A=0,W]"
[1] 0.9110898
A hal9001 formula object of the form: ~ h(W7)[1] "Fitting mu0 = E[Y|A=0,W]"
[1] "~h(W1) + h(W2) + h(W3) + h(W4) + h(W5)"
[1] "Fitting tau = E[Y|A=1,W] - E[Y|A=0,W]"
[1] "~h(W1) + h(W3) + h(W5)"
[1] "Fitting mu = E[Y|W]"
[1] "~h(W1,W5) + h(W1) + h(W2,W5) + h(W2) + h(W3,W1) + h(W3,W2) + h(W3,W5) + h(W3) + h(W4) + h(W5,W6) + h(W5,W7) + h(W5) + h(W6) + h(W7)"
[1] "Fitting pi = E[A|W]"
NULL
[1] "Fitting tau = E[Y|A=1,W] - E[Y|A=0,W]"
[1] 0.9840115
A hal9001 formula object of the form: ~ h(.)[1] "Fitting mu = E[Y|W]"
[1] "~h(W1,W5) + h(W1) + h(W2,W5) + h(W2) + h(W3,W1) + h(W3,W2) + h(W3,W5) + h(W3) + h(W4) + h(W5,W6) + h(W5,W7) + h(W5) + h(W6) + h(W7)"
[1] "Fitting pi = E[A|W]"
NULL
[1] "Fitting tau = E[Y|A=1,W] - E[Y|A=0,W]"
[1] 0.8960404
A hal9001 formula object of the form: ~ h(W7)[1] "Fitting mu0 = E[Y|A=0,W]"
[1] "~h(W1) + h(W2) + h(W3) + h(W4) + h(W5)"
[1] "Fitting tau = E[Y|A=1,W] - E[Y|A=0,W]"
[1] "~h(W1) + h(W3) + h(W5)"
[1] "Fitting mu = E[Y|W]"
[1] "~h(W1,W2) + h(W1,W5) + h(W1) + h(W2,W5) + h(W2) + h(W3,W1) + h(W3,W2) + h(W3,W5) + h(W3,W6) + h(W3) + h(W4) + h(W5,W6) + h(W5,W7) + h(W5) + h(W6) + h(W7)"
[1] "Fitting pi = E[A|W]"
NULL
[1] "Fitting tau = E[Y|A=1,W] - E[Y|A=0,W]"
[1] 0.9980477
A hal9001 formula object of the form: ~ h(.)[1] "Fitting mu = E[Y|W]"
[1] "~h(W1,W2) + h(W1,W5) + h(W1) + h(W2,W5) + h(W2) + h(W3,W1) + h(W3,W2) + h(W3,W5) + h(W3,W6) + h(W3) + h(W4) + h(W5,W6) + h(W5,W7) + h(W5) + h(W6) + h(W7)"
[1] "Fitting pi = E[A|W]"
NULL
[1] "Fitting tau = E[Y|A=1,W] - E[Y|A=0,W]"
[1] 0.9394937
A hal9001 formula object of the form: ~ h(W7)[1] "Fitting mu0 = E[Y|A=0,W]"
[1] "~h(W1) + h(W2) + h(W3) + h(W4) + h(W5)"
[1] "Fitting tau = E[Y|A=1,W] - E[Y|A=0,W]"
[1] "~h(W1) + h(W2) + h(W3) + h(W5)"
[1] "Fitting mu = E[Y|W]"
[1] "~h(W1,W5) + h(W1,W6) + h(W1) + h(W2,W5) + h(W2) + h(W3,W1) + h(W3,W2) + h(W3,W5) + h(W3,W6) + h(W3) + h(W4) + h(W5,W6) + h(W5,W7) + h(W5) + h(W6) + h(W7)"
[1] "Fitting pi = E[A|W]"
NULL
[1] "Fitting tau = E[Y|A=1,W] - E[Y|A=0,W]"
[1] 0.9798375
A hal9001 formula object of the form: ~ h(.)[1] "Fitting mu = E[Y|W]"
[1] "~h(W1,W5) + h(W1,W6) + h(W1) + h(W2,W5) + h(W2) + h(W3,W1) + h(W3,W2) + h(W3,W5) + h(W3,W6) + h(W3) + h(W4) + h(W5,W6) + h(W5,W7) + h(W5) + h(W6) + h(W7)"
[1] "Fitting pi = E[A|W]"
NULL
[1] "Fitting tau = E[Y|A=1,W] - E[Y|A=0,W]"
[1] 0.8865697
A hal9001 formula object of the form: ~ h(W7)[1] "Fitting mu0 = E[Y|A=0,W]"
[1] "~h(W1) + h(W2) + h(W3) + h(W4) + h(W5)"
[1] "Fitting tau = E[Y|A=1,W] - E[Y|A=0,W]"
[1] "~h(W1) + h(W3) + h(W5)"
[1] "Fitting mu = E[Y|W]"
[1] "~h(W1,W5) + h(W1) + h(W2) + h(W3,W1) + h(W3,W2) + h(W3,W5) + h(W3,W6) + h(W3) + h(W4) + h(W5,W2) + h(W5,W6) + h(W5,W7) + h(W5) + h(W6) + h(W7)"
[1] "Fitting pi = E[A|W]"
NULL
[1] "Fitting tau = E[Y|A=1,W] - E[Y|A=0,W]"
[1] 1.017349
A hal9001 formula object of the form: ~ h(.)[1] "Fitting mu = E[Y|W]"
[1] "~h(W1,W5) + h(W1) + h(W2) + h(W3,W1) + h(W3,W2) + h(W3,W5) + h(W3,W6) + h(W3) + h(W4) + h(W5,W2) + h(W5,W6) + h(W5,W7) + h(W5) + h(W6) + h(W7)"
[1] "Fitting pi = E[A|W]"
NULL
[1] "Fitting tau = E[Y|A=1,W] - E[Y|A=0,W]"
[1] 0.9354554
A hal9001 formula object of the form: ~ h(W7)[1] "Fitting mu0 = E[Y|A=0,W]"
[1] "~h(W1) + h(W2) + h(W3) + h(W4) + h(W5)"
[1] "Fitting tau = E[Y|A=1,W] - E[Y|A=0,W]"
[1] "~h(W1) + h(W3) + h(W4) + h(W5)"
[1] "Fitting mu = E[Y|W]"
[1] "~h(W1,W2) + h(W1,W5) + h(W1,W6) + h(W1) + h(W2,W5) + h(W2) + h(W3,W1) + h(W3,W2) + h(W3,W5) + h(W3,W6) + h(W3) + h(W4) + h(W5,W6) + h(W5,W7) + h(W5) + h(W6) + h(W7)"
[1] "Fitting pi = E[A|W]"
NULL
[1] "Fitting tau = E[Y|A=1,W] - E[Y|A=0,W]"
[1] 0.9182083
A hal9001 formula object of the form: ~ h(.)[1] "Fitting mu = E[Y|W]"
[1] "~h(W1,W2) + h(W1,W5) + h(W1,W6) + h(W1) + h(W2,W5) + h(W2) + h(W3,W1) + h(W3,W2) + h(W3,W5) + h(W3,W6) + h(W3) + h(W4) + h(W5,W6) + h(W5,W7) + h(W5) + h(W6) + h(W7)"
[1] "Fitting pi = E[A|W]"
NULL
[1] "Fitting tau = E[Y|A=1,W] - E[Y|A=0,W]"
[1] 0.848555
A hal9001 formula object of the form: ~ h(W7)[1] "Fitting mu0 = E[Y|A=0,W]"
[1] "~h(W1) + h(W2) + h(W3) + h(W4) + h(W5)"
[1] "Fitting tau = E[Y|A=1,W] - E[Y|A=0,W]"
[1] "~h(W1) + h(W3) + h(W5)"
[1] "Fitting mu = E[Y|W]"
[1] "~h(W1,W2) + h(W1,W5) + h(W1,W6) + h(W1) + h(W2) + h(W3,W1) + h(W3,W2) + h(W3,W5) + h(W3,W6) + h(W3) + h(W4) + h(W5,W2) + h(W5,W6) + h(W5,W7) + h(W5) + h(W6) + h(W7)"
[1] "Fitting pi = E[A|W]"
NULL
[1] "Fitting tau = E[Y|A=1,W] - E[Y|A=0,W]"
[1] 0.9281072
A hal9001 formula object of the form: ~ h(.)[1] "Fitting mu = E[Y|W]"
[1] "~h(W1,W2) + h(W1,W5) + h(W1,W6) + h(W1) + h(W2) + h(W3,W1) + h(W3,W2) + h(W3,W5) + h(W3,W6) + h(W3) + h(W4) + h(W5,W2) + h(W5,W6) + h(W5,W7) + h(W5) + h(W6) + h(W7)"
[1] "Fitting pi = E[A|W]"
NULL
[1] "Fitting tau = E[Y|A=1,W] - E[Y|A=0,W]"
[1] 0.9711922
A hal9001 formula object of the form: ~ h(W7)[1] "Fitting mu0 = E[Y|A=0,W]"
[1] "~h(W1) + h(W2) + h(W3) + h(W4) + h(W5)"
[1] "Fitting tau = E[Y|A=1,W] - E[Y|A=0,W]"
[1] "~h(W1) + h(W3) + h(W4) + h(W5)"
[1] "Fitting mu = E[Y|W]"
[1] "~h(W1,W2) + h(W1,W5) + h(W1) + h(W2,W5) + h(W2) + h(W3,W1) + h(W3,W2) + h(W3,W5) + h(W3,W6) + h(W3) + h(W4) + h(W5,W6) + h(W5,W7) + h(W5) + h(W6) + h(W7)"
[1] "Fitting pi = E[A|W]"
NULL
[1] "Fitting tau = E[Y|A=1,W] - E[Y|A=0,W]"
[1] 1.001997
A hal9001 formula object of the form: ~ h(.)[1] "Fitting mu = E[Y|W]"
[1] "~h(W1,W2) + h(W1,W5) + h(W1) + h(W2,W5) + h(W2) + h(W3,W1) + h(W3,W2) + h(W3,W5) + h(W3,W6) + h(W3) + h(W4) + h(W5,W6) + h(W5,W7) + h(W5) + h(W6) + h(W7)"
[1] "Fitting pi = E[A|W]"
NULL
[1] "Fitting tau = E[Y|A=1,W] - E[Y|A=0,W]"
[1] 0.9533447
A hal9001 formula object of the form: ~ h(W7)[1] "Fitting mu0 = E[Y|A=0,W]"
[1] "~h(W1) + h(W2) + h(W3) + h(W4) + h(W5)"
[1] "Fitting tau = E[Y|A=1,W] - E[Y|A=0,W]"
[1] "~h(W1) + h(W2) + h(W3) + h(W5)"
[1] "Fitting mu = E[Y|W]"
[1] "~h(W1,W5) + h(W1,W6) + h(W1) + h(W2,W5) + h(W2) + h(W3,W1) + h(W3,W2) + h(W3,W5) + h(W3,W6) + h(W3,W7) + h(W3) + h(W4) + h(W5,W6) + h(W5) + h(W6) + h(W7)"
[1] "Fitting pi = E[A|W]"
NULL
[1] "Fitting tau = E[Y|A=1,W] - E[Y|A=0,W]"
[1] 0.9801784
A hal9001 formula object of the form: ~ h(.)[1] "Fitting mu = E[Y|W]"
[1] "~h(W1,W5) + h(W1,W6) + h(W1) + h(W2,W5) + h(W2) + h(W3,W1) + h(W3,W2) + h(W3,W5) + h(W3,W6) + h(W3,W7) + h(W3) + h(W4) + h(W5,W6) + h(W5) + h(W6) + h(W7)"
[1] "Fitting pi = E[A|W]"
NULL
[1] "Fitting tau = E[Y|A=1,W] - E[Y|A=0,W]"
[1] 0.9357934
A hal9001 formula object of the form: ~ h(W7)[1] "Fitting mu0 = E[Y|A=0,W]"
[1] "~h(W1) + h(W2) + h(W3) + h(W4) + h(W5)"
[1] "Fitting tau = E[Y|A=1,W] - E[Y|A=0,W]"
[1] "~h(W1) + h(W3) + h(W5)"
[1] "Fitting mu = E[Y|W]"
[1] "~h(W1,W2) + h(W1,W5) + h(W1) + h(W2) + h(W3,W1) + h(W3,W2) + h(W3,W5) + h(W3,W6) + h(W3,W7) + h(W3) + h(W4) + h(W5,W6) + h(W5) + h(W6) + h(W7)"
[1] "Fitting pi = E[A|W]"
NULL
[1] "Fitting tau = E[Y|A=1,W] - E[Y|A=0,W]"
[1] 1.012483
A hal9001 formula object of the form: ~ h(.)[1] "Fitting mu = E[Y|W]"
[1] "~h(W1,W2) + h(W1,W5) + h(W1) + h(W2) + h(W3,W1) + h(W3,W2) + h(W3,W5) + h(W3,W6) + h(W3,W7) + h(W3) + h(W4) + h(W5,W6) + h(W5) + h(W6) + h(W7)"
[1] "Fitting pi = E[A|W]"
NULL
[1] "Fitting tau = E[Y|A=1,W] - E[Y|A=0,W]"
