LOADING R
R LOADED
[1] "/home/lvanderl/Rlibs2"                         
[2] "/app/software/R/4.2.2-foss-2021b/lib/R/library"
[1] "/home/lvanderl/sieveSims"
[1] "Iteration number: 1"
[1] "pos"
[1] 3.985182e-06 9.998659e-01
[1] "Fitting mu0 = E[Y|A=0,W]"
NULL
[1] "Fitting tau = E[Y|A=1,W] - E[Y|A=0,W]"
NULL
[1] 0.04911094
[1] 0.03024661
[1] 0.04911094
[1] -0.2996496  1.4335383
[1] "cutoff"
[1] 0.004819287
[1] 0.004819287 0.995180713
[1] "Fitting m = E[Y|W]"
[1] "Fitting pi = E[A|W]"
[1] "Fitting tau = E[Y|A=1,W] - E[Y|A=0,W]"
[1] 1.047615
NULL
[1] 0.05787486
[1] 0.02945729
(Intercept) 
 0.05787486 
[1] "Iteration number: 2"
[1] "pos"
[1] 4.705675e-06 9.999221e-01
[1] "Fitting mu0 = E[Y|A=0,W]"
NULL
[1] "Fitting tau = E[Y|A=1,W] - E[Y|A=0,W]"
NULL
[1] 0.05747577
[1] 0.03173059
[1] 0.05747577
[1] -0.3118589  1.3791955
[1] "cutoff"
[1] 1e-08
[1] 1e-08 1e+00
[1] "Fitting m = E[Y|W]"
[1] "Fitting pi = E[A|W]"
[1] "Fitting tau = E[Y|A=1,W] - E[Y|A=0,W]"
[1] 1.013412
NULL
[1] 0.06119627
[1] 0.03367025
(Intercept) 
 0.06119627 
[1] "Iteration number: 3"
[1] "pos"
[1] 8.426848e-06 9.999182e-01
[1] "Fitting mu0 = E[Y|A=0,W]"
NULL
[1] "Fitting tau = E[Y|A=1,W] - E[Y|A=0,W]"
NULL
[1] "Iteration number: 4"
[1] "pos"
[1] 2.326662e-05 9.999200e-01
[1] "Fitting mu0 = E[Y|A=0,W]"
NULL
[1] "Fitting tau = E[Y|A=1,W] - E[Y|A=0,W]"
NULL
[1] 0.04861279
[1] 0.03178383
[1] 0.04861279
[1] -0.3929883  1.3841168
[1] "cutoff"
[1] 0.005622499
[1] 0.005622499 0.994377501
[1] "Fitting m = E[Y|W]"
[1] "Fitting pi = E[A|W]"
[1] "Fitting tau = E[Y|A=1,W] - E[Y|A=0,W]"
[1] 1.041857
NULL
[1] 0.05802389
[1] 0.03233859
(Intercept) 
 0.05802389 
[1] "Iteration number: 5"
[1] "pos"
[1] 4.699592e-06 9.999265e-01
[1] "Fitting mu0 = E[Y|A=0,W]"
NULL
[1] "Fitting tau = E[Y|A=1,W] - E[Y|A=0,W]"
NULL
[1] 0.05384076
[1] 0.03178313
[1] 0.05384076
[1] -0.317453  1.586278
[1] "cutoff"
[1] 1e-08
[1] 1e-08 1e+00
[1] "Fitting m = E[Y|W]"
[1] "Fitting pi = E[A|W]"
[1] "Fitting tau = E[Y|A=1,W] - E[Y|A=0,W]"
[1] 1.084871
NULL
[1] 0.06044361
[1] 0.03245572
(Intercept) 
 0.06044361 
[1] "Iteration number: 6"
[1] "pos"
[1] 4.340296e-06 9.999390e-01
[1] "Fitting mu0 = E[Y|A=0,W]"
NULL
[1] "Fitting tau = E[Y|A=1,W] - E[Y|A=0,W]"
NULL
[1] 0.05208414
[1] 0.03143292
[1] 0.05208414
[1] -0.2923354  1.5291319
[1] "cutoff"
[1] 1e-08
[1] 1e-08 1e+00
[1] "Fitting m = E[Y|W]"
[1] "Fitting pi = E[A|W]"
[1] "Fitting tau = E[Y|A=1,W] - E[Y|A=0,W]"
[1] 0.9962914
NULL
[1] 0.06235522
[1] 0.03251701
(Intercept) 
 0.06235522 
[1] "Iteration number: 7"
[1] "pos"
[1] 4.758321e-06 9.998762e-01
[1] "Fitting mu0 = E[Y|A=0,W]"
NULL
[1] "Fitting tau = E[Y|A=1,W] - E[Y|A=0,W]"
NULL
[1] 0.05333087
[1] 0.03145847
[1] 0.05333087
[1] -0.2813212  1.3891765
[1] "cutoff"
[1] 0.005220893
[1] 0.005220893 0.994779107
[1] "Fitting m = E[Y|W]"
[1] "Fitting pi = E[A|W]"
[1] "Fitting tau = E[Y|A=1,W] - E[Y|A=0,W]"
[1] 1.057461
NULL
[1] 0.05893565
[1] 0.03133719
(Intercept) 
 0.05893565 
[1] "Iteration number: 8"
[1] "pos"
[1] 3.227289e-06 9.998471e-01
[1] "Fitting mu0 = E[Y|A=0,W]"
NULL
[1] "Fitting tau = E[Y|A=1,W] - E[Y|A=0,W]"
NULL
[1] "Iteration number: 9"
[1] "pos"
[1] 7.022190e-06 9.998871e-01
[1] "Fitting mu0 = E[Y|A=0,W]"
NULL
[1] "Fitting tau = E[Y|A=1,W] - E[Y|A=0,W]"
NULL
[1] 0.06549054
[1] 0.03403773
[1] 0.06549054
[1] -0.2768039  1.4385172
[1] "cutoff"
[1] 0.00441768
[1] 0.00441768 0.99558232
[1] "Fitting m = E[Y|W]"
[1] "Fitting pi = E[A|W]"
[1] "Fitting tau = E[Y|A=1,W] - E[Y|A=0,W]"
[1] 0.9693451
NULL
[1] 0.06362338
[1] 0.03877171
(Intercept) 
 0.06362338 
[1] "Iteration number: 10"
[1] "pos"
[1] 3.789343e-06 9.999011e-01
[1] "Fitting mu0 = E[Y|A=0,W]"
NULL
[1] "Fitting tau = E[Y|A=1,W] - E[Y|A=0,W]"
NULL
[1] 0.0533093
[1] 0.03129516
[1] 0.0533093
[1] -0.3051077  1.3793064
[1] "cutoff"
[1] 1e-08
[1] 1e-08 1e+00
[1] "Fitting m = E[Y|W]"
[1] "Fitting pi = E[A|W]"
[1] "Fitting tau = E[Y|A=1,W] - E[Y|A=0,W]"
[1] 1.036001
NULL
[1] 0.06065133
[1] 0.03285217
(Intercept) 
 0.06065133 
[1] "Iteration number: 11"
[1] "pos"
[1] 7.000669e-06 9.999146e-01
[1] "Fitting mu0 = E[Y|A=0,W]"
NULL
[1] "Fitting tau = E[Y|A=1,W] - E[Y|A=0,W]"
NULL
[1] 0.04847897
[1] 0.03149026
[1] 0.04847897
[1] -0.3143029  1.3619082
[1] "cutoff"
[1] 0.005622499
[1] 0.005622499 0.994377501
[1] "Fitting m = E[Y|W]"
[1] "Fitting pi = E[A|W]"
[1] "Fitting tau = E[Y|A=1,W] - E[Y|A=0,W]"
[1] 0.9981658
NULL
[1] 0.05268412
[1] 0.02889079
(Intercept) 
 0.05268412 
[1] "Iteration number: 12"
[1] "pos"
[1] 4.000507e-06 9.999221e-01
[1] "Fitting mu0 = E[Y|A=0,W]"
NULL
[1] "Fitting tau = E[Y|A=1,W] - E[Y|A=0,W]"
NULL
[1] 0.05434644
[1] 0.03183684
[1] 0.05434644
[1] -0.332710  1.489705
[1] "cutoff"
[1] 1e-08
[1] 1e-08 1e+00
[1] "Fitting m = E[Y|W]"
[1] "Fitting pi = E[A|W]"
[1] "Fitting tau = E[Y|A=1,W] - E[Y|A=0,W]"
[1] 0.9797905
NULL
[1] 0.06176516
[1] 0.03345737
(Intercept) 
 0.06176516 
[1] "Iteration number: 13"
[1] "pos"
[1] 1.530537e-05 9.999172e-01
[1] "Fitting mu0 = E[Y|A=0,W]"
NULL
[1] "Fitting tau = E[Y|A=1,W] - E[Y|A=0,W]"
NULL
[1] 0.05201067
[1] 0.03279651
[1] 0.05201067
[1] -0.2846274  1.4735690
[1] "cutoff"
[1] 1e-08
[1] 1e-08 1e+00
[1] "Fitting m = E[Y|W]"
[1] "Fitting pi = E[A|W]"
[1] "Fitting tau = E[Y|A=1,W] - E[Y|A=0,W]"
[1] 1.059372
NULL
[1] 0.06331811
[1] 0.03514096
(Intercept) 
 0.06331811 
[1] "Iteration number: 14"
[1] "pos"
[1] 8.653963e-06 9.999232e-01
[1] "Fitting mu0 = E[Y|A=0,W]"
NULL
[1] "Fitting tau = E[Y|A=1,W] - E[Y|A=0,W]"
NULL
[1] 0.05360684
[1] 0.03087579
[1] 0.05360684
[1] -0.3325912  1.4628753
[1] "cutoff"
[1] 1e-08
[1] 1e-08 1e+00
[1] "Fitting m = E[Y|W]"
[1] "Fitting pi = E[A|W]"
[1] "Fitting tau = E[Y|A=1,W] - E[Y|A=0,W]"
[1] 1.025396
NULL
[1] 0.06087445
[1] 0.03009553
(Intercept) 
 0.06087445 
[1] "Iteration number: 15"
[1] "pos"
[1] 3.101083e-06 9.998094e-01
[1] "Fitting mu0 = E[Y|A=0,W]"
NULL
[1] "Fitting tau = E[Y|A=1,W] - E[Y|A=0,W]"
NULL
[1] 0.05328791
[1] 0.0332978
[1] 0.05328791
[1] -0.2439183  1.4257589
[1] "cutoff"
[1] 1e-08
[1] 1e-08 1e+00
[1] "Fitting m = E[Y|W]"
[1] "Fitting pi = E[A|W]"
[1] "Fitting tau = E[Y|A=1,W] - E[Y|A=0,W]"
[1] 0.9668914
NULL
[1] 0.06175162
[1] 0.03196404
(Intercept) 
 0.06175162 
[1] "Iteration number: 16"
[1] "pos"
[1] 5.451647e-06 9.999180e-01
[1] "Fitting mu0 = E[Y|A=0,W]"
NULL
[1] "Fitting tau = E[Y|A=1,W] - E[Y|A=0,W]"
NULL
[1] 0.05111947
[1] 0.03199617
[1] 0.05111947
