LOADING R
R LOADED
[1] "/home/lvanderl/Rlibs2"                         
[2] "/app/software/R/4.2.2-foss-2021b/lib/R/library"
[1] "/home/lvanderl/sieveSims"
[1] "Iteration number: 1"
[1] "pos"
[1] 2.919549e-06 9.998745e-01
[1] "Fitting mu0 = E[Y|A=0,W]"
NULL
[1] "Fitting tau = E[Y|A=1,W] - E[Y|A=0,W]"
NULL
[1] 0.02921187
[1] 0.01886066
[1] 0.02921187
[1] -0.2937796  1.5196932
[1] "cutoff"
[1] 1e-08
[1] 1e-08 1e+00
[1] "Fitting m = E[Y|W]"
[1] "Fitting pi = E[A|W]"
[1] "Fitting tau = E[Y|A=1,W] - E[Y|A=0,W]"
[1] 1.082423
NULL
[1] 0.03344021
[1] 0.01878794
(Intercept) 
 0.03344021 
[1] "Iteration number: 2"
[1] "pos"
[1] 3.230413e-06 9.998906e-01
[1] "Fitting mu0 = E[Y|A=0,W]"
NULL
[1] "Fitting tau = E[Y|A=1,W] - E[Y|A=0,W]"
NULL
[1] 0.03031926
[1] 0.01749217
[1] 0.03031926
[1] -0.3359625  1.4749978
[1] "cutoff"
[1] 0.003212861
[1] 0.003212861 0.996787139
[1] "Fitting m = E[Y|W]"
[1] "Fitting pi = E[A|W]"
[1] "Fitting tau = E[Y|A=1,W] - E[Y|A=0,W]"
[1] 1.024838
NULL
[1] 0.03306444
[1] 0.01720938
(Intercept) 
 0.03306444 
[1] "Iteration number: 3"
[1] "pos"
[1] 4.158920e-06 9.999382e-01
[1] "Fitting mu0 = E[Y|A=0,W]"
NULL
[1] "Fitting tau = E[Y|A=1,W] - E[Y|A=0,W]"
NULL
[1] 0.03058125
[1] 0.01860052
[1] 0.03058125
[1] -0.2846622  1.5011436
[1] "cutoff"
[1] 0.001606436
[1] 0.001606436 0.998393564
[1] "Fitting m = E[Y|W]"
[1] "Fitting pi = E[A|W]"
[1] "Fitting tau = E[Y|A=1,W] - E[Y|A=0,W]"
[1] 1.012894
NULL
[1] 0.03430459
[1] 0.01870876
(Intercept) 
 0.03430459 
[1] "Iteration number: 4"
[1] "pos"
[1] 3.451329e-06 9.999313e-01
[1] "Fitting mu0 = E[Y|A=0,W]"
NULL
[1] "Fitting tau = E[Y|A=1,W] - E[Y|A=0,W]"
NULL
[1] 0.0290746
[1] 0.01850622
[1] 0.0290746
[1] -0.3321335  1.4717718
[1] "cutoff"
[1] 1e-08
[1] 1e-08 1e+00
[1] "Fitting m = E[Y|W]"
[1] "Fitting pi = E[A|W]"
[1] "Fitting tau = E[Y|A=1,W] - E[Y|A=0,W]"
[1] 0.9934823
NULL
[1] 0.03436959
[1] 0.01875859
(Intercept) 
 0.03436959 
[1] "Iteration number: 5"
[1] "pos"
[1] 3.447242e-06 9.999369e-01
[1] "Fitting mu0 = E[Y|A=0,W]"
NULL
[1] "Fitting tau = E[Y|A=1,W] - E[Y|A=0,W]"
NULL
[1] 0.02928652
[1] 0.01836883
[1] 0.02928652
[1] -0.3630593  1.4639903
[1] "cutoff"
[1] 1e-08
[1] 1e-08 1e+00
[1] "Fitting m = E[Y|W]"
[1] "Fitting pi = E[A|W]"
[1] "Fitting tau = E[Y|A=1,W] - E[Y|A=0,W]"
[1] 0.9850271
NULL
[1] 0.03404007
[1] 0.01881498
(Intercept) 
 0.03404007 
[1] "Iteration number: 6"
[1] "pos"
[1] 3.950583e-06 9.999355e-01
[1] "Fitting mu0 = E[Y|A=0,W]"
NULL
[1] "Fitting tau = E[Y|A=1,W] - E[Y|A=0,W]"
NULL
[1] 0.03291381
[1] 0.01855348
[1] 0.03291381
[1] -0.3103268  1.4862875
[1] "cutoff"
[1] 0.007630531
[1] 0.007630531 0.992369469
[1] "Fitting m = E[Y|W]"
[1] "Fitting pi = E[A|W]"
[1] "Fitting tau = E[Y|A=1,W] - E[Y|A=0,W]"
