LOADING R
R LOADED
[1] "/home/lvanderl/Rlibs2"                         
[2] "/app/software/R/4.2.2-foss-2021b/lib/R/library"
[1] "/home/lvanderl/sieveSims"
[1] 1
[1] -0.00065918
[1] 0.01655041
[1] "AdaLSE"
[1] 0.006793395
[1] 0.0309931
[1] 1

1 
1 
[1] "Fitting mean A"
[1] "Fitting variance A"
[1] "DR"
[1] 0.007900352
[1] 0.03032102
[1] 1

1 
1 
[1] "se comparison"
[1] NA
[1] NA
[1] 2
[1] -0.00065918
[1] 0.01655041
[1] "AdaLSE"
[1] -0.01554839
[1] 0.03130964
[1] 1

1 
2 
[1] "Fitting mean A"
[1] "Fitting variance A"
[1] "DR"
[1] -0.02693801
[1] 0.02945956
[1] 1

1 
2 
[1] "se comparison"
[1] 0.01579802
[1] 0.02463444
[1] 3
[1] -0.00065918
[1] 0.01655041
[1] "AdaLSE"
[1] 0.01625716
[1] 0.03208302
[1] 1

1 
3 
[1] "Fitting mean A"
[1] "Fitting variance A"
[1] "DR"
[1] 0.01624158
[1] 0.03058454
[1] 1

1 
3 
[1] "se comparison"
[1] 0.01633152
[1] 0.02290475
[1] 4
[1] -0.00065918
[1] 0.01655041
[1] "AdaLSE"
[1] 0.05058607
[1] 0.03194883
[1] 1

1 
4 
[1] "Fitting mean A"
[1] "Fitting variance A"
[1] "DR"
[1] 0.05007413
[1] 0.03126739
[1] 1

1 
4 
[1] "se comparison"
[1] 0.02749295
[1] 0.03162528
[1] 5
[1] -0.00065918
[1] 0.01655041
[1] "AdaLSE"
[1] 0.03324339
[1] 0.03076643
[1] 1

1 
5 
[1] "Fitting mean A"
[1] "Fitting variance A"
[1] "DR"
[1] 0.02649355
[1] 0.02927376
[1] 1

1 
5 
[1] "se comparison"
[1] 0.02523875
[1] 0.02816353
[1] 6
[1] -0.00065918
[1] 0.01655041
[1] "AdaLSE"
[1] 0.04502119
[1] 0.03258488
[1] 1

1 
6 
[1] "Fitting mean A"
[1] "Fitting variance A"
[1] "DR"
[1] 0.04538303
[1] 0.03095716
[1] 1

1 
6 
[1] "se comparison"
[1] 0.02507787
[1] 0.02812295
[1] 7
[1] -0.00065918
[1] 0.01655041
[1] "AdaLSE"
[1] -0.06453145
[1] 0.03174501
[1] 0.8571429

0 1 
1 6 
[1] "Fitting mean A"
[1] "Fitting variance A"
[1] "DR"
[1] -0.06118598
[1] 0.03077288
[1] 0.8571429

0 1 
1 6 
[1] "se comparison"
[1] 0.04014678
[1] 0.03996765
[1] 8
[1] -0.00065918
[1] 0.01655041
[1] "AdaLSE"
[1] 0.08261918
[1] 0.03195515
[1] 0.75

0 1 
2 6 
[1] "Fitting mean A"
[1] "Fitting variance A"
[1] "DR"
[1] 0.0789687
[1] 0.03135879
[1] 0.75

0 1 
2 6 
[1] "se comparison"
[1] 0.04512194
[1] 0.044652
[1] 9
[1] -0.00065918
[1] 0.01655041
[1] "AdaLSE"
[1] 0.04666335
[1] 0.03221709
[1] 0.7777778

0 1 
2 7 
[1] "Fitting mean A"
[1] "Fitting variance A"
[1] "DR"
[1] 0.04993161
[1] 0.03096359
[1] 0.7777778

0 1 
2 7 
[1] "se comparison"
[1] 0.04318165
[1] 0.0431766
[1] 10
[1] -0.00065918
[1] 0.01655041
[1] "AdaLSE"
[1] -0.004865479
[1] 0.03301299
[1] 0.8

0 1 
2 8 
[1] "Fitting mean A"
[1] "Fitting variance A"
[1] "DR"
[1] -0.01901437
[1] 0.03055839
[1] 0.8

0 1 
2 8 
[1] "se comparison"
[1] 0.04161143
[1] 0.04260644
[1] 11
[1] -0.00065918
[1] 0.01655041
[1] "AdaLSE"
[1] -0.1107841
[1] 0.03187614
[1] 0.7272727

0 1 
3 8 
[1] "Fitting mean A"
[1] "Fitting variance A"
[1] "DR"
[1] -0.1113644
[1] 0.03100904
[1] 0.7272727

0 1 
3 8 
[1] "se comparison"
[1] 0.05571698
[1] 0.05591711
[1] 12
[1] -0.00065918
[1] 0.01655041
[1] "AdaLSE"
[1] 0.00122096
[1] 0.03171328
[1] 0.75

0 1 
3 9 
[1] "Fitting mean A"
[1] "Fitting variance A"
[1] "DR"
[1] 0.003302935
[1] 0.03089576
[1] 0.75

0 1 
3 9 
[1] "se comparison"
[1] 0.05315767
[1] 0.0533175
[1] 13
[1] -0.00065918
[1] 0.01655041
[1] "AdaLSE"
[1] 0.002167464
[1] 0.03361558
[1] 0.7692308

 0  1 
 3 10 
[1] "Fitting mean A"
[1] "Fitting variance A"
[1] "DR"
[1] 0.005593411
[1] 0.03166803
[1] 0.7692308

 0  1 
 3 10 
[1] "se comparison"
[1] 0.0509139
[1] 0.0510479
[1] 14
[1] -0.00065918
[1] 0.01655041
[1] "AdaLSE"
[1] -0.006086816
[1] 0.03196565
[1] 0.7857143

 0  1 
 3 11 
[1] "Fitting mean A"
[1] "Fitting variance A"
[1] "DR"
[1] -0.00237701
[1] 0.03207441
[1] 0.7857143

 0  1 
 3 11 
[1] "se comparison"
[1] 0.04903823
[1] 0.04908517
[1] 15
[1] -0.00065918
[1] 0.01655041
[1] "AdaLSE"
[1] 0.07943958
[1] 0.03297445
[1] 0.8

 0  1 
 3 12 
[1] "Fitting mean A"
[1] "Fitting variance A"
[1] "DR"
[1] 0.06878425
[1] 0.03159947
[1] 0.8

 0  1 
 3 12 
[1] "se comparison"
[1] 0.05092553
[1] 0.05012733
[1] 16
[1] -0.00065918
[1] 0.01655041
[1] "AdaLSE"
[1] -0.0007820024
[1] 0.03257272
[1] 0.8125

 0  1 
 3 13 
[1] "Fitting mean A"
[1] "Fitting variance A"
[1] "DR"
[1] 0.0003006132
[1] 0.03107529
[1] 0.8125

 0  1 
 3 13 
[1] "se comparison"
[1] 0.04928406
[1] 0.04847404
[1] 17
[1] -0.00065918
[1] 0.01655041
[1] "AdaLSE"
[1] -0.04869255
[1] 0.03133356
[1] 0.7647059

 0  1 
 4 13 
[1] "Fitting mean A"
[1] "Fitting variance A"
[1] "DR"
[1] -0.04986219
[1] 0.02954571
[1] 0.7647059

 0  1 
 4 13 
[1] "se comparison"
[1] 0.04980319
[1] 0.04900575
[1] 18
[1] -0.00065918
[1] 0.01655041
[1] "AdaLSE"
[1] -0.01340022
[1] 0.03134829
[1] 0.7777778

 0  1 
 4 14 
[1] "Fitting mean A"
[1] "Fitting variance A"
[1] "DR"
[1] -0.01330533
[1] 0.03029672
[1] 0.7777778

 0  1 
 4 14 
[1] "se comparison"
[1] 0.04854632
[1] 0.04773448
[1] 19
[1] -0.00065918
[1] 0.01655041
[1] "AdaLSE"
[1] -0.02995851
[1] 0.03154007
[1] 0.7894737

 0  1 
 4 15 
[1] "Fitting mean A"
[1] "Fitting variance A"
[1] "DR"
[1] -0.0337758
[1] 0.02993744
[1] 0.7894737

 0  1 
 4 15 
[1] "se comparison"
[1] 0.04787541
[1] 0.04718497
[1] 20
[1] -0.00065918
[1] 0.01655041
[1] "AdaLSE"
[1] -0.04468217
[1] 0.02989615
[1] 0.75

 0  1 
 5 15 
[1] "Fitting mean A"
[1] "Fitting variance A"
[1] "DR"
[1] -0.04463359
[1] 0.02846308
[1] 0.75

 0  1 
 5 15 
[1] "se comparison"
[1] 0.04783538
[1] 0.04708798
[1] 21
[1] -0.00065918
[1] 0.01655041
[1] "AdaLSE"
[1] 0.02262799
[1] 0.03237095
[1] 0.7619048

 0  1 
 5 16 
[1] "Fitting mean A"
[1] "Fitting variance A"
[1] "DR"
[1] 0.02480404
[1] 0.03026275
[1] 0.7619048

 0  1 
 5 16 
[1] "se comparison"
[1] 0.04685731
[1] 0.04622599
[1] 22
[1] -0.00065918
[1] 0.01655041
[1] "AdaLSE"
[1] 0.003521081
[1] 0.03217328
[1] 0.7727273

 0  1 
 5 17 
[1] "Fitting mean A"
[1] "Fitting variance A"
[1] "DR"
[1] 0.002178314
[1] 0.03051698
[1] 0.7727273

 0  1 
 5 17 
[1] "se comparison"
[1] 0.04572886
[1] 0.045113
[1] 23
[1] -0.00065918
[1] 0.01655041
[1] "AdaLSE"
[1] 4.2081e-05
[1] 0.03490931
[1] 0.7826087

 0  1 
 5 18 
[1] "Fitting mean A"
[1] "Fitting variance A"
[1] "DR"
[1] -0.006478917
[1] 0.03237248
[1] 0.7826087

 0  1 
 5 18 
[1] "se comparison"
[1] 0.04467998
[1] 0.04410188
[1] 24
[1] -0.00065918
[1] 0.01655041
[1] "AdaLSE"
[1] 0.03900638
[1] 0.0309169
[1] 0.7916667

 0  1 
 5 19 
[1] "Fitting mean A"
[1] "Fitting variance A"
[1] "DR"
[1] 0.03860928
[1] 0.03028541
[1] 0.7916667

 0  1 
 5 19 
[1] "se comparison"
[1] 0.04433864
[1] 0.04382911
[1] 25
[1] -0.00065918
[1] 0.01655041
[1] "AdaLSE"
[1] 0.03298852
[1] 0.03183665
[1] 0.8

 0  1 
 5 20 
[1] "Fitting mean A"
[1] "Fitting variance A"
[1] "DR"
[1] 0.03752965
[1] 0.03044033
[1] 0.8

 0  1 
 5 20 
[1] "se comparison"
[1] 0.04379737
[1] 0.04348851
[1] 26
[1] -0.00065918
[1] 0.01655041
[1] "AdaLSE"
[1] 0.02533345
[1] 0.0327578
[1] 0.8076923

 0  1 
 5 21 
[1] "Fitting mean A"
[1] "Fitting variance A"
[1] "DR"
[1] 0.02526569
[1] 0.03059675
[1] 0.8076923

 0  1 
 5 21 
[1] "se comparison"
[1] 0.04309892
[1] 0.04282341
[1] 27
[1] -0.00065918
[1] 0.01655041
[1] "AdaLSE"
[1] 0.03338086
[1] 0.03222196
[1] 0.8148148

 0  1 
 5 22 
[1] "Fitting mean A"
[1] "Fitting variance A"
[1] "DR"
[1] 0.0331698
[1] 0.03083298
[1] 0.8148148

 0  1 
 5 22 
[1] "se comparison"
[1] 0.04259639
[1] 0.04235717
[1] 28
[1] -0.00065918
[1] 0.01655041
[1] "AdaLSE"
[1] -0.02400337
[1] 0.03319564
[1] 0.8214286

 0  1 
 5 23 
[1] "Fitting mean A"
[1] "Fitting variance A"
[1] "DR"
[1] -0.02494361
[1] 0.03103728
[1] 0.8214286

 0  1 
 5 23 
[1] "se comparison"
[1] 0.04220159
[1] 0.04195888
[1] 29
[1] -0.00065918
[1] 0.01655041
[1] "AdaLSE"
[1] 0.02233959
[1] 0.03220835
[1] 0.8275862

 0  1 
 5 24 
[1] "Fitting mean A"
[1] "Fitting variance A"
[1] "DR"
[1] 0.02366158
[1] 0.03104023
[1] 0.8275862

 0  1 
 5 24 
[1] "se comparison"
[1] 0.04155717
[1] 0.04135922
[1] 30
[1] -0.00065918
[1] 0.01655041
[1] "AdaLSE"
[1] 0.02623062
[1] 0.03028394
[1] 0.8333333

 0  1 
 5 25 
[1] "Fitting mean A"
[1] "Fitting variance A"
[1] "DR"
[1] 0.02710151
[1] 0.03057282
[1] 0.8333333

 0  1 
 5 25 
[1] "se comparison"
[1] 0.04099775
[1] 0.04084014
[1] 31
[1] -0.00065918
[1] 0.01655041
[1] "AdaLSE"
[1] 0.02333191
[1] 0.03117648
[1] 0.8387097

 0  1 
 5 26 
[1] "Fitting mean A"
[1] "Fitting variance A"
[1] "DR"
[1] 0.01727567
[1] 0.02994134
[1] 0.8387097

 0  1 
 5 26 
[1] "se comparison"
[1] 0.04041693
[1] 0.04020736
[1] 32
[1] -0.00065918
[1] 0.01655041
[1] "AdaLSE"
[1] -0.04999324
[1] 0.03130678
[1] 0.8125

 0  1 
 6 26 
[1] "Fitting mean A"
[1] "Fitting variance A"
[1] "DR"
[1] -0.05729671
[1] 0.02984678
[1] 0.8125

 0  1 
 6 26 
[1] "se comparison"
[1] 0.04103389
[1] 0.04110995
[1] 33
[1] -0.00065918
[1] 0.01655041
[1] "AdaLSE"
[1] 0.009970841
[1] 0.03447585
[1] 0.8181818

 0  1 
 6 27 
[1] "Fitting mean A"
[1] "Fitting variance A"
[1] "DR"
[1] 0.005803229
[1] 0.03221403
[1] 0.8181818

 0  1 
 6 27 
[1] "se comparison"
[1] 0.04039478
[1] 0.04046359
[1] 34
[1] -0.00065918
[1] 0.01655041
[1] "AdaLSE"
[1] 0.003998909
[1] 0.03183518
[1] 0.8235294

 0  1 
 6 28 
[1] "Fitting mean A"
[1] "Fitting variance A"
[1] "DR"
[1] -0.006028535
[1] 0.03113756
[1] 0.8235294

 0  1 
 6 28 
[1] "se comparison"
[1] 0.03977915
[1] 0.03988407
[1] 35
[1] -0.00065918
[1] 0.01655041
[1] "AdaLSE"
[1] 0.01831347
[1] 0.0320815
[1] 0.8285714

 0  1 
 6 29 
[1] "Fitting mean A"
[1] "Fitting variance A"
[1] "DR"
[1] 0.01826909
[1] 0.03056742
[1] 0.8285714

 0  1 
 6 29 
[1] "se comparison"
[1] 0.03924785
[1] 0.03936859
[1] 36
[1] -0.00065918
[1] 0.01655041
[1] "AdaLSE"
[1] -0.0005061984
[1] 0.03130124
[1] 0.8333333

 0  1 
 6 30 
[1] "Fitting mean A"
[1] "Fitting variance A"
[1] "DR"
[1] -0.006321716
[1] 0.02972195
[1] 0.8333333

 0  1 
 6 30 
[1] "se comparison"
[1] 0.03869853
[1] 0.03884224
[1] 37
[1] -0.00065918
[1] 0.01655041
[1] "AdaLSE"
[1] 0.00483856
[1] 0.03368193
[1] 0.8378378

 0  1 
 6 31 
[1] "Fitting mean A"
[1] "Fitting variance A"
[1] "DR"
[1] 0.00122269
[1] 0.03235523
[1] 0.8378378

 0  1 
 6 31 
[1] "se comparison"
[1] 0.03815764
[1] 0.03830164
[1] 38
[1] -0.00065918
[1] 0.01655041
[1] "AdaLSE"
[1] -0.02482186
[1] 0.03124695
[1] 0.8421053

 0  1 
 6 32 
[1] "Fitting mean A"
[1] "Fitting variance A"
[1] "DR"
[1] -0.023693
[1] 0.02959176
[1] 0.8421053

 0  1 
 6 32 
[1] "se comparison"
[1] 0.03796572
[1] 0.03804476
[1] 39
[1] -0.00065918
[1] 0.01655041
[1] "AdaLSE"
[1] -0.009672285
[1] 0.031999
[1] 0.8461538

 0  1 
 6 33 
[1] "Fitting mean A"
[1] "Fitting variance A"
[1] "DR"
[1] -0.008892708
[1] 0.03088901
[1] 0.8461538

 0  1 
 6 33 
[1] "se comparison"
[1] 0.03753678
[1] 0.03759054
[1] 40
[1] -0.00065918
[1] 0.01655041
[1] "AdaLSE"
[1] 0.02312603
[1] 0.03329315
[1] 0.85

 0  1 
 6 34 
[1] "Fitting mean A"
[1] "Fitting variance A"
[1] "DR"
[1] 0.0156381
[1] 0.03228625
[1] 0.85

 0  1 
 6 34 
[1] "se comparison"
[1] 0.03716731
[1] 0.0371604
[1] 41
[1] -0.00065918
[1] 0.01655041
[1] "AdaLSE"
[1] 0.02162369
[1] 0.03318923
[1] 0.8536585

 0  1 
 6 35 
[1] "Fitting mean A"
[1] "Fitting variance A"
[1] "DR"
[1] 0.02320104
[1] 0.03280785
[1] 0.8536585

 0  1 
 6 35 
[1] "se comparison"
[1] 0.0367902
[1] 0.03682587
[1] 42
[1] -0.00065918
[1] 0.01655041
[1] "AdaLSE"
[1] 0.03604338
[1] 0.03282083
[1] 0.8571429

 0  1 
 6 36 
[1] "Fitting mean A"
[1] "Fitting variance A"
[1] "DR"
[1] 0.03350074
[1] 0.03158068
[1] 0.8571429

 0  1 
 6 36 
[1] "se comparison"
[1] 0.0366427
[1] 0.03666403
[1] 43
[1] -0.00065918
[1] 0.01655041
[1] "AdaLSE"
[1] 0.01160867
[1] 0.03458422
[1] 0.8604651

 0  1 
 6 37 
[1] "Fitting mean A"
[1] "Fitting variance A"
[1] "DR"
[1] 0.01143322
[1] 0.0325365
[1] 0.8604651

 0  1 
 6 37 
[1] "se comparison"
[1] 0.03621308
[1] 0.03624088
[1] 44
[1] -0.00065918
[1] 0.01655041
[1] "AdaLSE"
[1] 0.01428753
[1] 0.03293208
[1] 0.8636364

 0  1 
 6 38 
[1] "Fitting mean A"
[1] "Fitting variance A"
[1] "DR"
[1] 0.005054553
[1] 0.03018719
[1] 0.8636364

 0  1 
 6 38 
[1] "se comparison"
[1] 0.03580941
[1] 0.03581707
[1] 45
[1] -0.00065918
[1] 0.01655041
[1] "AdaLSE"
[1] -0.06756261
[1] 0.03090962
[1] 0.8444444

 0  1 
 7 38 
[1] "Fitting mean A"
[1] "Fitting variance A"
[1] "DR"
[1] -0.06902795
[1] 0.02990446
[1] 0.8444444

 0  1 
 7 38 
[1] "se comparison"
[1] 0.03708419
[1] 0.03706804
[1] 46
[1] -0.00065918
[1] 0.01655041
[1] "AdaLSE"
[1] 0.05502527
[1] 0.03139844
[1] 0.8478261

 0  1 
 7 39 
[1] "Fitting mean A"
[1] "Fitting variance A"
[1] "DR"
[1] 0.04818322
[1] 0.03013816
[1] 0.8478261

 0  1 
 7 39 
[1] "se comparison"
[1] 0.03740702
[1] 0.03725637
[1] 47
[1] -0.00065918
[1] 0.01655041
[1] "AdaLSE"
[1] -0.05226349
[1] 0.03256102
[1] 0.8297872

 0  1 
 8 39 
[1] "Fitting mean A"
[1] "Fitting variance A"
[1] "DR"
[1] -0.05729223
[1] 0.03102257
[1] 0.8297872

 0  1 
 8 39 
[1] "se comparison"
[1] 0.03796155
[1] 0.03791506
[1] 48
[1] -0.00065918
[1] 0.01655041
[1] "AdaLSE"
[1] 0.009892761
[1] 0.03154515
[1] 0.8333333

 0  1 
 8 40 
[1] "Fitting mean A"
[1] "Fitting variance A"
[1] "DR"
[1] -0.002198766
[1] 0.02968358
[1] 0.8333333

 0  1 
 8 40 
[1] "se comparison"
[1] 0.03756285
[1] 0.03751594
[1] 49
[1] -0.00065918
[1] 0.01655041
[1] "AdaLSE"
[1] -0.07374882
[1] 0.03255414
[1] 0.8163265

 0  1 
 9 40 
[1] "Fitting mean A"
[1] "Fitting variance A"
[1] "DR"
[1] -0.07520737
[1] 0.03051552
[1] 0.8163265

 0  1 
 9 40 
[1] "se comparison"
[1] 0.03882897
[1] 0.03874756
[1] 50
[1] -0.00065918
[1] 0.01655041
[1] "AdaLSE"
[1] 0.0183903
[1] 0.03170875
[1] 0.82

 0  1 
 9 41 
[1] "Fitting mean A"
[1] "Fitting variance A"
[1] "DR"
[1] 0.01709585
[1] 0.02974354
[1] 0.82

 0  1 
 9 41 
[1] "se comparison"
[1] 0.03849025
[1] 0.03841832
[1] 51
[1] -0.00065918
[1] 0.01655041
[1] "AdaLSE"
[1] -0.01386183
[1] 0.03069736
[1] 0.8235294

 0  1 
 9 42 
[1] "Fitting mean A"
[1] "Fitting variance A"
[1] "DR"
[1] -0.01348334
[1] 0.02897009
[1] 0.8235294

 0  1 
 9 42 
[1] "se comparison"
[1] 0.03818143
[1] 0.03808805
[1] 52
[1] -0.00065918
[1] 0.01655041
[1] "AdaLSE"
[1] -0.01243273
[1] 0.03111247
[1] 0.8269231

 0  1 
 9 43 
[1] "Fitting mean A"
[1] "Fitting variance A"
[1] "DR"
[1] -0.005580927
[1] 0.03010757
[1] 0.8269231

 0  1 
 9 43 
[1] "se comparison"
[1] 0.0378675
[1] 0.03772368
[1] 53
[1] -0.00065918
[1] 0.01655041
[1] "AdaLSE"
[1] 0.01821747
[1] 0.03041324
[1] 0.8301887

 0  1 
 9 44 
[1] "Fitting mean A"
[1] "Fitting variance A"
[1] "DR"
[1] 0.01519248
[1] 0.02996974
[1] 0.8301887

 0  1 
 9 44 
[1] "se comparison"
[1] 0.03756046
[1] 0.03741126
[1] 54
[1] -0.00065918
[1] 0.01655041
[1] "AdaLSE"
[1] -0.001051274
[1] 0.03137795
[1] 0.8333333

 0  1 
 9 45 
[1] "Fitting mean A"
[1] "Fitting variance A"
[1] "DR"
[1] -0.001423273
[1] 0.02869375
[1] 0.8333333

 0  1 
 9 45 
[1] "se comparison"
[1] 0.03720894
[1] 0.03705823
[1] 55
[1] -0.00065918
[1] 0.01655041
[1] "AdaLSE"
[1] -0.05804144
[1] 0.03245225
[1] 0.8181818

 0  1 
10 45 
[1] "Fitting mean A"
[1] "Fitting variance A"
[1] "DR"
[1] -0.05960038
[1] 0.03129998
[1] 0.8181818

 0  1 
10 45 
[1] "se comparison"
[1] 0.03777429
[1] 0.0376134
[1] 56
[1] -0.00065918
[1] 0.01655041
[1] "AdaLSE"
[1] -0.03663366
[1] 0.03144906
[1] 0.8214286

 0  1 
10 46 
[1] "Fitting mean A"
[1] "Fitting variance A"
[1] "DR"
[1] -0.04362301
[1] 0.0299717
[1] 0.8035714

 0  1 
11 45 
[1] "se comparison"
[1] 0.03778396
[1] 0.03772198
[1] 57
[1] -0.00065918
[1] 0.01655041
[1] "AdaLSE"
[1] 0.01812175
[1] 0.03447387
[1] 0.8245614

 0  1 
10 47 
[1] "Fitting mean A"
[1] "Fitting variance A"
[1] "DR"
[1] 0.01387666
[1] 0.03226687
[1] 0.8070175

 0  1 
11 46 
[1] "se comparison"
[1] 0.03751112
[1] 0.03743437
[1] 58
[1] -0.00065918
[1] 0.01655041
[1] "AdaLSE"
[1] -0.04502142
[1] 0.03150172
[1] 0.8275862

 0  1 
10 48 
[1] "Fitting mean A"
[1] "Fitting variance A"
[1] "DR"
[1] -0.04797912
[1] 0.03011929
[1] 0.7931034

 0  1 
12 46 
[1] "se comparison"
[1] 0.03768164
[1] 0.03762311
[1] 59
[1] -0.00065918
[1] 0.01655041
[1] "AdaLSE"
[1] 0.01411526
[1] 0.03469717
[1] 0.8305085

 0  1 
10 49 
[1] "Fitting mean A"
[1] "Fitting variance A"
[1] "DR"
[1] 0.008982738
[1] 0.03186679
[1] 0.7966102

 0  1 
12 47 
[1] "se comparison"
[1] 0.03739549
[1] 0.03732179
[1] 60
[1] -0.00065918
[1] 0.01655041
[1] "AdaLSE"
[1] -0.01409597
[1] 0.03376077
[1] 0.8333333

 0  1 
10 50 
[1] "Fitting mean A"
[1] "Fitting variance A"
[1] "DR"
[1] -0.01836635
[1] 0.0314919
[1] 0.8

 0  1 
12 48 
[1] "se comparison"
[1] 0.03712869
[1] 0.03707037
[1] 61
[1] -0.00065918
[1] 0.01655041
[1] "AdaLSE"
[1] 0.04993028
[1] 0.03207248
[1] 0.8360656

 0  1 
10 51 
[1] "Fitting mean A"
[1] "Fitting variance A"
[1] "DR"
[1] 0.04361575
[1] 0.03035135
[1] 0.8032787

 0  1 
12 49 
[1] "se comparison"
[1] 0.03735173
[1] 0.0372112
[1] 62
[1] -0.00065918
[1] 0.01655041
[1] "AdaLSE"
[1] 0.06018449
[1] 0.03207288
[1] 0.8387097

 0  1 
10 52 
[1] "Fitting mean A"
[1] "Fitting variance A"
[1] "DR"
[1] 0.0613756
[1] 0.03044037
[1] 0.8064516

 0  1 
12 50 
[1] "se comparison"
[1] 0.03778422
[1] 0.03773913
[1] 63
[1] -0.00065918
[1] 0.01655041
[1] "AdaLSE"
[1] 0.06956082
[1] 0.03252374
[1] 0.8412698

 0  1 
10 53 
[1] "Fitting mean A"
[1] "Fitting variance A"
[1] "DR"
[1] 0.06556625
[1] 0.03039144
[1] 0.8095238

 0  1 
12 51 
[1] "se comparison"
[1] 0.0384177
[1] 0.03832754
[1] 64
[1] -0.00065918
[1] 0.01655041
[1] "AdaLSE"
[1] 0.06638257
[1] 0.0339905
[1] 0.84375

 0  1 
10 54 
[1] "Fitting mean A"
[1] "Fitting variance A"
[1] "DR"
[1] 0.06635589
[1] 0.03245223
[1] 0.8125

 0  1 
12 52 
[1] "se comparison"
[1] 0.0389111
[1] 0.03888253
[1] 65
[1] -0.00065918
[1] 0.01655041
[1] "AdaLSE"
[1] -0.06090522
[1] 0.03073316
[1] 0.8307692

 0  1 
11 54 
[1] "Fitting mean A"
[1] "Fitting variance A"
[1] "DR"
[1] -0.06271676
[1] 0.02969949
[1] 0.8

 0  1 
13 52 
[1] "se comparison"
[1] 0.03945123
[1] 0.03941138
[1] 66
[1] -0.00065918
[1] 0.01655041
[1] "AdaLSE"
[1] -0.0366001
[1] 0.03093664
[1] 0.8333333

 0  1 
11 55 
[1] "Fitting mean A"
[1] "Fitting variance A"
[1] "DR"
[1] -0.03320464
[1] 0.03008816
[1] 0.8030303

 0  1 
13 53 
[1] "se comparison"
[1] 0.03945773
[1] 0.03933697
[1] 67
[1] -0.00065918
[1] 0.01655041
[1] "AdaLSE"
[1] 0.008462348
[1] 0.03268266
[1] 0.8358209

 0  1 
11 56 
[1] "Fitting mean A"
[1] "Fitting variance A"
[1] "DR"
[1] 0.001976357
[1] 0.03127507
[1] 0.8059701

 0  1 
13 54 
[1] "se comparison"
[1] 0.03916342
[1] 0.0390381
[1] 68
[1] -0.00065918
[1] 0.01655041
[1] "AdaLSE"
[1] -0.04976329
[1] 0.03229574
[1] 0.8235294

 0  1 
12 56 
[1] "Fitting mean A"
[1] "Fitting variance A"
[1] "DR"
[1] -0.04661694
[1] 0.03110546
[1] 0.7941176

 0  1 
14 54 
[1] "se comparison"
[1] 0.03939416
[1] 0.0391699
[1] 69
[1] -0.00065918
[1] 0.01655041
[1] "AdaLSE"
[1] -0.05167827
[1] 0.03261651
[1] 0.8115942

 0  1 
13 56 
[1] "Fitting mean A"
[1] "Fitting variance A"
[1] "DR"
[1] -0.05416015
[1] 0.03023801
[1] 0.7826087

 0  1 
15 54 
[1] "se comparison"
[1] 0.03963916
[1] 0.03942562
[1] 70
[1] -0.00065918
[1] 0.01655041
[1] "AdaLSE"
[1] 0.07084901
[1] 0.03187187
[1] 0.8142857

 0  1 
13 57 
[1] "Fitting mean A"
[1] "Fitting variance A"
[1] "DR"
[1] 0.06187615
[1] 0.02867711
[1] 0.7857143

 0  1 
15 55 
[1] "se comparison"
[1] 0.04021457
[1] 0.03984691
[1] 71
[1] -0.00065918
[1] 0.01655041
[1] "AdaLSE"
[1] 0.01014014
[1] 0.032226
[1] 0.8169014

 0  1 
13 58 
[1] "Fitting mean A"
[1] "Fitting variance A"
[1] "DR"
[1] 0.005591348
[1] 0.03138002
[1] 0.7887324

 0  1 
15 56 
[1] "se comparison"
[1] 0.03993663
[1] 0.03956643
[1] 72
[1] -0.00065918
[1] 0.01655041
[1] "AdaLSE"
[1] 0.08202659
[1] 0.03162385
[1] 0.8055556

 0  1 
14 58 
[1] "Fitting mean A"
[1] "Fitting variance A"
[1] "DR"
[1] 0.07432404
[1] 0.03102619
[1] 0.7916667

 0  1 
15 57 
[1] "se comparison"
[1] 0.04074446
[1] 0.04024428
[1] 73
[1] -0.00065918
[1] 0.01655041
[1] "AdaLSE"
[1] 0.00557407
[1] 0.03469805
[1] 0.8082192

 0  1 
14 59 
[1] "Fitting mean A"
[1] "Fitting variance A"
[1] "DR"
[1] -0.003096985
[1] 0.03129295
[1] 0.7945205

 0  1 
15 58 
[1] "se comparison"
[1] 0.04046113
[1] 0.03996715
[1] 74
[1] -0.00065918
[1] 0.01655041
[1] "AdaLSE"
[1] 0.03690302
[1] 0.03206579
[1] 0.8108108

 0  1 
14 60 
[1] "Fitting mean A"
[1] "Fitting variance A"
[1] "DR"
[1] 0.02717543
[1] 0.02958693
[1] 0.7972973

 0  1 
15 59 
[1] "se comparison"
[1] 0.04036777
[1] 0.03980674
[1] 75
[1] -0.00065918
[1] 0.01655041
[1] "AdaLSE"
[1] 0.05474694
[1] 0.03062092
[1] 0.8133333

 0  1 
14 61 
[1] "Fitting mean A"
[1] "Fitting variance A"
[1] "DR"
[1] 0.05635086
[1] 0.02887483
[1] 0.8

 0  1 
15 60 
[1] "se comparison"
[1] 0.04051723
[1] 0.04003918
[1] 76
[1] -0.00065918
[1] 0.01655041
[1] "AdaLSE"
[1] 0.08681875
[1] 0.03210788
[1] 0.8026316

 0  1 
15 61 
[1] "Fitting mean A"
[1] "Fitting variance A"
[1] "DR"
[1] 0.07244008
[1] 0.03152121
[1] 0.8026316

 0  1 
15 61 
[1] "se comparison"
[1] 0.04133014
[1] 0.04057638
[1] 77
[1] -0.00065918
[1] 0.01655041
[1] "AdaLSE"
[1] 0.001974603
[1] 0.03197649
[1] 0.8051948

 0  1 
15 62 
[1] "Fitting mean A"
[1] "Fitting variance A"
[1] "DR"
[1] 0.002261247
[1] 0.0296983
[1] 0.8051948

 0  1 
15 62 
[1] "se comparison"
[1] 0.0410598
[1] 0.04030871
[1] 78
[1] -0.00065918
[1] 0.01655041
[1] "AdaLSE"
[1] -0.03693099
[1] 0.03152315
[1] 0.8076923

 0  1 
15 63 
[1] "Fitting mean A"
[1] "Fitting variance A"
[1] "DR"
[1] -0.03768902
[1] 0.02994755
[1] 0.8076923

 0  1 
15 63 
[1] "se comparison"
[1] 0.04107917
[1] 0.04031332
[1] 79
[1] -0.00065918
[1] 0.01655041
[1] "AdaLSE"
[1] 0.003289079
[1] 0.03247218
[1] 0.8101266

 0  1 
15 64 
[1] "Fitting mean A"
[1] "Fitting variance A"
[1] "DR"
[1] 0.00351217
[1] 0.03104496
[1] 0.8101266

 0  1 
15 64 
[1] "se comparison"
[1] 0.04081563
[1] 0.04005417
[1] 80
[1] -0.00065918
[1] 0.01655041
[1] "AdaLSE"
[1] 0.05527565
[1] 0.03054967
[1] 0.8125

 0  1 
15 65 
[1] "Fitting mean A"
[1] "Fitting variance A"
[1] "DR"
[1] 0.05448669
[1] 0.02928422
[1] 0.8125

 0  1 
15 65 
[1] "se comparison"
[1] 0.04093963
[1] 0.04021844
[1] 81
[1] -0.00065918
[1] 0.01655041
[1] "AdaLSE"
[1] -0.01942926
[1] 0.03061479
[1] 0.8148148

 0  1 
15 66 
[1] "Fitting mean A"
[1] "Fitting variance A"
[1] "DR"
[1] -0.01523876
[1] 0.03071397
[1] 0.8148148

 0  1 
15 66 
[1] "se comparison"
[1] 0.04078034
[1] 0.04001973
[1] 82
[1] -0.00065918
[1] 0.01655041
[1] "AdaLSE"
[1] 0.05492446
[1] 0.0319198
[1] 0.8170732

 0  1 
15 67 
[1] "Fitting mean A"
[1] "Fitting variance A"
[1] "DR"
[1] 0.05022241
[1] 0.03067518
[1] 0.8170732

 0  1 
15 67 
[1] "se comparison"
[1] 0.04089213
[1] 0.04011035
[1] 83
[1] -0.00065918
[1] 0.01655041
[1] "AdaLSE"
[1] -0.02293997
[1] 0.03398744
[1] 0.8192771

 0  1 
15 68 
[1] "Fitting mean A"
[1] "Fitting variance A"
[1] "DR"
[1] -0.02957868
[1] 0.03168279
[1] 0.8192771

 0  1 
15 68 
[1] "se comparison"
[1] 0.04076776
[1] 0.04003217
[1] 84
[1] -0.00065918
[1] 0.01655041
[1] "AdaLSE"
[1] -0.01692557
[1] 0.03467436
[1] 0.8214286

 0  1 
15 69 
[1] "Fitting mean A"
[1] "Fitting variance A"
[1] "DR"
[1] -0.02148163
[1] 0.03173969
[1] 0.8214286

 0  1 
15 69 
[1] "se comparison"
[1] 0.0405976
[1] 0.03988214
[1] 85
[1] -0.00065918
[1] 0.01655041
[1] "AdaLSE"
[1] 0.04796823
[1] 0.03126771
[1] 0.8235294

 0  1 
15 70 
[1] "Fitting mean A"
[1] "Fitting variance A"
[1] "DR"
[1] 0.04773182
[1] 0.02916166
[1] 0.8235294

 0  1 
15 70 
[1] "se comparison"
[1] 0.04061621
[1] 0.03993959
[1] 86
[1] -0.00065918
[1] 0.01655041
[1] "AdaLSE"
[1] 0.000134185
[1] 0.03124379
[1] 0.8255814

 0  1 
15 71 
[1] "Fitting mean A"
[1] "Fitting variance A"
[1] "DR"
[1] -0.001932527
[1] 0.03026153
[1] 0.8255814

 0  1 
15 71 
[1] "se comparison"
[1] 0.04038168
[1] 0.03970835
[1] 87
[1] -0.00065918
[1] 0.01655041
[1] "AdaLSE"
[1] 0.05488348
[1] 0.0333842
[1] 0.8275862

 0  1 
15 72 
[1] "Fitting mean A"
[1] "Fitting variance A"
[1] "DR"
[1] 0.05330706
[1] 0.0316217
[1] 0.8275862

 0  1 
15 72 
[1] "se comparison"
[1] 0.04048664
[1] 0.03983662
[1] 88
[1] -0.00065918
[1] 0.01655041
[1] "AdaLSE"
[1] -0.02830537
[1] 0.03060249
[1] 0.8295455

 0  1 
15 73 
[1] "Fitting mean A"
[1] "Fitting variance A"
[1] "DR"
[1] -0.02715687
[1] 0.02912811
[1] 0.8295455

 0  1 
15 73 
[1] "se comparison"
[1] 0.04042468
[1] 0.03974649
[1] 89
[1] -0.00065918
[1] 0.01655041
[1] "AdaLSE"
[1] 0.001985274
[1] 0.03279964
[1] 0.8314607

 0  1 
15 74 
[1] "Fitting mean A"
[1] "Fitting variance A"
[1] "DR"
[1] 0.002721811
[1] 0.03115189
[1] 0.8314607

 0  1 
15 74 
[1] "se comparison"
[1] 0.04019679
[1] 0.03952015
[1] 90
[1] -0.00065918
[1] 0.01655041
[1] "AdaLSE"
[1] -0.02637283
[1] 0.03235981
[1] 0.8333333

 0  1 
15 75 
[1] "Fitting mean A"
[1] "Fitting variance A"
[1] "DR"
[1] -0.02571658
[1] 0.03092877
[1] 0.8333333

 0  1 
15 75 
[1] "se comparison"
[1] 0.04011693
[1] 0.03941954
[1] 91
[1] -0.00065918
[1] 0.01655041
[1] "AdaLSE"
[1] -0.06979561
[1] 0.03191281
[1] 0.8241758

 0  1 
16 75 
[1] "Fitting mean A"
[1] "Fitting variance A"
[1] "DR"
[1] -0.06835448
[1] 0.03021245
[1] 0.8241758

 0  1 
16 75 
[1] "se comparison"
[1] 0.04067234
[1] 0.0399143
[1] 92
[1] -0.00065918
[1] 0.01655041
[1] "AdaLSE"
[1] -0.01215198
[1] 0.03260753
[1] 0.826087

 0  1 
16 76 
[1] "Fitting mean A"
[1] "Fitting variance A"
[1] "DR"
[1] -0.01117649
[1] 0.03210994
[1] 0.826087

 0  1 
16 76 
[1] "se comparison"
[1] 0.04048749
[1] 0.03972025
[1] 93
[1] -0.00065918
[1] 0.01655041
[1] "AdaLSE"
[1] 0.002362781
[1] 0.03394343
[1] 0.827957

 0  1 
16 77 
[1] "Fitting mean A"
[1] "Fitting variance A"
[1] "DR"
[1] -0.005783824
[1] 0.03172821
[1] 0.827957

 0  1 
16 77 
[1] "se comparison"
[1] 0.04026761
[1] 0.03951296
[1] 94
[1] -0.00065918
[1] 0.01655041
[1] "AdaLSE"
[1] 0.03421269
[1] 0.03236492
[1] 0.8297872

 0  1 
16 78 
[1] "Fitting mean A"
[1] "Fitting variance A"
[1] "DR"
[1] 0.01963848
[1] 0.03083257
[1] 0.8297872

 0  1 
16 78 
[1] "se comparison"
[1] 0.04016581
[1] 0.03934045
[1] 95
[1] -0.00065918
[1] 0.01655041
[1] "AdaLSE"
[1] -0.004120056
[1] 0.03055414
[1] 0.8315789

 0  1 
16 79 
[1] "Fitting mean A"
[1] "Fitting variance A"
[1] "DR"
[1] -0.001490531
[1] 0.02963933
[1] 0.8315789

 0  1 
16 79 
[1] "se comparison"
[1] 0.03996265
[1] 0.0391328
[1] 96
[1] -0.00065918
[1] 0.01655041
[1] "AdaLSE"
[1] -0.007468413
[1] 0.03335223
[1] 0.8333333

 0  1 
16 80 
[1] "Fitting mean A"
[1] "Fitting variance A"
[1] "DR"
[1] -0.01514019
[1] 0.03124713
[1] 0.8333333

 0  1 
16 80 
[1] "se comparison"
[1] 0.03977196
[1] 0.03896779
[1] 97
[1] -0.00065918
[1] 0.01655041
[1] "AdaLSE"
[1] 0.001994219
[1] 0.03221275
[1] 0.8350515

 0  1 
16 81 
[1] "Fitting mean A"
[1] "Fitting variance A"
[1] "DR"
[1] 0.004747186
[1] 0.03088474
[1] 0.8350515

 0  1 
16 81 
[1] "se comparison"
[1] 0.03956531
[1] 0.03876511
[1] 98
[1] -0.00065918
[1] 0.01655041
[1] "AdaLSE"
[1] -0.07335336
[1] 0.03289187
[1] 0.8265306

 0  1 
17 81 
[1] "Fitting mean A"
[1] "Fitting variance A"
[1] "DR"
[1] -0.06714565
[1] 0.03194405
[1] 0.8265306

 0  1 
17 81 
[1] "se comparison"
[1] 0.04014454
[1] 0.03919794
[1] 99
[1] -0.00065918
[1] 0.01655041
[1] "AdaLSE"
[1] -0.004322639
[1] 0.0339433
[1] 0.8282828

 0  1 
17 82 
[1] "Fitting mean A"
[1] "Fitting variance A"
[1] "DR"
[1] -0.01797667
[1] 0.03078566
[1] 0.8282828

 0  1 
17 82 
[1] "se comparison"
[1] 0.03994793
[1] 0.03904709
[1] 100
[1] -0.00065918
[1] 0.01655041
[1] "AdaLSE"
[1] 0.008706734
[1] 0.03092222
[1] 0.83

 0  1 
17 83 
[1] "Fitting mean A"
[1] "Fitting variance A"
[1] "DR"
[1] 0.006075163
[1] 0.02989694
[1] 0.83

 0  1 
17 83 
[1] "se comparison"
[1] 0.03974856
[1] 0.03885218
[1] 101
[1] -0.00065918
[1] 0.01655041
[1] "AdaLSE"
[1] -0.03131516
[1] 0.03105817
[1] 0.8316832

 0  1 
17 84 
[1] "Fitting mean A"
[1] "Fitting variance A"
[1] "DR"
[1] -0.03417639
[1] 0.029652
[1] 0.8316832

 0  1 
17 84 
[1] "se comparison"
[1] 0.03970473
[1] 0.0388197
[1] 102
[1] -0.00065918
[1] 0.01655041
[1] "AdaLSE"
[1] 0.006372912
[1] 0.03094727
[1] 0.8333333

 0  1 
17 85 
[1] "Fitting mean A"
[1] "Fitting variance A"
[1] "DR"
[1] 0.003400497
[1] 0.03024655
[1] 0.8333333

 0  1 
17 85 
[1] "se comparison"
[1] 0.03950864
[1] 0.03862772
[1] 103
[1] -0.00065918
[1] 0.01655041
[1] "AdaLSE"
[1] 0.04582009
[1] 0.03148896
[1] 0.8349515

 0  1 
17 86 
[1] "Fitting mean A"
[1] "Fitting variance A"
[1] "DR"
[1] 0.04209529
[1] 0.02848622
[1] 0.8349515

 0  1 
17 86 
[1] "se comparison"
[1] 0.03953363
[1] 0.03864928
[1] 104
[1] -0.00065918
[1] 0.01655041
[1] "AdaLSE"
[1] -0.01894747
[1] 0.03229205
[1] 0.8365385

 0  1 
17 87 
[1] "Fitting mean A"
[1] "Fitting variance A"
[1] "DR"
[1] -0.01633342
[1] 0.03084771
[1] 0.8365385

 0  1 
17 87 
[1] "se comparison"
[1] 0.03940579
[1] 0.03850105
[1] 105
[1] -0.00065918
[1] 0.01655041
[1] "AdaLSE"
[1] 0.0009424145
[1] 0.03129152
[1] 0.8380952

 0  1 
17 88 
[1] "Fitting mean A"
[1] "Fitting variance A"
[1] "DR"
[1] -0.002066804
[1] 0.03040192
[1] 0.8380952

 0  1 
17 88 
[1] "se comparison"
[1] 0.03921689
[1] 0.03831695
[1] 106
[1] -0.00065918
[1] 0.01655041
[1] "AdaLSE"
[1] 0.05386851
[1] 0.03269905
[1] 0.8396226

 0  1 
17 89 
[1] "Fitting mean A"
[1] "Fitting variance A"
[1] "DR"
[1] 0.05701563
[1] 0.03150147
[1] 0.8396226

 0  1 
17 89 
[1] "se comparison"
[1] 0.03933156
[1] 0.03851583
[1] 107
[1] -0.00065918
[1] 0.01655041
[1] "AdaLSE"
[1] 0.002664218
[1] 0.033137
[1] 0.8411215

 0  1 
17 90 
[1] "Fitting mean A"
[1] "Fitting variance A"
[1] "DR"
[1] 6.886532e-05
[1] 0.03095225
[1] 0.8411215

 0  1 
17 90 
[1] "se comparison"
[1] 0.0391459
[1] 0.0383341
[1] 108
[1] -0.00065918
[1] 0.01655041
[1] "AdaLSE"
[1] -0.004251563
[1] 0.03281186
[1] 0.8425926

 0  1 
17 91 
[1] "Fitting mean A"
[1] "Fitting variance A"
[1] "DR"
[1] -0.004928583
[1] 0.03276692
[1] 0.8425926

 0  1 
17 91 
[1] "se comparison"
[1] 0.03897114
[1] 0.03816009
[1] 109
[1] -0.00065918
[1] 0.01655041
[1] "AdaLSE"
[1] -0.03426026
[1] 0.03198034
[1] 0.8440367

 0  1 
17 92 
[1] "Fitting mean A"
[1] "Fitting variance A"
[1] "DR"
[1] -0.04004384
[1] 0.03045105
[1] 0.8440367

 0  1 
17 92 
[1] "se comparison"
[1] 0.03896459
[1] 0.03819356
[1] 110
[1] -0.00065918
[1] 0.01655041
[1] "AdaLSE"
[1] 0.04573104
[1] 0.03099581
[1] 0.8454545

 0  1 
17 93 
[1] "Fitting mean A"
[1] "Fitting variance A"
[1] "DR"
[1] 0.04445981
[1] 0.02996585
[1] 0.8454545

 0  1 
17 93 
[1] "se comparison"
[1] 0.03899074
[1] 0.03823916
[1] 111
[1] -0.00065918
[1] 0.01655041
[1] "AdaLSE"
[1] -0.07702742
[1] 0.03143043
[1] 0.8378378

 0  1 
18 93 
[1] "Fitting mean A"
[1] "Fitting variance A"
[1] "DR"
[1] -0.08289295
[1] 0.02877878
[1] 0.8378378

 0  1 
18 93 
[1] "se comparison"
[1] 0.03957146
[1] 0.03890403
[1] 112
[1] -0.00065918
[1] 0.01655041
[1] "AdaLSE"
[1] -0.00163315
[1] 0.03162361
[1] 0.8392857

 0  1 
18 94 
[1] "Fitting mean A"
[1] "Fitting variance A"
[1] "DR"
[1] 0.001223634
[1] 0.03031677
[1] 0.8392857

 0  1 
18 94 
[1] "se comparison"
[1] 0.03939576
[1] 0.0387284
[1] 113
[1] -0.00065918
[1] 0.01655041
[1] "AdaLSE"
[1] 0.0113903
[1] 0.03205633
[1] 0.840708

 0  1 
18 95 
[1] "Fitting mean A"
[1] "Fitting variance A"
[1] "DR"
[1] 0.004840767
[1] 0.0299489
[1] 0.840708

 0  1 
18 95 
[1] "se comparison"
[1] 0.03922665
[1] 0.0385568
[1] 114
[1] -0.00065918
[1] 0.01655041
[1] "AdaLSE"
[1] 0.03770474
[1] 0.03124981
[1] 0.8421053

 0  1 
18 96 
[1] "Fitting mean A"
[1] "Fitting variance A"
[1] "DR"
[1] 0.04056328
[1] 0.0308744
[1] 0.8421053

 0  1 
18 96 
[1] "se comparison"
[1] 0.03918391
[1] 0.03856381
[1] 115
[1] -0.00065918
[1] 0.01655041
[1] "AdaLSE"
[1] 0.1216148
[1] 0.03257285
[1] 0.8347826

 0  1 
19 96 
[1] "Fitting mean A"
[1] "Fitting variance A"
[1] "DR"
[1] 0.1143355
[1] 0.03127391
[1] 0.8347826

 0  1 
19 96 
[1] "se comparison"
[1] 0.04052924
[1] 0.03981255
[1] 116
[1] -0.00065918
[1] 0.01655041
[1] "AdaLSE"
[1] -0.009096253
[1] 0.03144887
[1] 0.8362069

 0  1 
19 97 
[1] "Fitting mean A"
[1] "Fitting variance A"
[1] "DR"
[1] -0.008331081
[1] 0.03032149
[1] 0.8362069

 0  1 
19 97 
[1] "se comparison"
[1] 0.04037332
[1] 0.03965155
[1] 117
[1] -0.00065918
[1] 0.01655041
[1] "AdaLSE"
[1] -0.01922995
[1] 0.03020882
[1] 0.8376068

 0  1 
19 98 
[1] "Fitting mean A"
[1] "Fitting variance A"
[1] "DR"
[1] -0.02164001
[1] 0.02971075
[1] 0.8376068

 0  1 
19 98 
[1] "se comparison"
[1] 0.04025975
[1] 0.03954217
[1] 118
[1] -0.00065918
[1] 0.01655041
[1] "AdaLSE"
[1] 0.06905599
[1] 0.03349079
[1] 0.8389831

 0  1 
19 99 
[1] "Fitting mean A"
[1] "Fitting variance A"
[1] "DR"
[1] 0.05667682
[1] 0.03028323
[1] 0.8389831

 0  1 
19 99 
[1] "se comparison"
[1] 0.04052551
[1] 0.03969232
[1] 119
[1] -0.00065918
[1] 0.01655041
[1] "AdaLSE"
[1] 0.02705169
[1] 0.03161505
[1] 0.8403361

  0   1 
 19 100 
[1] "Fitting mean A"
[1] "Fitting variance A"
[1] "DR"
[1] 0.02512098
[1] 0.03116802
[1] 0.8403361

  0   1 
 19 100 
[1] "se comparison"
[1] 0.04040383
[1] 0.03957793
[1] 120
[1] -0.00065918
[1] 0.01655041
[1] "AdaLSE"
[1] 0.001278189
[1] 0.03196638
[1] 0.8416667

  0   1 
 19 101 
[1] "Fitting mean A"
[1] "Fitting variance A"
[1] "DR"
[1] -0.0001078779
[1] 0.03056023
[1] 0.8416667

  0   1 
 19 101 
[1] "se comparison"
[1] 0.04023533
[1] 0.03941214
[1] 121
[1] -0.00065918
[1] 0.01655041
[1] "AdaLSE"
[1] 0.01315988
[1] 0.03416406
[1] 0.8429752

  0   1 
 19 102 
[1] "Fitting mean A"
[1] "Fitting variance A"
[1] "DR"
[1] 0.002008113
[1] 0.03283044
[1] 0.8429752

  0   1 
 19 102 
[1] "se comparison"
[1] 0.04007387
[1] 0.03924763
[1] 122
[1] -0.00065918
[1] 0.01655041
[1] "AdaLSE"
[1] 0.03249272
[1] 0.03299575
[1] 0.8442623

  0   1 
 19 103 
[1] "Fitting mean A"
[1] "Fitting variance A"
[1] "DR"
[1] 0.01909555
[1] 0.03069241
[1] 0.8442623

  0   1 
 19 103 
[1] "se comparison"
[1] 0.03998402
[1] 0.03911328
[1] 123
[1] -0.00065918
[1] 0.01655041
[1] "AdaLSE"
[1] -0.0009042202
[1] 0.03117199
[1] 0.8455285

  0   1 
 19 104 
[1] "Fitting mean A"
[1] "Fitting variance A"
[1] "DR"
[1] -0.008354155
[1] 0.02965569
[1] 0.8455285

  0   1 
 19 104 
[1] "se comparison"
[1] 0.03982398
[1] 0.03896572
[1] 124
[1] -0.00065918
[1] 0.01655041
[1] "AdaLSE"
[1] 0.03822172
[1] 0.03147964
[1] 0.8467742

  0   1 
 19 105 
[1] "Fitting mean A"
[1] "Fitting variance A"
[1] "DR"
[1] 0.04143038
[1] 0.03098818
[1] 0.8467742

  0   1 
 19 105 
[1] "se comparison"
[1] 0.03977093
[1] 0.03896217
[1] 125
[1] -0.00065918
[1] 0.01655041
[1] "AdaLSE"
[1] -0.03363381
[1] 0.03058727
[1] 0.848

  0   1 
 19 106 
[1] "Fitting mean A"
[1] "Fitting variance A"
[1] "DR"
[1] -0.03491584
[1] 0.02854763
[1] 0.848

  0   1 
 19 106 
[1] "se comparison"
[1] 0.03976613
[1] 0.03895311
[1] 126
[1] -0.00065918
[1] 0.01655041
[1] "AdaLSE"
[1] -0.04739565
[1] 0.03468271
[1] 0.8492063

  0   1 
 19 107 
[1] "Fitting mean A"
[1] "Fitting variance A"
[1] "DR"
[1] -0.06275689
[1] 0.03348415
[1] 0.8412698

  0   1 
 20 106 
[1] "se comparison"
[1] 0.03988484
[1] 0.03923351
[1] 127
[1] -0.00065918
[1] 0.01655041
[1] "AdaLSE"
[1] 0.04575923
[1] 0.03284985
[1] 0.8503937

  0   1 
 19 108 
[1] "Fitting mean A"
[1] "Fitting variance A"
[1] "DR"
[1] 0.03039269
[1] 0.0314384
[1] 0.8425197

  0   1 
 20 107 
[1] "se comparison"
[1] 0.03989086
[1] 0.03915731
[1] 128
[1] -0.00065918
[1] 0.01655041
[1] "AdaLSE"
[1] -0.02809298
[1] 0.03148833
[1] 0.8515625

  0   1 
 19 109 
[1] "Fitting mean A"
[1] "Fitting variance A"
[1] "DR"
[1] -0.02845423
[1] 0.03039319
[1] 0.84375

  0   1 
 20 108 
[1] "se comparison"
[1] 0.03984287
[1] 0.03909842
[1] 129
[1] -0.00065918
[1] 0.01655041
[1] "AdaLSE"
[1] -0.001935797
[1] 0.03318795
[1] 0.8527132

  0   1 
 19 110 
[1] "Fitting mean A"
[1] "Fitting variance A"
[1] "DR"
[1] -0.0072048
[1] 0.03144281
[1] 0.8449612

  0   1 
 20 109 
[1] "se comparison"
[1] 0.03969166
[1] 0.03895422
[1] 130
[1] -0.00065918
[1] 0.01655041
[1] "AdaLSE"
[1] 0.002115858
[1] 0.03155958
[1] 0.8538462

  0   1 
 19 111 
[1] "Fitting mean A"
[1] "Fitting variance A"
[1] "DR"
[1] -0.001244112
[1] 0.02914467
[1] 0.8461538

  0   1 
 20 110 
[1] "se comparison"
[1] 0.0395383
[1] 0.03880408
[1] 131
[1] -0.00065918
[1] 0.01655041
[1] "AdaLSE"
[1] 0.01695903
[1] 0.03096649
[1] 0.8549618

  0   1 
 19 112 
[1] "Fitting mean A"
[1] "Fitting variance A"
[1] "DR"
[1] 0.01634138
[1] 0.02954654
[1] 0.8473282

  0   1 
 20 111 
[1] "se comparison"
[1] 0.03939992
[1] 0.03867452
[1] 132
[1] -0.00065918
[1] 0.01655041
[1] "AdaLSE"
[1] 0.03960235
[1] 0.03345182
[1] 0.8560606

  0   1 
 19 113 
[1] "Fitting mean A"
[1] "Fitting variance A"
[1] "DR"
[1] 0.03644307
[1] 0.03082487
[1] 0.8484848

  0   1 
 20 112 
[1] "se comparison"
[1] 0.03936438
[1] 0.03864157
[1] 133
[1] -0.00065918
[1] 0.01655041
[1] "AdaLSE"
[1] 0.08687441
[1] 0.0340328
[1] 0.8496241

  0   1 
 20 113 
[1] "Fitting mean A"
[1] "Fitting variance A"
[1] "DR"
[1] 0.07009318
[1] 0.03242352
[1] 0.8496241

  0   1 
 20 113 
[1] "se comparison"
[1] 0.0398478
[1] 0.03893877
[1] 134
[1] -0.00065918
[1] 0.01655041
[1] "AdaLSE"
[1] -0.05311794
[1] 0.03321044
[1] 0.8432836

  0   1 
 21 113 
[1] "Fitting mean A"
[1] "Fitting variance A"
[1] "DR"
[1] -0.0518621
[1] 0.03171436
[1] 0.8432836

  0   1 
 21 113 
[1] "se comparison"
[1] 0.04002392
[1] 0.03908047
[1] 135
[1] -0.00065918
[1] 0.01655041
[1] "AdaLSE"
[1] -0.05193752
[1] 0.03173025
[1] 0.837037

  0   1 
 22 113 
[1] "Fitting mean A"
[1] "Fitting variance A"
[1] "DR"
[1] -0.05540076
[1] 0.03080047
[1] 0.837037

  0   1 
 22 113 
[1] "se comparison"
[1] 0.04017928
[1] 0.03925289
[1] 136
[1] -0.00065918
[1] 0.01655041
[1] "AdaLSE"
[1] 0.01389784
[1] 0.03255849
[1] 0.8382353

  0   1 
 22 114 
[1] "Fitting mean A"
[1] "Fitting variance A"
[1] "DR"
[1] 0.01227193
[1] 0.02990965
[1] 0.8382353

  0   1 
 22 114 
[1] "se comparison"
[1] 0.04003738
[1] 0.03911687
[1] 137
[1] -0.00065918
[1] 0.01655041
[1] "AdaLSE"
[1] -0.01531999
[1] 0.03488065
[1] 0.8394161

  0   1 
 22 115 
[1] "Fitting mean A"
[1] "Fitting variance A"
[1] "DR"
[1] -0.02116029
[1] 0.03219494
[1] 0.8394161

  0   1 
 22 115 
[1] "se comparison"
[1] 0.0399281
[1] 0.03902398
[1] 138
[1] -0.00065918
[1] 0.01655041
[1] "AdaLSE"
[1] 0.01170748
[1] 0.031786
[1] 0.8405797

  0   1 
 22 116 
[1] "Fitting mean A"
[1] "Fitting variance A"
[1] "DR"
[1] 0.01039437
[1] 0.03150256
[1] 0.8405797

  0   1 
 22 116 
[1] "se comparison"
[1] 0.03978625
[1] 0.03888777
[1] 139
[1] -0.00065918
[1] 0.01655041
[1] "AdaLSE"
[1] -0.03126102
[1] 0.03269952
[1] 0.8417266

  0   1 
 22 117 
[1] "Fitting mean A"
[1] "Fitting variance A"
[1] "DR"
[1] -0.03054858
[1] 0.03133678
[1] 0.8417266

  0   1 
 22 117 
[1] "se comparison"
[1] 0.03976105
[1] 0.03884556
[1] 140
[1] -0.00065918
[1] 0.01655041
[1] "AdaLSE"
[1] -0.01711369
[1] 0.03194995
[1] 0.8428571

  0   1 
 22 118 
[1] "Fitting mean A"
[1] "Fitting variance A"
[1] "DR"
[1] -0.0197605
[1] 0.03009352
[1] 0.8428571

  0   1 
 22 118 
[1] "se comparison"
[1] 0.03966084
[1] 0.03874877
[1] 141
[1] -0.00065918
[1] 0.01655041
[1] "AdaLSE"
[1] -0.002230589
[1] 0.03534873
[1] 0.8439716

  0   1 
 22 119 
[1] "Fitting mean A"
[1] "Fitting variance A"
[1] "DR"
[1] -0.01095592
[1] 0.03264134
[1] 0.8439716

  0   1 
 22 119 
[1] "se comparison"
[1] 0.03952312
[1] 0.03862491
[1] 142
[1] -0.00065918
[1] 0.01655041
[1] "AdaLSE"
[1] -0.02687338
[1] 0.03187243
[1] 0.8450704

  0   1 
 22 120 
[1] "Fitting mean A"
[1] "Fitting variance A"
[1] "DR"
[1] -0.03236518
[1] 0.02811945
[1] 0.8450704

  0   1 
 22 120 
[1] "se comparison"
[1] 0.03947089
[1] 0.03859333
[1] 143
[1] -0.00065918
[1] 0.01655041
[1] "AdaLSE"
[1] 0.0490447
[1] 0.03147321
[1] 0.8461538

  0   1 
 22 121 
[1] "Fitting mean A"
[1] "Fitting variance A"
[1] "DR"
[1] 0.04793731
[1] 0.03005808
[1] 0.8461538

  0   1 
 22 121 
[1] "se comparison"
[1] 0.03950904
[1] 0.03865361
[1] 144
[1] -0.00065918
[1] 0.01655041
[1] "AdaLSE"
[1] 0.05372986
[1] 0.03243919
[1] 0.8472222

  0   1 
 22 122 
[1] "Fitting mean A"
[1] "Fitting variance A"
[1] "DR"
[1] 0.03810424
[1] 0.03116451
[1] 0.8472222

  0   1 
 22 122 
[1] "se comparison"
[1] 0.03958262
[1] 0.03863735
[1] 145
[1] -0.00065918
[1] 0.01655041
[1] "AdaLSE"
[1] 0.03483733
[1] 0.03181931
[1] 0.8482759

  0   1 
 22 123 
[1] "Fitting mean A"
[1] "Fitting variance A"
[1] "DR"
[1] 0.02952093
[1] 0.02818306
[1] 0.8482759

  0   1 
 22 123 
[1] "se comparison"
[1] 0.0395228
[1] 0.03857085
[1] 146
[1] -0.00065918
[1] 0.01655041
[1] "AdaLSE"
[1] 0.006345997
[1] 0.03063657
[1] 0.8493151

  0   1 
 22 124 
[1] "Fitting mean A"
[1] "Fitting variance A"
[1] "DR"
[1] 0.003533406
[1] 0.02966645
[1] 0.8493151

  0   1 
 22 124 
[1] "se comparison"
[1] 0.0393864
[1] 0.03843778
[1] 147
[1] -0.00065918
[1] 0.01655041
[1] "AdaLSE"
[1] 0.005822058
[1] 0.03496724
[1] 0.8503401

  0   1 
 22 125 
[1] "Fitting mean A"
[1] "Fitting variance A"
[1] "DR"
[1] 0.0009468512
[1] 0.03434711
[1] 0.8503401

  0   1 
 22 125 
[1] "se comparison"
[1] 0.03925131
[1] 0.03830605
[1] 148
[1] -0.00065918
[1] 0.01655041
[1] "AdaLSE"
[1] 0.06188991
[1] 0.03313354
[1] 0.8513514

  0   1 
 22 126 
[1] "Fitting mean A"
[1] "Fitting variance A"
[1] "DR"
[1] 0.06262876
[1] 0.03127881
[1] 0.8513514

  0   1 
 22 126 
[1] "se comparison"
[1] 0.03939418
[1] 0.03849768
[1] 149
[1] -0.00065918
[1] 0.01655041
[1] "AdaLSE"
[1] -0.02913912
[1] 0.0328942
[1] 0.852349

  0   1 
 22 127 
[1] "Fitting mean A"
[1] "Fitting variance A"
[1] "DR"
[1] -0.02639876
[1] 0.03200129
[1] 0.852349

  0   1 
 22 127 
[1] "se comparison"
[1] 0.03936376
[1] 0.03844076
[1] 150
[1] -0.00065918
[1] 0.01655041
[1] "AdaLSE"
[1] 0.02850296
[1] 0.03138146
[1] 0.8533333

  0   1 
 22 128 
[1] "Fitting mean A"
[1] "Fitting variance A"
[1] "DR"
[1] 0.028136
[1] 0.02887401
[1] 0.8533333

  0   1 
 22 128 
[1] "se comparison"
[1] 0.03927698
[1] 0.03836921
[1] 151
[1] -0.00065918
[1] 0.01655041
[1] "AdaLSE"
[1] 0.02300449
[1] 0.0348013
[1] 0.8543046

  0   1 
 22 129 
[1] "Fitting mean A"
[1] "Fitting variance A"
[1] "DR"
[1] 0.01112441
[1] 0.03262251
[1] 0.8543046

  0   1 
 22 129 
[1] "se comparison"
[1] 0.03917174
[1] 0.03824746
[1] 152
[1] -0.00065918
[1] 0.01655041
[1] "AdaLSE"
[1] 0.04358016
[1] 0.03206518
[1] 0.8552632

  0   1 
 22 130 
[1] "Fitting mean A"
[1] "Fitting variance A"
[1] "DR"
[1] 0.04421574
[1] 0.03202123
[1] 0.8552632

  0   1 
 22 130 
[1] "se comparison"
[1] 0.03916305
[1] 0.03826968
[1] 153
[1] -0.00065918
[1] 0.01655041
[1] "AdaLSE"
[1] 0.07814722
[1] 0.0321886
[1] 0.8562092

  0   1 
 22 131 
[1] "Fitting mean A"
[1] "Fitting variance A"
[1] "DR"
[1] 0.06936877
[1] 0.0291793
[1] 0.8562092

  0   1 
 22 131 
[1] "se comparison"
[1] 0.03946897
[1] 0.03852043
[1] 154
[1] -0.00065918
[1] 0.01655041
[1] "AdaLSE"
[1] -0.04112212
[1] 0.03284171
[1] 0.8571429

  0   1 
 22 132 
[1] "Fitting mean A"
[1] "Fitting variance A"
[1] "DR"
[1] -0.04482438
[1] 0.03000527
[1] 0.8506494

  0   1 
 23 131 
[1] "se comparison"
[1] 0.03952525
[1] 0.03858984
[1] 155
[1] -0.00065918
[1] 0.01655041
[1] "AdaLSE"
[1] 0.05650682
[1] 0.03229636
[1] 0.8580645

  0   1 
 22 133 
[1] "Fitting mean A"
[1] "Fitting variance A"
[1] "DR"
[1] 0.05142098
[1] 0.03155154
[1] 0.8516129

  0   1 
 23 132 
[1] "se comparison"
[1] 0.03960477
[1] 0.03866043
[1] 156
[1] -0.00065918
[1] 0.01655041
[1] "AdaLSE"
[1] 0.01422986
[1] 0.03340885
[1] 0.8589744

  0   1 
 22 134 
[1] "Fitting mean A"
[1] "Fitting variance A"
[1] "DR"
[1] 0.01320646
[1] 0.03241605
[1] 0.8525641

  0   1 
 23 133 
[1] "se comparison"
[1] 0.03948184
[1] 0.03854365
[1] 157
[1] -0.00065918
[1] 0.01655041
[1] "AdaLSE"
[1] -0.001200092
[1] 0.03276638
[1] 0.8598726

  0   1 
 22 135 
[1] "Fitting mean A"
[1] "Fitting variance A"
[1] "DR"
[1] -0.01355111
[1] 0.03087529
[1] 0.8535032

  0   1 
 23 134 
[1] "se comparison"
[1] 0.03935978
[1] 0.03844367
[1] 158
[1] -0.00065918
[1] 0.01655041
[1] "AdaLSE"
[1] -0.03882637
[1] 0.03315495
[1] 0.8607595

  0   1 
 22 136 
[1] "Fitting mean A"
[1] "Fitting variance A"
[1] "DR"
[1] -0.04801771
[1] 0.02930086
[1] 0.8481013

  0   1 
 24 134 
[1] "se comparison"
[1] 0.03939857
[1] 0.03853768
[1] 159
[1] -0.00065918
[1] 0.01655041
[1] "AdaLSE"
[1] 0.02279752
[1] 0.0318779
[1] 0.8616352

  0   1 
 22 137 
[1] "Fitting mean A"
[1] "Fitting variance A"
[1] "DR"
[1] 0.0195606
[1] 0.03068594
[1] 0.8490566

  0   1 
 24 135 
[1] "se comparison"
[1] 0.03929608
[1] 0.03843811
[1] 160
[1] -0.00065918
[1] 0.01655041
[1] "AdaLSE"
[1] 0.0496745
[1] 0.03467547
[1] 0.8625

  0   1 
 22 138 
[1] "Fitting mean A"
[1] "Fitting variance A"
[1] "DR"
[1] 0.05002356
[1] 0.03255016
[1] 0.85

  0   1 
 24 136 
[1] "se comparison"
[1] 0.03932295
[1] 0.03849656
[1] 161
[1] -0.00065918
[1] 0.01655041
[1] "AdaLSE"
[1] 0.02228889
[1] 0.03033276
[1] 0.863354

  0   1 
 22 139 
[1] "Fitting mean A"
[1] "Fitting variance A"
[1] "DR"
[1] 0.01715093
[1] 0.02893175
[1] 0.8509317

  0   1 
 24 137 
[1] "se comparison"
[1] 0.03921974
[1] 0.03839148
[1] 162
[1] -0.00065918
[1] 0.01655041
[1] "AdaLSE"
[1] 0.04029933
[1] 0.03136141
[1] 0.8641975

  0   1 
 22 140 
[1] "Fitting mean A"
[1] "Fitting variance A"
[1] "DR"
[1] 0.03778811
[1] 0.03098243
[1] 0.8518519

  0   1 
 24 138 
[1] "se comparison"
[1] 0.03918757
[1] 0.03836714
[1] 163
[1] -0.00065918
[1] 0.01655041
[1] "AdaLSE"
[1] 0.02038703
[1] 0.0315266
[1] 0.8650307

  0   1 
 22 141 
[1] "Fitting mean A"
[1] "Fitting variance A"
[1] "DR"
[1] 0.01892142
[1] 0.03049504
[1] 0.8527607

  0   1 
 24 139 
[1] "se comparison"
[1] 0.03908101
[1] 0.03826725
[1] 164
[1] -0.00065918
[1] 0.01655041
[1] "AdaLSE"
[1] 0.08166709
[1] 0.03198098
[1] 0.8597561

  0   1 
 23 141 
[1] "Fitting mean A"
[1] "Fitting variance A"
[1] "DR"
[1] 0.07449859
[1] 0.03050673
[1] 0.8536585

  0   1 
 24 140 
[1] "se comparison"
[1] 0.03939664
[1] 0.03854774
[1] 165
[1] -0.00065918
[1] 0.01655041
[1] "AdaLSE"
[1] 0.021006
[1] 0.03112815
[1] 0.8606061

  0   1 
 23 142 
[1] "Fitting mean A"
[1] "Fitting variance A"
[1] "DR"
[1] 0.02789728
[1] 0.03052618
[1] 0.8545455

  0   1 
 24 141 
[1] "se comparison"
[1] 0.03929084
[1] 0.03847441
[1] 166
[1] -0.00065918
[1] 0.01655041
[1] "AdaLSE"
[1] -0.0191391
[1] 0.0306951
[1] 0.8614458

  0   1 
 23 143 
[1] "Fitting mean A"
[1] "Fitting variance A"
[1] "DR"
[1] -0.0174818
[1] 0.02945098
[1] 0.8554217

  0   1 
 24 142 
[1] "se comparison"
[1] 0.03922564
[1] 0.03839493
[1] 167
[1] -0.00065918
[1] 0.01655041
[1] "AdaLSE"
[1] 0.08103586
[1] 0.03405888
[1] 0.8622754

  0   1 
 23 144 
[1] "Fitting mean A"
[1] "Fitting variance A"
[1] "DR"
[1] 0.06338455
[1] 0.03169113
[1] 0.8562874

  0   1 
 24 143 
[1] "se comparison"
[1] 0.03952226
[1] 0.03855227
[1] 168
[1] -0.00065918
[1] 0.01655041
[1] "AdaLSE"
[1] 0.00431777
[1] 0.03292683
[1] 0.8630952

  0   1 
 23 145 
[1] "Fitting mean A"
[1] "Fitting variance A"
[1] "DR"
[1] -0.002883608
[1] 0.03101379
[1] 0.8571429

  0   1 
 24 144 
[1] "se comparison"
[1] 0.0394046
[1] 0.03844093
[1] 169
[1] -0.00065918
[1] 0.01655041
[1] "AdaLSE"
[1] -0.01169476
[1] 0.03222188
[1] 0.8639053

  0   1 
 23 146 
[1] "Fitting mean A"
[1] "Fitting variance A"
[1] "DR"
[1] -0.02049479
[1] 0.03068137
[1] 0.8579882

  0   1 
 24 145 
[1] "se comparison"
[1] 0.03931529
[1] 0.03837452
[1] 170
[1] -0.00065918
[1] 0.01655041
[1] "AdaLSE"
[1] 0.03702731
[1] 0.03357443
[1] 0.8647059

  0   1 
 23 147 
[1] "Fitting mean A"
[1] "Fitting variance A"
[1] "DR"
[1] 0.02759759
[1] 0.0295508
[1] 0.8588235

  0   1 
 24 146 
[1] "se comparison"
[1] 0.03926404
[1] 0.03830236
[1] 171
[1] -0.00065918
[1] 0.01655041
[1] "AdaLSE"
[1] 0.007292363
[1] 0.0326188
[1] 0.8654971

  0   1 
 23 148 
[1] "Fitting mean A"
[1] "Fitting variance A"
[1] "DR"
[1] -0.0002086068
[1] 0.03090448
[1] 0.8596491

  0   1 
 24 147 
[1] "se comparison"
[1] 0.0391484
[1] 0.03819122
[1] 172
[1] -0.00065918
[1] 0.01655041
[1] "AdaLSE"
[1] -0.01190413
[1] 0.0338898
[1] 0.8662791

  0   1 
 23 149 
[1] "Fitting mean A"
[1] "Fitting variance A"
[1] "DR"
[1] -0.0186536
[1] 0.03096794
[1] 0.8604651

  0   1 
 24 148 
[1] "se comparison"
[1] 0.03906238
[1] 0.03812013
[1] 173
[1] -0.00065918
[1] 0.01655041
[1] "AdaLSE"
[1] 0.03010017
[1] 0.031717
[1] 0.867052

  0   1 
 23 150 
[1] "Fitting mean A"
[1] "Fitting variance A"
[1] "DR"
[1] 0.03126761
[1] 0.03010283
[1] 0.8612717

  0   1 
 24 149 
[1] "se comparison"
[1] 0.03898625
[1] 0.03806433
[1] 174
[1] -0.00065918
[1] 0.01655041
[1] "AdaLSE"
[1] 0.03935493
[1] 0.03052019
[1] 0.8678161

  0   1 
 23 151 
[1] "Fitting mean A"
[1] "Fitting variance A"
[1] "DR"
[1] 0.03891338
[1] 0.0292426
[1] 0.862069

  0   1 
 24 150 
[1] "se comparison"
[1] 0.03894734
[1] 0.03804384
[1] 175
[1] -0.00065918
[1] 0.01655041
[1] "AdaLSE"
[1] -0.01050894
[1] 0.03227182
[1] 0.8685714

  0   1 
 23 152 
[1] "Fitting mean A"
[1] "Fitting variance A"
[1] "DR"
[1] -0.01435536
[1] 0.03125342
[1] 0.8628571

  0   1 
 24 151 
[1] "se comparison"
[1] 0.03886018
[1] 0.03796163
[1] 176
[1] -0.00065918
[1] 0.01655041
[1] "AdaLSE"
[1] 0.01726371
[1] 0.03103087
[1] 0.8693182

  0   1 
 23 153 
[1] "Fitting mean A"
[1] "Fitting variance A"
[1] "DR"
[1] 0.01238313
[1] 0.02920487
[1] 0.8636364

  0   1 
 24 152 
[1] "se comparison"
[1] 0.03875557
[1] 0.0378576
[1] 177
[1] -0.00065918
[1] 0.01655041
[1] "AdaLSE"
[1] 0.04020248
[1] 0.0335388
[1] 0.8700565

  0   1 
 23 154 
[1] "Fitting mean A"
[1] "Fitting variance A"
[1] "DR"
[1] 0.0413504
[1] 0.03290876
[1] 0.8644068

  0   1 
 24 153 
[1] "se comparison"
[1] 0.03872176
[1] 0.03785077
[1] 178
[1] -0.00065918
[1] 0.01655041
[1] "AdaLSE"
[1] -0.01407303
[1] 0.0299828
[1] 0.8707865

  0   1 
 23 155 
[1] "Fitting mean A"
[1] "Fitting variance A"
[1] "DR"
[1] -0.008863601
[1] 0.03003116
[1] 0.8651685

  0   1 
 24 154 
[1] "se comparison"
[1] 0.03864775
[1] 0.03775763
[1] 179
[1] -0.00065918
[1] 0.01655041
[1] "AdaLSE"
[1] 0.0005003074
[1] 0.03302969
[1] 0.8715084

  0   1 
 23 156 
[1] "Fitting mean A"
[1] "Fitting variance A"
[1] "DR"
[1] 0.004511983
[1] 0.03221428
[1] 0.8659218

  0   1 
 24 155 
[1] "se comparison"
[1] 0.038543
[1] 0.03765142
[1] 180
[1] -0.00065918
[1] 0.01655041
[1] "AdaLSE"
[1] 0.03945854
[1] 0.03129252
[1] 0.8722222

  0   1 
 23 157 
[1] "Fitting mean A"
[1] "Fitting variance A"
[1] "DR"
[1] 0.0405101
[1] 0.03016368
[1] 0.8666667

  0   1 
 24 156 
[1] "se comparison"
[1] 0.03850727
[1] 0.03764065
[1] 181
[1] -0.00065918
[1] 0.01655041
[1] "AdaLSE"
[1] 0.009955107
[1] 0.0310054
[1] 0.8729282

  0   1 
 23 158 
[1] "Fitting mean A"
[1] "DR"
[1] 0.07958641
[1] 0.03089139
[1] 0.8673469

  0   1 
 26 170 
[1] "se comparison"
[1] 0.03844942
[1] 0.03766041
[1] 197
[1] -0.00065918
[1] 0.01655041
[1] "AdaLSE"
[1] 0.01870474
[1] 0.03063182
[1] 0.8781726

  0   1 
 24 173 
[1] "Fitting mean A"
[1] "Fitting variance A"
[1] "DR"
[1] 0.01666529
[1] 0.02938294
[1] 0.8680203

  0   1 
 26 171 
[1] "se comparison"
[1] 0.03835692
[1] 0.03757153
[1] 198
[1] -0.00065918
[1] 0.01655041
[1] "AdaLSE"
[1] 0.02775291
[1] 0.03176401
[1] 0.8787879

  0   1 
 24 174 
[1] "Fitting mean A"
[1] "Fitting variance A"
[1] "DR"
[1] 0.01690284
[1] 0.02970392
[1] 0.8686869

  0   1 
 26 172 
[1] "se comparison"
[1] 0.0382815
[1] 0.0374836
[1] 199
[1] -0.00065918
[1] 0.01655041
[1] "AdaLSE"
[1] -0.006262416
[1] 0.03316121
[1] 0.879397

  0   1 
 24 175 
[1] "Fitting mean A"
[1] "Fitting variance A"
[1] "DR"
[1] -0.009057893
[1] 0.03045206
[1] 0.8693467

  0   1 
 26 173 
[1] "se comparison"
[1] 0.03820118
[1] 0.03740481
[1] 200
[1] -0.00065918
[1] 0.01655041
[1] "AdaLSE"
[1] 0.0456006
[1] 0.03262972
[1] 0.88

  0   1 
 24 176 
[1] "Fitting mean A"
[1] "Fitting variance A"
[1] "DR"
[1] 0.04547384
[1] 0.03122287
[1] 0.87

  0   1 
 26 174 
[1] "se comparison"
[1] 0.03819058
[1] 0.03741345
[1] 201
[1] -0.00065918
[1] 0.01655041
[1] "AdaLSE"
[1] 0.01520579
[1] 0.03370448
[1] 0.880597

  0   1 
 24 177 
[1] "Fitting mean A"
[1] "Fitting variance A"
[1] "DR"
[1] 0.01556196
[1] 0.03120366
[1] 0.8706468

  0   1 
 26 175 
[1] "se comparison"
[1] 0.03809699
[1] 0.03732529
[1] 202
[1] -0.00065918
[1] 0.01655041
[1] "AdaLSE"
[1] -0.04350376
[1] 0.03260931
[1] 0.8811881

  0   1 
 24 178 
[1] "Fitting mean A"
[1] "Fitting variance A"
[1] "DR"
[1] -0.04842857
[1] 0.03130804
[1] 0.8663366

  0   1 
 27 175 
[1] "se comparison"
[1] 0.03818595
[1] 0.0374326
[1] 203
[1] -0.00065918
[1] 0.01655041
[1] "AdaLSE"
[1] 0.01091573
[1] 0.03159241
[1] 0.8817734

  0   1 
 24 179 
[1] "Fitting mean A"
[1] "Fitting variance A"
[1] "DR"
[1] 0.01031893
[1] 0.03049558
[1] 0.8669951

  0   1 
 27 176 
[1] "se comparison"
[1] 0.03809145
[1] 0.03734091
[1] 204
[1] -0.00065918
[1] 0.01655041
[1] "AdaLSE"
[1] 0.01000671
[1] 0.03279382
[1] 0.8823529

  0   1 
 24 180 
[1] "Fitting mean A"
[1] "Fitting variance A"
[1] "DR"
[1] 0.01277981
[1] 0.0316649
[1] 0.8676471

  0   1 
 27 177 
[1] "se comparison"
[1] 0.03799754
[1] 0.03725161
[1] 205
[1] -0.00065918
[1] 0.01655041
[1] "AdaLSE"
[1] 0.04841437
[1] 0.03199547
[1] 0.8829268

  0   1 
 24 181 
[1] "Fitting mean A"
[1] "Fitting variance A"
[1] "DR"
[1] 0.04897553
[1] 0.03056357
[1] 0.8682927

  0   1 
 27 178 
[1] "se comparison"
[1] 0.03800194
[1] 0.03727947
[1] 206
[1] -0.00065918
[1] 0.01655041
[1] "AdaLSE"
[1] 0.005380833
[1] 0.03004639
[1] 0.8834951

  0   1 
 24 182 
[1] "Fitting mean A"
[1] "Fitting variance A"
[1] "DR"
[1] -0.006887354
[1] 0.02906524
[1] 0.868932

  0   1 
 27 179 
[1] "se comparison"
[1] 0.03791029
[1] 0.03720017
[1] 207
[1] -0.00065918
[1] 0.01655041
[1] "AdaLSE"
[1] 0.03027228
[1] 0.03180238
[1] 0.884058

  0   1 
 24 183 
[1] "Fitting mean A"
[1] "Fitting variance A"
[1] "DR"
[1] 0.02038749
[1] 0.0306571
[1] 0.8695652

  0   1 
 27 180 
[1] "se comparison"
[1] 0.03784543
[1] 0.0371224
[1] 208
[1] -0.00065918
[1] 0.01655041
[1] "AdaLSE"
[1] 0.006318208
[1] 0.02996198
[1] 0.8846154

  0   1 
 24 184 
[1] "Fitting mean A"
[1] "Fitting variance A"
[1] "DR"
[1] 0.003478184
[1] 0.02938683
[1] 0.8701923

  0   1 
 27 181 
[1] "se comparison"
[1] 0.03775464
[1] 0.03703322
[1] 209
[1] -0.00065918
[1] 0.01655041
[1] "AdaLSE"
[1] 0.01665164
[1] 0.03449223
[1] 0.8851675

  0   1 
 24 185 
[1] "Fitting mean A"
[1] "Fitting variance A"
[1] "DR"
[1] 0.006767671
[1] 0.03152869
[1] 0.8708134

  0   1 
 27 182 
[1] "se comparison"
[1] 0.03766685
[1] 0.0369441
[1] 210
[1] -0.00065918
[1] 0.01655041
[1] "AdaLSE"
[1] 0.01844298
[1] 0.0312983
[1] 0.8857143

  0   1 
 24 186 
[1] "Fitting mean A"
[1] "Fitting variance A"
[1] "DR"
[1] 0.01741108
[1] 0.03026588
[1] 0.8714286

  0   1 
 27 183 
[1] "se comparison"
[1] 0.03758145
[1] 0.03686329
[1] 211
[1] -0.00065918
[1] 0.01655041
[1] "AdaLSE"
[1] -0.02931496
[1] 0.03192947
[1] 0.8862559

  0   1 
 24 187 
[1] "Fitting mean A"
[1] "Fitting variance A"
[1] "DR"
[1] -0.03284078
[1] 0.03041447
[1] 0.8720379

  0   1 
 27 184 
[1] "se comparison"
[1] 0.03758826
[1] 0.03687531
[1] 212
[1] -0.00065918
[1] 0.01655041
[1] "AdaLSE"
[1] -0.02950803
[1] 0.03162983
[1] 0.8867925

  0   1 
 24 188 
[1] "Fitting mean A"
[1] "Fitting variance A"
[1] "DR"
[1] -0.03100319
[1] 0.03038867
[1] 0.8726415

  0   1 
 27 185 
[1] "se comparison"
[1] 0.03759504
[1] 0.03687728
[1] 213
[1] -0.00065918
[1] 0.01655041
[1] "AdaLSE"
[1] -0.02266701
[1] 0.03106299
[1] 0.8873239

  0   1 
 24 189 
[1] "Fitting mean A"
[1] "Fitting variance A"
[1] "DR"
[1] -0.02271949
[1] 0.03072943
[1] 0.8732394

  0   1 
 27 186 
[1] "se comparison"
[1] 0.03757055
[1] 0.03684351
[1] 214
[1] -0.00065918
[1] 0.01655041
[1] "AdaLSE"
[1] 0.03353512
[1] 0.03316186
[1] 0.8878505

  0   1 
 24 190 
[1] "Fitting mean A"
[1] "Fitting variance A"
[1] "DR"
[1] 0.03362478
[1] 0.03175162
[1] 0.8738318

  0   1 
 27 187 
[1] "se comparison"
[1] 0.03751902
[1] 0.03680519
[1] 215
[1] -0.00065918
[1] 0.01655041
[1] "AdaLSE"
[1] 0.05782985
[1] 0.0350579
[1] 0.8883721

  0   1 
 24 191 
[1] "Fitting mean A"
[1] "Fitting variance A"
[1] "DR"
[1] 0.05288458
[1] 0.03177385
[1] 0.8744186

  0   1 
 27 188 
[1] "se comparison"
[1] 0.03757695
[1] 0.03685693
[1] 216
[1] -0.00065918
[1] 0.01655041
[1] "AdaLSE"
[1] -0.01873731
[1] 0.03106019
[1] 0.8888889

  0   1 
 24 192 
[1] "Fitting mean A"
[1] "Fitting variance A"
[1] "DR"
[1] -0.01924895
[1] 0.02988102
[1] 0.875

  0   1 
 27 189 
[1] "se comparison"
[1] 0.03753895
[1] 0.03681253
[1] 217
[1] -0.00065918
[1] 0.01655041
[1] "AdaLSE"
[1] -0.0023292
[1] 0.03104623
[1] 0.8894009

  0   1 
 24 193 
[1] "Fitting mean A"
[1] "Fitting variance A"
[1] "DR"
[1] -0.002337444
[1] 0.03005492
[1] 0.875576

  0   1 
 27 190 
[1] "se comparison"
[1] 0.03746049
[1] 0.03673188
[1] 218
[1] -0.00065918
[1] 0.01655041
[1] "AdaLSE"
[1] -0.05555317
[1] 0.03241585
[1] 0.8853211

  0   1 
 25 193 
[1] "Fitting mean A"
[1] "Fitting variance A"
[1] "DR"
[1] -0.06689363
[1] 0.03049988
[1] 0.8715596

  0   1 
 28 190 
[1] "se comparison"
[1] 0.03763206
[1] 0.03698045
[1] 219
[1] -0.00065918
[1] 0.01655041
[1] "AdaLSE"
[1] 0.02226597
[1] 0.03237992
[1] 0.8858447

  0   1 
 25 194 
[1] "Fitting mean A"
[1] "Fitting variance A"
[1] "DR"
[1] 0.02328574
[1] 0.03217626
[1] 0.8721461

  0   1 
 28 191 
[1] "se comparison"
[1] 0.03755619
[1] 0.03691421
[1] 220
[1] -0.00065918
[1] 0.01655041
[1] "AdaLSE"
[1] 0.03779916
[1] 0.03257461
[1] 0.8863636

  0   1 
 25 195 
[1] "Fitting mean A"
[1] "Fitting variance A"
[1] "DR"
[1] 0.03250676
[1] 0.03163323
[1] 0.8727273

  0   1 
 28 192 
[1] "se comparison"
[1] 0.03752007
[1] 0.03687319
[1] 221
[1] -0.00065918
[1] 0.01655041
[1] "AdaLSE"
[1] 0.03973435
[1] 0.03163104
[1] 0.8868778

  0   1 
 25 196 
[1] "Fitting mean A"
[1] "Fitting variance A"
[1] "DR"
[1] 0.03881429
[1] 0.03030704
[1] 0.8733032

  0   1 
 28 193 
[1] "se comparison"
[1] 0.03749068
[1] 0.036855
[1] 222
[1] -0.00065918
[1] 0.01655041
[1] "AdaLSE"
[1] -0.007122731
[1] 0.03362233
[1] 0.8873874

  0   1 
 25 197 
[1] "Fitting mean A"
[1] "Fitting variance A"
[1] "DR"
[1] -0.006026479
[1] 0.0325832
[1] 0.8738739

  0   1 
 28 194 
[1] "se comparison"
[1] 0.03742225
[1] 0.03678077
[1] 223
[1] -0.00065918
[1] 0.01655041
[1] "AdaLSE"
[1] -0.0175553
[1] 0.03459809
[1] 0.8878924

  0   1 
 25 198 
[1] "Fitting mean A"
[1] "Fitting variance A"
[1] "DR"
[1] -0.01861822
[1] 0.03323139
[1] 0.8744395

  0   1 
 28 195 
[1] "se comparison"
[1] 0.03738132
[1] 0.03673546
[1] 224
[1] -0.00065918
[1] 0.01655041
[1] "AdaLSE"
[1] 0.05903024
[1] 0.03137424
[1] 0.8883929

  0   1 
 25 199 
[1] "Fitting mean A"
[1] "Fitting variance A"
[1] "DR"
[1] 0.05798476
[1] 0.03006942
[1] 0.875

  0   1 
 28 196 
[1] "se comparison"
[1] 0.03744554
[1] 0.03681662
[1] 225
[1] -0.00065918
[1] 0.01655041
[1] "AdaLSE"
[1] -0.0005574394
[1] 0.03078175
[1] 0.8888889

  0   1 
 25 200 
[1] "Fitting mean A"
[1] "Fitting variance A"
[1] "DR"
[1] -0.001623561
[1] 0.02965226
[1] 0.8755556

  0   1 
 28 197 
[1] "se comparison"
[1] 0.03736782
[1] 0.03673817
[1] 226
[1] -0.00065918
[1] 0.01655041
[1] "AdaLSE"
[1] 0.03102782
[1] 0.03158033
[1] 0.8893805

  0   1 
 25 201 
[1] "Fitting mean A"
[1] "Fitting variance A"
[1] "DR"
[1] 0.02982807
[1] 0.03042503
[1] 0.8761062

  0   1 
 28 198 
[1] "se comparison"
[1] 0.03731241
[1] 0.03668986
[1] 227
[1] -0.00065918
[1] 0.01655041
[1] "AdaLSE"
[1] 0.03684121
[1] 0.03256538
[1] 0.8898678

  0   1 
 25 202 
[1] "Fitting mean A"
[1] "Fitting variance A"
[1] "DR"
[1] 0.03798638
[1] 0.03065858
[1] 0.876652

  0   1 
 28 199 
[1] "se comparison"
[1] 0.03727395
[1] 0.0366686
[1] 228
[1] -0.00065918
[1] 0.01655041
[1] "AdaLSE"
[1] -0.01742944
[1] 0.03466154
[1] 0.8903509

  0   1 
 25 203 
[1] "Fitting mean A"
[1] "Fitting variance A"
[1] "DR"
[1] -0.01919684
[1] 0.03255318
[1] 0.877193

  0   1 
 28 200 
[1] "se comparison"
[1] 0.0372349
[1] 0.0366274
[1] 229
[1] -0.00065918
[1] 0.01655041
[1] "AdaLSE"
[1] 0.0176881
[1] 0.03263447
[1] 0.8908297

  0   1 
 25 204 
[1] "Fitting mean A"
[1] "Fitting variance A"
[1] "DR"
[1] 0.008979244
[1] 0.03148306
[1] 0.8777293

  0   1 
 28 201 
[1] "se comparison"
[1] 0.03715709
[1] 0.03654738
[1] 230
[1] -0.00065918
[1] 0.01655041
[1] "AdaLSE"
[1] 0.03809552
[1] 0.03310343
[1] 0.8913043

  0   1 
 25 205 
[1] "Fitting mean A"
[1] "Fitting variance A"
[1] "DR"
[1] 0.03840201
[1] 0.03137414
[1] 0.8782609

  0   1 
 28 202 
[1] "se comparison"
[1] 0.03712364
[1] 0.03652837
[1] 231
[1] -0.00065918
[1] 0.01655041
[1] "AdaLSE"
[1] 0.05292379
[1] 0.02949315
[1] 0.8917749

  0   1 
 25 206 
[1] "Fitting mean A"
[1] "Fitting variance A"
[1] "DR"
[1] 0.05461555
[1] 0.02915371
[1] 0.8787879

  0   1 
 28 203 
[1] "se comparison"
[1] 0.03715203
[1] 0.03658569
[1] 232
[1] -0.00065918
[1] 0.01655041
[1] "AdaLSE"
[1] 0.02883571
[1] 0.03099232
[1] 0.8922414

  0   1 
 25 207 
[1] "Fitting mean A"
[1] "Fitting variance A"
[1] "DR"
[1] 0.02517972
[1] 0.02894045
[1] 0.8793103

  0   1 
 28 204 
[1] "se comparison"
[1] 0.03709247
[1] 0.0365264
[1] 233
[1] -0.00065918
[1] 0.01655041
[1] "AdaLSE"
[1] 0.01831575
[1] 0.03457832
[1] 0.8927039

  0   1 
 25 208 
[1] "Fitting mean A"
[1] "Fitting variance A"
[1] "DR"
[1] 0.01051713
[1] 0.03207312
[1] 0.8798283

  0   1 
 28 205 
[1] "se comparison"
[1] 0.03701651
[1] 0.03644838
[1] 234
[1] -0.00065918
[1] 0.01655041
[1] "AdaLSE"
[1] 0.03118808
[1] 0.03370097
[1] 0.8931624

  0   1 
 25 209 
[1] "Fitting mean A"
[1] "Fitting variance A"
[1] "DR"
[1] 0.01321853
[1] 0.03031888
[1] 0.8803419

  0   1 
 28 206 
[1] "se comparison"
[1] 0.03696302
[1] 0.03637245
[1] 235
[1] -0.00065918
[1] 0.01655041
[1] "AdaLSE"
[1] -0.03945429
[1] 0.03271238
[1] 0.893617

  0   1 
 25 210 
[1] "Fitting mean A"
[1] "Fitting variance A"
[1] "DR"
[1] -0.03891463
[1] 0.03160971
[1] 0.8808511

  0   1 
 28 207 
[1] "se comparison"
[1] 0.03702512
[1] 0.03641749
[1] 236
[1] -0.00065918
[1] 0.01655041
[1] "AdaLSE"
[1] 0.01495721
[1] 0.03444744
[1] 0.8940678

  0   1 
 25 211 
[1] "Fitting mean A"
[1] "Fitting variance A"
[1] "DR"
[1] 0.0012201
[1] 0.03082933
[1] 0.8813559

  0   1 
 28 208 
[1] "se comparison"
[1] 0.03694776
[1] 0.03634168
[1] 237
[1] -0.00065918
[1] 0.01655041
[1] "AdaLSE"
[1] 0.05001712
[1] 0.03188038
[1] 0.8945148

  0   1 
 25 212 
[1] "Fitting mean A"
[1] "Fitting variance A"
[1] "DR"
[1] 0.04801998
[1] 0.0299983
[1] 0.8818565

  0   1 
 28 209 
[1] "se comparison"
[1] 0.03696149
[1] 0.03636387
[1] 238
[1] -0.00065918
[1] 0.01655041
[1] "AdaLSE"
[1] -9.692289e-05
[1] 0.03365003
[1] 0.894958

  0   1 
 25 213 
[1] "Fitting mean A"
[1] "Fitting variance A"
[1] "DR"
[1] -0.009098262
[1] 0.03191344
[1] 0.8823529

  0   1 
 28 210 
[1] "se comparison"
[1] 0.03688929
[1] 0.03630181
[1] 239
[1] -0.00065918
[1] 0.01655041
[1] "AdaLSE"
[1] -0.009731824
[1] 0.03244573
[1] 0.8953975

  0   1 
 25 214 
[1] "Fitting mean A"
[1] "Fitting variance A"
[1] "DR"
[1] -0.01224788
[1] 0.03100487
[1] 0.8828452

  0   1 
 28 211 
[1] "se comparison"
[1] 0.03683383
[1] 0.03624639
[1] 240
[1] -0.00065918
[1] 0.01655041
[1] "AdaLSE"
[1] 0.07535145
[1] 0.03292773
[1] 0.8958333

  0   1 
 25 215 
[1] "Fitting mean A"
[1] "Fitting variance A"
[1] "DR"
[1] 0.06734363
[1] 0.03085506
[1] 0.8833333

  0   1 
 28 212 
[1] "se comparison"
[1] 0.03699857
[1] 0.03638162
[1] 241
[1] -0.00065918
[1] 0.01655041
[1] "AdaLSE"
[1] -0.03272601
[1] 0.03130498
[1] 0.8962656

  0   1 
 25 216 
[1] "Fitting mean A"
[1] "Fitting variance A"
[1] "DR"
[1] -0.03619641
[1] 0.0307602
[1] 0.8838174

  0   1 
 28 213 
[1] "se comparison"
[1] 0.03702476
[1] 0.03641204
[1] 242
[1] -0.00065918
[1] 0.01655041
[1] "AdaLSE"
[1] -0.01870881
[1] 0.03197733
[1] 0.8966942

  0   1 
 25 217 
[1] "Fitting mean A"
[1] "Fitting variance A"
[1] "DR"
[1] -0.01629243
[1] 0.02952073
[1] 0.8842975

  0   1 
 28 214 
[1] "se comparison"
[1] 0.03699396
[1] 0.03636668
[1] 243
[1] -0.00065918
[1] 0.01655041
[1] "AdaLSE"
[1] -0.04179445
[1] 0.02915656
[1] 0.8930041

  0   1 
 26 217 
[1] "Fitting mean A"
[1] "Fitting variance A"
[1] "DR"
[1] -0.04349362
[1] 0.02882119
[1] 0.8806584

  0   1 
 29 214 
[1] "se comparison"
[1] 0.03706605
[1] 0.03643397
[1] 244
[1] -0.00065918
[1] 0.01655041
[1] "AdaLSE"
[1] 0.01926788
[1] 0.0324635
[1] 0.8934426

  0   1 
 26 218 
[1] "Fitting mean A"
[1] "Fitting variance A"
[1] "DR"
[1] 0.02025258
[1] 0.03132686
[1] 0.8811475

  0   1 
 29 215 
[1] "se comparison"
[1] 0.0369948
[1] 0.03636961
[1] 245
[1] -0.00065918
[1] 0.01655041
[1] "AdaLSE"
[1] 0.01817629
[1] 0.03301645
[1] 0.8938776

  0   1 
 26 219 
[1] "Fitting mean A"
[1] "Fitting variance A"
[1] "DR"
[1] 0.01551759
[1] 0.03239214
[1] 0.8816327

  0   1 
 29 216 
[1] "se comparison"
[1] 0.03692287
[1] 0.03629953
[1] 246
[1] -0.00065918
[1] 0.01655041
[1] "AdaLSE"
[1] 0.06439927
[1] 0.03193353
[1] 0.8943089

  0   1 
 26 220 
[1] "Fitting mean A"
[1] "Fitting variance A"
[1] "DR"
[1] 0.05957524
[1] 0.03009869
[1] 0.8821138

  0   1 
 29 217 
[1] "se comparison"
[1] 0.03701178
[1] 0.03638264
[1] 247
[1] -0.00065918
[1] 0.01655041
[1] "AdaLSE"
[1] 0.03281565
[1] 0.03157376
[1] 0.8947368

  0   1 
 26 221 
[1] "Fitting mean A"
[1] "Fitting variance A"
[1] "DR"
[1] 0.03137897
[1] 0.03081027
[1] 0.8825911

  0   1 
 29 218 
[1] "se comparison"
[1] 0.03696506
[1] 0.03634231
[1] 248
[1] -0.00065918
[1] 0.01655041
[1] "AdaLSE"
[1] 0.0933919
[1] 0.0316073
[1] 0.891129

  0   1 
 27 221 
[1] "Fitting mean A"
[1] "Fitting variance A"
[1] "DR"
[1] 0.08800628
[1] 0.03082478
[1] 0.8790323

  0   1 
 30 218 
[1] "se comparison"
[1] 0.03726766
[1] 0.0366326
[1] 249
[1] -0.00065918
[1] 0.01655041
[1] "AdaLSE"
[1] -0.05831176
[1] 0.03111162
[1] 0.8875502

  0   1 
 28 221 
[1] "Fitting mean A"
[1] "Fitting variance A"
[1] "DR"
[1] -0.05710557
[1] 0.02942204
[1] 0.875502

  0   1 
 31 218 
[1] "se comparison"
[1] 0.03744652
[1] 0.03678522
[1] 250
[1] -0.00065918
[1] 0.01655041
[1] "AdaLSE"
[1] -0.08506246
[1] 0.03302566
[1] 0.884

  0   1 
 29 221 
[1] "Fitting mean A"
[1] "Fitting variance A"
[1] "DR"
[1] -0.09271012
[1] 0.03096624
[1] 0.872

  0   1 
 32 218 
[1] "se comparison"
[1] 0.03785308
[1] 0.03724855
[1] 251
[1] -0.00065918
[1] 0.01655041
[1] "AdaLSE"
[1] 0.0105376
[1] 0.03044264
[1] 0.8844622

  0   1 
 29 222 
[1] "Fitting mean A"
[1] "Fitting variance A"
[1] "DR"
[1] 0.01008107
[1] 0.02978799
[1] 0.87251

  0   1 
 32 219 
[1] "se comparison"
[1] 0.03777733
[1] 0.03717464
[1] 252
[1] -0.00065918
[1] 0.01655041
[1] "AdaLSE"
[1] 0.07507624
[1] 0.0336153
[1] 0.8849206

  0   1 
 29 223 
[1] "Fitting mean A"
[1] "Fitting variance A"
[1] "DR"
[1] 0.07412425
[1] 0.03207069
[1] 0.8730159

  0   1 
 32 220 
[1] "se comparison"
[1] 0.03792591
[1] 0.03734374
[1] 253
[1] -0.00065918
[1] 0.01655041
[1] "AdaLSE"
[1] -0.05834834
[1] 0.03297519
[1] 0.8814229

  0   1 
 30 223 
[1] "Fitting mean A"
[1] "Fitting variance A"
[1] "DR"
[1] -0.05769146
[1] 0.0317565
[1] 0.8695652

  0   1 
 33 220 
[1] "se comparison"
[1] 0.03809379
[1] 0.03748976
[1] 254
[1] -0.00065918
[1] 0.01655041
[1] "AdaLSE"
[1] -0.007196259
[1] 0.03177946
[1] 0.8818898

  0   1 
 30 224 
[1] "Fitting mean A"
[1] "Fitting variance A"
[1] "DR"
[1] -0.009021151
[1] 0.03054949
[1] 0.8700787

  0   1 
 33 221 
[1] "se comparison"
[1] 0.03803329
[1] 0.03742841
[1] 255
[1] -0.00065918
[1] 0.01655041
[1] "AdaLSE"
[1] -0.04046571
[1] 0.03283346
[1] 0.8823529

  0   1 
 30 225 
[1] "Fitting mean A"
[1] "Fitting variance A"
[1] "DR"
[1] -0.04073729
[1] 0.03055654
[1] 0.8705882

  0   1 
 33 222 
[1] "se comparison"
[1] 0.03808798
[1] 0.03747174
[1] 256
[1] -0.00065918
[1] 0.01655041
[1] "AdaLSE"
[1] 0.0396758
[1] 0.03278716
[1] 0.8828125

  0   1 
 30 226 
[1] "Fitting mean A"
[1] "Fitting variance A"
[1] "DR"
[1] 0.02313574
[1] 0.03221908
[1] 0.8710938

  0   1 
 33 223 
[1] "se comparison"
[1] 0.03806006
[1] 0.03741292
[1] 257
[1] -0.00065918
[1] 0.01655041
[1] "AdaLSE"
[1] -0.0354183
[1] 0.03348854
[1] 0.8832685

  0   1 
 30 227 
[1] "Fitting mean A"
[1] "Fitting variance A"
[1] "DR"
[1] -0.04883637
[1] 0.03035542
[1] 0.8677043

  0   1 
 34 223 
[1] "se comparison"
[1] 0.03808928
[1] 0.03749844
[1] 258
[1] -0.00065918
[1] 0.01655041
[1] "AdaLSE"
[1] 0.06309514
[1] 0.03310358
[1] 0.8837209

  0   1 
 30 228 
[1] "Fitting mean A"
[1] "Fitting variance A"
[1] "DR"
[1] 0.06352634
[1] 0.03223717
[1] 0.8682171

  0   1 
 34 224 
[1] "se comparison"
[1] 0.0381617
[1] 0.03759526
[1] 259
[1] -0.00065918
[1] 0.01655041
[1] "AdaLSE"
[1] 0.0174178
[1] 0.03071033
[1] 0.8841699

  0   1 
 30 229 
[1] "Fitting mean A"
[1] "Fitting variance A"
[1] "DR"
[1] 0.01080243
[1] 0.02840194
[1] 0.8687259

  0   1 
 34 225 
[1] "se comparison"
[1] 0.03809074
[1] 0.03752332
[1] 260
[1] -0.00065918
[1] 0.01655041
[1] "AdaLSE"
[1] 0.04433237
[1] 0.03302119
[1] 0.8846154

  0   1 
 30 230 
[1] "Fitting mean A"
[1] "Fitting variance A"
[1] "DR"
[1] 0.04315751
[1] 0.03155194
[1] 0.8692308

  0   1 
 34 226 
[1] "se comparison"
[1] 0.03807791
[1] 0.03752001
[1] 261
[1] -0.00065918
[1] 0.01655041
[1] "AdaLSE"
[1] 0.001539597
[1] 0.03081118
[1] 0.8850575

  0   1 
 30 231 
[1] "Fitting mean A"
[1] "Fitting variance A"
[1] "DR"
[1] 0.002020587
[1] 0.02944783
[1] 0.8697318

  0   1 
 34 227 
[1] "se comparison"
[1] 0.03800804
[1] 0.03744885
[1] 262
[1] -0.00065918
[1] 0.01655041
[1] "AdaLSE"
[1] -0.03293166
[1] 0.03214399
[1] 0.8854962

  0   1 
 30 232 
[1] "Fitting mean A"
[1] "Fitting variance A"
[1] "DR"
[1] -0.04068409
[1] 0.0309226
[1] 0.870229

  0   1 
 34 228 
[1] "se comparison"
[1] 0.03802674
[1] 0.0374908
[1] 263
[1] -0.00065918
[1] 0.01655041
[1] "AdaLSE"
[1] -0.02412199
[1] 0.03269371
[1] 0.8859316

  0   1 
 30 233 
[1] "Fitting mean A"
[1] "Fitting variance A"
[1] "DR"
[1] -0.02265494
[1] 0.03074393
[1] 0.8707224

  0   1 
 34 229 
[1] "se comparison"
[1] 0.038011
[1] 0.03746197
[1] 264
[1] -0.00065918
[1] 0.01655041
[1] "AdaLSE"
[1] 0.01427177
[1] 0.03053533
[1] 0.8863636

  0   1 
 30 234 
[1] "Fitting mean A"
[1] "Fitting variance A"
[1] "DR"
[1] 0.01457996
[1] 0.02994553
[1] 0.8712121

  0   1 
 34 230 
[1] "se comparison"
[1] 0.03793982
[1] 0.03739419
[1] 265
[1] -0.00065918
[1] 0.01655041
[1] "AdaLSE"
[1] 0.002767684
[1] 0.03138963
[1] 0.8867925

  0   1 
 30 235 
[1] "Fitting mean A"
[1] "Fitting variance A"
[1] "DR"
[1] -0.0003257364
[1] 0.03011494
[1] 0.8716981

  0   1 
 34 231 
[1] "se comparison"
[1] 0.03787015
[1] 0.03732551
[1] 266
[1] -0.00065918
[1] 0.01655041
[1] "AdaLSE"
[1] 0.0319432
[1] 0.03611039
[1] 0.887218

  0   1 
 30 236 
[1] "Fitting mean A"
[1] "Fitting variance A"
[1] "DR"
[1] 0.02210266
[1] 0.03181018
[1] 0.8721805

  0   1 
 34 232 
[1] "se comparison"
[1] 0.03782375
[1] 0.03726767
[1] 267
[1] -0.00065918
[1] 0.01655041
[1] "AdaLSE"
[1] 0.05619551
[1] 0.03283165
[1] 0.8876404

  0   1 
 30 237 
[1] "Fitting mean A"
[1] "Fitting variance A"
[1] "DR"
[1] 0.05609922
[1] 0.03150244
[1] 0.8726592

  0   1 
 34 233 
[1] "se comparison"
[1] 0.03786038
[1] 0.03732204
[1] 268
[1] -0.00065918
[1] 0.01655041
[1] "AdaLSE"
[1] -0.02209855
[1] 0.03255452
[1] 0.8880597

  0   1 
 30 238 
[1] "Fitting mean A"
[1] "Fitting variance A"
[1] "DR"
[1] -0.02436899
[1] 0.03067102
[1] 0.8731343

  0   1 
 34 234 
[1] "se comparison"
[1] 0.03783937
[1] 0.03729983
[1] 269
[1] -0.00065918
[1] 0.01655041
[1] "AdaLSE"
[1] 0.0006419931
[1] 0.03074659
[1] 0.8884758

  0   1 
 30 239 
[1] "Fitting mean A"
[1] "Fitting variance A"
[1] "DR"
[1] -0.001409208
[1] 0.0298884
[1] 0.8736059

  0   1 
 34 235 
[1] "se comparison"
[1] 0.03777266
[1] 0.03723322
[1] 270
[1] -0.00065918
[1] 0.01655041
[1] "AdaLSE"
[1] -0.02256662
[1] 0.03278135
[1] 0.8888889

  0   1 
 30 240 
[1] "Fitting mean A"
[1] "Fitting variance A"
[1] "DR"
[1] -0.02341144
[1] 0.03142845
[1] 0.8740741

  0   1 
 34 236 
[1] "se comparison"
[1] 0.03775307
[1] 0.03720812
[1] 271
[1] -0.00065918
[1] 0.01655041
[1] "AdaLSE"
[1] 0.04449442
[1] 0.03389959
[1] 0.8892989

  0   1 
 30 241 
[1] "Fitting mean A"
[1] "Fitting variance A"
[1] "DR"
[1] 0.0422962
[1] 0.03209295
[1] 0.8745387

  0   1 
 34 237 
[1] "se comparison"
[1] 0.03774318
[1] 0.0372036
[1] 272
[1] -0.00065918
[1] 0.01655041
[1] "AdaLSE"
[1] -0.04324702
[1] 0.03285924
[1] 0.8897059

  0   1 
 30 242 
[1] "Fitting mean A"
[1] "Fitting variance A"
[1] "DR"
[1] -0.04268235
[1] 0.03019729
[1] 0.8713235

  0   1 
 35 237 
[1] "se comparison"
[1] 0.03780939
[1] 0.03725394
[1] 273
[1] -0.00065918
[1] 0.01655041
[1] "AdaLSE"
[1] -0.05241327
[1] 0.03194495
[1] 0.8864469

  0   1 
 31 242 
[1] "Fitting mean A"
[1] "Fitting variance A"
[1] "DR"
[1] -0.05572564
[1] 0.03065033
[1] 0.8681319

  0   1 
 36 237 
[1] "se comparison"
[1] 0.03792471
[1] 0.03737388
[1] 274
[1] -0.00065918
[1] 0.01655041
[1] "AdaLSE"
[1] 0.005172538
[1] 0.0322425
[1] 0.8868613

  0   1 
 31 243 
[1] "Fitting mean A"
[1] "Fitting variance A"
[1] "DR"
[1] 0.008709713
[1] 0.03209593
[1] 0.8686131

  0   1 
 36 238 
[1] "se comparison"
[1] 0.03785595
[1] 0.03730572
[1] 275
[1] -0.00065918
[1] 0.01655041
[1] "AdaLSE"
[1] 0.06213564
[1] 0.03298221
[1] 0.8872727

  0   1 
 31 244 
[1] "Fitting mean A"
[1] "Fitting variance A"
[1] "DR"
[1] 0.05913252
[1] 0.03149554
[1] 0.8690909

  0   1 
 36 239 
[1] "se comparison"
[1] 0.03792169
[1] 0.03737519
[1] 276
[1] -0.00065918
[1] 0.01655041
[1] "AdaLSE"
[1] -0.003183252
[1] 0.03399875
[1] 0.8876812

  0   1 
 31 245 
[1] "Fitting mean A"
[1] "Fitting variance A"
[1] "DR"
[1] -0.008815756
[1] 0.03350825
[1] 0.8695652

  0   1 
 36 240 
[1] "se comparison"
[1] 0.03786018
[1] 0.0373181
[1] 277
[1] -0.00065918
[1] 0.01655041
[1] "AdaLSE"
[1] -0.01705016
[1] 0.03257495
[1] 0.8880866

  0   1 
 31 246 
[1] "Fitting mean A"
[1] "Fitting variance A"
[1] "DR"
[1] -0.02637009
[1] 0.03151724
[1] 0.8700361

  0   1 
 36 241 
[1] "se comparison"
[1] 0.03782465
[1] 0.0373016
[1] 278
[1] -0.00065918
[1] 0.01655041
[1] "AdaLSE"
[1] -0.001631918
[1] 0.03203692
[1] 0.8884892

  0   1 
 31 247 
[1] "Fitting mean A"
[1] "Fitting variance A"
[1] "DR"
[1] -0.003138964
[1] 0.03115526
[1] 0.8705036

  0   1 
 36 242 
[1] "se comparison"
[1] 0.0377619
[1] 0.03723826
[1] 279
[1] -0.00065918
[1] 0.01655041
[1] "AdaLSE"
[1] 0.02748635
[1] 0.03050818
[1] 0.8888889

  0   1 
 31 248 
[1] "Fitting mean A"
[1] "Fitting variance A"
[1] "DR"
[1] 0.02432446
[1] 0.02973021
[1] 0.8709677

  0   1 
 36 243 
[1] "se comparison"
[1] 0.03770989
[1] 0.03718744
[1] 280
[1] -0.00065918
[1] 0.01655041
[1] "AdaLSE"
[1] -0.001106094
[1] 0.03533513
[1] 0.8892857

  0   1 
 31 249 
[1] "Fitting mean A"
[1] "Fitting variance A"
[1] "DR"
[1] -0.01320954
[1] 0.03179194
[1] 0.8714286

  0   1 
 36 244 
[1] "se comparison"
[1] 0.03764731
[1] 0.03713858
[1] 281
[1] -0.00065918
[1] 0.01655041
[1] "AdaLSE"
[1] -0.008708991
[1] 0.03113262
[1] 0.8896797

  0   1 
 31 250 
[1] "Fitting mean A"
[1] "Fitting variance A"
[1] "DR"
[1] -0.01142264
[1] 0.02976692
[1] 0.8718861

  0   1 
 36 245 
[1] "se comparison"
[1] 0.03759518
[1] 0.03708674
[1] 282
[1] -0.00065918
[1] 0.01655041
[1] "AdaLSE"
[1] 0.02203658
[1] 0.03172067
[1] 0.8900709

  0   1 
 31 251 
[1] "Fitting mean A"
[1] "Fitting variance A"
[1] "DR"
[1] 0.0174842
[1] 0.03043917
[1] 0.8723404

  0   1 
 36 246 
[1] "se comparison"
[1] 0.03753611
[1] 0.03702709
[1] 283
[1] -0.00065918
[1] 0.01655041
[1] "AdaLSE"
[1] 0.01073885
[1] 0.03189412
[1] 0.8904594

  0   1 
 31 252 
[1] "Fitting mean A"
[1] "Fitting variance A"
[1] "DR"
[1] 0.00489056
[1] 0.03055149
[1] 0.8727915

  0   1 
 36 247 
[1] "se comparison"
[1] 0.03746961
[1] 0.03696144
[1] 284
[1] -0.00065918
[1] 0.01655041
[1] "AdaLSE"
[1] 0.0105546
[1] 0.03062428
[1] 0.8908451

  0   1 
 31 253 
[1] "Fitting mean A"
[1] "Fitting variance A"
[1] "DR"
[1] 0.01139914
[1] 0.02806493
[1] 0.8732394

  0   1 
 36 248 
[1] "se comparison"
[1] 0.03740344
[1] 0.03689749
[1] 285
[1] -0.00065918
[1] 0.01655041
[1] "AdaLSE"
[1] 0.01161779
[1] 0.03078015
[1] 0.8912281

  0   1 
 31 254 
[1] "Fitting mean A"
[1] "Fitting variance A"
[1] "DR"
[1] 0.01238119
[1] 0.02902631
[1] 0.8736842

  0   1 
 36 249 
[1] "se comparison"
[1] 0.03733781
[1] 0.03683442
[1] 286
[1] -0.00065918
[1] 0.01655041
[1] "AdaLSE"
[1] 0.0806124
[1] 0.0300888
[1] 0.8881119

  0   1 
 32 254 
[1] "Fitting mean A"
[1] "Fitting variance A"
[1] "DR"
[1] 0.07332269
[1] 0.02870613
[1] 0.8706294

  0   1 
 37 249 
[1] "se comparison"
[1] 0.03751078
[1] 0.03698461
[1] 287
[1] -0.00065918
[1] 0.01655041
[1] "AdaLSE"
[1] 0.04347735
[1] 0.03209949
[1] 0.8885017

  0   1 
 32 255 
[1] "Fitting mean A"
[1] "Fitting variance A"
[1] "DR"
[1] 0.038438
[1] 0.03076147
[1] 0.8710801

  0   1 
 37 250 
[1] "se comparison"
[1] 0.03749901
[1] 0.0369688
[1] 288
[1] -0.00065918
[1] 0.01655041
[1] "AdaLSE"
[1] 0.04858903
[1] 0.03238097
[1] 0.8888889

  0   1 
 32 256 
[1] "Fitting mean A"
[1] "Fitting variance A"
[1] "DR"
[1] 0.04320798
[1] 0.02953237
[1] 0.8715278

  0   1 
 37 251 
[1] "se comparison"
[1] 0.03750422
[1] 0.0369682
[1] 289
[1] -0.00065918
[1] 0.01655041
[1] "AdaLSE"
[1] -0.001135527
[1] 0.03122983
[1] 0.8892734

  0   1 
 32 257 
[1] "Fitting mean A"
[1] "Fitting variance A"
[1] "DR"
[1] -0.0002167657
[1] 0.02971943
[1] 0.8719723

  0   1 
 37 252 
[1] "se comparison"
[1] 0.03744447
[1] 0.03690606
[1] 290
[1] -0.00065918
[1] 0.01655041
[1] "AdaLSE"
[1] -0.02857525
[1] 0.0326536
[1] 0.8896552

  0   1 
 32 258 
[1] "Fitting mean A"
[1] "Fitting variance A"
[1] "DR"
[1] -0.0276603
[1] 0.03118068
[1] 0.8724138

  0   1 
 37 253 
[1] "se comparison"
[1] 0.03744698
[1] 0.03689657
[1] 291
[1] -0.00065918
[1] 0.01655041
[1] "AdaLSE"
[1] 0.007432039
[1] 0.03075198
[1] 0.8900344

  0   1 
 32 259 
[1] "Fitting mean A"
[1] "Fitting variance A"
[1] "DR"
[1] 0.009419773
[1] 0.0300345
[1] 0.8728522

  0   1 
 37 254 
[1] "se comparison"
[1] 0.03738256
[1] 0.03683335
[1] 292
[1] -0.00065918
[1] 0.01655041
[1] "AdaLSE"
[1] -0.03276358
[1] 0.0337393
[1] 0.890411

  0   1 
 32 260 
[1] "Fitting mean A"
[1] "Fitting variance A"
[1] "DR"
[1] -0.04557295
[1] 0.0318007
[1] 0.8732877

  0   1 
 37 255 
[1] "se comparison"
[1] 0.0374002
[1] 0.03689532
[1] 293
[1] -0.00065918
[1] 0.01655041
[1] "AdaLSE"
[1] 0.04898346
[1] 0.03278193
[1] 0.890785

  0   1 
 32 261 
[1] "Fitting mean A"
[1] "Fitting variance A"
[1] "DR"
[1] 0.03429609
[1] 0.03071519
[1] 0.8737201

  0   1 
 37 256 
[1] "se comparison"
[1] 0.03740776
[1] 0.03686873
[1] 294
[1] -0.00065918
[1] 0.01655041
[1] "AdaLSE"
[1] -0.0464546
[1] 0.03037179
[1] 0.8877551

  0   1 
 33 261 
[1] "Fitting mean A"
[1] "Fitting variance A"
[1] "DR"
[1] -0.05464608
[1] 0.0300493
[1] 0.8707483

  0   1 
 38 256 
[1] "se comparison"
[1] 0.03748621
[1] 0.03697679
[1] 295
[1] -0.00065918
[1] 0.01655041
[1] "AdaLSE"
[1] -0.02486076
[1] 0.0294409
[1] 0.8881356

  0   1 
 33 262 
[1] "Fitting mean A"
[1] "Fitting variance A"
[1] "DR"
[1] -0.02368019
[1] 0.02829731
[1] 0.8711864

  0   1 
 38 257 
[1] "se comparison"
[1] 0.03747526
[1] 0.03695443
[1] 296
[1] -0.00065918
[1] 0.01655041
[1] "AdaLSE"
[1] 0.002988206
[1] 0.03063708
[1] 0.8885135

  0   1 
 33 263 
[1] "Fitting mean A"
[1] "Fitting variance A"
[1] "DR"
[1] 0.004515136
[1] 0.03011312
[1] 0.8716216

  0   1 
 38 258 
[1] "se comparison"
[1] 0.03741343
[1] 0.03689183
[1] 297
[1] -0.00065918
[1] 0.01655041
[1] "AdaLSE"
[1] 0.03662149
[1] 0.03089441
[1] 0.8888889

  0   1 
 33 264 
[1] "Fitting mean A"
[1] "Fitting variance A"
[1] "DR"
[1] 0.03486418
[1] 0.02974473
[1] 0.8720539

  0   1 
 38 259 
[1] "se comparison"
[1] 0.03738411
[1] 0.03686766
[1] 298
[1] -0.00065918
[1] 0.01655041
[1] "AdaLSE"
[1] -0.04536437
[1] 0.031852
[1] 0.8892617

  0   1 
 33 265 
[1] "Fitting mean A"
[1] "Fitting variance A"
[1] "DR"
[1] -0.0464949
[1] 0.03149868
[1] 0.8691275

  0   1 
 39 259 
[1] "se comparison"
[1] 0.03745508
[1] 0.03693118
[1] 299
[1] -0.00065918
[1] 0.01655041
[1] "AdaLSE"
[1] -0.01444029
[1] 0.03230397
[1] 0.8896321

  0   1 
 33 266 
[1] "Fitting mean A"
[1] "Fitting variance A"
[1] "DR"
[1] -0.01801856
[1] 0.03138151
[1] 0.8695652

  0   1 
 39 260 
[1] "se comparison"
[1] 0.03741693
[1] 0.03689504
[1] 300
[1] -0.00065918
[1] 0.01655041
[1] "AdaLSE"
[1] 0.02668062
[1] 0.03151196
[1] 0.89

  0   1 
 33 267 
[1] "Fitting mean A"
[1] "Fitting variance A"
[1] "DR"
[1] 0.02138121
[1] 0.02947341
[1] 0.87

  0   1 
 39 261 
[1] "se comparison"
[1] 0.03736824
[1] 0.03684428
[1] 301
[1] -0.00065918
[1] 0.01655041
[1] "AdaLSE"
[1] 0.01862049
[1] 0.03018097
[1] 0.8903654

  0   1 
 33 268 
[1] "Fitting mean A"
[1] "Fitting variance A"
[1] "DR"
[1] 0.01788987
[1] 0.02940993
[1] 0.8704319

  0   1 
 39 262 
[1] "se comparison"
[1] 0.03730997
[1] 0.03678938
[1] 302
[1] -0.00065918
[1] 0.01655041
[1] "AdaLSE"
[1] 0.0008658568
[1] 0.03114705
[1] 0.8907285

  0   1 
 33 269 
[1] "Fitting mean A"
[1] "Fitting variance A"
