LOADING R
R LOADED
[1] "/home/lvanderl/Rlibs2"                         
[2] "/app/software/R/4.2.2-foss-2021b/lib/R/library"
[1] "/home/lvanderl/sieveSims"
[1] "Iteration number: 1"
[1] "pos"
[1] 2.902599e-06 9.999198e-01
[1] "Fitting mu0 = E[Y|A=0,W]"
NULL
[1] "Fitting tau = E[Y|A=1,W] - E[Y|A=0,W]"
NULL
[1] 0.0432922
[1] 0.02338512
[1] 0.0432922
[1] -0.2809378  1.5460527
[1] "cutoff"
[1] 1e-08
[1] 1e-08 1e+00
[1] "Fitting m = E[Y|W]"
[1] "Fitting pi = E[A|W]"
[1] "Fitting tau = E[Y|A=1,W] - E[Y|A=0,W]"
[1] 0.9294114
NULL
[1] 0.04309991
[1] 0.02470035
(Intercept) 
 0.04309991 
[1] "Iteration number: 2"
[1] "pos"
[1] 5.360682e-06 9.999353e-01
[1] "Fitting mu0 = E[Y|A=0,W]"
NULL
[1] "Fitting tau = E[Y|A=1,W] - E[Y|A=0,W]"
NULL
[1] 0.04339264
[1] 0.02305838
[1] 0.04339264
[1] -0.3392715  1.4531917
[1] "cutoff"
[1] 0.005220893
[1] 0.005220893 0.994779107
[1] "Fitting m = E[Y|W]"
[1] "Fitting pi = E[A|W]"
[1] "Fitting tau = E[Y|A=1,W] - E[Y|A=0,W]"
[1] 0.9695269
NULL
[1] 0.04235875
[1] 0.02230839
(Intercept) 
 0.04235875 
[1] "Iteration number: 3"
[1] "pos"
[1] 2.854077e-06 9.999280e-01
[1] "Fitting mu0 = E[Y|A=0,W]"
NULL
[1] "Fitting tau = E[Y|A=1,W] - E[Y|A=0,W]"
NULL
[1] "Iteration number: 4"
[1] "pos"
[1] 3.122965e-06 9.998864e-01
[1] "Fitting mu0 = E[Y|A=0,W]"
NULL
[1] "Fitting tau = E[Y|A=1,W] - E[Y|A=0,W]"
NULL
[1] 0.04127659
[1] 0.02276651
[1] 0.04127659
[1] -0.3393004  1.4773965
[1] "cutoff"
[1] 1e-08
[1] 1e-08 1e+00
[1] "Fitting m = E[Y|W]"
[1] "Fitting pi = E[A|W]"
[1] "Fitting tau = E[Y|A=1,W] - E[Y|A=0,W]"
[1] 1.084559
NULL
[1] 0.04041186
[1] 0.02201766
(Intercept) 
 0.04041186 
[1] "Iteration number: 5"
[1] "pos"
[1] 3.331771e-06 9.998742e-01
[1] "Fitting mu0 = E[Y|A=0,W]"
NULL
[1] "Fitting tau = E[Y|A=1,W] - E[Y|A=0,W]"
NULL
[1] 0.04007503
[1] 0.02188941
[1] 0.04007503
[1] -0.3823036  1.4754964
[1] "cutoff"
[1] 0.005220893
[1] 0.005220893 0.994779107
[1] "Fitting m = E[Y|W]"
[1] "Fitting pi = E[A|W]"
[1] "Fitting tau = E[Y|A=1,W] - E[Y|A=0,W]"
[1] 1.007133
NULL
[1] 0.03860673
[1] 0.02090723
(Intercept) 
 0.03860673 
[1] "Iteration number: 6"
[1] "pos"
[1] 6.034713e-06 9.999201e-01
[1] "Fitting mu0 = E[Y|A=0,W]"
NULL
[1] "Fitting tau = E[Y|A=1,W] - E[Y|A=0,W]"
NULL
[1] 0.04290608
[1] 0.02326463
[1] 0.04290608
[1] -0.3104388  1.5358664
[1] "cutoff"
[1] 1e-08
[1] 1e-08 1e+00
[1] "Fitting m = E[Y|W]"
[1] "Fitting pi = E[A|W]"
[1] "Fitting tau = E[Y|A=1,W] - E[Y|A=0,W]"
[1] 0.9684332
NULL
[1] 0.04302379
[1] 0.02336577
(Intercept) 
 0.04302379 
[1] "Iteration number: 7"
[1] "pos"
[1] 3.577657e-06 9.998780e-01
[1] "Fitting mu0 = E[Y|A=0,W]"
NULL
[1] "Fitting tau = E[Y|A=1,W] - E[Y|A=0,W]"
NULL
[1] 0.04230814
[1] 0.02328592
[1] 0.04230814
[1] -0.3388106  1.4456272
[1] "cutoff"
[1] 1e-08
[1] 1e-08 1e+00
[1] "Fitting m = E[Y|W]"
[1] "Fitting pi = E[A|W]"
[1] "Fitting tau = E[Y|A=1,W] - E[Y|A=0,W]"
[1] 0.9876671
NULL
[1] 0.04141119
[1] 0.02224925
(Intercept) 
 0.04141119 
[1] "Iteration number: 8"
[1] "pos"
[1] 3.035997e-06 9.998580e-01
[1] "Fitting mu0 = E[Y|A=0,W]"
NULL
[1] "Fitting tau = E[Y|A=1,W] - E[Y|A=0,W]"
NULL
[1] "Iteration number: 9"
[1] "pos"
[1] 5.860875e-06 9.998640e-01
[1] "Fitting mu0 = E[Y|A=0,W]"
NULL
[1] "Fitting tau = E[Y|A=1,W] - E[Y|A=0,W]"
NULL
[1] "Iteration number: 10"
[1] "pos"
[1] 2.929840e-06 9.998508e-01
[1] "Fitting mu0 = E[Y|A=0,W]"
NULL
[1] "Fitting tau = E[Y|A=1,W] - E[Y|A=0,W]"
NULL
[1] 0.04155982
[1] 0.02253645
[1] 0.04155982
[1] -0.3365528  1.4110415
[1] "cutoff"
[1] 0.007630531
[1] 0.007630531 0.992369469
[1] "Fitting m = E[Y|W]"
[1] "Fitting pi = E[A|W]"
[1] "Fitting tau = E[Y|A=1,W] - E[Y|A=0,W]"
[1] 1.091865
NULL
[1] 0.04107402
[1] 0.02249255
(Intercept) 
 0.04107402 
[1] "Iteration number: 11"
[1] "pos"
[1] 4.396592e-06 9.999398e-01
[1] "Fitting mu0 = E[Y|A=0,W]"
NULL
[1] "Fitting tau = E[Y|A=1,W] - E[Y|A=0,W]"
NULL
[1] 0.04001271
[1] 0.02195386
[1] 0.04001271
[1] -0.3176831  1.4973584
[1] "cutoff"
[1] 1e-08
[1] 1e-08 1e+00
[1] "Fitting m = E[Y|W]"
[1] "Fitting pi = E[A|W]"
[1] "Fitting tau = E[Y|A=1,W] - E[Y|A=0,W]"
[1] 0.9020541
NULL
[1] 0.03993135
[1] 0.02162049
(Intercept) 
 0.03993135 
[1] "Iteration number: 12"
[1] "pos"
[1] 3.094362e-06 9.999316e-01
[1] "Fitting mu0 = E[Y|A=0,W]"
NULL
[1] "Fitting tau = E[Y|A=1,W] - E[Y|A=0,W]"
NULL
[1] 0.03978984
[1] 0.02087955
[1] 0.03978984
