LOADING R
R LOADED
[1] "/home/lvanderl/Rlibs2"                         
[2] "/app/software/R/4.3.1-gfbf-2022b/lib/R/library"
[1] "/home/lvanderl/sieveSims"
[1] "iter: 1"
[1] "mu"
[1] "done_mu"
[1] "pi"
[1] "done_pi"
[1] "mu"
[1] "done_mu"
[1] "pi"
[1] "done_pi"
[1] 1.392447
[1] "iter: 2"
[1] "mu"
[1] "done_mu"
[1] "pi"
[1] "done_pi"
[1] "mu"
[1] "done_mu"
[1] "pi"
[1] "done_pi"
[1] 1.402142
[1] "iter: 3"
[1] "mu"
[1] "done_mu"
[1] "pi"
[1] "done_pi"
[1] "mu"
[1] "done_mu"
[1] "pi"
[1] "done_pi"
[1] 1.433333
[1] "iter: 4"
[1] "mu"
[1] "done_mu"
[1] "pi"
[1] "done_pi"
[1] "mu"
[1] "done_mu"
[1] "pi"
[1] "done_pi"
[1] 1.455266
[1] "iter: 5"
[1] "mu"
[1] "done_mu"
[1] "pi"
[1] "done_pi"
[1] "mu"
[1] "done_mu"
[1] "pi"
[1] "done_pi"
[1] 1.4001
[1] "iter: 6"
[1] "mu"
[1] "done_mu"
[1] "pi"
[1] "done_pi"
[1] "mu"
[1] "done_mu"
[1] "pi"
[1] "done_pi"
[1] 1.429202
[1] "iter: 7"
[1] "mu"
[1] "done_mu"
[1] "pi"
[1] "done_pi"
[1] "mu"
[1] "done_mu"
[1] "pi"
[1] "done_pi"
[1] 1.383546
[1] "iter: 8"
[1] "mu"
[1] "done_mu"
[1] "pi"
[1] "done_pi"
[1] "mu"
[1] "done_mu"
[1] "pi"
[1] "done_pi"
[1] 1.430465
[1] "iter: 9"
[1] "mu"
[1] "done_mu"
[1] "pi"
[1] "done_pi"
[1] "mu"
[1] "done_mu"
[1] "pi"
[1] "done_pi"
[1] 1.463737
[1] "iter: 10"
[1] "mu"
[1] "done_mu"
[1] "pi"
[1] "done_pi"
[1] "mu"
[1] "done_mu"
[1] "pi"
[1] "done_pi"
[1] 1.379354
[1] "iter: 11"
[1] "mu"
[1] "done_mu"
[1] "pi"
[1] "done_pi"
[1] "mu"
[1] "done_mu"
[1] "pi"
[1] "done_pi"
[1] 1.349601
[1] "iter: 12"
[1] "mu"
[1] "done_mu"
[1] "pi"
[1] "done_pi"
[1] "mu"
[1] "done_mu"
[1] "pi"
[1] "done_pi"
[1] 1.436079
[1] "iter: 13"
[1] "mu"
[1] "done_mu"
[1] "pi"
[1] "done_pi"
[1] "mu"
[1] "done_mu"
[1] "pi"
[1] "done_pi"
[1] 1.405316
[1] "iter: 14"
[1] "mu"
[1] "done_mu"
[1] "pi"
[1] "done_pi"
[1] "mu"
[1] "done_mu"
[1] "pi"
[1] "done_pi"
[1] 1.402444
[1] "iter: 15"
[1] "mu"
[1] "done_mu"
[1] "pi"
[1] "done_pi"
[1] "mu"
[1] "done_mu"
[1] "pi"
[1] "done_pi"
[1] 1.383205
[1] "iter: 16"
[1] "mu"
[1] "done_mu"
[1] "pi"
[1] "done_pi"
[1] "mu"
[1] "done_mu"
[1] "pi"
[1] "done_pi"
[1] 1.362437
[1] "iter: 17"
[1] "mu"
[1] "done_mu"
[1] "pi"
[1] "done_pi"
[1] "mu"
[1] "done_mu"
[1] "pi"
[1] "done_pi"
[1] 1.412079
[1] "iter: 18"
[1] "mu"
[1] "done_mu"
[1] "pi"
[1] "done_pi"
[1] "mu"
[1] "done_mu"
[1] "pi"
[1] "done_pi"
[1] 1.406689
[1] "iter: 19"
[1] "mu"
[1] "done_mu"
[1] "pi"
[1] "done_pi"
[1] "mu"
[1] "done_mu"
[1] "pi"
[1] "done_pi"
[1] 1.388128
[1] "iter: 20"
[1] "mu"
[1] "done_mu"
[1] "pi"
[1] "done_pi"
[1] "mu"
[1] "done_mu"
[1] "pi"
[1] "done_pi"
[1] 1.40152
[1] "iter: 21"
[1] "mu"
[1] "done_mu"
[1] "pi"
[1] "done_pi"
[1] "mu"
[1] "done_mu"
[1] "pi"
[1] "done_pi"
[1] 1.398291
[1] "iter: 22"
[1] "mu"
[1] "done_mu"
[1] "pi"
[1] "done_pi"
[1] "mu"
[1] "done_mu"
[1] "pi"
[1] "done_pi"
[1] 1.424892
[1] "iter: 23"
[1] "mu"
[1] "done_mu"
[1] "pi"
[1] "done_pi"
[1] "mu"
[1] "done_mu"
[1] "pi"
[1] "done_pi"
[1] 1.43712
[1] "iter: 24"
[1] "mu"
[1] "done_mu"
[1] "pi"
[1] "done_pi"
[1] "mu"
[1] "done_mu"
[1] "pi"
[1] "done_pi"
[1] 1.413347
[1] "iter: 25"
[1] "mu"
[1] "done_mu"
[1] "pi"
[1] "done_pi"
[1] "mu"
[1] "done_mu"
[1] "pi"
[1] "done_pi"
[1] 1.37679
[1] "iter: 26"
[1] "mu"
[1] "done_mu"
[1] "pi"
[1] "done_pi"
[1] "mu"
[1] "done_mu"
[1] "pi"
[1] "done_pi"
[1] 1.409515
[1] "iter: 27"
[1] "mu"
[1] "done_mu"
[1] "pi"
[1] "done_pi"
[1] "mu"
[1] "done_mu"
[1] "pi"
[1] "done_pi"
[1] 1.45289
[1] "iter: 28"
[1] "mu"
[1] "done_mu"
[1] "pi"
[1] "done_pi"
[1] "mu"
[1] "done_mu"
[1] "pi"
[1] "done_pi"
[1] 1.346555
[1] "iter: 29"
[1] "mu"
[1] "done_mu"
[1] "pi"
[1] "done_pi"
[1] "mu"
[1] "done_mu"
[1] "pi"
[1] "done_pi"
[1] 1.423759
[1] "iter: 30"
[1] "mu"
[1] "done_mu"
[1] "pi"
[1] "done_pi"
[1] "mu"
[1] "done_mu"
[1] "pi"
[1] "done_pi"
[1] 1.383801
[1] "iter: 31"
[1] "mu"
[1] "done_mu"
[1] "pi"
[1] "done_pi"
[1] "mu"
[1] "done_mu"
[1] "pi"
[1] "done_pi"
[1] 1.413492
[1] "iter: 32"
[1] "mu"
[1] "done_mu"
[1] "pi"
[1] "done_pi"
[1] "mu"
[1] "done_mu"
[1] "pi"
[1] "done_pi"
[1] 1.39997
[1] "iter: 33"
[1] "mu"
[1] "done_mu"
[1] "pi"
[1] "done_pi"
[1] "mu"
[1] "done_mu"
[1] "pi"
[1] "done_pi"
[1] 1.387361
[1] "iter: 34"
[1] "mu"
[1] "done_mu"
[1] "pi"
[1] "done_pi"
[1] "mu"
[1] "done_mu"
[1] "pi"
[1] "done_pi"
[1] 1.421383
[1] "iter: 35"
[1] "mu"
[1] "done_mu"
[1] "pi"
[1] "done_pi"
[1] "mu"
[1] "done_mu"
[1] "pi"
[1] "done_pi"
[1] 1.342983
[1] "iter: 36"
[1] "mu"
[1] "done_mu"
[1] "pi"
[1] "done_pi"
[1] "mu"
[1] "done_mu"
[1] "pi"
[1] "done_pi"
[1] 1.391685
[1] "iter: 37"
[1] "mu"
[1] "done_mu"
[1] "pi"
[1] "done_pi"
[1] "mu"
[1] "done_mu"
[1] "pi"
[1] "done_pi"
[1] 1.450396
[1] "iter: 38"
[1] "mu"
[1] "done_mu"
[1] "pi"
[1] "done_pi"
[1] "mu"
[1] "done_mu"
[1] "pi"
[1] "done_pi"
[1] 1.445342
[1] "iter: 39"
[1] "mu"
[1] "done_mu"
[1] "pi"
[1] "done_pi"
[1] "mu"
[1] "done_mu"
[1] "pi"
[1] "done_pi"
[1] 1.370451
[1] "iter: 40"
[1] "mu"
[1] "done_mu"
[1] "pi"
[1] "done_pi"
[1] "mu"
[1] "done_mu"
[1] "pi"
[1] "done_pi"
[1] 1.381744
[1] "iter: 41"
[1] "mu"
[1] "done_mu"
[1] "pi"
[1] "done_pi"
[1] "mu"
[1] "done_mu"
[1] "pi"
[1] "done_pi"
[1] 1.448421
[1] "iter: 42"
[1] "mu"
[1] "done_mu"
[1] "pi"
[1] "done_pi"
[1] "mu"
[1] "done_mu"
[1] "pi"
[1] "done_pi"
[1] 1.400003
[1] "iter: 43"
[1] "mu"
[1] "done_mu"
[1] "pi"
[1] "done_pi"
[1] "mu"
[1] "done_mu"
[1] "pi"
[1] "done_pi"
[1] 1.433503
[1] "iter: 44"
[1] "mu"
[1] "done_mu"
[1] "pi"
[1] "done_pi"
[1] "mu"
[1] "done_mu"
[1] "pi"
[1] "done_pi"
[1] 1.373173
[1] "iter: 45"
[1] "mu"
[1] "done_mu"
[1] "pi"
[1] "done_pi"
[1] "mu"
[1] "done_mu"
[1] "pi"
[1] "done_pi"
[1] 1.375076
[1] "iter: 46"
[1] "mu"
[1] "done_mu"
[1] "pi"
[1] "done_pi"
[1] "mu"
[1] "done_mu"
[1] "pi"
[1] "done_pi"
[1] 1.356798
[1] "iter: 47"
[1] "mu"
[1] "done_mu"
[1] "pi"
[1] "done_pi"
[1] "mu"
[1] "done_mu"
[1] "pi"
[1] "done_pi"
[1] 1.421983
[1] "iter: 48"
[1] "mu"
[1] "done_mu"
[1] "pi"
[1] "done_pi"
[1] "mu"
[1] "done_mu"
[1] "pi"
[1] "done_pi"
[1] 1.3759
[1] "iter: 49"
[1] "mu"
[1] "done_mu"
[1] "pi"
[1] "done_pi"
[1] "mu"
[1] "done_mu"
[1] "pi"
[1] "done_pi"
[1] 1.447355
[1] "iter: 50"
[1] "mu"
[1] "done_mu"
[1] "pi"
[1] "done_pi"
[1] "mu"
[1] "done_mu"
[1] "pi"
[1] "done_pi"
[1] 1.393743
[1] "iter: 51"
[1] "mu"
[1] "done_mu"
[1] "pi"
[1] "done_pi"
[1] "mu"
[1] "done_mu"
[1] "pi"
[1] "done_pi"
[1] 1.391755
[1] "iter: 52"
[1] "mu"
[1] "done_mu"
[1] "pi"
[1] "done_pi"
[1] "mu"
[1] "done_mu"
[1] "pi"
[1] "done_pi"
[1] 1.430465
[1] "iter: 53"
[1] "mu"
[1] "done_mu"
[1] "pi"
[1] "done_pi"
[1] "mu"
[1] "done_mu"
[1] "pi"
[1] "done_pi"
[1] 1.463737
[1] "iter: 54"
[1] "mu"
[1] "done_mu"
[1] "pi"
[1] "done_pi"
[1] "mu"
[1] "done_mu"
[1] "pi"
[1] "done_pi"
[1] 1.379354
[1] "iter: 55"
[1] "mu"
[1] "done_mu"
[1] "pi"
[1] "done_pi"
[1] "mu"
[1] "done_mu"
[1] "pi"
[1] "done_pi"
[1] 1.349601
[1] "iter: 56"
[1] "mu"
[1] "done_mu"
[1] "pi"
[1] "done_pi"
[1] "mu"
[1] "done_mu"
[1] "pi"
[1] "done_pi"
[1] 1.436079
[1] "iter: 57"
[1] "mu"
[1] "done_mu"
[1] "pi"
[1] "done_pi"
[1] "mu"
[1] "done_mu"
[1] "pi"
[1] "done_pi"
[1] 1.405316
[1] "iter: 58"
[1] "mu"
[1] "done_mu"
[1] "pi"
[1] "done_pi"
[1] "mu"
[1] "done_mu"
[1] "pi"
[1] "done_pi"
[1] 1.402444
[1] "iter: 59"
[1] "mu"
[1] "done_mu"
[1] "pi"
[1] "done_pi"
[1] "mu"
[1] "done_mu"
[1] "pi"
[1] "done_pi"
[1] 1.383205
[1] "iter: 60"
[1] "mu"
[1] "done_mu"
[1] "pi"
[1] "done_pi"
[1] "mu"
[1] "done_mu"
[1] "pi"
[1] "done_pi"
[1] 1.362437
[1] "iter: 61"
[1] "mu"
[1] "done_mu"
[1] "pi"
[1] "done_pi"
[1] "mu"
[1] "done_mu"
[1] "pi"
[1] "done_pi"
[1] 1.412079
[1] "iter: 62"
[1] "mu"
[1] "done_mu"
[1] "pi"
[1] "done_pi"
[1] "mu"
[1] "done_mu"
[1] "pi"
[1] "done_pi"
[1] 1.406689
[1] "iter: 63"
[1] "mu"
[1] "done_mu"
[1] "pi"
[1] "done_pi"
[1] "mu"
[1] "done_mu"
[1] "pi"
[1] "done_pi"
[1] 1.388128
[1] "iter: 64"
[1] "mu"
[1] "done_mu"
[1] "pi"
[1] "done_pi"
[1] "mu"
[1] "done_mu"
[1] "pi"
[1] "done_pi"
[1] 1.40152
[1] "iter: 65"
[1] "mu"
[1] "done_mu"
[1] "pi"
[1] "done_pi"
[1] "mu"
[1] "done_mu"
[1] "pi"
[1] "done_pi"
[1] 1.398291
[1] "iter: 66"
[1] "mu"
[1] "done_mu"
[1] "pi"
[1] "done_pi"
[1] "mu"
[1] "done_mu"
[1] "pi"
[1] "done_pi"
[1] 1.424892
[1] "iter: 67"
[1] "mu"
[1] "done_mu"
[1] "pi"
[1] "done_pi"
[1] "mu"
[1] "done_mu"
[1] "pi"
[1] "done_pi"
[1] 1.43712
[1] "iter: 68"
[1] "mu"
[1] "done_mu"
[1] "pi"
[1] "done_pi"
[1] "mu"
[1] "done_mu"
[1] "pi"
[1] "done_pi"
[1] 1.413347
[1] "iter: 69"
[1] "mu"
[1] "done_mu"
[1] "pi"
[1] "done_pi"
[1] "mu"
[1] "done_mu"
[1] "pi"
[1] "done_pi"
[1] 1.37679
[1] "iter: 70"
[1] "mu"
[1] "done_mu"
[1] "pi"
[1] "done_pi"
[1] "mu"
[1] "done_mu"
[1] "pi"
[1] "done_pi"
[1] 1.409515
[1] "iter: 71"
[1] "mu"
[1] "done_mu"
[1] "pi"
[1] "done_pi"
[1] "mu"
[1] "done_mu"
[1] "pi"
[1] "done_pi"
[1] 1.45289
[1] "iter: 72"
[1] "mu"
[1] "done_mu"
[1] "pi"
[1] "done_pi"
[1] "mu"
[1] "done_mu"
[1] "pi"
[1] "done_pi"
[1] 1.346555
[1] "iter: 73"
[1] "mu"
[1] "done_mu"
[1] "pi"
[1] "done_pi"
[1] "mu"
[1] "done_mu"
[1] "pi"
[1] "done_pi"
[1] 1.423759
[1] "iter: 74"
[1] "mu"
[1] "done_mu"
[1] "pi"
[1] "done_pi"
[1] "mu"
[1] "done_mu"
[1] "pi"
[1] "done_pi"
[1] 1.383801
[1] "iter: 75"
[1] "mu"
[1] "done_mu"
[1] "pi"
[1] "done_pi"
[1] "mu"
[1] "done_mu"
[1] "pi"
[1] "done_pi"
[1] 1.413492
[1] "iter: 76"
[1] "mu"
[1] "done_mu"
[1] "pi"
[1] "done_pi"
[1] "mu"
[1] "done_mu"
[1] "pi"
[1] "done_pi"
[1] 1.39997
[1] "iter: 77"
[1] "mu"
[1] "done_mu"
[1] "pi"
[1] "done_pi"
[1] "mu"
[1] "done_mu"
[1] "pi"
[1] "done_pi"
[1] 1.387361
[1] "iter: 78"
[1] "mu"
[1] "done_mu"
[1] "pi"
[1] "done_pi"
[1] "mu"
[1] "done_mu"
[1] "pi"
[1] "done_pi"
[1] 1.421383
[1] "iter: 79"
[1] "mu"
[1] "done_mu"
[1] "pi"
[1] "done_pi"
[1] "mu"
[1] "done_mu"
[1] "pi"
[1] "done_pi"
[1] 1.342983
[1] "iter: 80"
[1] "mu"
[1] "done_mu"
[1] "pi"
[1] "done_pi"
[1] "mu"
[1] "done_mu"
[1] "pi"
[1] "done_pi"
[1] 1.391685
[1] "iter: 81"
[1] "mu"
[1] "done_mu"
[1] "pi"
[1] "done_pi"
[1] "mu"
[1] "done_mu"
[1] "pi"
[1] "done_pi"
[1] 1.450396
[1] "iter: 82"
[1] "mu"
[1] "done_mu"
[1] "pi"
[1] "done_pi"
[1] "mu"
[1] "done_mu"
[1] "pi"
[1] "done_pi"
[1] 1.445342
[1] "iter: 83"
[1] "mu"
[1] "done_mu"
[1] "pi"
[1] "done_pi"
[1] "mu"
[1] "done_mu"
[1] "pi"
[1] "done_pi"
[1] 1.370451
[1] "iter: 84"
[1] "mu"
[1] "done_mu"
[1] "pi"
[1] "done_pi"
[1] "mu"
[1] "done_mu"
[1] "pi"
[1] "done_pi"
[1] 1.381744
[1] "iter: 85"
[1] "mu"
[1] "done_mu"
[1] "pi"
[1] "done_pi"
[1] "mu"
[1] "done_mu"
[1] "pi"
[1] "done_pi"
[1] 1.448421
[1] "iter: 86"
[1] "mu"
[1] "done_mu"
[1] "pi"
[1] "done_pi"
[1] "mu"
[1] "done_mu"
[1] "pi"
[1] "done_pi"
[1] 1.400003
[1] "iter: 87"
[1] "mu"
[1] "done_mu"
[1] "pi"
[1] "done_pi"
[1] "mu"
[1] "done_mu"
[1] "pi"
[1] "done_pi"
[1] 1.433503
[1] "iter: 88"
[1] "mu"
[1] "done_mu"
[1] "pi"
[1] "done_pi"
[1] "mu"
[1] "done_mu"
[1] "pi"
[1] "done_pi"
[1] 1.373173
[1] "iter: 89"
[1] "mu"
[1] "done_mu"
[1] "pi"
[1] "done_pi"
[1] "mu"
[1] "done_mu"
[1] "pi"
[1] "done_pi"
[1] 1.375076
[1] "iter: 90"
[1] "mu"
[1] "done_mu"
[1] "pi"
[1] "done_pi"
[1] "mu"
[1] "done_mu"
[1] "pi"
[1] "done_pi"
[1] 1.356798
[1] "iter: 91"
[1] "mu"
[1] "done_mu"
[1] "pi"
[1] "done_pi"
[1] "mu"
[1] "done_mu"
[1] "pi"
[1] "done_pi"
[1] 1.421983
[1] "iter: 92"
[1] "mu"
[1] "done_mu"
[1] "pi"
[1] "done_pi"
[1] "mu"
[1] "done_mu"
[1] "pi"
[1] "done_pi"
[1] 1.3759
[1] "iter: 93"
[1] "mu"
[1] "done_mu"
[1] "pi"
[1] "done_pi"
[1] "mu"
[1] "done_mu"
[1] "pi"
[1] "done_pi"
[1] 1.447355
[1] "iter: 94"
[1] "mu"
[1] "done_mu"
[1] "pi"
[1] "done_pi"
[1] "mu"
[1] "done_mu"
[1] "pi"
[1] "done_pi"
[1] 1.393743
[1] "iter: 95"
[1] "mu"
[1] "done_mu"
[1] "pi"
[1] "done_pi"
[1] "mu"
[1] "done_mu"
[1] "pi"
[1] "done_pi"
[1] 1.391755
[1] "iter: 96"
[1] "mu"
[1] "done_mu"
[1] "pi"
[1] "done_pi"
[1] "mu"
[1] "done_mu"
[1] "pi"
[1] "done_pi"
[1] 1.430465
[1] "iter: 97"
[1] "mu"
[1] "done_mu"
[1] "pi"
[1] "done_pi"
[1] "mu"
[1] "done_mu"
[1] "pi"
[1] "done_pi"
[1] 1.463737
[1] "iter: 98"
[1] "mu"
[1] "done_mu"
[1] "pi"
[1] "done_pi"
[1] "mu"
[1] "done_mu"
[1] "pi"
[1] "done_pi"
[1] 1.379354
[1] "iter: 99"
[1] "mu"
[1] "done_mu"
[1] "pi"
[1] "done_pi"
[1] "mu"
[1] "done_mu"
[1] "pi"
[1] "done_pi"
[1] 1.349601
[1] "iter: 100"
[1] "mu"
[1] "done_mu"
[1] "pi"
[1] "done_pi"
[1] "mu"
[1] "done_mu"
[1] "pi"
[1] "done_pi"
[1] 1.436079
[1] "iter: 101"
[1] "mu"
[1] "done_mu"
[1] "pi"
[1] "done_pi"
[1] "mu"
[1] "done_mu"
[1] "pi"
[1] "done_pi"
[1] 1.405316
[1] "iter: 102"
[1] "mu"
[1] "done_mu"
[1] "pi"
[1] "done_pi"
[1] "mu"
[1] "done_mu"
[1] "pi"
[1] "done_pi"
[1] 1.402444
[1] "iter: 103"
[1] "mu"
[1] "done_mu"
[1] "pi"
[1] "done_pi"
[1] "mu"
[1] "done_mu"
[1] "pi"
[1] "done_pi"
[1] 1.383205
[1] "iter: 104"
[1] "mu"
[1] "done_mu"
[1] "pi"
[1] "done_pi"
[1] "mu"
[1] "done_mu"
[1] "pi"
[1] "done_pi"
[1] 1.362437
[1] "iter: 105"
[1] "mu"
[1] "done_mu"
[1] "pi"
[1] "done_pi"
[1] "mu"
[1] "done_mu"
[1] "pi"
[1] "done_pi"
[1] 1.412079
[1] "iter: 106"
[1] "mu"
[1] "done_mu"
[1] "pi"
[1] "done_pi"
[1] "mu"
[1] "done_mu"
[1] "pi"
[1] "done_pi"
[1] 1.406689
[1] "iter: 107"
[1] "mu"
[1] "done_mu"
[1] "pi"
[1] "done_pi"
[1] "mu"
[1] "done_mu"
[1] "pi"
[1] "done_pi"
[1] 1.388128
[1] "iter: 108"
[1] "mu"
[1] "done_mu"
[1] "pi"
[1] "done_pi"
[1] "mu"
[1] "done_mu"
[1] "pi"
[1] "done_pi"
[1] 1.40152
[1] "iter: 109"
[1] "mu"
[1] "done_mu"
[1] "pi"
[1] "done_pi"
[1] "mu"
[1] "done_mu"
[1] "pi"
[1] "done_pi"
[1] 1.398291
[1] "iter: 110"
[1] "mu"
[1] "done_mu"
[1] "pi"
[1] "done_pi"
[1] "mu"
[1] "done_mu"
[1] "pi"
[1] "done_pi"
[1] 1.424892
[1] "iter: 111"
[1] "mu"
[1] "done_mu"
[1] "pi"
[1] "done_pi"
[1] "mu"
[1] "done_mu"
[1] "pi"
[1] "done_pi"
[1] 1.43712
[1] "iter: 112"
[1] "mu"
[1] "done_mu"
[1] "pi"
[1] "done_pi"
[1] "mu"
[1] "done_mu"
[1] "pi"
[1] "done_pi"
[1] 1.413347
[1] "iter: 113"
[1] "mu"
[1] "done_mu"
[1] "pi"
[1] "done_pi"
[1] "mu"
[1] "done_mu"
[1] "pi"
[1] "done_pi"
[1] 1.37679
[1] "iter: 114"
[1] "mu"
[1] "done_mu"
[1] "pi"
[1] "done_pi"
[1] "mu"
[1] "done_mu"
[1] "pi"
[1] "done_pi"
[1] 1.409515
[1] "iter: 115"
[1] "mu"
[1] "done_mu"
[1] "pi"
[1] "done_pi"
[1] "mu"
[1] "done_mu"
[1] "pi"
[1] "done_pi"
[1] 1.45289
[1] "iter: 116"
[1] "mu"
[1] "done_mu"
[1] "pi"
[1] "done_pi"
[1] "mu"
[1] "done_mu"
[1] "pi"
[1] "done_pi"
[1] 1.346555
[1] "iter: 117"
[1] "mu"
[1] "done_mu"
[1] "pi"
[1] "done_pi"
[1] "mu"
[1] "done_mu"
[1] "pi"
[1] "done_pi"
[1] 1.423759
[1] "iter: 118"
[1] "mu"
[1] "done_mu"
[1] "pi"
[1] "done_pi"
[1] "mu"
[1] "done_mu"
[1] "pi"
[1] "done_pi"
[1] 1.383801
[1] "iter: 119"
[1] "mu"
[1] "done_mu"
[1] "pi"
[1] "done_pi"
[1] "mu"
[1] "done_mu"
[1] "pi"
[1] "done_pi"
[1] 1.413492
[1] "iter: 120"
[1] "mu"
[1] "done_mu"
[1] "pi"
[1] "done_pi"
[1] "mu"
[1] "done_mu"
[1] "pi"
[1] "done_pi"
[1] 1.39997
[1] "iter: 121"
[1] "mu"
[1] "done_mu"
[1] "pi"
[1] "done_pi"
[1] "mu"
[1] "done_mu"
[1] "pi"
[1] "done_pi"
[1] 1.387361
[1] "iter: 122"
[1] "mu"
[1] "done_mu"
[1] "pi"
[1] "done_pi"
[1] "mu"
[1] "done_mu"
[1] "pi"
[1] "done_pi"
[1] 1.421383
[1] "iter: 123"
[1] "mu"
[1] "done_mu"
[1] "pi"
[1] "done_pi"
[1] "mu"
[1] "done_mu"
[1] "pi"
[1] "done_pi"
[1] 1.342983
[1] "iter: 124"
[1] "mu"
[1] "done_mu"
[1] "pi"
[1] "done_pi"
[1] "mu"
[1] "done_mu"
[1] "pi"
[1] "done_pi"
[1] 1.391685
[1] "iter: 125"
[1] "mu"
[1] "done_mu"
[1] "pi"
[1] "done_pi"
[1] "mu"
[1] "done_mu"
[1] "pi"
[1] "done_pi"
[1] 1.450396
[1] "iter: 126"
[1] "mu"
[1] "done_mu"
[1] "pi"
[1] "done_pi"
[1] "mu"
[1] "done_mu"
[1] "pi"
[1] "done_pi"
[1] 1.445342
[1] "iter: 127"
[1] "mu"
[1] "done_mu"
[1] "pi"
[1] "done_pi"
[1] "mu"
[1] "done_mu"
[1] "pi"
[1] "done_pi"
[1] 1.370451
[1] "iter: 128"
[1] "mu"
[1] "done_mu"
[1] "pi"
[1] "done_pi"
[1] "mu"
[1] "done_mu"
[1] "pi"
[1] "done_pi"
[1] 1.381744
[1] "iter: 129"
[1] "mu"
[1] "done_mu"
[1] "pi"
[1] "done_pi"
[1] "mu"
[1] "done_mu"
[1] "pi"
[1] "done_pi"
[1] 1.448421
[1] "iter: 130"
[1] "mu"
[1] "done_mu"
[1] "pi"
[1] "done_pi"
[1] "mu"
[1] "done_mu"
[1] "pi"
[1] "done_pi"
[1] 1.400003
[1] "iter: 131"
[1] "mu"
[1] "done_mu"
[1] "pi"
[1] "done_pi"
[1] "mu"
[1] "done_mu"
[1] "pi"
[1] "done_pi"
[1] 1.433503
[1] "iter: 132"
[1] "mu"
[1] "done_mu"
[1] "pi"
[1] "done_pi"
[1] "mu"
[1] "done_mu"
[1] "pi"
[1] "done_pi"
[1] 1.373173
[1] "iter: 133"
[1] "mu"
[1] "done_mu"
[1] "pi"
[1] "done_pi"
[1] "mu"
[1] "done_mu"
[1] "pi"
[1] "done_pi"
[1] 1.375076
[1] "iter: 134"
[1] "mu"
[1] "done_mu"
[1] "pi"
[1] "done_pi"
[1] "mu"
[1] "done_mu"
[1] "pi"
[1] "done_pi"
[1] 1.356798
[1] "iter: 135"
[1] "mu"
[1] "done_mu"
[1] "pi"
[1] "done_pi"
[1] "mu"
[1] "done_mu"
[1] "pi"
[1] "done_pi"
[1] 1.421983
[1] "iter: 136"
[1] "mu"
[1] "done_mu"
[1] "pi"
[1] "done_pi"
[1] "mu"
[1] "done_mu"
[1] "pi"
[1] "done_pi"
[1] 1.3759
[1] "iter: 137"
[1] "mu"
[1] "done_mu"
[1] "pi"
[1] "done_pi"
[1] "mu"
[1] "done_mu"
[1] "pi"
[1] "done_pi"
[1] 1.447355
[1] "iter: 138"
[1] "mu"
[1] "done_mu"
[1] "pi"
[1] "done_pi"
[1] "mu"
[1] "done_mu"
[1] "pi"
[1] "done_pi"
[1] 1.393743
[1] "iter: 139"
[1] "mu"
[1] "done_mu"
[1] "pi"
[1] "done_pi"
[1] "mu"
[1] "done_mu"
[1] "pi"
[1] "done_pi"
[1] 1.391755
[1] "iter: 140"
[1] "mu"
[1] "done_mu"
[1] "pi"
[1] "done_pi"
[1] "mu"
[1] "done_mu"
[1] "pi"
[1] "done_pi"
[1] 1.430465
[1] "iter: 141"
[1] "mu"
[1] "done_mu"
[1] "pi"
[1] "done_pi"
[1] "mu"
[1] "done_mu"
[1] "pi"
[1] "done_pi"
[1] 1.463737
[1] "iter: 142"
[1] "mu"
[1] "done_mu"
[1] "pi"
[1] "done_pi"
[1] "mu"
[1] "done_mu"
[1] "pi"
[1] "done_pi"
[1] 1.379354
[1] "iter: 143"
[1] "mu"
[1] "done_mu"
[1] "pi"
[1] "done_pi"
[1] "mu"
[1] "done_mu"
[1] "pi"
[1] "done_pi"
[1] 1.349601
[1] "iter: 144"
[1] "mu"
[1] "done_mu"
[1] "pi"
[1] "done_pi"
[1] "mu"
[1] "done_mu"
[1] "pi"
[1] "done_pi"
[1] 1.436079
[1] "iter: 145"
[1] "mu"
[1] "done_mu"
[1] "pi"
[1] "done_pi"
[1] "mu"
[1] "done_mu"
[1] "pi"
[1] "done_pi"
[1] 1.405316
[1] "iter: 146"
[1] "mu"
[1] "done_mu"
[1] "pi"
[1] "done_pi"
[1] "mu"
[1] "done_mu"
[1] "pi"
[1] "done_pi"
[1] 1.402444
[1] "iter: 147"
[1] "mu"
[1] "done_mu"
[1] "pi"
[1] "done_pi"
[1] "mu"
[1] "done_mu"
[1] "pi"
[1] "done_pi"
[1] 1.383205
[1] "iter: 148"
[1] "mu"
[1] "done_mu"
[1] "pi"
[1] "done_pi"
[1] "mu"
[1] "done_mu"
[1] "pi"
[1] "done_pi"
[1] 1.362437
[1] "iter: 149"
[1] "mu"
[1] "done_mu"
[1] "pi"
[1] "done_pi"
[1] "mu"
[1] "done_mu"
[1] "pi"
[1] "done_pi"
[1] 1.412079
[1] "iter: 150"
[1] "mu"
[1] "done_mu"
[1] "pi"
[1] "done_pi"
[1] "mu"
[1] "done_mu"
[1] "pi"
[1] "done_pi"
[1] 1.406689
[1] "iter: 151"
[1] "mu"
[1] "done_mu"
[1] "pi"
[1] "done_pi"
[1] "mu"
[1] "done_mu"
[1] "pi"
[1] "done_pi"
[1] 1.388128
[1] "iter: 152"
[1] "mu"
[1] "done_mu"
[1] "pi"
[1] "done_pi"
[1] "mu"
[1] "done_mu"
[1] "pi"
[1] "done_pi"
[1] 1.40152
[1] "iter: 153"
[1] "mu"
[1] "done_mu"
[1] "pi"
[1] "done_pi"
[1] "mu"
[1] "done_mu"
[1] "pi"
[1] "done_pi"
[1] 1.398291
[1] "iter: 154"
[1] "mu"
[1] "done_mu"
[1] "pi"
[1] "done_pi"
[1] "mu"
[1] "done_mu"
[1] "pi"
[1] "done_pi"
[1] 1.424892
[1] "iter: 155"
[1] "mu"
[1] "done_mu"
[1] "pi"
[1] "done_pi"
[1] "mu"
[1] "done_mu"
[1] "pi"
[1] "done_pi"
[1] 1.43712
[1] "iter: 156"
[1] "mu"
[1] "done_mu"
[1] "pi"
[1] "done_pi"
[1] "mu"
[1] "done_mu"
[1] "pi"
[1] "done_pi"
[1] 1.413347
[1] "iter: 157"
[1] "mu"
[1] "done_mu"
[1] "pi"
[1] "done_pi"
[1] "mu"
[1] "done_mu"
[1] "pi"
[1] "done_pi"
[1] 1.37679
[1] "iter: 158"
[1] "mu"
[1] "done_mu"
[1] "pi"
[1] "done_pi"
[1] "mu"
[1] "done_mu"
[1] "pi"
[1] "done_pi"
[1] 1.409515
[1] "iter: 159"
[1] "mu"
[1] "done_mu"
[1] "pi"
[1] "done_pi"
[1] "mu"
[1] "done_mu"
[1] "pi"
[1] "done_pi"
[1] 1.45289
[1] "iter: 160"
[1] "mu"
[1] "done_mu"
[1] "pi"
[1] "done_pi"
[1] "mu"
[1] "done_mu"
[1] "pi"
[1] "done_pi"
[1] 1.346555
[1] "iter: 161"
[1] "mu"
[1] "done_mu"
[1] "pi"
[1] "done_pi"
[1] "mu"
[1] "done_mu"
[1] "pi"
[1] "done_pi"
[1] 1.423759
[1] "iter: 162"
[1] "mu"
[1] "done_mu"
[1] "pi"
[1] "done_pi"
[1] "mu"
[1] "done_mu"
[1] "pi"
[1] "done_pi"
[1] 1.383801
[1] "iter: 163"
[1] "mu"
[1] "done_mu"
[1] "pi"
[1] "done_pi"
[1] "mu"
[1] "done_mu"
[1] "pi"
[1] "done_pi"
[1] 1.413492
[1] "iter: 164"
[1] "mu"
[1] "done_mu"
[1] "pi"
[1] "done_pi"
[1] "mu"
[1] "done_mu"
[1] "pi"
[1] "done_pi"
[1] 1.39997
[1] "iter: 165"
[1] "mu"
[1] "done_mu"
[1] "pi"
[1] "done_pi"
[1] "mu"
[1] "done_mu"
[1] "pi"
[1] "done_pi"
[1] 1.387361
[1] "iter: 166"
[1] "mu"
[1] "done_mu"
[1] "pi"
[1] "done_pi"
[1] "mu"
[1] "done_mu"
[1] "pi"
[1] "done_pi"
[1] 1.421383
[1] "iter: 167"
[1] "mu"
[1] "done_mu"
[1] "pi"
[1] "done_pi"
[1] "mu"
[1] "done_mu"
[1] "pi"
[1] "done_pi"
[1] 1.342983
[1] "iter: 168"
[1] "mu"
[1] "done_mu"
[1] "pi"
[1] "done_pi"
[1] "mu"
[1] "done_mu"
[1] "pi"
[1] "done_pi"
[1] 1.391685
[1] "iter: 169"
[1] "mu"
[1] "done_mu"
[1] "pi"
[1] "done_pi"
[1] "mu"
[1] "done_mu"
[1] "pi"
[1] "done_pi"
[1] 1.450396
[1] "iter: 170"
[1] "mu"
[1] "done_mu"
[1] "pi"
[1] "done_pi"
[1] "mu"
[1] "done_mu"
[1] "pi"
[1] "done_pi"
[1] 1.445342
[1] "iter: 171"
[1] "mu"
[1] "done_mu"
[1] "pi"
[1] "done_pi"
[1] "mu"
[1] "done_mu"
[1] "pi"
[1] "done_pi"
[1] 1.370451
[1] "iter: 172"
[1] "mu"
[1] "done_mu"
[1] "pi"
[1] "done_pi"
[1] "mu"
[1] "done_mu"
[1] "pi"
[1] "done_pi"
[1] 1.381744
[1] "iter: 173"
[1] "mu"
[1] "done_mu"
[1] "pi"
[1] "done_pi"
[1] "mu"
[1] "done_mu"
[1] "pi"
[1] "done_pi"
[1] 1.448421
[1] "iter: 174"
[1] "mu"
[1] "done_mu"
[1] "pi"
[1] "done_pi"
[1] "mu"
[1] "done_mu"
[1] "pi"
[1] "done_pi"
[1] 1.400003
[1] "iter: 175"
[1] "mu"
[1] "done_mu"
[1] "pi"
[1] "done_pi"
[1] "mu"
[1] "done_mu"
[1] "pi"
[1] "done_pi"
[1] 1.433503
[1] "iter: 176"
[1] "mu"
[1] "done_mu"
[1] "pi"
[1] "done_pi"
[1] "mu"
[1] "done_mu"
[1] "pi"
[1] "done_pi"
[1] 1.373173
[1] "iter: 177"
[1] "mu"
[1] "done_mu"
[1] "pi"
[1] "done_pi"
[1] "mu"
[1] "done_mu"
[1] "pi"
[1] "done_pi"
[1] 1.375076
[1] "iter: 178"
[1] "mu"
[1] "done_mu"
[1] "pi"
[1] "done_pi"
[1] "mu"
[1] "done_mu"
[1] "pi"
[1] "done_pi"
[1] 1.356798
[1] "iter: 179"
[1] "mu"
[1] "done_mu"
[1] "pi"
[1] "done_pi"
[1] "mu"
[1] "done_mu"
[1] "pi"
[1] "done_pi"
[1] 1.421983
[1] "iter: 180"
[1] "mu"
[1] "done_mu"
[1] "pi"
[1] "done_pi"
[1] "mu"
[1] "done_mu"
[1] "pi"
[1] "done_pi"
[1] 1.3759
[1] "iter: 181"
[1] "mu"
[1] "done_mu"
[1] "pi"
[1] "done_pi"
[1] "mu"
[1] "done_mu"
[1] "pi"
[1] "done_pi"
[1] 1.447355
[1] "iter: 182"
[1] "mu"
[1] "done_mu"
[1] "pi"
[1] "done_pi"
[1] "mu"
[1] "done_mu"
[1] "pi"
[1] "done_pi"
[1] 1.393743
[1] "iter: 183"
[1] "mu"
[1] "done_mu"
[1] "pi"
[1] "done_pi"
[1] "mu"
[1] "done_mu"
[1] "pi"
[1] "done_pi"
[1] 1.391755
[1] "iter: 184"
[1] "mu"
[1] "done_mu"
[1] "pi"
[1] "done_pi"
[1] "mu"
[1] "done_mu"
[1] "pi"
[1] "done_pi"
[1] 1.430465
[1] "iter: 185"
[1] "mu"
[1] "done_mu"
[1] "pi"
[1] "done_pi"
[1] "mu"
[1] "done_mu"
[1] "pi"
[1] "done_pi"
[1] 1.463737
[1] "iter: 186"
[1] "mu"
[1] "done_mu"
[1] "pi"
[1] "done_pi"
[1] "mu"
[1] "done_mu"
[1] "pi"
[1] "done_pi"
[1] 1.379354
[1] "iter: 187"
[1] "mu"
[1] "done_mu"
[1] "pi"
[1] "done_pi"
[1] "mu"
[1] "done_mu"
[1] "pi"
[1] "done_pi"
[1] 1.349601
[1] "iter: 188"
[1] "mu"
[1] "done_mu"
[1] "pi"
[1] "done_pi"
[1] "mu"
[1] "done_mu"
[1] "pi"
[1] "done_pi"
[1] 1.436079
[1] "iter: 189"
[1] "mu"
[1] "done_mu"
[1] "pi"
[1] "done_pi"
[1] "mu"
[1] "done_mu"
[1] "pi"
[1] "done_pi"
[1] 1.405316
[1] "iter: 190"
[1] "mu"
[1] "done_mu"
[1] "pi"
[1] "done_pi"
[1] "mu"
[1] "done_mu"
[1] "pi"
[1] "done_pi"
[1] 1.402444
[1] "iter: 191"
[1] "mu"
[1] "done_mu"
[1] "pi"
[1] "done_pi"
[1] "mu"
[1] "done_mu"
[1] "pi"
[1] "done_pi"
[1] 1.383205
[1] "iter: 192"
[1] "mu"
[1] "done_mu"
[1] "pi"
[1] "done_pi"
[1] "mu"
[1] "done_mu"
[1] "pi"
[1] "done_pi"
[1] 1.362437
[1] "iter: 193"
[1] "mu"
[1] "done_mu"
[1] "pi"
[1] "done_pi"
[1] "mu"
[1] "done_mu"
[1] "pi"
[1] "done_pi"
[1] 1.412079
[1] "iter: 194"
[1] "mu"
[1] "done_mu"
[1] "pi"
[1] "done_pi"
[1] "mu"
[1] "done_mu"
[1] "pi"
[1] "done_pi"
[1] 1.406689
[1] "iter: 195"
[1] "mu"
[1] "done_mu"
[1] "pi"
[1] "done_pi"
[1] "mu"
[1] "done_mu"
[1] "pi"
[1] "done_pi"
[1] 1.388128
[1] "iter: 196"
[1] "mu"
[1] "done_mu"
[1] "pi"
[1] "done_pi"
[1] "mu"
[1] "done_mu"
[1] "pi"
[1] "done_pi"
[1] 1.40152
[1] "iter: 197"
[1] "mu"
[1] "done_mu"
[1] "pi"
[1] "done_pi"
[1] "mu"
[1] "done_mu"
[1] "pi"
[1] "done_pi"
[1] 1.398291
[1] "iter: 198"
[1] "mu"
[1] "done_mu"
[1] "pi"
[1] "done_pi"
[1] "mu"
[1] "done_mu"
[1] "pi"
[1] "done_pi"
[1] 1.424892
[1] "iter: 199"
[1] "mu"
[1] "done_mu"
[1] "pi"
[1] "done_pi"
[1] "mu"
[1] "done_mu"
[1] "pi"
[1] "done_pi"
[1] 1.43712
[1] "iter: 200"
[1] "mu"
[1] "done_mu"
[1] "pi"
[1] "done_pi"
[1] "mu"
[1] "done_mu"
[1] "pi"
[1] "done_pi"
[1] 1.413347
[1] "iter: 201"
[1] "mu"
[1] "done_mu"
[1] "pi"
[1] "done_pi"
[1] "mu"
[1] "done_mu"
[1] "pi"
[1] "done_pi"
[1] 1.37679
[1] "iter: 202"
[1] "mu"
[1] "done_mu"
[1] "pi"
[1] "done_pi"
[1] "mu"
[1] "done_mu"
[1] "pi"
[1] "done_pi"
[1] 1.409515
[1] "iter: 203"
[1] "mu"
[1] "done_mu"
[1] "pi"
[1] "done_pi"
[1] "mu"
[1] "done_mu"
[1] "pi"
[1] "done_pi"
[1] 1.45289
[1] "iter: 204"
[1] "mu"
[1] "done_mu"
[1] "pi"
[1] "done_pi"
[1] "mu"
[1] "done_mu"
[1] "pi"
[1] "done_pi"
[1] 1.346555
[1] "iter: 205"
[1] "mu"
[1] "done_mu"
[1] "pi"
[1] "done_pi"
[1] "mu"
[1] "done_mu"
[1] "pi"
[1] "done_pi"
[1] 1.423759
[1] "iter: 206"
[1] "mu"
[1] "done_mu"
[1] "pi"
[1] "done_pi"
[1] "mu"
[1] "done_mu"
[1] "pi"
[1] "done_pi"
[1] 1.383801
[1] "iter: 207"
[1] "mu"
[1] "done_mu"
[1] "pi"
[1] "done_pi"
[1] "mu"
[1] "done_mu"
[1] "pi"
[1] "done_pi"
[1] 1.413492
[1] "iter: 208"
[1] "mu"
[1] "done_mu"
[1] "pi"
[1] "done_pi"
[1] "mu"
[1] "done_mu"
[1] "pi"
[1] "done_pi"
[1] 1.39997
[1] "iter: 209"
[1] "mu"
[1] "done_mu"
[1] "pi"
[1] "done_pi"
[1] "mu"
[1] "done_mu"
[1] "pi"
[1] "done_pi"
[1] 1.387361
[1] "iter: 210"
[1] "mu"
[1] "done_mu"
[1] "pi"
[1] "done_pi"
[1] "mu"
[1] "done_mu"
[1] "pi"
[1] "done_pi"
[1] 1.421383
[1] "iter: 211"
[1] "mu"
[1] "done_mu"
[1] "pi"
[1] "done_pi"
[1] "mu"
[1] "done_mu"
[1] "pi"
[1] "done_pi"
[1] 1.342983
[1] "iter: 212"
[1] "mu"
[1] "done_mu"
[1] "pi"
[1] "done_pi"
[1] "mu"
[1] "done_mu"
[1] "pi"
[1] "done_pi"
[1] 1.391685
[1] "iter: 213"
[1] "mu"
[1] "done_mu"
[1] "pi"
[1] "done_pi"
[1] "mu"
[1] "done_mu"
[1] "pi"
[1] "done_pi"
[1] 1.450396
[1] "iter: 214"
[1] "mu"
[1] "done_mu"
[1] "pi"
[1] "done_pi"
[1] "mu"
[1] "done_mu"
[1] "pi"
[1] "done_pi"
[1] 1.445342
[1] "iter: 215"
[1] "mu"
[1] "done_mu"
[1] "pi"
[1] "done_pi"
[1] "mu"
[1] "done_mu"
[1] "pi"
[1] "done_pi"
[1] 1.370451
[1] "iter: 216"
[1] "mu"
[1] "done_mu"
[1] "pi"
[1] "done_pi"
[1] "mu"
[1] "done_mu"
[1] "pi"
[1] "done_pi"
[1] 1.381744
[1] "iter: 217"
[1] "mu"
[1] "done_mu"
[1] "pi"
[1] "done_pi"
[1] "mu"
[1] "done_mu"
[1] "pi"
[1] "done_pi"
[1] 1.448421
[1] "iter: 218"
[1] "mu"
[1] "done_mu"
[1] "pi"
[1] "done_pi"
[1] "mu"
[1] "done_mu"
[1] "pi"
[1] "done_pi"
[1] 1.400003
[1] "iter: 219"
[1] "mu"
[1] "done_mu"
[1] "pi"
[1] "done_pi"
[1] "mu"
[1] "done_mu"
[1] "pi"
[1] "done_pi"
[1] 1.433503
[1] "iter: 220"
[1] "mu"
[1] "done_mu"
[1] "pi"
[1] "done_pi"
[1] "mu"
[1] "done_mu"
[1] "pi"
[1] "done_pi"
[1] 1.373173
[1] "iter: 221"
[1] "mu"
[1] "done_mu"
[1] "pi"
[1] "done_pi"
[1] "mu"
[1] "done_mu"
[1] "pi"
[1] "done_pi"
[1] 1.375076
[1] "iter: 222"
[1] "mu"
[1] "done_mu"
[1] "pi"
[1] "done_pi"
[1] "mu"
[1] "done_mu"
[1] "pi"
[1] "done_pi"
[1] 1.356798
[1] "iter: 223"
[1] "mu"
[1] "done_mu"
[1] "pi"
[1] "done_pi"
[1] "mu"
[1] "done_mu"
[1] "pi"
[1] "done_pi"
[1] 1.421983
[1] "iter: 224"
[1] "mu"
[1] "done_mu"
[1] "pi"
[1] "done_pi"
[1] "mu"
[1] "done_mu"
[1] "pi"
[1] "done_pi"
[1] 1.3759
[1] "iter: 225"
[1] "mu"
[1] "done_mu"
[1] "pi"
[1] "done_pi"
[1] "mu"
[1] "done_mu"
[1] "pi"
[1] "done_pi"
[1] 1.447355
[1] "iter: 226"
[1] "mu"
[1] "done_mu"
[1] "pi"
[1] "done_pi"
[1] "mu"
[1] "done_mu"
[1] "pi"
[1] "done_pi"
[1] 1.393743
[1] "iter: 227"
[1] "mu"
[1] "done_mu"
[1] "pi"
[1] "done_pi"
[1] "mu"
[1] "done_mu"
[1] "pi"
[1] "done_pi"
[1] 1.391755
[1] "iter: 228"
[1] "mu"
[1] "done_mu"
[1] "pi"
[1] "done_pi"
[1] "mu"
[1] "done_mu"
[1] "pi"
[1] "done_pi"
[1] 1.430465
[1] "iter: 229"
[1] "mu"
[1] "done_mu"
[1] "pi"
[1] "done_pi"
[1] "mu"
[1] "done_mu"
[1] "pi"
[1] "done_pi"
[1] 1.463737
[1] "iter: 230"
[1] "mu"
[1] "done_mu"
[1] "pi"
[1] "done_pi"
[1] "mu"
[1] "done_mu"
[1] "pi"
[1] "done_pi"
[1] 1.379354
[1] "iter: 231"
[1] "mu"
[1] "done_mu"
[1] "pi"
[1] "done_pi"
[1] "mu"
[1] "done_mu"
[1] "pi"
[1] "done_pi"
[1] 1.349601
[1] "iter: 232"
[1] "mu"
[1] "done_mu"
[1] "pi"
[1] "done_pi"
[1] "mu"
[1] "done_mu"
[1] "pi"
[1] "done_pi"
[1] 1.436079
[1] "iter: 233"
[1] "mu"
[1] "done_mu"
[1] "pi"
[1] "done_pi"
[1] "mu"
[1] "done_mu"
[1] "pi"
[1] "done_pi"
[1] 1.405316
[1] "iter: 234"
[1] "mu"
[1] "done_mu"
[1] "pi"
[1] "done_pi"
[1] "mu"
[1] "done_mu"
[1] "pi"
[1] "done_pi"
[1] 1.402444
[1] "iter: 235"
[1] "mu"
[1] "done_mu"
[1] "pi"
[1] "done_pi"
[1] "mu"
[1] "done_mu"
[1] "pi"
[1] "done_pi"
[1] 1.383205
[1] "iter: 236"
[1] "mu"
[1] "done_mu"
[1] "pi"
[1] "done_pi"
[1] "mu"
[1] "done_mu"
[1] "pi"
[1] "done_pi"
[1] 1.362437
[1] "iter: 237"
[1] "mu"
[1] "done_mu"
[1] "pi"
[1] "done_pi"
[1] "mu"
[1] "done_mu"
[1] "pi"
[1] "done_pi"
[1] 1.412079
[1] "iter: 238"
[1] "mu"
[1] "done_mu"
[1] "pi"
[1] "done_pi"
[1] "mu"
[1] "done_mu"
[1] "pi"
[1] "done_pi"
[1] 1.406689
[1] "iter: 239"
[1] "mu"
[1] "done_mu"
[1] "pi"
[1] "done_pi"
[1] "mu"
[1] "done_mu"
[1] "pi"
[1] "done_pi"
[1] 1.388128
[1] "iter: 240"
[1] "mu"
[1] "done_mu"
[1] "pi"
[1] "done_pi"
[1] "mu"
[1] "done_mu"
[1] "pi"
[1] "done_pi"
[1] 1.40152
[1] "iter: 241"
[1] "mu"
[1] "done_mu"
[1] "pi"
[1] "done_pi"
[1] "mu"
[1] "done_mu"
[1] "pi"
[1] "done_pi"
[1] 1.398291
[1] "iter: 242"
[1] "mu"
[1] "done_mu"
[1] "pi"
[1] "done_pi"
[1] "mu"
[1] "done_mu"
[1] "pi"
[1] "done_pi"
[1] 1.424892
[1] "iter: 243"
[1] "mu"
[1] "done_mu"
[1] "pi"
[1] "done_pi"
[1] "mu"
[1] "done_mu"
[1] "pi"
[1] "done_pi"
[1] 1.43712
[1] "iter: 244"
[1] "mu"
[1] "done_mu"
[1] "pi"
[1] "done_pi"
[1] "mu"
[1] "done_mu"
[1] "pi"
[1] "done_pi"
[1] 1.413347
[1] "iter: 245"
[1] "mu"
[1] "done_mu"
[1] "pi"
[1] "done_pi"
[1] "mu"
[1] "done_mu"
[1] "pi"
[1] "done_pi"
[1] 1.37679
[1] "iter: 246"
[1] "mu"
[1] "done_mu"
[1] "pi"
[1] "done_pi"
[1] "mu"
[1] "done_mu"
[1] "pi"
[1] "done_pi"
[1] 1.409515
[1] "iter: 247"
[1] "mu"
[1] "done_mu"
[1] "pi"
[1] "done_pi"
[1] "mu"
[1] "done_mu"
[1] "pi"
[1] "done_pi"
[1] 1.45289
[1] "iter: 248"
[1] "mu"
[1] "done_mu"
[1] "pi"
[1] "done_pi"
[1] "mu"
[1] "done_mu"
[1] "pi"
[1] "done_pi"
[1] 1.346555
[1] "iter: 249"
[1] "mu"
[1] "done_mu"
[1] "pi"
[1] "done_pi"
[1] "mu"
[1] "done_mu"
[1] "pi"
[1] "done_pi"
[1] 1.423759
[1] "iter: 250"
[1] "mu"
[1] "done_mu"
[1] "pi"
[1] "done_pi"
[1] "mu"
[1] "done_mu"
[1] "pi"
[1] "done_pi"
[1] 1.383801
[1] "iter: 251"
[1] "mu"
[1] "done_mu"
[1] "pi"
[1] "done_pi"
[1] "mu"
[1] "done_mu"
[1] "pi"
[1] "done_pi"
[1] 1.413492
[1] "iter: 252"
[1] "mu"
[1] "done_mu"
[1] "pi"
[1] "done_pi"
[1] "mu"
[1] "done_mu"
[1] "pi"
[1] "done_pi"
[1] 1.39997
[1] "iter: 253"
[1] "mu"
[1] "done_mu"
[1] "pi"
[1] "done_pi"
[1] "mu"
[1] "done_mu"
[1] "pi"
[1] "done_pi"
[1] 1.387361
[1] "iter: 254"
[1] "mu"
[1] "done_mu"
[1] "pi"
[1] "done_pi"
[1] "mu"
[1] "done_mu"
[1] "pi"
[1] "done_pi"
[1] 1.421383
[1] "iter: 255"
[1] "mu"
[1] "done_mu"
[1] "pi"
[1] "done_pi"
[1] "mu"
[1] "done_mu"
[1] "pi"
[1] "done_pi"
[1] 1.342983
[1] "iter: 256"
[1] "mu"
[1] "done_mu"
[1] "pi"
[1] "done_pi"
[1] "mu"
[1] "done_mu"
[1] "pi"
[1] "done_pi"
[1] 1.391685
[1] "iter: 257"
[1] "mu"
[1] "done_mu"
[1] "pi"
[1] "done_pi"
[1] "mu"
[1] "done_mu"
[1] "pi"
[1] "done_pi"
[1] 1.450396
[1] "iter: 258"
[1] "mu"
[1] "done_mu"
[1] "pi"
[1] "done_pi"
[1] "mu"
[1] "done_mu"
[1] "pi"
[1] "done_pi"
[1] 1.445342
[1] "iter: 259"
[1] "mu"
[1] "done_mu"
[1] "pi"
[1] "done_pi"
[1] "mu"
[1] "done_mu"
[1] "pi"
[1] "done_pi"
[1] 1.370451
[1] "iter: 260"
[1] "mu"
[1] "done_mu"
[1] "pi"
[1] "done_pi"
[1] "mu"
[1] "done_mu"
[1] "pi"
[1] "done_pi"
[1] 1.381744
[1] "iter: 261"
[1] "mu"
[1] "done_mu"
[1] "pi"
[1] "done_pi"
[1] "mu"
[1] "done_mu"
[1] "pi"
[1] "done_pi"
[1] 1.448421
[1] "iter: 262"
[1] "mu"
[1] "done_mu"
[1] "pi"
[1] "done_pi"
[1] "mu"
[1] "done_mu"
[1] "pi"
[1] "done_pi"
[1] 1.400003
[1] "iter: 263"
[1] "mu"
[1] "done_mu"
[1] "pi"
[1] "done_pi"
[1] "mu"
[1] "done_mu"
[1] "pi"
[1] "done_pi"
[1] 1.433503
[1] "iter: 264"
[1] "mu"
[1] "done_mu"
[1] "pi"
[1] "done_pi"
[1] "mu"
[1] "done_mu"
[1] "pi"
[1] "done_pi"
[1] 1.373173
[1] "iter: 265"
[1] "mu"
[1] "done_mu"
[1] "pi"
[1] "done_pi"
[1] "mu"
[1] "done_mu"
[1] "pi"
[1] "done_pi"
[1] 1.375076
[1] "iter: 266"
[1] "mu"
[1] "done_mu"
[1] "pi"
[1] "done_pi"
[1] "mu"
[1] "done_mu"
[1] "pi"
[1] "done_pi"
[1] 1.356798
[1] "iter: 267"
[1] "mu"
[1] "done_mu"
[1] "pi"
[1] "done_pi"
[1] "mu"
[1] "done_mu"
[1] "pi"
[1] "done_pi"
[1] 1.421983
[1] "iter: 268"
[1] "mu"
[1] "done_mu"
[1] "pi"
[1] "done_pi"
[1] "mu"
[1] "done_mu"
[1] "pi"
[1] "done_pi"
[1] 1.3759
[1] "iter: 269"
[1] "mu"
[1] "done_mu"
[1] "pi"
[1] "done_pi"
[1] "mu"
[1] "done_mu"
[1] "pi"
[1] "done_pi"
[1] 1.447355
[1] "iter: 270"
[1] "mu"
[1] "done_mu"
[1] "pi"
[1] "done_pi"
[1] "mu"
[1] "done_mu"
[1] "pi"
[1] "done_pi"
[1] 1.393743
[1] "iter: 271"
[1] "mu"
[1] "done_mu"
[1] "pi"
[1] "done_pi"
[1] "mu"
[1] "done_mu"
[1] "pi"
[1] "done_pi"
[1] 1.391755
[1] "iter: 272"
[1] "mu"
[1] "done_mu"
[1] "pi"
[1] "done_pi"
[1] "mu"
[1] "done_mu"
[1] "pi"
[1] "done_pi"
[1] 1.430465
[1] "iter: 273"
[1] "mu"
[1] "done_mu"
[1] "pi"
[1] "done_pi"
[1] "mu"
[1] "done_mu"
[1] "pi"
[1] "done_pi"
[1] 1.463737
[1] "iter: 274"
[1] "mu"
[1] "done_mu"
[1] "pi"
[1] "done_pi"
[1] "mu"
[1] "done_mu"
[1] "pi"
[1] "done_pi"
[1] 1.379354
[1] "iter: 275"
[1] "mu"
[1] "done_mu"
[1] "pi"
[1] "done_pi"
[1] "mu"
[1] "done_mu"
[1] "pi"
[1] "done_pi"
[1] 1.349601
[1] "iter: 276"
[1] "mu"
[1] "done_mu"
[1] "pi"
[1] "done_pi"
[1] "mu"
[1] "done_mu"
[1] "pi"
[1] "done_pi"
[1] 1.436079
[1] "iter: 277"
[1] "mu"
[1] "done_mu"
[1] "pi"
[1] "done_pi"
[1] "mu"
[1] "done_mu"
[1] "pi"
[1] "done_pi"
[1] 1.405316
[1] "iter: 278"
[1] "mu"
[1] "done_mu"
[1] "pi"
[1] "done_pi"
[1] "mu"
[1] "done_mu"
[1] "pi"
[1] "done_pi"
[1] 1.402444
[1] "iter: 279"
[1] "mu"
[1] "done_mu"
[1] "pi"
[1] "done_pi"
[1] "mu"
[1] "done_mu"
[1] "pi"
[1] "done_pi"
[1] 1.383205
[1] "iter: 280"
[1] "mu"
[1] "done_mu"
[1] "pi"
[1] "done_pi"
[1] "mu"
[1] "done_mu"
[1] "pi"
[1] "done_pi"
[1] 1.362437
[1] "iter: 281"
[1] "mu"
[1] "done_mu"
[1] "pi"
[1] "done_pi"
[1] "mu"
[1] "done_mu"
[1] "pi"
[1] "done_pi"
[1] 1.412079
[1] "iter: 282"
[1] "mu"
[1] "done_mu"
[1] "pi"
[1] "done_pi"
[1] "mu"
[1] "done_mu"
[1] "pi"
[1] "done_pi"
[1] 1.406689
[1] "iter: 283"
[1] "mu"
[1] "done_mu"
[1] "pi"
[1] "done_pi"
[1] "mu"
[1] "done_mu"
[1] "pi"
[1] "done_pi"
[1] 1.388128
[1] "iter: 284"
[1] "mu"
[1] "done_mu"
[1] "pi"
[1] "done_pi"
[1] "mu"
[1] "done_mu"
[1] "pi"
[1] "done_pi"
[1] 1.40152
[1] "iter: 285"
[1] "mu"
[1] "done_mu"
[1] "pi"
[1] "done_pi"
[1] "mu"
[1] "done_mu"
[1] "pi"
[1] "done_pi"
[1] 1.398291
[1] "iter: 286"
[1] "mu"
[1] "done_mu"
[1] "pi"
[1] "done_pi"
[1] "mu"
[1] "done_mu"
[1] "pi"
[1] "done_pi"
[1] 1.424892
[1] "iter: 287"
[1] "mu"
[1] "done_mu"
[1] "pi"
[1] "done_pi"
[1] "mu"
[1] "done_mu"
[1] "pi"
[1] "done_pi"
[1] 1.43712
[1] "iter: 288"
[1] "mu"
[1] "done_mu"
[1] "pi"
[1] "done_pi"
[1] "mu"
[1] "done_mu"
[1] "pi"
[1] "done_pi"
[1] 1.413347
[1] "iter: 289"
[1] "mu"
[1] "done_mu"
[1] "pi"
[1] "done_pi"
[1] "mu"
[1] "done_mu"
[1] "pi"
[1] "done_pi"
[1] 1.37679
[1] "iter: 290"
[1] "mu"
[1] "done_mu"
[1] "pi"
[1] "done_pi"
[1] "mu"
[1] "done_mu"
[1] "pi"
[1] "done_pi"
[1] 1.409515
[1] "iter: 291"
[1] "mu"
[1] "done_mu"
[1] "pi"
[1] "done_pi"
[1] "mu"
[1] "done_mu"
[1] "pi"
[1] "done_pi"
[1] 1.45289
[1] "iter: 292"
[1] "mu"
[1] "done_mu"
[1] "pi"
[1] "done_pi"
[1] "mu"
[1] "done_mu"
[1] "pi"
[1] "done_pi"
[1] 1.346555
[1] "iter: 293"
[1] "mu"
[1] "done_mu"
[1] "pi"
[1] "done_pi"
[1] "mu"
[1] "done_mu"
[1] "pi"
[1] "done_pi"
[1] 1.423759
[1] "iter: 294"
[1] "mu"
[1] "done_mu"
[1] "pi"
[1] "done_pi"
[1] "mu"
[1] "done_mu"
[1] "pi"
[1] "done_pi"
[1] 1.383801
[1] "iter: 295"
[1] "mu"
[1] "done_mu"
[1] "pi"
[1] "done_pi"
[1] "mu"
[1] "done_mu"
[1] "pi"
[1] "done_pi"
[1] 1.413492
[1] "iter: 296"
[1] "mu"
[1] "done_mu"
[1] "pi"
[1] "done_pi"
[1] "mu"
[1] "done_mu"
[1] "pi"
[1] "done_pi"
[1] 1.39997
[1] "iter: 297"
[1] "mu"
[1] "done_mu"
[1] "pi"
[1] "done_pi"
[1] "mu"
[1] "done_mu"
[1] "pi"
[1] "done_pi"
[1] 1.387361
[1] "iter: 298"
[1] "mu"
[1] "done_mu"
[1] "pi"
[1] "done_pi"
[1] "mu"
[1] "done_mu"
[1] "pi"
[1] "done_pi"
[1] 1.421383
[1] "iter: 299"
[1] "mu"
[1] "done_mu"
[1] "pi"
[1] "done_pi"
[1] "mu"
[1] "done_mu"
[1] "pi"
[1] "done_pi"
[1] 1.342983
[1] "iter: 300"
[1] "mu"
[1] "done_mu"
[1] "pi"
[1] "done_pi"
[1] "mu"
[1] "done_mu"
[1] "pi"
[1] "done_pi"
[1] 1.391685
[1] "iter: 301"
[1] "mu"
[1] "done_mu"
[1] "pi"
[1] "done_pi"
[1] "mu"
[1] "done_mu"
[1] "pi"
[1] "done_pi"
[1] 1.450396
[1] "iter: 302"
[1] "mu"
[1] "done_mu"
[1] "pi"
[1] "done_pi"
[1] "mu"
[1] "done_mu"
[1] "pi"
[1] "done_pi"
[1] 1.445342
[1] "iter: 303"
[1] "mu"
[1] "done_mu"
[1] "pi"
[1] "done_pi"
[1] "mu"
[1] "done_mu"
[1] "pi"
[1] "done_pi"
[1] 1.370451
[1] "iter: 304"
[1] "mu"
[1] "done_mu"
[1] "pi"
[1] "done_pi"
[1] "mu"
[1] "done_mu"
[1] "pi"
[1] "done_pi"
[1] 1.381744
[1] "iter: 305"
[1] "mu"
[1] "done_mu"
[1] "pi"
[1] "done_pi"
[1] "mu"
[1] "done_mu"
[1] "pi"
[1] "done_pi"
[1] 1.448421
[1] "iter: 306"
[1] "mu"
[1] "done_mu"
[1] "pi"
[1] "done_pi"
[1] "mu"
[1] "done_mu"
[1] "pi"
[1] "done_pi"
[1] 1.400003
[1] "iter: 307"
[1] "mu"
[1] "done_mu"
[1] "pi"
[1] "done_pi"
[1] "mu"
[1] "done_mu"
[1] "pi"
[1] "done_pi"
[1] 1.433503
[1] "iter: 308"
[1] "mu"
[1] "done_mu"
[1] "pi"
[1] "done_pi"
[1] "mu"
[1] "done_mu"
[1] "pi"
[1] "done_pi"
[1] 1.373173
[1] "iter: 309"
[1] "mu"
[1] "done_mu"
[1] "pi"
[1] "done_pi"
[1] "mu"
[1] "done_mu"
[1] "pi"
[1] "done_pi"
[1] 1.375076
[1] "iter: 310"
[1] "mu"
[1] "done_mu"
[1] "pi"
[1] "done_pi"
[1] "mu"
[1] "done_mu"
[1] "pi"
[1] "done_pi"
[1] 1.356798
[1] "iter: 311"
[1] "mu"
[1] "done_mu"
[1] "pi"
[1] "done_pi"
[1] "mu"
[1] "done_mu"
[1] "pi"
[1] "done_pi"
[1] 1.421983
[1] "iter: 312"
[1] "mu"
[1] "done_mu"
[1] "pi"
[1] "done_pi"
[1] "mu"
[1] "done_mu"
[1] "pi"
[1] "done_pi"
[1] 1.3759
[1] "iter: 313"
[1] "mu"
[1] "done_mu"
[1] "pi"
[1] "done_pi"
[1] "mu"
[1] "done_mu"
[1] "pi"
[1] "done_pi"
[1] 1.447355
[1] "iter: 314"
[1] "mu"
[1] "done_mu"
[1] "pi"
[1] "done_pi"
[1] "mu"
[1] "done_mu"
[1] "pi"
[1] "done_pi"
[1] 1.393743
[1] "iter: 315"
[1] "mu"
[1] "done_mu"
[1] "pi"
[1] "done_pi"
[1] "mu"
[1] "done_mu"
[1] "pi"
[1] "done_pi"
[1] 1.391755
[1] "iter: 316"
[1] "mu"
[1] "done_mu"
[1] "pi"
[1] "done_pi"
[1] "mu"
[1] "done_mu"
[1] "pi"
[1] "done_pi"
[1] 1.430465
[1] "iter: 317"
[1] "mu"
[1] "done_mu"
[1] "pi"
[1] "done_pi"
[1] "mu"
[1] "done_mu"
[1] "pi"
[1] "done_pi"
[1] 1.463737
[1] "iter: 318"
[1] "mu"
[1] "done_mu"
[1] "pi"
[1] "done_pi"
[1] "mu"
[1] "done_mu"
[1] "pi"
[1] "done_pi"
[1] 1.379354
[1] "iter: 319"
[1] "mu"
[1] "done_mu"
[1] "pi"
[1] "done_pi"
[1] "mu"
[1] "done_mu"
[1] "pi"
[1] "done_pi"
[1] 1.349601
[1] "iter: 320"
[1] "mu"
[1] "done_mu"
[1] "pi"
[1] "done_pi"
[1] "mu"
[1] "done_mu"
[1] "pi"
[1] "done_pi"
[1] 1.436079
[1] "iter: 321"
[1] "mu"
[1] "done_mu"
[1] "pi"
[1] "done_pi"
[1] "mu"
[1] "done_mu"
[1] "pi"
[1] "done_pi"
[1] 1.405316
[1] "iter: 322"
[1] "mu"
[1] "done_mu"
[1] "pi"
[1] "done_pi"
[1] "mu"
[1] "done_mu"
[1] "pi"
[1] "done_pi"
[1] 1.402444
[1] "iter: 323"
[1] "mu"
[1] "done_mu"
[1] "pi"
[1] "done_pi"
[1] "mu"
[1] "done_mu"
[1] "pi"
[1] "done_pi"
[1] 1.383205
[1] "iter: 324"
[1] "mu"
[1] "done_mu"
[1] "pi"
[1] "done_pi"
[1] "mu"
[1] "done_mu"
[1] "pi"
[1] "done_pi"
[1] 1.362437
[1] "iter: 325"
[1] "mu"
[1] "done_mu"
[1] "pi"
[1] "done_pi"
[1] "mu"
[1] "done_mu"
[1] "pi"
[1] "done_pi"
[1] 1.412079
[1] "iter: 326"
[1] "mu"
[1] "done_mu"
[1] "pi"
[1] "done_pi"
[1] "mu"
[1] "done_mu"
[1] "pi"
[1] "done_pi"
[1] 1.406689
[1] "iter: 327"
[1] "mu"
[1] "done_mu"
[1] "pi"
[1] "done_pi"
[1] "mu"
[1] "done_mu"
[1] "pi"
[1] "done_pi"
[1] 1.388128
[1] "iter: 328"
[1] "mu"
[1] "done_mu"
[1] "pi"
[1] "done_pi"
[1] "mu"
[1] "done_mu"
[1] "pi"
[1] "done_pi"
[1] 1.40152
[1] "iter: 329"
[1] "mu"
[1] "done_mu"
[1] "pi"
[1] "done_pi"
[1] "mu"
[1] "done_mu"
[1] "pi"
[1] "done_pi"
[1] 1.398291
[1] "iter: 330"
[1] "mu"
[1] "done_mu"
[1] "pi"
[1] "done_pi"
[1] "mu"
[1] "done_mu"
[1] "pi"
[1] "done_pi"
[1] 1.424892
[1] "iter: 331"
[1] "mu"
[1] "done_mu"
[1] "pi"
[1] "done_pi"
[1] "mu"
[1] "done_mu"
[1] "pi"
[1] "done_pi"
[1] 1.43712
[1] "iter: 332"
[1] "mu"
[1] "done_mu"
[1] "pi"
[1] "done_pi"
[1] "mu"
[1] "done_mu"
[1] "pi"
[1] "done_pi"
[1] 1.413347
[1] "iter: 333"
[1] "mu"
[1] "done_mu"
[1] "pi"
[1] "done_pi"
[1] "mu"
[1] "done_mu"
[1] "pi"
[1] "done_pi"
[1] 1.37679
[1] "iter: 334"
[1] "mu"
[1] "done_mu"
[1] "pi"
[1] "done_pi"
[1] "mu"
[1] "done_mu"
[1] "pi"
[1] "done_pi"
[1] 1.409515
[1] "iter: 335"
[1] "mu"
[1] "done_mu"
[1] "pi"
[1] "done_pi"
[1] "mu"
[1] "done_mu"
[1] "pi"
[1] "done_pi"
[1] 1.45289
[1] "iter: 336"
[1] "mu"
[1] "done_mu"
[1] "pi"
[1] "done_pi"
[1] "mu"
[1] "done_mu"
[1] "pi"
[1] "done_pi"
[1] 1.346555
[1] "iter: 337"
[1] "mu"
[1] "done_mu"
[1] "pi"
[1] "done_pi"
[1] "mu"
[1] "done_mu"
[1] "pi"
[1] "done_pi"
[1] 1.423759
[1] "iter: 338"
[1] "mu"
[1] "done_mu"
[1] "pi"
[1] "done_pi"
[1] "mu"
[1] "done_mu"
[1] "pi"
[1] "done_pi"
[1] 1.383801
[1] "iter: 339"
[1] "mu"
[1] "done_mu"
[1] "pi"
[1] "done_pi"
[1] "mu"
[1] "done_mu"
[1] "pi"
[1] "done_pi"
[1] 1.413492
[1] "iter: 340"
[1] "mu"
[1] "done_mu"
[1] "pi"
[1] "done_pi"
[1] "mu"
[1] "done_mu"
[1] "pi"
[1] "done_pi"
[1] 1.39997
[1] "iter: 341"
[1] "mu"
[1] "done_mu"
[1] "pi"
[1] "done_pi"
[1] "mu"
[1] "done_mu"
[1] "pi"
[1] "done_pi"
[1] 1.387361
[1] "iter: 342"
[1] "mu"
[1] "done_mu"
[1] "pi"
[1] "done_pi"
[1] "mu"
[1] "done_mu"
[1] "pi"
[1] "done_pi"
[1] 1.421383
[1] "iter: 343"
[1] "mu"
[1] "done_mu"
[1] "pi"
[1] "done_pi"
[1] "mu"
[1] "done_mu"
[1] "pi"
[1] "done_pi"
[1] 1.342983
[1] "iter: 344"
[1] "mu"
[1] "done_mu"
[1] "pi"
[1] "done_pi"
[1] "mu"
[1] "done_mu"
[1] "pi"
[1] "done_pi"
[1] 1.391685
[1] "iter: 345"
[1] "mu"
[1] "done_mu"
[1] "pi"
[1] "done_pi"
[1] "mu"
[1] "done_mu"
[1] "pi"
[1] "done_pi"
[1] 1.450396
[1] "iter: 346"
[1] "mu"
[1] "done_mu"
[1] "pi"
[1] "done_pi"
[1] "mu"
[1] "done_mu"
[1] "pi"
[1] "done_pi"
[1] 1.445342
[1] "iter: 347"
[1] "mu"
[1] "done_mu"
[1] "pi"
[1] "done_pi"
[1] "mu"
[1] "done_mu"
[1] "pi"
[1] "done_pi"
[1] 1.370451
[1] "iter: 348"
[1] "mu"
[1] "done_mu"
[1] "pi"
[1] "done_pi"
[1] "mu"
[1] "done_mu"
[1] "pi"
[1] "done_pi"
[1] 1.381744
[1] "iter: 349"
[1] "mu"
[1] "done_mu"
[1] "pi"
[1] "done_pi"
[1] "mu"
[1] "done_mu"
[1] "pi"
[1] "done_pi"
[1] 1.448421
[1] "iter: 350"
[1] "mu"
[1] "done_mu"
[1] "pi"
[1] "done_pi"
[1] "mu"
[1] "done_mu"
[1] "pi"
[1] "done_pi"
[1] 1.400003
[1] "iter: 351"
[1] "mu"
[1] "done_mu"
[1] "pi"
[1] "done_pi"
[1] "mu"
[1] "done_mu"
[1] "pi"
[1] "done_pi"
[1] 1.433503
[1] "iter: 352"
[1] "mu"
[1] "done_mu"
[1] "pi"
[1] "done_pi"
[1] "mu"
[1] "done_mu"
[1] "pi"
[1] "done_pi"
[1] 1.373173
[1] "iter: 353"
[1] "mu"
[1] "done_mu"
[1] "pi"
[1] "done_pi"
[1] "mu"
[1] "done_mu"
[1] "pi"
[1] "done_pi"
[1] 1.375076
[1] "iter: 354"
[1] "mu"
[1] "done_mu"
[1] "pi"
[1] "done_pi"
[1] "mu"
[1] "done_mu"
[1] "pi"
[1] "done_pi"
[1] 1.356798
[1] "iter: 355"
[1] "mu"
[1] "done_mu"
[1] "pi"
[1] "done_pi"
[1] "mu"
[1] "done_mu"
[1] "pi"
[1] "done_pi"
[1] 1.421983
[1] "iter: 356"
[1] "mu"
[1] "done_mu"
[1] "pi"
[1] "done_pi"
[1] "mu"
[1] "done_mu"
[1] "pi"
[1] "done_pi"
[1] 1.3759
[1] "iter: 357"
[1] "mu"
[1] "done_mu"
[1] "pi"
[1] "done_pi"
[1] "mu"
[1] "done_mu"
[1] "pi"
[1] "done_pi"
[1] 1.447355
[1] "iter: 358"
[1] "mu"
[1] "done_mu"
[1] "pi"
[1] "done_pi"
[1] "mu"
[1] "done_mu"
[1] "pi"
[1] "done_pi"
[1] 1.393743
[1] "iter: 359"
[1] "mu"
[1] "done_mu"
[1] "pi"
[1] "done_pi"
[1] "mu"
[1] "done_mu"
[1] "pi"
[1] "done_pi"
[1] 1.391755
[1] "iter: 360"
[1] "mu"
[1] "done_mu"
[1] "pi"
[1] "done_pi"
[1] "mu"
[1] "done_mu"
[1] "pi"
[1] "done_pi"
[1] 1.430465
[1] "iter: 361"
[1] "mu"
[1] "done_mu"
[1] "pi"
[1] "done_pi"
[1] "mu"
[1] "done_mu"
[1] "pi"
[1] "done_pi"
[1] 1.463737
[1] "iter: 362"
[1] "mu"
[1] "done_mu"
[1] "pi"
[1] "done_pi"
[1] "mu"
[1] "done_mu"
[1] "pi"
[1] "done_pi"
[1] 1.379354
[1] "iter: 363"
[1] "mu"
[1] "done_mu"
[1] "pi"
[1] "done_pi"
[1] "mu"
[1] "done_mu"
[1] "pi"
[1] "done_pi"
[1] 1.349601
[1] "iter: 364"
[1] "mu"
[1] "done_mu"
[1] "pi"
[1] "done_pi"
[1] "mu"
[1] "done_mu"
[1] "pi"
[1] "done_pi"
[1] 1.436079
[1] "iter: 365"
[1] "mu"
[1] "done_mu"
[1] "pi"
[1] "done_pi"
[1] "mu"
[1] "done_mu"
[1] "pi"
[1] "done_pi"
[1] 1.405316
[1] "iter: 366"
[1] "mu"
[1] "done_mu"
[1] "pi"
[1] "done_pi"
[1] "mu"
[1] "done_mu"
[1] "pi"
[1] "done_pi"
[1] 1.402444
[1] "iter: 367"
[1] "mu"
[1] "done_mu"
[1] "pi"
[1] "done_pi"
[1] "mu"
[1] "done_mu"
[1] "pi"
[1] "done_pi"
[1] 1.383205
[1] "iter: 368"
[1] "mu"
[1] "done_mu"
[1] "pi"
[1] "done_pi"
[1] "mu"
[1] "done_mu"
[1] "pi"
[1] "done_pi"
[1] 1.362437
[1] "iter: 369"
[1] "mu"
[1] "done_mu"
[1] "pi"
[1] "done_pi"
[1] "mu"
[1] "done_mu"
[1] "pi"
[1] "done_pi"
[1] 1.412079
[1] "iter: 370"
[1] "mu"
[1] "done_mu"
[1] "pi"
[1] "done_pi"
[1] "mu"
[1] "done_mu"
[1] "pi"
[1] "done_pi"
[1] 1.406689
[1] "iter: 371"
[1] "mu"
[1] "done_mu"
[1] "pi"
[1] "done_pi"
[1] "mu"
[1] "done_mu"
[1] "pi"
[1] "done_pi"
[1] 1.388128
[1] "iter: 372"
[1] "mu"
[1] "done_mu"
[1] "pi"
[1] "done_pi"
[1] "mu"
[1] "done_mu"
[1] "pi"
[1] "done_pi"
[1] 1.40152
[1] "iter: 373"
[1] "mu"
[1] "done_mu"
[1] "pi"
[1] "done_pi"
[1] "mu"
[1] "done_mu"
[1] "pi"
[1] "done_pi"
[1] 1.398291
[1] "iter: 374"
[1] "mu"
[1] "done_mu"
[1] "pi"
[1] "done_pi"
[1] "mu"
[1] "done_mu"
[1] "pi"
[1] "done_pi"
[1] 1.424892
[1] "iter: 375"
[1] "mu"
[1] "done_mu"
[1] "pi"
[1] "done_pi"
[1] "mu"
[1] "done_mu"
[1] "pi"
[1] "done_pi"
[1] 1.43712
[1] "iter: 376"
[1] "mu"
[1] "done_mu"
[1] "pi"
[1] "done_pi"
[1] "mu"
[1] "done_mu"
[1] "pi"
[1] "done_pi"
[1] 1.413347
[1] "iter: 377"
[1] "mu"
[1] "done_mu"
[1] "pi"
[1] "done_pi"
[1] "mu"
[1] "done_mu"
[1] "pi"
[1] "done_pi"
[1] 1.37679
[1] "iter: 378"
[1] "mu"
[1] "done_mu"
[1] "pi"
[1] "done_pi"
[1] "mu"
[1] "done_mu"
[1] "pi"
[1] "done_pi"
[1] 1.409515
[1] "iter: 379"
[1] "mu"
[1] "done_mu"
[1] "pi"
[1] "done_pi"
[1] "mu"
[1] "done_mu"
[1] "pi"
[1] "done_pi"
[1] 1.45289
[1] "iter: 380"
[1] "mu"
[1] "done_mu"
[1] "pi"
[1] "done_pi"
[1] "mu"
[1] "done_mu"
[1] "pi"
[1] "done_pi"
[1] 1.346555
[1] "iter: 381"
[1] "mu"
[1] "done_mu"
[1] "pi"
[1] "done_pi"
[1] "mu"
[1] "done_mu"
[1] "pi"
[1] "done_pi"
[1] 1.423759
[1] "iter: 382"
[1] "mu"
[1] "done_mu"
[1] "pi"
[1] "done_pi"
[1] "mu"
[1] "done_mu"
[1] "pi"
[1] "done_pi"
[1] 1.383801
[1] "iter: 383"
[1] "mu"
[1] "done_mu"
[1] "pi"
[1] "done_pi"
[1] "mu"
[1] "done_mu"
[1] "pi"
[1] "done_pi"
[1] 1.413492
[1] "iter: 384"
[1] "mu"
[1] "done_mu"
[1] "pi"
[1] "done_pi"
[1] "mu"
[1] "done_mu"
[1] "pi"
[1] "done_pi"
[1] 1.39997
[1] "iter: 385"
[1] "mu"
[1] "done_mu"
[1] "pi"
[1] "done_pi"
[1] "mu"
[1] "done_mu"
[1] "pi"
[1] "done_pi"
[1] 1.387361
[1] "iter: 386"
[1] "mu"
[1] "done_mu"
[1] "pi"
[1] "done_pi"
[1] "mu"
[1] "done_mu"
[1] "pi"
[1] "done_pi"
[1] 1.421383
[1] "iter: 387"
[1] "mu"
[1] "done_mu"
[1] "pi"
[1] "done_pi"
[1] "mu"
[1] "done_mu"
[1] "pi"
[1] "done_pi"
[1] 1.342983
[1] "iter: 388"
[1] "mu"
[1] "done_mu"
[1] "pi"
[1] "done_pi"
[1] "mu"
[1] "done_mu"
[1] "pi"
[1] "done_pi"
[1] 1.391685
[1] "iter: 389"
[1] "mu"
[1] "done_mu"
[1] "pi"
[1] "done_pi"
[1] "mu"
[1] "done_mu"
[1] "pi"
[1] "done_pi"
[1] 1.450396
[1] "iter: 390"
[1] "mu"
[1] "done_mu"
[1] "pi"
[1] "done_pi"
[1] "mu"
[1] "done_mu"
[1] "pi"
[1] "done_pi"
[1] 1.445342
[1] "iter: 391"
[1] "mu"
[1] "done_mu"
[1] "pi"
[1] "done_pi"
[1] "mu"
[1] "done_mu"
[1] "pi"
[1] "done_pi"
[1] 1.370451
[1] "iter: 392"
[1] "mu"
[1] "done_mu"
[1] "pi"
[1] "done_pi"
[1] "mu"
[1] "done_mu"
[1] "pi"
[1] "done_pi"
[1] 1.381744
[1] "iter: 393"
[1] "mu"
[1] "done_mu"
[1] "pi"
[1] "done_pi"
[1] "mu"
[1] "done_mu"
[1] "pi"
[1] "done_pi"
[1] 1.448421
[1] "iter: 394"
[1] "mu"
[1] "done_mu"
[1] "pi"
[1] "done_pi"
[1] "mu"
[1] "done_mu"
[1] "pi"
[1] "done_pi"
[1] 1.400003
[1] "iter: 395"
[1] "mu"
[1] "done_mu"
[1] "pi"
[1] "done_pi"
[1] "mu"
[1] "done_mu"
[1] "pi"
[1] "done_pi"
[1] 1.433503
[1] "iter: 396"
[1] "mu"
[1] "done_mu"
[1] "pi"
[1] "done_pi"
[1] "mu"
[1] "done_mu"
[1] "pi"
[1] "done_pi"
[1] 1.373173
[1] "iter: 397"
[1] "mu"
[1] "done_mu"
[1] "pi"
[1] "done_pi"
[1] "mu"
[1] "done_mu"
[1] "pi"
[1] "done_pi"
[1] 1.375076
[1] "iter: 398"
[1] "mu"
[1] "done_mu"
[1] "pi"
[1] "done_pi"
[1] "mu"
[1] "done_mu"
[1] "pi"
[1] "done_pi"
[1] 1.356798
[1] "iter: 399"
[1] "mu"
[1] "done_mu"
[1] "pi"
[1] "done_pi"
[1] "mu"
[1] "done_mu"
[1] "pi"
[1] "done_pi"
[1] 1.421983
[1] "iter: 400"
[1] "mu"
[1] "done_mu"
[1] "pi"
[1] "done_pi"
[1] "mu"
[1] "done_mu"
[1] "pi"
[1] "done_pi"
[1] 1.3759
[1] "iter: 401"
[1] "mu"
[1] "done_mu"
[1] "pi"
[1] "done_pi"
[1] "mu"
[1] "done_mu"
[1] "pi"
[1] "done_pi"
[1] 1.447355
[1] "iter: 402"
[1] "mu"
[1] "done_mu"
[1] "pi"
[1] "done_pi"
[1] "mu"
[1] "done_mu"
[1] "pi"
[1] "done_pi"
[1] 1.393743
[1] "iter: 403"
[1] "mu"
[1] "done_mu"
[1] "pi"
[1] "done_pi"
[1] "mu"
[1] "done_mu"
[1] "pi"
[1] "done_pi"
[1] 1.391755
[1] "iter: 404"
[1] "mu"
[1] "done_mu"
[1] "pi"
[1] "done_pi"
[1] "mu"
[1] "done_mu"
[1] "pi"
[1] "done_pi"
[1] 1.430465
[1] "iter: 405"
[1] "mu"
[1] "done_mu"
[1] "pi"
[1] "done_pi"
[1] "mu"
[1] "done_mu"
[1] "pi"
[1] "done_pi"
[1] 1.463737
[1] "iter: 406"
[1] "mu"
[1] "done_mu"
[1] "pi"
[1] "done_pi"
[1] "mu"
[1] "done_mu"
[1] "pi"
[1] "done_pi"
[1] 1.379354
[1] "iter: 407"
[1] "mu"
[1] "done_mu"
[1] "pi"
[1] "done_pi"
[1] "mu"
[1] "done_mu"
[1] "pi"
[1] "done_pi"
[1] 1.349601
[1] "iter: 408"
[1] "mu"
[1] "done_mu"
[1] "pi"
[1] "done_pi"
[1] "mu"
[1] "done_mu"
[1] "pi"
[1] "done_pi"
[1] 1.436079
[1] "iter: 409"
[1] "mu"
[1] "done_mu"
[1] "pi"
[1] "done_pi"
[1] "mu"
[1] "done_mu"
[1] "pi"
[1] "done_pi"
[1] 1.405316
[1] "iter: 410"
[1] "mu"
[1] "done_mu"
[1] "pi"
[1] "done_pi"
[1] "mu"
[1] "done_mu"
[1] "pi"
[1] "done_pi"
[1] 1.402444
[1] "iter: 411"
[1] "mu"
[1] "done_mu"
[1] "pi"
[1] "done_pi"
[1] "mu"
[1] "done_mu"
[1] "pi"
[1] "done_pi"
[1] 1.383205
[1] "iter: 412"
[1] "mu"
[1] "done_mu"
[1] "pi"
[1] "done_pi"
[1] "mu"
[1] "done_mu"
[1] "pi"
[1] "done_pi"
[1] 1.362437
[1] "iter: 413"
[1] "mu"
[1] "done_mu"
[1] "pi"
[1] "done_pi"
[1] "mu"
[1] "done_mu"
[1] "pi"
[1] "done_pi"
[1] 1.412079
[1] "iter: 414"
[1] "mu"
[1] "done_mu"
[1] "pi"
[1] "done_pi"
[1] "mu"
[1] "done_mu"
[1] "pi"
[1] "done_pi"
[1] 1.406689
[1] "iter: 415"
[1] "mu"
[1] "done_mu"
[1] "pi"
[1] "done_pi"
[1] "mu"
[1] "done_mu"
[1] "pi"
[1] "done_pi"
[1] 1.388128
[1] "iter: 416"
[1] "mu"
[1] "done_mu"
[1] "pi"
[1] "done_pi"
[1] "mu"
[1] "done_mu"
[1] "pi"
[1] "done_pi"
[1] 1.40152
[1] "iter: 417"
[1] "mu"
[1] "done_mu"
[1] "pi"
[1] "done_pi"
[1] "mu"
[1] "done_mu"
[1] "pi"
[1] "done_pi"
[1] 1.398291
[1] "iter: 418"
[1] "mu"
[1] "done_mu"
[1] "pi"
[1] "done_pi"
[1] "mu"
[1] "done_mu"
[1] "pi"
[1] "done_pi"
[1] 1.424892
[1] "iter: 419"
[1] "mu"
[1] "done_mu"
[1] "pi"
[1] "done_pi"
[1] "mu"
[1] "done_mu"
[1] "pi"
[1] "done_pi"
[1] 1.43712
[1] "iter: 420"
[1] "mu"
[1] "done_mu"
[1] "pi"
[1] "done_pi"
[1] "mu"
[1] "done_mu"
[1] "pi"
[1] "done_pi"
[1] 1.413347
[1] "iter: 421"
[1] "mu"
[1] "done_mu"
[1] "pi"
[1] "done_pi"
[1] "mu"
[1] "done_mu"
[1] "pi"
[1] "done_pi"
[1] 1.37679
[1] "iter: 422"
[1] "mu"
[1] "done_mu"
[1] "pi"
[1] "done_pi"
[1] "mu"
[1] "done_mu"
[1] "pi"
[1] "done_pi"
[1] 1.409515
[1] "iter: 423"
[1] "mu"
[1] "done_mu"
[1] "pi"
[1] "done_pi"
[1] "mu"
[1] "done_mu"
[1] "pi"
[1] "done_pi"
[1] 1.45289
[1] "iter: 424"
[1] "mu"
[1] "done_mu"
[1] "pi"
[1] "done_pi"
[1] "mu"
[1] "done_mu"
[1] "pi"
[1] "done_pi"
[1] 1.346555
[1] "iter: 425"
[1] "mu"
[1] "done_mu"
[1] "pi"
[1] "done_pi"
[1] "mu"
[1] "done_mu"
[1] "pi"
[1] "done_pi"
[1] 1.423759
[1] "iter: 426"
[1] "mu"
[1] "done_mu"
[1] "pi"
[1] "done_pi"
[1] "mu"
[1] "done_mu"
[1] "pi"
[1] "done_pi"
[1] 1.383801
[1] "iter: 427"
[1] "mu"
[1] "done_mu"
[1] "pi"
[1] "done_pi"
[1] "mu"
[1] "done_mu"
[1] "pi"
[1] "done_pi"
[1] 1.413492
[1] "iter: 428"
[1] "mu"
[1] "done_mu"
[1] "pi"
[1] "done_pi"
[1] "mu"
[1] "done_mu"
[1] "pi"
[1] "done_pi"
[1] 1.39997
[1] "iter: 429"
[1] "mu"
[1] "done_mu"
[1] "pi"
[1] "done_pi"
[1] "mu"
[1] "done_mu"
[1] "pi"
[1] "done_pi"
[1] 1.387361
[1] "iter: 430"
[1] "mu"
[1] "done_mu"
[1] "pi"
[1] "done_pi"
[1] "mu"
[1] "done_mu"
[1] "pi"
[1] "done_pi"
[1] 1.421383
[1] "iter: 431"
[1] "mu"
[1] "done_mu"
[1] "pi"
[1] "done_pi"
[1] "mu"
[1] "done_mu"
[1] "pi"
[1] "done_pi"
[1] 1.342983
[1] "iter: 432"
[1] "mu"
[1] "done_mu"
[1] "pi"
[1] "done_pi"
[1] "mu"
[1] "done_mu"
[1] "pi"
[1] "done_pi"
[1] 1.391685
[1] "iter: 433"
[1] "mu"
[1] "done_mu"
[1] "pi"
[1] "done_pi"
[1] "mu"
[1] "done_mu"
[1] "pi"
[1] "done_pi"
[1] 1.450396
[1] "iter: 434"
[1] "mu"
[1] "done_mu"
[1] "pi"
[1] "done_pi"
[1] "mu"
[1] "done_mu"
[1] "pi"
[1] "done_pi"
[1] 1.445342
[1] "iter: 435"
[1] "mu"
[1] "done_mu"
[1] "pi"
[1] "done_pi"
[1] "mu"
[1] "done_mu"
[1] "pi"
[1] "done_pi"
[1] 1.370451
[1] "iter: 436"
[1] "mu"
[1] "done_mu"
[1] "pi"
[1] "done_pi"
[1] "mu"
[1] "done_mu"
[1] "pi"
[1] "done_pi"
[1] 1.381744
[1] "iter: 437"
[1] "mu"
[1] "done_mu"
[1] "pi"
[1] "done_pi"
[1] "mu"
[1] "done_mu"
[1] "pi"
[1] "done_pi"
[1] 1.448421
[1] "iter: 438"
[1] "mu"
[1] "done_mu"
[1] "pi"
[1] "done_pi"
[1] "mu"
[1] "done_mu"
[1] "pi"
[1] "done_pi"
[1] 1.400003
[1] "iter: 439"
[1] "mu"
[1] "done_mu"
[1] "pi"
[1] "done_pi"
[1] "mu"
[1] "done_mu"
[1] "pi"
[1] "done_pi"
[1] 1.433503
[1] "iter: 440"
[1] "mu"
[1] "done_mu"
[1] "pi"
[1] "done_pi"
[1] "mu"
[1] "done_mu"
[1] "pi"
[1] "done_pi"
[1] 1.373173
[1] "iter: 441"
[1] "mu"
[1] "done_mu"
[1] "pi"
[1] "done_pi"
[1] "mu"
[1] "done_mu"
[1] "pi"
[1] "done_pi"
[1] 1.375076
[1] "iter: 442"
[1] "mu"
[1] "done_mu"
[1] "pi"
[1] "done_pi"
[1] "mu"
[1] "done_mu"
[1] "pi"
[1] "done_pi"
[1] 1.356798
[1] "iter: 443"
[1] "mu"
[1] "done_mu"
[1] "pi"
[1] "done_pi"
[1] "mu"
[1] "done_mu"
[1] "pi"
[1] "done_pi"
[1] 1.421983
[1] "iter: 444"
[1] "mu"
[1] "done_mu"
[1] "pi"
[1] "done_pi"
[1] "mu"
[1] "done_mu"
[1] "pi"
[1] "done_pi"
[1] 1.3759
[1] "iter: 445"
[1] "mu"
[1] "done_mu"
[1] "pi"
[1] "done_pi"
[1] "mu"
[1] "done_mu"
[1] "pi"
[1] "done_pi"
[1] 1.447355
[1] "iter: 446"
[1] "mu"
[1] "done_mu"
[1] "pi"
[1] "done_pi"
[1] "mu"
[1] "done_mu"
[1] "pi"
[1] "done_pi"
[1] 1.393743
[1] "iter: 447"
[1] "mu"
[1] "done_mu"
[1] "pi"
[1] "done_pi"
[1] "mu"
[1] "done_mu"
[1] "pi"
[1] "done_pi"
[1] 1.391755
[1] "iter: 448"
[1] "mu"
[1] "done_mu"
[1] "pi"
[1] "done_pi"
[1] "mu"
[1] "done_mu"
[1] "pi"
[1] "done_pi"
[1] 1.430465
[1] "iter: 449"
[1] "mu"
[1] "done_mu"
[1] "pi"
[1] "done_pi"
[1] "mu"
[1] "done_mu"
[1] "pi"
[1] "done_pi"
[1] 1.463737
[1] "iter: 450"
[1] "mu"
[1] "done_mu"
[1] "pi"
[1] "done_pi"
[1] "mu"
[1] "done_mu"
[1] "pi"
[1] "done_pi"
[1] 1.379354
[1] "iter: 451"
[1] "mu"
[1] "done_mu"
[1] "pi"
[1] "done_pi"
[1] "mu"
[1] "done_mu"
[1] "pi"
[1] "done_pi"
[1] 1.349601
[1] "iter: 452"
[1] "mu"
[1] "done_mu"
[1] "pi"
[1] "done_pi"
[1] "mu"
[1] "done_mu"
[1] "pi"
[1] "done_pi"
[1] 1.436079
[1] "iter: 453"
[1] "mu"
[1] "done_mu"
[1] "pi"
[1] "done_pi"
[1] "mu"
[1] "done_mu"
[1] "pi"
[1] "done_pi"
[1] 1.405316
[1] "iter: 454"
[1] "mu"
[1] "done_mu"
[1] "pi"
[1] "done_pi"
[1] "mu"
[1] "done_mu"
[1] "pi"
[1] "done_pi"
[1] 1.402444
[1] "iter: 455"
[1] "mu"
[1] "done_mu"
[1] "pi"
[1] "done_pi"
[1] "mu"
[1] "done_mu"
[1] "pi"
[1] "done_pi"
[1] 1.383205
[1] "iter: 456"
[1] "mu"
[1] "done_mu"
[1] "pi"
[1] "done_pi"
[1] "mu"
[1] "done_mu"
[1] "pi"
[1] "done_pi"
[1] 1.362437
[1] "iter: 457"
[1] "mu"
[1] "done_mu"
[1] "pi"
[1] "done_pi"
[1] "mu"
[1] "done_mu"
[1] "pi"
[1] "done_pi"
[1] 1.412079
[1] "iter: 458"
[1] "mu"
[1] "done_mu"
[1] "pi"
[1] "done_pi"
[1] "mu"
[1] "done_mu"
[1] "pi"
[1] "done_pi"
[1] 1.406689
[1] "iter: 459"
[1] "mu"
[1] "done_mu"
[1] "pi"
[1] "done_pi"
[1] "mu"
[1] "done_mu"
[1] "pi"
[1] "done_pi"
[1] 1.388128
[1] "iter: 460"
[1] "mu"
[1] "done_mu"
[1] "pi"
[1] "done_pi"
[1] "mu"
[1] "done_mu"
[1] "pi"
[1] "done_pi"
[1] 1.40152
[1] "iter: 461"
[1] "mu"
[1] "done_mu"
[1] "pi"
[1] "done_pi"
[1] "mu"
[1] "done_mu"
[1] "pi"
[1] "done_pi"
[1] 1.398291
[1] "iter: 462"
[1] "mu"
[1] "done_mu"
[1] "pi"
[1] "done_pi"
[1] "mu"
[1] "done_mu"
[1] "pi"
[1] "done_pi"
[1] 1.424892
[1] "iter: 463"
[1] "mu"
[1] "done_mu"
[1] "pi"
[1] "done_pi"
[1] "mu"
[1] "done_mu"
[1] "pi"
[1] "done_pi"
[1] 1.43712
[1] "iter: 464"
[1] "mu"
[1] "done_mu"
[1] "pi"
[1] "done_pi"
[1] "mu"
[1] "done_mu"
[1] "pi"
[1] "done_pi"
[1] 1.413347
[1] "iter: 465"
[1] "mu"
[1] "done_mu"
[1] "pi"
[1] "done_pi"
[1] "mu"
[1] "done_mu"
[1] "pi"
[1] "done_pi"
[1] 1.37679
[1] "iter: 466"
[1] "mu"
[1] "done_mu"
[1] "pi"
[1] "done_pi"
[1] "mu"
[1] "done_mu"
[1] "pi"
[1] "done_pi"
[1] 1.409515
[1] "iter: 467"
[1] "mu"
[1] "done_mu"
[1] "pi"
[1] "done_pi"
[1] "mu"
[1] "done_mu"
[1] "pi"
[1] "done_pi"
[1] 1.45289
[1] "iter: 468"
[1] "mu"
[1] "done_mu"
[1] "pi"
[1] "done_pi"
[1] "mu"
[1] "done_mu"
[1] "pi"
[1] "done_pi"
[1] 1.346555
[1] "iter: 469"
[1] "mu"
[1] "done_mu"
[1] "pi"
[1] "done_pi"
[1] "mu"
[1] "done_mu"
[1] "pi"
[1] "done_pi"
[1] 1.423759
[1] "iter: 470"
[1] "mu"
[1] "done_mu"
[1] "pi"
[1] "done_pi"
[1] "mu"
[1] "done_mu"
[1] "pi"
[1] "done_pi"
[1] 1.383801
[1] "iter: 471"
[1] "mu"
[1] "done_mu"
[1] "pi"
[1] "done_pi"
[1] "mu"
[1] "done_mu"
[1] "pi"
[1] "done_pi"
[1] 1.413492
[1] "iter: 472"
[1] "mu"
[1] "done_mu"
[1] "pi"
[1] "done_pi"
[1] "mu"
[1] "done_mu"
[1] "pi"
[1] "done_pi"
[1] 1.39997
[1] "iter: 473"
[1] "mu"
[1] "done_mu"
[1] "pi"
[1] "done_pi"
[1] "mu"
[1] "done_mu"
[1] "pi"
[1] "done_pi"
[1] 1.387361
[1] "iter: 474"
[1] "mu"
[1] "done_mu"
[1] "pi"
[1] "done_pi"
[1] "mu"
[1] "done_mu"
[1] "pi"
[1] "done_pi"
[1] 1.421383
[1] "iter: 475"
[1] "mu"
[1] "done_mu"
[1] "pi"
[1] "done_pi"
[1] "mu"
[1] "done_mu"
[1] "pi"
[1] "done_pi"
[1] 1.342983
[1] "iter: 476"
[1] "mu"
[1] "done_mu"
[1] "pi"
[1] "done_pi"
[1] "mu"
[1] "done_mu"
[1] "pi"
[1] "done_pi"
[1] 1.391685
[1] "iter: 477"
[1] "mu"
[1] "done_mu"
[1] "pi"
[1] "done_pi"
[1] "mu"
[1] "done_mu"
[1] "pi"
[1] "done_pi"
[1] 1.450396
[1] "iter: 478"
[1] "mu"
[1] "done_mu"
[1] "pi"
[1] "done_pi"
[1] "mu"
[1] "done_mu"
[1] "pi"
[1] "done_pi"
[1] 1.445342
[1] "iter: 479"
[1] "mu"
[1] "done_mu"
[1] "pi"
[1] "done_pi"
[1] "mu"
[1] "done_mu"
[1] "pi"
[1] "done_pi"
[1] 1.370451
[1] "iter: 480"
[1] "mu"
[1] "done_mu"
[1] "pi"
[1] "done_pi"
[1] "mu"
[1] "done_mu"
[1] "pi"
[1] "done_pi"
[1] 1.381744
[1] "iter: 481"
[1] "mu"
[1] "done_mu"
[1] "pi"
[1] "done_pi"
[1] "mu"
[1] "done_mu"
[1] "pi"
[1] "done_pi"
[1] 1.448421
[1] "iter: 482"
[1] "mu"
[1] "done_mu"
[1] "pi"
[1] "done_pi"
[1] "mu"
[1] "done_mu"
[1] "pi"
[1] "done_pi"
[1] 1.400003
[1] "iter: 483"
[1] "mu"
[1] "done_mu"
[1] "pi"
[1] "done_pi"
[1] "mu"
[1] "done_mu"
[1] "pi"
[1] "done_pi"
[1] 1.433503
[1] "iter: 484"
[1] "mu"
[1] "done_mu"
[1] "pi"
[1] "done_pi"
[1] "mu"
[1] "done_mu"
[1] "pi"
[1] "done_pi"
[1] 1.373173
[1] "iter: 485"
[1] "mu"
[1] "done_mu"
[1] "pi"
[1] "done_pi"
[1] "mu"
[1] "done_mu"
[1] "pi"
[1] "done_pi"
[1] 1.375076
[1] "iter: 486"
[1] "mu"
[1] "done_mu"
[1] "pi"
[1] "done_pi"
[1] "mu"
[1] "done_mu"
[1] "pi"
[1] "done_pi"
[1] 1.356798
[1] "iter: 487"
[1] "mu"
[1] "done_mu"
[1] "pi"
[1] "done_pi"
[1] "mu"
[1] "done_mu"
[1] "pi"
[1] "done_pi"
[1] 1.421983
[1] "iter: 488"
[1] "mu"
[1] "done_mu"
[1] "pi"
[1] "done_pi"
[1] "mu"
[1] "done_mu"
[1] "pi"
[1] "done_pi"
[1] 1.3759
[1] "iter: 489"
[1] "mu"
[1] "done_mu"
[1] "pi"
[1] "done_pi"
[1] "mu"
[1] "done_mu"
[1] "pi"
[1] "done_pi"
[1] 1.447355
[1] "iter: 490"
[1] "mu"
[1] "done_mu"
[1] "pi"
[1] "done_pi"
[1] "mu"
[1] "done_mu"
[1] "pi"
[1] "done_pi"
[1] 1.393743
[1] "iter: 491"
[1] "mu"
[1] "done_mu"
[1] "pi"
[1] "done_pi"
[1] "mu"
[1] "done_mu"
[1] "pi"
[1] "done_pi"
[1] 1.391755
[1] "iter: 492"
[1] "mu"
[1] "done_mu"
[1] "pi"
[1] "done_pi"
[1] "mu"
[1] "done_mu"
[1] "pi"
[1] "done_pi"
[1] 1.430465
[1] "iter: 493"
[1] "mu"
[1] "done_mu"
[1] "pi"
[1] "done_pi"
[1] "mu"
[1] "done_mu"
[1] "pi"
[1] "done_pi"
[1] 1.463737
[1] "iter: 494"
[1] "mu"
[1] "done_mu"
[1] "pi"
[1] "done_pi"
[1] "mu"
[1] "done_mu"
[1] "pi"
[1] "done_pi"
[1] 1.379354
[1] "iter: 495"
[1] "mu"
[1] "done_mu"
[1] "pi"
[1] "done_pi"
[1] "mu"
[1] "done_mu"
[1] "pi"
[1] "done_pi"
[1] 1.349601
[1] "iter: 496"
[1] "mu"
[1] "done_mu"
[1] "pi"
[1] "done_pi"
[1] "mu"
[1] "done_mu"
[1] "pi"
[1] "done_pi"
[1] 1.436079
[1] "iter: 497"
[1] "mu"
[1] "done_mu"
[1] "pi"
[1] "done_pi"
[1] "mu"
[1] "done_mu"
[1] "pi"
[1] "done_pi"
[1] 1.405316
[1] "iter: 498"
[1] "mu"
[1] "done_mu"
[1] "pi"
[1] "done_pi"
[1] "mu"
[1] "done_mu"
[1] "pi"
[1] "done_pi"
[1] 1.402444
[1] "iter: 499"
[1] "mu"
[1] "done_mu"
[1] "pi"
[1] "done_pi"
[1] "mu"
[1] "done_mu"
[1] "pi"
[1] "done_pi"
[1] 1.383205
[1] "iter: 500"
[1] "mu"
[1] "done_mu"
[1] "pi"
[1] "done_pi"
[1] "mu"
[1] "done_mu"
[1] "pi"
[1] "done_pi"
[1] 1.362437
      estimate  CI_left CI_right misp estimator iter
   1: 1.370943 1.314361 1.432514    1     auDRI    1
   2: 1.364217 1.306565 1.421870    1      AIPW    1
   3: 1.392674 1.299661 1.485002    2     auDRI    1
   4: 1.467972 1.317176 1.618767    2      AIPW    1
   5: 1.385249 1.325591 1.442762    3     auDRI    1
  ---                                               
3996: 1.402873 1.240983 1.564763    2      AIPW  500
3997: 1.379248 1.314540 1.443658    3     auDRI  500
3998: 1.369919 1.314453 1.425384    3      AIPW  500
3999: 2.192098 2.091999 2.293990    4     auDRI  500
4000: 2.432358 2.323411 2.541305    4      AIPW  500
