LOADING R
R LOADED
[1] "/home/lvanderl/Rlibs2"                         
[2] "/app/software/R/4.3.1-gfbf-2022b/lib/R/library"
[1] "/home/lvanderl/sieveSims"
[1] "iter: 1"
[1] "mu"
[1] "done_mu"
[1] "pi"
[1] "done_pi"
[1] "mu"
[1] "done_mu"
[1] "pi"
[1] "done_pi"
[1] 1.368815
[1] "iter: 2"
[1] "mu"
[1] "done_mu"
[1] "pi"
[1] "done_pi"
[1] "mu"
[1] "done_mu"
[1] "pi"
[1] "done_pi"
[1] 1.425809
[1] "iter: 3"
[1] "mu"
[1] "done_mu"
[1] "pi"
[1] "done_pi"
[1] "mu"
[1] "done_mu"
[1] "pi"
[1] "done_pi"
[1] 1.369133
[1] "iter: 4"
[1] "mu"
[1] "done_mu"
[1] "pi"
[1] "done_pi"
[1] "mu"
[1] "done_mu"
[1] "pi"
[1] "done_pi"
[1] 1.365755
[1] "iter: 5"
[1] "mu"
[1] "done_mu"
[1] "pi"
[1] "done_pi"
[1] "mu"
[1] "done_mu"
[1] "pi"
[1] "done_pi"
[1] 1.361944
[1] "iter: 6"
[1] "mu"
[1] "done_mu"
[1] "pi"
[1] "done_pi"
[1] "mu"
[1] "done_mu"
[1] "pi"
[1] "done_pi"
[1] 1.395497
[1] "iter: 7"
[1] "mu"
[1] "done_mu"
[1] "pi"
[1] "done_pi"
[1] "mu"
[1] "done_mu"
[1] "pi"
[1] "done_pi"
[1] 1.295494
[1] "iter: 8"
[1] "mu"
[1] "done_mu"
[1] "pi"
[1] "done_pi"
[1] "mu"
[1] "done_mu"
[1] "pi"
[1] "done_pi"
[1] 1.389527
[1] "iter: 9"
[1] "mu"
[1] "done_mu"
[1] "pi"
[1] "done_pi"
[1] "mu"
[1] "done_mu"
[1] "pi"
[1] "done_pi"
[1] 1.362556
[1] "iter: 10"
[1] "mu"
[1] "done_mu"
[1] "pi"
[1] "done_pi"
[1] "mu"
[1] "done_mu"
[1] "pi"
[1] "done_pi"
[1] 1.411239
[1] "iter: 11"
[1] "mu"
[1] "done_mu"
[1] "pi"
[1] "done_pi"
[1] "mu"
[1] "done_mu"
[1] "pi"
[1] "done_pi"
[1] 1.404651
[1] "iter: 12"
[1] "mu"
[1] "done_mu"
[1] "pi"
[1] "done_pi"
[1] "mu"
[1] "done_mu"
[1] "pi"
[1] "done_pi"
[1] 1.422836
[1] "iter: 13"
[1] "mu"
[1] "done_mu"
[1] "pi"
[1] "done_pi"
[1] "mu"
[1] "done_mu"
[1] "pi"
[1] "done_pi"
[1] 1.403156
[1] "iter: 14"
[1] "mu"
[1] "done_mu"
[1] "pi"
[1] "done_pi"
[1] "mu"
[1] "done_mu"
[1] "pi"
[1] "done_pi"
[1] 1.367458
[1] "iter: 15"
[1] "mu"
[1] "done_mu"
[1] "pi"
[1] "done_pi"
[1] "mu"
[1] "done_mu"
[1] "pi"
[1] "done_pi"
[1] 1.37745
[1] "iter: 16"
[1] "mu"
[1] "done_mu"
[1] "pi"
[1] "done_pi"
[1] "mu"
[1] "done_mu"
[1] "pi"
[1] "done_pi"
[1] 1.410637
[1] "iter: 17"
[1] "mu"
[1] "done_mu"
[1] "pi"
[1] "done_pi"
[1] "mu"
[1] "done_mu"
[1] "pi"
[1] "done_pi"
[1] 1.3444
[1] "iter: 18"
[1] "mu"
[1] "done_mu"
[1] "pi"
[1] "done_pi"
[1] "mu"
[1] "done_mu"
[1] "pi"
[1] "done_pi"
[1] 1.361681
[1] "iter: 19"
[1] "mu"
[1] "done_mu"
[1] "pi"
[1] "done_pi"
[1] "mu"
[1] "done_mu"
[1] "pi"
[1] "done_pi"
[1] 1.392788
[1] "iter: 20"
[1] "mu"
[1] "done_mu"
[1] "pi"
[1] "done_pi"
[1] "mu"
[1] "done_mu"
[1] "pi"
[1] "done_pi"
[1] 1.322294
[1] "iter: 21"
[1] "mu"
[1] "done_mu"
[1] "pi"
[1] "done_pi"
[1] "mu"
[1] "done_mu"
[1] "pi"
[1] "done_pi"
[1] 1.381874
[1] "iter: 22"
[1] "mu"
[1] "done_mu"
[1] "pi"
[1] "done_pi"
[1] "mu"
[1] "done_mu"
[1] "pi"
[1] "done_pi"
[1] 1.397705
[1] "iter: 23"
[1] "mu"
[1] "done_mu"
[1] "pi"
[1] "done_pi"
[1] "mu"
[1] "done_mu"
[1] "pi"
[1] "done_pi"
[1] 1.419655
[1] "iter: 24"
[1] "mu"
[1] "done_mu"
[1] "pi"
[1] "done_pi"
[1] "mu"
[1] "done_mu"
[1] "pi"
[1] "done_pi"
[1] 1.385216
[1] "iter: 25"
[1] "mu"
[1] "done_mu"
[1] "pi"
[1] "done_pi"
[1] "mu"
[1] "done_mu"
[1] "pi"
[1] "done_pi"
[1] 1.382794
[1] "iter: 26"
[1] "mu"
[1] "done_mu"
[1] "pi"
[1] "done_pi"
[1] "mu"
[1] "done_mu"
[1] "pi"
[1] "done_pi"
[1] 1.38435
[1] "iter: 27"
[1] "mu"
[1] "done_mu"
[1] "pi"
[1] "done_pi"
[1] "mu"
[1] "done_mu"
[1] "pi"
[1] "done_pi"
[1] 1.404191
[1] "iter: 28"
[1] "mu"
[1] "done_mu"
[1] "pi"
[1] "done_pi"
[1] "mu"
[1] "done_mu"
[1] "pi"
[1] "done_pi"
[1] 1.353785
[1] "iter: 29"
[1] "mu"
[1] "done_mu"
[1] "pi"
[1] "done_pi"
[1] "mu"
[1] "done_mu"
[1] "pi"
[1] "done_pi"
[1] 1.367722
[1] "iter: 30"
[1] "mu"
[1] "done_mu"
[1] "pi"
[1] "done_pi"
[1] "mu"
[1] "done_mu"
[1] "pi"
[1] "done_pi"
[1] 1.406163
[1] "iter: 31"
[1] "mu"
[1] "done_mu"
[1] "pi"
[1] "done_pi"
[1] "mu"
[1] "done_mu"
[1] "pi"
[1] "done_pi"
[1] 1.379162
[1] "iter: 32"
[1] "mu"
[1] "done_mu"
[1] "pi"
[1] "done_pi"
[1] "mu"
[1] "done_mu"
[1] "pi"
[1] "done_pi"
[1] 1.380175
[1] "iter: 33"
[1] "mu"
[1] "done_mu"
[1] "pi"
[1] "done_pi"
[1] "mu"
[1] "done_mu"
[1] "pi"
[1] "done_pi"
[1] 1.335951
[1] "iter: 34"
[1] "mu"
[1] "done_mu"
[1] "pi"
[1] "done_pi"
[1] "mu"
[1] "done_mu"
[1] "pi"
[1] "done_pi"
[1] 1.374
[1] "iter: 35"
[1] "mu"
[1] "done_mu"
[1] "pi"
[1] "done_pi"
[1] "mu"
[1] "done_mu"
[1] "pi"
[1] "done_pi"
[1] 1.370274
[1] "iter: 36"
[1] "mu"
[1] "done_mu"
[1] "pi"
[1] "done_pi"
[1] "mu"
[1] "done_mu"
[1] "pi"
[1] "done_pi"
[1] 1.401474
[1] "iter: 37"
[1] "mu"
[1] "done_mu"
[1] "pi"
[1] "done_pi"
[1] "mu"
[1] "done_mu"
[1] "pi"
[1] "done_pi"
[1] 1.422445
[1] "iter: 38"
[1] "mu"
[1] "done_mu"
[1] "pi"
[1] "done_pi"
[1] "mu"
[1] "done_mu"
[1] "pi"
[1] "done_pi"
[1] 1.398153
[1] "iter: 39"
[1] "mu"
[1] "done_mu"
[1] "pi"
[1] "done_pi"
[1] "mu"
[1] "done_mu"
[1] "pi"
[1] "done_pi"
[1] 1.353991
[1] "iter: 40"
[1] "mu"
[1] "done_mu"
[1] "pi"
[1] "done_pi"
[1] "mu"
[1] "done_mu"
[1] "pi"
[1] "done_pi"
[1] 1.420998
[1] "iter: 41"
[1] "mu"
[1] "done_mu"
[1] "pi"
[1] "done_pi"
[1] "mu"
[1] "done_mu"
[1] "pi"
[1] "done_pi"
[1] 1.381295
[1] "iter: 42"
[1] "mu"
[1] "done_mu"
[1] "pi"
[1] "done_pi"
[1] "mu"
[1] "done_mu"
[1] "pi"
[1] "done_pi"
[1] 1.397143
[1] "iter: 43"
[1] "mu"
[1] "done_mu"
[1] "pi"
[1] "done_pi"
[1] "mu"
[1] "done_mu"
[1] "pi"
[1] "done_pi"
[1] 1.36713
[1] "iter: 44"
[1] "mu"
[1] "done_mu"
[1] "pi"
[1] "done_pi"
[1] "mu"
[1] "done_mu"
[1] "pi"
[1] "done_pi"
[1] 1.341063
[1] "iter: 45"
[1] "mu"
[1] "done_mu"
[1] "pi"
[1] "done_pi"
[1] "mu"
[1] "done_mu"
[1] "pi"
[1] "done_pi"
[1] 1.380366
[1] "iter: 46"
[1] "mu"
[1] "done_mu"
[1] "pi"
[1] "done_pi"
[1] "mu"
[1] "done_mu"
[1] "pi"
[1] "done_pi"
[1] 1.409616
[1] "iter: 47"
[1] "mu"
[1] "done_mu"
[1] "pi"
[1] "done_pi"
[1] "mu"
[1] "done_mu"
[1] "pi"
[1] "done_pi"
[1] 1.346633
[1] "iter: 48"
[1] "mu"
[1] "done_mu"
[1] "pi"
[1] "done_pi"
[1] "mu"
[1] "done_mu"
[1] "pi"
[1] "done_pi"
[1] 1.395882
[1] "iter: 49"
[1] "mu"
[1] "done_mu"
[1] "pi"
[1] "done_pi"
[1] "mu"
[1] "done_mu"
[1] "pi"
[1] "done_pi"
[1] 1.442197
[1] "iter: 50"
[1] "mu"
[1] "done_mu"
[1] "pi"
[1] "done_pi"
[1] "mu"
[1] "done_mu"
[1] "pi"
[1] "done_pi"
[1] 1.397448
[1] "iter: 51"
[1] "mu"
[1] "done_mu"
[1] "pi"
[1] "done_pi"
[1] "mu"
[1] "done_mu"
[1] "pi"
[1] "done_pi"
[1] 1.403123
[1] "iter: 52"
[1] "mu"
[1] "done_mu"
[1] "pi"
[1] "done_pi"
[1] "mu"
[1] "done_mu"
[1] "pi"
[1] "done_pi"
[1] 1.357671
[1] "iter: 53"
[1] "mu"
[1] "done_mu"
[1] "pi"
[1] "done_pi"
[1] "mu"
[1] "done_mu"
[1] "pi"
[1] "done_pi"
[1] 1.364338
[1] "iter: 54"
[1] "mu"
[1] "done_mu"
[1] "pi"
[1] "done_pi"
[1] "mu"
[1] "done_mu"
[1] "pi"
[1] "done_pi"
[1] 1.399705
[1] "iter: 55"
[1] "mu"
[1] "done_mu"
[1] "pi"
[1] "done_pi"
[1] "mu"
[1] "done_mu"
[1] "pi"
[1] "done_pi"
[1] 1.371682
[1] "iter: 56"
[1] "mu"
[1] "done_mu"
[1] "pi"
[1] "done_pi"
[1] "mu"
[1] "done_mu"
[1] "pi"
[1] "done_pi"
[1] 1.41618
[1] "iter: 57"
[1] "mu"
[1] "done_mu"
[1] "pi"
[1] "done_pi"
[1] "mu"
[1] "done_mu"
[1] "pi"
[1] "done_pi"
[1] 1.346853
[1] "iter: 58"
[1] "mu"
[1] "done_mu"
[1] "pi"
[1] "done_pi"
[1] "mu"
[1] "done_mu"
[1] "pi"
[1] "done_pi"
[1] 1.416252
[1] "iter: 59"
[1] "mu"
[1] "done_mu"
[1] "pi"
[1] "done_pi"
[1] "mu"
[1] "done_mu"
[1] "pi"
[1] "done_pi"
[1] 1.439578
[1] "iter: 60"
[1] "mu"
[1] "done_mu"
[1] "pi"
[1] "done_pi"
[1] "mu"
[1] "done_mu"
[1] "pi"
[1] "done_pi"
[1] 1.394883
[1] "iter: 61"
[1] "mu"
[1] "done_mu"
[1] "pi"
[1] "done_pi"
[1] "mu"
[1] "done_mu"
[1] "pi"
[1] "done_pi"
[1] 1.373105
[1] "iter: 62"
[1] "mu"
[1] "done_mu"
[1] "pi"
[1] "done_pi"
[1] "mu"
[1] "done_mu"
[1] "pi"
[1] "done_pi"
[1] 1.428899
[1] "iter: 63"
[1] "mu"
[1] "done_mu"
[1] "pi"
[1] "done_pi"
[1] "mu"
[1] "done_mu"
[1] "pi"
[1] "done_pi"
[1] 1.435919
[1] "iter: 64"
[1] "mu"
[1] "done_mu"
[1] "pi"
[1] "done_pi"
[1] "mu"
[1] "done_mu"
[1] "pi"
[1] "done_pi"
[1] 1.364627
[1] "iter: 65"
[1] "mu"
[1] "done_mu"
[1] "pi"
[1] "done_pi"
[1] "mu"
[1] "done_mu"
[1] "pi"
[1] "done_pi"
[1] 1.353872
[1] "iter: 66"
[1] "mu"
[1] "done_mu"
[1] "pi"
[1] "done_pi"
[1] "mu"
[1] "done_mu"
[1] "pi"
[1] "done_pi"
[1] 1.386
[1] "iter: 67"
[1] "mu"
[1] "done_mu"
[1] "pi"
[1] "done_pi"
[1] "mu"
[1] "done_mu"
[1] "pi"
[1] "done_pi"
[1] 1.41314
[1] "iter: 68"
[1] "mu"
[1] "done_mu"
[1] "pi"
[1] "done_pi"
[1] "mu"
[1] "done_mu"
[1] "pi"
[1] "done_pi"
[1] 1.394209
[1] "iter: 69"
[1] "mu"
[1] "done_mu"
[1] "pi"
[1] "done_pi"
[1] "mu"
[1] "done_mu"
[1] "pi"
[1] "done_pi"
[1] 1.403557
[1] "iter: 70"
[1] "mu"
[1] "done_mu"
[1] "pi"
[1] "done_pi"
[1] "mu"
[1] "done_mu"
[1] "pi"
[1] "done_pi"
[1] 1.33862
[1] "iter: 71"
[1] "mu"
[1] "done_mu"
[1] "pi"
[1] "done_pi"
[1] "mu"
[1] "done_mu"
[1] "pi"
[1] "done_pi"
[1] 1.365111
[1] "iter: 72"
[1] "mu"
[1] "done_mu"
[1] "pi"
[1] "done_pi"
[1] "mu"
[1] "done_mu"
[1] "pi"
[1] "done_pi"
[1] 1.337251
[1] "iter: 73"
[1] "mu"
[1] "done_mu"
[1] "pi"
[1] "done_pi"
[1] "mu"
[1] "done_mu"
[1] "pi"
[1] "done_pi"
[1] 1.420465
[1] "iter: 74"
[1] "mu"
[1] "done_mu"
[1] "pi"
[1] "done_pi"
[1] "mu"
[1] "done_mu"
[1] "pi"
[1] "done_pi"
[1] 1.417591
[1] "iter: 75"
[1] "mu"
[1] "done_mu"
[1] "pi"
[1] "done_pi"
[1] "mu"
[1] "done_mu"
[1] "pi"
[1] "done_pi"
[1] 1.413675
[1] "iter: 76"
[1] "mu"
[1] "done_mu"
[1] "pi"
[1] "done_pi"
[1] "mu"
[1] "done_mu"
[1] "pi"
[1] "done_pi"
[1] 1.408016
[1] "iter: 77"
[1] "mu"
[1] "done_mu"
[1] "pi"
[1] "done_pi"
[1] "mu"
[1] "done_mu"
[1] "pi"
[1] "done_pi"
[1] 1.390307
[1] "iter: 78"
[1] "mu"
[1] "done_mu"
[1] "pi"
[1] "done_pi"
[1] "mu"
[1] "done_mu"
[1] "pi"
[1] "done_pi"
[1] 1.356857
[1] "iter: 79"
[1] "mu"
[1] "done_mu"
[1] "pi"
[1] "done_pi"
[1] "mu"
[1] "done_mu"
[1] "pi"
[1] "done_pi"
[1] 1.385448
[1] "iter: 80"
[1] "mu"
[1] "done_mu"
[1] "pi"
[1] "done_pi"
[1] "mu"
[1] "done_mu"
[1] "pi"
[1] "done_pi"
[1] 1.39458
[1] "iter: 81"
[1] "mu"
[1] "done_mu"
[1] "pi"
[1] "done_pi"
[1] "mu"
[1] "done_mu"
[1] "pi"
[1] "done_pi"
[1] 1.349778
[1] "iter: 82"
[1] "mu"
[1] "done_mu"
[1] "pi"
[1] "done_pi"
[1] "mu"
[1] "done_mu"
[1] "pi"
[1] "done_pi"
[1] 1.351259
[1] "iter: 83"
[1] "mu"
[1] "done_mu"
[1] "pi"
[1] "done_pi"
[1] "mu"
[1] "done_mu"
[1] "pi"
[1] "done_pi"
[1] 1.389097
[1] "iter: 84"
[1] "mu"
[1] "done_mu"
[1] "pi"
[1] "done_pi"
[1] "mu"
[1] "done_mu"
[1] "pi"
[1] "done_pi"
[1] 1.392369
[1] "iter: 85"
[1] "mu"
[1] "done_mu"
[1] "pi"
[1] "done_pi"
[1] "mu"
[1] "done_mu"
[1] "pi"
[1] "done_pi"
[1] 1.404994
[1] "iter: 86"
[1] "mu"
[1] "done_mu"
[1] "pi"
[1] "done_pi"
[1] "mu"
[1] "done_mu"
[1] "pi"
[1] "done_pi"
[1] 1.361227
[1] "iter: 87"
[1] "mu"
[1] "done_mu"
[1] "pi"
[1] "done_pi"
[1] "mu"
[1] "done_mu"
[1] "pi"
[1] "done_pi"
[1] 1.368078
[1] "iter: 88"
[1] "mu"
[1] "done_mu"
[1] "pi"
[1] "done_pi"
[1] "mu"
[1] "done_mu"
[1] "pi"
[1] "done_pi"
[1] 1.366944
[1] "iter: 89"
[1] "mu"
[1] "done_mu"
[1] "pi"
[1] "done_pi"
[1] "mu"
[1] "done_mu"
[1] "pi"
[1] "done_pi"
[1] 1.374102
[1] "iter: 90"
[1] "mu"
[1] "done_mu"
[1] "pi"
[1] "done_pi"
[1] "mu"
[1] "done_mu"
[1] "pi"
[1] "done_pi"
[1] 1.440797
[1] "iter: 91"
[1] "mu"
[1] "done_mu"
[1] "pi"
[1] "done_pi"
[1] "mu"
[1] "done_mu"
[1] "pi"
[1] "done_pi"
[1] 1.355476
[1] "iter: 92"
[1] "mu"
[1] "done_mu"
[1] "pi"
[1] "done_pi"
[1] "mu"
[1] "done_mu"
[1] "pi"
[1] "done_pi"
[1] 1.401039
[1] "iter: 93"
[1] "mu"
[1] "done_mu"
[1] "pi"
[1] "done_pi"
[1] "mu"
[1] "done_mu"
[1] "pi"
[1] "done_pi"
[1] 1.277805
[1] "iter: 94"
[1] "mu"
[1] "done_mu"
[1] "pi"
[1] "done_pi"
[1] "mu"
[1] "done_mu"
[1] "pi"
[1] "done_pi"
[1] 1.404186
[1] "iter: 95"
[1] "mu"
[1] "done_mu"
[1] "pi"
[1] "done_pi"
[1] "mu"
[1] "done_mu"
[1] "pi"
[1] "done_pi"
[1] 1.407856
[1] "iter: 96"
[1] "mu"
[1] "done_mu"
[1] "pi"
[1] "done_pi"
[1] "mu"
[1] "done_mu"
[1] "pi"
[1] "done_pi"
[1] 1.341028
[1] "iter: 97"
[1] "mu"
[1] "done_mu"
[1] "pi"
[1] "done_pi"
[1] "mu"
[1] "done_mu"
[1] "pi"
[1] "done_pi"
[1] 1.374205
[1] "iter: 98"
[1] "mu"
[1] "done_mu"
[1] "pi"
[1] "done_pi"
[1] "mu"
[1] "done_mu"
[1] "pi"
[1] "done_pi"
[1] 1.393256
[1] "iter: 99"
[1] "mu"
[1] "done_mu"
[1] "pi"
[1] "done_pi"
[1] "mu"
[1] "done_mu"
[1] "pi"
[1] "done_pi"
[1] 1.3899
[1] "iter: 100"
[1] "mu"
[1] "done_mu"
[1] "pi"
[1] "done_pi"
[1] "mu"
[1] "done_mu"
[1] "pi"
[1] "done_pi"
[1] 1.32356
[1] "iter: 101"
[1] "mu"
[1] "done_mu"
[1] "pi"
[1] "done_pi"
[1] "mu"
[1] "done_mu"
[1] "pi"
[1] "done_pi"
[1] 1.405642
[1] "iter: 102"
[1] "mu"
[1] "done_mu"
[1] "pi"
[1] "done_pi"
[1] "mu"
[1] "done_mu"
[1] "pi"
[1] "done_pi"
[1] 1.367588
[1] "iter: 103"
[1] "mu"
[1] "done_mu"
[1] "pi"
[1] "done_pi"
[1] "mu"
[1] "done_mu"
[1] "pi"
[1] "done_pi"
[1] 1.383241
[1] "iter: 104"
[1] "mu"
[1] "done_mu"
[1] "pi"
[1] "done_pi"
[1] "mu"
[1] "done_mu"
[1] "pi"
[1] "done_pi"
[1] 1.379947
[1] "iter: 105"
[1] "mu"
[1] "done_mu"
[1] "pi"
[1] "done_pi"
[1] "mu"
[1] "done_mu"
[1] "pi"
[1] "done_pi"
[1] 1.381639
[1] "iter: 106"
[1] "mu"
[1] "done_mu"
[1] "pi"
[1] "done_pi"
[1] "mu"
[1] "done_mu"
[1] "pi"
[1] "done_pi"
[1] 1.376268
[1] "iter: 107"
[1] "mu"
[1] "done_mu"
[1] "pi"
[1] "done_pi"
[1] "mu"
[1] "done_mu"
[1] "pi"
[1] "done_pi"
[1] 1.380857
[1] "iter: 108"
[1] "mu"
[1] "done_mu"
[1] "pi"
[1] "done_pi"
[1] "mu"
[1] "done_mu"
[1] "pi"
[1] "done_pi"
[1] 1.421282
[1] "iter: 109"
[1] "mu"
[1] "done_mu"
[1] "pi"
[1] "done_pi"
[1] "mu"
[1] "done_mu"
[1] "pi"
[1] "done_pi"
[1] 1.408713
[1] "iter: 110"
[1] "mu"
[1] "done_mu"
[1] "pi"
[1] "done_pi"
[1] "mu"
[1] "done_mu"
[1] "pi"
[1] "done_pi"
[1] 1.396572
[1] "iter: 111"
[1] "mu"
[1] "done_mu"
[1] "pi"
[1] "done_pi"
[1] "mu"
[1] "done_mu"
[1] "pi"
[1] "done_pi"
[1] 1.378609
[1] "iter: 112"
[1] "mu"
[1] "done_mu"
[1] "pi"
[1] "done_pi"
[1] "mu"
[1] "done_mu"
[1] "pi"
[1] "done_pi"
[1] 1.365337
[1] "iter: 113"
[1] "mu"
[1] "done_mu"
[1] "pi"
[1] "done_pi"
[1] "mu"
[1] "done_mu"
[1] "pi"
[1] "done_pi"
[1] 1.358658
[1] "iter: 114"
[1] "mu"
[1] "done_mu"
[1] "pi"
[1] "done_pi"
[1] "mu"
[1] "done_mu"
[1] "pi"
[1] "done_pi"
[1] 1.403937
[1] "iter: 115"
[1] "mu"
[1] "done_mu"
[1] "pi"
[1] "done_pi"
[1] "mu"
[1] "done_mu"
[1] "pi"
[1] "done_pi"
[1] 1.348849
[1] "iter: 116"
[1] "mu"
[1] "done_mu"
[1] "pi"
[1] "done_pi"
[1] "mu"
[1] "done_mu"
[1] "pi"
[1] "done_pi"
[1] 1.305001
[1] "iter: 117"
[1] "mu"
[1] "done_mu"
[1] "pi"
[1] "done_pi"
[1] "mu"
[1] "done_mu"
[1] "pi"
[1] "done_pi"
[1] 1.461755
[1] "iter: 118"
[1] "mu"
[1] "done_mu"
[1] "pi"
[1] "done_pi"
[1] "mu"
[1] "done_mu"
[1] "pi"
[1] "done_pi"
[1] 1.366842
[1] "iter: 119"
[1] "mu"
[1] "done_mu"
[1] "pi"
[1] "done_pi"
[1] "mu"
[1] "done_mu"
[1] "pi"
[1] "done_pi"
[1] 1.393183
[1] "iter: 120"
[1] "mu"
[1] "done_mu"
[1] "pi"
[1] "done_pi"
[1] "mu"
[1] "done_mu"
[1] "pi"
[1] "done_pi"
[1] 1.39746
[1] "iter: 121"
[1] "mu"
[1] "done_mu"
[1] "pi"
[1] "done_pi"
[1] "mu"
[1] "done_mu"
[1] "pi"
[1] "done_pi"
[1] 1.358513
[1] "iter: 122"
[1] "mu"
[1] "done_mu"
[1] "pi"
[1] "done_pi"
[1] "mu"
[1] "done_mu"
[1] "pi"
[1] "done_pi"
[1] 1.356856
[1] "iter: 123"
[1] "mu"
[1] "done_mu"
[1] "pi"
[1] "done_pi"
[1] "mu"
[1] "done_mu"
[1] "pi"
[1] "done_pi"
[1] 1.37804
[1] "iter: 124"
[1] "mu"
[1] "done_mu"
[1] "pi"
[1] "done_pi"
[1] "mu"
[1] "done_mu"
[1] "pi"
[1] "done_pi"
[1] 1.418549
[1] "iter: 125"
[1] "mu"
[1] "done_mu"
[1] "pi"
[1] "done_pi"
[1] "mu"
[1] "done_mu"
[1] "pi"
[1] "done_pi"
[1] 1.358841
[1] "iter: 126"
[1] "mu"
[1] "done_mu"
[1] "pi"
[1] "done_pi"
[1] "mu"
[1] "done_mu"
[1] "pi"
[1] "done_pi"
[1] 1.423496
[1] "iter: 127"
[1] "mu"
[1] "done_mu"
[1] "pi"
[1] "done_pi"
[1] "mu"
[1] "done_mu"
[1] "pi"
[1] "done_pi"
[1] 1.347746
[1] "iter: 128"
[1] "mu"
[1] "done_mu"
[1] "pi"
[1] "done_pi"
[1] "mu"
[1] "done_mu"
[1] "pi"
[1] "done_pi"
[1] 1.381181
[1] "iter: 129"
[1] "mu"
[1] "done_mu"
[1] "pi"
[1] "done_pi"
[1] "mu"
[1] "done_mu"
[1] "pi"
[1] "done_pi"
[1] 1.437058
[1] "iter: 130"
[1] "mu"
[1] "done_mu"
[1] "pi"
[1] "done_pi"
[1] "mu"
[1] "done_mu"
[1] "pi"
[1] "done_pi"
[1] 1.376472
[1] "iter: 131"
[1] "mu"
[1] "done_mu"
[1] "pi"
[1] "done_pi"
[1] "mu"
[1] "done_mu"
[1] "pi"
[1] "done_pi"
[1] 1.355835
[1] "iter: 132"
[1] "mu"
[1] "done_mu"
[1] "pi"
[1] "done_pi"
[1] "mu"
[1] "done_mu"
[1] "pi"
[1] "done_pi"
[1] 1.396626
[1] "iter: 133"
[1] "mu"
[1] "done_mu"
[1] "pi"
[1] "done_pi"
[1] "mu"
[1] "done_mu"
[1] "pi"
[1] "done_pi"
[1] 1.364753
[1] "iter: 134"
[1] "mu"
[1] "done_mu"
[1] "pi"
[1] "done_pi"
[1] "mu"
[1] "done_mu"
[1] "pi"
[1] "done_pi"
[1] 1.347704
[1] "iter: 135"
[1] "mu"
[1] "done_mu"
[1] "pi"
[1] "done_pi"
[1] "mu"
[1] "done_mu"
[1] "pi"
[1] "done_pi"
[1] 1.403672
[1] "iter: 136"
[1] "mu"
[1] "done_mu"
[1] "pi"
[1] "done_pi"
[1] "mu"
[1] "done_mu"
[1] "pi"
[1] "done_pi"
[1] 1.391092
[1] "iter: 137"
[1] "mu"
[1] "done_mu"
[1] "pi"
[1] "done_pi"
[1] "mu"
[1] "done_mu"
[1] "pi"
[1] "done_pi"
[1] 1.426902
[1] "iter: 138"
[1] "mu"
[1] "done_mu"
[1] "pi"
[1] "done_pi"
[1] "mu"
[1] "done_mu"
[1] "pi"
[1] "done_pi"
[1] 1.393875
[1] "iter: 139"
[1] "mu"
[1] "done_mu"
[1] "pi"
[1] "done_pi"
[1] "mu"
[1] "done_mu"
[1] "pi"
[1] "done_pi"
[1] 1.403575
[1] "iter: 140"
[1] "mu"
[1] "done_mu"
[1] "pi"
[1] "done_pi"
[1] "mu"
[1] "done_mu"
[1] "pi"
[1] "done_pi"
[1] 1.413433
[1] "iter: 141"
[1] "mu"
[1] "done_mu"
[1] "pi"
[1] "done_pi"
[1] "mu"
[1] "done_mu"
[1] "pi"
[1] "done_pi"
[1] 1.357412
[1] "iter: 142"
[1] "mu"
[1] "done_mu"
[1] "pi"
[1] "done_pi"
[1] "mu"
[1] "done_mu"
[1] "pi"
[1] "done_pi"
[1] 1.356892
[1] "iter: 143"
[1] "mu"
[1] "done_mu"
[1] "pi"
[1] "done_pi"
[1] "mu"
[1] "done_mu"
[1] "pi"
[1] "done_pi"
[1] 1.426238
[1] "iter: 144"
[1] "mu"
[1] "done_mu"
[1] "pi"
[1] "done_pi"
[1] "mu"
[1] "done_mu"
[1] "pi"
[1] "done_pi"
[1] 1.370466
[1] "iter: 145"
[1] "mu"
[1] "done_mu"
[1] "pi"
[1] "done_pi"
[1] "mu"
[1] "done_mu"
[1] "pi"
[1] "done_pi"
[1] 1.421486
[1] "iter: 146"
[1] "mu"
[1] "done_mu"
[1] "pi"
[1] "done_pi"
[1] "mu"
[1] "done_mu"
[1] "pi"
[1] "done_pi"
[1] 1.34759
[1] "iter: 147"
[1] "mu"
[1] "done_mu"
[1] "pi"
[1] "done_pi"
[1] "mu"
[1] "done_mu"
[1] "pi"
[1] "done_pi"
[1] 1.346005
[1] "iter: 148"
[1] "mu"
[1] "done_mu"
[1] "pi"
[1] "done_pi"
[1] "mu"
[1] "done_mu"
[1] "pi"
[1] "done_pi"
[1] 1.370832
[1] "iter: 149"
[1] "mu"
[1] "done_mu"
[1] "pi"
[1] "done_pi"
[1] "mu"
[1] "done_mu"
[1] "pi"
[1] "done_pi"
[1] 1.326202
[1] "iter: 150"
[1] "mu"
[1] "done_mu"
[1] "pi"
[1] "done_pi"
[1] "mu"
[1] "done_mu"
[1] "pi"
[1] "done_pi"
[1] 1.380371
[1] "iter: 151"
[1] "mu"
[1] "done_mu"
[1] "pi"
[1] "done_pi"
[1] "mu"
[1] "done_mu"
[1] "pi"
[1] "done_pi"
[1] 1.341483
[1] "iter: 152"
[1] "mu"
[1] "done_mu"
[1] "pi"
[1] "done_pi"
[1] "mu"
[1] "done_mu"
[1] "pi"
[1] "done_pi"
[1] 1.369849
[1] "iter: 153"
[1] "mu"
[1] "done_mu"
[1] "pi"
[1] "done_pi"
[1] "mu"
[1] "done_mu"
[1] "pi"
[1] "done_pi"
[1] 1.376055
[1] "iter: 154"
[1] "mu"
[1] "done_mu"
[1] "pi"
[1] "done_pi"
[1] "mu"
[1] "done_mu"
[1] "pi"
[1] "done_pi"
[1] 1.379983
[1] "iter: 155"
[1] "mu"
[1] "done_mu"
[1] "pi"
[1] "done_pi"
[1] "mu"
[1] "done_mu"
[1] "pi"
[1] "done_pi"
[1] 1.420556
[1] "iter: 156"
[1] "mu"
[1] "done_mu"
[1] "pi"
[1] "done_pi"
[1] "mu"
[1] "done_mu"
[1] "pi"
[1] "done_pi"
[1] 1.372836
[1] "iter: 157"
[1] "mu"
[1] "done_mu"
[1] "pi"
[1] "done_pi"
[1] "mu"
[1] "done_mu"
[1] "pi"
[1] "done_pi"
[1] 1.373921
[1] "iter: 158"
[1] "mu"
[1] "done_mu"
[1] "pi"
[1] "done_pi"
[1] "mu"
[1] "done_mu"
[1] "pi"
[1] "done_pi"
[1] 1.362252
[1] "iter: 159"
[1] "mu"
[1] "done_mu"
[1] "pi"
[1] "done_pi"
[1] "mu"
[1] "done_mu"
[1] "pi"
[1] "done_pi"
[1] 1.370008
[1] "iter: 160"
[1] "mu"
[1] "done_mu"
[1] "pi"
[1] "done_pi"
[1] "mu"
[1] "done_mu"
[1] "pi"
[1] "done_pi"
[1] 1.382389
[1] "iter: 161"
[1] "mu"
[1] "done_mu"
[1] "pi"
[1] "done_pi"
[1] "mu"
[1] "done_mu"
[1] "pi"
[1] "done_pi"
[1] 1.392572
[1] "iter: 162"
[1] "mu"
[1] "done_mu"
[1] "pi"
[1] "done_pi"
[1] "mu"
[1] "done_mu"
[1] "pi"
[1] "done_pi"
[1] 1.401118
[1] "iter: 163"
[1] "mu"
[1] "done_mu"
[1] "pi"
[1] "done_pi"
[1] "mu"
[1] "done_mu"
[1] "pi"
[1] "done_pi"
[1] 1.367985
[1] "iter: 164"
[1] "mu"
[1] "done_mu"
[1] "pi"
[1] "done_pi"
[1] "mu"
[1] "done_mu"
[1] "pi"
[1] "done_pi"
[1] 1.338998
[1] "iter: 165"
[1] "mu"
[1] "done_mu"
[1] "pi"
[1] "done_pi"
[1] "mu"
[1] "done_mu"
[1] "pi"
[1] "done_pi"
[1] 1.389796
[1] "iter: 166"
[1] "mu"
[1] "done_mu"
[1] "pi"
[1] "done_pi"
[1] "mu"
[1] "done_mu"
[1] "pi"
[1] "done_pi"
[1] 1.402563
[1] "iter: 167"
[1] "mu"
[1] "done_mu"
[1] "pi"
[1] "done_pi"
[1] "mu"
[1] "done_mu"
[1] "pi"
[1] "done_pi"
[1] 1.390723
[1] "iter: 168"
[1] "mu"
[1] "done_mu"
[1] "pi"
[1] "done_pi"
[1] "mu"
[1] "done_mu"
[1] "pi"
[1] "done_pi"
[1] 1.413223
[1] "iter: 169"
[1] "mu"
[1] "done_mu"
[1] "pi"
[1] "done_pi"
[1] "mu"
[1] "done_mu"
[1] "pi"
[1] "done_pi"
[1] 1.380908
[1] "iter: 170"
[1] "mu"
[1] "done_mu"
[1] "pi"
[1] "done_pi"
[1] "mu"
[1] "done_mu"
[1] "pi"
[1] "done_pi"
[1] 1.4007
[1] "iter: 171"
[1] "mu"
[1] "done_mu"
[1] "pi"
[1] "done_pi"
[1] "mu"
[1] "done_mu"
[1] "pi"
[1] "done_pi"
[1] 1.354445
[1] "iter: 172"
[1] "mu"
[1] "done_mu"
[1] "pi"
[1] "done_pi"
[1] "mu"
[1] "done_mu"
[1] "pi"
[1] "done_pi"
[1] 1.331
[1] "iter: 173"
[1] "mu"
[1] "done_mu"
[1] "pi"
[1] "done_pi"
[1] "mu"
[1] "done_mu"
[1] "pi"
[1] "done_pi"
[1] 1.325933
[1] "iter: 174"
[1] "mu"
[1] "done_mu"
[1] "pi"
[1] "done_pi"
[1] "mu"
[1] "done_mu"
[1] "pi"
[1] "done_pi"
[1] 1.359112
[1] "iter: 175"
[1] "mu"
[1] "done_mu"
[1] "pi"
[1] "done_pi"
[1] "mu"
[1] "done_mu"
[1] "pi"
[1] "done_pi"
[1] 1.374899
[1] "iter: 176"
[1] "mu"
[1] "done_mu"
[1] "pi"
[1] "done_pi"
[1] "mu"
[1] "done_mu"
[1] "pi"
[1] "done_pi"
[1] 1.398857
[1] "iter: 177"
[1] "mu"
[1] "done_mu"
[1] "pi"
[1] "done_pi"
[1] "mu"
[1] "done_mu"
[1] "pi"
[1] "done_pi"
[1] 1.369787
[1] "iter: 178"
[1] "mu"
[1] "done_mu"
[1] "pi"
[1] "done_pi"
[1] "mu"
[1] "done_mu"
[1] "pi"
[1] "done_pi"
[1] 1.351082
[1] "iter: 179"
[1] "mu"
[1] "done_mu"
[1] "pi"
[1] "done_pi"
[1] "mu"
[1] "done_mu"
[1] "pi"
[1] "done_pi"
[1] 1.372531
[1] "iter: 180"
[1] "mu"
[1] "done_mu"
[1] "pi"
[1] "done_pi"
[1] "mu"
[1] "done_mu"
[1] "pi"
[1] "done_pi"
[1] 1.398243
[1] "iter: 181"
[1] "mu"
[1] "done_mu"
[1] "pi"
[1] "done_pi"
[1] "mu"
[1] "done_mu"
[1] "pi"
[1] "done_pi"
[1] 1.408324
[1] "iter: 182"
[1] "mu"
[1] "done_mu"
[1] "pi"
[1] "done_pi"
[1] "mu"
[1] "done_mu"
[1] "pi"
[1] "done_pi"
[1] 1.333973
[1] "iter: 183"
[1] "mu"
[1] "done_mu"
[1] "pi"
[1] "done_pi"
[1] "mu"
[1] "done_mu"
[1] "pi"
[1] "done_pi"
[1] 1.425569
[1] "iter: 184"
[1] "mu"
[1] "done_mu"
[1] "pi"
[1] "done_pi"
[1] "mu"
[1] "done_mu"
[1] "pi"
[1] "done_pi"
[1] 1.417721
[1] "iter: 185"
[1] "mu"
[1] "done_mu"
[1] "pi"
[1] "done_pi"
[1] "mu"
[1] "done_mu"
[1] "pi"
[1] "done_pi"
[1] 1.36253
[1] "iter: 186"
[1] "mu"
[1] "done_mu"
[1] "pi"
[1] "done_pi"
[1] "mu"
[1] "done_mu"
[1] "pi"
[1] "done_pi"
[1] 1.386968
[1] "iter: 187"
[1] "mu"
[1] "done_mu"
[1] "pi"
[1] "done_pi"
[1] "mu"
[1] "done_mu"
[1] "pi"
[1] "done_pi"
[1] 1.37772
[1] "iter: 188"
[1] "mu"
[1] "done_mu"
[1] "pi"
[1] "done_pi"
[1] "mu"
[1] "done_mu"
[1] "pi"
[1] "done_pi"
[1] 1.378717
[1] "iter: 189"
[1] "mu"
[1] "done_mu"
[1] "pi"
[1] "done_pi"
[1] "mu"
[1] "done_mu"
[1] "pi"
[1] "done_pi"
[1] 1.336773
[1] "iter: 190"
[1] "mu"
[1] "done_mu"
[1] "pi"
[1] "done_pi"
[1] "mu"
[1] "done_mu"
[1] "pi"
[1] "done_pi"
[1] 1.353768
[1] "iter: 191"
[1] "mu"
[1] "done_mu"
[1] "pi"
[1] "done_pi"
[1] "mu"
[1] "done_mu"
[1] "pi"
[1] "done_pi"
[1] 1.406562
[1] "iter: 192"
[1] "mu"
[1] "done_mu"
[1] "pi"
[1] "done_pi"
[1] "mu"
[1] "done_mu"
[1] "pi"
[1] "done_pi"
[1] 1.367889
[1] "iter: 193"
[1] "mu"
[1] "done_mu"
[1] "pi"
[1] "done_pi"
[1] "mu"
[1] "done_mu"
[1] "pi"
[1] "done_pi"
[1] 1.364886
[1] "iter: 194"
[1] "mu"
[1] "done_mu"
[1] "pi"
[1] "done_pi"
[1] "mu"
[1] "done_mu"
[1] "pi"
[1] "done_pi"
[1] 1.376313
[1] "iter: 195"
[1] "mu"
[1] "done_mu"
[1] "pi"
[1] "done_pi"
[1] "mu"
[1] "done_mu"
[1] "pi"
[1] "done_pi"
[1] 1.378365
[1] "iter: 196"
[1] "mu"
[1] "done_mu"
[1] "pi"
[1] "done_pi"
[1] "mu"
[1] "done_mu"
[1] "pi"
[1] "done_pi"
[1] 1.372872
[1] "iter: 197"
[1] "mu"
[1] "done_mu"
[1] "pi"
[1] "done_pi"
[1] "mu"
[1] "done_mu"
[1] "pi"
[1] "done_pi"
[1] 1.385603
[1] "iter: 198"
[1] "mu"
[1] "done_mu"
[1] "pi"
[1] "done_pi"
[1] "mu"
[1] "done_mu"
[1] "pi"
[1] "done_pi"
[1] 1.446449
[1] "iter: 199"
[1] "mu"
[1] "done_mu"
[1] "pi"
[1] "done_pi"
[1] "mu"
[1] "done_mu"
[1] "pi"
[1] "done_pi"
[1] 1.401485
[1] "iter: 200"
[1] "mu"
[1] "done_mu"
[1] "pi"
[1] "done_pi"
[1] "mu"
[1] "done_mu"
[1] "pi"
[1] "done_pi"
[1] 1.358905
[1] "iter: 201"
[1] "mu"
[1] "done_mu"
[1] "pi"
[1] "done_pi"
[1] "mu"
[1] "done_mu"
[1] "pi"
[1] "done_pi"
[1] 1.403217
[1] "iter: 202"
[1] "mu"
[1] "done_mu"
[1] "pi"
[1] "done_pi"
[1] "mu"
[1] "done_mu"
[1] "pi"
[1] "done_pi"
[1] 1.413301
[1] "iter: 203"
[1] "mu"
[1] "done_mu"
[1] "pi"
[1] "done_pi"
[1] "mu"
[1] "done_mu"
[1] "pi"
[1] "done_pi"
[1] 1.405063
[1] "iter: 204"
[1] "mu"
[1] "done_mu"
[1] "pi"
[1] "done_pi"
[1] "mu"
[1] "done_mu"
[1] "pi"
[1] "done_pi"
[1] 1.406365
[1] "iter: 205"
[1] "mu"
[1] "done_mu"
[1] "pi"
[1] "done_pi"
[1] "mu"
[1] "done_mu"
[1] "pi"
[1] "done_pi"
[1] 1.35685
[1] "iter: 206"
[1] "mu"
[1] "done_mu"
[1] "pi"
[1] "done_pi"
[1] "mu"
[1] "done_mu"
[1] "pi"
[1] "done_pi"
[1] 1.433133
[1] "iter: 207"
[1] "mu"
[1] "done_mu"
[1] "pi"
[1] "done_pi"
[1] "mu"
[1] "done_mu"
[1] "pi"
[1] "done_pi"
[1] 1.363291
[1] "iter: 208"
[1] "mu"
[1] "done_mu"
[1] "pi"
[1] "done_pi"
[1] "mu"
[1] "done_mu"
[1] "pi"
[1] "done_pi"
[1] 1.348418
[1] "iter: 209"
[1] "mu"
[1] "done_mu"
[1] "pi"
[1] "done_pi"
[1] "mu"
[1] "done_mu"
[1] "pi"
[1] "done_pi"
[1] 1.339412
[1] "iter: 210"
[1] "mu"
[1] "done_mu"
[1] "pi"
[1] "done_pi"
[1] "mu"
[1] "done_mu"
[1] "pi"
[1] "done_pi"
[1] 1.37504
[1] "iter: 211"
[1] "mu"
[1] "done_mu"
[1] "pi"
[1] "done_pi"
[1] "mu"
[1] "done_mu"
[1] "pi"
[1] "done_pi"
[1] 1.40667
[1] "iter: 212"
[1] "mu"
[1] "done_mu"
[1] "pi"
[1] "done_pi"
[1] "mu"
[1] "done_mu"
[1] "pi"
[1] "done_pi"
[1] 1.385366
[1] "iter: 213"
[1] "mu"
[1] "done_mu"
[1] "pi"
[1] "done_pi"
[1] "mu"
[1] "done_mu"
[1] "pi"
[1] "done_pi"
[1] 1.353424
[1] "iter: 214"
[1] "mu"
[1] "done_mu"
[1] "pi"
[1] "done_pi"
[1] "mu"
[1] "done_mu"
[1] "pi"
[1] "done_pi"
[1] 1.366321
[1] "iter: 215"
[1] "mu"
[1] "done_mu"
[1] "pi"
[1] "done_pi"
[1] "mu"
[1] "done_mu"
[1] "pi"
[1] "done_pi"
[1] 1.436373
[1] "iter: 216"
[1] "mu"
[1] "done_mu"
[1] "pi"
[1] "done_pi"
[1] "mu"
[1] "done_mu"
[1] "pi"
[1] "done_pi"
[1] 1.395359
[1] "iter: 217"
[1] "mu"
[1] "done_mu"
[1] "pi"
[1] "done_pi"
[1] "mu"
[1] "done_mu"
[1] "pi"
[1] "done_pi"
[1] 1.341157
[1] "iter: 218"
[1] "mu"
[1] "done_mu"
[1] "pi"
[1] "done_pi"
[1] "mu"
[1] "done_mu"
[1] "pi"
[1] "done_pi"
[1] 1.421533
[1] "iter: 219"
[1] "mu"
[1] "done_mu"
[1] "pi"
[1] "done_pi"
[1] "mu"
[1] "done_mu"
[1] "pi"
[1] "done_pi"
[1] 1.42759
[1] "iter: 220"
[1] "mu"
[1] "done_mu"
[1] "pi"
[1] "done_pi"
[1] "mu"
[1] "done_mu"
[1] "pi"
[1] "done_pi"
[1] 1.318535
[1] "iter: 221"
[1] "mu"
[1] "done_mu"
[1] "pi"
[1] "done_pi"
[1] "mu"
[1] "done_mu"
[1] "pi"
[1] "done_pi"
[1] 1.388473
[1] "iter: 222"
[1] "mu"
[1] "done_mu"
[1] "pi"
[1] "done_pi"
[1] "mu"
[1] "done_mu"
[1] "pi"
[1] "done_pi"
[1] 1.430985
[1] "iter: 223"
[1] "mu"
[1] "done_mu"
[1] "pi"
[1] "done_pi"
[1] "mu"
[1] "done_mu"
[1] "pi"
[1] "done_pi"
[1] 1.446527
[1] "iter: 224"
[1] "mu"
[1] "done_mu"
[1] "pi"
[1] "done_pi"
[1] "mu"
[1] "done_mu"
[1] "pi"
[1] "done_pi"
[1] 1.400018
[1] "iter: 225"
[1] "mu"
[1] "done_mu"
[1] "pi"
[1] "done_pi"
[1] "mu"
[1] "done_mu"
[1] "pi"
[1] "done_pi"
[1] 1.392267
[1] "iter: 226"
[1] "mu"
[1] "done_mu"
[1] "pi"
[1] "done_pi"
[1] "mu"
[1] "done_mu"
[1] "pi"
[1] "done_pi"
[1] 1.424117
[1] "iter: 227"
[1] "mu"
[1] "done_mu"
[1] "pi"
[1] "done_pi"
[1] "mu"
[1] "done_mu"
[1] "pi"
[1] "done_pi"
[1] 1.411486
[1] "iter: 228"
[1] "mu"
[1] "done_mu"
[1] "pi"
[1] "done_pi"
[1] "mu"
[1] "done_mu"
[1] "pi"
[1] "done_pi"
[1] 1.394362
[1] "iter: 229"
[1] "mu"
[1] "done_mu"
[1] "pi"
[1] "done_pi"
[1] "mu"
[1] "done_mu"
[1] "pi"
[1] "done_pi"
[1] 1.426953
[1] "iter: 230"
[1] "mu"
[1] "done_mu"
[1] "pi"
[1] "done_pi"
[1] "mu"
[1] "done_mu"
[1] "pi"
[1] "done_pi"
[1] 1.342777
[1] "iter: 231"
[1] "mu"
[1] "done_mu"
[1] "pi"
[1] "done_pi"
[1] "mu"
[1] "done_mu"
[1] "pi"
[1] "done_pi"
[1] 1.442026
[1] "iter: 232"
[1] "mu"
[1] "done_mu"
[1] "pi"
[1] "done_pi"
[1] "mu"
[1] "done_mu"
[1] "pi"
[1] "done_pi"
[1] 1.411365
[1] "iter: 233"
[1] "mu"
[1] "done_mu"
[1] "pi"
[1] "done_pi"
[1] "mu"
[1] "done_mu"
[1] "pi"
[1] "done_pi"
[1] 1.353175
[1] "iter: 234"
[1] "mu"
[1] "done_mu"
[1] "pi"
[1] "done_pi"
[1] "mu"
[1] "done_mu"
[1] "pi"
[1] "done_pi"
[1] 1.35001
[1] "iter: 235"
[1] "mu"
[1] "done_mu"
[1] "pi"
[1] "done_pi"
[1] "mu"
[1] "done_mu"
[1] "pi"
[1] "done_pi"
[1] 1.368413
[1] "iter: 236"
[1] "mu"
[1] "done_mu"
[1] "pi"
[1] "done_pi"
[1] "mu"
[1] "done_mu"
[1] "pi"
[1] "done_pi"
[1] 1.380752
[1] "iter: 237"
[1] "mu"
[1] "done_mu"
[1] "pi"
[1] "done_pi"
[1] "mu"
[1] "done_mu"
[1] "pi"
[1] "done_pi"
[1] 1.365126
[1] "iter: 238"
[1] "mu"
[1] "done_mu"
[1] "pi"
[1] "done_pi"
[1] "mu"
[1] "done_mu"
[1] "pi"
[1] "done_pi"
[1] 1.37217
[1] "iter: 239"
[1] "mu"
[1] "done_mu"
[1] "pi"
[1] "done_pi"
[1] "mu"
[1] "done_mu"
[1] "pi"
[1] "done_pi"
[1] 1.42585
[1] "iter: 240"
[1] "mu"
[1] "done_mu"
[1] "pi"
[1] "done_pi"
[1] "mu"
[1] "done_mu"
[1] "pi"
[1] "done_pi"
[1] 1.394297
[1] "iter: 241"
[1] "mu"
[1] "done_mu"
[1] "pi"
[1] "done_pi"
[1] "mu"
[1] "done_mu"
[1] "pi"
[1] "done_pi"
[1] 1.365861
[1] "iter: 242"
[1] "mu"
[1] "done_mu"
[1] "pi"
[1] "done_pi"
[1] "mu"
[1] "done_mu"
[1] "pi"
[1] "done_pi"
[1] 1.372137
[1] "iter: 243"
[1] "mu"
[1] "done_mu"
[1] "pi"
[1] "done_pi"
[1] "mu"
[1] "done_mu"
[1] "pi"
[1] "done_pi"
[1] 1.343629
[1] "iter: 244"
[1] "mu"
[1] "done_mu"
[1] "pi"
[1] "done_pi"
[1] "mu"
[1] "done_mu"
[1] "pi"
[1] "done_pi"
[1] 1.416985
[1] "iter: 245"
[1] "mu"
[1] "done_mu"
[1] "pi"
[1] "done_pi"
[1] "mu"
[1] "done_mu"
[1] "pi"
[1] "done_pi"
[1] 1.378636
[1] "iter: 246"
[1] "mu"
[1] "done_mu"
[1] "pi"
[1] "done_pi"
[1] "mu"
[1] "done_mu"
[1] "pi"
[1] "done_pi"
[1] 1.403224
[1] "iter: 247"
[1] "mu"
[1] "done_mu"
[1] "pi"
[1] "done_pi"
[1] "mu"
[1] "done_mu"
[1] "pi"
[1] "done_pi"
[1] 1.34739
[1] "iter: 248"
[1] "mu"
[1] "done_mu"
[1] "pi"
[1] "done_pi"
[1] "mu"
[1] "done_mu"
[1] "pi"
[1] "done_pi"
[1] 1.385104
[1] "iter: 249"
[1] "mu"
[1] "done_mu"
[1] "pi"
[1] "done_pi"
[1] "mu"
[1] "done_mu"
[1] "pi"
[1] "done_pi"
[1] 1.417572
[1] "iter: 250"
[1] "mu"
[1] "done_mu"
[1] "pi"
[1] "done_pi"
[1] "mu"
[1] "done_mu"
[1] "pi"
[1] "done_pi"
[1] 1.397344
[1] "iter: 251"
[1] "mu"
[1] "done_mu"
[1] "pi"
[1] "done_pi"
[1] "mu"
[1] "done_mu"
[1] "pi"
[1] "done_pi"
[1] 1.402571
[1] "iter: 252"
[1] "mu"
[1] "done_mu"
[1] "pi"
[1] "done_pi"
[1] "mu"
[1] "done_mu"
[1] "pi"
[1] "done_pi"
[1] 1.379305
[1] "iter: 253"
[1] "mu"
[1] "done_mu"
[1] "pi"
[1] "done_pi"
[1] "mu"
[1] "done_mu"
[1] "pi"
[1] "done_pi"
[1] 1.393944
[1] "iter: 254"
[1] "mu"
[1] "done_mu"
[1] "pi"
[1] "done_pi"
[1] "mu"
[1] "done_mu"
[1] "pi"
[1] "done_pi"
[1] 1.355566
[1] "iter: 255"
[1] "mu"
[1] "done_mu"
[1] "pi"
[1] "done_pi"
[1] "mu"
[1] "done_mu"
[1] "pi"
[1] "done_pi"
[1] 1.335228
[1] "iter: 256"
[1] "mu"
[1] "done_mu"
[1] "pi"
[1] "done_pi"
[1] "mu"
[1] "done_mu"
[1] "pi"
[1] "done_pi"
[1] 1.376651
[1] "iter: 257"
[1] "mu"
[1] "done_mu"
[1] "pi"
[1] "done_pi"
[1] "mu"
[1] "done_mu"
[1] "pi"
[1] "done_pi"
[1] 1.391217
[1] "iter: 258"
[1] "mu"
[1] "done_mu"
[1] "pi"
[1] "done_pi"
[1] "mu"
[1] "done_mu"
[1] "pi"
[1] "done_pi"
[1] 1.350831
[1] "iter: 259"
[1] "mu"
[1] "done_mu"
[1] "pi"
[1] "done_pi"
[1] "mu"
[1] "done_mu"
[1] "pi"
[1] "done_pi"
[1] 1.412976
[1] "iter: 260"
[1] "mu"
[1] "done_mu"
[1] "pi"
[1] "done_pi"
[1] "mu"
[1] "done_mu"
[1] "pi"
[1] "done_pi"
[1] 1.325042
[1] "iter: 261"
[1] "mu"
[1] "done_mu"
[1] "pi"
[1] "done_pi"
[1] "mu"
[1] "done_mu"
[1] "pi"
[1] "done_pi"
[1] 1.391979
[1] "iter: 262"
[1] "mu"
[1] "done_mu"
[1] "pi"
[1] "done_pi"
[1] "mu"
[1] "done_mu"
[1] "pi"
[1] "done_pi"
[1] 1.396315
[1] "iter: 263"
[1] "mu"
[1] "done_mu"
[1] "pi"
[1] "done_pi"
[1] "mu"
[1] "done_mu"
[1] "pi"
[1] "done_pi"
[1] 1.401802
[1] "iter: 264"
[1] "mu"
[1] "done_mu"
[1] "pi"
[1] "done_pi"
[1] "mu"
[1] "done_mu"
[1] "pi"
[1] "done_pi"
[1] 1.39064
[1] "iter: 265"
[1] "mu"
[1] "done_mu"
[1] "pi"
[1] "done_pi"
[1] "mu"
[1] "done_mu"
[1] "pi"
[1] "done_pi"
[1] 1.389997
[1] "iter: 266"
[1] "mu"
[1] "done_mu"
[1] "pi"
[1] "done_pi"
[1] "mu"
[1] "done_mu"
[1] "pi"
[1] "done_pi"
[1] 1.403347
[1] "iter: 267"
[1] "mu"
[1] "done_mu"
[1] "pi"
[1] "done_pi"
[1] "mu"
[1] "done_mu"
[1] "pi"
[1] "done_pi"
[1] 1.351446
[1] "iter: 268"
[1] "mu"
[1] "done_mu"
[1] "pi"
[1] "done_pi"
[1] "mu"
[1] "done_mu"
[1] "pi"
[1] "done_pi"
[1] 1.382072
[1] "iter: 269"
[1] "mu"
[1] "done_mu"
[1] "pi"
[1] "done_pi"
[1] "mu"
[1] "done_mu"
[1] "pi"
[1] "done_pi"
[1] 1.361387
[1] "iter: 270"
[1] "mu"
[1] "done_mu"
[1] "pi"
[1] "done_pi"
[1] "mu"
[1] "done_mu"
[1] "pi"
[1] "done_pi"
[1] 1.389657
[1] "iter: 271"
[1] "mu"
[1] "done_mu"
[1] "pi"
[1] "done_pi"
[1] "mu"
[1] "done_mu"
[1] "pi"
[1] "done_pi"
[1] 1.40008
[1] "iter: 272"
[1] "mu"
[1] "done_mu"
[1] "pi"
[1] "done_pi"
[1] "mu"
[1] "done_mu"
[1] "pi"
[1] "done_pi"
[1] 1.366232
[1] "iter: 273"
[1] "mu"
[1] "done_mu"
[1] "pi"
[1] "done_pi"
[1] "mu"
[1] "done_mu"
[1] "pi"
[1] "done_pi"
[1] 1.393618
[1] "iter: 274"
[1] "mu"
[1] "done_mu"
[1] "pi"
[1] "done_pi"
[1] "mu"
[1] "done_mu"
[1] "pi"
[1] "done_pi"
[1] 1.382294
[1] "iter: 275"
[1] "mu"
[1] "done_mu"
[1] "pi"
[1] "done_pi"
[1] "mu"
[1] "done_mu"
[1] "pi"
[1] "done_pi"
[1] 1.390562
[1] "iter: 276"
[1] "mu"
[1] "done_mu"
[1] "pi"
[1] "done_pi"
[1] "mu"
[1] "done_mu"
[1] "pi"
[1] "done_pi"
[1] 1.378317
[1] "iter: 277"
[1] "mu"
[1] "done_mu"
[1] "pi"
[1] "done_pi"
[1] "mu"
[1] "done_mu"
[1] "pi"
[1] "done_pi"
[1] 1.332175
[1] "iter: 278"
[1] "mu"
[1] "done_mu"
[1] "pi"
[1] "done_pi"
[1] "mu"
[1] "done_mu"
[1] "pi"
[1] "done_pi"
[1] 1.436395
[1] "iter: 279"
[1] "mu"
[1] "done_mu"
[1] "pi"
[1] "done_pi"
[1] "mu"
[1] "done_mu"
[1] "pi"
[1] "done_pi"
[1] 1.342854
[1] "iter: 280"
[1] "mu"
[1] "done_mu"
[1] "pi"
[1] "done_pi"
[1] "mu"
[1] "done_mu"
[1] "pi"
[1] "done_pi"
[1] 1.307375
[1] "iter: 281"
[1] "mu"
[1] "done_mu"
[1] "pi"
[1] "done_pi"
[1] "mu"
[1] "done_mu"
[1] "pi"
[1] "done_pi"
[1] 1.383693
[1] "iter: 282"
[1] "mu"
[1] "done_mu"
[1] "pi"
[1] "done_pi"
[1] "mu"
[1] "done_mu"
[1] "pi"
[1] "done_pi"
[1] 1.397512
[1] "iter: 283"
[1] "mu"
[1] "done_mu"
[1] "pi"
[1] "done_pi"
[1] "mu"
[1] "done_mu"
[1] "pi"
[1] "done_pi"
[1] 1.364982
[1] "iter: 284"
[1] "mu"
[1] "done_mu"
[1] "pi"
[1] "done_pi"
[1] "mu"
[1] "done_mu"
[1] "pi"
[1] "done_pi"
[1] 1.362606
[1] "iter: 285"
[1] "mu"
[1] "done_mu"
[1] "pi"
[1] "done_pi"
[1] "mu"
[1] "done_mu"
[1] "pi"
[1] "done_pi"
[1] 1.379392
[1] "iter: 286"
[1] "mu"
[1] "done_mu"
[1] "pi"
[1] "done_pi"
[1] "mu"
[1] "done_mu"
[1] "pi"
[1] "done_pi"
[1] 1.381115
[1] "iter: 287"
[1] "mu"
[1] "done_mu"
[1] "pi"
[1] "done_pi"
[1] "mu"
[1] "done_mu"
[1] "pi"
[1] "done_pi"
[1] 1.371965
[1] "iter: 288"
[1] "mu"
[1] "done_mu"
[1] "pi"
[1] "done_pi"
[1] "mu"
[1] "done_mu"
[1] "pi"
[1] "done_pi"
[1] 1.380483
[1] "iter: 289"
[1] "mu"
[1] "done_mu"
[1] "pi"
[1] "done_pi"
[1] "mu"
[1] "done_mu"
[1] "pi"
[1] "done_pi"
[1] 1.387556
[1] "iter: 290"
[1] "mu"
[1] "done_mu"
[1] "pi"
[1] "done_pi"
[1] "mu"
[1] "done_mu"
[1] "pi"
[1] "done_pi"
[1] 1.384782
[1] "iter: 291"
[1] "mu"
[1] "done_mu"
[1] "pi"
[1] "done_pi"
[1] "mu"
[1] "done_mu"
[1] "pi"
[1] "done_pi"
[1] 1.378285
[1] "iter: 292"
[1] "mu"
[1] "done_mu"
[1] "pi"
[1] "done_pi"
[1] "mu"
[1] "done_mu"
[1] "pi"
[1] "done_pi"
[1] 1.375551
[1] "iter: 293"
[1] "mu"
[1] "done_mu"
[1] "pi"
[1] "done_pi"
[1] "mu"
[1] "done_mu"
[1] "pi"
[1] "done_pi"
[1] 1.398931
[1] "iter: 294"
[1] "mu"
[1] "done_mu"
[1] "pi"
[1] "done_pi"
[1] "mu"
[1] "done_mu"
[1] "pi"
[1] "done_pi"
[1] 1.409453
[1] "iter: 295"
[1] "mu"
[1] "done_mu"
[1] "pi"
[1] "done_pi"
[1] "mu"
[1] "done_mu"
[1] "pi"
[1] "done_pi"
[1] 1.384332
[1] "iter: 296"
[1] "mu"
[1] "done_mu"
[1] "pi"
[1] "done_pi"
[1] "mu"
[1] "done_mu"
[1] "pi"
[1] "done_pi"
[1] 1.369669
[1] "iter: 297"
[1] "mu"
[1] "done_mu"
[1] "pi"
[1] "done_pi"
[1] "mu"
[1] "done_mu"
[1] "pi"
[1] "done_pi"
[1] 1.385716
[1] "iter: 298"
[1] "mu"
[1] "done_mu"
[1] "pi"
[1] "done_pi"
[1] "mu"
[1] "done_mu"
[1] "pi"
[1] "done_pi"
[1] 1.394322
[1] "iter: 299"
[1] "mu"
[1] "done_mu"
[1] "pi"
[1] "done_pi"
[1] "mu"
[1] "done_mu"
[1] "pi"
[1] "done_pi"
[1] 1.358369
[1] "iter: 300"
[1] "mu"
[1] "done_mu"
[1] "pi"
[1] "done_pi"
[1] "mu"
[1] "done_mu"
[1] "pi"
[1] "done_pi"
[1] 1.347747
[1] "iter: 301"
[1] "mu"
[1] "done_mu"
[1] "pi"
[1] "done_pi"
[1] "mu"
[1] "done_mu"
[1] "pi"
[1] "done_pi"
[1] 1.403868
[1] "iter: 302"
[1] "mu"
[1] "done_mu"
[1] "pi"
[1] "done_pi"
[1] "mu"
[1] "done_mu"
[1] "pi"
[1] "done_pi"
[1] 1.348454
[1] "iter: 303"
[1] "mu"
[1] "done_mu"
[1] "pi"
[1] "done_pi"
[1] "mu"
[1] "done_mu"
[1] "pi"
[1] "done_pi"
[1] 1.406274
[1] "iter: 304"
[1] "mu"
[1] "done_mu"
[1] "pi"
[1] "done_pi"
[1] "mu"
[1] "done_mu"
[1] "pi"
[1] "done_pi"
[1] 1.375111
[1] "iter: 305"
[1] "mu"
[1] "done_mu"
[1] "pi"
[1] "done_pi"
[1] "mu"
[1] "done_mu"
[1] "pi"
[1] "done_pi"
[1] 1.372574
[1] "iter: 306"
[1] "mu"
[1] "done_mu"
[1] "pi"
[1] "done_pi"
[1] "mu"
[1] "done_mu"
[1] "pi"
[1] "done_pi"
[1] 1.378529
[1] "iter: 307"
[1] "mu"
[1] "done_mu"
[1] "pi"
[1] "done_pi"
[1] "mu"
[1] "done_mu"
[1] "pi"
[1] "done_pi"
[1] 1.368791
[1] "iter: 308"
[1] "mu"
[1] "done_mu"
[1] "pi"
[1] "done_pi"
[1] "mu"
[1] "done_mu"
[1] "pi"
[1] "done_pi"
[1] 1.375117
[1] "iter: 309"
[1] "mu"
[1] "done_mu"
[1] "pi"
[1] "done_pi"
[1] "mu"
[1] "done_mu"
[1] "pi"
[1] "done_pi"
[1] 1.378678
[1] "iter: 310"
[1] "mu"
[1] "done_mu"
[1] "pi"
[1] "done_pi"
[1] "mu"
[1] "done_mu"
[1] "pi"
[1] "done_pi"
[1] 1.357862
[1] "iter: 311"
[1] "mu"
[1] "done_mu"
[1] "pi"
[1] "done_pi"
[1] "mu"
[1] "done_mu"
[1] "pi"
[1] "done_pi"
[1] 1.397452
[1] "iter: 312"
[1] "mu"
[1] "done_mu"
[1] "pi"
[1] "done_pi"
[1] "mu"
[1] "done_mu"
[1] "pi"
[1] "done_pi"
[1] 1.40683
[1] "iter: 313"
[1] "mu"
[1] "done_mu"
[1] "pi"
[1] "done_pi"
[1] "mu"
[1] "done_mu"
[1] "pi"
[1] "done_pi"
[1] 1.394153
[1] "iter: 314"
[1] "mu"
[1] "done_mu"
[1] "pi"
[1] "done_pi"
[1] "mu"
[1] "done_mu"
[1] "pi"
[1] "done_pi"
[1] 1.392284
[1] "iter: 315"
[1] "mu"
[1] "done_mu"
[1] "pi"
[1] "done_pi"
[1] "mu"
[1] "done_mu"
[1] "pi"
[1] "done_pi"
[1] 1.413342
[1] "iter: 316"
[1] "mu"
[1] "done_mu"
[1] "pi"
[1] "done_pi"
[1] "mu"
[1] "done_mu"
[1] "pi"
[1] "done_pi"
[1] 1.333584
[1] "iter: 317"
[1] "mu"
[1] "done_mu"
[1] "pi"
[1] "done_pi"
[1] "mu"
[1] "done_mu"
[1] "pi"
[1] "done_pi"
[1] 1.394511
[1] "iter: 318"
[1] "mu"
[1] "done_mu"
[1] "pi"
[1] "done_pi"
[1] "mu"
[1] "done_mu"
[1] "pi"
[1] "done_pi"
[1] 1.353982
[1] "iter: 319"
[1] "mu"
[1] "done_mu"
[1] "pi"
[1] "done_pi"
[1] "mu"
[1] "done_mu"
[1] "pi"
[1] "done_pi"
[1] 1.383802
[1] "iter: 320"
[1] "mu"
[1] "done_mu"
[1] "pi"
[1] "done_pi"
[1] "mu"
[1] "done_mu"
[1] "pi"
[1] "done_pi"
[1] 1.405517
[1] "iter: 321"
[1] "mu"
[1] "done_mu"
[1] "pi"
[1] "done_pi"
[1] "mu"
[1] "done_mu"
[1] "pi"
[1] "done_pi"
[1] 1.386348
[1] "iter: 322"
[1] "mu"
[1] "done_mu"
[1] "pi"
[1] "done_pi"
[1] "mu"
[1] "done_mu"
[1] "pi"
[1] "done_pi"
[1] 1.385165
[1] "iter: 323"
[1] "mu"
[1] "done_mu"
[1] "pi"
[1] "done_pi"
[1] "mu"
[1] "done_mu"
[1] "pi"
[1] "done_pi"
[1] 1.400606
[1] "iter: 324"
[1] "mu"
[1] "done_mu"
[1] "pi"
[1] "done_pi"
[1] "mu"
[1] "done_mu"
[1] "pi"
[1] "done_pi"
[1] 1.390869
[1] "iter: 325"
[1] "mu"
[1] "done_mu"
[1] "pi"
[1] "done_pi"
[1] "mu"
[1] "done_mu"
[1] "pi"
[1] "done_pi"
[1] 1.37911
[1] "iter: 326"
[1] "mu"
[1] "done_mu"
[1] "pi"
[1] "done_pi"
[1] "mu"
[1] "done_mu"
[1] "pi"
[1] "done_pi"
[1] 1.374383
[1] "iter: 327"
[1] "mu"
[1] "done_mu"
[1] "pi"
[1] "done_pi"
[1] "mu"
[1] "done_mu"
[1] "pi"
[1] "done_pi"
[1] 1.387053
[1] "iter: 328"
[1] "mu"
[1] "done_mu"
[1] "pi"
[1] "done_pi"
[1] "mu"
[1] "done_mu"
[1] "pi"
[1] "done_pi"
[1] 1.352173
[1] "iter: 329"
[1] "mu"
[1] "done_mu"
[1] "pi"
[1] "done_pi"
[1] "mu"
[1] "done_mu"
[1] "pi"
[1] "done_pi"
[1] 1.341618
[1] "iter: 330"
[1] "mu"
[1] "done_mu"
[1] "pi"
[1] "done_pi"
[1] "mu"
[1] "done_mu"
[1] "pi"
[1] "done_pi"
[1] 1.393594
[1] "iter: 331"
[1] "mu"
[1] "done_mu"
[1] "pi"
[1] "done_pi"
[1] "mu"
[1] "done_mu"
[1] "pi"
[1] "done_pi"
[1] 1.384728
[1] "iter: 332"
[1] "mu"
[1] "done_mu"
[1] "pi"
[1] "done_pi"
[1] "mu"
[1] "done_mu"
[1] "pi"
[1] "done_pi"
[1] 1.47661
[1] "iter: 333"
[1] "mu"
[1] "done_mu"
[1] "pi"
[1] "done_pi"
[1] "mu"
[1] "done_mu"
[1] "pi"
[1] "done_pi"
[1] 1.402785
[1] "iter: 334"
[1] "mu"
[1] "done_mu"
[1] "pi"
[1] "done_pi"
[1] "mu"
[1] "done_mu"
[1] "pi"
[1] "done_pi"
[1] 1.36268
[1] "iter: 335"
[1] "mu"
[1] "done_mu"
[1] "pi"
[1] "done_pi"
[1] "mu"
[1] "done_mu"
[1] "pi"
[1] "done_pi"
[1] 1.313178
[1] "iter: 336"
[1] "mu"
[1] "done_mu"
[1] "pi"
[1] "done_pi"
[1] "mu"
[1] "done_mu"
[1] "pi"
[1] "done_pi"
[1] 1.337019
[1] "iter: 337"
[1] "mu"
[1] "done_mu"
[1] "pi"
[1] "done_pi"
[1] "mu"
[1] "done_mu"
[1] "pi"
[1] "done_pi"
[1] 1.343278
[1] "iter: 338"
[1] "mu"
[1] "done_mu"
[1] "pi"
[1] "done_pi"
[1] "mu"
[1] "done_mu"
[1] "pi"
[1] "done_pi"
[1] 1.319893
[1] "iter: 339"
[1] "mu"
[1] "done_mu"
[1] "pi"
[1] "done_pi"
[1] "mu"
[1] "done_mu"
[1] "pi"
[1] "done_pi"
[1] 1.33154
[1] "iter: 340"
[1] "mu"
[1] "done_mu"
[1] "pi"
[1] "done_pi"
[1] "mu"
[1] "done_mu"
[1] "pi"
[1] "done_pi"
[1] 1.443029
[1] "iter: 341"
[1] "mu"
[1] "done_mu"
[1] "pi"
[1] "done_pi"
[1] "mu"
[1] "done_mu"
[1] "pi"
[1] "done_pi"
[1] 1.392136
[1] "iter: 342"
[1] "mu"
[1] "done_mu"
[1] "pi"
[1] "done_pi"
[1] "mu"
[1] "done_mu"
[1] "pi"
[1] "done_pi"
[1] 1.378736
[1] "iter: 343"
[1] "mu"
[1] "done_mu"
[1] "pi"
[1] "done_pi"
[1] "mu"
[1] "done_mu"
[1] "pi"
[1] "done_pi"
[1] 1.357395
[1] "iter: 344"
[1] "mu"
[1] "done_mu"
[1] "pi"
[1] "done_pi"
[1] "mu"
[1] "done_mu"
[1] "pi"
[1] "done_pi"
[1] 1.331408
[1] "iter: 345"
[1] "mu"
[1] "done_mu"
[1] "pi"
[1] "done_pi"
[1] "mu"
[1] "done_mu"
[1] "pi"
[1] "done_pi"
[1] 1.408595
[1] "iter: 346"
[1] "mu"
[1] "done_mu"
[1] "pi"
[1] "done_pi"
[1] "mu"
[1] "done_mu"
[1] "pi"
[1] "done_pi"
[1] 1.330905
[1] "iter: 347"
[1] "mu"
[1] "done_mu"
[1] "pi"
[1] "done_pi"
[1] "mu"
[1] "done_mu"
[1] "pi"
[1] "done_pi"
[1] 1.359127
[1] "iter: 348"
[1] "mu"
[1] "done_mu"
[1] "pi"
[1] "done_pi"
[1] "mu"
[1] "done_mu"
[1] "pi"
[1] "done_pi"
[1] 1.398348
[1] "iter: 349"
[1] "mu"
[1] "done_mu"
[1] "pi"
[1] "done_pi"
[1] "mu"
[1] "done_mu"
[1] "pi"
[1] "done_pi"
[1] 1.367008
[1] "iter: 350"
[1] "mu"
[1] "done_mu"
[1] "pi"
[1] "done_pi"
[1] "mu"
[1] "done_mu"
[1] "pi"
[1] "done_pi"
[1] 1.371086
[1] "iter: 351"
[1] "mu"
[1] "done_mu"
[1] "pi"
[1] "done_pi"
[1] "mu"
[1] "done_mu"
[1] "pi"
[1] "done_pi"
[1] 1.410817
[1] "iter: 352"
[1] "mu"
[1] "done_mu"
[1] "pi"
[1] "done_pi"
[1] "mu"
[1] "done_mu"
[1] "pi"
[1] "done_pi"
[1] 1.386077
[1] "iter: 353"
[1] "mu"
[1] "done_mu"
[1] "pi"
[1] "done_pi"
[1] "mu"
[1] "done_mu"
[1] "pi"
[1] "done_pi"
[1] 1.378837
[1] "iter: 354"
[1] "mu"
[1] "done_mu"
[1] "pi"
[1] "done_pi"
[1] "mu"
[1] "done_mu"
[1] "pi"
[1] "done_pi"
[1] 1.419833
[1] "iter: 355"
[1] "mu"
[1] "done_mu"
[1] "pi"
[1] "done_pi"
[1] "mu"
[1] "done_mu"
[1] "pi"
[1] "done_pi"
[1] 1.377155
[1] "iter: 356"
[1] "mu"
[1] "done_mu"
[1] "pi"
[1] "done_pi"
[1] "mu"
[1] "done_mu"
[1] "pi"
[1] "done_pi"
[1] 1.346883
[1] "iter: 357"
[1] "mu"
[1] "done_mu"
[1] "pi"
[1] "done_pi"
[1] "mu"
[1] "done_mu"
[1] "pi"
[1] "done_pi"
[1] 1.357509
[1] "iter: 358"
[1] "mu"
[1] "done_mu"
[1] "pi"
[1] "done_pi"
[1] "mu"
[1] "done_mu"
[1] "pi"
[1] "done_pi"
[1] 1.403299
[1] "iter: 359"
[1] "mu"
[1] "done_mu"
[1] "pi"
[1] "done_pi"
[1] "mu"
[1] "done_mu"
[1] "pi"
[1] "done_pi"
[1] 1.425431
[1] "iter: 360"
[1] "mu"
[1] "done_mu"
[1] "pi"
[1] "done_pi"
[1] "mu"
[1] "done_mu"
[1] "pi"
[1] "done_pi"
[1] 1.363981
[1] "iter: 361"
[1] "mu"
[1] "done_mu"
[1] "pi"
[1] "done_pi"
[1] "mu"
[1] "done_mu"
[1] "pi"
[1] "done_pi"
[1] 1.386702
[1] "iter: 362"
[1] "mu"
[1] "done_mu"
[1] "pi"
[1] "done_pi"
[1] "mu"
[1] "done_mu"
[1] "pi"
[1] "done_pi"
[1] 1.347022
[1] "iter: 363"
[1] "mu"
[1] "done_mu"
[1] "pi"
[1] "done_pi"
[1] "mu"
[1] "done_mu"
[1] "pi"
[1] "done_pi"
[1] 1.395108
[1] "iter: 364"
[1] "mu"
[1] "done_mu"
[1] "pi"
[1] "done_pi"
[1] "mu"
[1] "done_mu"
[1] "pi"
[1] "done_pi"
[1] 1.395254
[1] "iter: 365"
[1] "mu"
[1] "done_mu"
[1] "pi"
[1] "done_pi"
[1] "mu"
[1] "done_mu"
[1] "pi"
[1] "done_pi"
[1] 1.327085
[1] "iter: 366"
[1] "mu"
[1] "done_mu"
[1] "pi"
[1] "done_pi"
[1] "mu"
[1] "done_mu"
[1] "pi"
[1] "done_pi"
[1] 1.382396
[1] "iter: 367"
[1] "mu"
[1] "done_mu"
[1] "pi"
[1] "done_pi"
[1] "mu"
[1] "done_mu"
[1] "pi"
[1] "done_pi"
[1] 1.358905
[1] "iter: 368"
[1] "mu"
[1] "done_mu"
[1] "pi"
[1] "done_pi"
[1] "mu"
[1] "done_mu"
[1] "pi"
[1] "done_pi"
[1] 1.418701
[1] "iter: 369"
[1] "mu"
[1] "done_mu"
[1] "pi"
[1] "done_pi"
[1] "mu"
[1] "done_mu"
[1] "pi"
[1] "done_pi"
[1] 1.376408
[1] "iter: 370"
[1] "mu"
[1] "done_mu"
[1] "pi"
[1] "done_pi"
[1] "mu"
[1] "done_mu"
[1] "pi"
[1] "done_pi"
[1] 1.410994
[1] "iter: 371"
[1] "mu"
[1] "done_mu"
[1] "pi"
[1] "done_pi"
[1] "mu"
[1] "done_mu"
[1] "pi"
[1] "done_pi"
[1] 1.37449
[1] "iter: 372"
[1] "mu"
[1] "done_mu"
[1] "pi"
[1] "done_pi"
[1] "mu"
[1] "done_mu"
[1] "pi"
[1] "done_pi"
[1] 1.414372
[1] "iter: 373"
[1] "mu"
[1] "done_mu"
[1] "pi"
[1] "done_pi"
[1] "mu"
[1] "done_mu"
[1] "pi"
[1] "done_pi"
[1] 1.368995
[1] "iter: 374"
[1] "mu"
[1] "done_mu"
[1] "pi"
[1] "done_pi"
[1] "mu"
[1] "done_mu"
[1] "pi"
[1] "done_pi"
[1] 1.405296
[1] "iter: 375"
[1] "mu"
[1] "done_mu"
[1] "pi"
[1] "done_pi"
[1] "mu"
[1] "done_mu"
[1] "pi"
[1] "done_pi"
[1] 1.376786
[1] "iter: 376"
[1] "mu"
[1] "done_mu"
[1] "pi"
[1] "done_pi"
[1] "mu"
[1] "done_mu"
[1] "pi"
[1] "done_pi"
[1] 1.388497
[1] "iter: 377"
[1] "mu"
[1] "done_mu"
[1] "pi"
[1] "done_pi"
[1] "mu"
[1] "done_mu"
[1] "pi"
[1] "done_pi"
[1] 1.400541
[1] "iter: 378"
[1] "mu"
[1] "done_mu"
[1] "pi"
[1] "done_pi"
[1] "mu"
[1] "done_mu"
[1] "pi"
[1] "done_pi"
[1] 1.372905
[1] "iter: 379"
[1] "mu"
[1] "done_mu"
[1] "pi"
[1] "done_pi"
[1] "mu"
[1] "done_mu"
[1] "pi"
[1] "done_pi"
[1] 1.410424
[1] "iter: 380"
[1] "mu"
[1] "done_mu"
[1] "pi"
[1] "done_pi"
[1] "mu"
[1] "done_mu"
[1] "pi"
[1] "done_pi"
[1] 1.337594
[1] "iter: 381"
[1] "mu"
[1] "done_mu"
[1] "pi"
[1] "done_pi"
[1] "mu"
[1] "done_mu"
[1] "pi"
[1] "done_pi"
[1] 1.353323
[1] "iter: 382"
[1] "mu"
[1] "done_mu"
[1] "pi"
[1] "done_pi"
[1] "mu"
[1] "done_mu"
[1] "pi"
[1] "done_pi"
[1] 1.388242
[1] "iter: 383"
[1] "mu"
[1] "done_mu"
[1] "pi"
[1] "done_pi"
[1] "mu"
[1] "done_mu"
[1] "pi"
[1] "done_pi"
[1] 1.432746
[1] "iter: 384"
[1] "mu"
[1] "done_mu"
[1] "pi"
[1] "done_pi"
[1] "mu"
[1] "done_mu"
[1] "pi"
[1] "done_pi"
[1] 1.371004
[1] "iter: 385"
[1] "mu"
[1] "done_mu"
[1] "pi"
[1] "done_pi"
[1] "mu"
[1] "done_mu"
[1] "pi"
[1] "done_pi"
[1] 1.351001
[1] "iter: 386"
[1] "mu"
[1] "done_mu"
[1] "pi"
[1] "done_pi"
[1] "mu"
[1] "done_mu"
[1] "pi"
[1] "done_pi"
[1] 1.375996
[1] "iter: 387"
[1] "mu"
[1] "done_mu"
[1] "pi"
[1] "done_pi"
[1] "mu"
[1] "done_mu"
[1] "pi"
[1] "done_pi"
[1] 1.380868
[1] "iter: 388"
[1] "mu"
[1] "done_mu"
[1] "pi"
[1] "done_pi"
[1] "mu"
[1] "done_mu"
[1] "pi"
[1] "done_pi"
[1] 1.397339
[1] "iter: 389"
[1] "mu"
[1] "done_mu"
[1] "pi"
[1] "done_pi"
[1] "mu"
[1] "done_mu"
[1] "pi"
[1] "done_pi"
[1] 1.383441
[1] "iter: 390"
[1] "mu"
[1] "done_mu"
[1] "pi"
[1] "done_pi"
[1] "mu"
[1] "done_mu"
[1] "pi"
[1] "done_pi"
[1] 1.424979
[1] "iter: 391"
[1] "mu"
[1] "done_mu"
[1] "pi"
[1] "done_pi"
[1] "mu"
[1] "done_mu"
[1] "pi"
[1] "done_pi"
[1] 1.375463
[1] "iter: 392"
[1] "mu"
[1] "done_mu"
[1] "pi"
[1] "done_pi"
[1] "mu"
[1] "done_mu"
[1] "pi"
[1] "done_pi"
[1] 1.412685
[1] "iter: 393"
[1] "mu"
[1] "done_mu"
[1] "pi"
[1] "done_pi"
[1] "mu"
[1] "done_mu"
[1] "pi"
[1] "done_pi"
[1] 1.366587
[1] "iter: 394"
[1] "mu"
[1] "done_mu"
[1] "pi"
[1] "done_pi"
[1] "mu"
[1] "done_mu"
[1] "pi"
[1] "done_pi"
[1] 1.408452
[1] "iter: 395"
[1] "mu"
[1] "done_mu"
[1] "pi"
[1] "done_pi"
[1] "mu"
[1] "done_mu"
[1] "pi"
[1] "done_pi"
[1] 1.458861
[1] "iter: 396"
[1] "mu"
[1] "done_mu"
[1] "pi"
[1] "done_pi"
[1] "mu"
[1] "done_mu"
[1] "pi"
[1] "done_pi"
[1] 1.380343
[1] "iter: 397"
[1] "mu"
[1] "done_mu"
[1] "pi"
[1] "done_pi"
[1] "mu"
[1] "done_mu"
[1] "pi"
[1] "done_pi"
[1] 1.373114
[1] "iter: 398"
[1] "mu"
[1] "done_mu"
[1] "pi"
[1] "done_pi"
[1] "mu"
[1] "done_mu"
[1] "pi"
[1] "done_pi"
[1] 1.404162
[1] "iter: 399"
[1] "mu"
[1] "done_mu"
[1] "pi"
[1] "done_pi"
[1] "mu"
[1] "done_mu"
[1] "pi"
[1] "done_pi"
[1] 1.352512
[1] "iter: 400"
[1] "mu"
[1] "done_mu"
[1] "pi"
[1] "done_pi"
[1] "mu"
[1] "done_mu"
[1] "pi"
[1] "done_pi"
[1] 1.415074
[1] "iter: 401"
[1] "mu"
[1] "done_mu"
[1] "pi"
[1] "done_pi"
[1] "mu"
[1] "done_mu"
[1] "pi"
[1] "done_pi"
[1] 1.374824
[1] "iter: 402"
[1] "mu"
[1] "done_mu"
[1] "pi"
[1] "done_pi"
[1] "mu"
[1] "done_mu"
[1] "pi"
[1] "done_pi"
[1] 1.409
[1] "iter: 403"
[1] "mu"
[1] "done_mu"
[1] "pi"
[1] "done_pi"
[1] "mu"
[1] "done_mu"
[1] "pi"
[1] "done_pi"
[1] 1.378531
[1] "iter: 404"
[1] "mu"
[1] "done_mu"
[1] "pi"
[1] "done_pi"
[1] "mu"
[1] "done_mu"
[1] "pi"
[1] "done_pi"
[1] 1.390285
[1] "iter: 405"
[1] "mu"
[1] "done_mu"
[1] "pi"
[1] "done_pi"
[1] "mu"
[1] "done_mu"
[1] "pi"
[1] "done_pi"
[1] 1.412975
[1] "iter: 406"
[1] "mu"
[1] "done_mu"
[1] "pi"
[1] "done_pi"
[1] "mu"
[1] "done_mu"
[1] "pi"
[1] "done_pi"
[1] 1.358853
[1] "iter: 407"
[1] "mu"
[1] "done_mu"
[1] "pi"
[1] "done_pi"
[1] "mu"
[1] "done_mu"
[1] "pi"
[1] "done_pi"
[1] 1.39866
[1] "iter: 408"
[1] "mu"
[1] "done_mu"
[1] "pi"
[1] "done_pi"
[1] "mu"
[1] "done_mu"
[1] "pi"
[1] "done_pi"
[1] 1.360701
[1] "iter: 409"
[1] "mu"
[1] "done_mu"
[1] "pi"
[1] "done_pi"
[1] "mu"
[1] "done_mu"
[1] "pi"
[1] "done_pi"
[1] 1.395335
[1] "iter: 410"
[1] "mu"
[1] "done_mu"
[1] "pi"
[1] "done_pi"
[1] "mu"
[1] "done_mu"
[1] "pi"
[1] "done_pi"
[1] 1.435553
[1] "iter: 411"
[1] "mu"
[1] "done_mu"
[1] "pi"
[1] "done_pi"
[1] "mu"
[1] "done_mu"
[1] "pi"
[1] "done_pi"
[1] 1.404632
[1] "iter: 412"
[1] "mu"
[1] "done_mu"
[1] "pi"
[1] "done_pi"
[1] "mu"
[1] "done_mu"
[1] "pi"
[1] "done_pi"
[1] 1.38058
[1] "iter: 413"
[1] "mu"
[1] "done_mu"
[1] "pi"
[1] "done_pi"
[1] "mu"
[1] "done_mu"
[1] "pi"
[1] "done_pi"
[1] 1.333875
[1] "iter: 414"
[1] "mu"
[1] "done_mu"
[1] "pi"
[1] "done_pi"
[1] "mu"
[1] "done_mu"
[1] "pi"
[1] "done_pi"
[1] 1.347809
[1] "iter: 415"
[1] "mu"
[1] "done_mu"
[1] "pi"
[1] "done_pi"
[1] "mu"
[1] "done_mu"
[1] "pi"
[1] "done_pi"
[1] 1.397152
[1] "iter: 416"
[1] "mu"
[1] "done_mu"
[1] "pi"
[1] "done_pi"
[1] "mu"
[1] "done_mu"
[1] "pi"
[1] "done_pi"
[1] 1.385932
[1] "iter: 417"
[1] "mu"
[1] "done_mu"
[1] "pi"
[1] "done_pi"
[1] "mu"
[1] "done_mu"
[1] "pi"
[1] "done_pi"
[1] 1.394309
[1] "iter: 418"
[1] "mu"
[1] "done_mu"
[1] "pi"
[1] "done_pi"
[1] "mu"
[1] "done_mu"
[1] "pi"
[1] "done_pi"
[1] 1.383495
[1] "iter: 419"
[1] "mu"
[1] "done_mu"
[1] "pi"
[1] "done_pi"
[1] "mu"
[1] "done_mu"
[1] "pi"
[1] "done_pi"
[1] 1.377412
[1] "iter: 420"
[1] "mu"
[1] "done_mu"
[1] "pi"
[1] "done_pi"
[1] "mu"
[1] "done_mu"
[1] "pi"
[1] "done_pi"
[1] 1.42955
[1] "iter: 421"
[1] "mu"
[1] "done_mu"
[1] "pi"
[1] "done_pi"
[1] "mu"
[1] "done_mu"
[1] "pi"
[1] "done_pi"
[1] 1.384817
[1] "iter: 422"
[1] "mu"
[1] "done_mu"
[1] "pi"
[1] "done_pi"
[1] "mu"
[1] "done_mu"
[1] "pi"
[1] "done_pi"
[1] 1.421746
[1] "iter: 423"
[1] "mu"
[1] "done_mu"
[1] "pi"
[1] "done_pi"
[1] "mu"
[1] "done_mu"
[1] "pi"
[1] "done_pi"
[1] 1.362139
[1] "iter: 424"
[1] "mu"
[1] "done_mu"
[1] "pi"
[1] "done_pi"
[1] "mu"
[1] "done_mu"
[1] "pi"
[1] "done_pi"
[1] 1.424497
[1] "iter: 425"
[1] "mu"
[1] "done_mu"
[1] "pi"
[1] "done_pi"
[1] "mu"
[1] "done_mu"
[1] "pi"
[1] "done_pi"
[1] 1.350875
[1] "iter: 426"
[1] "mu"
[1] "done_mu"
[1] "pi"
[1] "done_pi"
[1] "mu"
[1] "done_mu"
[1] "pi"
[1] "done_pi"
[1] 1.415373
[1] "iter: 427"
[1] "mu"
[1] "done_mu"
[1] "pi"
[1] "done_pi"
[1] "mu"
[1] "done_mu"
[1] "pi"
[1] "done_pi"
[1] 1.378929
[1] "iter: 428"
[1] "mu"
[1] "done_mu"
[1] "pi"
[1] "done_pi"
[1] "mu"
[1] "done_mu"
[1] "pi"
[1] "done_pi"
[1] 1.424262
[1] "iter: 429"
[1] "mu"
[1] "done_mu"
[1] "pi"
[1] "done_pi"
[1] "mu"
[1] "done_mu"
[1] "pi"
[1] "done_pi"
[1] 1.323491
[1] "iter: 430"
[1] "mu"
[1] "done_mu"
[1] "pi"
[1] "done_pi"
[1] "mu"
[1] "done_mu"
[1] "pi"
[1] "done_pi"
[1] 1.354668
[1] "iter: 431"
[1] "mu"
[1] "done_mu"
[1] "pi"
[1] "done_pi"
[1] "mu"
[1] "done_mu"
[1] "pi"
[1] "done_pi"
[1] 1.35546
[1] "iter: 432"
[1] "mu"
[1] "done_mu"
[1] "pi"
[1] "done_pi"
[1] "mu"
[1] "done_mu"
[1] "pi"
[1] "done_pi"
[1] 1.419125
[1] "iter: 433"
[1] "mu"
[1] "done_mu"
[1] "pi"
[1] "done_pi"
[1] "mu"
[1] "done_mu"
[1] "pi"
[1] "done_pi"
[1] 1.387435
[1] "iter: 434"
[1] "mu"
[1] "done_mu"
[1] "pi"
[1] "done_pi"
[1] "mu"
[1] "done_mu"
[1] "pi"
[1] "done_pi"
[1] 1.396776
[1] "iter: 435"
[1] "mu"
[1] "done_mu"
[1] "pi"
[1] "done_pi"
[1] "mu"
[1] "done_mu"
[1] "pi"
[1] "done_pi"
[1] 1.374596
[1] "iter: 436"
[1] "mu"
[1] "done_mu"
[1] "pi"
[1] "done_pi"
[1] "mu"
[1] "done_mu"
[1] "pi"
[1] "done_pi"
[1] 1.370501
[1] "iter: 437"
[1] "mu"
[1] "done_mu"
[1] "pi"
[1] "done_pi"
[1] "mu"
[1] "done_mu"
[1] "pi"
[1] "done_pi"
[1] 1.418146
[1] "iter: 438"
[1] "mu"
[1] "done_mu"
[1] "pi"
[1] "done_pi"
[1] "mu"
[1] "done_mu"
[1] "pi"
[1] "done_pi"
[1] 1.380749
[1] "iter: 439"
[1] "mu"
[1] "done_mu"
[1] "pi"
[1] "done_pi"
[1] "mu"
[1] "done_mu"
[1] "pi"
[1] "done_pi"
[1] 1.372777
[1] "iter: 440"
[1] "mu"
[1] "done_mu"
[1] "pi"
[1] "done_pi"
[1] "mu"
[1] "done_mu"
[1] "pi"
[1] "done_pi"
[1] 1.328138
[1] "iter: 441"
[1] "mu"
[1] "done_mu"
[1] "pi"
[1] "done_pi"
[1] "mu"
[1] "done_mu"
[1] "pi"
[1] "done_pi"
[1] 1.363889
[1] "iter: 442"
[1] "mu"
[1] "done_mu"
[1] "pi"
[1] "done_pi"
[1] "mu"
[1] "done_mu"
[1] "pi"
[1] "done_pi"
[1] 1.409085
[1] "iter: 443"
[1] "mu"
[1] "done_mu"
[1] "pi"
[1] "done_pi"
[1] "mu"
[1] "done_mu"
[1] "pi"
[1] "done_pi"
[1] 1.374913
[1] "iter: 444"
[1] "mu"
[1] "done_mu"
[1] "pi"
[1] "done_pi"
[1] "mu"
[1] "done_mu"
[1] "pi"
[1] "done_pi"
[1] 1.414221
[1] "iter: 445"
[1] "mu"
[1] "done_mu"
[1] "pi"
[1] "done_pi"
[1] "mu"
[1] "done_mu"
[1] "pi"
[1] "done_pi"
[1] 1.414561
[1] "iter: 446"
[1] "mu"
[1] "done_mu"
[1] "pi"
[1] "done_pi"
[1] "mu"
[1] "done_mu"
[1] "pi"
[1] "done_pi"
[1] 1.350023
[1] "iter: 447"
[1] "mu"
[1] "done_mu"
[1] "pi"
[1] "done_pi"
[1] "mu"
[1] "done_mu"
[1] "pi"
[1] "done_pi"
[1] 1.3876
[1] "iter: 448"
[1] "mu"
[1] "done_mu"
[1] "pi"
[1] "done_pi"
[1] "mu"
[1] "done_mu"
[1] "pi"
[1] "done_pi"
[1] 1.320863
[1] "iter: 449"
[1] "mu"
[1] "done_mu"
[1] "pi"
[1] "done_pi"
[1] "mu"
[1] "done_mu"
[1] "pi"
[1] "done_pi"
[1] 1.417896
[1] "iter: 450"
[1] "mu"
[1] "done_mu"
[1] "pi"
[1] "done_pi"
[1] "mu"
[1] "done_mu"
[1] "pi"
[1] "done_pi"
[1] 1.425033
[1] "iter: 451"
[1] "mu"
[1] "done_mu"
[1] "pi"
[1] "done_pi"
[1] "mu"
[1] "done_mu"
[1] "pi"
[1] "done_pi"
[1] 1.425364
[1] "iter: 452"
[1] "mu"
[1] "done_mu"
[1] "pi"
[1] "done_pi"
[1] "mu"
[1] "done_mu"
[1] "pi"
[1] "done_pi"
[1] 1.361632
[1] "iter: 453"
[1] "mu"
[1] "done_mu"
[1] "pi"
[1] "done_pi"
[1] "mu"
[1] "done_mu"
[1] "pi"
[1] "done_pi"
[1] 1.383506
[1] "iter: 454"
[1] "mu"
[1] "done_mu"
[1] "pi"
[1] "done_pi"
[1] "mu"
[1] "done_mu"
[1] "pi"
[1] "done_pi"
[1] 1.396104
[1] "iter: 455"
[1] "mu"
[1] "done_mu"
[1] "pi"
[1] "done_pi"
[1] "mu"
[1] "done_mu"
[1] "pi"
[1] "done_pi"
[1] 1.404473
[1] "iter: 456"
[1] "mu"
[1] "done_mu"
[1] "pi"
[1] "done_pi"
[1] "mu"
[1] "done_mu"
[1] "pi"
[1] "done_pi"
[1] 1.411131
[1] "iter: 457"
[1] "mu"
[1] "done_mu"
[1] "pi"
[1] "done_pi"
[1] "mu"
[1] "done_mu"
[1] "pi"
[1] "done_pi"
[1] 1.363447
[1] "iter: 458"
[1] "mu"
[1] "done_mu"
[1] "pi"
[1] "done_pi"
[1] "mu"
[1] "done_mu"
[1] "pi"
[1] "done_pi"
[1] 1.420436
[1] "iter: 459"
[1] "mu"
[1] "done_mu"
[1] "pi"
[1] "done_pi"
[1] "mu"
[1] "done_mu"
[1] "pi"
[1] "done_pi"
[1] 1.431401
[1] "iter: 460"
[1] "mu"
[1] "done_mu"
[1] "pi"
[1] "done_pi"
[1] "mu"
[1] "done_mu"
[1] "pi"
[1] "done_pi"
[1] 1.396657
[1] "iter: 461"
[1] "mu"
[1] "done_mu"
[1] "pi"
[1] "done_pi"
[1] "mu"
[1] "done_mu"
[1] "pi"
[1] "done_pi"
[1] 1.375996
[1] "iter: 462"
[1] "mu"
[1] "done_mu"
[1] "pi"
[1] "done_pi"
[1] "mu"
[1] "done_mu"
[1] "pi"
[1] "done_pi"
[1] 1.380868
[1] "iter: 463"
[1] "mu"
[1] "done_mu"
[1] "pi"
[1] "done_pi"
[1] "mu"
[1] "done_mu"
[1] "pi"
[1] "done_pi"
[1] 1.397339
[1] "iter: 464"
[1] "mu"
[1] "done_mu"
[1] "pi"
[1] "done_pi"
[1] "mu"
[1] "done_mu"
[1] "pi"
[1] "done_pi"
[1] 1.383441
[1] "iter: 465"
[1] "mu"
[1] "done_mu"
[1] "pi"
[1] "done_pi"
[1] "mu"
[1] "done_mu"
[1] "pi"
[1] "done_pi"
[1] 1.424979
[1] "iter: 466"
[1] "mu"
[1] "done_mu"
[1] "pi"
[1] "done_pi"
[1] "mu"
[1] "done_mu"
[1] "pi"
[1] "done_pi"
[1] 1.375463
[1] "iter: 467"
[1] "mu"
[1] "done_mu"
[1] "pi"
[1] "done_pi"
[1] "mu"
[1] "done_mu"
[1] "pi"
[1] "done_pi"
[1] 1.412685
[1] "iter: 468"
[1] "mu"
[1] "done_mu"
[1] "pi"
[1] "done_pi"
[1] "mu"
[1] "done_mu"
[1] "pi"
[1] "done_pi"
[1] 1.366587
[1] "iter: 469"
[1] "mu"
[1] "done_mu"
[1] "pi"
[1] "done_pi"
[1] "mu"
[1] "done_mu"
[1] "pi"
[1] "done_pi"
[1] 1.408452
[1] "iter: 470"
[1] "mu"
[1] "done_mu"
[1] "pi"
[1] "done_pi"
[1] "mu"
[1] "done_mu"
[1] "pi"
[1] "done_pi"
[1] 1.458861
[1] "iter: 471"
[1] "mu"
[1] "done_mu"
[1] "pi"
[1] "done_pi"
[1] "mu"
[1] "done_mu"
[1] "pi"
[1] "done_pi"
[1] 1.380343
[1] "iter: 472"
[1] "mu"
[1] "done_mu"
[1] "pi"
[1] "done_pi"
[1] "mu"
[1] "done_mu"
[1] "pi"
[1] "done_pi"
[1] 1.373114
[1] "iter: 473"
[1] "mu"
[1] "done_mu"
[1] "pi"
[1] "done_pi"
[1] "mu"
[1] "done_mu"
[1] "pi"
[1] "done_pi"
[1] 1.404162
[1] "iter: 474"
[1] "mu"
[1] "done_mu"
[1] "pi"
[1] "done_pi"
[1] "mu"
[1] "done_mu"
[1] "pi"
[1] "done_pi"
[1] 1.352512
[1] "iter: 475"
[1] "mu"
[1] "done_mu"
[1] "pi"
[1] "done_pi"
[1] "mu"
[1] "done_mu"
[1] "pi"
[1] "done_pi"
[1] 1.415074
[1] "iter: 476"
[1] "mu"
[1] "done_mu"
[1] "pi"
[1] "done_pi"
[1] "mu"
[1] "done_mu"
[1] "pi"
[1] "done_pi"
[1] 1.374824
[1] "iter: 477"
[1] "mu"
[1] "done_mu"
[1] "pi"
[1] "done_pi"
[1] "mu"
[1] "done_mu"
[1] "pi"
[1] "done_pi"
[1] 1.409
[1] "iter: 478"
[1] "mu"
[1] "done_mu"
[1] "pi"
[1] "done_pi"
[1] "mu"
[1] "done_mu"
[1] "pi"
[1] "done_pi"
[1] 1.378531
[1] "iter: 479"
[1] "mu"
[1] "done_mu"
[1] "pi"
[1] "done_pi"
[1] "mu"
[1] "done_mu"
[1] "pi"
[1] "done_pi"
[1] 1.390285
[1] "iter: 480"
[1] "mu"
[1] "done_mu"
[1] "pi"
[1] "done_pi"
[1] "mu"
[1] "done_mu"
[1] "pi"
[1] "done_pi"
[1] 1.412975
[1] "iter: 481"
[1] "mu"
[1] "done_mu"
[1] "pi"
[1] "done_pi"
[1] "mu"
[1] "done_mu"
[1] "pi"
[1] "done_pi"
[1] 1.358853
[1] "iter: 482"
[1] "mu"
[1] "done_mu"
[1] "pi"
[1] "done_pi"
[1] "mu"
[1] "done_mu"
[1] "pi"
[1] "done_pi"
[1] 1.39866
[1] "iter: 483"
[1] "mu"
[1] "done_mu"
[1] "pi"
[1] "done_pi"
[1] "mu"
[1] "done_mu"
[1] "pi"
[1] "done_pi"
[1] 1.360701
[1] "iter: 484"
[1] "mu"
[1] "done_mu"
[1] "pi"
[1] "done_pi"
[1] "mu"
[1] "done_mu"
[1] "pi"
[1] "done_pi"
[1] 1.395335
[1] "iter: 485"
[1] "mu"
[1] "done_mu"
[1] "pi"
[1] "done_pi"
[1] "mu"
[1] "done_mu"
[1] "pi"
[1] "done_pi"
[1] 1.435553
[1] "iter: 486"
[1] "mu"
[1] "done_mu"
[1] "pi"
[1] "done_pi"
[1] "mu"
[1] "done_mu"
[1] "pi"
[1] "done_pi"
[1] 1.404632
[1] "iter: 487"
[1] "mu"
[1] "done_mu"
[1] "pi"
[1] "done_pi"
[1] "mu"
[1] "done_mu"
[1] "pi"
[1] "done_pi"
[1] 1.38058
[1] "iter: 488"
[1] "mu"
[1] "done_mu"
[1] "pi"
[1] "done_pi"
[1] "mu"
[1] "done_mu"
[1] "pi"
[1] "done_pi"
[1] 1.333875
[1] "iter: 489"
[1] "mu"
[1] "done_mu"
[1] "pi"
[1] "done_pi"
[1] "mu"
[1] "done_mu"
[1] "pi"
[1] "done_pi"
[1] 1.347809
[1] "iter: 490"
[1] "mu"
[1] "done_mu"
[1] "pi"
[1] "done_pi"
[1] "mu"
[1] "done_mu"
[1] "pi"
[1] "done_pi"
[1] 1.397152
[1] "iter: 491"
[1] "mu"
[1] "done_mu"
[1] "pi"
[1] "done_pi"
[1] "mu"
[1] "done_mu"
[1] "pi"
[1] "done_pi"
[1] 1.385932
[1] "iter: 492"
[1] "mu"
[1] "done_mu"
[1] "pi"
[1] "done_pi"
[1] "mu"
[1] "done_mu"
[1] "pi"
[1] "done_pi"
[1] 1.394309
[1] "iter: 493"
[1] "mu"
[1] "done_mu"
[1] "pi"
[1] "done_pi"
[1] "mu"
[1] "done_mu"
[1] "pi"
[1] "done_pi"
[1] 1.383495
[1] "iter: 494"
[1] "mu"
[1] "done_mu"
[1] "pi"
[1] "done_pi"
[1] "mu"
[1] "done_mu"
[1] "pi"
[1] "done_pi"
[1] 1.377412
[1] "iter: 495"
[1] "mu"
[1] "done_mu"
[1] "pi"
[1] "done_pi"
[1] "mu"
[1] "done_mu"
[1] "pi"
[1] "done_pi"
[1] 1.42955
[1] "iter: 496"
[1] "mu"
[1] "done_mu"
[1] "pi"
[1] "done_pi"
[1] "mu"
[1] "done_mu"
[1] "pi"
[1] "done_pi"
[1] 1.384817
[1] "iter: 497"
[1] "mu"
[1] "done_mu"
[1] "pi"
[1] "done_pi"
[1] "mu"
[1] "done_mu"
[1] "pi"
[1] "done_pi"
[1] 1.421746
[1] "iter: 498"
[1] "mu"
[1] "done_mu"
[1] "pi"
[1] "done_pi"
[1] "mu"
[1] "done_mu"
[1] "pi"
[1] "done_pi"
[1] 1.362139
[1] "iter: 499"
[1] "mu"
[1] "done_mu"
[1] "pi"
[1] "done_pi"
[1] "mu"
[1] "done_mu"
[1] "pi"
[1] "done_pi"
[1] 1.424497
[1] "iter: 500"
[1] "mu"
[1] "done_mu"
[1] "pi"
[1] "done_pi"
[1] "mu"
[1] "done_mu"
[1] "pi"
[1] "done_pi"
[1] 1.350875
      estimate  CI_left CI_right misp estimator iter
   1: 1.365898 1.305289 1.429511    1     auDRI    1
   2: 1.359216 1.301978 1.416453    1      AIPW    1
   3: 1.409103 1.325575 1.496575    2     auDRI    1
   4: 1.456978 1.330812 1.583143    2      AIPW    1
   5: 1.369173 1.309335 1.425681    3     auDRI    1
  ---                                               
3996: 1.407260 1.283351 1.531169    2      AIPW  500
3997: 1.346342 1.286337 1.402370    3     auDRI  500
3998: 1.346065 1.290758 1.401371    3      AIPW  500
3999: 1.834645 1.730926 1.942410    4     auDRI  500
4000: 1.953022 1.840339 2.065705    4      AIPW  500
