LOADING R
R LOADED
[1] "/home/lvanderl/Rlibs2"                         
[2] "/app/software/R/4.2.2-foss-2021b/lib/R/library"
[1] "/home/lvanderl/sieveSims"
[1] "Fitting mu0 = E[Y|A=0,W]"
[1] "~h(W1) + h(W2) + h(W4) + h(W5)"
[1] "Fitting tau = E[Y|A=1,W] - E[Y|A=0,W]"
[1] "~h(W1) + h(W3) + h(W5)"
[1] "Fitting mu = E[Y|W]"
[1] "~h(W1,W3) + h(W1,W6) + h(W1) + h(W2,W3) + h(W2) + h(W3,W6) + h(W3) + h(W4) + h(W5,W1) + h(W5,W3) + h(W5,W6) + h(W5) + h(W6) + h(W7)"
[1] "Fitting pi = E[A|W]"
NULL
[1] "Fitting tau = E[Y|A=1,W] - E[Y|A=0,W]"
[1] 1.008169
A hal9001 formula object of the form: ~ h(.)[1] "Fitting mu = E[Y|W]"
[1] "~h(W1,W3) + h(W1,W6) + h(W1) + h(W2,W3) + h(W2) + h(W3,W6) + h(W3) + h(W4) + h(W5,W1) + h(W5,W3) + h(W5,W6) + h(W5) + h(W6) + h(W7)"
[1] "Fitting pi = E[A|W]"
NULL
[1] "Fitting tau = E[Y|A=1,W] - E[Y|A=0,W]"
[1] 0.9813659
A hal9001 formula object of the form: ~ h(W7)[1] "Fitting mu0 = E[Y|A=0,W]"
[1] "~h(W1) + h(W2) + h(W4) + h(W5)"
[1] "Fitting tau = E[Y|A=1,W] - E[Y|A=0,W]"
[1] "~h(W1) + h(W3) + h(W5)"
[1] "Fitting mu = E[Y|W]"
[1] "~h(W1,W2) + h(W1,W3) + h(W1,W6) + h(W1,W7) + h(W1) + h(W2,W3) + h(W2) + h(W3,W6) + h(W3,W7) + h(W3) + h(W4) + h(W5,W1) + h(W5,W2) + h(W5,W3) + h(W5,W6) + h(W5) + h(W6) + h(W7)"
[1] "Fitting pi = E[A|W]"
NULL
[1] "Fitting tau = E[Y|A=1,W] - E[Y|A=0,W]"
[1] 1.000773
A hal9001 formula object of the form: ~ h(.)[1] "Fitting mu = E[Y|W]"
[1] "~h(W1,W2) + h(W1,W3) + h(W1,W6) + h(W1,W7) + h(W1) + h(W2,W3) + h(W2) + h(W3,W6) + h(W3,W7) + h(W3) + h(W4) + h(W5,W1) + h(W5,W2) + h(W5,W3) + h(W5,W6) + h(W5) + h(W6) + h(W7)"
[1] "Fitting pi = E[A|W]"
NULL
[1] "Fitting tau = E[Y|A=1,W] - E[Y|A=0,W]"
[1] 0.9434097
A hal9001 formula object of the form: ~ h(W7)[1] "Fitting mu0 = E[Y|A=0,W]"
[1] "~h(W1) + h(W2) + h(W4) + h(W5)"
[1] "Fitting tau = E[Y|A=1,W] - E[Y|A=0,W]"
[1] "~h(W1) + h(W3) + h(W5)"
[1] "Fitting mu = E[Y|W]"
[1] "~h(W1,W3) + h(W1,W6) + h(W1) + h(W2,W3) + h(W2) + h(W3,W6) + h(W3) + h(W4) + h(W5,W2) + h(W5,W3) + h(W5,W6) + h(W5) + h(W6) + h(W7)"
[1] "Fitting pi = E[A|W]"
NULL
[1] "Fitting tau = E[Y|A=1,W] - E[Y|A=0,W]"
[1] 0.9855147
A hal9001 formula object of the form: ~ h(.)[1] "Fitting mu = E[Y|W]"
[1] "~h(W1,W3) + h(W1,W6) + h(W1) + h(W2,W3) + h(W2) + h(W3,W6) + h(W3) + h(W4) + h(W5,W2) + h(W5,W3) + h(W5,W6) + h(W5) + h(W6) + h(W7)"
[1] "Fitting pi = E[A|W]"
NULL
[1] "Fitting tau = E[Y|A=1,W] - E[Y|A=0,W]"
[1] 0.9421038
A hal9001 formula object of the form: ~ h(W7)[1] "Fitting mu0 = E[Y|A=0,W]"
[1] "~h(W1) + h(W2) + h(W4) + h(W5)"
[1] "Fitting tau = E[Y|A=1,W] - E[Y|A=0,W]"
[1] "~h(W1) + h(W3) + h(W4) + h(W5)"
[1] "Fitting mu = E[Y|W]"
[1] "~h(W1,W3) + h(W1) + h(W2,W3) + h(W2) + h(W3) + h(W4) + h(W5,W1) + h(W5,W2) + h(W5,W3) + h(W5,W6) + h(W5,W7) + h(W5) + h(W6) + h(W7)"
[1] "Fitting pi = E[A|W]"
NULL
[1] "Fitting tau = E[Y|A=1,W] - E[Y|A=0,W]"
[1] 0.9698793
A hal9001 formula object of the form: ~ h(.)[1] "Fitting mu = E[Y|W]"
[1] "~h(W1,W3) + h(W1) + h(W2,W3) + h(W2) + h(W3) + h(W4) + h(W5,W1) + h(W5,W2) + h(W5,W3) + h(W5,W6) + h(W5,W7) + h(W5) + h(W6) + h(W7)"
[1] "Fitting pi = E[A|W]"
NULL
[1] "Fitting tau = E[Y|A=1,W] - E[Y|A=0,W]"
[1] 0.9406251
A hal9001 formula object of the form: ~ h(W7)[1] "Fitting mu0 = E[Y|A=0,W]"
[1] "~h(W1) + h(W2) + h(W4) + h(W5)"
[1] "Fitting tau = E[Y|A=1,W] - E[Y|A=0,W]"
[1] "~h(W1) + h(W3) + h(W5)"
[1] "Fitting mu = E[Y|W]"
[1] "~h(W1,W2) + h(W1,W3) + h(W1) + h(W2,W3) + h(W2) + h(W3,W6) + h(W3,W7) + h(W3) + h(W4) + h(W5,W1) + h(W5,W3) + h(W5) + h(W6) + h(W7)"
[1] "Fitting pi = E[A|W]"
NULL
[1] "Fitting tau = E[Y|A=1,W] - E[Y|A=0,W]"
[1] 0.9349894
A hal9001 formula object of the form: ~ h(.)[1] "Fitting mu = E[Y|W]"
[1] "~h(W1,W2) + h(W1,W3) + h(W1) + h(W2,W3) + h(W2) + h(W3,W6) + h(W3,W7) + h(W3) + h(W4) + h(W5,W1) + h(W5,W3) + h(W5) + h(W6) + h(W7)"
[1] "Fitting pi = E[A|W]"
NULL
[1] "Fitting tau = E[Y|A=1,W] - E[Y|A=0,W]"
[1] 0.8666559
A hal9001 formula object of the form: ~ h(W7)[1] "Fitting mu0 = E[Y|A=0,W]"
[1] "~h(W1) + h(W2) + h(W4) + h(W5)"
[1] "Fitting tau = E[Y|A=1,W] - E[Y|A=0,W]"
[1] "~h(W1) + h(W3) + h(W5)"
[1] "Fitting mu = E[Y|W]"
[1] "~h(W1,W3) + h(W1) + h(W2,W3) + h(W2) + h(W3,W6) + h(W3,W7) + h(W3) + h(W4) + h(W5,W1) + h(W5,W2) + h(W5,W3) + h(W5) + h(W6) + h(W7)"
[1] "Fitting pi = E[A|W]"
NULL
[1] "Fitting tau = E[Y|A=1,W] - E[Y|A=0,W]"
[1] 0.9766154
A hal9001 formula object of the form: ~ h(.)[1] "Fitting mu = E[Y|W]"
[1] "~h(W1,W3) + h(W1) + h(W2,W3) + h(W2) + h(W3,W6) + h(W3,W7) + h(W3) + h(W4) + h(W5,W1) + h(W5,W2) + h(W5,W3) + h(W5) + h(W6) + h(W7)"
[1] "Fitting pi = E[A|W]"
NULL
[1] "Fitting tau = E[Y|A=1,W] - E[Y|A=0,W]"
[1] 0.9605256
A hal9001 formula object of the form: ~ h(W7)[1] "Fitting mu0 = E[Y|A=0,W]"
[1] "~h(W1) + h(W2) + h(W4) + h(W5)"
[1] "Fitting tau = E[Y|A=1,W] - E[Y|A=0,W]"
[1] "~h(W1) + h(W3) + h(W5)"
[1] "Fitting mu = E[Y|W]"
[1] "~h(W1,W3) + h(W1,W5) + h(W1) + h(W2,W3) + h(W2) + h(W3,W6) + h(W3,W7) + h(W3) + h(W4) + h(W5,W3) + h(W5,W6) + h(W5) + h(W6) + h(W7)"
[1] "Fitting pi = E[A|W]"
NULL
[1] "Fitting tau = E[Y|A=1,W] - E[Y|A=0,W]"
[1] 0.9911462
A hal9001 formula object of the form: ~ h(.)[1] "Fitting mu = E[Y|W]"
[1] "~h(W1,W3) + h(W1,W5) + h(W1) + h(W2,W3) + h(W2) + h(W3,W6) + h(W3,W7) + h(W3) + h(W4) + h(W5,W3) + h(W5,W6) + h(W5) + h(W6) + h(W7)"
[1] "Fitting pi = E[A|W]"
NULL
[1] "Fitting tau = E[Y|A=1,W] - E[Y|A=0,W]"
[1] 0.9407087
A hal9001 formula object of the form: ~ h(W7)[1] "Fitting mu0 = E[Y|A=0,W]"
[1] "~h(W1) + h(W2) + h(W4) + h(W5)"
[1] "Fitting tau = E[Y|A=1,W] - E[Y|A=0,W]"
[1] "~h(W1) + h(W3) + h(W5)"
[1] "Fitting mu = E[Y|W]"
[1] "~h(W1,W2) + h(W1,W3) + h(W1) + h(W2,W3) + h(W2) + h(W3,W6) + h(W3,W7) + h(W3) + h(W4) + h(W5,W1) + h(W5,W3) + h(W5) + h(W6) + h(W7)"
[1] "Fitting pi = E[A|W]"
NULL
[1] "Fitting tau = E[Y|A=1,W] - E[Y|A=0,W]"
[1] 0.9439925
A hal9001 formula object of the form: ~ h(.)[1] "Fitting mu = E[Y|W]"
[1] "~h(W1,W2) + h(W1,W3) + h(W1) + h(W2,W3) + h(W2) + h(W3,W6) + h(W3,W7) + h(W3) + h(W4) + h(W5,W1) + h(W5,W3) + h(W5) + h(W6) + h(W7)"
[1] "Fitting pi = E[A|W]"
NULL
[1] "Fitting tau = E[Y|A=1,W] - E[Y|A=0,W]"
[1] 0.9253881
A hal9001 formula object of the form: ~ h(W7)[1] "Fitting mu0 = E[Y|A=0,W]"
[1] "~h(W1) + h(W2) + h(W4) + h(W5)"
[1] "Fitting tau = E[Y|A=1,W] - E[Y|A=0,W]"
[1] "~h(W1) + h(W3) + h(W5)"
[1] "Fitting mu = E[Y|W]"
[1] "~h(W1,W2) + h(W1,W3) + h(W1) + h(W2,W3) + h(W2) + h(W3,W6) + h(W3,W7) + h(W3) + h(W4) + h(W5,W1) + h(W5,W2) + h(W5) + h(W6) + h(W7)"
[1] "Fitting pi = E[A|W]"
NULL
[1] "Fitting tau = E[Y|A=1,W] - E[Y|A=0,W]"
[1] 0.9824281
A hal9001 formula object of the form: ~ h(.)[1] "Fitting mu = E[Y|W]"
[1] "~h(W1,W2) + h(W1,W3) + h(W1) + h(W2,W3) + h(W2) + h(W3,W6) + h(W3,W7) + h(W3) + h(W4) + h(W5,W1) + h(W5,W2) + h(W5) + h(W6) + h(W7)"
[1] "Fitting pi = E[A|W]"
NULL
[1] "Fitting tau = E[Y|A=1,W] - E[Y|A=0,W]"
[1] 0.9466076
A hal9001 formula object of the form: ~ h(W7)[1] "Fitting mu0 = E[Y|A=0,W]"
[1] "~h(W1) + h(W2) + h(W4) + h(W5)"
[1] "Fitting tau = E[Y|A=1,W] - E[Y|A=0,W]"
[1] "~h(W1) + h(W3) + h(W5)"
[1] "Fitting mu = E[Y|W]"
[1] "~h(W1,W2) + h(W1,W3) + h(W1,W5) + h(W1) + h(W2,W3) + h(W2) + h(W3,W6) + h(W3,W7) + h(W3) + h(W4) + h(W5,W3) + h(W5) + h(W6) + h(W7)"
[1] "Fitting pi = E[A|W]"
NULL
[1] "Fitting tau = E[Y|A=1,W] - E[Y|A=0,W]"
[1] 0.9803351
A hal9001 formula object of the form: ~ h(.)[1] "Fitting mu = E[Y|W]"
[1] "~h(W1,W2) + h(W1,W3) + h(W1,W5) + h(W1) + h(W2,W3) + h(W2) + h(W3,W6) + h(W3,W7) + h(W3) + h(W4) + h(W5,W3) + h(W5) + h(W6) + h(W7)"
[1] "Fitting pi = E[A|W]"
NULL
[1] "Fitting tau = E[Y|A=1,W] - E[Y|A=0,W]"
[1] 0.9492717
A hal9001 formula object of the form: ~ h(W7)[1] "Fitting mu0 = E[Y|A=0,W]"
[1] "~h(W1) + h(W2) + h(W4) + h(W5)"
[1] "Fitting tau = E[Y|A=1,W] - E[Y|A=0,W]"
[1] "~h(W1) + h(W3) + h(W5) + h(W6)"
[1] "Fitting mu = E[Y|W]"
[1] "~h(W1,W3) + h(W1) + h(W2,W3) + h(W2) + h(W3,W6) + h(W3,W7) + h(W3) + h(W4) + h(W5,W1) + h(W5,W3) + h(W5,W6) + h(W5,W7) + h(W5) + h(W6) + h(W7)"
[1] "Fitting pi = E[A|W]"
NULL
[1] "Fitting tau = E[Y|A=1,W] - E[Y|A=0,W]"
[1] 0.9574899
A hal9001 formula object of the form: ~ h(.)[1] "Fitting mu = E[Y|W]"
[1] "~h(W1,W3) + h(W1) + h(W2,W3) + h(W2) + h(W3,W6) + h(W3,W7) + h(W3) + h(W4) + h(W5,W1) + h(W5,W3) + h(W5,W6) + h(W5,W7) + h(W5) + h(W6) + h(W7)"
[1] "Fitting pi = E[A|W]"
NULL
[1] "Fitting tau = E[Y|A=1,W] - E[Y|A=0,W]"
[1] 0.9065957
A hal9001 formula object of the form: ~ h(W7)[1] "Fitting mu0 = E[Y|A=0,W]"
[1] "~h(W1) + h(W2) + h(W4) + h(W5)"
[1] "Fitting tau = E[Y|A=1,W] - E[Y|A=0,W]"
[1] "~h(W1) + h(W3) + h(W5)"
[1] "Fitting mu = E[Y|W]"
[1] "~h(W1,W3) + h(W1,W5) + h(W1,W7) + h(W1) + h(W2,W3) + h(W2) + h(W3,W6) + h(W3,W7) + h(W3) + h(W4) + h(W5,W6) + h(W5) + h(W6) + h(W7)"
[1] "Fitting pi = E[A|W]"
NULL
[1] "Fitting tau = E[Y|A=1,W] - E[Y|A=0,W]"
[1] 1.00167
A hal9001 formula object of the form: ~ h(.)[1] "Fitting mu = E[Y|W]"
[1] "~h(W1,W3) + h(W1,W5) + h(W1,W7) + h(W1) + h(W2,W3) + h(W2) + h(W3,W6) + h(W3,W7) + h(W3) + h(W4) + h(W5,W6) + h(W5) + h(W6) + h(W7)"
[1] "Fitting pi = E[A|W]"
NULL
[1] "Fitting tau = E[Y|A=1,W] - E[Y|A=0,W]"
[1] 0.9335539
A hal9001 formula object of the form: ~ h(W7)[1] "Fitting mu0 = E[Y|A=0,W]"
[1] "~h(W1) + h(W2) + h(W4) + h(W5)"
[1] "Fitting tau = E[Y|A=1,W] - E[Y|A=0,W]"
[1] "~h(W1) + h(W3) + h(W5)"
[1] "Fitting mu = E[Y|W]"
[1] "~h(W1,W2) + h(W1,W3) + h(W1,W6) + h(W1,W7) + h(W1) + h(W2,W3) + h(W2) + h(W3,W6) + h(W3,W7) + h(W3) + h(W4) + h(W5,W1) + h(W5,W2) + h(W5,W3) + h(W5,W6) + h(W5,W7) + h(W5) + h(W6) + h(W7)"
[1] "Fitting pi = E[A|W]"
NULL
[1] "Fitting tau = E[Y|A=1,W] - E[Y|A=0,W]"
[1] 0.9547018
A hal9001 formula object of the form: ~ h(.)[1] "Fitting mu = E[Y|W]"
[1] "~h(W1,W2) + h(W1,W3) + h(W1,W6) + h(W1,W7) + h(W1) + h(W2,W3) + h(W2) + h(W3,W6) + h(W3,W7) + h(W3) + h(W4) + h(W5,W1) + h(W5,W2) + h(W5,W3) + h(W5,W6) + h(W5,W7) + h(W5) + h(W6) + h(W7)"
[1] "Fitting pi = E[A|W]"
NULL
[1] "Fitting tau = E[Y|A=1,W] - E[Y|A=0,W]"
[1] 0.9184337
A hal9001 formula object of the form: ~ h(W7)[1] "Fitting mu0 = E[Y|A=0,W]"
[1] "~h(W1) + h(W2) + h(W4) + h(W5)"
[1] "Fitting tau = E[Y|A=1,W] - E[Y|A=0,W]"
[1] "~h(W1) + h(W3) + h(W5)"
[1] "Fitting mu = E[Y|W]"
[1] "~h(W1,W2) + h(W1,W3) + h(W1) + h(W2,W3) + h(W2) + h(W3,W6) + h(W3,W7) + h(W3) + h(W4) + h(W5,W1) + h(W5,W2) + h(W5,W3) + h(W5) + h(W6) + h(W7)"
[1] "Fitting pi = E[A|W]"
NULL
[1] "Fitting tau = E[Y|A=1,W] - E[Y|A=0,W]"
[1] 0.9690202
A hal9001 formula object of the form: ~ h(.)[1] "Fitting mu = E[Y|W]"
[1] "~h(W1,W2) + h(W1,W3) + h(W1) + h(W2,W3) + h(W2) + h(W3,W6) + h(W3,W7) + h(W3) + h(W4) + h(W5,W1) + h(W5,W2) + h(W5,W3) + h(W5) + h(W6) + h(W7)"
[1] "Fitting pi = E[A|W]"
NULL
[1] "Fitting tau = E[Y|A=1,W] - E[Y|A=0,W]"
[1] 0.9263417
A hal9001 formula object of the form: ~ h(W7)[1] "Fitting mu0 = E[Y|A=0,W]"
[1] "~h(W1) + h(W2) + h(W4) + h(W5)"
[1] "Fitting tau = E[Y|A=1,W] - E[Y|A=0,W]"
[1] "~h(W1) + h(W3) + h(W5)"
[1] "Fitting mu = E[Y|W]"
[1] "~h(W1,W3) + h(W1,W6) + h(W1) + h(W2,W3) + h(W2) + h(W3,W6) + h(W3,W7) + h(W3) + h(W4) + h(W5,W1) + h(W5,W2) + h(W5,W3) + h(W5) + h(W6) + h(W7)"
[1] "Fitting pi = E[A|W]"
NULL
[1] "Fitting tau = E[Y|A=1,W] - E[Y|A=0,W]"
[1] 0.9884779
A hal9001 formula object of the form: ~ h(.)[1] "Fitting mu = E[Y|W]"
[1] "~h(W1,W3) + h(W1,W6) + h(W1) + h(W2,W3) + h(W2) + h(W3,W6) + h(W3,W7) + h(W3) + h(W4) + h(W5,W1) + h(W5,W2) + h(W5,W3) + h(W5) + h(W6) + h(W7)"
[1] "Fitting pi = E[A|W]"
NULL
[1] "Fitting tau = E[Y|A=1,W] - E[Y|A=0,W]"
[1] 0.9337909
A hal9001 formula object of the form: ~ h(W7)[1] "Fitting mu0 = E[Y|A=0,W]"
[1] "~h(W1) + h(W2) + h(W4) + h(W5)"
[1] "Fitting tau = E[Y|A=1,W] - E[Y|A=0,W]"
[1] "~h(W1) + h(W3) + h(W5)"
[1] "Fitting mu = E[Y|W]"
[1] "~h(W1,W3) + h(W1) + h(W2,W3) + h(W2) + h(W3,W6) + h(W3) + h(W4) + h(W5,W1) + h(W5,W2) + h(W5,W3) + h(W5,W6) + h(W5) + h(W6) + h(W7)"
[1] "Fitting pi = E[A|W]"
NULL
[1] "Fitting tau = E[Y|A=1,W] - E[Y|A=0,W]"
[1] 0.9836339
A hal9001 formula object of the form: ~ h(.)[1] "Fitting mu = E[Y|W]"
[1] "~h(W1,W3) + h(W1) + h(W2,W3) + h(W2) + h(W3,W6) + h(W3) + h(W4) + h(W5,W1) + h(W5,W2) + h(W5,W3) + h(W5,W6) + h(W5) + h(W6) + h(W7)"
[1] "Fitting pi = E[A|W]"
NULL
[1] "Fitting tau = E[Y|A=1,W] - E[Y|A=0,W]"
[1] 0.9366564
A hal9001 formula object of the form: ~ h(W7)[1] "Fitting mu0 = E[Y|A=0,W]"
[1] "~h(W1) + h(W2) + h(W4) + h(W5)"
[1] "Fitting tau = E[Y|A=1,W] - E[Y|A=0,W]"
[1] "~h(W1) + h(W2) + h(W3) + h(W5)"
[1] "Fitting mu = E[Y|W]"
[1] "~h(W1,W3) + h(W1,W6) + h(W1) + h(W2,W3) + h(W2) + h(W3,W6) + h(W3,W7) + h(W3) + h(W4) + h(W5,W1) + h(W5,W3) + h(W5,W6) + h(W5,W7) + h(W5) + h(W6) + h(W7)"
[1] "Fitting pi = E[A|W]"
NULL
[1] "Fitting tau = E[Y|A=1,W] - E[Y|A=0,W]"
[1] 1.01597
A hal9001 formula object of the form: ~ h(.)[1] "Fitting mu = E[Y|W]"
[1] "~h(W1,W3) + h(W1,W6) + h(W1) + h(W2,W3) + h(W2) + h(W3,W6) + h(W3,W7) + h(W3) + h(W4) + h(W5,W1) + h(W5,W3) + h(W5,W6) + h(W5,W7) + h(W5) + h(W6) + h(W7)"
[1] "Fitting pi = E[A|W]"
NULL
[1] "Fitting tau = E[Y|A=1,W] - E[Y|A=0,W]"
[1] 0.9759551
A hal9001 formula object of the form: ~ h(W7)[1] "Fitting mu0 = E[Y|A=0,W]"
[1] "~h(W1) + h(W2) + h(W4) + h(W5)"
[1] "Fitting tau = E[Y|A=1,W] - E[Y|A=0,W]"
[1] "~h(W1) + h(W3) + h(W5)"
[1] "Fitting mu = E[Y|W]"
[1] "~h(W1,W3) + h(W1,W7) + h(W1) + h(W2,W3) + h(W2) + h(W3) + h(W4) + h(W5,W1) + h(W5,W3) + h(W5,W6) + h(W5) + h(W6) + h(W7)"
[1] "Fitting pi = E[A|W]"
NULL
[1] "Fitting tau = E[Y|A=1,W] - E[Y|A=0,W]"
[1] 0.9887528
A hal9001 formula object of the form: ~ h(.)[1] "Fitting mu = E[Y|W]"
[1] "~h(W1,W3) + h(W1,W7) + h(W1) + h(W2,W3) + h(W2) + h(W3) + h(W4) + h(W5,W1) + h(W5,W3) + h(W5,W6) + h(W5) + h(W6) + h(W7)"
[1] "Fitting pi = E[A|W]"
NULL
[1] "Fitting tau = E[Y|A=1,W] - E[Y|A=0,W]"
[1] 0.9678555
A hal9001 formula object of the form: ~ h(W7)[1] "Fitting mu0 = E[Y|A=0,W]"
[1] "~h(W1) + h(W2) + h(W4) + h(W5)"
[1] "Fitting tau = E[Y|A=1,W] - E[Y|A=0,W]"
[1] "~h(W1) + h(W3) + h(W5)"
[1] "Fitting mu = E[Y|W]"
[1] "~h(W1,W2) + h(W1,W3) + h(W1,W6) + h(W1) + h(W2,W3) + h(W2) + h(W3,W6) + h(W3,W7) + h(W3) + h(W4) + h(W5,W1) + h(W5,W3) + h(W5,W6) + h(W5) + h(W6) + h(W7)"
[1] "Fitting pi = E[A|W]"
NULL
[1] "Fitting tau = E[Y|A=1,W] - E[Y|A=0,W]"
[1] 1.01174
A hal9001 formula object of the form: ~ h(.)[1] "Fitting mu = E[Y|W]"
[1] "~h(W1,W2) + h(W1,W3) + h(W1,W6) + h(W1) + h(W2,W3) + h(W2) + h(W3,W6) + h(W3,W7) + h(W3) + h(W4) + h(W5,W1) + h(W5,W3) + h(W5,W6) + h(W5) + h(W6) + h(W7)"
[1] "Fitting pi = E[A|W]"
NULL
[1] "Fitting tau = E[Y|A=1,W] - E[Y|A=0,W]"
[1] 0.9679891
A hal9001 formula object of the form: ~ h(W7)[1] "Fitting mu0 = E[Y|A=0,W]"
[1] "~h(W1) + h(W2) + h(W4) + h(W5)"
[1] "Fitting tau = E[Y|A=1,W] - E[Y|A=0,W]"
[1] "~h(W1) + h(W3) + h(W5)"
[1] "Fitting mu = E[Y|W]"
[1] "~h(W1,W2) + h(W1,W3) + h(W1) + h(W2) + h(W3,W6) + h(W3) + h(W4) + h(W5,W1) + h(W5,W3) + h(W5,W7) + h(W5) + h(W6) + h(W7)"
[1] "Fitting pi = E[A|W]"
NULL
[1] "Fitting tau = E[Y|A=1,W] - E[Y|A=0,W]"
[1] 0.9829432
A hal9001 formula object of the form: ~ h(.)[1] "Fitting mu = E[Y|W]"
[1] "~h(W1,W2) + h(W1,W3) + h(W1) + h(W2) + h(W3,W6) + h(W3) + h(W4) + h(W5,W1) + h(W5,W3) + h(W5,W7) + h(W5) + h(W6) + h(W7)"
[1] "Fitting pi = E[A|W]"
NULL
[1] "Fitting tau = E[Y|A=1,W] - E[Y|A=0,W]"
[1] 0.9310201
A hal9001 formula object of the form: ~ h(W7)[1] "Fitting mu0 = E[Y|A=0,W]"
[1] "~h(W1) + h(W2) + h(W4) + h(W5)"
[1] "Fitting tau = E[Y|A=1,W] - E[Y|A=0,W]"
[1] "~h(W1) + h(W3) + h(W5)"
[1] "Fitting mu = E[Y|W]"
[1] "~h(W1,W2) + h(W1,W3) + h(W1,W5) + h(W1) + h(W2,W3) + h(W2) + h(W3) + h(W4) + h(W5,W2) + h(W5,W3) + h(W5,W6) + h(W5,W7) + h(W5) + h(W6) + h(W7)"
[1] "Fitting pi = E[A|W]"
NULL
[1] "Fitting tau = E[Y|A=1,W] - E[Y|A=0,W]"
[1] 1.026509
A hal9001 formula object of the form: ~ h(.)[1] "Fitting mu = E[Y|W]"
[1] "~h(W1,W2) + h(W1,W3) + h(W1,W5) + h(W1) + h(W2,W3) + h(W2) + h(W3) + h(W4) + h(W5,W2) + h(W5,W3) + h(W5,W6) + h(W5,W7) + h(W5) + h(W6) + h(W7)"
[1] "Fitting pi = E[A|W]"
NULL
[1] "Fitting tau = E[Y|A=1,W] - E[Y|A=0,W]"
[1] 0.9929649
A hal9001 formula object of the form: ~ h(W7)[1] "Fitting mu0 = E[Y|A=0,W]"
[1] "~h(W1) + h(W2) + h(W4) + h(W5)"
[1] "Fitting tau = E[Y|A=1,W] - E[Y|A=0,W]"
[1] "~h(W1) + h(W3) + h(W5)"
[1] "Fitting mu = E[Y|W]"
[1] "~h(W1,W2) + h(W1,W3) + h(W1) + h(W2) + h(W3,W6) + h(W3,W7) + h(W3) + h(W4) + h(W5,W1) + h(W5,W2) + h(W5,W3) + h(W5) + h(W6) + h(W7)"
[1] "Fitting pi = E[A|W]"
NULL
[1] "Fitting tau = E[Y|A=1,W] - E[Y|A=0,W]"
[1] 0.9902057
A hal9001 formula object of the form: ~ h(.)[1] "Fitting mu = E[Y|W]"
[1] "~h(W1,W2) + h(W1,W3) + h(W1) + h(W2) + h(W3,W6) + h(W3,W7) + h(W3) + h(W4) + h(W5,W1) + h(W5,W2) + h(W5,W3) + h(W5) + h(W6) + h(W7)"
[1] "Fitting pi = E[A|W]"
NULL
[1] "Fitting tau = E[Y|A=1,W] - E[Y|A=0,W]"
[1] 0.973035
A hal9001 formula object of the form: ~ h(W7)[1] "Fitting mu0 = E[Y|A=0,W]"
[1] "~h(W1) + h(W2) + h(W4) + h(W5)"
[1] "Fitting tau = E[Y|A=1,W] - E[Y|A=0,W]"
[1] "~h(W1) + h(W3) + h(W5)"
[1] "Fitting mu = E[Y|W]"
[1] "~h(W1,W2) + h(W1,W3) + h(W1,W6) + h(W1) + h(W2,W3) + h(W2) + h(W3,W6) + h(W3) + h(W4) + h(W5,W1) + h(W5,W2) + h(W5,W3) + h(W5,W6) + h(W5,W7) + h(W5) + h(W6) + h(W7)"
[1] "Fitting pi = E[A|W]"
NULL
[1] "Fitting tau = E[Y|A=1,W] - E[Y|A=0,W]"
[1] 1.009971
A hal9001 formula object of the form: ~ h(.)[1] "Fitting mu = E[Y|W]"
[1] "~h(W1,W2) + h(W1,W3) + h(W1,W6) + h(W1) + h(W2,W3) + h(W2) + h(W3,W6) + h(W3) + h(W4) + h(W5,W1) + h(W5,W2) + h(W5,W3) + h(W5,W6) + h(W5,W7) + h(W5) + h(W6) + h(W7)"
[1] "Fitting pi = E[A|W]"
NULL
[1] "Fitting tau = E[Y|A=1,W] - E[Y|A=0,W]"
[1] 0.9594519
A hal9001 formula object of the form: ~ h(W7)[1] "Fitting mu0 = E[Y|A=0,W]"
[1] "~h(W1) + h(W2) + h(W4) + h(W5)"
[1] "Fitting tau = E[Y|A=1,W] - E[Y|A=0,W]"
[1] "~h(W1) + h(W3) + h(W5)"
[1] "Fitting mu = E[Y|W]"
[1] "~h(W1,W3) + h(W1,W5) + h(W1) + h(W2,W3) + h(W2) + h(W3,W6) + h(W3,W7) + h(W3) + h(W4) + h(W5,W2) + h(W5,W3) + h(W5,W6) + h(W5) + h(W6) + h(W7)"
[1] "Fitting pi = E[A|W]"
NULL
[1] "Fitting tau = E[Y|A=1,W] - E[Y|A=0,W]"
[1] 0.9591727
A hal9001 formula object of the form: ~ h(.)[1] "Fitting mu = E[Y|W]"
[1] "~h(W1,W3) + h(W1,W5) + h(W1) + h(W2,W3) + h(W2) + h(W3,W6) + h(W3,W7) + h(W3) + h(W4) + h(W5,W2) + h(W5,W3) + h(W5,W6) + h(W5) + h(W6) + h(W7)"
[1] "Fitting pi = E[A|W]"
NULL
[1] "Fitting tau = E[Y|A=1,W] - E[Y|A=0,W]"
[1] 0.9294108
A hal9001 formula object of the form: ~ h(W7)[1] "Fitting mu0 = E[Y|A=0,W]"
[1] "~h(W1) + h(W2) + h(W4) + h(W5)"
[1] "Fitting tau = E[Y|A=1,W] - E[Y|A=0,W]"
[1] "~h(W1) + h(W3) + h(W5) + h(W7)"
[1] "Fitting mu = E[Y|W]"
[1] "~h(W1,W3) + h(W1) + h(W2,W3) + h(W2) + h(W3,W6) + h(W3,W7) + h(W3) + h(W4) + h(W5,W1) + h(W5,W2) + h(W5,W3) + h(W5) + h(W6) + h(W7)"
[1] "Fitting pi = E[A|W]"
NULL
[1] "Fitting tau = E[Y|A=1,W] - E[Y|A=0,W]"
[1] 0.9535415
A hal9001 formula object of the form: ~ h(.)[1] "Fitting mu = E[Y|W]"
[1] "~h(W1,W3) + h(W1) + h(W2,W3) + h(W2) + h(W3,W6) + h(W3,W7) + h(W3) + h(W4) + h(W5,W1) + h(W5,W2) + h(W5,W3) + h(W5) + h(W6) + h(W7)"
[1] "Fitting pi = E[A|W]"
NULL
[1] "Fitting tau = E[Y|A=1,W] - E[Y|A=0,W]"
[1] 0.9313714
A hal9001 formula object of the form: ~ h(W7)[1] "Fitting mu0 = E[Y|A=0,W]"
[1] "~h(W1) + h(W2) + h(W4) + h(W5)"
[1] "Fitting tau = E[Y|A=1,W] - E[Y|A=0,W]"
[1] "~h(W1) + h(W2) + h(W3) + h(W5)"
[1] "Fitting mu = E[Y|W]"
[1] "~h(W1,W3) + h(W1,W6) + h(W1) + h(W2,W3) + h(W2) + h(W3,W6) + h(W3) + h(W4) + h(W5,W1) + h(W5,W2) + h(W5,W3) + h(W5,W6) + h(W5) + h(W6) + h(W7)"
[1] "Fitting pi = E[A|W]"
NULL
[1] "Fitting tau = E[Y|A=1,W] - E[Y|A=0,W]"
[1] 0.9531081
A hal9001 formula object of the form: ~ h(.)[1] "Fitting mu = E[Y|W]"
[1] "~h(W1,W3) + h(W1,W6) + h(W1) + h(W2,W3) + h(W2) + h(W3,W6) + h(W3) + h(W4) + h(W5,W1) + h(W5,W2) + h(W5,W3) + h(W5,W6) + h(W5) + h(W6) + h(W7)"
[1] "Fitting pi = E[A|W]"
NULL
[1] "Fitting tau = E[Y|A=1,W] - E[Y|A=0,W]"
[1] 0.9150127
A hal9001 formula object of the form: ~ h(W7)[1] "Fitting mu0 = E[Y|A=0,W]"
[1] "~h(W1) + h(W2) + h(W4) + h(W5)"
[1] "Fitting tau = E[Y|A=1,W] - E[Y|A=0,W]"
[1] "~h(W1) + h(W3) + h(W5)"
[1] "Fitting mu = E[Y|W]"
[1] "~h(W1,W3) + h(W1) + h(W2,W3) + h(W2) + h(W3,W6) + h(W3,W7) + h(W3) + h(W4) + h(W5,W1) + h(W5,W2) + h(W5,W3) + h(W5) + h(W6) + h(W7)"
[1] "Fitting pi = E[A|W]"
NULL
[1] "Fitting tau = E[Y|A=1,W] - E[Y|A=0,W]"
[1] 1.010892
A hal9001 formula object of the form: ~ h(.)[1] "Fitting mu = E[Y|W]"
[1] "~h(W1,W3) + h(W1) + h(W2,W3) + h(W2) + h(W3,W6) + h(W3,W7) + h(W3) + h(W4) + h(W5,W1) + h(W5,W2) + h(W5,W3) + h(W5) + h(W6) + h(W7)"
[1] "Fitting pi = E[A|W]"
NULL
[1] "Fitting tau = E[Y|A=1,W] - E[Y|A=0,W]"
[1] 0.9462079
A hal9001 formula object of the form: ~ h(W7)[1] "Fitting mu0 = E[Y|A=0,W]"
[1] "~h(W1) + h(W2) + h(W4) + h(W5)"
[1] "Fitting tau = E[Y|A=1,W] - E[Y|A=0,W]"
[1] "~h(W1) + h(W3) + h(W5)"
[1] "Fitting mu = E[Y|W]"
[1] "~h(W1,W3) + h(W1) + h(W2,W3) + h(W2) + h(W3,W6) + h(W3,W7) + h(W3) + h(W4) + h(W5,W1) + h(W5,W2) + h(W5,W3) + h(W5) + h(W6) + h(W7)"
[1] "Fitting pi = E[A|W]"
NULL
[1] "Fitting tau = E[Y|A=1,W] - E[Y|A=0,W]"
[1] 0.9569355
A hal9001 formula object of the form: ~ h(.)[1] "Fitting mu = E[Y|W]"
[1] "~h(W1,W3) + h(W1) + h(W2,W3) + h(W2) + h(W3,W6) + h(W3,W7) + h(W3) + h(W4) + h(W5,W1) + h(W5,W2) + h(W5,W3) + h(W5) + h(W6) + h(W7)"
[1] "Fitting pi = E[A|W]"
NULL
[1] "Fitting tau = E[Y|A=1,W] - E[Y|A=0,W]"
[1] 0.9491479
A hal9001 formula object of the form: ~ h(W7)[1] "Fitting mu0 = E[Y|A=0,W]"
[1] "~h(W1) + h(W2) + h(W4) + h(W5)"
[1] "Fitting tau = E[Y|A=1,W] - E[Y|A=0,W]"
[1] "~h(W1) + h(W3) + h(W5)"
[1] "Fitting mu = E[Y|W]"
[1] "~h(W1,W3) + h(W1) + h(W2,W3) + h(W2) + h(W3,W6) + h(W3,W7) + h(W3) + h(W4) + h(W5,W1) + h(W5,W2) + h(W5,W3) + h(W5) + h(W6) + h(W7)"
[1] "Fitting pi = E[A|W]"
NULL
[1] "Fitting tau = E[Y|A=1,W] - E[Y|A=0,W]"
[1] 0.9400313
A hal9001 formula object of the form: ~ h(.)[1] "Fitting mu = E[Y|W]"
[1] "~h(W1,W3) + h(W1) + h(W2,W3) + h(W2) + h(W3,W6) + h(W3,W7) + h(W3) + h(W4) + h(W5,W1) + h(W5,W2) + h(W5,W3) + h(W5) + h(W6) + h(W7)"
[1] "Fitting pi = E[A|W]"
NULL
[1] "Fitting tau = E[Y|A=1,W] - E[Y|A=0,W]"
[1] 0.911415
A hal9001 formula object of the form: ~ h(W7)[1] "Fitting mu0 = E[Y|A=0,W]"
[1] "~h(W1) + h(W2) + h(W4) + h(W5)"
[1] "Fitting tau = E[Y|A=1,W] - E[Y|A=0,W]"
[1] "~h(W1) + h(W3) + h(W5)"
[1] "Fitting mu = E[Y|W]"
[1] "~h(W1,W3) + h(W1) + h(W2,W3) + h(W2) + h(W3,W6) + h(W3,W7) + h(W3) + h(W4) + h(W5,W1) + h(W5,W2) + h(W5,W3) + h(W5) + h(W6) + h(W7)"
[1] "Fitting pi = E[A|W]"
NULL
[1] "Fitting tau = E[Y|A=1,W] - E[Y|A=0,W]"
[1] 0.9803285
A hal9001 formula object of the form: ~ h(.)[1] "Fitting mu = E[Y|W]"
[1] "~h(W1,W3) + h(W1) + h(W2,W3) + h(W2) + h(W3,W6) + h(W3,W7) + h(W3) + h(W4) + h(W5,W1) + h(W5,W2) + h(W5,W3) + h(W5) + h(W6) + h(W7)"
[1] "Fitting pi = E[A|W]"
NULL
[1] "Fitting tau = E[Y|A=1,W] - E[Y|A=0,W]"
[1] 0.9393548
A hal9001 formula object of the form: ~ h(W7)[1] "Fitting mu0 = E[Y|A=0,W]"
[1] "~h(W1) + h(W2) + h(W4) + h(W5)"
[1] "Fitting tau = E[Y|A=1,W] - E[Y|A=0,W]"
[1] "~h(W1) + h(W3) + h(W5)"
[1] "Fitting mu = E[Y|W]"
[1] "~h(W1,W3) + h(W1) + h(W2,W3) + h(W2) + h(W3,W6) + h(W3,W7) + h(W3) + h(W4) + h(W5,W1) + h(W5,W2) + h(W5,W3) + h(W5) + h(W6) + h(W7)"
[1] "Fitting pi = E[A|W]"
NULL
[1] "Fitting tau = E[Y|A=1,W] - E[Y|A=0,W]"
[1] 0.9796364
A hal9001 formula object of the form: ~ h(.)[1] "Fitting mu = E[Y|W]"
[1] "~h(W1,W3) + h(W1) + h(W2,W3) + h(W2) + h(W3,W6) + h(W3,W7) + h(W3) + h(W4) + h(W5,W1) + h(W5,W2) + h(W5,W3) + h(W5) + h(W6) + h(W7)"
[1] "Fitting pi = E[A|W]"
NULL
[1] "Fitting tau = E[Y|A=1,W] - E[Y|A=0,W]"
[1] 0.9332794
A hal9001 formula object of the form: ~ h(W7)[1] "Fitting mu0 = E[Y|A=0,W]"
[1] "~h(W1) + h(W2) + h(W4) + h(W5)"
[1] "Fitting tau = E[Y|A=1,W] - E[Y|A=0,W]"
[1] "~h(W1) + h(W3) + h(W5)"
[1] "Fitting mu = E[Y|W]"
[1] "~h(W1,W3) + h(W1,W6) + h(W1) + h(W2,W3) + h(W2) + h(W3,W6) + h(W3,W7) + h(W3) + h(W4) + h(W5,W1) + h(W5,W2) + h(W5,W3) + h(W5,W6) + h(W5,W7) + h(W5) + h(W6) + h(W7)"
[1] "Fitting pi = E[A|W]"
NULL
[1] "Fitting tau = E[Y|A=1,W] - E[Y|A=0,W]"
[1] 0.9412845
A hal9001 formula object of the form: ~ h(.)[1] "Fitting mu = E[Y|W]"
[1] "~h(W1,W3) + h(W1,W6) + h(W1) + h(W2,W3) + h(W2) + h(W3,W6) + h(W3,W7) + h(W3) + h(W4) + h(W5,W1) + h(W5,W2) + h(W5,W3) + h(W5,W6) + h(W5,W7) + h(W5) + h(W6) + h(W7)"
[1] "Fitting pi = E[A|W]"
NULL
[1] "Fitting tau = E[Y|A=1,W] - E[Y|A=0,W]"
[1] 0.8874471
A hal9001 formula object of the form: ~ h(W7)[1] "Fitting mu0 = E[Y|A=0,W]"
[1] "~h(W1) + h(W2) + h(W4) + h(W5)"
[1] "Fitting tau = E[Y|A=1,W] - E[Y|A=0,W]"
[1] "~h(W1) + h(W3) + h(W5)"
[1] "Fitting mu = E[Y|W]"
[1] "~h(W1,W3) + h(W1,W6) + h(W1) + h(W2,W3) + h(W2) + h(W3,W6) + h(W3) + h(W4) + h(W5,W1) + h(W5,W2) + h(W5,W3) + h(W5,W6) + h(W5) + h(W6) + h(W7)"
[1] "Fitting pi = E[A|W]"
NULL
[1] "Fitting tau = E[Y|A=1,W] - E[Y|A=0,W]"
[1] 0.9648602
A hal9001 formula object of the form: ~ h(.)[1] "Fitting mu = E[Y|W]"
[1] "~h(W1,W3) + h(W1,W6) + h(W1) + h(W2,W3) + h(W2) + h(W3,W6) + h(W3) + h(W4) + h(W5,W1) + h(W5,W2) + h(W5,W3) + h(W5,W6) + h(W5) + h(W6) + h(W7)"
[1] "Fitting pi = E[A|W]"
NULL
[1] "Fitting tau = E[Y|A=1,W] - E[Y|A=0,W]"
[1] 0.9442565
A hal9001 formula object of the form: ~ h(W7)[1] "Fitting mu0 = E[Y|A=0,W]"
[1] "~h(W1) + h(W2) + h(W4) + h(W5)"
[1] "Fitting tau = E[Y|A=1,W] - E[Y|A=0,W]"
[1] "~h(W1) + h(W2) + h(W3) + h(W5)"
[1] "Fitting mu = E[Y|W]"
[1] "~h(W1,W2) + h(W1,W3) + h(W1,W5) + h(W1) + h(W2,W3) + h(W2) + h(W3,W6) + h(W3) + h(W4) + h(W5,W2) + h(W5,W3) + h(W5,W6) + h(W5,W7) + h(W5) + h(W6) + h(W7)"
[1] "Fitting pi = E[A|W]"
NULL
[1] "Fitting tau = E[Y|A=1,W] - E[Y|A=0,W]"
[1] 0.9998275
A hal9001 formula object of the form: ~ h(.)[1] "Fitting mu = E[Y|W]"
[1] "~h(W1,W2) + h(W1,W3) + h(W1,W5) + h(W1) + h(W2,W3) + h(W2) + h(W3,W6) + h(W3) + h(W4) + h(W5,W2) + h(W5,W3) + h(W5,W6) + h(W5,W7) + h(W5) + h(W6) + h(W7)"
[1] "Fitting pi = E[A|W]"
NULL
[1] "Fitting tau = E[Y|A=1,W] - E[Y|A=0,W]"
[1] 0.9530775
A hal9001 formula object of the form: ~ h(W7)[1] "Fitting mu0 = E[Y|A=0,W]"
[1] "~h(W1) + h(W2) + h(W4) + h(W5)"
[1] "Fitting tau = E[Y|A=1,W] - E[Y|A=0,W]"
[1] "~h(W1) + h(W3) + h(W5)"
[1] "Fitting mu = E[Y|W]"
[1] "~h(W1,W3) + h(W1) + h(W2,W3) + h(W2) + h(W3,W6) + h(W3,W7) + h(W3) + h(W4) + h(W5,W1) + h(W5,W3) + h(W5) + h(W6) + h(W7)"
[1] "Fitting pi = E[A|W]"
NULL
[1] "Fitting tau = E[Y|A=1,W] - E[Y|A=0,W]"
[1] 1.009176
A hal9001 formula object of the form: ~ h(.)[1] "Fitting mu = E[Y|W]"
[1] "~h(W1,W3) + h(W1) + h(W2,W3) + h(W2) + h(W3,W6) + h(W3,W7) + h(W3) + h(W4) + h(W5,W1) + h(W5,W3) + h(W5) + h(W6) + h(W7)"
[1] "Fitting pi = E[A|W]"
NULL
[1] "Fitting tau = E[Y|A=1,W] - E[Y|A=0,W]"
[1] 0.9541767
A hal9001 formula object of the form: ~ h(W7)[1] "Fitting mu0 = E[Y|A=0,W]"
[1] "~h(W1) + h(W2) + h(W4) + h(W5)"
[1] "Fitting tau = E[Y|A=1,W] - E[Y|A=0,W]"
[1] "~h(W1) + h(W3) + h(W5)"
[1] "Fitting mu = E[Y|W]"
[1] "~h(W1,W2) + h(W1,W3) + h(W1,W6) + h(W1,W7) + h(W1) + h(W2,W3) + h(W2) + h(W3,W6) + h(W3) + h(W4) + h(W5,W1) + h(W5,W2) + h(W5,W3) + h(W5) + h(W6) + h(W7)"
[1] "Fitting pi = E[A|W]"
NULL
[1] "Fitting tau = E[Y|A=1,W] - E[Y|A=0,W]"
[1] 0.9942079
A hal9001 formula object of the form: ~ h(.)[1] "Fitting mu = E[Y|W]"
[1] "~h(W1,W2) + h(W1,W3) + h(W1,W6) + h(W1,W7) + h(W1) + h(W2,W3) + h(W2) + h(W3,W6) + h(W3) + h(W4) + h(W5,W1) + h(W5,W2) + h(W5,W3) + h(W5) + h(W6) + h(W7)"
[1] "Fitting pi = E[A|W]"
NULL
[1] "Fitting tau = E[Y|A=1,W] - E[Y|A=0,W]"
[1] 0.9573637
A hal9001 formula object of the form: ~ h(W7)[1] "Fitting mu0 = E[Y|A=0,W]"
[1] "~h(W1) + h(W2) + h(W4) + h(W5)"
[1] "Fitting tau = E[Y|A=1,W] - E[Y|A=0,W]"
[1] "~h(W1) + h(W3) + h(W5)"
[1] "Fitting mu = E[Y|W]"
[1] "~h(W1,W3) + h(W1) + h(W2,W3) + h(W2) + h(W3,W6) + h(W3,W7) + h(W3) + h(W4) + h(W5,W1) + h(W5,W2) + h(W5,W3) + h(W5) + h(W6) + h(W7)"
[1] "Fitting pi = E[A|W]"
NULL
[1] "Fitting tau = E[Y|A=1,W] - E[Y|A=0,W]"
[1] 1.006694
A hal9001 formula object of the form: ~ h(.)[1] "Fitting mu = E[Y|W]"
[1] "~h(W1,W3) + h(W1) + h(W2,W3) + h(W2) + h(W3,W6) + h(W3,W7) + h(W3) + h(W4) + h(W5,W1) + h(W5,W2) + h(W5,W3) + h(W5) + h(W6) + h(W7)"
[1] "Fitting pi = E[A|W]"
NULL
[1] "Fitting tau = E[Y|A=1,W] - E[Y|A=0,W]"
[1] 0.9584664
A hal9001 formula object of the form: ~ h(W7)[1] "Fitting mu0 = E[Y|A=0,W]"
[1] "~h(W1) + h(W2) + h(W4) + h(W5)"
[1] "Fitting tau = E[Y|A=1,W] - E[Y|A=0,W]"
[1] "~h(W1) + h(W3) + h(W5)"
[1] "Fitting mu = E[Y|W]"
[1] "~h(W1,W2) + h(W1,W3) + h(W1,W6) + h(W1) + h(W2,W3) + h(W2) + h(W3,W6) + h(W3,W7) + h(W3) + h(W4) + h(W5,W1) + h(W5,W2) + h(W5,W3) + h(W5) + h(W6) + h(W7)"
[1] "Fitting pi = E[A|W]"
NULL
[1] "Fitting tau = E[Y|A=1,W] - E[Y|A=0,W]"
[1] 1.011531
A hal9001 formula object of the form: ~ h(.)[1] "Fitting mu = E[Y|W]"
[1] "~h(W1,W2) + h(W1,W3) + h(W1,W6) + h(W1) + h(W2,W3) + h(W2) + h(W3,W6) + h(W3,W7) + h(W3) + h(W4) + h(W5,W1) + h(W5,W2) + h(W5,W3) + h(W5) + h(W6) + h(W7)"
[1] "Fitting pi = E[A|W]"
NULL
[1] "Fitting tau = E[Y|A=1,W] - E[Y|A=0,W]"
[1] 0.9572779
A hal9001 formula object of the form: ~ h(W7)[1] "Fitting mu0 = E[Y|A=0,W]"
[1] "~h(W1) + h(W2) + h(W4) + h(W5)"
[1] "Fitting tau = E[Y|A=1,W] - E[Y|A=0,W]"
[1] "~h(W1) + h(W3) + h(W5)"
[1] "Fitting mu = E[Y|W]"
[1] "~h(W1,W3) + h(W1) + h(W2) + h(W3,W6) + h(W3,W7) + h(W3) + h(W4) + h(W5,W1) + h(W5,W2) + h(W5,W3) + h(W5,W6) + h(W5) + h(W6) + h(W7)"
[1] "Fitting pi = E[A|W]"
NULL
[1] "Fitting tau = E[Y|A=1,W] - E[Y|A=0,W]"
[1] 1.000325
A hal9001 formula object of the form: ~ h(.)[1] "Fitting mu = E[Y|W]"
[1] "~h(W1,W3) + h(W1) + h(W2) + h(W3,W6) + h(W3,W7) + h(W3) + h(W4) + h(W5,W1) + h(W5,W2) + h(W5,W3) + h(W5,W6) + h(W5) + h(W6) + h(W7)"
[1] "Fitting pi = E[A|W]"
NULL
[1] "Fitting tau = E[Y|A=1,W] - E[Y|A=0,W]"
[1] 0.9399158
A hal9001 formula object of the form: ~ h(W7)[1] "Fitting mu0 = E[Y|A=0,W]"
[1] "~h(W1) + h(W2) + h(W4) + h(W5)"
[1] "Fitting tau = E[Y|A=1,W] - E[Y|A=0,W]"
[1] "~h(W1) + h(W3) + h(W5)"
[1] "Fitting mu = E[Y|W]"
[1] "~h(W1,W3) + h(W1,W5) + h(W1) + h(W2,W3) + h(W2) + h(W3) + h(W4) + h(W5,W2) + h(W5,W3) + h(W5,W6) + h(W5,W7) + h(W5) + h(W6) + h(W7)"
[1] "Fitting pi = E[A|W]"
NULL
[1] "Fitting tau = E[Y|A=1,W] - E[Y|A=0,W]"
[1] 0.9826086
A hal9001 formula object of the form: ~ h(.)[1] "Fitting mu = E[Y|W]"
[1] "~h(W1,W3) + h(W1,W5) + h(W1) + h(W2,W3) + h(W2) + h(W3) + h(W4) + h(W5,W2) + h(W5,W3) + h(W5,W6) + h(W5,W7) + h(W5) + h(W6) + h(W7)"
[1] "Fitting pi = E[A|W]"
NULL
[1] "Fitting tau = E[Y|A=1,W] - E[Y|A=0,W]"
[1] 0.8993693
A hal9001 formula object of the form: ~ h(W7)[1] "Fitting mu0 = E[Y|A=0,W]"
[1] "~h(W1) + h(W2) + h(W4) + h(W5)"
[1] "Fitting tau = E[Y|A=1,W] - E[Y|A=0,W]"
[1] "~h(W1) + h(W3) + h(W5)"
[1] "Fitting mu = E[Y|W]"
[1] "~h(W1,W3) + h(W1,W5) + h(W1,W6) + h(W1) + h(W2,W3) + h(W2) + h(W3,W6) + h(W3,W7) + h(W3) + h(W4) + h(W5,W2) + h(W5,W3) + h(W5,W6) + h(W5) + h(W6) + h(W7)"
[1] "Fitting pi = E[A|W]"
NULL
[1] "Fitting tau = E[Y|A=1,W] - E[Y|A=0,W]"
[1] 0.9699712
A hal9001 formula object of the form: ~ h(.)[1] "Fitting mu = E[Y|W]"
[1] "~h(W1,W3) + h(W1,W5) + h(W1,W6) + h(W1) + h(W2,W3) + h(W2) + h(W3,W6) + h(W3,W7) + h(W3) + h(W4) + h(W5,W2) + h(W5,W3) + h(W5,W6) + h(W5) + h(W6) + h(W7)"
[1] "Fitting pi = E[A|W]"
NULL
[1] "Fitting tau = E[Y|A=1,W] - E[Y|A=0,W]"
[1] 0.937458
A hal9001 formula object of the form: ~ h(W7)[1] "Fitting mu0 = E[Y|A=0,W]"
[1] "~h(W1) + h(W2) + h(W4) + h(W5)"
[1] "Fitting tau = E[Y|A=1,W] - E[Y|A=0,W]"
[1] "~h(W1) + h(W3) + h(W5)"
[1] "Fitting mu = E[Y|W]"
[1] "~h(W1,W2) + h(W1,W3) + h(W1,W6) + h(W1) + h(W2,W3) + h(W2) + h(W3,W6) + h(W3,W7) + h(W3) + h(W4) + h(W5,W1) + h(W5,W3) + h(W5,W6) + h(W5) + h(W6) + h(W7)"
[1] "Fitting pi = E[A|W]"
NULL
[1] "Fitting tau = E[Y|A=1,W] - E[Y|A=0,W]"
[1] 0.9816658
A hal9001 formula object of the form: ~ h(.)[1] "Fitting mu = E[Y|W]"
[1] "~h(W1,W2) + h(W1,W3) + h(W1,W6) + h(W1) + h(W2,W3) + h(W2) + h(W3,W6) + h(W3,W7) + h(W3) + h(W4) + h(W5,W1) + h(W5,W3) + h(W5,W6) + h(W5) + h(W6) + h(W7)"
[1] "Fitting pi = E[A|W]"
NULL
[1] "Fitting tau = E[Y|A=1,W] - E[Y|A=0,W]"
[1] 0.9426934
A hal9001 formula object of the form: ~ h(W7)[1] "Fitting mu0 = E[Y|A=0,W]"
[1] "~h(W1) + h(W2) + h(W4) + h(W5)"
[1] "Fitting tau = E[Y|A=1,W] - E[Y|A=0,W]"
[1] "~h(W1) + h(W3) + h(W5)"
[1] "Fitting mu = E[Y|W]"
[1] "~h(W1,W2) + h(W1,W3) + h(W1,W6) + h(W1) + h(W2) + h(W3,W6) + h(W3) + h(W4) + h(W5,W1) + h(W5,W2) + h(W5,W3) + h(W5,W6) + h(W5) + h(W6) + h(W7)"
[1] "Fitting pi = E[A|W]"
NULL
[1] "Fitting tau = E[Y|A=1,W] - E[Y|A=0,W]"
[1] 1.008716
A hal9001 formula object of the form: ~ h(.)[1] "Fitting mu = E[Y|W]"
[1] "~h(W1,W2) + h(W1,W3) + h(W1,W6) + h(W1) + h(W2) + h(W3,W6) + h(W3) + h(W4) + h(W5,W1) + h(W5,W2) + h(W5,W3) + h(W5,W6) + h(W5) + h(W6) + h(W7)"
[1] "Fitting pi = E[A|W]"
NULL
[1] "Fitting tau = E[Y|A=1,W] - E[Y|A=0,W]"
[1] 0.9866592
A hal9001 formula object of the form: ~ h(W7)[1] "Fitting mu0 = E[Y|A=0,W]"
[1] "~h(W1) + h(W2) + h(W4) + h(W5)"
[1] "Fitting tau = E[Y|A=1,W] - E[Y|A=0,W]"
[1] "~h(W1) + h(W3) + h(W5)"
[1] "Fitting mu = E[Y|W]"
[1] "~h(W1,W3) + h(W1) + h(W2,W3) + h(W2) + h(W3,W6) + h(W3,W7) + h(W3) + h(W4) + h(W5,W1) + h(W5,W2) + h(W5,W3) + h(W5) + h(W6) + h(W7)"
[1] "Fitting pi = E[A|W]"
NULL
[1] "Fitting tau = E[Y|A=1,W] - E[Y|A=0,W]"
[1] 0.9652659
A hal9001 formula object of the form: ~ h(.)[1] "Fitting mu = E[Y|W]"
[1] "~h(W1,W3) + h(W1) + h(W2,W3) + h(W2) + h(W3,W6) + h(W3,W7) + h(W3) + h(W4) + h(W5,W1) + h(W5,W2) + h(W5,W3) + h(W5) + h(W6) + h(W7)"
[1] "Fitting pi = E[A|W]"
NULL
[1] "Fitting tau = E[Y|A=1,W] - E[Y|A=0,W]"
[1] 0.9197851
A hal9001 formula object of the form: ~ h(W7)[1] "Fitting mu0 = E[Y|A=0,W]"
[1] "~h(W1) + h(W2) + h(W4) + h(W5)"
[1] "Fitting tau = E[Y|A=1,W] - E[Y|A=0,W]"
[1] "~h(W1) + h(W3) + h(W5)"
[1] "Fitting mu = E[Y|W]"
[1] "~h(W1,W3) + h(W1,W6) + h(W1) + h(W2,W3) + h(W2) + h(W3,W6) + h(W3) + h(W4) + h(W5,W1) + h(W5,W2) + h(W5,W3) + h(W5,W6) + h(W5,W7) + h(W5) + h(W6) + h(W7)"
[1] "Fitting pi = E[A|W]"
NULL
[1] "Fitting tau = E[Y|A=1,W] - E[Y|A=0,W]"
[1] 0.9727209
A hal9001 formula object of the form: ~ h(.)[1] "Fitting mu = E[Y|W]"
[1] "~h(W1,W3) + h(W1,W6) + h(W1) + h(W2,W3) + h(W2) + h(W3,W6) + h(W3) + h(W4) + h(W5,W1) + h(W5,W2) + h(W5,W3) + h(W5,W6) + h(W5,W7) + h(W5) + h(W6) + h(W7)"
[1] "Fitting pi = E[A|W]"
NULL
[1] "Fitting tau = E[Y|A=1,W] - E[Y|A=0,W]"
[1] 0.9204356
A hal9001 formula object of the form: ~ h(W7)[1] "Fitting mu0 = E[Y|A=0,W]"
[1] "~h(W1) + h(W2) + h(W4) + h(W5)"
[1] "Fitting tau = E[Y|A=1,W] - E[Y|A=0,W]"
[1] "~h(W1) + h(W3) + h(W5)"
[1] "Fitting mu = E[Y|W]"
[1] "~h(W1,W3) + h(W1,W7) + h(W1) + h(W2,W3) + h(W2) + h(W3) + h(W4) + h(W5,W1) + h(W5,W3) + h(W5) + h(W6) + h(W7)"
[1] "Fitting pi = E[A|W]"
NULL
[1] "Fitting tau = E[Y|A=1,W] - E[Y|A=0,W]"
[1] 0.9808752
A hal9001 formula object of the form: ~ h(.)[1] "Fitting mu = E[Y|W]"
[1] "~h(W1,W3) + h(W1,W7) + h(W1) + h(W2,W3) + h(W2) + h(W3) + h(W4) + h(W5,W1) + h(W5,W3) + h(W5) + h(W6) + h(W7)"
[1] "Fitting pi = E[A|W]"
NULL
[1] "Fitting tau = E[Y|A=1,W] - E[Y|A=0,W]"
[1] 0.9627826
A hal9001 formula object of the form: ~ h(W7)[1] "Fitting mu0 = E[Y|A=0,W]"
[1] "~h(W1) + h(W2) + h(W4) + h(W5)"
[1] "Fitting tau = E[Y|A=1,W] - E[Y|A=0,W]"
[1] "~h(W1) + h(W3) + h(W5)"
[1] "Fitting mu = E[Y|W]"
[1] "~h(W1,W3) + h(W1,W5) + h(W1,W6) + h(W1) + h(W2,W3) + h(W2) + h(W3,W6) + h(W3,W7) + h(W3) + h(W4) + h(W5,W3) + h(W5,W6) + h(W5) + h(W6) + h(W7)"
[1] "Fitting pi = E[A|W]"
NULL
[1] "Fitting tau = E[Y|A=1,W] - E[Y|A=0,W]"
[1] 1.001811
A hal9001 formula object of the form: ~ h(.)[1] "Fitting mu = E[Y|W]"
[1] "~h(W1,W3) + h(W1,W5) + h(W1,W6) + h(W1) + h(W2,W3) + h(W2) + h(W3,W6) + h(W3,W7) + h(W3) + h(W4) + h(W5,W3) + h(W5,W6) + h(W5) + h(W6) + h(W7)"
[1] "Fitting pi = E[A|W]"
NULL
[1] "Fitting tau = E[Y|A=1,W] - E[Y|A=0,W]"
[1] 0.9870422
A hal9001 formula object of the form: ~ h(W7)[1] "Fitting mu0 = E[Y|A=0,W]"
[1] "~h(W1) + h(W2) + h(W4) + h(W5)"
[1] "Fitting tau = E[Y|A=1,W] - E[Y|A=0,W]"
[1] "~h(W1) + h(W3) + h(W5)"
[1] "Fitting mu = E[Y|W]"
[1] "~h(W1,W3) + h(W1,W6) + h(W1) + h(W2,W3) + h(W2) + h(W3,W6) + h(W3,W7) + h(W3) + h(W4) + h(W5,W1) + h(W5,W2) + h(W5,W3) + h(W5,W6) + h(W5) + h(W6) + h(W7)"
[1] "Fitting pi = E[A|W]"
NULL
[1] "Fitting tau = E[Y|A=1,W] - E[Y|A=0,W]"
[1] 0.9466504
A hal9001 formula object of the form: ~ h(.)[1] "Fitting mu = E[Y|W]"
[1] "~h(W1,W3) + h(W1,W6) + h(W1) + h(W2,W3) + h(W2) + h(W3,W6) + h(W3,W7) + h(W3) + h(W4) + h(W5,W1) + h(W5,W2) + h(W5,W3) + h(W5,W6) + h(W5) + h(W6) + h(W7)"
[1] "Fitting pi = E[A|W]"
NULL
[1] "Fitting tau = E[Y|A=1,W] - E[Y|A=0,W]"
[1] 0.9241401
A hal9001 formula object of the form: ~ h(W7)[1] "Fitting mu0 = E[Y|A=0,W]"
[1] "~h(W1) + h(W2) + h(W4) + h(W5)"
[1] "Fitting tau = E[Y|A=1,W] - E[Y|A=0,W]"
[1] "~h(W1) + h(W3) + h(W4) + h(W5)"
[1] "Fitting mu = E[Y|W]"
[1] "~h(W1,W3) + h(W1,W6) + h(W1) + h(W2,W3) + h(W2) + h(W3,W6) + h(W3) + h(W4) + h(W5,W1) + h(W5,W2) + h(W5,W3) + h(W5,W6) + h(W5) + h(W6)"
[1] "Fitting pi = E[A|W]"
NULL
[1] "Fitting tau = E[Y|A=1,W] - E[Y|A=0,W]"
[1] 0.9422521
A hal9001 formula object of the form: ~ h(.)[1] "Fitting mu = E[Y|W]"
[1] "~h(W1,W3) + h(W1,W6) + h(W1) + h(W2,W3) + h(W2) + h(W3,W6) + h(W3) + h(W4) + h(W5,W1) + h(W5,W2) + h(W5,W3) + h(W5,W6) + h(W5) + h(W6)"
[1] "Fitting pi = E[A|W]"
NULL
[1] "Fitting tau = E[Y|A=1,W] - E[Y|A=0,W]"
[1] 0.9142473
A hal9001 formula object of the form: ~ h(W7)[1] "Fitting mu0 = E[Y|A=0,W]"
[1] "~h(W1) + h(W2) + h(W4) + h(W5)"
[1] "Fitting tau = E[Y|A=1,W] - E[Y|A=0,W]"
[1] "~h(W1) + h(W3) + h(W5)"
[1] "Fitting mu = E[Y|W]"
[1] "~h(W1,W2) + h(W1,W3) + h(W1,W7) + h(W1) + h(W2,W3) + h(W2) + h(W3,W6) + h(W3,W7) + h(W3) + h(W4) + h(W5,W1) + h(W5,W2) + h(W5,W3) + h(W5) + h(W6) + h(W7)"
[1] "Fitting pi = E[A|W]"
NULL
[1] "Fitting tau = E[Y|A=1,W] - E[Y|A=0,W]"
[1] 0.9842328
A hal9001 formula object of the form: ~ h(.)[1] "Fitting mu = E[Y|W]"
[1] "~h(W1,W2) + h(W1,W3) + h(W1,W7) + h(W1) + h(W2,W3) + h(W2) + h(W3,W6) + h(W3,W7) + h(W3) + h(W4) + h(W5,W1) + h(W5,W2) + h(W5,W3) + h(W5) + h(W6) + h(W7)"
[1] "Fitting pi = E[A|W]"
NULL
[1] "Fitting tau = E[Y|A=1,W] - E[Y|A=0,W]"
[1] 0.9320602
A hal9001 formula object of the form: ~ h(W7)[1] "Fitting mu0 = E[Y|A=0,W]"
[1] "~h(W1) + h(W2) + h(W4) + h(W5)"
[1] "Fitting tau = E[Y|A=1,W] - E[Y|A=0,W]"
[1] "~h(W1) + h(W3) + h(W5)"
[1] "Fitting mu = E[Y|W]"
[1] "~h(W1,W2) + h(W1,W3) + h(W1,W6) + h(W1) + h(W2,W3) + h(W2) + h(W3,W6) + h(W3) + h(W4) + h(W5,W1) + h(W5,W2) + h(W5,W3) + h(W5,W6) + h(W5,W7) + h(W5) + h(W6) + h(W7)"
[1] "Fitting pi = E[A|W]"
NULL
[1] "Fitting tau = E[Y|A=1,W] - E[Y|A=0,W]"
[1] 1.046756
A hal9001 formula object of the form: ~ h(.)[1] "Fitting mu = E[Y|W]"
[1] "~h(W1,W2) + h(W1,W3) + h(W1,W6) + h(W1) + h(W2,W3) + h(W2) + h(W3,W6) + h(W3) + h(W4) + h(W5,W1) + h(W5,W2) + h(W5,W3) + h(W5,W6) + h(W5,W7) + h(W5) + h(W6) + h(W7)"
[1] "Fitting pi = E[A|W]"
NULL
[1] "Fitting tau = E[Y|A=1,W] - E[Y|A=0,W]"
[1] 0.9840065
A hal9001 formula object of the form: ~ h(W7)[1] "Fitting mu0 = E[Y|A=0,W]"
[1] "~h(W1) + h(W2) + h(W4) + h(W5)"
[1] "Fitting tau = E[Y|A=1,W] - E[Y|A=0,W]"
[1] "~h(W1) + h(W3) + h(W5)"
[1] "Fitting mu = E[Y|W]"
[1] "~h(W1,W2) + h(W1,W3) + h(W1) + h(W2,W3) + h(W2) + h(W3,W6) + h(W3,W7) + h(W3) + h(W4) + h(W5,W1) + h(W5,W2) + h(W5,W3) + h(W5) + h(W6) + h(W7)"
[1] "Fitting pi = E[A|W]"
NULL
[1] "Fitting tau = E[Y|A=1,W] - E[Y|A=0,W]"
[1] 0.9676978
A hal9001 formula object of the form: ~ h(.)[1] "Fitting mu = E[Y|W]"
[1] "~h(W1,W2) + h(W1,W3) + h(W1) + h(W2,W3) + h(W2) + h(W3,W6) + h(W3,W7) + h(W3) + h(W4) + h(W5,W1) + h(W5,W2) + h(W5,W3) + h(W5) + h(W6) + h(W7)"
[1] "Fitting pi = E[A|W]"
NULL
[1] "Fitting tau = E[Y|A=1,W] - E[Y|A=0,W]"
[1] 0.9139029
A hal9001 formula object of the form: ~ h(W7)[1] "Fitting mu0 = E[Y|A=0,W]"
[1] "~h(W1) + h(W2) + h(W4) + h(W5)"
[1] "Fitting tau = E[Y|A=1,W] - E[Y|A=0,W]"
[1] "~h(W1) + h(W3) + h(W5)"
[1] "Fitting mu = E[Y|W]"
[1] "~h(W1,W2) + h(W1,W3) + h(W1,W6) + h(W1,W7) + h(W1) + h(W2,W3) + h(W2) + h(W3,W6) + h(W3) + h(W4) + h(W5,W1) + h(W5,W2) + h(W5,W3) + h(W5,W6) + h(W5) + h(W6) + h(W7)"
[1] "Fitting pi = E[A|W]"
NULL
[1] "Fitting tau = E[Y|A=1,W] - E[Y|A=0,W]"
[1] 0.9658204
A hal9001 formula object of the form: ~ h(.)[1] "Fitting mu = E[Y|W]"
[1] "~h(W1,W2) + h(W1,W3) + h(W1,W6) + h(W1,W7) + h(W1) + h(W2,W3) + h(W2) + h(W3,W6) + h(W3) + h(W4) + h(W5,W1) + h(W5,W2) + h(W5,W3) + h(W5,W6) + h(W5) + h(W6) + h(W7)"
[1] "Fitting pi = E[A|W]"
NULL
[1] "Fitting tau = E[Y|A=1,W] - E[Y|A=0,W]"
[1] 0.9267202
A hal9001 formula object of the form: ~ h(W7)[1] "Fitting mu0 = E[Y|A=0,W]"
[1] "~h(W1) + h(W2) + h(W4) + h(W5)"
[1] "Fitting tau = E[Y|A=1,W] - E[Y|A=0,W]"
[1] "~h(W1) + h(W3) + h(W5)"
[1] "Fitting mu = E[Y|W]"
[1] "~h(W1,W3) + h(W1) + h(W2,W3) + h(W2) + h(W3,W6) + h(W3,W7) + h(W3) + h(W4) + h(W5,W1) + h(W5,W2) + h(W5,W3) + h(W5) + h(W6) + h(W7)"
[1] "Fitting pi = E[A|W]"
NULL
[1] "Fitting tau = E[Y|A=1,W] - E[Y|A=0,W]"
[1] 1.024693
A hal9001 formula object of the form: ~ h(.)[1] "Fitting mu = E[Y|W]"
[1] "~h(W1,W3) + h(W1) + h(W2,W3) + h(W2) + h(W3,W6) + h(W3,W7) + h(W3) + h(W4) + h(W5,W1) + h(W5,W2) + h(W5,W3) + h(W5) + h(W6) + h(W7)"
[1] "Fitting pi = E[A|W]"
NULL
[1] "Fitting tau = E[Y|A=1,W] - E[Y|A=0,W]"
[1] 0.9925328
A hal9001 formula object of the form: ~ h(W7)[1] "Fitting mu0 = E[Y|A=0,W]"
[1] "~h(W1) + h(W2) + h(W4) + h(W5)"
[1] "Fitting tau = E[Y|A=1,W] - E[Y|A=0,W]"
[1] "~h(W1) + h(W3) + h(W5)"
[1] "Fitting mu = E[Y|W]"
[1] "~h(W1,W3) + h(W1,W6) + h(W1) + h(W2,W3) + h(W2) + h(W3,W6) + h(W3,W7) + h(W3) + h(W4) + h(W5,W1) + h(W5,W2) + h(W5,W3) + h(W5,W6) + h(W5) + h(W6) + h(W7)"
[1] "Fitting pi = E[A|W]"
NULL
[1] "Fitting tau = E[Y|A=1,W] - E[Y|A=0,W]"
[1] 0.9626024
A hal9001 formula object of the form: ~ h(.)[1] "Fitting mu = E[Y|W]"
[1] "~h(W1,W3) + h(W1,W6) + h(W1) + h(W2,W3) + h(W2) + h(W3,W6) + h(W3,W7) + h(W3) + h(W4) + h(W5,W1) + h(W5,W2) + h(W5,W3) + h(W5,W6) + h(W5) + h(W6) + h(W7)"
[1] "Fitting pi = E[A|W]"
NULL
[1] "Fitting tau = E[Y|A=1,W] - E[Y|A=0,W]"
[1] 0.9137267
A hal9001 formula object of the form: ~ h(W7)[1] "Fitting mu0 = E[Y|A=0,W]"
[1] "~h(W1) + h(W2) + h(W4) + h(W5)"
[1] "Fitting tau = E[Y|A=1,W] - E[Y|A=0,W]"
[1] "~h(W1) + h(W3) + h(W5)"
[1] "Fitting mu = E[Y|W]"
[1] "~h(W1,W2) + h(W1,W3) + h(W1) + h(W2,W3) + h(W2) + h(W3,W6) + h(W3) + h(W4,W7) + h(W4) + h(W5,W1) + h(W5,W2) + h(W5,W3) + h(W5,W6) + h(W5) + h(W6) + h(W7)"
[1] "Fitting pi = E[A|W]"
NULL
[1] "Fitting tau = E[Y|A=1,W] - E[Y|A=0,W]"
[1] 1.027549
A hal9001 formula object of the form: ~ h(.)[1] "Fitting mu = E[Y|W]"
[1] "~h(W1,W2) + h(W1,W3) + h(W1) + h(W2,W3) + h(W2) + h(W3,W6) + h(W3) + h(W4,W7) + h(W4) + h(W5,W1) + h(W5,W2) + h(W5,W3) + h(W5,W6) + h(W5) + h(W6) + h(W7)"
[1] "Fitting pi = E[A|W]"
NULL
[1] "Fitting tau = E[Y|A=1,W] - E[Y|A=0,W]"
[1] 0.9844281
A hal9001 formula object of the form: ~ h(W7)[1] "Fitting mu0 = E[Y|A=0,W]"
[1] "~h(W1) + h(W2) + h(W4) + h(W5)"
[1] "Fitting tau = E[Y|A=1,W] - E[Y|A=0,W]"
[1] "~h(W1) + h(W3) + h(W5)"
[1] "Fitting mu = E[Y|W]"
[1] "~h(W1,W3) + h(W1,W5) + h(W1) + h(W2) + h(W3,W6) + h(W3,W7) + h(W3) + h(W4) + h(W5,W3) + h(W5,W6) + h(W5,W7) + h(W5) + h(W6) + h(W7)"
[1] "Fitting pi = E[A|W]"
NULL
[1] "Fitting tau = E[Y|A=1,W] - E[Y|A=0,W]"
[1] 0.9891596
A hal9001 formula object of the form: ~ h(.)[1] "Fitting mu = E[Y|W]"
[1] "~h(W1,W3) + h(W1,W5) + h(W1) + h(W2) + h(W3,W6) + h(W3,W7) + h(W3) + h(W4) + h(W5,W3) + h(W5,W6) + h(W5,W7) + h(W5) + h(W6) + h(W7)"
[1] "Fitting pi = E[A|W]"
NULL
[1] "Fitting tau = E[Y|A=1,W] - E[Y|A=0,W]"
[1] 0.9188853
A hal9001 formula object of the form: ~ h(W7)[1] "Fitting mu0 = E[Y|A=0,W]"
[1] "~h(W1) + h(W2) + h(W4) + h(W5)"
[1] "Fitting tau = E[Y|A=1,W] - E[Y|A=0,W]"
[1] "~h(W1) + h(W3) + h(W5)"
[1] "Fitting mu = E[Y|W]"
[1] "~h(W1,W3) + h(W1,W4) + h(W1,W6) + h(W1) + h(W2) + h(W3,W6) + h(W3,W7) + h(W3) + h(W4,W7) + h(W4) + h(W5,W1) + h(W5,W2) + h(W5,W3) + h(W5,W6) + h(W5) + h(W6) + h(W7)"
[1] "Fitting pi = E[A|W]"
NULL
[1] "Fitting tau = E[Y|A=1,W] - E[Y|A=0,W]"
[1] 0.9359802
A hal9001 formula object of the form: ~ h(.)[1] "Fitting mu = E[Y|W]"
[1] "~h(W1,W3) + h(W1,W4) + h(W1,W6) + h(W1) + h(W2) + h(W3,W6) + h(W3,W7) + h(W3) + h(W4,W7) + h(W4) + h(W5,W1) + h(W5,W2) + h(W5,W3) + h(W5,W6) + h(W5) + h(W6) + h(W7)"
[1] "Fitting pi = E[A|W]"
NULL
[1] "Fitting tau = E[Y|A=1,W] - E[Y|A=0,W]"
[1] 0.8974089
A hal9001 formula object of the form: ~ h(W7)[1] "Fitting mu0 = E[Y|A=0,W]"
[1] "~h(W1) + h(W2) + h(W4) + h(W5)"
[1] "Fitting tau = E[Y|A=1,W] - E[Y|A=0,W]"
[1] "~h(W1) + h(W2) + h(W3) + h(W5)"
[1] "Fitting mu = E[Y|W]"
[1] "~h(W1,W2) + h(W1,W3) + h(W1,W6) + h(W1) + h(W2,W3) + h(W2) + h(W3,W6) + h(W3,W7) + h(W3) + h(W4) + h(W5,W1) + h(W5,W2) + h(W5,W3) + h(W5) + h(W6) + h(W7)"
[1] "Fitting pi = E[A|W]"
NULL
[1] "Fitting tau = E[Y|A=1,W] - E[Y|A=0,W]"
[1] 0.9990231
A hal9001 formula object of the form: ~ h(.)[1] "Fitting mu = E[Y|W]"
[1] "~h(W1,W2) + h(W1,W3) + h(W1,W6) + h(W1) + h(W2,W3) + h(W2) + h(W3,W6) + h(W3,W7) + h(W3) + h(W4) + h(W5,W1) + h(W5,W2) + h(W5,W3) + h(W5) + h(W6) + h(W7)"
[1] "Fitting pi = E[A|W]"
NULL
[1] "Fitting tau = E[Y|A=1,W] - E[Y|A=0,W]"
[1] 0.9510364
A hal9001 formula object of the form: ~ h(W7)[1] "Fitting mu0 = E[Y|A=0,W]"
[1] "~h(W1) + h(W2) + h(W4) + h(W5)"
[1] "Fitting tau = E[Y|A=1,W] - E[Y|A=0,W]"
[1] "~h(W1) + h(W2) + h(W3) + h(W5)"
[1] "Fitting mu = E[Y|W]"
[1] "~h(W1,W2) + h(W1,W3) + h(W1,W6) + h(W1,W7) + h(W1) + h(W2,W3) + h(W2) + h(W3,W6) + h(W3) + h(W4) + h(W5,W1) + h(W5,W2) + h(W5,W3) + h(W5,W6) + h(W5) + h(W6) + h(W7)"
[1] "Fitting pi = E[A|W]"
NULL
[1] "Fitting tau = E[Y|A=1,W] - E[Y|A=0,W]"
[1] 0.9528248
A hal9001 formula object of the form: ~ h(.)[1] "Fitting mu = E[Y|W]"
[1] "~h(W1,W2) + h(W1,W3) + h(W1,W6) + h(W1,W7) + h(W1) + h(W2,W3) + h(W2) + h(W3,W6) + h(W3) + h(W4) + h(W5,W1) + h(W5,W2) + h(W5,W3) + h(W5,W6) + h(W5) + h(W6) + h(W7)"
[1] "Fitting pi = E[A|W]"
NULL
[1] "Fitting tau = E[Y|A=1,W] - E[Y|A=0,W]"
[1] 0.9063958
A hal9001 formula object of the form: ~ h(W7)[1] "Fitting mu0 = E[Y|A=0,W]"
[1] "~h(W1) + h(W2) + h(W4) + h(W5)"
[1] "Fitting tau = E[Y|A=1,W] - E[Y|A=0,W]"
[1] "~h(W1) + h(W3) + h(W5)"
[1] "Fitting mu = E[Y|W]"
[1] "~h(W1,W3) + h(W1) + h(W2,W3) + h(W2) + h(W3) + h(W4) + h(W5,W1) + h(W5,W3) + h(W5,W6) + h(W5,W7) + h(W5) + h(W6) + h(W7)"
[1] "Fitting pi = E[A|W]"
NULL
[1] "Fitting tau = E[Y|A=1,W] - E[Y|A=0,W]"
[1] 1.012674
A hal9001 formula object of the form: ~ h(.)[1] "Fitting mu = E[Y|W]"
[1] "~h(W1,W3) + h(W1) + h(W2,W3) + h(W2) + h(W3) + h(W4) + h(W5,W1) + h(W5,W3) + h(W5,W6) + h(W5,W7) + h(W5) + h(W6) + h(W7)"
[1] "Fitting pi = E[A|W]"
NULL
[1] "Fitting tau = E[Y|A=1,W] - E[Y|A=0,W]"
[1] 0.9932328
A hal9001 formula object of the form: ~ h(W7)[1] "Fitting mu0 = E[Y|A=0,W]"
[1] "~h(W1) + h(W2) + h(W4) + h(W5)"
[1] "Fitting tau = E[Y|A=1,W] - E[Y|A=0,W]"
[1] "~h(W1) + h(W3) + h(W5)"
[1] "Fitting mu = E[Y|W]"
[1] "~h(W1,W2) + h(W1,W3) + h(W1,W6) + h(W1) + h(W2,W3) + h(W2) + h(W3,W6) + h(W3) + h(W4) + h(W5,W1) + h(W5,W2) + h(W5,W3) + h(W5,W6) + h(W5) + h(W6) + h(W7)"
[1] "Fitting pi = E[A|W]"
NULL
[1] "Fitting tau = E[Y|A=1,W] - E[Y|A=0,W]"
[1] 0.9380923
A hal9001 formula object of the form: ~ h(.)[1] "Fitting mu = E[Y|W]"
[1] "~h(W1,W2) + h(W1,W3) + h(W1,W6) + h(W1) + h(W2,W3) + h(W2) + h(W3,W6) + h(W3) + h(W4) + h(W5,W1) + h(W5,W2) + h(W5,W3) + h(W5,W6) + h(W5) + h(W6) + h(W7)"
[1] "Fitting pi = E[A|W]"
NULL
[1] "Fitting tau = E[Y|A=1,W] - E[Y|A=0,W]"
[1] 0.9109145
A hal9001 formula object of the form: ~ h(W7)[1] "Fitting mu0 = E[Y|A=0,W]"
[1] "~h(W1) + h(W2) + h(W4) + h(W5)"
[1] "Fitting tau = E[Y|A=1,W] - E[Y|A=0,W]"
[1] "~h(W1) + h(W3) + h(W5)"
[1] "Fitting mu = E[Y|W]"
[1] "~h(W1,W3) + h(W1,W6) + h(W1) + h(W2,W3) + h(W2) + h(W3) + h(W4) + h(W5,W1) + h(W5,W2) + h(W5,W3) + h(W5,W6) + h(W5,W7) + h(W5) + h(W6) + h(W7)"
[1] "Fitting pi = E[A|W]"
NULL
[1] "Fitting tau = E[Y|A=1,W] - E[Y|A=0,W]"
[1] 0.9929805
A hal9001 formula object of the form: ~ h(.)[1] "Fitting mu = E[Y|W]"
[1] "~h(W1,W3) + h(W1,W6) + h(W1) + h(W2,W3) + h(W2) + h(W3) + h(W4) + h(W5,W1) + h(W5,W2) + h(W5,W3) + h(W5,W6) + h(W5,W7) + h(W5) + h(W6) + h(W7)"
[1] "Fitting pi = E[A|W]"
NULL
[1] "Fitting tau = E[Y|A=1,W] - E[Y|A=0,W]"
[1] 0.9466242
A hal9001 formula object of the form: ~ h(W7)[1] "Fitting mu0 = E[Y|A=0,W]"
[1] "~h(W1) + h(W2) + h(W4) + h(W5)"
[1] "Fitting tau = E[Y|A=1,W] - E[Y|A=0,W]"
[1] "~h(W1) + h(W3) + h(W5)"
[1] "Fitting mu = E[Y|W]"
[1] "~h(W1,W2) + h(W1,W3) + h(W1) + h(W2) + h(W3,W6) + h(W3) + h(W4) + h(W5,W1) + h(W5,W2) + h(W5,W3) + h(W5,W6) + h(W5) + h(W6) + h(W7)"
[1] "Fitting pi = E[A|W]"
NULL
[1] "Fitting tau = E[Y|A=1,W] - E[Y|A=0,W]"
[1] 1.000454
A hal9001 formula object of the form: ~ h(.)[1] "Fitting mu = E[Y|W]"
[1] "~h(W1,W2) + h(W1,W3) + h(W1) + h(W2) + h(W3,W6) + h(W3) + h(W4) + h(W5,W1) + h(W5,W2) + h(W5,W3) + h(W5,W6) + h(W5) + h(W6) + h(W7)"
[1] "Fitting pi = E[A|W]"
NULL
[1] "Fitting tau = E[Y|A=1,W] - E[Y|A=0,W]"
[1] 0.9738663
A hal9001 formula object of the form: ~ h(W7)[1] "Fitting mu0 = E[Y|A=0,W]"
[1] "~h(W1) + h(W2) + h(W4) + h(W5)"
[1] "Fitting tau = E[Y|A=1,W] - E[Y|A=0,W]"
[1] "~h(W1) + h(W3) + h(W5)"
[1] "Fitting mu = E[Y|W]"
[1] "~h(W1,W3) + h(W1,W7) + h(W1) + h(W2,W3) + h(W2) + h(W3,W6) + h(W3,W7) + h(W3) + h(W4) + h(W5,W1) + h(W5,W2) + h(W5,W3) + h(W5) + h(W6) + h(W7)"
[1] "Fitting pi = E[A|W]"
NULL
[1] "Fitting tau = E[Y|A=1,W] - E[Y|A=0,W]"
[1] 0.9926168
A hal9001 formula object of the form: ~ h(.)[1] "Fitting mu = E[Y|W]"
[1] "~h(W1,W3) + h(W1,W7) + h(W1) + h(W2,W3) + h(W2) + h(W3,W6) + h(W3,W7) + h(W3) + h(W4) + h(W5,W1) + h(W5,W2) + h(W5,W3) + h(W5) + h(W6) + h(W7)"
[1] "Fitting pi = E[A|W]"
NULL
[1] "Fitting tau = E[Y|A=1,W] - E[Y|A=0,W]"
[1] 0.9409798
A hal9001 formula object of the form: ~ h(W7)[1] "Fitting mu0 = E[Y|A=0,W]"
[1] "~h(W1) + h(W2) + h(W4) + h(W5)"
[1] "Fitting tau = E[Y|A=1,W] - E[Y|A=0,W]"
[1] "~h(W1) + h(W3) + h(W5)"
[1] "Fitting mu = E[Y|W]"
[1] "~h(W1,W3) + h(W1,W6) + h(W1) + h(W2,W3) + h(W2) + h(W3,W6) + h(W3,W7) + h(W3) + h(W4) + h(W5,W1) + h(W5,W2) + h(W5,W3) + h(W5) + h(W6) + h(W7)"
[1] "Fitting pi = E[A|W]"
NULL
[1] "Fitting tau = E[Y|A=1,W] - E[Y|A=0,W]"
[1] 0.9244034
A hal9001 formula object of the form: ~ h(.)[1] "Fitting mu = E[Y|W]"
[1] "~h(W1,W3) + h(W1,W6) + h(W1) + h(W2,W3) + h(W2) + h(W3,W6) + h(W3,W7) + h(W3) + h(W4) + h(W5,W1) + h(W5,W2) + h(W5,W3) + h(W5) + h(W6) + h(W7)"
[1] "Fitting pi = E[A|W]"
NULL
[1] "Fitting tau = E[Y|A=1,W] - E[Y|A=0,W]"
[1] 0.8990379
A hal9001 formula object of the form: ~ h(W7)[1] "Fitting mu0 = E[Y|A=0,W]"
[1] "~h(W1) + h(W2) + h(W4) + h(W5)"
[1] "Fitting tau = E[Y|A=1,W] - E[Y|A=0,W]"
[1] "~h(W1) + h(W3) + h(W5) + h(W6)"
[1] "Fitting mu = E[Y|W]"
[1] "~h(W1,W2) + h(W1,W3) + h(W1,W6) + h(W1,W7) + h(W1) + h(W2,W3) + h(W2) + h(W3,W6) + h(W3) + h(W4) + h(W5,W1) + h(W5,W3) + h(W5,W6) + h(W5) + h(W6) + h(W7)"
[1] "Fitting pi = E[A|W]"
NULL
[1] "Fitting tau = E[Y|A=1,W] - E[Y|A=0,W]"
[1] 0.9260899
A hal9001 formula object of the form: ~ h(.)[1] "Fitting mu = E[Y|W]"
[1] "~h(W1,W2) + h(W1,W3) + h(W1,W6) + h(W1,W7) + h(W1) + h(W2,W3) + h(W2) + h(W3,W6) + h(W3) + h(W4) + h(W5,W1) + h(W5,W3) + h(W5,W6) + h(W5) + h(W6) + h(W7)"
[1] "Fitting pi = E[A|W]"
NULL
[1] "Fitting tau = E[Y|A=1,W] - E[Y|A=0,W]"
[1] 0.8832858
A hal9001 formula object of the form: ~ h(W7)[1] "Fitting mu0 = E[Y|A=0,W]"
[1] "~h(W1) + h(W2) + h(W4) + h(W5)"
[1] "Fitting tau = E[Y|A=1,W] - E[Y|A=0,W]"
[1] "~h(W1) + h(W3) + h(W4) + h(W5)"
[1] "Fitting mu = E[Y|W]"
[1] "~h(W1,W3) + h(W1) + h(W2,W3) + h(W2) + h(W3,W6) + h(W3,W7) + h(W3) + h(W4) + h(W5,W1) + h(W5,W2) + h(W5) + h(W6) + h(W7)"
[1] "Fitting pi = E[A|W]"
NULL
[1] "Fitting tau = E[Y|A=1,W] - E[Y|A=0,W]"
[1] 0.9989152
A hal9001 formula object of the form: ~ h(.)[1] "Fitting mu = E[Y|W]"
[1] "~h(W1,W3) + h(W1) + h(W2,W3) + h(W2) + h(W3,W6) + h(W3,W7) + h(W3) + h(W4) + h(W5,W1) + h(W5,W2) + h(W5) + h(W6) + h(W7)"
[1] "Fitting pi = E[A|W]"
NULL
[1] "Fitting tau = E[Y|A=1,W] - E[Y|A=0,W]"
[1] 0.9721676
A hal9001 formula object of the form: ~ h(W7)[1] "Fitting mu0 = E[Y|A=0,W]"
[1] "~h(W1) + h(W2) + h(W4) + h(W5)"
[1] "Fitting tau = E[Y|A=1,W] - E[Y|A=0,W]"
[1] "~h(W1) + h(W3) + h(W5)"
[1] "Fitting mu = E[Y|W]"
[1] "~h(W1,W3) + h(W1) + h(W2,W3) + h(W2) + h(W3,W6) + h(W3,W7) + h(W3) + h(W4) + h(W5,W1) + h(W5,W2) + h(W5,W3) + h(W5) + h(W6) + h(W7)"
[1] "Fitting pi = E[A|W]"
NULL
[1] "Fitting tau = E[Y|A=1,W] - E[Y|A=0,W]"
[1] 1.013481
A hal9001 formula object of the form: ~ h(.)[1] "Fitting mu = E[Y|W]"
[1] "~h(W1,W3) + h(W1) + h(W2,W3) + h(W2) + h(W3,W6) + h(W3,W7) + h(W3) + h(W4) + h(W5,W1) + h(W5,W2) + h(W5,W3) + h(W5) + h(W6) + h(W7)"
[1] "Fitting pi = E[A|W]"
NULL
[1] "Fitting tau = E[Y|A=1,W] - E[Y|A=0,W]"
[1] 0.9947638
A hal9001 formula object of the form: ~ h(W7)[1] "Fitting mu0 = E[Y|A=0,W]"
[1] "~h(W1) + h(W2) + h(W4) + h(W5)"
[1] "Fitting tau = E[Y|A=1,W] - E[Y|A=0,W]"
[1] "~h(W1) + h(W3) + h(W5)"
[1] "Fitting mu = E[Y|W]"
[1] "~h(W1,W2) + h(W1,W3) + h(W1) + h(W2,W3) + h(W2) + h(W3,W6) + h(W3,W7) + h(W3) + h(W4) + h(W5,W1) + h(W5,W3) + h(W5) + h(W6) + h(W7)"
[1] "Fitting pi = E[A|W]"
NULL
[1] "Fitting tau = E[Y|A=1,W] - E[Y|A=0,W]"
[1] 0.9947785
A hal9001 formula object of the form: ~ h(.)[1] "Fitting mu = E[Y|W]"
[1] "~h(W1,W2) + h(W1,W3) + h(W1) + h(W2,W3) + h(W2) + h(W3,W6) + h(W3,W7) + h(W3) + h(W4) + h(W5,W1) + h(W5,W3) + h(W5) + h(W6) + h(W7)"
[1] "Fitting pi = E[A|W]"
NULL
[1] "Fitting tau = E[Y|A=1,W] - E[Y|A=0,W]"
[1] 0.9599465
A hal9001 formula object of the form: ~ h(W7)[1] "Fitting mu0 = E[Y|A=0,W]"
[1] "~h(W1) + h(W2) + h(W4) + h(W5)"
[1] "Fitting tau = E[Y|A=1,W] - E[Y|A=0,W]"
[1] "~h(W1) + h(W3) + h(W5)"
[1] "Fitting mu = E[Y|W]"
[1] "~h(W1,W3) + h(W1) + h(W2,W3) + h(W2) + h(W3,W6) + h(W3,W7) + h(W3) + h(W4) + h(W5,W1) + h(W5,W2) + h(W5,W3) + h(W5) + h(W6) + h(W7)"
[1] "Fitting pi = E[A|W]"
NULL
[1] "Fitting tau = E[Y|A=1,W] - E[Y|A=0,W]"
[1] 1.007828
A hal9001 formula object of the form: ~ h(.)[1] "Fitting mu = E[Y|W]"
[1] "~h(W1,W3) + h(W1) + h(W2,W3) + h(W2) + h(W3,W6) + h(W3,W7) + h(W3) + h(W4) + h(W5,W1) + h(W5,W2) + h(W5,W3) + h(W5) + h(W6) + h(W7)"
[1] "Fitting pi = E[A|W]"
NULL
[1] "Fitting tau = E[Y|A=1,W] - E[Y|A=0,W]"
[1] 0.9398453
A hal9001 formula object of the form: ~ h(W7)[1] "Fitting mu0 = E[Y|A=0,W]"
[1] "~h(W1) + h(W2) + h(W4) + h(W5)"
[1] "Fitting tau = E[Y|A=1,W] - E[Y|A=0,W]"
[1] "~h(W1) + h(W3) + h(W5)"
[1] "Fitting mu = E[Y|W]"
[1] "~h(W1,W2) + h(W1,W3) + h(W1,W6) + h(W1) + h(W2,W3) + h(W2) + h(W3,W6) + h(W3,W7) + h(W3) + h(W4) + h(W5,W1) + h(W5,W3) + h(W5,W6) + h(W5) + h(W6) + h(W7)"
[1] "Fitting pi = E[A|W]"
NULL
[1] "Fitting tau = E[Y|A=1,W] - E[Y|A=0,W]"
[1] 0.9612742
A hal9001 formula object of the form: ~ h(.)[1] "Fitting mu = E[Y|W]"
[1] "~h(W1,W2) + h(W1,W3) + h(W1,W6) + h(W1) + h(W2,W3) + h(W2) + h(W3,W6) + h(W3,W7) + h(W3) + h(W4) + h(W5,W1) + h(W5,W3) + h(W5,W6) + h(W5) + h(W6) + h(W7)"
[1] "Fitting pi = E[A|W]"
NULL
[1] "Fitting tau = E[Y|A=1,W] - E[Y|A=0,W]"
[1] 0.9104587
A hal9001 formula object of the form: ~ h(W7)[1] "Fitting mu0 = E[Y|A=0,W]"
[1] "~h(W1) + h(W2) + h(W4) + h(W5)"
[1] "Fitting tau = E[Y|A=1,W] - E[Y|A=0,W]"
[1] "~h(W1) + h(W3) + h(W5)"
[1] "Fitting mu = E[Y|W]"
[1] "~h(W1,W2) + h(W1,W3) + h(W1,W6) + h(W1) + h(W2) + h(W3,W6) + h(W3,W7) + h(W3) + h(W4) + h(W5,W1) + h(W5,W2) + h(W5,W3) + h(W5) + h(W6) + h(W7)"
[1] "Fitting pi = E[A|W]"
NULL
[1] "Fitting tau = E[Y|A=1,W] - E[Y|A=0,W]"
[1] 1.005138
A hal9001 formula object of the form: ~ h(.)[1] "Fitting mu = E[Y|W]"
[1] "~h(W1,W2) + h(W1,W3) + h(W1,W6) + h(W1) + h(W2) + h(W3,W6) + h(W3,W7) + h(W3) + h(W4) + h(W5,W1) + h(W5,W2) + h(W5,W3) + h(W5) + h(W6) + h(W7)"
[1] "Fitting pi = E[A|W]"
NULL
[1] "Fitting tau = E[Y|A=1,W] - E[Y|A=0,W]"
[1] 1.004408
A hal9001 formula object of the form: ~ h(W7)[1] "Fitting mu0 = E[Y|A=0,W]"
[1] "~h(W1) + h(W2) + h(W4) + h(W5)"
[1] "Fitting tau = E[Y|A=1,W] - E[Y|A=0,W]"
[1] "~h(W1) + h(W3) + h(W5)"
[1] "Fitting mu = E[Y|W]"
[1] "~h(W1,W3) + h(W1) + h(W2,W3) + h(W2,W7) + h(W2) + h(W3) + h(W4) + h(W5,W1) + h(W5,W2) + h(W5,W3) + h(W5,W6) + h(W5) + h(W6) + h(W7)"
[1] "Fitting pi = E[A|W]"
NULL
[1] "Fitting tau = E[Y|A=1,W] - E[Y|A=0,W]"
[1] 0.9525668
A hal9001 formula object of the form: ~ h(.)[1] "Fitting mu = E[Y|W]"
[1] "~h(W1,W3) + h(W1) + h(W2,W3) + h(W2,W7) + h(W2) + h(W3) + h(W4) + h(W5,W1) + h(W5,W2) + h(W5,W3) + h(W5,W6) + h(W5) + h(W6) + h(W7)"
[1] "Fitting pi = E[A|W]"
NULL
[1] "Fitting tau = E[Y|A=1,W] - E[Y|A=0,W]"
[1] 0.9215598
A hal9001 formula object of the form: ~ h(W7)[1] "Fitting mu0 = E[Y|A=0,W]"
[1] "~h(W1) + h(W2) + h(W4) + h(W5)"
[1] "Fitting tau = E[Y|A=1,W] - E[Y|A=0,W]"
[1] "~h(W1) + h(W3) + h(W5)"
[1] "Fitting mu = E[Y|W]"
[1] "~h(W1,W3) + h(W1) + h(W2,W3) + h(W2) + h(W3,W6) + h(W3) + h(W4) + h(W5,W1) + h(W5) + h(W6) + h(W7)"
[1] "Fitting pi = E[A|W]"
NULL
[1] "Fitting tau = E[Y|A=1,W] - E[Y|A=0,W]"
[1] 0.9826691
A hal9001 formula object of the form: ~ h(.)[1] "Fitting mu = E[Y|W]"
[1] "~h(W1,W3) + h(W1) + h(W2,W3) + h(W2) + h(W3,W6) + h(W3) + h(W4) + h(W5,W1) + h(W5) + h(W6) + h(W7)"
[1] "Fitting pi = E[A|W]"
NULL
[1] "Fitting tau = E[Y|A=1,W] - E[Y|A=0,W]"
[1] 0.9382975
A hal9001 formula object of the form: ~ h(W7)[1] "Fitting mu0 = E[Y|A=0,W]"
[1] "~h(W1) + h(W2) + h(W4) + h(W5)"
[1] "Fitting tau = E[Y|A=1,W] - E[Y|A=0,W]"
[1] "~h(W1) + h(W3) + h(W5)"
[1] "Fitting mu = E[Y|W]"
[1] "~h(W1,W2) + h(W1,W3) + h(W1,W6) + h(W1) + h(W2,W3) + h(W2) + h(W3) + h(W4) + h(W5,W1) + h(W5,W3) + h(W5,W6) + h(W5,W7) + h(W5) + h(W6) + h(W7)"
[1] "Fitting pi = E[A|W]"
NULL
[1] "Fitting tau = E[Y|A=1,W] - E[Y|A=0,W]"
[1] 0.9956891
A hal9001 formula object of the form: ~ h(.)[1] "Fitting mu = E[Y|W]"
[1] "~h(W1,W2) + h(W1,W3) + h(W1,W6) + h(W1) + h(W2,W3) + h(W2) + h(W3) + h(W4) + h(W5,W1) + h(W5,W3) + h(W5,W6) + h(W5,W7) + h(W5) + h(W6) + h(W7)"
[1] "Fitting pi = E[A|W]"
NULL
[1] "Fitting tau = E[Y|A=1,W] - E[Y|A=0,W]"
[1] 0.9447693
A hal9001 formula object of the form: ~ h(W7)[1] "Fitting mu0 = E[Y|A=0,W]"
[1] "~h(W1) + h(W2) + h(W4) + h(W5)"
[1] "Fitting tau = E[Y|A=1,W] - E[Y|A=0,W]"
[1] "~h(W1) + h(W3) + h(W5)"
[1] "Fitting mu = E[Y|W]"
[1] "~h(W1,W2) + h(W1,W3) + h(W1) + h(W2,W3) + h(W2) + h(W3,W6) + h(W3,W7) + h(W3) + h(W4) + h(W5,W1) + h(W5,W2) + h(W5,W3) + h(W5,W6) + h(W5) + h(W6) + h(W7)"
[1] "Fitting pi = E[A|W]"
NULL
[1] "Fitting tau = E[Y|A=1,W] - E[Y|A=0,W]"
[1] 1.011364
A hal9001 formula object of the form: ~ h(.)[1] "Fitting mu = E[Y|W]"
[1] "~h(W1,W2) + h(W1,W3) + h(W1) + h(W2,W3) + h(W2) + h(W3,W6) + h(W3,W7) + h(W3) + h(W4) + h(W5,W1) + h(W5,W2) + h(W5,W3) + h(W5,W6) + h(W5) + h(W6) + h(W7)"
[1] "Fitting pi = E[A|W]"
NULL
[1] "Fitting tau = E[Y|A=1,W] - E[Y|A=0,W]"
[1] 0.9692091
A hal9001 formula object of the form: ~ h(W7)[1] "Fitting mu0 = E[Y|A=0,W]"
[1] "~h(W1) + h(W2) + h(W4) + h(W5)"
[1] "Fitting tau = E[Y|A=1,W] - E[Y|A=0,W]"
[1] "~h(W1) + h(W3) + h(W5)"
[1] "Fitting mu = E[Y|W]"
[1] "~h(W1,W3) + h(W1) + h(W2,W3) + h(W2) + h(W3,W6) + h(W3,W7) + h(W3) + h(W4) + h(W5,W1) + h(W5,W2) + h(W5,W6) + h(W5) + h(W6) + h(W7)"
[1] "Fitting pi = E[A|W]"
NULL
[1] "Fitting tau = E[Y|A=1,W] - E[Y|A=0,W]"
[1] 0.9740453
A hal9001 formula object of the form: ~ h(.)[1] "Fitting mu = E[Y|W]"
[1] "~h(W1,W3) + h(W1) + h(W2,W3) + h(W2) + h(W3,W6) + h(W3,W7) + h(W3) + h(W4) + h(W5,W1) + h(W5,W2) + h(W5,W6) + h(W5) + h(W6) + h(W7)"
[1] "Fitting pi = E[A|W]"
NULL
[1] "Fitting tau = E[Y|A=1,W] - E[Y|A=0,W]"
[1] 0.9031168
A hal9001 formula object of the form: ~ h(W7)[1] "Fitting mu0 = E[Y|A=0,W]"
[1] "~h(W1) + h(W2) + h(W4) + h(W5)"
[1] "Fitting tau = E[Y|A=1,W] - E[Y|A=0,W]"
[1] "~h(W1) + h(W3) + h(W5)"
[1] "Fitting mu = E[Y|W]"
[1] "~h(W1,W3) + h(W1) + h(W2,W3) + h(W2) + h(W3,W6) + h(W3) + h(W4) + h(W5,W1) + h(W5,W2) + h(W5,W3) + h(W5,W6) + h(W5,W7) + h(W5) + h(W6) + h(W7)"
[1] "Fitting pi = E[A|W]"
NULL
[1] "Fitting tau = E[Y|A=1,W] - E[Y|A=0,W]"
[1] 0.975341
A hal9001 formula object of the form: ~ h(.)[1] "Fitting mu = E[Y|W]"
[1] "~h(W1,W3) + h(W1) + h(W2,W3) + h(W2) + h(W3,W6) + h(W3) + h(W4) + h(W5,W1) + h(W5,W2) + h(W5,W3) + h(W5,W6) + h(W5,W7) + h(W5) + h(W6) + h(W7)"
[1] "Fitting pi = E[A|W]"
NULL
[1] "Fitting tau = E[Y|A=1,W] - E[Y|A=0,W]"
[1] 0.9363538
A hal9001 formula object of the form: ~ h(W7)[1] "Fitting mu0 = E[Y|A=0,W]"
[1] "~h(W1) + h(W2) + h(W4) + h(W5)"
[1] "Fitting tau = E[Y|A=1,W] - E[Y|A=0,W]"
[1] "~h(W1) + h(W3) + h(W5)"
[1] "Fitting mu = E[Y|W]"
[1] "~h(W1,W3) + h(W1,W6) + h(W1) + h(W2) + h(W3,W6) + h(W3,W7) + h(W3) + h(W4) + h(W5,W1) + h(W5,W2) + h(W5,W3) + h(W5,W4) + h(W5) + h(W6) + h(W7)"
[1] "Fitting pi = E[A|W]"
NULL
[1] "Fitting tau = E[Y|A=1,W] - E[Y|A=0,W]"
[1] 0.9856139
A hal9001 formula object of the form: ~ h(.)[1] "Fitting mu = E[Y|W]"
[1] "~h(W1,W3) + h(W1,W6) + h(W1) + h(W2) + h(W3,W6) + h(W3,W7) + h(W3) + h(W4) + h(W5,W1) + h(W5,W2) + h(W5,W3) + h(W5,W4) + h(W5) + h(W6) + h(W7)"
[1] "Fitting pi = E[A|W]"
NULL
[1] "Fitting tau = E[Y|A=1,W] - E[Y|A=0,W]"
[1] 0.9179323
A hal9001 formula object of the form: ~ h(W7)[1] "Fitting mu0 = E[Y|A=0,W]"
[1] "~h(W1) + h(W2) + h(W4) + h(W5)"
[1] "Fitting tau = E[Y|A=1,W] - E[Y|A=0,W]"
[1] "~h(W1) + h(W3) + h(W5)"
[1] "Fitting mu = E[Y|W]"
[1] "~h(W1,W2) + h(W1,W3) + h(W1,W6) + h(W1) + h(W2,W3) + h(W2) + h(W3) + h(W4) + h(W5,W1) + h(W5,W2) + h(W5,W3) + h(W5,W6) + h(W5) + h(W6)"
[1] "Fitting pi = E[A|W]"
NULL
[1] "Fitting tau = E[Y|A=1,W] - E[Y|A=0,W]"
[1] 0.9699996
A hal9001 formula object of the form: ~ h(.)[1] "Fitting mu = E[Y|W]"
[1] "~h(W1,W2) + h(W1,W3) + h(W1,W6) + h(W1) + h(W2,W3) + h(W2) + h(W3) + h(W4) + h(W5,W1) + h(W5,W2) + h(W5,W3) + h(W5,W6) + h(W5) + h(W6)"
[1] "Fitting pi = E[A|W]"
NULL
[1] "Fitting tau = E[Y|A=1,W] - E[Y|A=0,W]"
[1] 0.9476741
A hal9001 formula object of the form: ~ h(W7)[1] "Fitting mu0 = E[Y|A=0,W]"
[1] "~h(W1) + h(W2) + h(W4) + h(W5)"
[1] "Fitting tau = E[Y|A=1,W] - E[Y|A=0,W]"
[1] "~h(W1) + h(W3) + h(W5)"
[1] "Fitting mu = E[Y|W]"
[1] "~h(W1,W2) + h(W1,W3) + h(W1,W5) + h(W1) + h(W2,W3) + h(W2) + h(W3,W6) + h(W3) + h(W4) + h(W5,W2) + h(W5,W3) + h(W5,W6) + h(W5,W7) + h(W5) + h(W6) + h(W7)"
[1] "Fitting pi = E[A|W]"
NULL
[1] "Fitting tau = E[Y|A=1,W] - E[Y|A=0,W]"
[1] 0.9253419
A hal9001 formula object of the form: ~ h(.)[1] "Fitting mu = E[Y|W]"
[1] "~h(W1,W2) + h(W1,W3) + h(W1,W5) + h(W1) + h(W2,W3) + h(W2) + h(W3,W6) + h(W3) + h(W4) + h(W5,W2) + h(W5,W3) + h(W5,W6) + h(W5,W7) + h(W5) + h(W6) + h(W7)"
[1] "Fitting pi = E[A|W]"
NULL
[1] "Fitting tau = E[Y|A=1,W] - E[Y|A=0,W]"
[1] 0.8746752
A hal9001 formula object of the form: ~ h(W7)[1] "Fitting mu0 = E[Y|A=0,W]"
[1] "~h(W1) + h(W2) + h(W4) + h(W5)"
[1] "Fitting tau = E[Y|A=1,W] - E[Y|A=0,W]"
[1] "~h(W1) + h(W2) + h(W3) + h(W5)"
[1] "Fitting mu = E[Y|W]"
[1] "~h(W1,W3) + h(W1) + h(W2,W3) + h(W2) + h(W3,W6) + h(W3) + h(W4) + h(W5,W1) + h(W5,W2) + h(W5,W3) + h(W5,W6) + h(W5,W7) + h(W5) + h(W6) + h(W7)"
[1] "Fitting pi = E[A|W]"
NULL
[1] "Fitting tau = E[Y|A=1,W] - E[Y|A=0,W]"
[1] 0.9573908
A hal9001 formula object of the form: ~ h(.)[1] "Fitting mu = E[Y|W]"
[1] "~h(W1,W3) + h(W1) + h(W2,W3) + h(W2) + h(W3,W6) + h(W3) + h(W4) + h(W5,W1) + h(W5,W2) + h(W5,W3) + h(W5,W6) + h(W5,W7) + h(W5) + h(W6) + h(W7)"
[1] "Fitting pi = E[A|W]"
NULL
[1] "Fitting tau = E[Y|A=1,W] - E[Y|A=0,W]"
[1] 0.8939684
A hal9001 formula object of the form: ~ h(W7)[1] "Fitting mu0 = E[Y|A=0,W]"
[1] "~h(W1) + h(W2) + h(W4) + h(W5)"
[1] "Fitting tau = E[Y|A=1,W] - E[Y|A=0,W]"
[1] "~h(W1) + h(W3) + h(W5)"
[1] "Fitting mu = E[Y|W]"
[1] "~h(W1,W3) + h(W1) + h(W2,W3) + h(W2) + h(W3,W6) + h(W3,W7) + h(W3) + h(W4) + h(W5,W1) + h(W5,W3) + h(W5) + h(W6) + h(W7)"
[1] "Fitting pi = E[A|W]"
NULL
[1] "Fitting tau = E[Y|A=1,W] - E[Y|A=0,W]"
[1] 0.9958098
A hal9001 formula object of the form: ~ h(.)[1] "Fitting mu = E[Y|W]"
[1] "~h(W1,W3) + h(W1) + h(W2,W3) + h(W2) + h(W3,W6) + h(W3,W7) + h(W3) + h(W4) + h(W5,W1) + h(W5,W3) + h(W5) + h(W6) + h(W7)"
[1] "Fitting pi = E[A|W]"
NULL
[1] "Fitting tau = E[Y|A=1,W] - E[Y|A=0,W]"
[1] 0.973523
A hal9001 formula object of the form: ~ h(W7)[1] "Fitting mu0 = E[Y|A=0,W]"
[1] "~h(W1) + h(W2) + h(W4) + h(W5)"
[1] "Fitting tau = E[Y|A=1,W] - E[Y|A=0,W]"
[1] "~h(W1) + h(W3) + h(W5)"
[1] "Fitting mu = E[Y|W]"
[1] "~h(W1,W3) + h(W1,W6) + h(W1) + h(W2) + h(W3,W6) + h(W3,W7) + h(W3) + h(W4) + h(W5,W1) + h(W5,W2) + h(W5,W3) + h(W5,W6) + h(W5) + h(W6) + h(W7)"
[1] "Fitting pi = E[A|W]"
NULL
[1] "Fitting tau = E[Y|A=1,W] - E[Y|A=0,W]"
[1] 0.9977657
A hal9001 formula object of the form: ~ h(.)[1] "Fitting mu = E[Y|W]"
[1] "~h(W1,W3) + h(W1,W6) + h(W1) + h(W2) + h(W3,W6) + h(W3,W7) + h(W3) + h(W4) + h(W5,W1) + h(W5,W2) + h(W5,W3) + h(W5,W6) + h(W5) + h(W6) + h(W7)"
[1] "Fitting pi = E[A|W]"
NULL
[1] "Fitting tau = E[Y|A=1,W] - E[Y|A=0,W]"
[1] 0.9477059
A hal9001 formula object of the form: ~ h(W7)[1] "Fitting mu0 = E[Y|A=0,W]"
[1] "~h(W1) + h(W2) + h(W4) + h(W5)"
[1] "Fitting tau = E[Y|A=1,W] - E[Y|A=0,W]"
[1] "~h(W1) + h(W2) + h(W3) + h(W5)"
[1] "Fitting mu = E[Y|W]"
[1] "~h(W1,W2) + h(W1,W3) + h(W1) + h(W2,W3) + h(W2) + h(W3,W6) + h(W3,W7) + h(W3) + h(W4) + h(W5,W1) + h(W5,W2) + h(W5,W3) + h(W5) + h(W6) + h(W7)"
[1] "Fitting pi = E[A|W]"
NULL
[1] "Fitting tau = E[Y|A=1,W] - E[Y|A=0,W]"
[1] 0.9996314
A hal9001 formula object of the form: ~ h(.)[1] "Fitting mu = E[Y|W]"
[1] "~h(W1,W2) + h(W1,W3) + h(W1) + h(W2,W3) + h(W2) + h(W3,W6) + h(W3,W7) + h(W3) + h(W4) + h(W5,W1) + h(W5,W2) + h(W5,W3) + h(W5) + h(W6) + h(W7)"
[1] "Fitting pi = E[A|W]"
NULL
[1] "Fitting tau = E[Y|A=1,W] - E[Y|A=0,W]"
[1] 0.9717317
A hal9001 formula object of the form: ~ h(W7)[1] "Fitting mu0 = E[Y|A=0,W]"
[1] "~h(W1) + h(W2) + h(W4) + h(W5)"
[1] "Fitting tau = E[Y|A=1,W] - E[Y|A=0,W]"
[1] "~h(W1) + h(W3) + h(W4) + h(W5)"
[1] "Fitting mu = E[Y|W]"
[1] "~h(W1,W3) + h(W1) + h(W2) + h(W3,W6) + h(W3,W7) + h(W3) + h(W4) + h(W5,W1) + h(W5,W2) + h(W5,W3) + h(W5) + h(W6) + h(W7)"
[1] "Fitting pi = E[A|W]"
NULL
[1] "Fitting tau = E[Y|A=1,W] - E[Y|A=0,W]"
[1] 0.9849007
A hal9001 formula object of the form: ~ h(.)[1] "Fitting mu = E[Y|W]"
[1] "~h(W1,W3) + h(W1) + h(W2) + h(W3,W6) + h(W3,W7) + h(W3) + h(W4) + h(W5,W1) + h(W5,W2) + h(W5,W3) + h(W5) + h(W6) + h(W7)"
[1] "Fitting pi = E[A|W]"
NULL
[1] "Fitting tau = E[Y|A=1,W] - E[Y|A=0,W]"
[1] 0.9338761
A hal9001 formula object of the form: ~ h(W7)[1] "Fitting mu0 = E[Y|A=0,W]"
[1] "~h(W1) + h(W2) + h(W4) + h(W5)"
[1] "Fitting tau = E[Y|A=1,W] - E[Y|A=0,W]"
[1] "~h(W1) + h(W3) + h(W5)"
[1] "Fitting mu = E[Y|W]"
[1] "~h(W1,W2) + h(W1,W3) + h(W1) + h(W2,W3) + h(W2) + h(W3,W6) + h(W3,W7) + h(W3) + h(W4) + h(W5,W1) + h(W5,W2) + h(W5,W3) + h(W5,W6) + h(W5) + h(W6) + h(W7)"
[1] "Fitting pi = E[A|W]"
NULL
[1] "Fitting tau = E[Y|A=1,W] - E[Y|A=0,W]"
[1] 0.9860308
A hal9001 formula object of the form: ~ h(.)[1] "Fitting mu = E[Y|W]"
[1] "~h(W1,W2) + h(W1,W3) + h(W1) + h(W2,W3) + h(W2) + h(W3,W6) + h(W3,W7) + h(W3) + h(W4) + h(W5,W1) + h(W5,W2) + h(W5,W3) + h(W5,W6) + h(W5) + h(W6) + h(W7)"
[1] "Fitting pi = E[A|W]"
NULL
[1] "Fitting tau = E[Y|A=1,W] - E[Y|A=0,W]"
[1] 0.9431289
A hal9001 formula object of the form: ~ h(W7)[1] "Fitting mu0 = E[Y|A=0,W]"
[1] "~h(W1) + h(W2) + h(W4) + h(W5)"
[1] "Fitting tau = E[Y|A=1,W] - E[Y|A=0,W]"
[1] "~h(W1) + h(W2) + h(W3) + h(W5)"
[1] "Fitting mu = E[Y|W]"
[1] "~h(W1,W2) + h(W1,W3) + h(W1) + h(W2,W3) + h(W2) + h(W3,W6) + h(W3,W7) + h(W3) + h(W4) + h(W5,W1) + h(W5,W2) + h(W5,W3) + h(W5,W6) + h(W5) + h(W6) + h(W7)"
[1] "Fitting pi = E[A|W]"
NULL
[1] "Fitting tau = E[Y|A=1,W] - E[Y|A=0,W]"
[1] 0.9740053
A hal9001 formula object of the form: ~ h(.)[1] "Fitting mu = E[Y|W]"
[1] "~h(W1,W2) + h(W1,W3) + h(W1) + h(W2,W3) + h(W2) + h(W3,W6) + h(W3,W7) + h(W3) + h(W4) + h(W5,W1) + h(W5,W2) + h(W5,W3) + h(W5,W6) + h(W5) + h(W6) + h(W7)"
[1] "Fitting pi = E[A|W]"
NULL
[1] "Fitting tau = E[Y|A=1,W] - E[Y|A=0,W]"
[1] 0.9527646
A hal9001 formula object of the form: ~ h(W7)[1] "Fitting mu0 = E[Y|A=0,W]"
[1] "~h(W1) + h(W2) + h(W4) + h(W5)"
[1] "Fitting tau = E[Y|A=1,W] - E[Y|A=0,W]"
[1] "~h(W1) + h(W3) + h(W5)"
[1] "Fitting mu = E[Y|W]"
[1] "~h(W1,W2) + h(W1,W3) + h(W1,W6) + h(W1) + h(W2,W3) + h(W2) + h(W3,W6) + h(W3) + h(W4) + h(W5,W1) + h(W5,W2) + h(W5,W3) + h(W5,W6) + h(W5) + h(W6) + h(W7)"
[1] "Fitting pi = E[A|W]"
NULL
[1] "Fitting tau = E[Y|A=1,W] - E[Y|A=0,W]"
[1] 1.00383
A hal9001 formula object of the form: ~ h(.)[1] "Fitting mu = E[Y|W]"
