LOADING R
R LOADED
[1] "/home/lvanderl/Rlibs2"                         
[2] "/app/software/R/4.2.2-foss-2021b/lib/R/library"
[1] "/home/lvanderl/sieveSims"
[1] "Iteration number: 1"
[1] "pos"
[1] 2.666769e-06 9.999292e-01
[1] "Fitting mu0 = E[Y|A=0,W]"
NULL
[1] "Fitting tau = E[Y|A=1,W] - E[Y|A=0,W]"
NULL
[1] 0.02577097
[1] 0.01410059
[1] 0.02577097
[1] -0.4580848  1.4556056
[1] "cutoff"
[1] 0.002008042
[1] 0.002008042 0.997991958
[1] "Fitting m = E[Y|W]"
[1] "Fitting pi = E[A|W]"
[1] "Fitting tau = E[Y|A=1,W] - E[Y|A=0,W]"
[1] 1.035928
NULL
[1] 0.02638546
[1] 0.01417641
(Intercept) 
 0.02638546 
[1] "Iteration number: 2"
[1] "pos"
[1] 3.291076e-06 9.999047e-01
[1] "Fitting mu0 = E[Y|A=0,W]"
NULL
[1] "Fitting tau = E[Y|A=1,W] - E[Y|A=0,W]"
NULL
[1] 0.02588773
[1] 0.01441102
[1] 0.02588773
[1] -0.3180522  1.5013240
[1] "cutoff"
[1] 0.002811255
[1] 0.002811255 0.997188745
[1] "Fitting m = E[Y|W]"
[1] "Fitting pi = E[A|W]"
[1] "Fitting tau = E[Y|A=1,W] - E[Y|A=0,W]"
[1] 0.9386678
NULL
[1] 0.0263242
[1] 0.0141015
(Intercept) 
  0.0263242 
[1] "Iteration number: 3"
[1] "pos"
[1] 4.35459e-06 9.99936e-01
[1] "Fitting mu0 = E[Y|A=0,W]"
NULL
[1] "Fitting tau = E[Y|A=1,W] - E[Y|A=0,W]"
NULL
[1] 0.02692658
[1] 0.01481399
[1] 0.02692658
