LOADING R
R LOADED
[1] "/home/lvanderl/Rlibs2"                         
[2] "/app/software/R/4.2.2-foss-2021b/lib/R/library"
[1] "/home/lvanderl/sieveSims"
[1] 1
[1] -0.001276356
[1] -0.0308365
[1] "AdaLSE"
[1] 0.06913278
[1] 0.03168962
[1] "AdaLSE CI"
[1] 0
[1] 0
[1] 1
[1] 1
[1] "Fitting mean A"
[1] "Fitting variance A"
[1] "DR"
[1] 0.06908717
[1] 0.02951771
[1] "DR CI"
[1] 0
[1] 0
[1] 1
[1] 1
[1] "se comparison"
[1] NA
[1] NA
[1] 2
[1] -0.001276356
[1] -0.0308365
[1] "AdaLSE"
[1] 0.03795888
[1] 0.03142267
[1] "AdaLSE CI"
[1] 0.5
[1] 0
[1] 1 1
[1] 2
[1] "Fitting mean A"
[1] "Fitting variance A"
[1] "DR"
[1] 0.03050032
[1] 0.03011121
[1] "DR CI"
[1] 0.5
[1] 0
[1] 1 1
[1] 2
[1] "se comparison"
[1] 0.02204328
[1] 0.02728502
[1] 3
[1] -0.001276356
[1] -0.0308365
[1] "AdaLSE"
[1] 0.01500416
[1] 0.03225751
[1] "AdaLSE CI"
[1] 0.6666667
[1] 0.3333333
[1] 1 2
[1] 2 1
[1] "Fitting mean A"
[1] "Fitting variance A"
[1] "DR"
[1] 0.006063376
[1] 0.03073913
[1] "DR CI"
[1] 0.6666667
[1] 0.3333333
[1] 1 2
[1] 2 1
[1] "se comparison"
[1] 0.02716812
[1] 0.03177554
[1] 4
[1] -0.001276356
[1] -0.0308365
[1] "AdaLSE"
[1] -0.004985
[1] 0.03081146
[1] "AdaLSE CI"
[1] 0.75
[1] 0.5
[1] 1 3
[1] 2 2
[1] "Fitting mean A"
[1] "Fitting variance A"
[1] "DR"
[1] -0.01524642
[1] 0.02996826
[1] "DR CI"
[1] 0.75
[1] 0.5
[1] 1 3
[1] 2 2
[1] "se comparison"
[1] 0.03184052
[1] 0.03619062
[1] 5
[1] -0.001276356
[1] -0.0308365
[1] "AdaLSE"
[1] -0.006109627
[1] 0.03344082
[1] "AdaLSE CI"
[1] 0.8
[1] 0.6
[1] 1 4
[1] 2 3
[1] "Fitting mean A"
[1] "Fitting variance A"
[1] "DR"
[1] -0.009884086
[1] 0.03283863
[1] "DR CI"
[1] 0.8
[1] 0.6
[1] 1 4
[1] 2 3
[1] "se comparison"
[1] 0.03179335
[1] 0.03454531
[1] 6
[1] -0.001276356
[1] -0.0308365
[1] "AdaLSE"
[1] -0.02686549
[1] 0.02968435
[1] "AdaLSE CI"
[1] 0.8333333
[1] 0.6666667
[1] 1 5
[1] 2 4
[1] "Fitting mean A"
[1] "Fitting variance A"
[1] "DR"
[1] -0.03228432
[1] 0.02985271
[1] "DR CI"
[1] 0.8333333
[1] 0.6666667
[1] 1 5
[1] 2 4
[1] "se comparison"
[1] 0.03478354
[1] 0.03667345
[1] 7
[1] -0.001276356
[1] -0.0308365
[1] "AdaLSE"
[1] 0.008649904
[1] 0.03303899
[1] "AdaLSE CI"
[1] 0.8571429
[1] 0.7142857
[1] 1 6
[1] 2 5
[1] "Fitting mean A"
[1] "Fitting variance A"
[1] "DR"
[1] 0.00463109
[1] 0.03220624
[1] "DR CI"
[1] 0.8571429
[1] 0.7142857
[1] 1 6
[1] 2 5
[1] "se comparison"
[1] 0.03181775
[1] 0.03350291
[1] 8
[1] -0.001276356
[1] -0.0308365
[1] "AdaLSE"
[1] -0.01058454
[1] 0.03119583
[1] "AdaLSE CI"
[1] 0.875
[1] 0.75
[1] 1 7
[1] 2 6
[1] "Fitting mean A"
[1] "Fitting variance A"
[1] "DR"
[1] -0.008575215
[1] 0.02976178
[1] "DR CI"
[1] 0.875
[1] 0.75
[1] 1 7
[1] 2 6
[1] "se comparison"
[1] 0.03063961
[1] 0.03153741
[1] 9
[1] -0.001276356
[1] -0.0308365
[1] "AdaLSE"
[1] -0.07820505
[1] 0.03370525
[1] "AdaLSE CI"
[1] 0.7777778
[1] 0.7777778
[1] 2 7
[1] 2 7
[1] "Fitting mean A"
[1] "Fitting variance A"
[1] "DR"
[1] -0.07879753
[1] 0.03122972
[1] "DR CI"
[1] 0.7777778
[1] 0.7777778
[1] 2 7
[1] 2 7
[1] "se comparison"
[1] 0.04112539
[1] 0.0407496
[1] 10
[1] -0.001276356
[1] -0.0308365
[1] "AdaLSE"
[1] -0.003998669
[1] 0.0336971
[1] "AdaLSE CI"
[1] 0.8
[1] 0.8
[1] 2 8
[1] 2 8
[1] "Fitting mean A"
[1] "Fitting variance A"
[1] "DR"
[1] -0.003721861
[1] 0.03091168
[1] "DR CI"
[1] 0.8
[1] 0.8
[1] 2 8
[1] 2 8
[1] "se comparison"
[1] 0.03879884
[1] 0.0384191
[1] 11
[1] -0.001276356
[1] -0.0308365
[1] "AdaLSE"
[1] 0.04579049
[1] 0.03104183
[1] "AdaLSE CI"
[1] 0.8181818
[1] 0.7272727
[1] 2 9
[1] 3 8
[1] "Fitting mean A"
[1] "Fitting variance A"
[1] "DR"
[1] 0.03251774
[1] 0.03019058
[1] "DR CI"
[1] 0.8181818
[1] 0.7272727
[1] 2 9
[1] 3 8
[1] "se comparison"
[1] 0.03931199
[1] 0.03805893
[1] 12
[1] -0.001276356
[1] -0.0308365
[1] "AdaLSE"
[1] 0.04194842
[1] 0.03070469
[1] "AdaLSE CI"
[1] 0.8333333
[1] 0.6666667
[1]  2 10
[1] 4 8
[1] "Fitting mean A"
[1] "Fitting variance A"
[1] "DR"
[1] 0.04083835
[1] 0.0294945
[1] "DR CI"
[1] 0.8333333
[1] 0.6666667
[1]  2 10
[1] 4 8
[1] "se comparison"
[1] 0.03903741
[1] 0.03820129
[1] 13
[1] -0.001276356
[1] -0.0308365
[1] "AdaLSE"
[1] 0.03551175
[1] 0.03363334
[1] "AdaLSE CI"
[1] 0.8461538
[1] 0.6153846
[1]  2 11
[1] 5 8
[1] "Fitting mean A"
[1] "Fitting variance A"
[1] "DR"
[1] 0.01351974
[1] 0.03348016
[1] "DR CI"
[1] 0.8461538
[1] 0.6923077
[1]  2 11
[1] 4 9
[1] "se comparison"
[1] 0.03818508
[1] 0.03669274
[1] 14
[1] -0.001276356
[1] -0.0308365
[1] "AdaLSE"
[1] 0.02256686
[1] 0.03098568
[1] "AdaLSE CI"
[1] 0.8571429
[1] 0.6428571
[1]  2 12
[1] 5 9
[1] "Fitting mean A"
[1] "Fitting variance A"
[1] "DR"
[1] 0.01536525
[1] 0.02983893
[1] "DR CI"
[1] 0.8571429
[1] 0.7142857
[1]  2 12
[1]  4 10
[1] "se comparison"
[1] 0.03685337
[1] 0.03538984
[1] 15
[1] -0.001276356
[1] -0.0308365
[1] "AdaLSE"
[1] -0.01270078
[1] 0.03134551
[1] "AdaLSE CI"
[1] 0.8666667
[1] 0.6666667
[1]  2 13
[1]  5 10
[1] "Fitting mean A"
[1] "Fitting variance A"
[1] "DR"
[1] -0.01422884
[1] 0.02980963
[1] "DR CI"
[1] 0.8666667
[1] 0.7333333
[1]  2 13
[1]  4 11
[1] "se comparison"
[1] 0.03601086
[1] 0.03444629
[1] 16
[1] -0.001276356
[1] -0.0308365
[1] "AdaLSE"
[1] 0.01021948
[1] 0.03378031
[1] "AdaLSE CI"
[1] 0.875
[1] 0.6875
[1]  2 14
[1]  5 11
[1] "Fitting mean A"
[1] "Fitting variance A"
[1] "DR"
[1] 0.001212687
[1] 0.0324496
[1] "DR CI"
[1] 0.875
[1] 0.75
[1]  2 14
[1]  4 12
[1] "se comparison"
[1] 0.03479143
[1] 0.03328244
[1] 17
[1] -0.001276356
[1] -0.0308365
[1] "AdaLSE"
[1] 0.05635189
[1] 0.03147243
[1] "AdaLSE CI"
[1] 0.8823529
[1] 0.6470588
[1]  2 15
[1]  6 11
[1] "Fitting mean A"
[1] "Fitting variance A"
[1] "DR"
[1] 0.04729754
[1] 0.03072433
[1] "DR CI"
[1] 0.8823529
[1] 0.7058824
[1]  2 15
[1]  5 12
[1] "se comparison"
[1] 0.03559378
[1] 0.033955
[1] 18
[1] -0.001276356
[1] -0.0308365
[1] "AdaLSE"
[1] 0.01315293
[1] 0.03233098
[1] "AdaLSE CI"
[1] 0.8888889
[1] 0.6666667
[1]  2 16
[1]  6 12
[1] "Fitting mean A"
[1] "Fitting variance A"
[1] "DR"
[1] 0.0125098
[1] 0.0314713
[1] "DR CI"
[1] 0.8888889
[1] 0.7222222
[1]  2 16
[1]  5 13
[1] "se comparison"
[1] 0.03453263
[1] 0.03297933
[1] 19
[1] -0.001276356
[1] -0.0308365
[1] "AdaLSE"
[1] 0.066011
[1] 0.03170094
[1] "AdaLSE CI"
[1] 0.8421053
[1] 0.6315789
[1]  3 16
[1]  7 12
[1] "Fitting mean A"
[1] "Fitting variance A"
[1] "DR"
[1] 0.05844956
[1] 0.03125256
[1] "DR CI"
[1] 0.8947368
[1] 0.6842105
[1]  2 17
[1]  6 13
[1] "se comparison"
[1] 0.03578811
[1] 0.03422193
[1] 20
[1] -0.001276356
[1] -0.0308365
[1] "AdaLSE"
[1] -0.02146451
[1] 0.03111657
[1] "AdaLSE CI"
[1] 0.85
[1] 0.65
[1]  3 17
[1]  7 13
[1] "Fitting mean A"
[1] "Fitting variance A"
[1] "DR"
[1] -0.01912748
[1] 0.02948144
[1] "DR CI"
[1] 0.9
[1] 0.7
[1]  2 18
[1]  6 14
[1] "se comparison"
[1] 0.03575873
[1] 0.03389397
[1] 21
[1] -0.001276356
[1] -0.0308365
[1] "AdaLSE"
[1] 0.07910291
[1] 0.03141105
[1] "AdaLSE CI"
[1] 0.8095238
[1] 0.6190476
[1]  4 17
[1]  8 13
[1] "Fitting mean A"
[1] "Fitting variance A"
[1] "DR"
[1] 0.0778068
[1] 0.03137471
[1] "DR CI"
[1] 0.8571429
[1] 0.6666667
[1]  3 18
[1]  7 14
[1] "se comparison"
[1] 0.03773132
[1] 0.03642392
[1] 22
[1] -0.001276356
[1] -0.0308365
[1] "AdaLSE"
[1] 0.005891294
[1] 0.03066918
[1] "AdaLSE CI"
[1] 0.8181818
[1] 0.6363636
[1]  4 18
[1]  8 14
[1] "Fitting mean A"
[1] "Fitting variance A"
[1] "DR"
[1] -0.0006291702
[1] 0.0298413
[1] "DR CI"
[1] 0.8636364
[1] 0.6818182
[1]  3 19
[1]  7 15
[1] "se comparison"
[1] 0.0368853
[1] 0.03563031
[1] 23
[1] -0.001276356
[1] -0.0308365
[1] "AdaLSE"
[1] 0.006166993
[1] 0.03199135
[1] "AdaLSE CI"
[1] 0.826087
[1] 0.6521739
[1]  4 19
[1]  8 15
[1] "Fitting mean A"
[1] "Fitting variance A"
[1] "DR"
[1] 0.003808418
[1] 0.03148764
[1] "DR CI"
[1] 0.8695652
[1] 0.6956522
[1]  3 20
[1]  7 16
[1] "se comparison"
[1] 0.03609046
[1] 0.03483768
[1] 24
[1] -0.001276356
[1] -0.0308365
[1] "AdaLSE"
[1] 0.04677547
[1] 0.03068967
[1] "AdaLSE CI"
[1] 0.8333333
[1] 0.625
[1]  4 20
[1]  9 15
[1] "Fitting mean A"
[1] "Fitting variance A"
[1] "DR"
[1] 0.04441199
[1] 0.02984832
[1] "DR CI"
[1] 0.875
[1] 0.6666667
[1]  3 21
[1]  8 16
[1] "se comparison"
[1] 0.03588249
[1] 0.03478647
[1] 25
[1] -0.001276356
[1] -0.0308365
[1] "AdaLSE"
[1] -0.007989439
[1] 0.03074434
[1] "AdaLSE CI"
[1] 0.84
[1] 0.64
[1]  4 21
[1]  9 16
[1] "Fitting mean A"
[1] "Fitting variance A"
[1] "DR"
[1] -0.01450703
[1] 0.03074424
[1] "DR CI"
[1] 0.88
[1] 0.68
[1]  3 22
[1]  8 17
[1] "se comparison"
[1] 0.03546602
[1] 0.03444838
[1] 26
[1] -0.001276356
[1] -0.0308365
[1] "AdaLSE"
[1] 0.02595968
[1] 0.03030804
[1] "AdaLSE CI"
[1] 0.8461538
[1] 0.6538462
[1]  4 22
[1]  9 17
[1] "Fitting mean A"
[1] "Fitting variance A"
[1] "DR"
[1] 0.01767194
[1] 0.02853233
[1] "DR CI"
[1] 0.8846154
[1] 0.6923077
[1]  3 23
[1]  8 18
[1] "se comparison"
[1] 0.03481004
[1] 0.03378217
[1] 27
[1] -0.001276356
[1] -0.0308365
[1] "AdaLSE"
[1] 0.0206165
[1] 0.0300319
[1] "AdaLSE CI"
[1] 0.8518519
[1] 0.6666667
[1]  4 23
[1]  9 18
[1] "Fitting mean A"
