LOADING R
R LOADED
[1] "/home/lvanderl/Rlibs2"                         
[2] "/app/software/R/4.2.2-foss-2021b/lib/R/library"
[1] "/home/lvanderl/sieveSims"
[1] "Iteration number: 1"
[1] "Fitting mu0 = E[Y|A=0,W]"
[1] "~h(W1) + h(W2) + h(W4) + h(W5)"
[1] "Fitting tau = E[Y|A=1,W] - E[Y|A=0,W]"
[1] "~h(W1) + h(W3) + h(W5)"
[1] "Fitting mu = E[Y|W]"
[1] "~h(W1,W6) + h(W1,W7) + h(W1) + h(W2,W3) + h(W2) + h(W3) + h(W4) + h(W5) + h(W6) + h(W7)"
[1] "Fitting pi = E[A|W]"
NULL
[1] "Fitting tau = E[Y|A=1,W] - E[Y|A=0,W]"
[1] 1.058568
A hal9001 formula object of the form: ~ h(.)[1] "Iteration number: 2"
[1] "Fitting mu0 = E[Y|A=0,W]"
[1] "~h(W1) + h(W2) + h(W4) + h(W5) + h(W7)"
[1] "Fitting tau = E[Y|A=1,W] - E[Y|A=0,W]"
[1] "~h(W1) + h(W2) + h(W3) + h(W4) + h(W5)"
[1] "Fitting mu = E[Y|W]"
[1] "~h(W1) + h(W2) + h(W3) + h(W4) + h(W5) + h(W6)"
[1] "Fitting pi = E[A|W]"
NULL
[1] "Fitting tau = E[Y|A=1,W] - E[Y|A=0,W]"
[1] 1.135018
A hal9001 formula object of the form: ~ h(.)[1] "Iteration number: 3"
[1] "Fitting mu0 = E[Y|A=0,W]"
[1] "~h(W1) + h(W2) + h(W4) + h(W5) + h(W6)"
[1] "Fitting tau = E[Y|A=1,W] - E[Y|A=0,W]"
[1] "~h(W1) + h(W3) + h(W5)"
[1] "Fitting mu = E[Y|W]"
[1] "~h(W1) + h(W2) + h(W3) + h(W4) + h(W5,W2) + h(W5,W6) + h(W5) + h(W6)"
[1] "Fitting pi = E[A|W]"
NULL
[1] "Fitting tau = E[Y|A=1,W] - E[Y|A=0,W]"
[1] 0.9663669
A hal9001 formula object of the form: ~ h(.)[1] "Iteration number: 4"
[1] "Fitting mu0 = E[Y|A=0,W]"
[1] "~h(W1) + h(W2) + h(W4) + h(W5)"
[1] "Fitting tau = E[Y|A=1,W] - E[Y|A=0,W]"
[1] "Iteration number: 5"
[1] "Fitting mu0 = E[Y|A=0,W]"
[1] "~h(W1) + h(W2) + h(W4) + h(W5)"
[1] "Fitting tau = E[Y|A=1,W] - E[Y|A=0,W]"
[1] "~h(W1) + h(W3) + h(W5)"
[1] "Fitting mu = E[Y|W]"
[1] "~h(W1) + h(W2) + h(W3) + h(W4) + h(W5,W7) + h(W5) + h(W7)"
[1] "Fitting pi = E[A|W]"
NULL
[1] "Fitting tau = E[Y|A=1,W] - E[Y|A=0,W]"
[1] 0.9722494
A hal9001 formula object of the form: ~ h(.)[1] "Iteration number: 6"
[1] "Fitting mu0 = E[Y|A=0,W]"
[1] "~h(W1) + h(W2) + h(W3) + h(W4) + h(W5) + h(W6)"
[1] "Fitting tau = E[Y|A=1,W] - E[Y|A=0,W]"
[1] "~h(W1) + h(W2) + h(W3) + h(W4) + h(W5)"
[1] "Fitting mu = E[Y|W]"
[1] "~h(W1) + h(W2,W3) + h(W2) + h(W3) + h(W4) + h(W5,W2) + h(W5)"
[1] "Fitting pi = E[A|W]"
NULL
[1] "Fitting tau = E[Y|A=1,W] - E[Y|A=0,W]"
[1] 1.004805
A hal9001 formula object of the form: ~ h(.)[1] "Iteration number: 7"
[1] "Fitting mu0 = E[Y|A=0,W]"
[1] "~h(W1) + h(W2) + h(W4) + h(W5) + h(W6)"
[1] "Fitting tau = E[Y|A=1,W] - E[Y|A=0,W]"
[1] "~h(W1) + h(W3) + h(W5) + h(W6)"
[1] "Fitting mu = E[Y|W]"
[1] "~h(W1,W2) + h(W1) + h(W2) + h(W3) + h(W4) + h(W5)"
[1] "Fitting pi = E[A|W]"
NULL
[1] "Fitting tau = E[Y|A=1,W] - E[Y|A=0,W]"
[1] 1.036656
A hal9001 formula object of the form: ~ h(.)[1] "Iteration number: 8"
[1] "Fitting mu0 = E[Y|A=0,W]"
[1] "~h(W1) + h(W2) + h(W4) + h(W5)"
[1] "Fitting tau = E[Y|A=1,W] - E[Y|A=0,W]"
[1] "~h(W1) + h(W3) + h(W4) + h(W5)"
[1] "Fitting mu = E[Y|W]"
[1] "~h(W1) + h(W2) + h(W3) + h(W4) + h(W5)"
[1] "Fitting pi = E[A|W]"
NULL
[1] "Fitting tau = E[Y|A=1,W] - E[Y|A=0,W]"
[1] 0.9664698
A hal9001 formula object of the form: ~ h(.)[1] "Iteration number: 9"
[1] "Fitting mu0 = E[Y|A=0,W]"
[1] "~h(W1) + h(W2) + h(W4) + h(W5)"
[1] "Fitting tau = E[Y|A=1,W] - E[Y|A=0,W]"
[1] "~h(W1) + h(W2) + h(W3) + h(W5)"
[1] "Fitting mu = E[Y|W]"
[1] "~h(W1) + h(W2,W3) + h(W2) + h(W3,W6) + h(W3) + h(W4) + h(W5) + h(W6)"
[1] "Fitting pi = E[A|W]"
NULL
[1] "Fitting tau = E[Y|A=1,W] - E[Y|A=0,W]"
[1] 0.9543917
A hal9001 formula object of the form: ~ h(.)[1] "Iteration number: 10"
[1] "Fitting mu0 = E[Y|A=0,W]"
[1] "~h(W1) + h(W2) + h(W4) + h(W5) + h(W6)"
[1] "Fitting tau = E[Y|A=1,W] - E[Y|A=0,W]"
