LOADING R
R LOADED
[1] "/home/lvanderl/Rlibs2"                         
[2] "/app/software/R/4.3.1-gfbf-2022b/lib/R/library"
[1] "/home/lvanderl/sieveSims"
[1] "iter: 1"
[1] "mu"
[1] "done_mu"
[1] "pi"
[1] "done_pi"
[1] "mu"
[1] "done_mu"
[1] "pi"
[1] "done_pi"
[1] 1.41889
[1] "iter: 2"
[1] "mu"
[1] "done_mu"
[1] "pi"
[1] "done_pi"
[1] "mu"
[1] "done_mu"
[1] "pi"
[1] "done_pi"
[1] 1.430181
[1] "iter: 3"
[1] "mu"
[1] "done_mu"
[1] "pi"
[1] "done_pi"
[1] "mu"
[1] "done_mu"
[1] "pi"
[1] "done_pi"
[1] 1.391333
[1] "iter: 4"
[1] "mu"
[1] "done_mu"
[1] "pi"
[1] "done_pi"
[1] "mu"
[1] "done_mu"
[1] "pi"
[1] "done_pi"
[1] 1.381715
[1] "iter: 5"
[1] "mu"
[1] "done_mu"
[1] "pi"
[1] "done_pi"
[1] "mu"
[1] "done_mu"
[1] "pi"
[1] "done_pi"
[1] 1.425022
[1] "iter: 6"
[1] "mu"
[1] "done_mu"
[1] "pi"
[1] "done_pi"
[1] "mu"
[1] "done_mu"
[1] "pi"
[1] "done_pi"
[1] 1.314882
[1] "iter: 7"
[1] "mu"
[1] "done_mu"
[1] "pi"
[1] "done_pi"
[1] "mu"
[1] "done_mu"
[1] "pi"
[1] "done_pi"
[1] 1.461195
[1] "iter: 8"
[1] "mu"
[1] "done_mu"
[1] "pi"
[1] "done_pi"
[1] "mu"
[1] "done_mu"
[1] "pi"
[1] "done_pi"
[1] 1.499737
[1] "iter: 9"
[1] "mu"
[1] "done_mu"
[1] "pi"
[1] "done_pi"
[1] "mu"
[1] "done_mu"
[1] "pi"
[1] "done_pi"
[1] 1.438188
[1] "iter: 10"
[1] "mu"
[1] "done_mu"
[1] "pi"
[1] "done_pi"
[1] "mu"
[1] "done_mu"
[1] "pi"
[1] "done_pi"
[1] 1.372026
[1] "iter: 11"
[1] "mu"
[1] "done_mu"
[1] "pi"
[1] "done_pi"
[1] "mu"
[1] "done_mu"
[1] "pi"
[1] "done_pi"
[1] 1.431687
[1] "iter: 12"
[1] "mu"
[1] "done_mu"
[1] "pi"
[1] "done_pi"
[1] "mu"
[1] "done_mu"
[1] "pi"
[1] "done_pi"
[1] 1.424714
[1] "iter: 13"
[1] "mu"
[1] "done_mu"
[1] "pi"
[1] "done_pi"
[1] "mu"
[1] "done_mu"
[1] "pi"
[1] "done_pi"
[1] 1.516756
[1] "iter: 14"
[1] "mu"
[1] "done_mu"
[1] "pi"
[1] "done_pi"
[1] "mu"
[1] "done_mu"
[1] "pi"
[1] "done_pi"
[1] 1.440114
[1] "iter: 15"
[1] "mu"
[1] "done_mu"
[1] "pi"
[1] "done_pi"
[1] "mu"
[1] "done_mu"
[1] "pi"
[1] "done_pi"
[1] 1.381928
[1] "iter: 16"
[1] "mu"
[1] "done_mu"
[1] "pi"
[1] "done_pi"
[1] "mu"
[1] "done_mu"
[1] "pi"
[1] "done_pi"
[1] 1.415979
[1] "iter: 17"
[1] "mu"
[1] "done_mu"
[1] "pi"
[1] "done_pi"
[1] "mu"
[1] "done_mu"
[1] "pi"
[1] "done_pi"
[1] 1.442954
[1] "iter: 18"
[1] "mu"
[1] "done_mu"
[1] "pi"
[1] "done_pi"
[1] "mu"
[1] "done_mu"
[1] "pi"
[1] "done_pi"
[1] 1.379663
[1] "iter: 19"
[1] "mu"
[1] "done_mu"
[1] "pi"
[1] "done_pi"
[1] "mu"
[1] "done_mu"
[1] "pi"
[1] "done_pi"
[1] 1.408535
[1] "iter: 20"
[1] "mu"
[1] "done_mu"
[1] "pi"
[1] "done_pi"
[1] "mu"
[1] "done_mu"
[1] "pi"
[1] "done_pi"
[1] 1.406377
[1] "iter: 21"
[1] "mu"
[1] "done_mu"
[1] "pi"
[1] "done_pi"
[1] "mu"
[1] "done_mu"
[1] "pi"
[1] "done_pi"
[1] 1.391661
[1] "iter: 22"
[1] "mu"
[1] "done_mu"
[1] "pi"
[1] "done_pi"
[1] "mu"
[1] "done_mu"
[1] "pi"
[1] "done_pi"
[1] 1.4214
[1] "iter: 23"
[1] "mu"
[1] "done_mu"
[1] "pi"
[1] "done_pi"
[1] "mu"
[1] "done_mu"
[1] "pi"
[1] "done_pi"
[1] 1.410527
[1] "iter: 24"
[1] "mu"
[1] "done_mu"
[1] "pi"
[1] "done_pi"
[1] "mu"
[1] "done_mu"
[1] "pi"
[1] "done_pi"
[1] 1.341579
[1] "iter: 25"
[1] "mu"
[1] "done_mu"
[1] "pi"
[1] "done_pi"
[1] "mu"
[1] "done_mu"
[1] "pi"
[1] "done_pi"
[1] 1.418389
[1] "iter: 26"
[1] "mu"
[1] "done_mu"
[1] "pi"
[1] "done_pi"
[1] "mu"
[1] "done_mu"
[1] "pi"
[1] "done_pi"
[1] 1.422076
[1] "iter: 27"
[1] "mu"
[1] "done_mu"
[1] "pi"
[1] "done_pi"
[1] "mu"
[1] "done_mu"
[1] "pi"
[1] "done_pi"
[1] 1.440362
[1] "iter: 28"
[1] "mu"
[1] "done_mu"
[1] "pi"
[1] "done_pi"
[1] "mu"
[1] "done_mu"
[1] "pi"
[1] "done_pi"
[1] 1.420453
[1] "iter: 29"
[1] "mu"
[1] "done_mu"
[1] "pi"
[1] "done_pi"
[1] "mu"
[1] "done_mu"
[1] "pi"
[1] "done_pi"
[1] 1.378722
[1] "iter: 30"
[1] "mu"
[1] "done_mu"
[1] "pi"
[1] "done_pi"
[1] "mu"
[1] "done_mu"
[1] "pi"
[1] "done_pi"
[1] 1.432046
[1] "iter: 31"
[1] "mu"
[1] "done_mu"
[1] "pi"
[1] "done_pi"
[1] "mu"
[1] "done_mu"
[1] "pi"
[1] "done_pi"
[1] 1.355064
[1] "iter: 32"
[1] "mu"
[1] "done_mu"
[1] "pi"
[1] "done_pi"
[1] "mu"
[1] "done_mu"
[1] "pi"
[1] "done_pi"
[1] 1.468794
[1] "iter: 33"
[1] "mu"
[1] "done_mu"
[1] "pi"
[1] "done_pi"
[1] "mu"
[1] "done_mu"
[1] "pi"
[1] "done_pi"
[1] 1.389869
[1] "iter: 34"
[1] "mu"
[1] "done_mu"
[1] "pi"
[1] "done_pi"
[1] "mu"
[1] "done_mu"
[1] "pi"
[1] "done_pi"
[1] 1.44426
[1] "iter: 35"
[1] "mu"
[1] "done_mu"
[1] "pi"
[1] "done_pi"
[1] "mu"
[1] "done_mu"
[1] "pi"
[1] "done_pi"
[1] 1.476006
[1] "iter: 36"
[1] "mu"
[1] "done_mu"
[1] "pi"
[1] "done_pi"
[1] "mu"
[1] "done_mu"
[1] "pi"
[1] "done_pi"
[1] 1.480444
[1] "iter: 37"
[1] "mu"
[1] "done_mu"
[1] "pi"
[1] "done_pi"
[1] "mu"
[1] "done_mu"
[1] "pi"
[1] "done_pi"
[1] 1.463445
[1] "iter: 38"
[1] "mu"
[1] "done_mu"
[1] "pi"
[1] "done_pi"
[1] "mu"
[1] "done_mu"
[1] "pi"
[1] "done_pi"
[1] 1.404838
[1] "iter: 39"
[1] "mu"
[1] "done_mu"
[1] "pi"
[1] "done_pi"
[1] "mu"
[1] "done_mu"
[1] "pi"
[1] "done_pi"
[1] 1.465071
[1] "iter: 40"
[1] "mu"
[1] "done_mu"
[1] "pi"
[1] "done_pi"
[1] "mu"
[1] "done_mu"
[1] "pi"
[1] "done_pi"
[1] 1.359685
[1] "iter: 41"
[1] "mu"
[1] "done_mu"
[1] "pi"
[1] "done_pi"
[1] "mu"
[1] "done_mu"
[1] "pi"
[1] "done_pi"
[1] 1.431199
[1] "iter: 42"
[1] "mu"
[1] "done_mu"
[1] "pi"
[1] "done_pi"
[1] "mu"
[1] "done_mu"
[1] "pi"
[1] "done_pi"
[1] 1.367533
[1] "iter: 43"
[1] "mu"
[1] "done_mu"
[1] "pi"
[1] "done_pi"
[1] "mu"
[1] "done_mu"
[1] "pi"
[1] "done_pi"
[1] 1.404882
[1] "iter: 44"
[1] "mu"
[1] "done_mu"
[1] "pi"
[1] "done_pi"
[1] "mu"
[1] "done_mu"
[1] "pi"
[1] "done_pi"
[1] 1.478538
[1] "iter: 45"
[1] "mu"
[1] "done_mu"
[1] "pi"
[1] "done_pi"
[1] "mu"
[1] "done_mu"
[1] "pi"
[1] "done_pi"
[1] 1.385647
[1] "iter: 46"
[1] "mu"
[1] "done_mu"
[1] "pi"
[1] "done_pi"
[1] "mu"
[1] "done_mu"
[1] "pi"
[1] "done_pi"
[1] 1.432733
[1] "iter: 47"
[1] "mu"
[1] "done_mu"
[1] "pi"
[1] "done_pi"
[1] "mu"
[1] "done_mu"
[1] "pi"
[1] "done_pi"
[1] 1.373949
[1] "iter: 48"
[1] "mu"
[1] "done_mu"
[1] "pi"
[1] "done_pi"
[1] "mu"
[1] "done_mu"
[1] "pi"
[1] "done_pi"
[1] 1.414902
[1] "iter: 49"
[1] "mu"
[1] "done_mu"
[1] "pi"
[1] "done_pi"
[1] "mu"
[1] "done_mu"
[1] "pi"
[1] "done_pi"
[1] 1.449929
[1] "iter: 50"
[1] "mu"
[1] "done_mu"
[1] "pi"
[1] "done_pi"
[1] "mu"
[1] "done_mu"
[1] "pi"
[1] "done_pi"
[1] 1.4327
[1] "iter: 51"
[1] "mu"
[1] "done_mu"
[1] "pi"
[1] "done_pi"
[1] "mu"
[1] "done_mu"
[1] "pi"
[1] "done_pi"
[1] 1.422718
[1] "iter: 52"
[1] "mu"
[1] "done_mu"
[1] "pi"
[1] "done_pi"
[1] "mu"
[1] "done_mu"
[1] "pi"
[1] "done_pi"
[1] 1.344794
[1] "iter: 53"
[1] "mu"
[1] "done_mu"
[1] "pi"
[1] "done_pi"
[1] "mu"
[1] "done_mu"
[1] "pi"
[1] "done_pi"
[1] 1.375193
[1] "iter: 54"
[1] "mu"
[1] "done_mu"
[1] "pi"
[1] "done_pi"
[1] "mu"
[1] "done_mu"
[1] "pi"
[1] "done_pi"
[1] 1.384028
[1] "iter: 55"
[1] "mu"
[1] "done_mu"
[1] "pi"
[1] "done_pi"
[1] "mu"
[1] "done_mu"
[1] "pi"
[1] "done_pi"
[1] 1.445632
[1] "iter: 56"
[1] "mu"
[1] "done_mu"
[1] "pi"
[1] "done_pi"
[1] "mu"
[1] "done_mu"
[1] "pi"
[1] "done_pi"
[1] 1.351041
[1] "iter: 57"
[1] "mu"
[1] "done_mu"
[1] "pi"
[1] "done_pi"
[1] "mu"
[1] "done_mu"
[1] "pi"
[1] "done_pi"
[1] 1.462842
[1] "iter: 58"
[1] "mu"
[1] "done_mu"
[1] "pi"
[1] "done_pi"
[1] "mu"
[1] "done_mu"
[1] "pi"
[1] "done_pi"
[1] 1.366844
[1] "iter: 59"
[1] "mu"
[1] "done_mu"
[1] "pi"
[1] "done_pi"
[1] "mu"
[1] "done_mu"
[1] "pi"
[1] "done_pi"
[1] 1.412935
[1] "iter: 60"
[1] "mu"
[1] "done_mu"
[1] "pi"
[1] "done_pi"
[1] "mu"
[1] "done_mu"
[1] "pi"
[1] "done_pi"
[1] 1.495189
[1] "iter: 61"
[1] "mu"
[1] "done_mu"
[1] "pi"
[1] "done_pi"
[1] "mu"
[1] "done_mu"
[1] "pi"
[1] "done_pi"
[1] 1.401572
[1] "iter: 62"
[1] "mu"
[1] "done_mu"
[1] "pi"
[1] "done_pi"
[1] "mu"
[1] "done_mu"
[1] "pi"
[1] "done_pi"
[1] 1.42051
[1] "iter: 63"
[1] "mu"
[1] "done_mu"
[1] "pi"
[1] "done_pi"
[1] "mu"
[1] "done_mu"
[1] "pi"
[1] "done_pi"
[1] 1.401004
[1] "iter: 64"
[1] "mu"
[1] "done_mu"
[1] "pi"
[1] "done_pi"
[1] "mu"
[1] "done_mu"
[1] "pi"
[1] "done_pi"
[1] 1.441828
[1] "iter: 65"
[1] "mu"
[1] "done_mu"
[1] "pi"
[1] "done_pi"
[1] "mu"
[1] "done_mu"
[1] "pi"
[1] "done_pi"
[1] 1.427376
[1] "iter: 66"
[1] "mu"
[1] "done_mu"
[1] "pi"
[1] "done_pi"
[1] "mu"
[1] "done_mu"
[1] "pi"
[1] "done_pi"
[1] 1.401346
[1] "iter: 67"
[1] "mu"
[1] "done_mu"
[1] "pi"
[1] "done_pi"
[1] "mu"
[1] "done_mu"
[1] "pi"
[1] "done_pi"
[1] 1.485697
[1] "iter: 68"
[1] "mu"
[1] "done_mu"
[1] "pi"
[1] "done_pi"
[1] "mu"
[1] "done_mu"
[1] "pi"
[1] "done_pi"
[1] 1.431734
[1] "iter: 69"
[1] "mu"
[1] "done_mu"
[1] "pi"
[1] "done_pi"
[1] "mu"
[1] "done_mu"
[1] "pi"
[1] "done_pi"
[1] 1.440994
[1] "iter: 70"
[1] "mu"
[1] "done_mu"
[1] "pi"
[1] "done_pi"
[1] "mu"
[1] "done_mu"
[1] "pi"
[1] "done_pi"
[1] 1.472785
[1] "iter: 71"
[1] "mu"
[1] "done_mu"
[1] "pi"
[1] "done_pi"
[1] "mu"
[1] "done_mu"
[1] "pi"
[1] "done_pi"
[1] 1.397166
[1] "iter: 72"
[1] "mu"
[1] "done_mu"
[1] "pi"
[1] "done_pi"
[1] "mu"
[1] "done_mu"
[1] "pi"
[1] "done_pi"
[1] 1.437452
[1] "iter: 73"
[1] "mu"
[1] "done_mu"
[1] "pi"
[1] "done_pi"
[1] "mu"
[1] "done_mu"
[1] "pi"
[1] "done_pi"
[1] 1.443196
[1] "iter: 74"
[1] "mu"
[1] "done_mu"
[1] "pi"
[1] "done_pi"
[1] "mu"
[1] "done_mu"
[1] "pi"
[1] "done_pi"
[1] 1.43141
[1] "iter: 75"
[1] "mu"
[1] "done_mu"
[1] "pi"
[1] "done_pi"
[1] "mu"
[1] "done_mu"
[1] "pi"
[1] "done_pi"
[1] 1.419285
[1] "iter: 76"
[1] "mu"
[1] "done_mu"
[1] "pi"
[1] "done_pi"
[1] "mu"
[1] "done_mu"
[1] "pi"
[1] "done_pi"
[1] 1.413054
[1] "iter: 77"
[1] "mu"
[1] "done_mu"
[1] "pi"
[1] "done_pi"
[1] "mu"
[1] "done_mu"
[1] "pi"
[1] "done_pi"
[1] 1.401871
[1] "iter: 78"
[1] "mu"
[1] "done_mu"
[1] "pi"
[1] "done_pi"
[1] "mu"
[1] "done_mu"
[1] "pi"
[1] "done_pi"
[1] 1.434991
[1] "iter: 79"
[1] "mu"
[1] "done_mu"
[1] "pi"
[1] "done_pi"
[1] "mu"
[1] "done_mu"
[1] "pi"
[1] "done_pi"
[1] 1.434349
[1] "iter: 80"
[1] "mu"
[1] "done_mu"
[1] "pi"
[1] "done_pi"
[1] "mu"
[1] "done_mu"
[1] "pi"
[1] "done_pi"
[1] 1.374382
[1] "iter: 81"
[1] "mu"
[1] "done_mu"
[1] "pi"
[1] "done_pi"
[1] "mu"
[1] "done_mu"
[1] "pi"
[1] "done_pi"
[1] 1.371168
[1] "iter: 82"
[1] "mu"
[1] "done_mu"
[1] "pi"
[1] "done_pi"
[1] "mu"
[1] "done_mu"
[1] "pi"
[1] "done_pi"
[1] 1.366822
[1] "iter: 83"
[1] "mu"
[1] "done_mu"
[1] "pi"
[1] "done_pi"
[1] "mu"
[1] "done_mu"
[1] "pi"
[1] "done_pi"
[1] 1.439846
[1] "iter: 84"
[1] "mu"
[1] "done_mu"
[1] "pi"
[1] "done_pi"
[1] "mu"
[1] "done_mu"
[1] "pi"
[1] "done_pi"
[1] 1.327606
[1] "iter: 85"
[1] "mu"
[1] "done_mu"
[1] "pi"
[1] "done_pi"
[1] "mu"
[1] "done_mu"
[1] "pi"
[1] "done_pi"
[1] 1.398066
[1] "iter: 86"
[1] "mu"
[1] "done_mu"
[1] "pi"
[1] "done_pi"
[1] "mu"
[1] "done_mu"
[1] "pi"
[1] "done_pi"
[1] 1.383566
[1] "iter: 87"
[1] "mu"
[1] "done_mu"
[1] "pi"
[1] "done_pi"
[1] "mu"
[1] "done_mu"
[1] "pi"
[1] "done_pi"
[1] 1.377011
[1] "iter: 88"
[1] "mu"
[1] "done_mu"
[1] "pi"
[1] "done_pi"
[1] "mu"
[1] "done_mu"
[1] "pi"
[1] "done_pi"
[1] 1.408974
[1] "iter: 89"
[1] "mu"
[1] "done_mu"
[1] "pi"
[1] "done_pi"
[1] "mu"
[1] "done_mu"
[1] "pi"
[1] "done_pi"
[1] 1.482
[1] "iter: 90"
[1] "mu"
[1] "done_mu"
[1] "pi"
[1] "done_pi"
[1] "mu"
[1] "done_mu"
[1] "pi"
[1] "done_pi"
[1] 1.423559
[1] "iter: 91"
[1] "mu"
[1] "done_mu"
[1] "pi"
[1] "done_pi"
[1] "mu"
[1] "done_mu"
[1] "pi"
[1] "done_pi"
[1] 1.377767
[1] "iter: 92"
[1] "mu"
[1] "done_mu"
[1] "pi"
[1] "done_pi"
[1] "mu"
[1] "done_mu"
[1] "pi"
[1] "done_pi"
[1] 1.383907
[1] "iter: 93"
[1] "mu"
[1] "done_mu"
[1] "pi"
[1] "done_pi"
[1] "mu"
[1] "done_mu"
[1] "pi"
[1] "done_pi"
[1] 1.373519
[1] "iter: 94"
[1] "mu"
[1] "done_mu"
[1] "pi"
[1] "done_pi"
[1] "mu"
[1] "done_mu"
[1] "pi"
[1] "done_pi"
[1] 1.382791
[1] "iter: 95"
[1] "mu"
[1] "done_mu"
[1] "pi"
[1] "done_pi"
[1] "mu"
[1] "done_mu"
[1] "pi"
[1] "done_pi"
[1] 1.441325
[1] "iter: 96"
[1] "mu"
[1] "done_mu"
[1] "pi"
[1] "done_pi"
[1] "mu"
[1] "done_mu"
[1] "pi"
[1] "done_pi"
[1] 1.378824
[1] "iter: 97"
[1] "mu"
[1] "done_mu"
[1] "pi"
[1] "done_pi"
[1] "mu"
[1] "done_mu"
[1] "pi"
[1] "done_pi"
[1] 1.504493
[1] "iter: 98"
[1] "mu"
[1] "done_mu"
[1] "pi"
[1] "done_pi"
[1] "mu"
[1] "done_mu"
[1] "pi"
[1] "done_pi"
[1] 1.452274
[1] "iter: 99"
[1] "mu"
[1] "done_mu"
[1] "pi"
[1] "done_pi"
[1] "mu"
[1] "done_mu"
[1] "pi"
[1] "done_pi"
[1] 1.499707
[1] "iter: 100"
[1] "mu"
[1] "done_mu"
[1] "pi"
[1] "done_pi"
[1] "mu"
[1] "done_mu"
[1] "pi"
[1] "done_pi"
[1] 1.419394
[1] "iter: 101"
[1] "mu"
[1] "done_mu"
[1] "pi"
[1] "done_pi"
[1] "mu"
[1] "done_mu"
[1] "pi"
[1] "done_pi"
[1] 1.419758
[1] "iter: 102"
[1] "mu"
[1] "done_mu"
[1] "pi"
[1] "done_pi"
[1] "mu"
[1] "done_mu"
[1] "pi"
[1] "done_pi"
[1] 1.426383
[1] "iter: 103"
[1] "mu"
[1] "done_mu"
[1] "pi"
[1] "done_pi"
[1] "mu"
[1] "done_mu"
[1] "pi"
[1] "done_pi"
[1] 1.448626
[1] "iter: 104"
[1] "mu"
[1] "done_mu"
[1] "pi"
[1] "done_pi"
[1] "mu"
[1] "done_mu"
[1] "pi"
[1] "done_pi"
[1] 1.463743
[1] "iter: 105"
[1] "mu"
[1] "done_mu"
[1] "pi"
[1] "done_pi"
[1] "mu"
[1] "done_mu"
[1] "pi"
[1] "done_pi"
[1] 1.380376
[1] "iter: 106"
[1] "mu"
[1] "done_mu"
[1] "pi"
[1] "done_pi"
[1] "mu"
[1] "done_mu"
[1] "pi"
[1] "done_pi"
[1] 1.427486
[1] "iter: 107"
[1] "mu"
[1] "done_mu"
[1] "pi"
[1] "done_pi"
[1] "mu"
[1] "done_mu"
[1] "pi"
[1] "done_pi"
[1] 1.423917
[1] "iter: 108"
[1] "mu"
[1] "done_mu"
[1] "pi"
[1] "done_pi"
[1] "mu"
[1] "done_mu"
[1] "pi"
[1] "done_pi"
[1] 1.442137
[1] "iter: 109"
[1] "mu"
[1] "done_mu"
[1] "pi"
[1] "done_pi"
[1] "mu"
[1] "done_mu"
[1] "pi"
[1] "done_pi"
[1] 1.42851
[1] "iter: 110"
[1] "mu"
[1] "done_mu"
[1] "pi"
[1] "done_pi"
[1] "mu"
[1] "done_mu"
[1] "pi"
[1] "done_pi"
[1] 1.449872
[1] "iter: 111"
[1] "mu"
[1] "done_mu"
[1] "pi"
[1] "done_pi"
[1] "mu"
[1] "done_mu"
[1] "pi"
[1] "done_pi"
[1] 1.453695
[1] "iter: 112"
[1] "mu"
[1] "done_mu"
[1] "pi"
[1] "done_pi"
[1] "mu"
[1] "done_mu"
[1] "pi"
[1] "done_pi"
[1] 1.416539
[1] "iter: 113"
[1] "mu"
[1] "done_mu"
[1] "pi"
[1] "done_pi"
[1] "mu"
[1] "done_mu"
[1] "pi"
[1] "done_pi"
[1] 1.406057
[1] "iter: 114"
[1] "mu"
[1] "done_mu"
[1] "pi"
[1] "done_pi"
[1] "mu"
[1] "done_mu"
[1] "pi"
[1] "done_pi"
[1] 1.401464
[1] "iter: 115"
[1] "mu"
[1] "done_mu"
[1] "pi"
[1] "done_pi"
[1] "mu"
[1] "done_mu"
[1] "pi"
[1] "done_pi"
[1] 1.471967
[1] "iter: 116"
[1] "mu"
[1] "done_mu"
[1] "pi"
[1] "done_pi"
[1] "mu"
[1] "done_mu"
[1] "pi"
[1] "done_pi"
[1] 1.397473
[1] "iter: 117"
[1] "mu"
[1] "done_mu"
[1] "pi"
[1] "done_pi"
[1] "mu"
[1] "done_mu"
[1] "pi"
[1] "done_pi"
[1] 1.439871
[1] "iter: 118"
[1] "mu"
[1] "done_mu"
[1] "pi"
[1] "done_pi"
[1] "mu"
[1] "done_mu"
[1] "pi"
[1] "done_pi"
[1] 1.408935
[1] "iter: 119"
[1] "mu"
[1] "done_mu"
[1] "pi"
[1] "done_pi"
[1] "mu"
[1] "done_mu"
[1] "pi"
[1] "done_pi"
[1] 1.378756
[1] "iter: 120"
[1] "mu"
[1] "done_mu"
[1] "pi"
[1] "done_pi"
[1] "mu"
[1] "done_mu"
[1] "pi"
[1] "done_pi"
[1] 1.4294
[1] "iter: 121"
[1] "mu"
[1] "done_mu"
[1] "pi"
[1] "done_pi"
[1] "mu"
[1] "done_mu"
[1] "pi"
[1] "done_pi"
[1] 1.435276
[1] "iter: 122"
[1] "mu"
[1] "done_mu"
[1] "pi"
[1] "done_pi"
[1] "mu"
[1] "done_mu"
[1] "pi"
[1] "done_pi"
[1] 1.43831
[1] "iter: 123"
[1] "mu"
[1] "done_mu"
[1] "pi"
[1] "done_pi"
[1] "mu"
[1] "done_mu"
[1] "pi"
[1] "done_pi"
[1] 1.380289
[1] "iter: 124"
[1] "mu"
[1] "done_mu"
[1] "pi"
[1] "done_pi"
[1] "mu"
[1] "done_mu"
[1] "pi"
[1] "done_pi"
[1] 1.430593
[1] "iter: 125"
[1] "mu"
[1] "done_mu"
[1] "pi"
[1] "done_pi"
[1] "mu"
[1] "done_mu"
[1] "pi"
[1] "done_pi"
[1] 1.422512
[1] "iter: 126"
[1] "mu"
[1] "done_mu"
[1] "pi"
[1] "done_pi"
[1] "mu"
[1] "done_mu"
[1] "pi"
[1] "done_pi"
[1] 1.447044
[1] "iter: 127"
[1] "mu"
[1] "done_mu"
[1] "pi"
[1] "done_pi"
[1] "mu"
[1] "done_mu"
[1] "pi"
[1] "done_pi"
[1] 1.428267
[1] "iter: 128"
[1] "mu"
[1] "done_mu"
[1] "pi"
[1] "done_pi"
[1] "mu"
[1] "done_mu"
[1] "pi"
[1] "done_pi"
[1] 1.38418
[1] "iter: 129"
[1] "mu"
[1] "done_mu"
[1] "pi"
[1] "done_pi"
[1] "mu"
[1] "done_mu"
[1] "pi"
[1] "done_pi"
[1] 1.413193
[1] "iter: 130"
[1] "mu"
[1] "done_mu"
[1] "pi"
[1] "done_pi"
[1] "mu"
[1] "done_mu"
[1] "pi"
[1] "done_pi"
[1] 1.390639
[1] "iter: 131"
[1] "mu"
[1] "done_mu"
[1] "pi"
[1] "done_pi"
[1] "mu"
[1] "done_mu"
[1] "pi"
[1] "done_pi"
[1] 1.402846
[1] "iter: 132"
[1] "mu"
[1] "done_mu"
[1] "pi"
[1] "done_pi"
[1] "mu"
[1] "done_mu"
[1] "pi"
[1] "done_pi"
[1] 1.38825
[1] "iter: 133"
[1] "mu"
[1] "done_mu"
[1] "pi"
[1] "done_pi"
[1] "mu"
[1] "done_mu"
[1] "pi"
[1] "done_pi"
[1] 1.443839
[1] "iter: 134"
[1] "mu"
[1] "done_mu"
[1] "pi"
[1] "done_pi"
[1] "mu"
[1] "done_mu"
[1] "pi"
[1] "done_pi"
[1] 1.397049
[1] "iter: 135"
[1] "mu"
[1] "done_mu"
[1] "pi"
[1] "done_pi"
[1] "mu"
[1] "done_mu"
[1] "pi"
[1] "done_pi"
[1] 1.404678
[1] "iter: 136"
[1] "mu"
[1] "done_mu"
[1] "pi"
[1] "done_pi"
[1] "mu"
[1] "done_mu"
[1] "pi"
[1] "done_pi"
[1] 1.375837
[1] "iter: 137"
[1] "mu"
[1] "done_mu"
[1] "pi"
[1] "done_pi"
[1] "mu"
[1] "done_mu"
[1] "pi"
[1] "done_pi"
[1] 1.402086
[1] "iter: 138"
[1] "mu"
[1] "done_mu"
[1] "pi"
[1] "done_pi"
[1] "mu"
[1] "done_mu"
[1] "pi"
[1] "done_pi"
[1] 1.43279
[1] "iter: 139"
[1] "mu"
[1] "done_mu"
[1] "pi"
[1] "done_pi"
[1] "mu"
[1] "done_mu"
[1] "pi"
[1] "done_pi"
[1] 1.462975
[1] "iter: 140"
[1] "mu"
[1] "done_mu"
[1] "pi"
[1] "done_pi"
[1] "mu"
[1] "done_mu"
[1] "pi"
[1] "done_pi"
[1] 1.428624
[1] "iter: 141"
[1] "mu"
[1] "done_mu"
[1] "pi"
[1] "done_pi"
[1] "mu"
[1] "done_mu"
[1] "pi"
[1] "done_pi"
[1] 1.425491
[1] "iter: 142"
[1] "mu"
[1] "done_mu"
[1] "pi"
[1] "done_pi"
[1] "mu"
[1] "done_mu"
[1] "pi"
[1] "done_pi"
[1] 1.496202
[1] "iter: 143"
[1] "mu"
[1] "done_mu"
[1] "pi"
[1] "done_pi"
[1] "mu"
[1] "done_mu"
[1] "pi"
[1] "done_pi"
[1] 1.404231
[1] "iter: 144"
[1] "mu"
[1] "done_mu"
[1] "pi"
[1] "done_pi"
[1] "mu"
[1] "done_mu"
[1] "pi"
[1] "done_pi"
[1] 1.483138
[1] "iter: 145"
[1] "mu"
[1] "done_mu"
[1] "pi"
[1] "done_pi"
[1] "mu"
[1] "done_mu"
[1] "pi"
[1] "done_pi"
[1] 1.41869
[1] "iter: 146"
[1] "mu"
[1] "done_mu"
[1] "pi"
[1] "done_pi"
[1] "mu"
[1] "done_mu"
[1] "pi"
[1] "done_pi"
[1] 1.431765
[1] "iter: 147"
[1] "mu"
[1] "done_mu"
[1] "pi"
[1] "done_pi"
[1] "mu"
[1] "done_mu"
[1] "pi"
[1] "done_pi"
[1] 1.455615
[1] "iter: 148"
[1] "mu"
[1] "done_mu"
[1] "pi"
[1] "done_pi"
[1] "mu"
[1] "done_mu"
[1] "pi"
[1] "done_pi"
[1] 1.433598
[1] "iter: 149"
[1] "mu"
[1] "done_mu"
[1] "pi"
[1] "done_pi"
[1] "mu"
[1] "done_mu"
[1] "pi"
[1] "done_pi"
[1] 1.450475
[1] "iter: 150"
[1] "mu"
[1] "done_mu"
[1] "pi"
[1] "done_pi"
[1] "mu"
[1] "done_mu"
[1] "pi"
[1] "done_pi"
[1] 1.438599
[1] "iter: 151"
[1] "mu"
[1] "done_mu"
[1] "pi"
[1] "done_pi"
[1] "mu"
[1] "done_mu"
[1] "pi"
[1] "done_pi"
[1] 1.412667
[1] "iter: 152"
[1] "mu"
[1] "done_mu"
[1] "pi"
[1] "done_pi"
[1] "mu"
[1] "done_mu"
[1] "pi"
[1] "done_pi"
[1] 1.411622
[1] "iter: 153"
[1] "mu"
[1] "done_mu"
[1] "pi"
[1] "done_pi"
[1] "mu"
[1] "done_mu"
[1] "pi"
[1] "done_pi"
[1] 1.375626
[1] "iter: 154"
[1] "mu"
[1] "done_mu"
[1] "pi"
[1] "done_pi"
[1] "mu"
[1] "done_mu"
[1] "pi"
[1] "done_pi"
[1] 1.347965
[1] "iter: 155"
[1] "mu"
[1] "done_mu"
[1] "pi"
[1] "done_pi"
[1] "mu"
[1] "done_mu"
[1] "pi"
[1] "done_pi"
[1] 1.379862
[1] "iter: 156"
[1] "mu"
[1] "done_mu"
[1] "pi"
[1] "done_pi"
[1] "mu"
[1] "done_mu"
[1] "pi"
[1] "done_pi"
[1] 1.390232
[1] "iter: 157"
[1] "mu"
[1] "done_mu"
[1] "pi"
[1] "done_pi"
[1] "mu"
[1] "done_mu"
[1] "pi"
[1] "done_pi"
[1] 1.361256
[1] "iter: 158"
[1] "mu"
[1] "done_mu"
[1] "pi"
[1] "done_pi"
[1] "mu"
[1] "done_mu"
[1] "pi"
[1] "done_pi"
[1] 1.393093
[1] "iter: 159"
[1] "mu"
[1] "done_mu"
[1] "pi"
[1] "done_pi"
[1] "mu"
[1] "done_mu"
[1] "pi"
[1] "done_pi"
[1] 1.354478
[1] "iter: 160"
[1] "mu"
[1] "done_mu"
[1] "pi"
[1] "done_pi"
[1] "mu"
[1] "done_mu"
[1] "pi"
[1] "done_pi"
[1] 1.428644
[1] "iter: 161"
[1] "mu"
[1] "done_mu"
[1] "pi"
[1] "done_pi"
[1] "mu"
[1] "done_mu"
[1] "pi"
[1] "done_pi"
[1] 1.428592
[1] "iter: 162"
[1] "mu"
[1] "done_mu"
[1] "pi"
[1] "done_pi"
[1] "mu"
[1] "done_mu"
[1] "pi"
[1] "done_pi"
[1] 1.457863
[1] "iter: 163"
[1] "mu"
[1] "done_mu"
[1] "pi"
[1] "done_pi"
[1] "mu"
[1] "done_mu"
[1] "pi"
[1] "done_pi"
[1] 1.449075
[1] "iter: 164"
[1] "mu"
[1] "done_mu"
[1] "pi"
[1] "done_pi"
[1] "mu"
[1] "done_mu"
[1] "pi"
[1] "done_pi"
[1] 1.466089
[1] "iter: 165"
[1] "mu"
[1] "done_mu"
[1] "pi"
[1] "done_pi"
[1] "mu"
[1] "done_mu"
[1] "pi"
[1] "done_pi"
[1] 1.428066
[1] "iter: 166"
[1] "mu"
[1] "done_mu"
[1] "pi"
[1] "done_pi"
[1] "mu"
[1] "done_mu"
[1] "pi"
[1] "done_pi"
[1] 1.534059
[1] "iter: 167"
[1] "mu"
[1] "done_mu"
[1] "pi"
[1] "done_pi"
[1] "mu"
[1] "done_mu"
[1] "pi"
[1] "done_pi"
[1] 1.453372
[1] "iter: 168"
[1] "mu"
[1] "done_mu"
[1] "pi"
[1] "done_pi"
[1] "mu"
[1] "done_mu"
[1] "pi"
[1] "done_pi"
[1] 1.482703
[1] "iter: 169"
[1] "mu"
[1] "done_mu"
[1] "pi"
[1] "done_pi"
[1] "mu"
[1] "done_mu"
[1] "pi"
[1] "done_pi"
[1] 1.433546
[1] "iter: 170"
[1] "mu"
[1] "done_mu"
[1] "pi"
[1] "done_pi"
[1] "mu"
[1] "done_mu"
[1] "pi"
[1] "done_pi"
[1] 1.476863
[1] "iter: 171"
[1] "mu"
[1] "done_mu"
[1] "pi"
[1] "done_pi"
[1] "mu"
[1] "done_mu"
[1] "pi"
[1] "done_pi"
[1] 1.435486
[1] "iter: 172"
[1] "mu"
[1] "done_mu"
[1] "pi"
[1] "done_pi"
[1] "mu"
[1] "done_mu"
[1] "pi"
[1] "done_pi"
[1] 1.36927
[1] "iter: 173"
[1] "mu"
[1] "done_mu"
[1] "pi"
[1] "done_pi"
[1] "mu"
[1] "done_mu"
[1] "pi"
[1] "done_pi"
[1] 1.45773
[1] "iter: 174"
[1] "mu"
[1] "done_mu"
[1] "pi"
[1] "done_pi"
[1] "mu"
[1] "done_mu"
[1] "pi"
[1] "done_pi"
[1] 1.423564
[1] "iter: 175"
[1] "mu"
[1] "done_mu"
[1] "pi"
[1] "done_pi"
[1] "mu"
[1] "done_mu"
[1] "pi"
[1] "done_pi"
[1] 1.46639
[1] "iter: 176"
[1] "mu"
[1] "done_mu"
[1] "pi"
[1] "done_pi"
[1] "mu"
[1] "done_mu"
[1] "pi"
[1] "done_pi"
[1] 1.39246
[1] "iter: 177"
[1] "mu"
[1] "done_mu"
[1] "pi"
[1] "done_pi"
[1] "mu"
[1] "done_mu"
[1] "pi"
[1] "done_pi"
[1] 1.473977
[1] "iter: 178"
[1] "mu"
[1] "done_mu"
[1] "pi"
[1] "done_pi"
[1] "mu"
[1] "done_mu"
[1] "pi"
[1] "done_pi"
[1] 1.476201
[1] "iter: 179"
[1] "mu"
[1] "done_mu"
[1] "pi"
[1] "done_pi"
[1] "mu"
[1] "done_mu"
[1] "pi"
[1] "done_pi"
[1] 1.428331
[1] "iter: 180"
[1] "mu"
[1] "done_mu"
[1] "pi"
[1] "done_pi"
[1] "mu"
[1] "done_mu"
[1] "pi"
[1] "done_pi"
[1] 1.444102
[1] "iter: 181"
[1] "mu"
[1] "done_mu"
[1] "pi"
[1] "done_pi"
[1] "mu"
[1] "done_mu"
[1] "pi"
[1] "done_pi"
[1] 1.387105
[1] "iter: 182"
[1] "mu"
[1] "done_mu"
[1] "pi"
[1] "done_pi"
[1] "mu"
[1] "done_mu"
[1] "pi"
[1] "done_pi"
[1] 1.356332
[1] "iter: 183"
[1] "mu"
[1] "done_mu"
[1] "pi"
[1] "done_pi"
[1] "mu"
[1] "done_mu"
[1] "pi"
[1] "done_pi"
[1] 1.480846
[1] "iter: 184"
[1] "mu"
[1] "done_mu"
[1] "pi"
[1] "done_pi"
[1] "mu"
[1] "done_mu"
[1] "pi"
[1] "done_pi"
[1] 1.462219
[1] "iter: 185"
[1] "mu"
[1] "done_mu"
[1] "pi"
[1] "done_pi"
[1] "mu"
[1] "done_mu"
[1] "pi"
[1] "done_pi"
[1] 1.426148
[1] "iter: 186"
[1] "mu"
[1] "done_mu"
[1] "pi"
[1] "done_pi"
[1] "mu"
[1] "done_mu"
[1] "pi"
[1] "done_pi"
[1] 1.360811
[1] "iter: 187"
[1] "mu"
[1] "done_mu"
[1] "pi"
[1] "done_pi"
[1] "mu"
[1] "done_mu"
[1] "pi"
[1] "done_pi"
[1] 1.395723
[1] "iter: 188"
[1] "mu"
[1] "done_mu"
[1] "pi"
[1] "done_pi"
[1] "mu"
[1] "done_mu"
[1] "pi"
[1] "done_pi"
[1] 1.417077
[1] "iter: 189"
[1] "mu"
[1] "done_mu"
[1] "pi"
[1] "done_pi"
[1] "mu"
[1] "done_mu"
[1] "pi"
[1] "done_pi"
[1] 1.416582
[1] "iter: 190"
[1] "mu"
[1] "done_mu"
[1] "pi"
[1] "done_pi"
[1] "mu"
[1] "done_mu"
[1] "pi"
[1] "done_pi"
[1] 1.40277
[1] "iter: 191"
[1] "mu"
[1] "done_mu"
[1] "pi"
[1] "done_pi"
[1] "mu"
[1] "done_mu"
[1] "pi"
[1] "done_pi"
[1] 1.474444
[1] "iter: 192"
[1] "mu"
[1] "done_mu"
[1] "pi"
[1] "done_pi"
[1] "mu"
[1] "done_mu"
[1] "pi"
[1] "done_pi"
[1] 1.400583
[1] "iter: 193"
[1] "mu"
[1] "done_mu"
[1] "pi"
[1] "done_pi"
[1] "mu"
[1] "done_mu"
[1] "pi"
[1] "done_pi"
[1] 1.322252
[1] "iter: 194"
[1] "mu"
[1] "done_mu"
[1] "pi"
[1] "done_pi"
[1] "mu"
[1] "done_mu"
[1] "pi"
[1] "done_pi"
[1] 1.421144
[1] "iter: 195"
[1] "mu"
[1] "done_mu"
[1] "pi"
[1] "done_pi"
[1] "mu"
[1] "done_mu"
[1] "pi"
[1] "done_pi"
[1] 1.488354
[1] "iter: 196"
[1] "mu"
[1] "done_mu"
[1] "pi"
[1] "done_pi"
[1] "mu"
[1] "done_mu"
[1] "pi"
[1] "done_pi"
[1] 1.415863
[1] "iter: 197"
[1] "mu"
[1] "done_mu"
[1] "pi"
[1] "done_pi"
[1] "mu"
[1] "done_mu"
[1] "pi"
[1] "done_pi"
[1] 1.368809
[1] "iter: 198"
[1] "mu"
[1] "done_mu"
[1] "pi"
[1] "done_pi"
[1] "mu"
[1] "done_mu"
[1] "pi"
[1] "done_pi"
[1] 1.422466
[1] "iter: 199"
[1] "mu"
[1] "done_mu"
[1] "pi"
[1] "done_pi"
[1] "mu"
[1] "done_mu"
[1] "pi"
[1] "done_pi"
[1] 1.464203
[1] "iter: 200"
[1] "mu"
[1] "done_mu"
[1] "pi"
[1] "done_pi"
[1] "mu"
[1] "done_mu"
[1] "pi"
[1] "done_pi"
[1] 1.384782
[1] "iter: 201"
[1] "mu"
[1] "done_mu"
[1] "pi"
[1] "done_pi"
[1] "mu"
[1] "done_mu"
[1] "pi"
[1] "done_pi"
[1] 1.395526
[1] "iter: 202"
[1] "mu"
[1] "done_mu"
[1] "pi"
[1] "done_pi"
[1] "mu"
[1] "done_mu"
[1] "pi"
[1] "done_pi"
[1] 1.361174
[1] "iter: 203"
[1] "mu"
[1] "done_mu"
[1] "pi"
[1] "done_pi"
[1] "mu"
[1] "done_mu"
[1] "pi"
[1] "done_pi"
[1] 1.419985
[1] "iter: 204"
[1] "mu"
[1] "done_mu"
[1] "pi"
[1] "done_pi"
[1] "mu"
[1] "done_mu"
[1] "pi"
[1] "done_pi"
[1] 1.415404
[1] "iter: 205"
[1] "mu"
[1] "done_mu"
[1] "pi"
[1] "done_pi"
[1] "mu"
[1] "done_mu"
[1] "pi"
[1] "done_pi"
[1] 1.442699
[1] "iter: 206"
[1] "mu"
[1] "done_mu"
[1] "pi"
[1] "done_pi"
[1] "mu"
[1] "done_mu"
[1] "pi"
[1] "done_pi"
[1] 1.445723
[1] "iter: 207"
[1] "mu"
[1] "done_mu"
[1] "pi"
[1] "done_pi"
[1] "mu"
[1] "done_mu"
[1] "pi"
[1] "done_pi"
[1] 1.438924
[1] "iter: 208"
[1] "mu"
[1] "done_mu"
[1] "pi"
[1] "done_pi"
[1] "mu"
[1] "done_mu"
[1] "pi"
[1] "done_pi"
[1] 1.350212
[1] "iter: 209"
[1] "mu"
[1] "done_mu"
[1] "pi"
[1] "done_pi"
[1] "mu"
[1] "done_mu"
[1] "pi"
[1] "done_pi"
[1] 1.396129
[1] "iter: 210"
[1] "mu"
[1] "done_mu"
[1] "pi"
[1] "done_pi"
[1] "mu"
[1] "done_mu"
[1] "pi"
[1] "done_pi"
[1] 1.425776
[1] "iter: 211"
[1] "mu"
[1] "done_mu"
[1] "pi"
[1] "done_pi"
[1] "mu"
[1] "done_mu"
[1] "pi"
[1] "done_pi"
[1] 1.37388
[1] "iter: 212"
[1] "mu"
[1] "done_mu"
[1] "pi"
[1] "done_pi"
[1] "mu"
[1] "done_mu"
[1] "pi"
[1] "done_pi"
[1] 1.466079
[1] "iter: 213"
[1] "mu"
[1] "done_mu"
[1] "pi"
[1] "done_pi"
[1] "mu"
[1] "done_mu"
[1] "pi"
[1] "done_pi"
[1] 1.434304
[1] "iter: 214"
[1] "mu"
[1] "done_mu"
[1] "pi"
[1] "done_pi"
[1] "mu"
[1] "done_mu"
[1] "pi"
[1] "done_pi"
[1] 1.392893
[1] "iter: 215"
[1] "mu"
[1] "done_mu"
[1] "pi"
[1] "done_pi"
[1] "mu"
[1] "done_mu"
[1] "pi"
[1] "done_pi"
[1] 1.429555
[1] "iter: 216"
[1] "mu"
[1] "done_mu"
[1] "pi"
[1] "done_pi"
[1] "mu"
[1] "done_mu"
[1] "pi"
[1] "done_pi"
[1] 1.414957
[1] "iter: 217"
[1] "mu"
[1] "done_mu"
[1] "pi"
[1] "done_pi"
[1] "mu"
[1] "done_mu"
[1] "pi"
[1] "done_pi"
[1] 1.424535
[1] "iter: 218"
[1] "mu"
[1] "done_mu"
[1] "pi"
[1] "done_pi"
[1] "mu"
[1] "done_mu"
[1] "pi"
[1] "done_pi"
[1] 1.38635
[1] "iter: 219"
[1] "mu"
[1] "done_mu"
[1] "pi"
[1] "done_pi"
[1] "mu"
[1] "done_mu"
[1] "pi"
[1] "done_pi"
[1] 1.466488
[1] "iter: 220"
[1] "mu"
[1] "done_mu"
[1] "pi"
[1] "done_pi"
[1] "mu"
[1] "done_mu"
[1] "pi"
[1] "done_pi"
[1] 1.404602
[1] "iter: 221"
[1] "mu"
[1] "done_mu"
[1] "pi"
[1] "done_pi"
[1] "mu"
[1] "done_mu"
[1] "pi"
[1] "done_pi"
[1] 1.439032
[1] "iter: 222"
[1] "mu"
[1] "done_mu"
[1] "pi"
[1] "done_pi"
[1] "mu"
[1] "done_mu"
[1] "pi"
[1] "done_pi"
[1] 1.442564
[1] "iter: 223"
[1] "mu"
[1] "done_mu"
[1] "pi"
[1] "done_pi"
[1] "mu"
[1] "done_mu"
[1] "pi"
[1] "done_pi"
[1] 1.454901
[1] "iter: 224"
[1] "mu"
[1] "done_mu"
[1] "pi"
[1] "done_pi"
[1] "mu"
[1] "done_mu"
[1] "pi"
[1] "done_pi"
[1] 1.437497
[1] "iter: 225"
[1] "mu"
[1] "done_mu"
[1] "pi"
[1] "done_pi"
[1] "mu"
[1] "done_mu"
[1] "pi"
[1] "done_pi"
[1] 1.416863
[1] "iter: 226"
[1] "mu"
[1] "done_mu"
[1] "pi"
[1] "done_pi"
[1] "mu"
[1] "done_mu"
[1] "pi"
[1] "done_pi"
[1] 1.350044
[1] "iter: 227"
[1] "mu"
[1] "done_mu"
[1] "pi"
[1] "done_pi"
[1] "mu"
[1] "done_mu"
[1] "pi"
[1] "done_pi"
[1] 1.369813
[1] "iter: 228"
[1] "mu"
[1] "done_mu"
[1] "pi"
[1] "done_pi"
[1] "mu"
[1] "done_mu"
[1] "pi"
[1] "done_pi"
[1] 1.371069
[1] "iter: 229"
[1] "mu"
[1] "done_mu"
[1] "pi"
[1] "done_pi"
[1] "mu"
[1] "done_mu"
[1] "pi"
[1] "done_pi"
[1] 1.416473
[1] "iter: 230"
[1] "mu"
[1] "done_mu"
[1] "pi"
[1] "done_pi"
[1] "mu"
[1] "done_mu"
[1] "pi"
[1] "done_pi"
[1] 1.440296
[1] "iter: 231"
[1] "mu"
[1] "done_mu"
[1] "pi"
[1] "done_pi"
[1] "mu"
[1] "done_mu"
[1] "pi"
[1] "done_pi"
[1] 1.44373
[1] "iter: 232"
[1] "mu"
[1] "done_mu"
[1] "pi"
[1] "done_pi"
[1] "mu"
[1] "done_mu"
[1] "pi"
[1] "done_pi"
[1] 1.437968
[1] "iter: 233"
[1] "mu"
[1] "done_mu"
[1] "pi"
[1] "done_pi"
[1] "mu"
[1] "done_mu"
[1] "pi"
[1] "done_pi"
[1] 1.374527
[1] "iter: 234"
[1] "mu"
[1] "done_mu"
[1] "pi"
[1] "done_pi"
[1] "mu"
[1] "done_mu"
[1] "pi"
[1] "done_pi"
[1] 1.489505
[1] "iter: 235"
[1] "mu"
[1] "done_mu"
[1] "pi"
[1] "done_pi"
[1] "mu"
[1] "done_mu"
[1] "pi"
[1] "done_pi"
[1] 1.428177
[1] "iter: 236"
[1] "mu"
[1] "done_mu"
[1] "pi"
[1] "done_pi"
[1] "mu"
[1] "done_mu"
[1] "pi"
[1] "done_pi"
[1] 1.406501
[1] "iter: 237"
[1] "mu"
[1] "done_mu"
[1] "pi"
[1] "done_pi"
[1] "mu"
[1] "done_mu"
[1] "pi"
[1] "done_pi"
[1] 1.407156
[1] "iter: 238"
[1] "mu"
[1] "done_mu"
[1] "pi"
[1] "done_pi"
[1] "mu"
[1] "done_mu"
[1] "pi"
[1] "done_pi"
[1] 1.378652
[1] "iter: 239"
[1] "mu"
[1] "done_mu"
[1] "pi"
[1] "done_pi"
[1] "mu"
[1] "done_mu"
[1] "pi"
[1] "done_pi"
[1] 1.421764
[1] "iter: 240"
[1] "mu"
[1] "done_mu"
[1] "pi"
[1] "done_pi"
[1] "mu"
[1] "done_mu"
[1] "pi"
[1] "done_pi"
[1] 1.398145
[1] "iter: 241"
[1] "mu"
[1] "done_mu"
[1] "pi"
[1] "done_pi"
[1] "mu"
[1] "done_mu"
[1] "pi"
[1] "done_pi"
[1] 1.435145
[1] "iter: 242"
[1] "mu"
[1] "done_mu"
[1] "pi"
[1] "done_pi"
[1] "mu"
[1] "done_mu"
[1] "pi"
[1] "done_pi"
[1] 1.423387
[1] "iter: 243"
[1] "mu"
[1] "done_mu"
[1] "pi"
[1] "done_pi"
[1] "mu"
[1] "done_mu"
[1] "pi"
[1] "done_pi"
[1] 1.432965
[1] "iter: 244"
[1] "mu"
[1] "done_mu"
[1] "pi"
[1] "done_pi"
[1] "mu"
[1] "done_mu"
[1] "pi"
[1] "done_pi"
[1] 1.476519
[1] "iter: 245"
[1] "mu"
[1] "done_mu"
[1] "pi"
[1] "done_pi"
[1] "mu"
[1] "done_mu"
[1] "pi"
[1] "done_pi"
[1] 1.421275
[1] "iter: 246"
[1] "mu"
[1] "done_mu"
[1] "pi"
[1] "done_pi"
[1] "mu"
[1] "done_mu"
[1] "pi"
[1] "done_pi"
[1] 1.449326
[1] "iter: 247"
[1] "mu"
[1] "done_mu"
[1] "pi"
[1] "done_pi"
[1] "mu"
[1] "done_mu"
[1] "pi"
[1] "done_pi"
[1] 1.432198
[1] "iter: 248"
[1] "mu"
[1] "done_mu"
[1] "pi"
[1] "done_pi"
[1] "mu"
[1] "done_mu"
[1] "pi"
[1] "done_pi"
[1] 1.359215
[1] "iter: 249"
[1] "mu"
[1] "done_mu"
[1] "pi"
[1] "done_pi"
[1] "mu"
[1] "done_mu"
[1] "pi"
[1] "done_pi"
[1] 1.472455
[1] "iter: 250"
[1] "mu"
[1] "done_mu"
[1] "pi"
[1] "done_pi"
[1] "mu"
[1] "done_mu"
[1] "pi"
[1] "done_pi"
[1] 1.443361
[1] "iter: 251"
[1] "mu"
[1] "done_mu"
[1] "pi"
[1] "done_pi"
[1] "mu"
[1] "done_mu"
[1] "pi"
[1] "done_pi"
[1] 1.426548
[1] "iter: 252"
[1] "mu"
[1] "done_mu"
[1] "pi"
[1] "done_pi"
[1] "mu"
[1] "done_mu"
[1] "pi"
[1] "done_pi"
[1] 1.316719
[1] "iter: 253"
[1] "mu"
[1] "done_mu"
[1] "pi"
[1] "done_pi"
[1] "mu"
[1] "done_mu"
[1] "pi"
[1] "done_pi"
[1] 1.38275
[1] "iter: 254"
[1] "mu"
[1] "done_mu"
[1] "pi"
[1] "done_pi"
[1] "mu"
[1] "done_mu"
[1] "pi"
[1] "done_pi"
[1] 1.435402
[1] "iter: 255"
[1] "mu"
[1] "done_mu"
[1] "pi"
[1] "done_pi"
[1] "mu"
[1] "done_mu"
[1] "pi"
[1] "done_pi"
[1] 1.400827
[1] "iter: 256"
[1] "mu"
[1] "done_mu"
[1] "pi"
[1] "done_pi"
[1] "mu"
[1] "done_mu"
[1] "pi"
[1] "done_pi"
[1] 1.438648
[1] "iter: 257"
[1] "mu"
[1] "done_mu"
[1] "pi"
[1] "done_pi"
[1] "mu"
[1] "done_mu"
[1] "pi"
[1] "done_pi"
[1] 1.381515
[1] "iter: 258"
[1] "mu"
[1] "done_mu"
[1] "pi"
[1] "done_pi"
[1] "mu"
[1] "done_mu"
[1] "pi"
[1] "done_pi"
[1] 1.386689
[1] "iter: 259"
[1] "mu"
[1] "done_mu"
[1] "pi"
[1] "done_pi"
[1] "mu"
[1] "done_mu"
[1] "pi"
[1] "done_pi"
[1] 1.388016
[1] "iter: 260"
[1] "mu"
[1] "done_mu"
[1] "pi"
[1] "done_pi"
[1] "mu"
[1] "done_mu"
[1] "pi"
[1] "done_pi"
[1] 1.393685
[1] "iter: 261"
[1] "mu"
[1] "done_mu"
[1] "pi"
[1] "done_pi"
[1] "mu"
[1] "done_mu"
[1] "pi"
[1] "done_pi"
[1] 1.450069
[1] "iter: 262"
[1] "mu"
[1] "done_mu"
[1] "pi"
[1] "done_pi"
[1] "mu"
[1] "done_mu"
[1] "pi"
[1] "done_pi"
[1] 1.44145
[1] "iter: 263"
[1] "mu"
[1] "done_mu"
[1] "pi"
[1] "done_pi"
[1] "mu"
[1] "done_mu"
[1] "pi"
[1] "done_pi"
[1] 1.386457
[1] "iter: 264"
[1] "mu"
[1] "done_mu"
[1] "pi"
[1] "done_pi"
[1] "mu"
[1] "done_mu"
[1] "pi"
[1] "done_pi"
[1] 1.424943
[1] "iter: 265"
[1] "mu"
[1] "done_mu"
[1] "pi"
[1] "done_pi"
[1] "mu"
[1] "done_mu"
[1] "pi"
[1] "done_pi"
[1] 1.430527
[1] "iter: 266"
[1] "mu"
[1] "done_mu"
[1] "pi"
[1] "done_pi"
[1] "mu"
[1] "done_mu"
[1] "pi"
[1] "done_pi"
[1] 1.430711
[1] "iter: 267"
[1] "mu"
[1] "done_mu"
[1] "pi"
[1] "done_pi"
[1] "mu"
[1] "done_mu"
[1] "pi"
[1] "done_pi"
[1] 1.393384
[1] "iter: 268"
[1] "mu"
[1] "done_mu"
[1] "pi"
[1] "done_pi"
[1] "mu"
[1] "done_mu"
[1] "pi"
[1] "done_pi"
[1] 1.44144
[1] "iter: 269"
[1] "mu"
[1] "done_mu"
[1] "pi"
[1] "done_pi"
[1] "mu"
[1] "done_mu"
[1] "pi"
[1] "done_pi"
[1] 1.386906
[1] "iter: 270"
[1] "mu"
[1] "done_mu"
[1] "pi"
[1] "done_pi"
[1] "mu"
[1] "done_mu"
[1] "pi"
[1] "done_pi"
[1] 1.42052
[1] "iter: 271"
[1] "mu"
[1] "done_mu"
[1] "pi"
[1] "done_pi"
[1] "mu"
[1] "done_mu"
[1] "pi"
[1] "done_pi"
[1] 1.443559
[1] "iter: 272"
[1] "mu"
[1] "done_mu"
[1] "pi"
[1] "done_pi"
[1] "mu"
[1] "done_mu"
[1] "pi"
[1] "done_pi"
[1] 1.423976
[1] "iter: 273"
[1] "mu"
[1] "done_mu"
[1] "pi"
[1] "done_pi"
[1] "mu"
[1] "done_mu"
[1] "pi"
[1] "done_pi"
[1] 1.412642
[1] "iter: 274"
[1] "mu"
[1] "done_mu"
[1] "pi"
[1] "done_pi"
[1] "mu"
[1] "done_mu"
[1] "pi"
[1] "done_pi"
[1] 1.409515
[1] "iter: 275"
[1] "mu"
[1] "done_mu"
[1] "pi"
[1] "done_pi"
[1] "mu"
[1] "done_mu"
[1] "pi"
[1] "done_pi"
[1] 1.418373
[1] "iter: 276"
[1] "mu"
[1] "done_mu"
[1] "pi"
[1] "done_pi"
[1] "mu"
[1] "done_mu"
[1] "pi"
[1] "done_pi"
[1] 1.43655
[1] "iter: 277"
[1] "mu"
[1] "done_mu"
[1] "pi"
[1] "done_pi"
[1] "mu"
[1] "done_mu"
[1] "pi"
[1] "done_pi"
[1] 1.386134
[1] "iter: 278"
[1] "mu"
[1] "done_mu"
[1] "pi"
[1] "done_pi"
[1] "mu"
[1] "done_mu"
[1] "pi"
[1] "done_pi"
[1] 1.369749
[1] "iter: 279"
[1] "mu"
[1] "done_mu"
[1] "pi"
[1] "done_pi"
[1] "mu"
[1] "done_mu"
[1] "pi"
[1] "done_pi"
[1] 1.433232
[1] "iter: 280"
[1] "mu"
[1] "done_mu"
[1] "pi"
[1] "done_pi"
[1] "mu"
[1] "done_mu"
[1] "pi"
[1] "done_pi"
[1] 1.458195
[1] "iter: 281"
[1] "mu"
[1] "done_mu"
[1] "pi"
[1] "done_pi"
[1] "mu"
[1] "done_mu"
[1] "pi"
[1] "done_pi"
[1] 1.422904
[1] "iter: 282"
[1] "mu"
[1] "done_mu"
[1] "pi"
[1] "done_pi"
[1] "mu"
[1] "done_mu"
[1] "pi"
[1] "done_pi"
[1] 1.40523
[1] "iter: 283"
[1] "mu"
[1] "done_mu"
[1] "pi"
[1] "done_pi"
[1] "mu"
[1] "done_mu"
[1] "pi"
[1] "done_pi"
[1] 1.410396
[1] "iter: 284"
[1] "mu"
[1] "done_mu"
[1] "pi"
[1] "done_pi"
[1] "mu"
[1] "done_mu"
[1] "pi"
[1] "done_pi"
[1] 1.43279
[1] "iter: 285"
[1] "mu"
[1] "done_mu"
[1] "pi"
[1] "done_pi"
[1] "mu"
[1] "done_mu"
[1] "pi"
[1] "done_pi"
[1] 1.462975
[1] "iter: 286"
[1] "mu"
[1] "done_mu"
[1] "pi"
[1] "done_pi"
[1] "mu"
[1] "done_mu"
[1] "pi"
[1] "done_pi"
[1] 1.428624
[1] "iter: 287"
[1] "mu"
[1] "done_mu"
[1] "pi"
[1] "done_pi"
[1] "mu"
[1] "done_mu"
[1] "pi"
[1] "done_pi"
[1] 1.425491
[1] "iter: 288"
[1] "mu"
[1] "done_mu"
[1] "pi"
[1] "done_pi"
[1] "mu"
[1] "done_mu"
[1] "pi"
[1] "done_pi"
[1] 1.496202
[1] "iter: 289"
[1] "mu"
[1] "done_mu"
[1] "pi"
[1] "done_pi"
[1] "mu"
[1] "done_mu"
[1] "pi"
[1] "done_pi"
[1] 1.404231
[1] "iter: 290"
[1] "mu"
[1] "done_mu"
[1] "pi"
[1] "done_pi"
[1] "mu"
[1] "done_mu"
[1] "pi"
[1] "done_pi"
[1] 1.483138
[1] "iter: 291"
[1] "mu"
[1] "done_mu"
[1] "pi"
[1] "done_pi"
[1] "mu"
[1] "done_mu"
[1] "pi"
[1] "done_pi"
[1] 1.41869
[1] "iter: 292"
[1] "mu"
[1] "done_mu"
[1] "pi"
[1] "done_pi"
[1] "mu"
[1] "done_mu"
[1] "pi"
[1] "done_pi"
[1] 1.431765
[1] "iter: 293"
[1] "mu"
[1] "done_mu"
[1] "pi"
[1] "done_pi"
[1] "mu"
[1] "done_mu"
[1] "pi"
[1] "done_pi"
[1] 1.455615
[1] "iter: 294"
[1] "mu"
[1] "done_mu"
[1] "pi"
[1] "done_pi"
[1] "mu"
[1] "done_mu"
[1] "pi"
[1] "done_pi"
[1] 1.433598
[1] "iter: 295"
[1] "mu"
[1] "done_mu"
[1] "pi"
[1] "done_pi"
[1] "mu"
[1] "done_mu"
[1] "pi"
[1] "done_pi"
[1] 1.450475
[1] "iter: 296"
[1] "mu"
[1] "done_mu"
[1] "pi"
[1] "done_pi"
[1] "mu"
[1] "done_mu"
[1] "pi"
[1] "done_pi"
[1] 1.438599
[1] "iter: 297"
[1] "mu"
[1] "done_mu"
[1] "pi"
[1] "done_pi"
[1] "mu"
[1] "done_mu"
[1] "pi"
[1] "done_pi"
[1] 1.412667
[1] "iter: 298"
[1] "mu"
[1] "done_mu"
[1] "pi"
[1] "done_pi"
[1] "mu"
[1] "done_mu"
[1] "pi"
[1] "done_pi"
[1] 1.411622
[1] "iter: 299"
[1] "mu"
[1] "done_mu"
[1] "pi"
[1] "done_pi"
[1] "mu"
[1] "done_mu"
[1] "pi"
[1] "done_pi"
[1] 1.375626
[1] "iter: 300"
[1] "mu"
[1] "done_mu"
[1] "pi"
[1] "done_pi"
[1] "mu"
[1] "done_mu"
[1] "pi"
[1] "done_pi"
[1] 1.347965
[1] "iter: 301"
[1] "mu"
[1] "done_mu"
[1] "pi"
[1] "done_pi"
[1] "mu"
[1] "done_mu"
[1] "pi"
[1] "done_pi"
[1] 1.379862
[1] "iter: 302"
[1] "mu"
[1] "done_mu"
[1] "pi"
[1] "done_pi"
[1] "mu"
[1] "done_mu"
[1] "pi"
[1] "done_pi"
[1] 1.390232
[1] "iter: 303"
[1] "mu"
[1] "done_mu"
[1] "pi"
[1] "done_pi"
[1] "mu"
[1] "done_mu"
[1] "pi"
[1] "done_pi"
[1] 1.361256
[1] "iter: 304"
[1] "mu"
[1] "done_mu"
[1] "pi"
[1] "done_pi"
[1] "mu"
[1] "done_mu"
[1] "pi"
[1] "done_pi"
[1] 1.393093
[1] "iter: 305"
[1] "mu"
[1] "done_mu"
[1] "pi"
[1] "done_pi"
[1] "mu"
[1] "done_mu"
[1] "pi"
[1] "done_pi"
[1] 1.354478
[1] "iter: 306"
[1] "mu"
[1] "done_mu"
[1] "pi"
[1] "done_pi"
[1] "mu"
[1] "done_mu"
[1] "pi"
[1] "done_pi"
[1] 1.428644
[1] "iter: 307"
[1] "mu"
[1] "done_mu"
[1] "pi"
[1] "done_pi"
[1] "mu"
[1] "done_mu"
[1] "pi"
[1] "done_pi"
[1] 1.428592
[1] "iter: 308"
[1] "mu"
[1] "done_mu"
[1] "pi"
[1] "done_pi"
[1] "mu"
[1] "done_mu"
[1] "pi"
[1] "done_pi"
[1] 1.457863
[1] "iter: 309"
[1] "mu"
[1] "done_mu"
[1] "pi"
[1] "done_pi"
[1] "mu"
[1] "done_mu"
[1] "pi"
[1] "done_pi"
[1] 1.449075
[1] "iter: 310"
[1] "mu"
[1] "done_mu"
[1] "pi"
[1] "done_pi"
[1] "mu"
[1] "done_mu"
[1] "pi"
[1] "done_pi"
[1] 1.466089
[1] "iter: 311"
[1] "mu"
[1] "done_mu"
[1] "pi"
[1] "done_pi"
[1] "mu"
[1] "done_mu"
[1] "pi"
[1] "done_pi"
[1] 1.428066
[1] "iter: 312"
[1] "mu"
[1] "done_mu"
[1] "pi"
[1] "done_pi"
[1] "mu"
[1] "done_mu"
[1] "pi"
[1] "done_pi"
[1] 1.534059
[1] "iter: 313"
[1] "mu"
[1] "done_mu"
[1] "pi"
[1] "done_pi"
[1] "mu"
[1] "done_mu"
[1] "pi"
[1] "done_pi"
[1] 1.453372
[1] "iter: 314"
[1] "mu"
[1] "done_mu"
[1] "pi"
[1] "done_pi"
[1] "mu"
[1] "done_mu"
[1] "pi"
[1] "done_pi"
[1] 1.482703
[1] "iter: 315"
[1] "mu"
[1] "done_mu"
[1] "pi"
[1] "done_pi"
[1] "mu"
[1] "done_mu"
[1] "pi"
[1] "done_pi"
[1] 1.433546
[1] "iter: 316"
[1] "mu"
[1] "done_mu"
[1] "pi"
[1] "done_pi"
[1] "mu"
[1] "done_mu"
[1] "pi"
[1] "done_pi"
[1] 1.476863
[1] "iter: 317"
[1] "mu"
[1] "done_mu"
[1] "pi"
[1] "done_pi"
[1] "mu"
[1] "done_mu"
[1] "pi"
[1] "done_pi"
[1] 1.435486
[1] "iter: 318"
[1] "mu"
[1] "done_mu"
[1] "pi"
[1] "done_pi"
[1] "mu"
[1] "done_mu"
[1] "pi"
[1] "done_pi"
[1] 1.36927
[1] "iter: 319"
[1] "mu"
[1] "done_mu"
[1] "pi"
[1] "done_pi"
[1] "mu"
[1] "done_mu"
[1] "pi"
[1] "done_pi"
[1] 1.45773
[1] "iter: 320"
[1] "mu"
[1] "done_mu"
[1] "pi"
[1] "done_pi"
[1] "mu"
[1] "done_mu"
[1] "pi"
[1] "done_pi"
[1] 1.423564
[1] "iter: 321"
[1] "mu"
[1] "done_mu"
[1] "pi"
[1] "done_pi"
[1] "mu"
[1] "done_mu"
[1] "pi"
[1] "done_pi"
[1] 1.46639
[1] "iter: 322"
[1] "mu"
[1] "done_mu"
[1] "pi"
[1] "done_pi"
[1] "mu"
[1] "done_mu"
[1] "pi"
[1] "done_pi"
[1] 1.39246
[1] "iter: 323"
[1] "mu"
[1] "done_mu"
[1] "pi"
[1] "done_pi"
[1] "mu"
[1] "done_mu"
[1] "pi"
[1] "done_pi"
[1] 1.473977
[1] "iter: 324"
[1] "mu"
[1] "done_mu"
[1] "pi"
[1] "done_pi"
[1] "mu"
[1] "done_mu"
[1] "pi"
[1] "done_pi"
[1] 1.476201
[1] "iter: 325"
[1] "mu"
[1] "done_mu"
[1] "pi"
[1] "done_pi"
[1] "mu"
[1] "done_mu"
[1] "pi"
[1] "done_pi"
[1] 1.428331
[1] "iter: 326"
[1] "mu"
[1] "done_mu"
[1] "pi"
[1] "done_pi"
[1] "mu"
[1] "done_mu"
[1] "pi"
[1] "done_pi"
[1] 1.444102
[1] "iter: 327"
[1] "mu"
[1] "done_mu"
[1] "pi"
[1] "done_pi"
[1] "mu"
[1] "done_mu"
[1] "pi"
[1] "done_pi"
[1] 1.387105
[1] "iter: 328"
[1] "mu"
[1] "done_mu"
[1] "pi"
[1] "done_pi"
[1] "mu"
[1] "done_mu"
[1] "pi"
[1] "done_pi"
[1] 1.356332
[1] "iter: 329"
[1] "mu"
[1] "done_mu"
[1] "pi"
[1] "done_pi"
[1] "mu"
[1] "done_mu"
[1] "pi"
[1] "done_pi"
[1] 1.480846
[1] "iter: 330"
[1] "mu"
[1] "done_mu"
[1] "pi"
[1] "done_pi"
[1] "mu"
[1] "done_mu"
[1] "pi"
[1] "done_pi"
[1] 1.462219
[1] "iter: 331"
[1] "mu"
[1] "done_mu"
[1] "pi"
[1] "done_pi"
[1] "mu"
[1] "done_mu"
[1] "pi"
[1] "done_pi"
[1] 1.426148
[1] "iter: 332"
[1] "mu"
[1] "done_mu"
[1] "pi"
[1] "done_pi"
[1] "mu"
[1] "done_mu"
[1] "pi"
[1] "done_pi"
[1] 1.360811
[1] "iter: 333"
[1] "mu"
[1] "done_mu"
[1] "pi"
[1] "done_pi"
[1] "mu"
[1] "done_mu"
[1] "pi"
[1] "done_pi"
[1] 1.395723
[1] "iter: 334"
[1] "mu"
[1] "done_mu"
[1] "pi"
[1] "done_pi"
[1] "mu"
[1] "done_mu"
[1] "pi"
[1] "done_pi"
[1] 1.417077
[1] "iter: 335"
[1] "mu"
[1] "done_mu"
[1] "pi"
[1] "done_pi"
[1] "mu"
[1] "done_mu"
[1] "pi"
[1] "done_pi"
[1] 1.416582
[1] "iter: 336"
[1] "mu"
[1] "done_mu"
[1] "pi"
[1] "done_pi"
[1] "mu"
[1] "done_mu"
[1] "pi"
[1] "done_pi"
[1] 1.40277
[1] "iter: 337"
[1] "mu"
[1] "done_mu"
[1] "pi"
[1] "done_pi"
[1] "mu"
[1] "done_mu"
[1] "pi"
[1] "done_pi"
[1] 1.474444
[1] "iter: 338"
[1] "mu"
[1] "done_mu"
[1] "pi"
[1] "done_pi"
[1] "mu"
[1] "done_mu"
[1] "pi"
[1] "done_pi"
[1] 1.400583
[1] "iter: 339"
[1] "mu"
[1] "done_mu"
[1] "pi"
[1] "done_pi"
[1] "mu"
[1] "done_mu"
[1] "pi"
[1] "done_pi"
[1] 1.322252
[1] "iter: 340"
[1] "mu"
[1] "done_mu"
[1] "pi"
[1] "done_pi"
[1] "mu"
[1] "done_mu"
[1] "pi"
[1] "done_pi"
[1] 1.421144
[1] "iter: 341"
[1] "mu"
[1] "done_mu"
[1] "pi"
[1] "done_pi"
[1] "mu"
[1] "done_mu"
[1] "pi"
[1] "done_pi"
[1] 1.488354
[1] "iter: 342"
[1] "mu"
[1] "done_mu"
[1] "pi"
[1] "done_pi"
[1] "mu"
[1] "done_mu"
[1] "pi"
[1] "done_pi"
[1] 1.415863
[1] "iter: 343"
[1] "mu"
[1] "done_mu"
[1] "pi"
[1] "done_pi"
[1] "mu"
[1] "done_mu"
[1] "pi"
[1] "done_pi"
[1] 1.368809
[1] "iter: 344"
[1] "mu"
[1] "done_mu"
[1] "pi"
[1] "done_pi"
[1] "mu"
[1] "done_mu"
[1] "pi"
[1] "done_pi"
[1] 1.422466
[1] "iter: 345"
[1] "mu"
[1] "done_mu"
[1] "pi"
[1] "done_pi"
[1] "mu"
[1] "done_mu"
[1] "pi"
[1] "done_pi"
[1] 1.464203
[1] "iter: 346"
[1] "mu"
[1] "done_mu"
[1] "pi"
[1] "done_pi"
[1] "mu"
[1] "done_mu"
[1] "pi"
[1] "done_pi"
[1] 1.384782
[1] "iter: 347"
[1] "mu"
[1] "done_mu"
[1] "pi"
[1] "done_pi"
[1] "mu"
[1] "done_mu"
[1] "pi"
[1] "done_pi"
[1] 1.395526
[1] "iter: 348"
[1] "mu"
[1] "done_mu"
[1] "pi"
[1] "done_pi"
[1] "mu"
[1] "done_mu"
[1] "pi"
[1] "done_pi"
[1] 1.361174
[1] "iter: 349"
[1] "mu"
[1] "done_mu"
[1] "pi"
[1] "done_pi"
[1] "mu"
[1] "done_mu"
[1] "pi"
[1] "done_pi"
[1] 1.419985
[1] "iter: 350"
[1] "mu"
[1] "done_mu"
[1] "pi"
[1] "done_pi"
[1] "mu"
[1] "done_mu"
[1] "pi"
[1] "done_pi"
[1] 1.415404
[1] "iter: 351"
[1] "mu"
[1] "done_mu"
[1] "pi"
[1] "done_pi"
[1] "mu"
[1] "done_mu"
[1] "pi"
[1] "done_pi"
[1] 1.442699
[1] "iter: 352"
[1] "mu"
[1] "done_mu"
[1] "pi"
[1] "done_pi"
[1] "mu"
[1] "done_mu"
[1] "pi"
[1] "done_pi"
[1] 1.445723
[1] "iter: 353"
[1] "mu"
[1] "done_mu"
[1] "pi"
[1] "done_pi"
[1] "mu"
[1] "done_mu"
[1] "pi"
[1] "done_pi"
[1] 1.438924
[1] "iter: 354"
[1] "mu"
[1] "done_mu"
[1] "pi"
[1] "done_pi"
[1] "mu"
[1] "done_mu"
[1] "pi"
[1] "done_pi"
[1] 1.350212
[1] "iter: 355"
[1] "mu"
[1] "done_mu"
[1] "pi"
[1] "done_pi"
[1] "mu"
[1] "done_mu"
[1] "pi"
[1] "done_pi"
[1] 1.396129
[1] "iter: 356"
[1] "mu"
[1] "done_mu"
[1] "pi"
[1] "done_pi"
[1] "mu"
[1] "done_mu"
[1] "pi"
[1] "done_pi"
[1] 1.425776
[1] "iter: 357"
[1] "mu"
[1] "done_mu"
[1] "pi"
[1] "done_pi"
[1] "mu"
[1] "done_mu"
[1] "pi"
[1] "done_pi"
[1] 1.37388
[1] "iter: 358"
[1] "mu"
[1] "done_mu"
[1] "pi"
[1] "done_pi"
[1] "mu"
[1] "done_mu"
[1] "pi"
[1] "done_pi"
[1] 1.466079
[1] "iter: 359"
[1] "mu"
[1] "done_mu"
[1] "pi"
[1] "done_pi"
[1] "mu"
[1] "done_mu"
[1] "pi"
[1] "done_pi"
[1] 1.434304
[1] "iter: 360"
[1] "mu"
[1] "done_mu"
[1] "pi"
[1] "done_pi"
[1] "mu"
[1] "done_mu"
[1] "pi"
[1] "done_pi"
[1] 1.392893
[1] "iter: 361"
[1] "mu"
[1] "done_mu"
[1] "pi"
[1] "done_pi"
[1] "mu"
[1] "done_mu"
[1] "pi"
[1] "done_pi"
[1] 1.429555
[1] "iter: 362"
[1] "mu"
[1] "done_mu"
[1] "pi"
[1] "done_pi"
[1] "mu"
[1] "done_mu"
[1] "pi"
[1] "done_pi"
[1] 1.414957
[1] "iter: 363"
[1] "mu"
[1] "done_mu"
[1] "pi"
[1] "done_pi"
[1] "mu"
[1] "done_mu"
[1] "pi"
[1] "done_pi"
[1] 1.424535
[1] "iter: 364"
[1] "mu"
[1] "done_mu"
[1] "pi"
[1] "done_pi"
[1] "mu"
[1] "done_mu"
[1] "pi"
[1] "done_pi"
[1] 1.38635
[1] "iter: 365"
[1] "mu"
[1] "done_mu"
[1] "pi"
[1] "done_pi"
[1] "mu"
[1] "done_mu"
[1] "pi"
[1] "done_pi"
[1] 1.466488
[1] "iter: 366"
[1] "mu"
[1] "done_mu"
[1] "pi"
[1] "done_pi"
[1] "mu"
[1] "done_mu"
[1] "pi"
[1] "done_pi"
[1] 1.404602
[1] "iter: 367"
[1] "mu"
[1] "done_mu"
[1] "pi"
[1] "done_pi"
[1] "mu"
[1] "done_mu"
[1] "pi"
[1] "done_pi"
[1] 1.439032
[1] "iter: 368"
[1] "mu"
[1] "done_mu"
[1] "pi"
[1] "done_pi"
[1] "mu"
[1] "done_mu"
[1] "pi"
[1] "done_pi"
[1] 1.442564
[1] "iter: 369"
[1] "mu"
[1] "done_mu"
[1] "pi"
[1] "done_pi"
[1] "mu"
[1] "done_mu"
[1] "pi"
[1] "done_pi"
[1] 1.454901
[1] "iter: 370"
[1] "mu"
[1] "done_mu"
[1] "pi"
[1] "done_pi"
[1] "mu"
[1] "done_mu"
[1] "pi"
[1] "done_pi"
[1] 1.437497
[1] "iter: 371"
[1] "mu"
[1] "done_mu"
[1] "pi"
[1] "done_pi"
[1] "mu"
[1] "done_mu"
[1] "pi"
[1] "done_pi"
[1] 1.416863
[1] "iter: 372"
[1] "mu"
[1] "done_mu"
[1] "pi"
[1] "done_pi"
[1] "mu"
[1] "done_mu"
[1] "pi"
[1] "done_pi"
[1] 1.350044
[1] "iter: 373"
[1] "mu"
[1] "done_mu"
[1] "pi"
[1] "done_pi"
[1] "mu"
[1] "done_mu"
[1] "pi"
[1] "done_pi"
[1] 1.369813
[1] "iter: 374"
[1] "mu"
[1] "done_mu"
[1] "pi"
[1] "done_pi"
[1] "mu"
[1] "done_mu"
[1] "pi"
[1] "done_pi"
[1] 1.371069
[1] "iter: 375"
[1] "mu"
[1] "done_mu"
[1] "pi"
[1] "done_pi"
[1] "mu"
[1] "done_mu"
[1] "pi"
[1] "done_pi"
[1] 1.416473
[1] "iter: 376"
[1] "mu"
[1] "done_mu"
[1] "pi"
[1] "done_pi"
[1] "mu"
[1] "done_mu"
[1] "pi"
[1] "done_pi"
[1] 1.440296
[1] "iter: 377"
[1] "mu"
[1] "done_mu"
[1] "pi"
[1] "done_pi"
[1] "mu"
[1] "done_mu"
[1] "pi"
[1] "done_pi"
[1] 1.44373
[1] "iter: 378"
[1] "mu"
[1] "done_mu"
[1] "pi"
[1] "done_pi"
[1] "mu"
[1] "done_mu"
[1] "pi"
[1] "done_pi"
[1] 1.437968
[1] "iter: 379"
[1] "mu"
[1] "done_mu"
[1] "pi"
[1] "done_pi"
[1] "mu"
[1] "done_mu"
[1] "pi"
[1] "done_pi"
[1] 1.374527
[1] "iter: 380"
[1] "mu"
[1] "done_mu"
[1] "pi"
[1] "done_pi"
[1] "mu"
[1] "done_mu"
[1] "pi"
[1] "done_pi"
[1] 1.489505
[1] "iter: 381"
[1] "mu"
[1] "done_mu"
[1] "pi"
[1] "done_pi"
[1] "mu"
[1] "done_mu"
[1] "pi"
[1] "done_pi"
[1] 1.428177
[1] "iter: 382"
[1] "mu"
[1] "done_mu"
[1] "pi"
[1] "done_pi"
[1] "mu"
[1] "done_mu"
[1] "pi"
[1] "done_pi"
[1] 1.406501
[1] "iter: 383"
[1] "mu"
[1] "done_mu"
[1] "pi"
[1] "done_pi"
[1] "mu"
[1] "done_mu"
[1] "pi"
[1] "done_pi"
[1] 1.407156
[1] "iter: 384"
[1] "mu"
[1] "done_mu"
[1] "pi"
[1] "done_pi"
[1] "mu"
[1] "done_mu"
[1] "pi"
[1] "done_pi"
[1] 1.378652
[1] "iter: 385"
[1] "mu"
[1] "done_mu"
[1] "pi"
[1] "done_pi"
[1] "mu"
[1] "done_mu"
[1] "pi"
[1] "done_pi"
[1] 1.421764
[1] "iter: 386"
[1] "mu"
[1] "done_mu"
[1] "pi"
[1] "done_pi"
[1] "mu"
[1] "done_mu"
[1] "pi"
[1] "done_pi"
[1] 1.398145
[1] "iter: 387"
[1] "mu"
[1] "done_mu"
[1] "pi"
[1] "done_pi"
[1] "mu"
[1] "done_mu"
[1] "pi"
[1] "done_pi"
[1] 1.435145
[1] "iter: 388"
[1] "mu"
[1] "done_mu"
[1] "pi"
[1] "done_pi"
[1] "mu"
[1] "done_mu"
[1] "pi"
[1] "done_pi"
[1] 1.423387
[1] "iter: 389"
[1] "mu"
[1] "done_mu"
[1] "pi"
[1] "done_pi"
[1] "mu"
[1] "done_mu"
[1] "pi"
[1] "done_pi"
[1] 1.432965
[1] "iter: 390"
[1] "mu"
[1] "done_mu"
[1] "pi"
[1] "done_pi"
[1] "mu"
[1] "done_mu"
[1] "pi"
[1] "done_pi"
[1] 1.476519
[1] "iter: 391"
[1] "mu"
[1] "done_mu"
[1] "pi"
[1] "done_pi"
[1] "mu"
[1] "done_mu"
[1] "pi"
[1] "done_pi"
[1] 1.421275
[1] "iter: 392"
[1] "mu"
[1] "done_mu"
[1] "pi"
[1] "done_pi"
[1] "mu"
[1] "done_mu"
[1] "pi"
[1] "done_pi"
[1] 1.449326
[1] "iter: 393"
[1] "mu"
[1] "done_mu"
[1] "pi"
[1] "done_pi"
[1] "mu"
[1] "done_mu"
[1] "pi"
[1] "done_pi"
[1] 1.432198
[1] "iter: 394"
[1] "mu"
[1] "done_mu"
[1] "pi"
[1] "done_pi"
[1] "mu"
[1] "done_mu"
[1] "pi"
[1] "done_pi"
[1] 1.359215
[1] "iter: 395"
[1] "mu"
[1] "done_mu"
[1] "pi"
[1] "done_pi"
[1] "mu"
[1] "done_mu"
[1] "pi"
[1] "done_pi"
[1] 1.472455
[1] "iter: 396"
[1] "mu"
[1] "done_mu"
[1] "pi"
[1] "done_pi"
[1] "mu"
[1] "done_mu"
[1] "pi"
[1] "done_pi"
[1] 1.443361
[1] "iter: 397"
[1] "mu"
[1] "done_mu"
[1] "pi"
[1] "done_pi"
[1] "mu"
[1] "done_mu"
[1] "pi"
[1] "done_pi"
[1] 1.426548
[1] "iter: 398"
[1] "mu"
[1] "done_mu"
[1] "pi"
[1] "done_pi"
[1] "mu"
[1] "done_mu"
[1] "pi"
[1] "done_pi"
[1] 1.316719
[1] "iter: 399"
[1] "mu"
[1] "done_mu"
[1] "pi"
[1] "done_pi"
[1] "mu"
[1] "done_mu"
[1] "pi"
[1] "done_pi"
[1] 1.38275
[1] "iter: 400"
[1] "mu"
[1] "done_mu"
[1] "pi"
[1] "done_pi"
[1] "mu"
[1] "done_mu"
[1] "pi"
[1] "done_pi"
[1] 1.435402
[1] "iter: 401"
[1] "mu"
[1] "done_mu"
[1] "pi"
[1] "done_pi"
[1] "mu"
[1] "done_mu"
[1] "pi"
[1] "done_pi"
[1] 1.400827
[1] "iter: 402"
[1] "mu"
[1] "done_mu"
[1] "pi"
[1] "done_pi"
[1] "mu"
[1] "done_mu"
[1] "pi"
[1] "done_pi"
[1] 1.438648
[1] "iter: 403"
[1] "mu"
[1] "done_mu"
[1] "pi"
[1] "done_pi"
[1] "mu"
[1] "done_mu"
[1] "pi"
[1] "done_pi"
[1] 1.381515
[1] "iter: 404"
[1] "mu"
[1] "done_mu"
[1] "pi"
[1] "done_pi"
[1] "mu"
[1] "done_mu"
[1] "pi"
[1] "done_pi"
[1] 1.386689
[1] "iter: 405"
[1] "mu"
[1] "done_mu"
[1] "pi"
[1] "done_pi"
[1] "mu"
[1] "done_mu"
[1] "pi"
[1] "done_pi"
[1] 1.388016
[1] "iter: 406"
[1] "mu"
[1] "done_mu"
[1] "pi"
[1] "done_pi"
[1] "mu"
[1] "done_mu"
[1] "pi"
[1] "done_pi"
[1] 1.393685
[1] "iter: 407"
[1] "mu"
[1] "done_mu"
[1] "pi"
[1] "done_pi"
[1] "mu"
[1] "done_mu"
[1] "pi"
[1] "done_pi"
[1] 1.450069
[1] "iter: 408"
[1] "mu"
[1] "done_mu"
[1] "pi"
[1] "done_pi"
[1] "mu"
[1] "done_mu"
[1] "pi"
[1] "done_pi"
[1] 1.44145
[1] "iter: 409"
[1] "mu"
[1] "done_mu"
[1] "pi"
[1] "done_pi"
[1] "mu"
[1] "done_mu"
[1] "pi"
[1] "done_pi"
[1] 1.386457
[1] "iter: 410"
[1] "mu"
[1] "done_mu"
[1] "pi"
[1] "done_pi"
[1] "mu"
[1] "done_mu"
[1] "pi"
[1] "done_pi"
[1] 1.424943
[1] "iter: 411"
[1] "mu"
[1] "done_mu"
[1] "pi"
[1] "done_pi"
[1] "mu"
[1] "done_mu"
[1] "pi"
[1] "done_pi"
[1] 1.430527
[1] "iter: 412"
[1] "mu"
[1] "done_mu"
[1] "pi"
[1] "done_pi"
[1] "mu"
[1] "done_mu"
[1] "pi"
[1] "done_pi"
[1] 1.430711
[1] "iter: 413"
[1] "mu"
[1] "done_mu"
[1] "pi"
[1] "done_pi"
[1] "mu"
[1] "done_mu"
[1] "pi"
[1] "done_pi"
[1] 1.393384
[1] "iter: 414"
[1] "mu"
[1] "done_mu"
[1] "pi"
[1] "done_pi"
[1] "mu"
[1] "done_mu"
[1] "pi"
[1] "done_pi"
[1] 1.44144
[1] "iter: 415"
[1] "mu"
[1] "done_mu"
[1] "pi"
[1] "done_pi"
[1] "mu"
[1] "done_mu"
[1] "pi"
[1] "done_pi"
[1] 1.386906
[1] "iter: 416"
[1] "mu"
[1] "done_mu"
[1] "pi"
[1] "done_pi"
[1] "mu"
[1] "done_mu"
[1] "pi"
[1] "done_pi"
[1] 1.42052
[1] "iter: 417"
[1] "mu"
[1] "done_mu"
[1] "pi"
[1] "done_pi"
[1] "mu"
[1] "done_mu"
[1] "pi"
[1] "done_pi"
[1] 1.443559
[1] "iter: 418"
[1] "mu"
[1] "done_mu"
[1] "pi"
[1] "done_pi"
[1] "mu"
[1] "done_mu"
[1] "pi"
[1] "done_pi"
[1] 1.423976
[1] "iter: 419"
[1] "mu"
[1] "done_mu"
[1] "pi"
[1] "done_pi"
[1] "mu"
[1] "done_mu"
[1] "pi"
[1] "done_pi"
[1] 1.412642
[1] "iter: 420"
[1] "mu"
[1] "done_mu"
[1] "pi"
[1] "done_pi"
[1] "mu"
[1] "done_mu"
[1] "pi"
[1] "done_pi"
[1] 1.409515
[1] "iter: 421"
[1] "mu"
[1] "done_mu"
[1] "pi"
[1] "done_pi"
[1] "mu"
[1] "done_mu"
[1] "pi"
[1] "done_pi"
[1] 1.418373
[1] "iter: 422"
[1] "mu"
[1] "done_mu"
[1] "pi"
[1] "done_pi"
[1] "mu"
[1] "done_mu"
[1] "pi"
[1] "done_pi"
[1] 1.43655
[1] "iter: 423"
[1] "mu"
[1] "done_mu"
[1] "pi"
[1] "done_pi"
[1] "mu"
[1] "done_mu"
[1] "pi"
[1] "done_pi"
[1] 1.386134
[1] "iter: 424"
[1] "mu"
[1] "done_mu"
[1] "pi"
[1] "done_pi"
[1] "mu"
[1] "done_mu"
[1] "pi"
[1] "done_pi"
[1] 1.369749
[1] "iter: 425"
[1] "mu"
[1] "done_mu"
[1] "pi"
[1] "done_pi"
[1] "mu"
[1] "done_mu"
[1] "pi"
[1] "done_pi"
[1] 1.433232
[1] "iter: 426"
[1] "mu"
[1] "done_mu"
[1] "pi"
[1] "done_pi"
[1] "mu"
[1] "done_mu"
[1] "pi"
[1] "done_pi"
[1] 1.458195
[1] "iter: 427"
[1] "mu"
[1] "done_mu"
[1] "pi"
[1] "done_pi"
[1] "mu"
[1] "done_mu"
[1] "pi"
[1] "done_pi"
[1] 1.422904
[1] "iter: 428"
[1] "mu"
[1] "done_mu"
[1] "pi"
[1] "done_pi"
[1] "mu"
[1] "done_mu"
[1] "pi"
[1] "done_pi"
[1] 1.40523
[1] "iter: 429"
[1] "mu"
[1] "done_mu"
[1] "pi"
[1] "done_pi"
[1] "mu"
[1] "done_mu"
[1] "pi"
[1] "done_pi"
[1] 1.410396
[1] "iter: 430"
[1] "mu"
[1] "done_mu"
[1] "pi"
[1] "done_pi"
[1] "mu"
[1] "done_mu"
[1] "pi"
[1] "done_pi"
[1] 1.43279
[1] "iter: 431"
[1] "mu"
[1] "done_mu"
[1] "pi"
[1] "done_pi"
[1] "mu"
[1] "done_mu"
[1] "pi"
[1] "done_pi"
[1] 1.462975
[1] "iter: 432"
[1] "mu"
[1] "done_mu"
[1] "pi"
[1] "done_pi"
[1] "mu"
[1] "done_mu"
[1] "pi"
[1] "done_pi"
[1] 1.428624
[1] "iter: 433"
[1] "mu"
[1] "done_mu"
[1] "pi"
[1] "done_pi"
[1] "mu"
[1] "done_mu"
[1] "pi"
[1] "done_pi"
[1] 1.425491
[1] "iter: 434"
[1] "mu"
[1] "done_mu"
[1] "pi"
[1] "done_pi"
[1] "mu"
[1] "done_mu"
[1] "pi"
[1] "done_pi"
[1] 1.496202
[1] "iter: 435"
[1] "mu"
[1] "done_mu"
[1] "pi"
[1] "done_pi"
[1] "mu"
[1] "done_mu"
[1] "pi"
[1] "done_pi"
[1] 1.404231
[1] "iter: 436"
[1] "mu"
[1] "done_mu"
[1] "pi"
[1] "done_pi"
[1] "mu"
[1] "done_mu"
[1] "pi"
[1] "done_pi"
[1] 1.483138
[1] "iter: 437"
[1] "mu"
[1] "done_mu"
[1] "pi"
[1] "done_pi"
[1] "mu"
[1] "done_mu"
[1] "pi"
[1] "done_pi"
[1] 1.41869
[1] "iter: 438"
[1] "mu"
[1] "done_mu"
[1] "pi"
[1] "done_pi"
[1] "mu"
[1] "done_mu"
[1] "pi"
[1] "done_pi"
[1] 1.431765
[1] "iter: 439"
[1] "mu"
[1] "done_mu"
[1] "pi"
[1] "done_pi"
[1] "mu"
[1] "done_mu"
[1] "pi"
[1] "done_pi"
[1] 1.455615
[1] "iter: 440"
[1] "mu"
[1] "done_mu"
[1] "pi"
[1] "done_pi"
[1] "mu"
[1] "done_mu"
[1] "pi"
[1] "done_pi"
[1] 1.433598
[1] "iter: 441"
[1] "mu"
[1] "done_mu"
[1] "pi"
[1] "done_pi"
[1] "mu"
[1] "done_mu"
[1] "pi"
[1] "done_pi"
[1] 1.450475
[1] "iter: 442"
[1] "mu"
[1] "done_mu"
[1] "pi"
[1] "done_pi"
[1] "mu"
[1] "done_mu"
[1] "pi"
[1] "done_pi"
[1] 1.438599
[1] "iter: 443"
[1] "mu"
[1] "done_mu"
[1] "pi"
[1] "done_pi"
[1] "mu"
[1] "done_mu"
[1] "pi"
[1] "done_pi"
[1] 1.412667
[1] "iter: 444"
[1] "mu"
[1] "done_mu"
[1] "pi"
[1] "done_pi"
[1] "mu"
[1] "done_mu"
[1] "pi"
[1] "done_pi"
[1] 1.411622
[1] "iter: 445"
[1] "mu"
[1] "done_mu"
[1] "pi"
[1] "done_pi"
[1] "mu"
[1] "done_mu"
[1] "pi"
[1] "done_pi"
[1] 1.375626
[1] "iter: 446"
[1] "mu"
[1] "done_mu"
[1] "pi"
[1] "done_pi"
[1] "mu"
[1] "done_mu"
[1] "pi"
[1] "done_pi"
[1] 1.347965
[1] "iter: 447"
[1] "mu"
[1] "done_mu"
[1] "pi"
[1] "done_pi"
[1] "mu"
[1] "done_mu"
[1] "pi"
[1] "done_pi"
[1] 1.379862
[1] "iter: 448"
[1] "mu"
[1] "done_mu"
[1] "pi"
[1] "done_pi"
[1] "mu"
[1] "done_mu"
[1] "pi"
[1] "done_pi"
[1] 1.390232
[1] "iter: 449"
[1] "mu"
[1] "done_mu"
[1] "pi"
[1] "done_pi"
[1] "mu"
[1] "done_mu"
[1] "pi"
[1] "done_pi"
[1] 1.361256
[1] "iter: 450"
[1] "mu"
[1] "done_mu"
[1] "pi"
[1] "done_pi"
[1] "mu"
[1] "done_mu"
[1] "pi"
[1] "done_pi"
[1] 1.393093
[1] "iter: 451"
[1] "mu"
[1] "done_mu"
[1] "pi"
[1] "done_pi"
[1] "mu"
[1] "done_mu"
[1] "pi"
[1] "done_pi"
[1] 1.354478
[1] "iter: 452"
[1] "mu"
[1] "done_mu"
[1] "pi"
[1] "done_pi"
[1] "mu"
[1] "done_mu"
[1] "pi"
[1] "done_pi"
[1] 1.428644
[1] "iter: 453"
[1] "mu"
[1] "done_mu"
[1] "pi"
[1] "done_pi"
[1] "mu"
[1] "done_mu"
[1] "pi"
[1] "done_pi"
[1] 1.428592
[1] "iter: 454"
[1] "mu"
[1] "done_mu"
[1] "pi"
[1] "done_pi"
[1] "mu"
[1] "done_mu"
[1] "pi"
[1] "done_pi"
[1] 1.457863
[1] "iter: 455"
[1] "mu"
[1] "done_mu"
[1] "pi"
[1] "done_pi"
[1] "mu"
[1] "done_mu"
[1] "pi"
[1] "done_pi"
[1] 1.449075
[1] "iter: 456"
[1] "mu"
[1] "done_mu"
[1] "pi"
[1] "done_pi"
[1] "mu"
[1] "done_mu"
[1] "pi"
[1] "done_pi"
[1] 1.466089
[1] "iter: 457"
[1] "mu"
[1] "done_mu"
[1] "pi"
[1] "done_pi"
[1] "mu"
[1] "done_mu"
[1] "pi"
[1] "done_pi"
[1] 1.428066
[1] "iter: 458"
[1] "mu"
[1] "done_mu"
[1] "pi"
[1] "done_pi"
[1] "mu"
[1] "done_mu"
[1] "pi"
[1] "done_pi"
[1] 1.534059
[1] "iter: 459"
[1] "mu"
[1] "done_mu"
[1] "pi"
[1] "done_pi"
[1] "mu"
[1] "done_mu"
[1] "pi"
[1] "done_pi"
[1] 1.453372
[1] "iter: 460"
[1] "mu"
[1] "done_mu"
[1] "pi"
[1] "done_pi"
[1] "mu"
[1] "done_mu"
[1] "pi"
[1] "done_pi"
[1] 1.482703
[1] "iter: 461"
[1] "mu"
[1] "done_mu"
[1] "pi"
[1] "done_pi"
[1] "mu"
[1] "done_mu"
[1] "pi"
[1] "done_pi"
[1] 1.433546
[1] "iter: 462"
[1] "mu"
[1] "done_mu"
[1] "pi"
[1] "done_pi"
[1] "mu"
[1] "done_mu"
[1] "pi"
[1] "done_pi"
[1] 1.476863
[1] "iter: 463"
[1] "mu"
[1] "done_mu"
[1] "pi"
[1] "done_pi"
[1] "mu"
[1] "done_mu"
[1] "pi"
[1] "done_pi"
[1] 1.435486
[1] "iter: 464"
[1] "mu"
[1] "done_mu"
[1] "pi"
[1] "done_pi"
[1] "mu"
[1] "done_mu"
[1] "pi"
[1] "done_pi"
[1] 1.36927
[1] "iter: 465"
[1] "mu"
[1] "done_mu"
[1] "pi"
[1] "done_pi"
[1] "mu"
[1] "done_mu"
[1] "pi"
[1] "done_pi"
[1] 1.45773
[1] "iter: 466"
[1] "mu"
[1] "done_mu"
[1] "pi"
[1] "done_pi"
[1] "mu"
[1] "done_mu"
[1] "pi"
[1] "done_pi"
[1] 1.423564
[1] "iter: 467"
[1] "mu"
[1] "done_mu"
[1] "pi"
[1] "done_pi"
[1] "mu"
[1] "done_mu"
[1] "pi"
[1] "done_pi"
[1] 1.46639
[1] "iter: 468"
[1] "mu"
[1] "done_mu"
[1] "pi"
[1] "done_pi"
[1] "mu"
[1] "done_mu"
[1] "pi"
[1] "done_pi"
[1] 1.39246
[1] "iter: 469"
[1] "mu"
[1] "done_mu"
[1] "pi"
[1] "done_pi"
[1] "mu"
[1] "done_mu"
[1] "pi"
[1] "done_pi"
[1] 1.473977
[1] "iter: 470"
[1] "mu"
[1] "done_mu"
[1] "pi"
[1] "done_pi"
[1] "mu"
[1] "done_mu"
[1] "pi"
[1] "done_pi"
[1] 1.476201
[1] "iter: 471"
[1] "mu"
[1] "done_mu"
[1] "pi"
[1] "done_pi"
[1] "mu"
[1] "done_mu"
[1] "pi"
[1] "done_pi"
[1] 1.428331
[1] "iter: 472"
[1] "mu"
[1] "done_mu"
[1] "pi"
[1] "done_pi"
[1] "mu"
[1] "done_mu"
[1] "pi"
[1] "done_pi"
[1] 1.444102
[1] "iter: 473"
[1] "mu"
[1] "done_mu"
[1] "pi"
[1] "done_pi"
[1] "mu"
[1] "done_mu"
[1] "pi"
[1] "done_pi"
[1] 1.387105
[1] "iter: 474"
[1] "mu"
[1] "done_mu"
[1] "pi"
[1] "done_pi"
[1] "mu"
[1] "done_mu"
[1] "pi"
[1] "done_pi"
[1] 1.356332
[1] "iter: 475"
[1] "mu"
[1] "done_mu"
[1] "pi"
[1] "done_pi"
[1] "mu"
[1] "done_mu"
[1] "pi"
[1] "done_pi"
[1] 1.480846
[1] "iter: 476"
[1] "mu"
[1] "done_mu"
[1] "pi"
[1] "done_pi"
[1] "mu"
[1] "done_mu"
[1] "pi"
[1] "done_pi"
[1] 1.462219
[1] "iter: 477"
[1] "mu"
[1] "done_mu"
[1] "pi"
[1] "done_pi"
[1] "mu"
[1] "done_mu"
[1] "pi"
[1] "done_pi"
[1] 1.426148
[1] "iter: 478"
[1] "mu"
[1] "done_mu"
[1] "pi"
[1] "done_pi"
[1] "mu"
[1] "done_mu"
[1] "pi"
[1] "done_pi"
[1] 1.360811
[1] "iter: 479"
[1] "mu"
[1] "done_mu"
[1] "pi"
[1] "done_pi"
[1] "mu"
[1] "done_mu"
[1] "pi"
[1] "done_pi"
[1] 1.395723
[1] "iter: 480"
[1] "mu"
[1] "done_mu"
[1] "pi"
[1] "done_pi"
[1] "mu"
[1] "done_mu"
[1] "pi"
[1] "done_pi"
[1] 1.417077
[1] "iter: 481"
[1] "mu"
[1] "done_mu"
[1] "pi"
[1] "done_pi"
[1] "mu"
[1] "done_mu"
[1] "pi"
[1] "done_pi"
[1] 1.416582
[1] "iter: 482"
[1] "mu"
[1] "done_mu"
[1] "pi"
[1] "done_pi"
[1] "mu"
[1] "done_mu"
[1] "pi"
[1] "done_pi"
[1] 1.40277
[1] "iter: 483"
[1] "mu"
[1] "done_mu"
[1] "pi"
[1] "done_pi"
[1] "mu"
[1] "done_mu"
[1] "pi"
[1] "done_pi"
[1] 1.474444
[1] "iter: 484"
[1] "mu"
[1] "done_mu"
[1] "pi"
[1] "done_pi"
[1] "mu"
[1] "done_mu"
[1] "pi"
[1] "done_pi"
[1] 1.400583
[1] "iter: 485"
[1] "mu"
[1] "done_mu"
[1] "pi"
[1] "done_pi"
[1] "mu"
[1] "done_mu"
[1] "pi"
[1] "done_pi"
[1] 1.322252
[1] "iter: 486"
[1] "mu"
[1] "done_mu"
[1] "pi"
[1] "done_pi"
[1] "mu"
[1] "done_mu"
[1] "pi"
[1] "done_pi"
[1] 1.421144
[1] "iter: 487"
[1] "mu"
[1] "done_mu"
[1] "pi"
[1] "done_pi"
[1] "mu"
[1] "done_mu"
[1] "pi"
[1] "done_pi"
[1] 1.488354
[1] "iter: 488"
[1] "mu"
[1] "done_mu"
[1] "pi"
[1] "done_pi"
[1] "mu"
[1] "done_mu"
[1] "pi"
[1] "done_pi"
[1] 1.415863
[1] "iter: 489"
[1] "mu"
[1] "done_mu"
[1] "pi"
[1] "done_pi"
[1] "mu"
[1] "done_mu"
[1] "pi"
[1] "done_pi"
[1] 1.368809
[1] "iter: 490"
[1] "mu"
[1] "done_mu"
[1] "pi"
[1] "done_pi"
[1] "mu"
[1] "done_mu"
[1] "pi"
[1] "done_pi"
[1] 1.422466
[1] "iter: 491"
[1] "mu"
[1] "done_mu"
[1] "pi"
[1] "done_pi"
[1] "mu"
[1] "done_mu"
[1] "pi"
[1] "done_pi"
[1] 1.464203
[1] "iter: 492"
[1] "mu"
[1] "done_mu"
[1] "pi"
[1] "done_pi"
[1] "mu"
[1] "done_mu"
[1] "pi"
[1] "done_pi"
[1] 1.384782
[1] "iter: 493"
[1] "mu"
[1] "done_mu"
[1] "pi"
[1] "done_pi"
[1] "mu"
[1] "done_mu"
[1] "pi"
[1] "done_pi"
[1] 1.395526
[1] "iter: 494"
[1] "mu"
[1] "done_mu"
[1] "pi"
[1] "done_pi"
[1] "mu"
[1] "done_mu"
[1] "pi"
[1] "done_pi"
[1] 1.361174
[1] "iter: 495"
[1] "mu"
[1] "done_mu"
[1] "pi"
[1] "done_pi"
[1] "mu"
[1] "done_mu"
[1] "pi"
[1] "done_pi"
[1] 1.419985
[1] "iter: 496"
[1] "mu"
[1] "done_mu"
[1] "pi"
[1] "done_pi"
[1] "mu"
[1] "done_mu"
[1] "pi"
[1] "done_pi"
[1] 1.415404
[1] "iter: 497"
[1] "mu"
[1] "done_mu"
[1] "pi"
[1] "done_pi"
[1] "mu"
[1] "done_mu"
[1] "pi"
[1] "done_pi"
[1] 1.442699
[1] "iter: 498"
[1] "mu"
[1] "done_mu"
[1] "pi"
[1] "done_pi"
[1] "mu"
[1] "done_mu"
[1] "pi"
[1] "done_pi"
[1] 1.445723
[1] "iter: 499"
[1] "mu"
[1] "done_mu"
[1] "pi"
[1] "done_pi"
[1] "mu"
[1] "done_mu"
[1] "pi"
[1] "done_pi"
[1] 1.438924
[1] "iter: 500"
[1] "mu"
[1] "done_mu"
[1] "pi"
[1] "done_pi"
[1] "mu"
[1] "done_mu"
[1] "pi"
[1] "done_pi"
[1] 1.350212
      estimate  CI_left CI_right misp estimator iter
   1: 1.342735 1.247983 1.439275    1     auDRI    1
   2: 1.329979 1.228461 1.431498    1      AIPW    1
   3: 1.448572 1.310262 1.596169    2     auDRI    1
   4: 1.448386 1.199827 1.696945    2      AIPW    1
   5: 1.386894 1.293208 1.485700    3     auDRI    1
  ---                                               
3996: 1.413517 1.213729 1.613306    2      AIPW  500
3997: 1.345800 1.273822 1.418264    3     auDRI  500
3998: 1.343522 1.275777 1.411267    3      AIPW  500
3999: 2.197623 2.060654 2.327660    4     auDRI  500
4000: 2.392803 2.254919 2.530687    4      AIPW  500
