LOADING R
R LOADED
[1] "/home/lvanderl/Rlibs2"                         
[2] "/app/software/R/4.3.1-gfbf-2022b/lib/R/library"
[1] "/home/lvanderl/sieveSims"
[1] "iter: 1"
[1] "mu"
[1] "done_mu"
[1] "pi"
predictions 
   0.107049 
[1] "mu"
[1] "done_mu"
[1] "pi"
predictions 
  0.1066961 
[1] "mu"
[1] "done_mu"
[1] "pi"
Lrnr_xgboost_100_1_21.5443469003188_1_0.15 
                                 0.1152705 
 Lrnr_xgboost_30_1_21.5443469003188_2_0.15 
                                 0.1167220 
 Lrnr_xgboost_30_1_21.5443469003188_3_0.15 
                                 0.1108683 
 Lrnr_xgboost_30_1_21.5443469003188_4_0.15 
                                 0.1091722 
 Lrnr_xgboost_30_1_21.5443469003188_5_0.15 
                                 0.1085139 
[1] "mu"
[1] "done_mu"
[1] "pi"
NULL
[1] "earth"
