LOADING R
R LOADED
[1] "/home/lvanderl/Rlibs2"                         
[2] "/app/software/R/4.2.2-foss-2021b/lib/R/library"
[1] "/home/lvanderl/sieveSims"
[1] "Current settings:"
[1] 500
[1] 1
[1] 1
  0%  25%  50%  75% 100% 
   1    1    1    1    1 
  0%  25%  50%  75% 100% 
   1    1    1    1    1 
[1] 0.04726019 0.94117384
[1] "Current settings:"
[1] 500
[1] 1
[1] 2
  0%  25%  50%  75% 100% 
   1    1    1    1    1 
  0%  25%  50%  75% 100% 
   1    1    1    1    1 
[1] 0.06232814 0.94395663
[1] "Current settings:"
[1] 500
[1] 1
[1] 3
  0%  25%  50%  75% 100% 
   1    1    1    1    1 
  0%  25%  50%  75% 100% 
   1    1    1    1    1 
[1] 0.02536603 0.96529448
[1] "Current settings:"
[1] 500
[1] 1
[1] 4
  0%  25%  50%  75% 100% 
   1    1    1    1    1 
  0%  25%  50%  75% 100% 
   1    1    1    1    1 
[1] 0.04474895 0.96927843
[1] "Current settings:"
[1] 500
[1] 1
[1] 5
  0%  25%  50%  75% 100% 
   1    1    1    1    1 
  0%  25%  50%  75% 100% 
   1    1    1    1    1 
[1] 0.03414512 0.97612397
[1] "Current settings:"
[1] 500
[1] 1
[1] 6
  0%  25%  50%  75% 100% 
   1    1    1    1    1 
  0%  25%  50%  75% 100% 
   1    1    1    1    1 
[1] 0.01496008 0.98654529
[1] "Current settings:"
[1] 500
[1] 1
[1] 7
  0%  25%  50%  75% 100% 
   1    1    1    1    1 
  0%  25%  50%  75% 100% 
   1    1    1    1    1 
[1] 0.05437773 0.94442905
[1] "Current settings:"
[1] 500
[1] 1
[1] 8
  0%  25%  50%  75% 100% 
   1    1    1    1    1 
  0%  25%  50%  75% 100% 
   1    1    1    1    1 
[1] 0.01656955 0.97784406
[1] "Current settings:"
[1] 500
[1] 1
[1] 9
  0%  25%  50%  75% 100% 
   1    1    1    1    1 
  0%  25%  50%  75% 100% 
   1    1    1    1    1 
[1] 0.03860745 0.96691320
[1] "Current settings:"
[1] 500
[1] 1
[1] 10
  0%  25%  50%  75% 100% 
   1    1    1    1    1 
  0%  25%  50%  75% 100% 
   1    1    1    1    1 
[1] 0.0189361 0.9765913
[1] "Current settings:"
[1] 500
[1] 1
[1] 11
  0%  25%  50%  75% 100% 
   1    1    1    1    1 
  0%  25%  50%  75% 100% 
   1    1    1    1    1 
[1] 0.02122812 0.95480983
[1] "Current settings:"
[1] 500
[1] 1
[1] 12
  0%  25%  50%  75% 100% 
   1    1    1    1    1 
  0%  25%  50%  75% 100% 
   1    1    1    1    1 
[1] 0.04219767 0.96420314
[1] "Current settings:"
[1] 500
[1] 1
[1] 13
  0%  25%  50%  75% 100% 
   1    1    1    1    1 
  0%  25%  50%  75% 100% 
   1    1    1    1    1 
[1] 0.03764516 0.94734086
[1] "Current settings:"
[1] 500
[1] 1
[1] 14
  0%  25%  50%  75% 100% 
   1    1    1    1    1 
  0%  25%  50%  75% 100% 
   1    1    1    1    1 
[1] 0.03622743 0.95070044
[1] "Current settings:"
[1] 500
[1] 1
[1] 15
  0%  25%  50%  75% 100% 
   1    1    1    1    1 
  0%  25%  50%  75% 100% 
   1    1    1    1    1 
[1] 0.05229752 0.95653806
[1] "Current settings:"
[1] 500
[1] 1
[1] 16
  0%  25%  50%  75% 100% 
   1    1    1    1    1 
  0%  25%  50%  75% 100% 
   1    1    1    1    1 
[1] 0.07358383 0.95389800
[1] "Current settings:"
[1] 500
[1] 1
[1] 17
  0%  25%  50%  75% 100% 
   1    1    1    1    1 
  0%  25%  50%  75% 100% 
   1    1    1    1    1 
[1] 0.04609631 0.96024262
[1] "Current settings:"
[1] 500
[1] 1
[1] 18
  0%  25%  50%  75% 100% 
   1    1    1    1    1 
  0%  25%  50%  75% 100% 
   1    1    1    1    1 
[1] 0.06199037 0.94853588
[1] "Current settings:"
[1] 500
[1] 1
[1] 19
  0%  25%  50%  75% 100% 
   1    1    1    1    1 
  0%  25%  50%  75% 100% 
   1    1    1    1    1 
[1] 0.08799777 0.90289504
[1] "Current settings:"
[1] 500
[1] 1
[1] 20
  0%  25%  50%  75% 100% 
   1    1    1    1    1 
  0%  25%  50%  75% 100% 
   1    1    1    1    1 
[1] 0.04740391 0.97297354
[1] "Current settings:"
[1] 500
[1] 1
[1] 21
  0%  25%  50%  75% 100% 
   1    1    1    1    1 
  0%  25%  50%  75% 100% 
   1    1    1    1    1 
[1] 0.05040565 0.92025716
[1] "Current settings:"
[1] 500
[1] 1
[1] 22
  0%  25%  50%  75% 100% 
   1    1    1    1    1 
  0%  25%  50%  75% 100% 
   1    1    1    1    1 
[1] 0.05560606 0.95385045
[1] "Current settings:"
[1] 500
[1] 1
[1] 23
  0%  25%  50%  75% 100% 
   1    1    1    1    1 
  0%  25%  50%  75% 100% 
   1    1    1    1    1 
[1] 0.05951831 0.95734268
[1] "Current settings:"
[1] 500
[1] 1
[1] 24
  0%  25%  50%  75% 100% 
   1    1    1    1    1 
  0%  25%  50%  75% 100% 
   1    1    1    1    1 
[1] 0.04683781 0.92142019
[1] "Current settings:"
[1] 500
[1] 1
[1] 25
  0%  25%  50%  75% 100% 
   1    1    1    1    1 
  0%  25%  50%  75% 100% 
   1    1    1    1    1 
[1] 0.03330399 0.96748424
[1] "Current settings:"
[1] 500
[1] 1
[1] 26
  0%  25%  50%  75% 100% 
   1    1    1    1    1 
  0%  25%  50%  75% 100% 
   1    1    1    1    1 
[1] 0.04888929 0.93574011
[1] "Current settings:"
[1] 500
[1] 1
[1] 27
  0%  25%  50%  75% 100% 
   1    1    1    1    1 
  0%  25%  50%  75% 100% 
   1    1    1    1    1 
[1] 0.04397694 0.96375129
[1] "Current settings:"
[1] 500
[1] 1
[1] 28
  0%  25%  50%  75% 100% 
   1    1    1    1    1 
  0%  25%  50%  75% 100% 
   1    1    1    1    1 
[1] 0.05418489 0.92571305
[1] "Current settings:"
[1] 500
[1] 1
[1] 29
  0%  25%  50%  75% 100% 
   1    1    1    1    1 
  0%  25%  50%  75% 100% 
   1    1    1    1    1 
[1] 0.05570971 0.95772802
[1] "Current settings:"
[1] 500
[1] 1
[1] 30
  0%  25%  50%  75% 100% 
   1    1    1    1    1 
  0%  25%  50%  75% 100% 
   1    1    1    1    1 
[1] 0.04557825 0.94561415
[1] "Current settings:"
[1] 500
[1] 1
[1] 31
  0%  25%  50%  75% 100% 
   1    1    1    1    1 
  0%  25%  50%  75% 100% 
   1    1    1    1    1 
[1] 0.03627677 0.96288987
[1] "Current settings:"
[1] 500
[1] 1
[1] 32
  0%  25%  50%  75% 100% 
   1    1    1    1    1 
  0%  25%  50%  75% 100% 
   1    1    1    1    1 
[1] 0.05113607 0.94029351
[1] "Current settings:"
[1] 500
[1] 1
[1] 33
  0%  25%  50%  75% 100% 
   1    1    1    1    1 
  0%  25%  50%  75% 100% 
   1    1    1    1    1 
[1] 0.03662905 0.93356652
[1] "Current settings:"
[1] 500
[1] 1
[1] 34
  0%  25%  50%  75% 100% 
   1    1    1    1    1 
  0%  25%  50%  75% 100% 
   1    1    1    1    1 
[1] 0.04695391 0.97940920
[1] "Current settings:"
[1] 500
[1] 1
[1] 35
  0%  25%  50%  75% 100% 
   1    1    1    1    1 
  0%  25%  50%  75% 100% 
   1    1    1    1    1 
[1] 0.03979827 0.92729282
[1] "Current settings:"
[1] 500
[1] 1
[1] 36
  0%  25%  50%  75% 100% 
   1    1    1    1    1 
  0%  25%  50%  75% 100% 
   1    1    1    1    1 
[1] 0.05356845 0.95671306
[1] "Current settings:"
[1] 500
[1] 1
[1] 37
  0%  25%  50%  75% 100% 
   1    1    1    1    1 
  0%  25%  50%  75% 100% 
   1    1    1    1    1 
[1] 0.02410697 0.95476470
[1] "Current settings:"
[1] 500
[1] 1
[1] 38
  0%  25%  50%  75% 100% 
   1    1    1    1    1 
  0%  25%  50%  75% 100% 
   1    1    1    1    1 
[1] 0.02633294 0.94950090
[1] "Current settings:"
[1] 500
[1] 1
[1] 39
  0%  25%  50%  75% 100% 
   1    1    1    1    1 
  0%  25%  50%  75% 100% 
   1    1    1    1    1 
[1] 0.05028765 0.96062825
[1] "Current settings:"
[1] 500
[1] 1
[1] 40
  0%  25%  50%  75% 100% 
   1    1    1    1    1 
  0%  25%  50%  75% 100% 
   1    1    1    1    1 
[1] 0.03907052 0.97580538
[1] "Current settings:"
[1] 500
[1] 1
[1] 41
  0%  25%  50%  75% 100% 
   1    1    1    1    1 
  0%  25%  50%  75% 100% 
   1    1    1    1    1 
[1] 0.03212384 0.97690939
[1] "Current settings:"
[1] 500
[1] 1
[1] 42
  0%  25%  50%  75% 100% 
   1    1    1    1    1 
  0%  25%  50%  75% 100% 
   1    1    1    1    1 
[1] 0.03440561 0.95919594
[1] "Current settings:"
[1] 500
[1] 1
[1] 43
  0%  25%  50%  75% 100% 
   1    1    1    1    1 
  0%  25%  50%  75% 100% 
   1    1    1    1    1 
[1] 0.02814757 0.97850692
[1] "Current settings:"
[1] 500
[1] 1
[1] 44
  0%  25%  50%  75% 100% 
   1    1    1    1    1 
  0%  25%  50%  75% 100% 
   1    1    1    1    1 
[1] 0.0262537 0.9538261
[1] "Current settings:"
[1] 500
[1] 1
[1] 45
  0%  25%  50%  75% 100% 
   1    1    1    1    1 
  0%  25%  50%  75% 100% 
   1    1    1    1    1 
[1] 0.03022917 0.95681590
[1] "Current settings:"
[1] 500
[1] 1
[1] 46
  0%  25%  50%  75% 100% 
   1    1    1    1    1 
  0%  25%  50%  75% 100% 
   1    1    1    1    1 
[1] 0.01760934 0.98238858
[1] "Current settings:"
[1] 500
[1] 1
[1] 47
  0%  25%  50%  75% 100% 
   1    1    1    1    1 
  0%  25%  50%  75% 100% 
   1    1    1    1    1 
[1] 0.03048928 0.98739221
[1] "Current settings:"
[1] 500
[1] 1
[1] 48
  0%  25%  50%  75% 100% 
   1    1    1    1    1 
  0%  25%  50%  75% 100% 
   1    1    1    1    1 
[1] 0.02667212 0.97351322
[1] "Current settings:"
[1] 500
[1] 1
[1] 49
  0%  25%  50%  75% 100% 
   1    1    1    1    1 
  0%  25%  50%  75% 100% 
   1    1    1    1    1 
[1] 0.02098878 0.98742742
[1] "Current settings:"
[1] 500
[1] 1
[1] 50
  0%  25%  50%  75% 100% 
   1    1    1    1    1 
  0%  25%  50%  75% 100% 
   1    1    1    1    1 
[1] 0.06035942 0.94546570
[1] "Current settings:"
[1] 500
[1] 1
[1] 51
  0%  25%  50%  75% 100% 
   1    1    1    1    1 
  0%  25%  50%  75% 100% 
   1    1    1    1    1 
[1] 0.03057541 0.97751177
[1] "Current settings:"
[1] 500
[1] 1
[1] 52
  0%  25%  50%  75% 100% 
   1    1    1    1    1 
  0%  25%  50%  75% 100% 
   1    1    1    1    1 
[1] 0.0427576 0.9584312
[1] "Current settings:"
[1] 500
[1] 1
[1] 53
  0%  25%  50%  75% 100% 
   1    1    1    1    1 
  0%  25%  50%  75% 100% 
   1    1    1    1    1 
[1] 0.04300999 0.95201902
[1] "Current settings:"
[1] 500
[1] 1
[1] 54
  0%  25%  50%  75% 100% 
   1    1    1    1    1 
  0%  25%  50%  75% 100% 
   1    1    1    1    1 
[1] 0.07988843 0.94511286
[1] "Current settings:"
[1] 500
[1] 1
[1] 55
  0%  25%  50%  75% 100% 
   1    1    1    1    1 
  0%  25%  50%  75% 100% 
   1    1    1    1    1 
[1] 0.0477099 0.9587030
[1] "Current settings:"
[1] 500
[1] 1
[1] 56
  0%  25%  50%  75% 100% 
   1    1    1    1    1 
  0%  25%  50%  75% 100% 
   1    1    1    1    1 
[1] 0.01843301 0.97298283
[1] "Current settings:"
[1] 500
[1] 1
[1] 57
  0%  25%  50%  75% 100% 
   1    1    1    1    1 
  0%  25%  50%  75% 100% 
   1    1    1    1    1 
[1] 0.05271342 0.91903862
[1] "Current settings:"
[1] 500
[1] 1
[1] 58
  0%  25%  50%  75% 100% 
   1    1    1    1    1 
  0%  25%  50%  75% 100% 
   1    1    1    1    1 
[1] 0.02051666 0.97254738
[1] "Current settings:"
[1] 500
[1] 1
[1] 59
  0%  25%  50%  75% 100% 
   1    1    1    1    1 
  0%  25%  50%  75% 100% 
   1    1    1    1    1 
[1] 0.05180427 0.94731793
[1] "Current settings:"
[1] 500
[1] 1
[1] 60
  0%  25%  50%  75% 100% 
   1    1    1    1    1 
  0%  25%  50%  75% 100% 
   1    1    1    1    1 
[1] 0.02162031 0.97353271
[1] "Current settings:"
[1] 500
[1] 1
[1] 61
  0%  25%  50%  75% 100% 
   1    1    1    1    1 
  0%  25%  50%  75% 100% 
   1    1    1    1    1 
[1] 0.03056794 0.97686254
[1] "Current settings:"
[1] 500
[1] 1
[1] 62
  0%  25%  50%  75% 100% 
   1    1    1    1    1 
  0%  25%  50%  75% 100% 
   1    1    1    1    1 
[1] 0.02170914 0.94198896
[1] "Current settings:"
[1] 500
[1] 1
[1] 63
  0%  25%  50%  75% 100% 
   1    1    1    1    1 
  0%  25%  50%  75% 100% 
   1    1    1    1    1 
[1] 0.04824577 0.94994077
[1] "Current settings:"
[1] 500
[1] 1
[1] 64
  0%  25%  50%  75% 100% 
   1    1    1    1    1 
  0%  25%  50%  75% 100% 
   1    1    1    1    1 
[1] 0.04451926 0.96541096
[1] "Current settings:"
[1] 500
[1] 1
[1] 65
  0%  25%  50%  75% 100% 
   1    1    1    1    1 
  0%  25%  50%  75% 100% 
   1    1    1    1    1 
[1] 0.05433958 0.95932942
[1] "Current settings:"
[1] 500
[1] 1
[1] 66
  0%  25%  50%  75% 100% 
   1    1    1    1    1 
  0%  25%  50%  75% 100% 
   1    1    1    1    1 
[1] 0.02562447 0.96185984
[1] "Current settings:"
[1] 500
[1] 1
[1] 67
  0%  25%  50%  75% 100% 
   1    1    1    1    1 
  0%  25%  50%  75% 100% 
   1    1    1    1    1 
[1] 0.02570148 0.96453833
[1] "Current settings:"
[1] 500
[1] 1
[1] 68
  0%  25%  50%  75% 100% 
   1    1    1    1    1 
  0%  25%  50%  75% 100% 
   1    1    1    1    1 
[1] 0.0488748 0.9144193
[1] "Current settings:"
[1] 500
[1] 1
[1] 69
  0%  25%  50%  75% 100% 
   1    1    1    1    1 
  0%  25%  50%  75% 100% 
   1    1    1    1    1 
[1] 0.0535314 0.9675648
[1] "Current settings:"
[1] 500
[1] 1
[1] 70
  0%  25%  50%  75% 100% 
   1    1    1    1    1 
  0%  25%  50%  75% 100% 
   1    1    1    1    1 
[1] 0.02954356 0.96120855
[1] "Current settings:"
[1] 500
[1] 1
[1] 71
  0%  25%  50%  75% 100% 
   1    1    1    1    1 
  0%  25%  50%  75% 100% 
   1    1    1    1    1 
[1] 0.03270625 0.93625562
[1] "Current settings:"
[1] 500
[1] 1
[1] 72
  0%  25%  50%  75% 100% 
   1    1    1    1    1 
  0%  25%  50%  75% 100% 
   1    1    1    1    1 
[1] 0.04039751 0.94572256
[1] "Current settings:"
[1] 500
[1] 1
[1] 73
  0%  25%  50%  75% 100% 
   1    1    1    1    1 
  0%  25%  50%  75% 100% 
   1    1    1    1    1 
[1] 0.09224484 0.94241934
[1] "Current settings:"
[1] 500
[1] 1
[1] 74
  0%  25%  50%  75% 100% 
   1    1    1    1    1 
  0%  25%  50%  75% 100% 
   1    1    1    1    1 
[1] 0.04940742 0.93195794
[1] "Current settings:"
[1] 500
[1] 1
[1] 75
  0%  25%  50%  75% 100% 
   1    1    1    1    1 
  0%  25%  50%  75% 100% 
   1    1    1    1    1 
[1] 0.02845092 0.96218113
[1] "Current settings:"
[1] 500
[1] 1
[1] 76
  0%  25%  50%  75% 100% 
   1    1    1    1    1 
  0%  25%  50%  75% 100% 
   1    1    1    1    1 
[1] 0.01914778 0.94808014
[1] "Current settings:"
[1] 500
[1] 1
[1] 77
  0%  25%  50%  75% 100% 
   1    1    1    1    1 
  0%  25%  50%  75% 100% 
   1    1    1    1    1 
[1] 0.03875043 0.94192805
[1] "Current settings:"
[1] 500
[1] 1
[1] 78
  0%  25%  50%  75% 100% 
   1    1    1    1    1 
  0%  25%  50%  75% 100% 
   1    1    1    1    1 
[1] 0.05331573 0.93397379
[1] "Current settings:"
[1] 500
[1] 1
[1] 79
  0%  25%  50%  75% 100% 
   1    1    1    1    1 
  0%  25%  50%  75% 100% 
   1    1    1    1    1 
[1] 0.05430571 0.91319228
[1] "Current settings:"
[1] 500
[1] 1
[1] 80
  0%  25%  50%  75% 100% 
   1    1    1    1    1 
  0%  25%  50%  75% 100% 
   1    1    1    1    1 
[1] 0.03480846 0.92952592
[1] "Current settings:"
[1] 500
[1] 1
[1] 81
  0%  25%  50%  75% 100% 
   1    1    1    1    1 
  0%  25%  50%  75% 100% 
   1    1    1    1    1 
[1] 0.03872646 0.94006120
[1] "Current settings:"
[1] 500
[1] 1
[1] 82
  0%  25%  50%  75% 100% 
   1    1    1    1    1 
  0%  25%  50%  75% 100% 
   1    1    1    1    1 
[1] 0.04515349 0.96572368
[1] "Current settings:"
[1] 500
[1] 1
[1] 83
  0%  25%  50%  75% 100% 
   1    1    1    1    1 
  0%  25%  50%  75% 100% 
   1    1    1    1    1 
[1] 0.06676925 0.94983165
[1] "Current settings:"
[1] 500
[1] 1
[1] 84
  0%  25%  50%  75% 100% 
   1    1    1    1    1 
