LOADING R
R LOADED
[1] "/home/lvanderl/Rlibs2"                         
[2] "/app/software/R/4.2.2-foss-2021b/lib/R/library"
[1] "/home/lvanderl/sieveSims"
[1] 1
[1] 0.2499068
[1] 0.2761627
[1] "AdaLSE"
[1] 0.2761697
[1] 0.06073133
[1] "AdaLSE CI"
[1] 1
[1] 1
[1] 1
[1] 1
[1] "Fitting mean A"
[1] "Fitting variance A"
[1] "DR"
[1] 0.3015026
[1] 0.0600292
[1] "DR CI"
[1] 1
[1] 1
[1] 1
[1] 1
[1] "se comparison"
[1] NA
[1] NA
[1] 2
[1] 0.2499068
[1] 0.2761627
[1] "AdaLSE"
[1] 0.265673
[1] 0.05407209
[1] "AdaLSE CI"
[1] 1
[1] 1
[1] 2
[1] 2
[1] "Fitting mean A"
[1] "Fitting variance A"
[1] "DR"
[1] 0.254378
[1] 0.04726182
[1] "DR CI"
[1] 1
[1] 1
[1] 2
[1] 2
[1] "se comparison"
[1] 0.00742227
[1] 0.03332212
[1] 3
[1] 0.2499068
[1] 0.2761627
[1] "AdaLSE"
[1] 0.256798
[1] 0.05679436
[1] "AdaLSE CI"
[1] 1
[1] 1
[1] 3
[1] 3
[1] "Fitting mean A"
[1] "Fitting variance A"
[1] "DR"
[1] 0.2730469
[1] 0.05881363
[1] "DR CI"
[1] 1
[1] 1
[1] 3
[1] 3
[1] "se comparison"
[1] 0.009697152
[1] 0.02373106
[1] 4
[1] 0.2499068
[1] 0.2761627
[1] "AdaLSE"
[1] 0.1805061
[1] 0.05497383
[1] "AdaLSE CI"
[1] 1
[1] 1
[1] 4
[1] 4
[1] "Fitting mean A"
[1] "Fitting variance A"
[1] "DR"
[1] 0.1717347
[1] 0.04973544
[1] "DR CI"
[1] 1
[1] 0.75
[1] 4
[1] 1 3
[1] "se comparison"
[1] 0.04357902
[1] 0.05576194
[1] 5
[1] 0.2499068
[1] 0.2761627
[1] "AdaLSE"
[1] 0.2456288
[1] 0.05549153
[1] "AdaLSE CI"
[1] 1
[1] 1
[1] 5
[1] 5
[1] "Fitting mean A"
[1] "Fitting variance A"
[1] "DR"
[1] 0.2499476
[1] 0.05460916
[1] "DR CI"
[1] 1
[1] 0.8
[1] 5
[1] 1 4
[1] "se comparison"
[1] 0.03774242
[1] 0.04829136
[1] 6
[1] 0.2499068
[1] 0.2761627
[1] "AdaLSE"
[1] 0.145112
[1] 0.05435267
[1] "AdaLSE CI"
[1] 1
[1] 0.8333333
[1] 6
[1] 1 5
[1] "Fitting mean A"
[1] "Fitting variance A"
[1] "DR"
[1] 0.1474473
[1] 0.04636275
[1] "DR CI"
[1] 0.8333333
[1] 0.6666667
[1] 1 5
[1] 2 4
[1] "se comparison"
[1] 0.05292479
[1] 0.06018852
[1] 7
[1] 0.2499068
[1] 0.2761627
[1] "AdaLSE"
[1] 0.3437801
[1] 0.06077189
[1] "AdaLSE CI"
[1] 1
[1] 0.8571429
[1] 7
[1] 1 6
[1] "Fitting mean A"
[1] "Fitting variance A"
[1] "DR"
[1] 0.3483261
[1] 0.0509195
[1] "DR CI"
[1] 0.8571429
[1] 0.7142857
[1] 1 6
[1] 2 5
[1] "se comparison"
[1] 0.06510612
[1] 0.07013261
[1] 8
[1] 0.2499068
[1] 0.2761627
[1] "AdaLSE"
[1] 0.229505
[1] 0.05362577
[1] "AdaLSE CI"
[1] 1
[1] 0.875
[1] 8
[1] 1 7
[1] "Fitting mean A"
[1] "Fitting variance A"
[1] "DR"
[1] 0.2055624
[1] 0.06856477
[1] "DR CI"
[1] 0.875
[1] 0.75
[1] 1 7
[1] 2 6
[1] "se comparison"
[1] 0.06051894
[1] 0.0667612
[1] 9
[1] 0.2499068
[1] 0.2761627
[1] "AdaLSE"
[1] 0.3270923
[1] 0.07725369
[1] "AdaLSE CI"
[1] 1
[1] 0.8888889
[1] 9
[1] 1 8
[1] "Fitting mean A"
[1] "Fitting variance A"
[1] "DR"
[1] 0.3020482
[1] 0.05572481
[1] "DR CI"
[1] 0.8888889
[1] 0.7777778
[1] 1 8
[1] 2 7
[1] "se comparison"
[1] 0.0631853
[1] 0.06537899
[1] 10
[1] 0.2499068
[1] 0.2761627
[1] "AdaLSE"
[1] 0.1469714
[1] 0.06969615
[1] "AdaLSE CI"
[1] 1
[1] 0.9
[1] 10
[1] 1 9
[1] "Fitting mean A"
[1] "Fitting variance A"
[1] "DR"
[1] 0.1196186
[1] 0.06008921
[1] "DR CI"
[1] 0.8
[1] 0.7
[1] 2 8
[1] 3 7
[1] "se comparison"
[1] 0.06824352
[1] 0.07423612
[1] 11
[1] 0.2499068
[1] 0.2761627
[1] "AdaLSE"
[1] 0.3564817
[1] 0.05799638
[1] "AdaLSE CI"
[1] 1
[1] 0.9090909
[1] 11
[1]  1 10
[1] "Fitting mean A"
[1] "Fitting variance A"
[1] "DR"
[1] 0.3332104
[1] 0.05437177
[1] "DR CI"
[1] 0.8181818
[1] 0.7272727
[1] 2 9
[1] 3 8
[1] "se comparison"
[1] 0.07340763
[1] 0.07612547
[1] 12
[1] 0.2499068
[1] 0.2761627
[1] "AdaLSE"
[1] 0.2891786
[1] 0.05959794
[1] "AdaLSE CI"
[1] 1
[1] 0.9166667
[1] 12
[1]  1 11
[1] "Fitting mean A"
[1] "Fitting variance A"
[1] "DR"
[1] 0.2684959
[1] 0.05202339
[1] "DR CI"
[1] 0.8333333
[1] 0.75
[1]  2 10
[1] 3 9
[1] "se comparison"
[1] 0.07080269
[1] 0.0728708
[1] 13
[1] 0.2499068
[1] 0.2761627
[1] "AdaLSE"
[1] 0.163702
[1] 0.05143827
[1] "AdaLSE CI"
[1] 1
[1] 0.8461538
[1] 13
[1]  2 11
[1] "Fitting mean A"
[1] "Fitting variance A"
[1] "DR"
[1] 0.2765734
[1] 0.05768501
[1] "DR CI"
[1] 0.8461538
[1] 0.7692308
[1]  2 11
[1]  3 10
[1] "se comparison"
[1] 0.07238676
[1] 0.0702189
[1] 14
[1] 0.2499068
[1] 0.2761627
[1] "AdaLSE"
[1] 0.268176
[1] 0.05587757
[1] "AdaLSE CI"
[1] 1
[1] 0.8571429
[1] 14
[1]  2 12
[1] "Fitting mean A"
[1] "Fitting variance A"
[1] "DR"
[1] 0.2756247
[1] 0.08422848
[1] "DR CI"
[1] 0.8571429
[1] 0.7857143
[1]  2 12
[1]  3 11
[1] "se comparison"
[1] 0.06975157
[1] 0.06780693
[1] 15
[1] 0.2499068
[1] 0.2761627
[1] "AdaLSE"
[1] 0.2935684
[1] 0.05646864
[1] "AdaLSE CI"
[1] 1
[1] 0.8666667
[1] 15
[1]  2 13
[1] "Fitting mean A"
[1] "Fitting variance A"
[1] "DR"
[1] 0.3146803
[1] 0.05832017
[1] "DR CI"
[1] 0.8666667
[1] 0.8
[1]  2 13
[1]  3 12
[1] "se comparison"
[1] 0.06816514
[1] 0.06731699
[1] 16
[1] 0.2499068
[1] 0.2761627
[1] "AdaLSE"
[1] 0.3203906
[1] 0.05939856
[1] "AdaLSE CI"
[1] 1
[1] 0.875
[1] 16
[1]  2 14
[1] "Fitting mean A"
[1] "Fitting variance A"
[1] "DR"
[1] 0.3055419
[1] 0.05335324
[1] "DR CI"
[1] 0.875
[1] 0.8125
[1]  2 14
[1]  3 13
[1] "se comparison"
[1] 0.06800231
[1] 0.06619642
[1] 17
[1] 0.2499068
[1] 0.2761627
[1] "AdaLSE"
[1] 0.1767533
[1] 0.06105557
[1] "AdaLSE CI"
[1] 1
[1] 0.8823529
[1] 17
[1]  2 15
[1] "Fitting mean A"
[1] "Fitting variance A"
[1] "DR"
[1] 0.1393293
[1] 0.06308034
[1] "DR CI"
[1] 0.8823529
[1] 0.7647059
[1]  2 15
[1]  4 13
[1] "se comparison"
[1] 0.06864522
[1] 0.07038326
[1] 18
[1] 0.2499068
[1] 0.2761627
[1] "AdaLSE"
[1] 0.2376341
[1] 0.05760078
[1] "AdaLSE CI"
[1] 1
[1] 0.8888889
[1] 18
[1]  2 16
[1] "Fitting mean A"
[1] "Fitting variance A"
[1] "DR"
[1] 0.3690586
[1] 0.9864434
[1] "DR CI"
[1] 0.8888889
[1] 0.7777778
[1]  2 16
[1]  4 14
[1] "se comparison"
[1] 0.06668272
[1] 0.07362961
[1] 19
[1] 0.2499068
[1] 0.2761627
[1] "AdaLSE"
[1] 0.3907097
[1] 0.06231105
[1] "AdaLSE CI"
[1] 0.9473684
[1] 0.8947368
[1]  1 18
[1]  2 17
[1] "Fitting mean A"
[1] "Fitting variance A"
[1] "DR"
[1] 0.3650219
[1] 0.05190834
[1] "DR CI"
[1] 0.8421053
[1] 0.7894737
[1]  3 16
[1]  4 15
[1] "se comparison"
[1] 0.0722681
[1] 0.07560022
[1] 20
[1] 0.2499068
[1] 0.2761627
[1] "AdaLSE"
[1] 0.1993495
[1] 0.05539058
[1] "AdaLSE CI"
[1] 0.95
[1] 0.9
[1]  1 19
[1]  2 18
[1] "Fitting mean A"
[1] "Fitting variance A"
[1] "DR"
[1] 0.2135883
[1] 0.08662444
[1] "DR CI"
[1] 0.85
[1] 0.8
[1]  3 17
[1]  4 16
[1] "se comparison"
[1] 0.07157839
[1] 0.07445146
[1] 21
[1] 0.2499068
[1] 0.2761627
[1] "AdaLSE"
[1] 0.3337493
[1] 0.05392205
[1] "AdaLSE CI"
[1] 0.952381
[1] 0.9047619
[1]  1 20
[1]  2 19
[1] "Fitting mean A"
[1] "Fitting variance A"
[1] "DR"
[1] 0.3666421
[1] 0.04964122
[1] "DR CI"
[1] 0.8095238
[1] 0.8095238
[1]  4 17
[1]  4 17
[1] "se comparison"
[1] 0.07181698
[1] 0.07609154
[1] 22
[1] 0.2499068
[1] 0.2761627
[1] "AdaLSE"
[1] 0.299365
[1] 0.05115315
[1] "AdaLSE CI"
[1] 0.9545455
[1] 0.9090909
[1]  1 21
[1]  2 20
[1] "Fitting mean A"
[1] "Fitting variance A"
[1] "DR"
[1] 0.2760694
[1] 0.06025265
[1] "DR CI"
[1] 0.8181818
[1] 0.8181818
[1]  4 18
[1]  4 18
[1] "se comparison"
[1] 0.0706028
[1] 0.07428442
[1] 23
[1] 0.2499068
[1] 0.2761627
[1] "AdaLSE"
[1] 0.3078787
[1] 0.06468877
[1] "AdaLSE CI"
[1] 0.9565217
[1] 0.9130435
[1]  1 22
[1]  2 21
[1] "Fitting mean A"
[1] "Fitting variance A"
[1] "DR"
[1] 0.2972776
[1] 0.06891273
[1] "DR CI"
[1] 0.826087
[1] 0.826087
[1]  4 19
[1]  4 19
[1] "se comparison"
[1] 0.06966298
[1] 0.07284775
[1] 24
[1] 0.2499068
[1] 0.2761627
[1] "AdaLSE"
[1] 0.337126
[1] 0.05971045
[1] "AdaLSE CI"
[1] 0.9583333
[1] 0.9166667
[1]  1 23
[1]  2 22
[1] "Fitting mean A"
[1] "Fitting variance A"
[1] "DR"
[1] 0.3308726
[1] 0.07456614
[1] "DR CI"
[1] 0.8333333
[1] 0.8333333
[1]  4 20
[1]  4 20
[1] "se comparison"
[1] 0.06978174
[1] 0.07237636
[1] 25
[1] 0.2499068
[1] 0.2761627
[1] "AdaLSE"
[1] 0.2461055
[1] 0.05559688
[1] "AdaLSE CI"
[1] 0.96
[1] 0.92
[1]  1 24
[1]  2 23
[1] "Fitting mean A"
[1] "Fitting variance A"
[1] "DR"
[1] 0.2430892
[1] 0.04856821
[1] "DR CI"
[1] 0.84
[1] 0.84
[1]  4 21
[1]  4 21
[1] "se comparison"
[1] 0.06843183
[1] 0.07107308
[1] 26
[1] 0.2499068
[1] 0.2761627
[1] "AdaLSE"
[1] 0.3619774
[1] 0.05331039
[1] "AdaLSE CI"
[1] 0.9230769
[1] 0.9230769
[1]  2 24
[1]  2 24
[1] "Fitting mean A"
[1] "Fitting variance A"
[1] "DR"
[1] 0.3679938
[1] 0.05049893
[1] "DR CI"
[1] 0.8076923
[1] 0.8461538
[1]  5 21
[1]  4 22
[1] "se comparison"
[1] 0.06966794
[1] 0.07224307
[1] 27
[1] 0.2499068
[1] 0.2761627
[1] "AdaLSE"
[1] 0.2881474
[1] 0.0603577
[1] "AdaLSE CI"
[1] 0.9259259
[1] 0.9259259
[1]  2 25
[1]  2 25
[1] "Fitting mean A"
[1] "Fitting variance A"
[1] "DR"
[1] 0.3177656
[1] 0.08406325
[1] "DR CI"
[1] 0.8148148
[1] 0.8518519
[1]  5 22
[1]  4 23
[1] "se comparison"
[1] 0.06841221
[1] 0.07134553
[1] 28
[1] 0.2499068
[1] 0.2761627
[1] "AdaLSE"
[1] 0.4115342
[1] 0.06222316
[1] "AdaLSE CI"
[1] 0.8928571
[1] 0.8928571
[1]  3 25
[1]  3 25
[1] "Fitting mean A"
[1] "Fitting variance A"
[1] "DR"
[1] 0.4230303
[1] 0.06210918
[1] "DR CI"
[1] 0.7857143
[1] 0.8214286
[1]  6 22
[1]  5 23
[1] "se comparison"
[1] 0.07227199
[1] 0.07536956
[1] 29
[1] 0.2499068
[1] 0.2761627
[1] "AdaLSE"
[1] 0.2490453
[1] 0.05703733
[1] "AdaLSE CI"
[1] 0.8965517
[1] 0.8965517
[1]  3 26
[1]  3 26
[1] "Fitting mean A"
[1] "Fitting variance A"
[1] "DR"
[1] 0.1889378
[1] 0.06864448
[1] "DR CI"
[1] 0.7931034
[1] 0.8275862
[1]  6 23
[1]  5 24
[1] "se comparison"
[1] 0.07113273
[1] 0.07594451
[1] 30
[1] 0.2499068
[1] 0.2761627
[1] "AdaLSE"
[1] 0.2665342
[1] 0.05741093
[1] "AdaLSE CI"
[1] 0.9
[1] 0.9
[1]  3 27
[1]  3 27
[1] "Fitting mean A"
[1] "Fitting variance A"
[1] "DR"
[1] 0.2357311
[1] 0.05803644
[1] "DR CI"
[1] 0.8
[1] 0.8333333
[1]  6 24
[1]  5 25
[1] "se comparison"
[1] 0.06990909
[1] 0.07501158
[1] 31
[1] 0.2499068
[1] 0.2761627
[1] "AdaLSE"
[1] 0.2612049
[1] 0.05649606
[1] "AdaLSE CI"
[1] 0.9032258
[1] 0.9032258
[1]  3 28
[1]  3 28
[1] "Fitting mean A"
[1] "Fitting variance A"
[1] "DR"
[1] 0.2817796
[1] 0.05175534
[1] "DR CI"
[1] 0.8064516
[1] 0.8387097
[1]  6 25
[1]  5 26
[1] "se comparison"
[1] 0.06877141
[1] 0.07375792
[1] 32
[1] 0.2499068
[1] 0.2761627
[1] "AdaLSE"
[1] 0.1652474
[1] 0.05289521
[1] "AdaLSE CI"
[1] 0.90625
[1] 0.875
[1]  3 29
[1]  4 28
[1] "Fitting mean A"
[1] "Fitting variance A"
[1] "DR"
[1] 0.2187037
[1] 0.2878352
[1] "DR CI"
[1] 0.8125
[1] 0.84375
[1]  6 26
[1]  5 27
[1] "se comparison"
[1] 0.07030342
[1] 0.07326832
[1] 33
[1] 0.2499068
[1] 0.2761627
[1] "AdaLSE"
[1] 0.3641029
[1] 0.06965286
[1] "AdaLSE CI"
[1] 0.9090909
[1] 0.8787879
[1]  3 30
[1]  4 29
[1] "Fitting mean A"
[1] "Fitting variance A"
[1] "DR"
[1] 0.3813505
[1] 0.0527631
[1] "DR CI"
[1] 0.7878788
[1] 0.8181818
[1]  7 26
[1]  6 27
[1] "se comparison"
[1] 0.07110741
[1] 0.07447642
[1] 34
[1] 0.2499068
[1] 0.2761627
[1] "AdaLSE"
[1] 0.2871441
[1] 0.06617918
[1] "AdaLSE CI"
[1] 0.9117647
[1] 0.8823529
[1]  3 31
[1]  4 30
[1] "Fitting mean A"
[1] "Fitting variance A"
[1] "DR"
[1] 0.3017053
[1] 0.07004291
[1] "DR CI"
[1] 0.7941176
[1] 0.8235294
[1]  7 27
[1]  6 28
[1] "se comparison"
[1] 0.07006443
[1] 0.0734548
[1] 35
[1] 0.2499068
[1] 0.2761627
[1] "AdaLSE"
[1] 0.2526852
[1] 0.06263898
[1] "AdaLSE CI"
[1] 0.9142857
[1] 0.8857143
[1]  3 32
[1]  4 31
[1] "Fitting mean A"
[1] "Fitting variance A"
[1] "DR"
[1] 0.2453276
[1] 0.0504333
[1] "DR CI"
[1] 0.8
[1] 0.8285714
[1]  7 28
[1]  6 29
[1] "se comparison"
[1] 0.06911431
[1] 0.07258215
[1] 36
[1] 0.2499068
[1] 0.2761627
[1] "AdaLSE"
[1] 0.2841275
[1] 0.05776965
[1] "AdaLSE CI"
[1] 0.9166667
[1] 0.8888889
[1]  3 33
[1]  4 32
[1] "Fitting mean A"
[1] "Fitting variance A"
[1] "DR"
[1] 0.2487493
[1] 0.05789401
[1] "DR CI"
[1] 0.8055556
[1] 0.8333333
[1]  7 29
[1]  6 30
[1] "se comparison"
[1] 0.06814636
[1] 0.07169758
[1] 37
[1] 0.2499068
[1] 0.2761627
[1] "AdaLSE"
[1] 0.3009029
[1] 0.05001527
[1] "AdaLSE CI"
[1] 0.9189189
[1] 0.8918919
[1]  3 34
[1]  4 33
[1] "Fitting mean A"
[1] "Fitting variance A"
[1] "DR"
[1] 0.3505624
[1] 0.05499172
[1] "DR CI"
[1] 0.8108108
[1] 0.8378378
[1]  7 30
[1]  6 31
[1] "se comparison"
[1] 0.06734926
[1] 0.07173117
[1] 38
[1] 0.2499068
[1] 0.2761627
[1] "AdaLSE"
[1] 0.2989693
[1] 0.06258841
[1] "AdaLSE CI"
[1] 0.9210526
[1] 0.8947368
[1]  3 35
[1]  4 34
[1] "Fitting mean A"
[1] "Fitting variance A"
[1] "DR"
[1] 0.2651328
[1] 0.05830814
[1] "DR CI"
[1] 0.8157895
[1] 0.8421053
[1]  7 31
[1]  6 32
[1] "se comparison"
[1] 0.0665584
[1] 0.07078919
[1] 39
[1] 0.2499068
[1] 0.2761627
[1] "AdaLSE"
[1] 0.1746463
[1] 0.06487506
[1] "AdaLSE CI"
[1] 0.9230769
[1] 0.8974359
[1]  3 36
[1]  4 35
[1] "Fitting mean A"
[1] "Fitting variance A"
[1] "DR"
[1] 0.2460507
[1] 0.05895264
[1] "DR CI"
[1] 0.8205128
[1] 0.8461538
[1]  7 32
[1]  6 33
[1] "se comparison"
[1] 0.06759316
[1] 0.07004219
[1] 40
[1] 0.2499068
[1] 0.2761627
[1] "AdaLSE"
[1] 0.2694322
[1] 0.06051954
[1] "AdaLSE CI"
[1] 0.925
[1] 0.9
[1]  3 37
[1]  4 36
[1] "Fitting mean A"
[1] "Fitting variance A"
[1] "DR"
[1] 0.2139838
[1] 0.07092544
[1] "DR CI"
[1] 0.825
[1] 0.85
[1]  7 33
[1]  6 34
[1] "se comparison"
[1] 0.06672209
[1] 0.06986339
[1] 41
[1] 0.2499068
[1] 0.2761627
[1] "AdaLSE"
[1] 0.4568497
[1] 0.06091276
[1] "AdaLSE CI"
[1] 0.902439
[1] 0.8780488
[1]  4 37
[1]  5 36
[1] "Fitting mean A"
[1] "Fitting variance A"
[1] "DR"
[1] 0.4277818
[1] 0.05703444
[1] "DR CI"
[1] 0.804878
[1] 0.8292683
[1]  8 33
[1]  7 34
[1] "se comparison"
[1] 0.07194092
[1] 0.0729493
[1] 42
[1] 0.2499068
[1] 0.2761627
[1] "AdaLSE"
[1] 0.2902786
[1] 0.06659154
[1] "AdaLSE CI"
[1] 0.9047619
[1] 0.8809524
[1]  4 38
[1]  5 37
[1] "Fitting mean A"
[1] "Fitting variance A"
[1] "DR"
[1] -0.448408
[1] 1.156918
[1] "DR CI"
[1] 0.8095238
[1] 0.8333333
[1]  8 34
[1]  7 35
[1] "se comparison"
[1] 0.07109072
[1] 0.1334559
[1] 43
[1] 0.2499068
[1] 0.2761627
[1] "AdaLSE"
[1] 0.3074536
[1] 0.05935176
[1] "AdaLSE CI"
[1] 0.9069767
[1] 0.8837209
[1]  4 39
[1]  5 38
[1] "Fitting mean A"
[1] "Fitting variance A"
[1] "DR"
[1] 0.3153637
[1] 0.05175036
[1] "DR CI"
[1] 0.8139535
[1] 0.8372093
[1]  8 35
[1]  7 36
[1] "se comparison"
[1] 0.07039598
[1] 0.132106
[1] 44
[1] 0.2499068
[1] 0.2761627
[1] "AdaLSE"
[1] 0.2627943
[1] 0.05794485
[1] "AdaLSE CI"
[1] 0.9090909
[1] 0.8863636
[1]  4 40
[1]  5 39
[1] "Fitting mean A"
[1] "Fitting variance A"
[1] "DR"
[1] 0.2750358
[1] 0.04921699
[1] "DR CI"
[1] 0.8181818
[1] 0.8409091
[1]  8 36
[1]  7 37
[1] "se comparison"
[1] 0.06960739
[1] 0.1305725
[1] 45
[1] 0.2499068
[1] 0.2761627
[1] "AdaLSE"
[1] 0.3396653
[1] 0.05179004
[1] "AdaLSE CI"
[1] 0.9111111
[1] 0.8888889
[1]  4 41
[1]  5 40
[1] "Fitting mean A"
[1] "Fitting variance A"
[1] "DR"
[1] 0.382305
[1] 0.05303158
[1] "DR CI"
[1] 0.8
[1] 0.8222222
[1]  9 36
[1]  8 37
[1] "se comparison"
[1] 0.06944191
[1] 0.1302843
[1] 46
[1] 0.2499068
[1] 0.2761627
[1] "AdaLSE"
[1] 0.2343547
[1] 0.05637327
[1] "AdaLSE CI"
[1] 0.9130435
[1] 0.8913043
[1]  4 42
[1]  5 41
[1] "Fitting mean A"
[1] "Fitting variance A"
[1] "DR"
[1] 0.232313
[1] 0.05274936
[1] "DR CI"
[1] 0.8043478
[1] 0.826087
[1]  9 37
[1]  8 38
[1] "se comparison"
[1] 0.06897307
[1] 0.1289265
[1] 47
[1] 0.2499068
[1] 0.2761627
[1] "AdaLSE"
[1] 0.2656272
[1] 0.05377681
[1] "AdaLSE CI"
[1] 0.9148936
[1] 0.893617
[1]  4 43
[1]  5 42
[1] "Fitting mean A"
[1] "Fitting variance A"
[1] "DR"
[1] 0.2694482
[1] 0.05418585
[1] "DR CI"
[1] 0.8085106
[1] 0.8297872
[1]  9 38
[1]  8 39
[1] "se comparison"
[1] 0.06824118
[1] 0.1275186
[1] 48
[1] 0.2499068
[1] 0.2761627
[1] "AdaLSE"
[1] 0.2974257
[1] 0.05460091
[1] "AdaLSE CI"
[1] 0.9166667
[1] 0.8958333
[1]  4 44
[1]  5 43
[1] "Fitting mean A"
[1] "Fitting variance A"
[1] "DR"
[1] 0.2954025
[1] 0.05058269
[1] "DR CI"
[1] 0.8125
[1] 0.8333333
[1]  9 39
[1]  8 40
[1] "se comparison"
[1] 0.06757417
[1] 0.1262274
[1] 49
[1] 0.2499068
[1] 0.2761627
[1] "AdaLSE"
[1] 0.2385546
[1] 0.05134234
[1] "AdaLSE CI"
[1] 0.9183673
[1] 0.8979592
[1]  4 45
[1]  5 44
[1] "Fitting mean A"
[1] "Fitting variance A"
[1] "DR"
[1] 0.2569694
[1] 0.05615895
[1] "DR CI"
[1] 0.8163265
[1] 0.8367347
[1]  9 40
[1]  8 41
[1] "se comparison"
[1] 0.0670995
[1] 0.1249128
[1] 50
[1] 0.2499068
[1] 0.2761627
[1] "AdaLSE"
[1] 0.2871182
[1] 0.05402281
[1] "AdaLSE CI"
[1] 0.92
[1] 0.9
[1]  4 46
[1]  5 45
[1] "Fitting mean A"
[1] "Fitting variance A"
[1] "DR"
[1] 0.2753898
[1] 0.04198405
[1] "DR CI"
[1] 0.82
[1] 0.84
[1]  9 41
[1]  8 42
[1] "se comparison"
[1] 0.06642712
[1] 0.1236385
[1] 51
[1] 0.2499068
[1] 0.2761627
[1] "AdaLSE"
[1] 0.394222
[1] 0.04998498
[1] "AdaLSE CI"
[1] 0.9019608
[1] 0.8823529
[1]  5 46
[1]  6 45
[1] "Fitting mean A"
[1] "Fitting variance A"
[1] "DR"
[1] 0.3971839
[1] 0.05064088
[1] "DR CI"
[1] 0.8039216
[1] 0.8235294
[1] 10 41
[1]  9 42
[1] "se comparison"
[1] 0.06777497
[1] 0.1237596
[1] 52
[1] 0.2499068
[1] 0.2761627
[1] "AdaLSE"
[1] 0.220812
[1] 0.0602899
[1] "AdaLSE CI"
[1] 0.9038462
[1] 0.8846154
[1]  5 47
[1]  6 46
[1] "Fitting mean A"
[1] "Fitting variance A"
[1] "DR"
[1] 0.224478
[1] 0.0757183
[1] "DR CI"
[1] 0.8076923
[1] 0.8269231
[1] 10 42
[1]  9 43
[1] "se comparison"
[1] 0.06759662
[1] 0.122695
[1] 53
[1] 0.2499068
[1] 0.2761627
[1] "AdaLSE"
[1] 0.2125615
[1] 0.06328983
[1] "AdaLSE CI"
[1] 0.9056604
[1] 0.8867925
[1]  5 48
[1]  6 47
[1] "Fitting mean A"
[1] "Fitting variance A"
[1] "DR"
[1] 0.2375368
[1] 0.058445
[1] "DR CI"
[1] 0.8113208
[1] 0.8301887
[1] 10 43
[1]  9 44
[1] "se comparison"
[1] 0.06754858
[1] 0.1215818
[1] 54
[1] 0.2499068
[1] 0.2761627
[1] "AdaLSE"
[1] 0.2824655
[1] 0.05593724
[1] "AdaLSE CI"
[1] 0.9074074
[1] 0.8888889
[1]  5 49
[1]  6 48
[1] "Fitting mean A"
[1] "Fitting variance A"
[1] "DR"
[1] 0.2592823
[1] 0.05369269
[1] "DR CI"
[1] 0.8148148
[1] 0.8333333
[1] 10 44
[1]  9 45
[1] "se comparison"
[1] 0.06691244
[1] 0.1204345
[1] 55
[1] 0.2499068
[1] 0.2761627
[1] "AdaLSE"
[1] 0.1199104
[1] 0.07611222
[1] "AdaLSE CI"
[1] 0.9090909
[1] 0.8727273
[1]  5 50
[1]  7 48
[1] "Fitting mean A"
[1] "Fitting variance A"
[1] "DR"
[1] 0.1950601
[1] 0.07250188
[1] "DR CI"
[1] 0.8181818
[1] 0.8363636
[1] 10 45
[1]  9 46
[1] "se comparison"
[1] 0.06959595
[1] 0.1197114
[1] 56
[1] 0.2499068
[1] 0.2761627
[1] "AdaLSE"
[1] 0.4036541
[1] 0.05840452
[1] "AdaLSE CI"
[1] 0.8928571
[1] 0.8571429
[1]  6 50
[1]  8 48
[1] "Fitting mean A"
[1] "Fitting variance A"
[1] "DR"
[1] 0.4285969
[1] 0.06300906
[1] "DR CI"
[1] 0.8035714
[1] 0.8214286
[1] 11 45
[1] 10 46
[1] "se comparison"
[1] 0.07109573
[1] 0.1205915
[1] 57
[1] 0.2499068
[1] 0.2761627
[1] "AdaLSE"
[1] 0.2524939
[1] 0.0537726
[1] "AdaLSE CI"
[1] 0.8947368
[1] 0.8596491
[1]  6 51
[1]  8 49
[1] "Fitting mean A"
[1] "Fitting variance A"
[1] "DR"
[1] 0.2690624
[1] 0.05940343
[1] "DR CI"
[1] 0.8070175
[1] 0.8245614
[1] 11 46
[1] 10 47
[1] "se comparison"
[1] 0.0705301
[1] 0.1195099
[1] 58
[1] 0.2499068
[1] 0.2761627
[1] "AdaLSE"
[1] 0.2466553
[1] 0.06794466
[1] "AdaLSE CI"
[1] 0.8965517
[1] 0.862069
[1]  6 52
[1]  8 50
[1] "Fitting mean A"
[1] "Fitting variance A"
[1] "DR"
[1] 0.2808685
[1] 0.07074843
[1] "DR CI"
[1] 0.8103448
[1] 0.8275862
[1] 11 47
[1] 10 48
[1] "se comparison"
[1] 0.07001572
[1] 0.1184673
[1] 59
[1] 0.2499068
[1] 0.2761627
[1] "AdaLSE"
[1] 0.09780365
[1] 0.05739327
[1] "AdaLSE CI"
[1] 0.8813559
[1] 0.8474576
[1]  7 52
[1]  9 50
[1] "Fitting mean A"
[1] "Fitting variance A"
[1] "DR"
[1] 0.1134082
[1] 0.04380645
[1] "DR CI"
[1] 0.7966102
[1] 0.8135593
[1] 12 47
[1] 11 48
[1] "se comparison"
[1] 0.07316826
[1] 0.1191784
[1] 60
[1] 0.2499068
[1] 0.2761627
[1] "AdaLSE"
[1] 0.2736093
[1] 0.05071372
[1] "AdaLSE CI"
[1] 0.8833333
[1] 0.85
[1]  7 53
[1]  9 51
[1] "Fitting mean A"
[1] "Fitting variance A"
[1] "DR"
[1] -0.1434521
[1] 0.4563436
[1] "DR CI"
[1] 0.8
[1] 0.8166667
[1] 12 48
[1] 11 49
[1] "se comparison"
[1] 0.07254566
[1] 0.1294742
[1] 61
[1] 0.2499068
[1] 0.2761627
[1] "AdaLSE"
[1] 0.2606783
[1] 0.06409738
[1] "AdaLSE CI"
[1] 0.8852459
[1] 0.852459
[1]  7 54
[1]  9 52
[1] "Fitting mean A"
[1] "Fitting variance A"
[1] "DR"
[1] 0.2467787
[1] 0.05338206
[1] "DR CI"
[1] 0.8032787
[1] 0.8196721
[1] 12 49
[1] 11 50
[1] "se comparison"
[1] 0.07195483
[1] 0.1284013
[1] 62
[1] 0.2499068
[1] 0.2761627
[1] "AdaLSE"
[1] 0.2882077
[1] 0.06182617
[1] "AdaLSE CI"
[1] 0.8870968
[1] 0.8548387
[1]  7 55
[1]  9 53
[1] "Fitting mean A"
[1] "Fitting variance A"
[1] "DR"
[1] 0.2737623
[1] 0.05532583
[1] "DR CI"
[1] 0.8064516
[1] 0.8225806
[1] 12 50
[1] 11 51
[1] "se comparison"
[1] 0.07139073
[1] 0.1273574
[1] 63
[1] 0.2499068
[1] 0.2761627
[1] "AdaLSE"
[1] 0.261288
[1] 0.0556496
[1] "AdaLSE CI"
[1] 0.8888889
[1] 0.8571429
[1]  7 56
[1]  9 54
[1] "Fitting mean A"
[1] "Fitting variance A"
[1] "DR"
[1] 0.2347616
[1] 0.05106588
[1] "DR CI"
[1] 0.8095238
[1] 0.8253968
[1] 12 51
[1] 11 52
[1] "se comparison"
[1] 0.07082721
[1] 0.1263652
[1] 64
[1] 0.2499068
[1] 0.2761627
[1] "AdaLSE"
[1] 0.2480684
[1] 0.06646938
[1] "AdaLSE CI"
[1] 0.890625
[1] 0.859375
[1]  7 57
[1]  9 55
[1] "Fitting mean A"
[1] "Fitting variance A"
[1] "DR"
[1] 0.2461062
[1] 0.05865376
[1] "DR CI"
[1] 0.8125
[1] 0.828125
[1] 12 52
[1] 11 53
[1] "se comparison"
[1] 0.07032918
[1] 0.1253691
[1] 65
[1] 0.2499068
[1] 0.2761627
[1] "AdaLSE"
[1] 0.4833593
[1] 0.05498074
[1] "AdaLSE CI"
[1] 0.8769231
[1] 0.8461538
[1]  8 57
[1] 10 55
[1] "Fitting mean A"
[1] "Fitting variance A"
[1] "DR"
[1] 0.5723657
[1] 0.4259685
[1] "DR CI"
[1] 0.8153846
[1] 0.8307692
[1] 12 53
[1] 11 54
[1] "se comparison"
[1] 0.07453459
[1] 0.1303145
[1] 66
[1] 0.2499068
[1] 0.2761627
[1] "AdaLSE"
[1] 0.2734463
[1] 0.05580247
[1] "AdaLSE CI"
[1] 0.8787879
[1] 0.8484848
[1]  8 58
[1] 10 56
[1] "Fitting mean A"
[1] "Fitting variance A"
[1] "DR"
[1] 0.5438105
[1] 0.3125775
[1] "DR CI"
[1] 0.8181818
[1] 0.8333333
[1] 12 54
[1] 11 55
[1] "se comparison"
[1] 0.0739594
[1] 0.1338201
[1] 67
[1] 0.2499068
[1] 0.2761627
[1] "AdaLSE"
[1] 0.395591
[1] 0.0669277
[1] "AdaLSE CI"
[1] 0.8656716
[1] 0.8507463
[1]  9 58
[1] 10 57
[1] "Fitting mean A"
[1] "Fitting variance A"
[1] "DR"
[1] 0.3925682
[1] 0.06170362
[1] "DR CI"
[1] 0.8059701
[1] 0.8358209
[1] 13 54
[1] 11 56
[1] "se comparison"
[1] 0.07485278
[1] 0.1336697
[1] 68
[1] 0.2499068
[1] 0.2761627
[1] "AdaLSE"
[1] 0.3453699
[1] 0.05621961
[1] "AdaLSE CI"
[1] 0.8676471
[1] 0.8529412
[1]  9 59
[1] 10 58
[1] "Fitting mean A"
[1] "Fitting variance A"
[1] "DR"
[1] 0.3361957
[1] 0.048932
[1] "DR CI"
[1] 0.8088235
[1] 0.8382353
[1] 13 55
[1] 11 57
[1] "se comparison"
[1] 0.07475148
[1] 0.1329112
[1] 69
[1] 0.2499068
[1] 0.2761627
[1] "AdaLSE"
[1] 0.214302
[1] 0.05116063
[1] "AdaLSE CI"
[1] 0.8695652
[1] 0.8550725
[1]  9 60
[1] 10 59
[1] "Fitting mean A"
[1] "Fitting variance A"
[1] "DR"
[1] 0.2184586
[1] 0.0472294
[1] "DR CI"
[1] 0.8115942
[1] 0.8405797
[1] 13 56
[1] 11 58
[1] "se comparison"
[1] 0.07459671
[1] 0.1320816
[1] 70
[1] 0.2499068
[1] 0.2761627
[1] "AdaLSE"
[1] 0.3281593
[1] 0.0634733
[1] "AdaLSE CI"
[1] 0.8714286
[1] 0.8571429
[1]  9 61
[1] 10 60
[1] "Fitting mean A"
[1] "Fitting variance A"
[1] "DR"
[1] 0.3205728
[1] 0.06514088
[1] "DR CI"
[1] 0.8142857
[1] 0.8428571
[1] 13 57
[1] 11 59
[1] "se comparison"
[1] 0.07430411
[1] 0.1312591
[1] 71
[1] 0.2499068
[1] 0.2761627
[1] "AdaLSE"
[1] 0.235009
[1] 0.05833443
[1] "AdaLSE CI"
[1] 0.8732394
[1] 0.8591549
[1]  9 62
[1] 10 61
[1] "Fitting mean A"
[1] "Fitting variance A"
[1] "DR"
[1] -0.6279116
[1] 1.029541
[1] "DR CI"
[1] 0.8169014
[1] 0.8450704
[1] 13 58
[1] 11 60
[1] "se comparison"
[1] 0.0739472
[1] 0.1684094
[1] 72
[1] 0.2499068
[1] 0.2761627
[1] "AdaLSE"
[1] 0.2989226
[1] 0.05317165
[1] "AdaLSE CI"
[1] 0.875
[1] 0.8611111
[1]  9 63
[1] 10 62
[1] "Fitting mean A"
[1] "Fitting variance A"
[1] "DR"
[1] 0.2918759
[1] 0.04870397
[1] "DR CI"
[1] 0.8194444
[1] 0.8472222
[1] 13 59
[1] 11 61
[1] "se comparison"
[1] 0.07346865
[1] 0.1672661
[1] 73
[1] 0.2499068
[1] 0.2761627
[1] "AdaLSE"
[1] 0.3036895
[1] 0.05661775
[1] "AdaLSE CI"
[1] 0.8767123
[1] 0.8630137
[1]  9 64
[1] 10 63
[1] "Fitting mean A"
[1] "Fitting variance A"
[1] "DR"
[1] 0.3396798
[1] 0.0597078
[1] "DR CI"
[1] 0.8219178
[1] 0.8493151
[1] 13 60
[1] 11 62
[1] "se comparison"
[1] 0.07302036
[1] 0.1663705
[1] 74
[1] 0.2499068
[1] 0.2761627
[1] "AdaLSE"
[1] 0.2211495
[1] 0.04836051
[1] "AdaLSE CI"
[1] 0.8783784
[1] 0.8648649
[1]  9 65
[1] 10 64
[1] "Fitting mean A"
[1] "Fitting variance A"
[1] "DR"
[1] 0.2259483
[1] 0.04317659
[1] "DR CI"
[1] 0.8243243
[1] 0.8513514
[1] 13 61
[1] 11 63
[1] "se comparison"
[1] 0.07281894
[1] 0.165274
[1] 75
[1] 0.2499068
[1] 0.2761627
[1] "AdaLSE"
[1] 0.2619421
[1] 0.06907053
[1] "AdaLSE CI"
[1] 0.88
[1] 0.8666667
[1]  9 66
[1] 10 65
[1] "Fitting mean A"
[1] "Fitting variance A"
[1] "DR"
[1] 0.2151738
[1] 0.069161
[1] "DR CI"
[1] 0.8266667
[1] 0.8533333
[1] 13 62
[1] 11 64
[1] "se comparison"
[1] 0.07234677
[1] 0.1642328
[1] 76
[1] 0.2499068
[1] 0.2761627
[1] "AdaLSE"
[1] 0.3477101
[1] 0.05227077
[1] "AdaLSE CI"
[1] 0.8815789
[1] 0.8684211
[1]  9 67
[1] 10 66
[1] "Fitting mean A"
[1] "Fitting variance A"
[1] "DR"
[1] 0.387655
[1] 0.05035344
[1] "DR CI"
[1] 0.8157895
[1] 0.8421053
[1] 14 62
[1] 12 64
[1] "se comparison"
[1] 0.07231885
[1] 0.1638026
[1] 77
[1] 0.2499068
[1] 0.2761627
[1] "AdaLSE"
[1] 0.2717575
[1] 0.05347248
[1] "AdaLSE CI"
[1] 0.8831169
[1] 0.8701299
[1]  9 68
[1] 10 67
[1] "Fitting mean A"
[1] "Fitting variance A"
[1] "DR"
[1] 0.2709251
[1] 0.04690465
[1] "DR CI"
[1] 0.8181818
[1] 0.8441558
[1] 14 63
[1] 12 65
[1] "se comparison"
[1] 0.07184496
[1] 0.1627257
[1] 78
[1] 0.2499068
[1] 0.2761627
[1] "AdaLSE"
[1] 0.2921323
[1] 0.05726861
[1] "AdaLSE CI"
[1] 0.8846154
[1] 0.8717949
[1]  9 69
[1] 10 68
[1] "Fitting mean A"
[1] "Fitting variance A"
[1] "DR"
[1] 0.2658428
[1] 0.05660864
[1] "DR CI"
[1] 0.8205128
[1] 0.8461538
[1] 14 64
[1] 12 66
[1] "se comparison"
[1] 0.07139518
[1] 0.1616667
[1] 79
[1] 0.2499068
[1] 0.2761627
[1] "AdaLSE"
[1] 0.2082802
[1] 0.05362413
[1] "AdaLSE CI"
[1] 0.8860759
[1] 0.8734177
[1]  9 70
[1] 10 69
[1] "Fitting mean A"
[1] "Fitting variance A"
[1] "DR"
[1] 0.2067082
[1] 0.06198525
[1] "DR CI"
[1] 0.8227848
[1] 0.8481013
[1] 14 65
[1] 12 67
[1] "se comparison"
[1] 0.07136909
[1] 0.1607418
[1] 80
[1] 0.2499068
[1] 0.2761627
[1] "AdaLSE"
[1] 0.2193214
[1] 0.05160388
[1] "AdaLSE CI"
[1] 0.8875
[1] 0.875
[1]  9 71
[1] 10 70
[1] "Fitting mean A"
[1] "Fitting variance A"
[1] "DR"
[1] 0.1879824
[1] 0.04869635
[1] "DR CI"
[1] 0.825
[1] 0.85
[1] 14 66
[1] 12 68
[1] "se comparison"
[1] 0.07121027
[1] 0.159924
[1] 81
[1] 0.2499068
[1] 0.2761627
[1] "AdaLSE"
[1] 0.2136149
[1] 0.05652741
[1] "AdaLSE CI"
[1] 0.8888889
[1] 0.8765432
[1]  9 72
[1] 10 71
[1] "Fitting mean A"
[1] "Fitting variance A"
[1] "DR"
[1] 0.1982389
[1] 0.06176626
[1] "DR CI"
[1] 0.8271605
[1] 0.8518519
[1] 14 67
[1] 12 69
[1] "se comparison"
[1] 0.07110736
[1] 0.1590652
[1] 82
[1] 0.2499068
[1] 0.2761627
[1] "AdaLSE"
[1] 0.3129642
[1] 0.05066692
[1] "AdaLSE CI"
[1] 0.8902439
[1] 0.8780488
[1]  9 73
[1] 10 72
[1] "Fitting mean A"
[1] "Fitting variance A"
[1] "DR"
[1] 0.3432534
[1] 0.06052186
[1] "DR CI"
[1] 0.8292683
[1] 0.8536585
[1] 14 68
[1] 12 70
[1] "se comparison"
[1] 0.07078696
[1] 0.158358
[1] 83
[1] 0.2499068
[1] 0.2761627
[1] "AdaLSE"
[1] 0.3835209
[1] 0.05084259
[1] "AdaLSE CI"
[1] 0.8795181
[1] 0.8674699
[1] 10 73
[1] 11 72
[1] "Fitting mean A"
[1] "Fitting variance A"
[1] "DR"
[1] 0.9550339
[1] 1.893939
[1] "DR CI"
[1] 0.8313253
[1] 0.8554217
[1] 14 69
[1] 12 71
[1] "se comparison"
[1] 0.07133474
[1] 0.1749338
[1] 84
[1] 0.2499068
[1] 0.2761627
[1] "AdaLSE"
[1] 0.156732
[1] 0.05332785
[1] "AdaLSE CI"
[1] 0.8809524
[1] 0.8571429
[1] 10 74
[1] 12 72
[1] "Fitting mean A"
[1] "Fitting variance A"
[1] "DR"
[1] 0.1554646
[1] 0.04952313
[1] "DR CI"
[1] 0.8333333
[1] 0.8452381
[1] 14 70
[1] 13 71
[1] "se comparison"
[1] 0.07211614
[1] 0.174308
[1] 85
[1] 0.2499068
[1] 0.2761627
[1] "AdaLSE"
[1] 0.4680677
[1] 0.06880729
[1] "AdaLSE CI"
[1] 0.8705882
[1] 0.8470588
[1] 11 74
[1] 13 72
[1] "Fitting mean A"
[1] "Fitting variance A"
[1] "DR"
[1] 0.442405
[1] 0.069551
[1] "DR CI"
[1] 0.8235294
[1] 0.8352941
[1] 15 70
[1] 14 71
[1] "se comparison"
[1] 0.07465184
[1] 0.1743155
[1] 86
[1] 0.2499068
[1] 0.2761627
[1] "AdaLSE"
[1] 0.3355661
[1] 0.05564844
[1] "AdaLSE CI"
[1] 0.872093
[1] 0.8488372
[1] 11 75
[1] 13 73
[1] "Fitting mean A"
[1] "Fitting variance A"
[1] "DR"
[1] 0.3377478
[1] 0.0501778
[1] "DR CI"
[1] 0.8255814
[1] 0.8372093
[1] 15 71
[1] 14 72
[1] "se comparison"
[1] 0.07446839
[1] 0.1734479
[1] 87
[1] 0.2499068
[1] 0.2761627
[1] "AdaLSE"
[1] 0.2529179
[1] 0.05833188
[1] "AdaLSE CI"
[1] 0.8735632
[1] 0.8505747
[1] 11 76
[1] 13 74
[1] "Fitting mean A"
[1] "Fitting variance A"
[1] "DR"
[1] 0.2252537
[1] 0.0533304
[1] "DR CI"
[1] 0.8275862
[1] 0.8390805
[1] 15 72
[1] 14 73
[1] "se comparison"
[1] 0.0740866
[1] 0.1725012
[1] 88
[1] 0.2499068
[1] 0.2761627
[1] "AdaLSE"
[1] 0.2542999
[1] 0.05645186
[1] "AdaLSE CI"
[1] 0.875
[1] 0.8522727
[1] 11 77
[1] 13 75
[1] "Fitting mean A"
[1] "Fitting variance A"
[1] "DR"
[1] 0.2538684
[1] 0.05976481
[1] "DR CI"
[1] 0.8295455
[1] 0.8409091
[1] 15 73
[1] 14 74
[1] "se comparison"
[1] 0.07370516
[1] 0.1715143
[1] 89
[1] 0.2499068
[1] 0.2761627
[1] "AdaLSE"
[1] 0.362667
[1] 0.05066223
[1] "AdaLSE CI"
[1] 0.8651685
[1] 0.8539326
[1] 12 77
[1] 13 76
[1] "Fitting mean A"
[1] "Fitting variance A"
[1] "DR"
[1] 0.340941
[1] 0.04990574
[1] "DR CI"
[1] 0.8314607
[1] 0.8426966
[1] 15 74
[1] 14 75
[1] "se comparison"
[1] 0.07382836
[1] 0.1707092
[1] 90
[1] 0.2499068
[1] 0.2761627
[1] "AdaLSE"
[1] 0.2898842
[1] 0.05486471
[1] "AdaLSE CI"
[1] 0.8666667
[1] 0.8555556
[1] 12 78
[1] 13 77
[1] "Fitting mean A"
[1] "Fitting variance A"
[1] "DR"
[1] 0.407179
[1] 0.1846544
[1] "DR CI"
[1] 0.8333333
[1] 0.8444444
[1] 15 75
[1] 14 76
[1] "se comparison"
[1] 0.07342093
[1] 0.1703672
[1] 91
[1] 0.2499068
[1] 0.2761627
[1] "AdaLSE"
[1] 0.1910489
[1] 0.05835225
[1] "AdaLSE CI"
[1] 0.8681319
[1] 0.8571429
[1] 12 79
[1] 13 78
[1] "Fitting mean A"
[1] "Fitting variance A"
[1] "DR"
[1] 0.1499324
[1] 0.0565897
[1] "DR CI"
[1] 0.8351648
[1] 0.8351648
[1] 15 76
[1] 15 76
[1] "se comparison"
[1] 0.07359699
[1] 0.1698925
[1] 92
[1] 0.2499068
[1] 0.2761627
[1] "AdaLSE"
[1] 0.2129485
[1] 0.05657065
[1] "AdaLSE CI"
[1] 0.8695652
[1] 0.8586957
[1] 12 80
[1] 13 79
[1] "Fitting mean A"
[1] "Fitting variance A"
[1] "DR"
[1] 0.209656
[1] 0.05284201
[1] "DR CI"
[1] 0.8369565
[1] 0.8369565
[1] 15 77
[1] 15 77
[1] "se comparison"
[1] 0.07350919
[1] 0.1690722
[1] 93
[1] 0.2499068
[1] 0.2761627
[1] "AdaLSE"
[1] 0.2931191
[1] 0.0537627
[1] "AdaLSE CI"
[1] 0.8709677
[1] 0.8602151
[1] 12 81
[1] 13 80
[1] "Fitting mean A"
[1] "Fitting variance A"
[1] "DR"
[1] 0.8057265
[1] 0.3074994
[1] "DR CI"
[1] 0.8387097
[1] 0.8387097
[1] 15 78
[1] 15 78
[1] "se comparison"
[1] 0.07312603
[1] 0.1771225
[1] 94
[1] 0.2499068
[1] 0.2761627
[1] "AdaLSE"
[1] 0.3355958
[1] 0.06004998
[1] "AdaLSE CI"
[1] 0.8723404
[1] 0.8617021
[1] 12 82
[1] 13 81
[1] "Fitting mean A"
[1] "Fitting variance A"
[1] "DR"
[1] -1.649896
[1] 1.222594
[1] "DR CI"
[1] 0.8404255
[1] 0.8404255
[1] 15 79
[1] 15 79
[1] "se comparison"
[1] 0.072975
[1] 0.2654104
[1] 95
[1] 0.2499068
[1] 0.2761627
[1] "AdaLSE"
[1] 0.2725861
[1] 0.05422182
[1] "AdaLSE CI"
[1] 0.8736842
[1] 0.8631579
[1] 12 83
[1] 13 82
[1] "Fitting mean A"
[1] "Fitting variance A"
[1] "DR"
[1] 0.2816865
[1] 0.05398576
[1] "DR CI"
[1] 0.8421053
[1] 0.8421053
[1] 15 80
[1] 15 80
[1] "se comparison"
[1] 0.07258833
[1] 0.2640098
[1] 96
[1] 0.2499068
[1] 0.2761627
[1] "AdaLSE"
[1] 0.2813086
[1] 0.05501338
[1] "AdaLSE CI"
[1] 0.875
[1] 0.8645833
[1] 12 84
[1] 13 83
[1] "Fitting mean A"
[1] "Fitting variance A"
[1] "DR"
[1] 0.29222
[1] 0.05916221
[1] "DR CI"
[1] 0.84375
[1] 0.84375
[1] 15 81
[1] 15 81
[1] "se comparison"
[1] 0.07220587
[1] 0.2626447
[1] 97
[1] 0.2499068
[1] 0.2761627
[1] "AdaLSE"
[1] 0.3736806
[1] 0.05642226
[1] "AdaLSE CI"
[1] 0.8659794
[1] 0.8659794
[1] 13 84
[1] 13 84
[1] "Fitting mean A"
[1] "Fitting variance A"
[1] "DR"
[1] 0.3918077
[1] 0.06878597
[1] "DR CI"
[1] 0.8350515
[1] 0.8453608
[1] 16 81
[1] 15 82
[1] "se comparison"
[1] 0.0724765
[1] 0.2616424
[1] 98
[1] 0.2499068
[1] 0.2761627
[1] "AdaLSE"
[1] 0.2625907
[1] 0.05934348
[1] "AdaLSE CI"
[1] 0.8673469
[1] 0.8673469
[1] 13 85
[1] 13 85
[1] "Fitting mean A"
[1] "Fitting variance A"
[1] "DR"
[1] 0.2699916
[1] 0.0637356
[1] "DR CI"
[1] 0.8367347
[1] 0.8469388
[1] 16 82
[1] 15 83
[1] "se comparison"
[1] 0.07212204
[1] 0.2602938
[1] 99
[1] 0.2499068
[1] 0.2761627
[1] "AdaLSE"
[1] 0.3876896
[1] 0.0574226
[1] "AdaLSE CI"
[1] 0.8585859
[1] 0.8686869
[1] 14 85
[1] 13 86
[1] "Fitting mean A"
[1] "Fitting variance A"
[1] "DR"
[1] 0.3720353
[1] 0.0526649
[1] "DR CI"
[1] 0.8282828
[1] 0.8484848
[1] 17 82
[1] 15 84
[1] "se comparison"
[1] 0.07257573
[1] 0.2592225
[1] 100
[1] 0.2499068
[1] 0.2761627
[1] "AdaLSE"
[1] 0.3028697
[1] 0.05073633
[1] "AdaLSE CI"
[1] 0.86
[1] 0.87
[1] 14 86
[1] 13 87
[1] "Fitting mean A"
[1] "Fitting variance A"
[1] "DR"
[1] 0.3043353
[1] 0.05027074
[1] "DR CI"
[1] 0.83
[1] 0.85
[1] 17 83
[1] 15 85
[1] "se comparison"
[1] 0.0722433
[1] 0.2579522
