LOADING R
R LOADED
[1] "/home/lvanderl/Rlibs2"                         
[2] "/app/software/R/4.3.1-gfbf-2022b/lib/R/library"
[1] "/home/lvanderl/sieveSims"
[1] "iter: 1"
[1] "mu"
[1] "done_mu"
[1] "pi"
predictions 
  0.2213858 
[1] "mu"
[1] "done_mu"
[1] "pi"
predictions 
  0.2207711 
[1] "mu"
[1] "done_mu"
[1] "pi"
Lrnr_xgboost_100_1_12.5992104989487_1_0.15 
                                 0.2189970 
 Lrnr_xgboost_30_1_12.5992104989487_2_0.15 
                                 0.2190900 
 Lrnr_xgboost_30_1_12.5992104989487_3_0.15 
                                 0.2198300 
 Lrnr_xgboost_30_1_12.5992104989487_4_0.15 
                                 0.2223846 
 Lrnr_xgboost_30_1_12.5992104989487_5_0.15 
                                 0.2231676 
[1] "mu"
[1] "done_mu"
[1] "pi"
NULL
[1] "earth"
