LOADING R
R LOADED
[1] "/home/lvanderl/Rlibs2"                         
[2] "/app/software/R/4.2.2-foss-2021b/lib/R/library"
[1] "/home/lvanderl/sieveSims"
[1] 1
[1] 0.8270549
[1] 0.8345481
[1] "AdaLSE"
[1] 0.8275644
[1] 0.03173647
[1] "AdaLSE CI"
[1] 1
[1] 1
[1] 1
[1] 1
[1] "Fitting mean A"
[1] "Fitting variance A"
[1] "DR"
[1] 0.8243186
[1] 0.03018375
[1] "DR CI"
[1] 1
[1] 1
[1] 1
[1] 1
[1] "se comparison"
[1] NA
[1] NA
[1] 2
[1] 0.8270549
[1] 0.8345481
[1] "AdaLSE"
[1] 0.8540828
[1] 0.03234195
[1] "AdaLSE CI"
[1] 1
[1] 1
[1] 2
[1] 2
[1] "Fitting mean A"
[1] "Fitting variance A"
[1] "DR"
[1] 0.8448956
[1] 0.03021184
[1] "DR CI"
[1] 1
[1] 1
[1] 2
[1] 2
[1] "se comparison"
[1] 0.01875133
[1] 0.01455014
[1] 3
[1] 0.8270549
[1] 0.8345481
[1] "AdaLSE"
[1] 0.8400045
[1] 0.02875877
[1] "AdaLSE CI"
[1] 1
[1] 1
[1] 3
[1] 3
[1] "Fitting mean A"
[1] "Fitting variance A"
[1] "DR"
[1] 0.8384711
[1] 0.02699886
[1] "DR CI"
[1] 1
[1] 1
[1] 3
[1] 3
[1] "se comparison"
[1] 0.01326762
[1] 0.0105276
[1] 4
[1] 0.8270549
[1] 0.8345481
[1] "AdaLSE"
[1] 0.7973111
[1] 0.03102033
[1] "AdaLSE CI"
[1] 1
[1] 1
[1] 4
[1] 4
[1] "Fitting mean A"
[1] "Fitting variance A"
[1] "DR"
[1] 0.7908125
[1] 0.02952444
[1] "DR CI"
[1] 1
[1] 1
[1] 4
[1] 4
[1] "se comparison"
[1] 0.02418193
[1] 0.02412459
[1] 5
[1] 0.8270549
[1] 0.8345481
[1] "AdaLSE"
[1] 0.8389887
[1] 0.03019585
[1] "AdaLSE CI"
[1] 1
[1] 1
[1] 5
[1] 5
[1] "Fitting mean A"
[1] "Fitting variance A"
[1] "DR"
[1] 0.832205
[1] 0.02824691
[1] "DR CI"
[1] 1
[1] 1
[1] 5
[1] 5
[1] "se comparison"
[1] 0.02134665
[1] 0.02116577
[1] 6
[1] 0.8270549
[1] 0.8345481
[1] "AdaLSE"
[1] 0.8633557
[1] 0.02975668
[1] "AdaLSE CI"
[1] 1
[1] 1
[1] 6
[1] 6
[1] "Fitting mean A"
[1] "Fitting variance A"
[1] "DR"
[1] 0.863001
[1] 0.02845783
[1] "DR CI"
[1] 1
[1] 1
[1] 6
[1] 6
[1] "se comparison"
[1] 0.02308066
[1] 0.02418348
[1] 7
[1] 0.8270549
[1] 0.8345481
[1] "AdaLSE"
[1] 0.8543119
[1] 0.030914
[1] "AdaLSE CI"
[1] 1
[1] 1
[1] 7
[1] 7
[1] "Fitting mean A"
[1] "Fitting variance A"
[1] "DR"
[1] 0.8507479
[1] 0.02769457
[1] "DR CI"
[1] 1
[1] 1
[1] 7
[1] 7
[1] "se comparison"
[1] 0.02207529
[1] 0.02315318
[1] 8
[1] 0.8270549
[1] 0.8345481
[1] "AdaLSE"
[1] 0.7841677
[1] 0.03259313
[1] "AdaLSE CI"
[1] 1
[1] 1
[1] 8
[1] 8
[1] "Fitting mean A"
[1] "Fitting variance A"
[1] "DR"
[1] 0.7846547
[1] 0.0307473
[1] "DR CI"
[1] 1
[1] 1
[1] 8
[1] 8
[1] "se comparison"
[1] 0.02826075
[1] 0.02784483
[1] 9
[1] 0.8270549
[1] 0.8345481
[1] "AdaLSE"
[1] 0.8357515
[1] 0.03044984
[1] "AdaLSE CI"
[1] 1
[1] 1
[1] 9
[1] 9
[1] "Fitting mean A"
[1] "Fitting variance A"
[1] "DR"
[1] 0.8311407
[1] 0.02893238
[1] "DR CI"
[1] 1
[1] 1
[1] 9
[1] 9
[1] "se comparison"
[1] 0.02645809
[1] 0.0260598
[1] 10
[1] 0.8270549
[1] 0.8345481
[1] "AdaLSE"
[1] 0.8483336
[1] 0.03212285
[1] "AdaLSE CI"
[1] 1
[1] 1
[1] 10
[1] 10
[1] "Fitting mean A"
[1] "Fitting variance A"
[1] "DR"
[1] 0.8421138
[1] 0.02966672
[1] "DR CI"
[1] 1
[1] 1
[1] 10
[1] 10
[1] "se comparison"
[1] 0.02542168
[1] 0.02492135
[1] 11
[1] 0.8270549
[1] 0.8345481
[1] "AdaLSE"
[1] 0.8555053
[1] 0.03125133
[1] "AdaLSE CI"
[1] 1
[1] 1
[1] 11
[1] 11
[1] "Fitting mean A"
[1] "Fitting variance A"
[1] "DR"
[1] 0.8481276
[1] 0.02889516
[1] "DR CI"
[1] 1
[1] 1
[1] 11
[1] 11
[1] "se comparison"
[1] 0.02494351
[1] 0.02425009
[1] 12
[1] 0.8270549
[1] 0.8345481
[1] "AdaLSE"
[1] 0.8381762
[1] 0.02962895
[1] "AdaLSE CI"
[1] 1
[1] 1
[1] 12
[1] 12
[1] "Fitting mean A"
[1] "Fitting variance A"
[1] "DR"
[1] 0.8338687
[1] 0.02769295
[1] "DR CI"
[1] 1
[1] 1
[1] 12
[1] 12
[1] "se comparison"
[1] 0.02378883
[1] 0.0231288
[1] 13
[1] 0.8270549
[1] 0.8345481
[1] "AdaLSE"
[1] 0.8387206
[1] 0.03056702
[1] "AdaLSE CI"
[1] 1
[1] 1
[1] 13
[1] 13
[1] "Fitting mean A"
[1] "Fitting variance A"
[1] "DR"
[1] 0.8338266
[1] 0.0289912
[1] "DR CI"
[1] 1
[1] 1
[1] 13
[1] 13
[1] "se comparison"
[1] 0.02278467
[1] 0.02214975
[1] 14
[1] 0.8270549
[1] 0.8345481
[1] "AdaLSE"
[1] 0.8401032
[1] 0.02632394
[1] "AdaLSE CI"
[1] 1
[1] 1
[1] 14
[1] 14
[1] "Fitting mean A"
[1] "Fitting variance A"
[1] "DR"
[1] 0.8371263
[1] 0.02505765
[1] "DR CI"
[1] 1
[1] 1
[1] 14
[1] 14
[1] "se comparison"
[1] 0.02191041
[1] 0.02132201
[1] 15
[1] 0.8270549
[1] 0.8345481
[1] "AdaLSE"
[1] 0.8398705
[1] 0.0328603
[1] "AdaLSE CI"
[1] 1
[1] 1
[1] 15
[1] 15
[1] "Fitting mean A"
[1] "Fitting variance A"
[1] "DR"
[1] 0.8330797
[1] 0.02924411
[1] "DR CI"
[1] 1
[1] 1
[1] 15
[1] 15
[1] "se comparison"
[1] 0.02112747
[1] 0.02054691
[1] 16
[1] 0.8270549
[1] 0.8345481
[1] "AdaLSE"
[1] 0.7911533
[1] 0.03244149
[1] "AdaLSE CI"
[1] 1
[1] 1
[1] 16
[1] 16
[1] "Fitting mean A"
[1] "Fitting variance A"
[1] "DR"
[1] 0.7901097
[1] 0.03060297
[1] "DR CI"
[1] 1
[1] 1
[1] 16
[1] 16
[1] "se comparison"
[1] 0.0234192
[1] 0.02250896
[1] 17
[1] 0.8270549
[1] 0.8345481
[1] "AdaLSE"
[1] 0.8929231
[1] 0.02881427
[1] "AdaLSE CI"
[1] 0.9411765
[1] 0.9411765
[1]  1 16
[1]  1 16
[1] "Fitting mean A"
[1] "Fitting variance A"
[1] "DR"
[1] 0.8881639
[1] 0.02703587
[1] "DR CI"
[1] 0.9411765
[1] 0.9411765
[1]  1 16
[1]  1 16
[1] "se comparison"
[1] 0.02677575
[1] 0.02597368
[1] 18
[1] 0.8270549
[1] 0.8345481
[1] "AdaLSE"
[1] 0.8100746
[1] 0.03433528
[1] "AdaLSE CI"
[1] 0.9444444
[1] 0.9444444
[1]  1 17
[1]  1 17
[1] "Fitting mean A"
[1] "Fitting variance A"
[1] "DR"
[1] 0.7983857
[1] 0.03197725
[1] "DR CI"
[1] 0.9444444
[1] 0.9444444
[1]  1 17
[1]  1 17
[1] "se comparison"
[1] 0.02677801
[1] 0.02651036
[1] 19
[1] 0.8270549
[1] 0.8345481
[1] "AdaLSE"
[1] 0.8336461
[1] 0.02974623
[1] "AdaLSE CI"
[1] 0.9473684
[1] 0.9473684
[1]  1 18
[1]  1 18
[1] "Fitting mean A"
[1] "Fitting variance A"
[1] "DR"
[1] 0.8217729
[1] 0.02731815
[1] "DR CI"
[1] 0.9473684
[1] 0.9473684
[1]  1 18
[1]  1 18
[1] "se comparison"
[1] 0.0260298
[1] 0.02585777
[1] 20
[1] 0.8270549
[1] 0.8345481
[1] "AdaLSE"
[1] 0.851927
[1] 0.03412689
[1] "AdaLSE CI"
[1] 0.95
[1] 0.95
[1]  1 19
[1]  1 19
[1] "Fitting mean A"
[1] "Fitting variance A"
[1] "DR"
[1] 0.8483171
[1] 0.03039876
[1] "DR CI"
[1] 0.95
[1] 0.95
[1]  1 19
[1]  1 19
[1] "se comparison"
[1] 0.02558456
[1] 0.02546815
[1] 21
[1] 0.8270549
[1] 0.8345481
[1] "AdaLSE"
[1] 0.7887594
[1] 0.03060829
[1] "AdaLSE CI"
[1] 0.952381
[1] 0.952381
[1]  1 20
[1]  1 20
[1] "Fitting mean A"
[1] "Fitting variance A"
[1] "DR"
[1] 0.7807112
[1] 0.02814989
[1] "DR CI"
[1] 0.952381
[1] 0.952381
[1]  1 20
[1]  1 20
[1] "se comparison"
[1] 0.0270506
[1] 0.02720799
[1] 22
[1] 0.8270549
[1] 0.8345481
[1] "AdaLSE"
[1] 0.8266754
[1] 0.03072716
[1] "AdaLSE CI"
[1] 0.9545455
[1] 0.9545455
[1]  1 21
[1]  1 21
[1] "Fitting mean A"
[1] "Fitting variance A"
[1] "DR"
[1] 0.8181254
[1] 0.02917938
[1] "DR CI"
[1] 0.9545455
[1] 0.9545455
[1]  1 21
[1]  1 21
[1] "se comparison"
[1] 0.02645149
[1] 0.02665945
[1] 23
[1] 0.8270549
[1] 0.8345481
[1] "AdaLSE"
[1] 0.7751112
[1] 0.02846367
[1] "AdaLSE CI"
[1] 0.9565217
[1] 0.9130435
[1]  1 22
[1]  2 21
[1] "Fitting mean A"
[1] "Fitting variance A"
[1] "DR"
[1] 0.7732811
[1] 0.02685587
[1] "DR CI"
[1] 0.9130435
[1] 0.9130435
[1]  2 21
[1]  2 21
[1] "se comparison"
[1] 0.02862603
[1] 0.0285047
[1] 24
[1] 0.8270549
[1] 0.8345481
[1] "AdaLSE"
[1] 0.8157644
[1] 0.03248036
[1] "AdaLSE CI"
[1] 0.9583333
[1] 0.9166667
[1]  1 23
[1]  2 22
[1] "Fitting mean A"
[1] "Fitting variance A"
[1] "DR"
[1] 0.8028129
[1] 0.03053119
[1] "DR CI"
[1] 0.9166667
[1] 0.9166667
[1]  2 22
[1]  2 22
[1] "se comparison"
[1] 0.0281825
[1] 0.02829094
[1] 25
[1] 0.8270549
[1] 0.8345481
[1] "AdaLSE"
[1] 0.8473265
[1] 0.03278455
[1] "AdaLSE CI"
[1] 0.96
[1] 0.92
[1]  1 24
[1]  2 23
[1] "Fitting mean A"
[1] "Fitting variance A"
[1] "DR"
[1] 0.8459816
[1] 0.03067318
[1] "DR CI"
[1] 0.92
[1] 0.92
[1]  2 23
[1]  2 23
[1] "se comparison"
[1] 0.02778337
[1] 0.02799894
[1] 26
[1] 0.8270549
[1] 0.8345481
[1] "AdaLSE"
[1] 0.8638952
[1] 0.03086413
[1] "AdaLSE CI"
[1] 0.9615385
[1] 0.9230769
[1]  1 25
[1]  2 24
[1] "Fitting mean A"
[1] "Fitting variance A"
[1] "DR"
[1] 0.8565468
[1] 0.02964672
[1] "DR CI"
[1] 0.9230769
[1] 0.9230769
[1]  2 24
[1]  2 24
[1] "se comparison"
[1] 0.02794982
[1] 0.02806965
[1] 27
[1] 0.8270549
[1] 0.8345481
[1] "AdaLSE"
[1] 0.8040697
[1] 0.0320009
[1] "AdaLSE CI"
[1] 0.962963
[1] 0.9259259
[1]  1 26
[1]  2 25
[1] "Fitting mean A"
[1] "Fitting variance A"
[1] "DR"
[1] 0.7997258
[1] 0.02993944
[1] "DR CI"
[1] 0.9259259
[1] 0.9259259
[1]  2 25
[1]  2 25
[1] "se comparison"
[1] 0.02796025
[1] 0.02803537
[1] 28
[1] 0.8270549
[1] 0.8345481
[1] "AdaLSE"
[1] 0.786726
[1] 0.03172829
[1] "AdaLSE CI"
[1] 0.9642857
[1] 0.9285714
[1]  1 27
[1]  2 26
[1] "Fitting mean A"
[1] "Fitting variance A"
[1] "DR"
[1] 0.7790838
[1] 0.02983115
[1] "DR CI"
[1] 0.9285714
[1] 0.9285714
[1]  2 26
[1]  2 26
[1] "se comparison"
[1] 0.02872731
[1] 0.02892698
[1] 29
[1] 0.8270549
[1] 0.8345481
[1] "AdaLSE"
[1] 0.8288279
[1] 0.02963385
[1] "AdaLSE CI"
[1] 0.9655172
[1] 0.9310345
[1]  1 28
[1]  2 27
[1] "Fitting mean A"
[1] "Fitting variance A"
[1] "DR"
[1] 0.82289
[1] 0.02833527
[1] "DR CI"
[1] 0.9310345
[1] 0.9310345
[1]  2 27
[1]  2 27
[1] "se comparison"
[1] 0.02821073
[1] 0.0284077
[1] 30
[1] 0.8270549
[1] 0.8345481
[1] "AdaLSE"
[1] 0.9040557
[1] 0.03066585
[1] "AdaLSE CI"
[1] 0.9333333
[1] 0.9
[1]  2 28
[1]  3 27
[1] "Fitting mean A"
[1] "Fitting variance A"
[1] "DR"
[1] 0.8956687
[1] 0.02910479
[1] "DR CI"
[1] 0.9
[1] 0.9
[1]  3 27
[1]  3 27
[1] "se comparison"
[1] 0.03083307
[1] 0.03077957
[1] 31
[1] 0.8270549
[1] 0.8345481
[1] "AdaLSE"
[1] 0.8277537
[1] 0.03427505
[1] "AdaLSE CI"
[1] 0.9354839
[1] 0.9032258
[1]  2 29
[1]  3 28
[1] "Fitting mean A"
[1] "Fitting variance A"
[1] "DR"
[1] 0.8199664
[1] 0.03226362
[1] "DR CI"
[1] 0.9032258
[1] 0.9032258
[1]  3 28
[1]  3 28
[1] "se comparison"
[1] 0.03032718
[1] 0.03028858
[1] 32
[1] 0.8270549
[1] 0.8345481
[1] "AdaLSE"
[1] 0.8345222
[1] 0.02814651
[1] "AdaLSE CI"
[1] 0.9375
[1] 0.90625
[1]  2 30
[1]  3 29
[1] "Fitting mean A"
[1] "Fitting variance A"
[1] "DR"
[1] 0.8299945
[1] 0.02603459
[1] "DR CI"
[1] 0.90625
[1] 0.90625
[1]  3 29
[1]  3 29
[1] "se comparison"
[1] 0.02983635
[1] 0.02980149
[1] 33
[1] 0.8270549
[1] 0.8345481
[1] "AdaLSE"
[1] 0.8820575
[1] 0.03215643
[1] "AdaLSE CI"
[1] 0.9393939
[1] 0.9090909
[1]  2 31
[1]  3 30
[1] "Fitting mean A"
[1] "Fitting variance A"
[1] "DR"
[1] 0.868279
[1] 0.02986292
[1] "DR CI"
[1] 0.9090909
[1] 0.9090909
[1]  3 30
[1]  3 30
[1] "se comparison"
[1] 0.0306082
[1] 0.03020478
[1] 34
[1] 0.8270549
[1] 0.8345481
[1] "AdaLSE"
[1] 0.8629251
[1] 0.03066667
[1] "AdaLSE CI"
[1] 0.9411765
[1] 0.9117647
[1]  2 32
[1]  3 31
[1] "Fitting mean A"
[1] "Fitting variance A"
[1] "DR"
[1] 0.8510238
[1] 0.03010694
[1] "DR CI"
[1] 0.9117647
[1] 0.9117647
[1]  3 31
[1]  3 31
[1] "se comparison"
[1] 0.03054676
[1] 0.03000169
[1] 35
[1] 0.8270549
[1] 0.8345481
[1] "AdaLSE"
[1] 0.8137171
[1] 0.03000007
[1] "AdaLSE CI"
[1] 0.9428571
[1] 0.9142857
[1]  2 33
[1]  3 32
[1] "Fitting mean A"
[1] "Fitting variance A"
[1] "DR"
[1] 0.81022
[1] 0.02763543
[1] "DR CI"
[1] 0.9142857
[1] 0.9142857
[1]  3 32
[1]  3 32
[1] "se comparison"
[1] 0.03030518
[1] 0.0297236
[1] 36
[1] 0.8270549
[1] 0.8345481
[1] "AdaLSE"
[1] 0.8382923
[1] 0.03149655
[1] "AdaLSE CI"
[1] 0.9444444
[1] 0.9166667
[1]  2 34
[1]  3 33
[1] "Fitting mean A"
[1] "Fitting variance A"
[1] "DR"
[1] 0.8340559
[1] 0.02938336
[1] "DR CI"
[1] 0.9166667
[1] 0.9166667
[1]  3 33
[1]  3 33
[1] "se comparison"
[1] 0.02987678
[1] 0.02931176
[1] 37
[1] 0.8270549
[1] 0.8345481
[1] "AdaLSE"
[1] 0.844802
[1] 0.03268275
[1] "AdaLSE CI"
[1] 0.9459459
[1] 0.9189189
[1]  2 35
[1]  3 34
[1] "Fitting mean A"
[1] "Fitting variance A"
[1] "DR"
[1] 0.8348635
[1] 0.03099614
[1] "DR CI"
[1] 0.9189189
[1] 0.9189189
[1]  3 34
[1]  3 34
[1] "se comparison"
[1] 0.02950901
[1] 0.02892113
[1] 38
[1] 0.8270549
[1] 0.8345481
[1] "AdaLSE"
[1] 0.8460273
[1] 0.02980055
[1] "AdaLSE CI"
[1] 0.9473684
[1] 0.9210526
[1]  2 36
[1]  3 35
[1] "Fitting mean A"
[1] "Fitting variance A"
[1] "DR"
[1] 0.8321004
[1] 0.02771065
[1] "DR CI"
[1] 0.9210526
[1] 0.9210526
[1]  3 35
[1]  3 35
[1] "se comparison"
[1] 0.02916618
[1] 0.02853326
[1] 39
[1] 0.8270549
[1] 0.8345481
[1] "AdaLSE"
[1] 0.8726953
[1] 0.03242766
[1] "AdaLSE CI"
[1] 0.9487179
[1] 0.9230769
[1]  2 37
[1]  3 36
[1] "Fitting mean A"
[1] "Fitting variance A"
[1] "DR"
[1] 0.8657811
[1] 0.02940038
[1] "DR CI"
[1] 0.9230769
[1] 0.9230769
[1]  3 36
[1]  3 36
[1] "se comparison"
[1] 0.02940838
[1] 0.02877473
[1] 40
[1] 0.8270549
[1] 0.8345481
[1] "AdaLSE"
[1] 0.8393744
[1] 0.03011923
[1] "AdaLSE CI"
[1] 0.95
[1] 0.925
[1]  2 38
[1]  3 37
[1] "Fitting mean A"
[1] "Fitting variance A"
[1] "DR"
[1] 0.8257848
[1] 0.02929202
[1] "DR CI"
[1] 0.925
[1] 0.925
[1]  3 37
[1]  3 37
[1] "se comparison"
[1] 0.02903411
[1] 0.02841
[1] 41
[1] 0.8270549
[1] 0.8345481
[1] "AdaLSE"
[1] 0.8343547
[1] 0.03036832
[1] "AdaLSE CI"
[1] 0.9512195
[1] 0.9268293
[1]  2 39
[1]  3 38
[1] "Fitting mean A"
[1] "Fitting variance A"
[1] "DR"
[1] 0.8327685
[1] 0.02814033
[1] "DR CI"
[1] 0.9268293
[1] 0.9268293
[1]  3 38
[1]  3 38
[1] "se comparison"
[1] 0.02867002
[1] 0.02805712
[1] 42
[1] 0.8270549
[1] 0.8345481
[1] "AdaLSE"
[1] 0.8854248
[1] 0.02995866
[1] "AdaLSE CI"
[1] 0.952381
[1] 0.9285714
[1]  2 40
[1]  3 39
[1] "Fitting mean A"
[1] "Fitting variance A"
[1] "DR"
[1] 0.8679154
[1] 0.02731641
[1] "DR CI"
[1] 0.9285714
[1] 0.9285714
[1]  3 39
[1]  3 39
[1] "se comparison"
[1] 0.02932944
[1] 0.02833554
[1] 43
[1] 0.8270549
[1] 0.8345481
[1] "AdaLSE"
[1] 0.8561455
[1] 0.02917922
[1] "AdaLSE CI"
[1] 0.9534884
[1] 0.9302326
[1]  2 41
[1]  3 40
[1] "Fitting mean A"
[1] "Fitting variance A"
[1] "DR"
[1] 0.847212
[1] 0.02765826
[1] "DR CI"
[1] 0.9302326
[1] 0.9302326
[1]  3 40
[1]  3 40
[1] "se comparison"
[1] 0.02912302
[1] 0.02811137
[1] 44
[1] 0.8270549
[1] 0.8345481
[1] "AdaLSE"
[1] 0.8622441
[1] 0.03190116
[1] "AdaLSE CI"
[1] 0.9545455
[1] 0.9318182
[1]  2 42
[1]  3 41
[1] "Fitting mean A"
[1] "Fitting variance A"
[1] "DR"
[1] 0.861787
[1] 0.03025111
[1] "DR CI"
[1] 0.9318182
[1] 0.9318182
[1]  3 41
[1]  3 41
[1] "se comparison"
[1] 0.02902187
[1] 0.02816937
[1] 45
[1] 0.8270549
[1] 0.8345481
[1] "AdaLSE"
[1] 0.8392534
[1] 0.02937106
[1] "AdaLSE CI"
[1] 0.9555556
[1] 0.9333333
[1]  2 43
[1]  3 42
[1] "Fitting mean A"
[1] "Fitting variance A"
[1] "DR"
[1] 0.8349081
[1] 0.02850197
[1] "DR CI"
[1] 0.9333333
[1] 0.9333333
[1]  3 42
[1]  3 42
[1] "se comparison"
[1] 0.02869067
[1] 0.02785171
[1] 46
[1] 0.8270549
[1] 0.8345481
[1] "AdaLSE"
[1] 0.8546801
[1] 0.03129463
[1] "AdaLSE CI"
[1] 0.9565217
[1] 0.9347826
[1]  2 44
[1]  3 43
[1] "Fitting mean A"
[1] "Fitting variance A"
[1] "DR"
[1] 0.855311
[1] 0.0284126
[1] "DR CI"
[1] 0.9347826
[1] 0.9347826
[1]  3 43
[1]  3 43
[1] "se comparison"
[1] 0.02847459
[1] 0.0277596
[1] 47
[1] 0.8270549
[1] 0.8345481
[1] "AdaLSE"
[1] 0.8345648
[1] 0.03065704
[1] "AdaLSE CI"
[1] 0.9574468
[1] 0.9361702
[1]  2 45
[1]  3 44
[1] "Fitting mean A"
[1] "Fitting variance A"
[1] "DR"
[1] 0.8229886
[1] 0.02917279
[1] "DR CI"
[1] 0.9361702
[1] 0.9361702
[1]  3 44
[1]  3 44
[1] "se comparison"
[1] 0.02816926
[1] 0.02748918
[1] 48
[1] 0.8270549
[1] 0.8345481
[1] "AdaLSE"
[1] 0.837832
[1] 0.02930941
[1] "AdaLSE CI"
[1] 0.9583333
[1] 0.9375
[1]  2 46
[1]  3 45
[1] "Fitting mean A"
[1] "Fitting variance A"
[1] "DR"
[1] 0.836088
[1] 0.02791234
[1] "DR CI"
[1] 0.9375
[1] 0.9375
[1]  3 45
[1]  3 45
[1] "se comparison"
[1] 0.0278681
[1] 0.02720151
[1] 49
[1] 0.8270549
[1] 0.8345481
[1] "AdaLSE"
[1] 0.8079715
[1] 0.03240789
[1] "AdaLSE CI"
[1] 0.9591837
[1] 0.9387755
[1]  2 47
[1]  3 46
[1] "Fitting mean A"
[1] "Fitting variance A"
[1] "DR"
[1] 0.7889728
[1] 0.0305916
[1] "DR CI"
[1] 0.9387755
[1] 0.9387755
[1]  3 46
[1]  3 46
[1] "se comparison"
[1] 0.02791709
[1] 0.02761292
[1] 50
[1] 0.8270549
[1] 0.8345481
[1] "AdaLSE"
[1] 0.8720229
[1] 0.03158565
[1] "AdaLSE CI"
[1] 0.96
[1] 0.94
[1]  2 48
[1]  3 47
[1] "Fitting mean A"
[1] "Fitting variance A"
[1] "DR"
[1] 0.8681275
[1] 0.0283633
[1] "DR CI"
[1] 0.94
[1] 0.94
[1]  3 47
[1]  3 47
[1] "se comparison"
[1] 0.02805162
[1] 0.02782355
[1] 51
[1] 0.8270549
[1] 0.8345481
[1] "AdaLSE"
[1] 0.8442259
[1] 0.03255706
[1] "AdaLSE CI"
[1] 0.9607843
[1] 0.9411765
[1]  2 49
[1]  3 48
[1] "Fitting mean A"
[1] "Fitting variance A"
[1] "DR"
[1] 0.8320504
[1] 0.03048575
[1] "DR CI"
[1] 0.9411765
[1] 0.9411765
[1]  3 48
[1]  3 48
[1] "se comparison"
[1] 0.02778135
[1] 0.02754391
[1] 52
[1] 0.8270549
[1] 0.8345481
[1] "AdaLSE"
[1] 0.865562
[1] 0.03022461
[1] "AdaLSE CI"
[1] 0.9615385
[1] 0.9423077
[1]  2 50
[1]  3 49
[1] "Fitting mean A"
[1] "Fitting variance A"
[1] "DR"
[1] 0.8624776
[1] 0.02684117
[1] "DR CI"
[1] 0.9423077
[1] 0.9423077
[1]  3 49
[1]  3 49
[1] "se comparison"
[1] 0.02776078
[1] 0.02759885
[1] 53
[1] 0.8270549
[1] 0.8345481
[1] "AdaLSE"
[1] 0.9054862
[1] 0.03060454
[1] "AdaLSE CI"
[1] 0.9433962
[1] 0.9245283
[1]  3 50
[1]  4 49
[1] "Fitting mean A"
[1] "Fitting variance A"
[1] "DR"
[1] 0.9023344
[1] 0.02848988
[1] "DR CI"
[1] 0.9245283
[1] 0.9245283
[1]  4 49
[1]  4 49
[1] "se comparison"
[1] 0.02896503
[1] 0.0289643
[1] 54
[1] 0.8270549
[1] 0.8345481
[1] "AdaLSE"
[1] 0.8159683
[1] 0.0318705
[1] "AdaLSE CI"
[1] 0.9444444
[1] 0.9259259
[1]  3 51
[1]  4 50
[1] "Fitting mean A"
[1] "Fitting variance A"
[1] "DR"
[1] 0.7978424
[1] 0.02939969
[1] "DR CI"
[1] 0.9259259
[1] 0.9259259
[1]  4 50
[1]  4 50
[1] "se comparison"
[1] 0.02888186
[1] 0.02910558
[1] 55
[1] 0.8270549
[1] 0.8345481
[1] "AdaLSE"
[1] 0.7733035
[1] 0.02980111
[1] "AdaLSE CI"
[1] 0.9454545
[1] 0.9090909
[1]  3 52
[1]  5 50
[1] "Fitting mean A"
[1] "Fitting variance A"
[1] "DR"
[1] 0.7653834
[1] 0.02744795
[1] "DR CI"
[1] 0.9090909
[1] 0.9090909
[1]  5 50
[1]  5 50
[1] "se comparison"
[1] 0.02998956
[1] 0.03025009
[1] 56
[1] 0.8270549
[1] 0.8345481
[1] "AdaLSE"
[1] 0.8122673
[1] 0.03118609
[1] "AdaLSE CI"
[1] 0.9464286
[1] 0.9107143
[1]  3 53
[1]  5 51
[1] "Fitting mean A"
[1] "Fitting variance A"
[1] "DR"
[1] 0.8054874
[1] 0.03024507
[1] "DR CI"
[1] 0.9107143
[1] 0.9107143
[1]  5 51
[1]  5 51
[1] "se comparison"
[1] 0.02992484
[1] 0.03018198
[1] 57
[1] 0.8270549
[1] 0.8345481
[1] "AdaLSE"
[1] 0.8254743
[1] 0.03231984
[1] "AdaLSE CI"
[1] 0.9473684
[1] 0.9122807
[1]  3 54
[1]  5 52
[1] "Fitting mean A"
[1] "Fitting variance A"
[1] "DR"
[1] 0.8077149
[1] 0.02951901
[1] "DR CI"
[1] 0.9122807
[1] 0.9122807
[1]  5 52
[1]  5 52
[1] "se comparison"
[1] 0.02970451
[1] 0.03007665
[1] 58
[1] 0.8270549
[1] 0.8345481
[1] "AdaLSE"
[1] 0.8297439
[1] 0.03276406
[1] "AdaLSE CI"
[1] 0.9482759
[1] 0.9137931
[1]  3 55
[1]  5 53
[1] "Fitting mean A"
[1] "Fitting variance A"
[1] "DR"
[1] 0.8206554
[1] 0.03024141
[1] "DR CI"
[1] 0.9137931
[1] 0.9137931
[1]  5 53
[1]  5 53
[1] "se comparison"
[1] 0.02946276
[1] 0.02984305
[1] 59
[1] 0.8270549
[1] 0.8345481
[1] "AdaLSE"
[1] 0.8000606
[1] 0.03102768
[1] "AdaLSE CI"
[1] 0.9491525
[1] 0.9152542
[1]  3 56
[1]  5 54
[1] "Fitting mean A"
[1] "Fitting variance A"
[1] "DR"
[1] 0.7985104
[1] 0.02916606
[1] "DR CI"
[1] 0.9152542
[1] 0.9152542
[1]  5 54
[1]  5 54
[1] "se comparison"
[1] 0.02961932
[1] 0.02988362
[1] 60
[1] 0.8270549
[1] 0.8345481
[1] "AdaLSE"
[1] 0.859449
[1] 0.03128537
[1] "AdaLSE CI"
[1] 0.95
[1] 0.9166667
[1]  3 57
[1]  5 55
[1] "Fitting mean A"
[1] "Fitting variance A"
[1] "DR"
[1] 0.8476115
[1] 0.02758069
[1] "DR CI"
[1] 0.9166667
[1] 0.9166667
[1]  5 55
[1]  5 55
[1] "se comparison"
[1] 0.02950713
[1] 0.02971298
[1] 61
[1] 0.8270549
[1] 0.8345481
[1] "AdaLSE"
[1] 0.811527
[1] 0.0328609
[1] "AdaLSE CI"
[1] 0.9508197
[1] 0.9180328
[1]  3 58
[1]  5 56
[1] "Fitting mean A"
[1] "Fitting variance A"
[1] "DR"
[1] 0.8033871
[1] 0.02874707
[1] "DR CI"
[1] 0.9180328
[1] 0.9180328
[1]  5 56
[1]  5 56
[1] "se comparison"
[1] 0.02944987
[1] 0.02967018
[1] 62
[1] 0.8270549
[1] 0.8345481
[1] "AdaLSE"
[1] 0.8147361
[1] 0.03310586
[1] "AdaLSE CI"
[1] 0.9516129
[1] 0.9193548
[1]  3 59
[1]  5 57
[1] "Fitting mean A"
[1] "Fitting variance A"
[1] "DR"
[1] 0.8128736
[1] 0.03106764
[1] "DR CI"
[1] 0.9193548
[1] 0.9193548
[1]  5 57
[1]  5 57
[1] "se comparison"
[1] 0.02934602
[1] 0.02950804
[1] 63
[1] 0.8270549
[1] 0.8345481
[1] "AdaLSE"
[1] 0.8284387
[1] 0.02895767
[1] "AdaLSE CI"
[1] 0.952381
[1] 0.9206349
[1]  3 60
[1]  5 58
[1] "Fitting mean A"
[1] "Fitting variance A"
[1] "DR"
[1] 0.8169457
[1] 0.02708582
[1] "DR CI"
[1] 0.9206349
[1] 0.9206349
[1]  5 58
[1]  5 58
[1] "se comparison"
[1] 0.02912746
[1] 0.02931464
[1] 64
[1] 0.8270549
[1] 0.8345481
[1] "AdaLSE"
[1] 0.895035
[1] 0.03073704
[1] "AdaLSE CI"
[1] 0.9375
[1] 0.90625
[1]  4 60
[1]  6 58
[1] "Fitting mean A"
[1] "Fitting variance A"
[1] "DR"
[1] 0.8851052
[1] 0.02876993
[1] "DR CI"
[1] 0.90625
[1] 0.921875
[1]  6 58
[1]  5 59
[1] "se comparison"
[1] 0.02980221
[1] 0.02989422
[1] 65
[1] 0.8270549
[1] 0.8345481
[1] "AdaLSE"
[1] 0.8521413
[1] 0.03075786
[1] "AdaLSE CI"
[1] 0.9384615
[1] 0.9076923
[1]  4 61
[1]  6 59
[1] "Fitting mean A"
[1] "Fitting variance A"
[1] "DR"
[1] 0.8491404
[1] 0.02831082
[1] "DR CI"
[1] 0.9076923
[1] 0.9230769
[1]  6 59
[1]  5 60
[1] "se comparison"
[1] 0.02962357
[1] 0.02974906
[1] 66
[1] 0.8270549
[1] 0.8345481
[1] "AdaLSE"
[1] 0.8028543
[1] 0.02889954
[1] "AdaLSE CI"
[1] 0.9393939
[1] 0.9090909
[1]  4 62
[1]  6 60
[1] "Fitting mean A"
[1] "Fitting variance A"
[1] "DR"
[1] 0.7948661
[1] 0.02705128
[1] "DR CI"
[1] 0.9090909
[1] 0.9242424
[1]  6 60
[1]  5 61
[1] "se comparison"
[1] 0.02970796
[1] 0.02984989
[1] 67
[1] 0.8270549
[1] 0.8345481
[1] "AdaLSE"
[1] 0.8285917
[1] 0.02925878
[1] "AdaLSE CI"
[1] 0.9402985
[1] 0.9104478
[1]  4 63
[1]  6 61
[1] "Fitting mean A"
[1] "Fitting variance A"
[1] "DR"
[1] 0.8235325
[1] 0.02726938
[1] "DR CI"
[1] 0.9104478
[1] 0.9253731
[1]  6 61
[1]  5 62
[1] "se comparison"
[1] 0.02950111
[1] 0.02963446
[1] 68
[1] 0.8270549
[1] 0.8345481
[1] "AdaLSE"
[1] 0.8221319
[1] 0.03016819
[1] "AdaLSE CI"
[1] 0.9411765
[1] 0.9117647
[1]  4 64
[1]  6 62
[1] "Fitting mean A"
[1] "Fitting variance A"
[1] "DR"
[1] 0.8201576
[1] 0.02668647
[1] "DR CI"
[1] 0.9117647
[1] 0.9264706
[1]  6 62
[1]  5 63
[1] "se comparison"
[1] 0.02933667
[1] 0.02943773
[1] 69
[1] 0.8270549
[1] 0.8345481
[1] "AdaLSE"
[1] 0.8528805
[1] 0.03078751
[1] "AdaLSE CI"
[1] 0.942029
[1] 0.9130435
[1]  4 65
[1]  6 63
[1] "Fitting mean A"
[1] "Fitting variance A"
[1] "DR"
[1] 0.8430488
[1] 0.02873816
[1] "DR CI"
[1] 0.9130435
[1] 0.9275362
[1]  6 63
[1]  5 64
[1] "se comparison"
[1] 0.02918345
[1] 0.02926227
[1] 70
[1] 0.8270549
[1] 0.8345481
[1] "AdaLSE"
[1] 0.843996
[1] 0.02915901
[1] "AdaLSE CI"
[1] 0.9428571
[1] 0.9142857
[1]  4 66
[1]  6 64
[1] "Fitting mean A"
[1] "Fitting variance A"
[1] "DR"
[1] 0.8448339
[1] 0.02693826
[1] "DR CI"
[1] 0.9142857
[1] 0.9285714
[1]  6 64
[1]  5 65
[1] "se comparison"
[1] 0.02898274
[1] 0.0291017
[1] 71
[1] 0.8270549
[1] 0.8345481
[1] "AdaLSE"
[1] 0.8335234
[1] 0.03053836
[1] "AdaLSE CI"
[1] 0.943662
[1] 0.915493
[1]  4 67
[1]  6 65
[1] "Fitting mean A"
[1] "Fitting variance A"
[1] "DR"
[1] 0.8177513
[1] 0.02865922
[1] "DR CI"
[1] 0.915493
[1] 0.9295775
[1]  6 65
[1]  5 66
[1] "se comparison"
[1] 0.02877838
[1] 0.02893242
[1] 72
[1] 0.8270549
[1] 0.8345481
[1] "AdaLSE"
[1] 0.7878358
[1] 0.03053845
[1] "AdaLSE CI"
[1] 0.9444444
[1] 0.9166667
[1]  4 68
[1]  6 66
[1] "Fitting mean A"
[1] "Fitting variance A"
[1] "DR"
[1] 0.7807887
[1] 0.0285977
[1] "DR CI"
[1] 0.9166667
[1] 0.9305556
[1]  6 66
[1]  5 67
[1] "se comparison"
[1] 0.02916121
[1] 0.02931404
[1] 73
[1] 0.8270549
[1] 0.8345481
[1] "AdaLSE"
[1] 0.8132993
[1] 0.02973932
[1] "AdaLSE CI"
[1] 0.9452055
[1] 0.9178082
[1]  4 69
[1]  6 67
[1] "Fitting mean A"
[1] "Fitting variance A"
[1] "DR"
[1] 0.8076575
[1] 0.02791721
[1] "DR CI"
[1] 0.9178082
[1] 0.9315068
[1]  6 67
[1]  5 68
[1] "se comparison"
[1] 0.02908519
[1] 0.02922274
[1] 74
[1] 0.8270549
[1] 0.8345481
[1] "AdaLSE"
[1] 0.8211201
[1] 0.02994276
[1] "AdaLSE CI"
[1] 0.9459459
[1] 0.9189189
[1]  4 70
[1]  6 68
[1] "Fitting mean A"
[1] "Fitting variance A"
[1] "DR"
[1] 0.8163808
[1] 0.02723628
[1] "DR CI"
[1] 0.9189189
[1] 0.9324324
[1]  6 68
[1]  5 69
[1] "se comparison"
[1] 0.02893841
[1] 0.02906068
[1] 75
[1] 0.8270549
[1] 0.8345481
[1] "AdaLSE"
[1] 0.8237677
[1] 0.03135684
[1] "AdaLSE CI"
[1] 0.9466667
[1] 0.92
[1]  4 71
[1]  6 69
[1] "Fitting mean A"
[1] "Fitting variance A"
[1] "DR"
[1] 0.8220464
[1] 0.02886893
[1] "DR CI"
[1] 0.92
[1] 0.9333333
[1]  6 69
[1]  5 70
[1] "se comparison"
[1] 0.02877687
[1] 0.0288752
[1] 76
[1] 0.8270549
[1] 0.8345481
[1] "AdaLSE"
[1] 0.8111622
[1] 0.03113773
[1] "AdaLSE CI"
[1] 0.9473684
[1] 0.9210526
[1]  4 72
[1]  6 70
[1] "Fitting mean A"
[1] "Fitting variance A"
[1] "DR"
[1] 0.8022922
[1] 0.0287064
[1] "DR CI"
[1] 0.9210526
[1] 0.9342105
[1]  6 70
[1]  5 71
[1] "se comparison"
[1] 0.02872409
[1] 0.02884548
[1] 77
[1] 0.8270549
[1] 0.8345481
[1] "AdaLSE"
[1] 0.8553314
[1] 0.03409874
[1] "AdaLSE CI"
[1] 0.9480519
[1] 0.9220779
[1]  4 73
[1]  6 71
[1] "Fitting mean A"
[1] "Fitting variance A"
[1] "DR"
[1] 0.854969
[1] 0.0322087
[1] "DR CI"
[1] 0.9220779
[1] 0.9350649
[1]  6 71
[1]  5 72
[1] "se comparison"
[1] 0.0286238
[1] 0.02881137
[1] 78
[1] 0.8270549
[1] 0.8345481
[1] "AdaLSE"
[1] 0.8431035
[1] 0.0312434
[1] "AdaLSE CI"
[1] 0.9487179
[1] 0.9230769
[1]  4 74
[1]  6 72
[1] "Fitting mean A"
[1] "Fitting variance A"
[1] "DR"
[1] 0.8359428
[1] 0.0288706
[1] "DR CI"
[1] 0.9230769
[1] 0.9358974
[1]  6 72
[1]  5 73
[1] "se comparison"
[1] 0.02844946
[1] 0.02863442
[1] 79
[1] 0.8270549
[1] 0.8345481
[1] "AdaLSE"
[1] 0.8525012
[1] 0.03035262
[1] "AdaLSE CI"
[1] 0.9493671
[1] 0.9240506
[1]  4 75
[1]  6 73
[1] "Fitting mean A"
[1] "Fitting variance A"
[1] "DR"
[1] 0.8501926
[1] 0.02825248
[1] "DR CI"
[1] 0.9240506
[1] 0.9367089
[1]  6 73
[1]  5 74
[1] "se comparison"
[1] 0.02832847
[1] 0.02854907
[1] 80
[1] 0.8270549
[1] 0.8345481
[1] "AdaLSE"
[1] 0.8188025
[1] 0.0298809
[1] "AdaLSE CI"
[1] 0.95
[1] 0.925
[1]  4 76
[1]  6 74
[1] "Fitting mean A"
[1] "Fitting variance A"
[1] "DR"
[1] 0.8117839
[1] 0.02785479
[1] "DR CI"
[1] 0.925
[1] 0.9375
[1]  6 74
[1]  5 75
[1] "se comparison"
[1] 0.02821471
[1] 0.02843585
[1] 81
[1] 0.8270549
[1] 0.8345481
[1] "AdaLSE"
[1] 0.9346161
[1] 0.02701521
[1] "AdaLSE CI"
[1] 0.9382716
[1] 0.9135802
[1]  5 76
[1]  7 74
[1] "Fitting mean A"
[1] "Fitting variance A"
[1] "DR"
[1] 0.9264596
[1] 0.0256337
[1] "DR CI"
[1] 0.9135802
[1] 0.9259259
[1]  7 74
[1]  6 75
[1] "se comparison"
[1] 0.03010885
[1] 0.03025552
[1] 82
[1] 0.8270549
[1] 0.8345481
[1] "AdaLSE"
[1] 0.8999515
[1] 0.03240673
[1] "AdaLSE CI"
[1] 0.9268293
[1] 0.902439
[1]  6 76
[1]  8 74
[1] "Fitting mean A"
[1] "Fitting variance A"
[1] "DR"
[1] 0.8878775
[1] 0.02935658
[1] "DR CI"
[1] 0.902439
[1] 0.9268293
[1]  8 74
[1]  6 76
[1] "se comparison"
[1] 0.03071758
[1] 0.03073197
[1] 83
[1] 0.8270549
[1] 0.8345481
[1] "AdaLSE"
[1] 0.8556529
[1] 0.03170576
[1] "AdaLSE CI"
[1] 0.9277108
[1] 0.9036145
[1]  6 77
[1]  8 75
[1] "Fitting mean A"
[1] "Fitting variance A"
[1] "DR"
[1] 0.853502
[1] 0.02939202
[1] "DR CI"
[1] 0.9036145
[1] 0.9277108
[1]  8 75
[1]  6 77
[1] "se comparison"
[1] 0.03059226
[1] 0.03064326
[1] 84
[1] 0.8270549
[1] 0.8345481
[1] "AdaLSE"
[1] 0.8838571
[1] 0.03140783
[1] "AdaLSE CI"
[1] 0.9285714
[1] 0.9047619
[1]  6 78
[1]  8 76
[1] "Fitting mean A"
[1] "Fitting variance A"
[1] "DR"
[1] 0.8749999
[1] 0.02991025
[1] "DR CI"
[1] 0.9047619
[1] 0.9285714
[1]  8 76
[1]  6 78
[1] "se comparison"
[1] 0.03081537
[1] 0.03082868
[1] 85
[1] 0.8270549
[1] 0.8345481
[1] "AdaLSE"
[1] 0.801702
[1] 0.02938041
[1] "AdaLSE CI"
[1] 0.9294118
[1] 0.9058824
[1]  6 79
[1]  8 77
[1] "Fitting mean A"
[1] "Fitting variance A"
[1] "DR"
[1] 0.7994694
[1] 0.02821477
[1] "DR CI"
[1] 0.9058824
[1] 0.9294118
[1]  8 77
[1]  6 79
[1] "se comparison"
[1] 0.03089171
[1] 0.03084513
[1] 86
[1] 0.8270549
[1] 0.8345481
[1] "AdaLSE"
[1] 0.8320447
[1] 0.03560264
[1] "AdaLSE CI"
[1] 0.9302326
[1] 0.9069767
[1]  6 80
[1]  8 78
[1] "Fitting mean A"
[1] "Fitting variance A"
[1] "DR"
[1] 0.8306528
[1] 0.03329065
[1] "DR CI"
[1] 0.9069767
[1] 0.9302326
[1]  8 78
[1]  6 80
[1] "se comparison"
[1] 0.03071655
[1] 0.03066328
[1] 87
[1] 0.8270549
[1] 0.8345481
[1] "AdaLSE"
[1] 0.8305939
[1] 0.03135326
[1] "AdaLSE CI"
[1] 0.9310345
[1] 0.908046
[1]  6 81
[1]  8 79
[1] "Fitting mean A"
[1] "Fitting variance A"
[1] "DR"
[1] 0.8157544
[1] 0.02947134
[1] "DR CI"
[1] 0.908046
[1] 0.9310345
[1]  8 79
[1]  6 81
[1] "se comparison"
[1] 0.03054802
[1] 0.0305309
[1] 88
[1] 0.8270549
[1] 0.8345481
[1] "AdaLSE"
[1] 0.8916254
[1] 0.02979205
[1] "AdaLSE CI"
[1] 0.9204545
[1] 0.9090909
[1]  7 81
[1]  8 80
[1] "Fitting mean A"
[1] "Fitting variance A"
[1] "DR"
[1] 0.8861286
[1] 0.02772832
[1] "DR CI"
[1] 0.8977273
[1] 0.9318182
[1]  9 79
[1]  6 82
[1] "se comparison"
[1] 0.03090511
[1] 0.03091308
[1] 89
[1] 0.8270549
[1] 0.8345481
[1] "AdaLSE"
[1] 0.8154003
[1] 0.02889606
[1] "AdaLSE CI"
[1] 0.9213483
[1] 0.9101124
[1]  7 82
[1]  8 81
[1] "Fitting mean A"
[1] "Fitting variance A"
[1] "DR"
[1] 0.8087406
[1] 0.02924516
[1] "DR CI"
[1] 0.8988764
[1] 0.9325843
[1]  9 80
[1]  6 83
[1] "se comparison"
[1] 0.03082739
[1] 0.03083477
[1] 90
[1] 0.8270549
[1] 0.8345481
[1] "AdaLSE"
[1] 0.831646
[1] 0.03294948
[1] "AdaLSE CI"
[1] 0.9222222
[1] 0.9111111
[1]  7 83
[1]  8 82
[1] "Fitting mean A"
[1] "Fitting variance A"
[1] "DR"
[1] 0.8278166
[1] 0.02865066
[1] "DR CI"
[1] 0.9
[1] 0.9333333
[1]  9 81
[1]  6 84
[1] "se comparison"
[1] 0.03066187
[1] 0.03066369
[1] 91
[1] 0.8270549
[1] 0.8345481
[1] "AdaLSE"
[1] 0.8481038
[1] 0.03114539
[1] "AdaLSE CI"
[1] 0.9230769
[1] 0.9120879
[1]  7 84
[1]  8 83
[1] "Fitting mean A"
[1] "Fitting variance A"
[1] "DR"
[1] 0.8401649
[1] 0.02766961
[1] "DR CI"
[1] 0.9010989
[1] 0.9340659
[1]  9 82
[1]  6 85
[1] "se comparison"
[1] 0.03050843
[1] 0.0305061
[1] 92
[1] 0.8270549
[1] 0.8345481
[1] "AdaLSE"
[1] 0.8353439
[1] 0.03024235
[1] "AdaLSE CI"
[1] 0.923913
[1] 0.9130435
[1]  7 85
[1]  8 84
[1] "Fitting mean A"
[1] "Fitting variance A"
[1] "DR"
[1] 0.8379723
[1] 0.02678923
[1] "DR CI"
[1] 0.9021739
[1] 0.9347826
[1]  9 83
[1]  6 86
[1] "se comparison"
[1] 0.030342
[1] 0.0303451
[1] 93
[1] 0.8270549
[1] 0.8345481
[1] "AdaLSE"
[1] 0.8727606
[1] 0.03095668
[1] "AdaLSE CI"
[1] 0.9247312
[1] 0.9139785
[1]  7 86
[1]  8 85
[1] "Fitting mean A"
[1] "Fitting variance A"
[1] "DR"
[1] 0.8645578
[1] 0.02950088
[1] "DR CI"
[1] 0.9032258
[1] 0.9354839
[1]  9 84
[1]  6 87
[1] "se comparison"
[1] 0.03038681
[1] 0.03037082
[1] 94
[1] 0.8270549
[1] 0.8345481
[1] "AdaLSE"
[1] 0.8744007
[1] 0.02710972
[1] "AdaLSE CI"
[1] 0.9255319
[1] 0.9148936
[1]  7 87
[1]  8 86
[1] "Fitting mean A"
[1] "Fitting variance A"
[1] "DR"
[1] 0.8666924
[1] 0.02575407
[1] "DR CI"
[1] 0.9042553
[1] 0.9361702
[1]  9 85
[1]  6 88
[1] "se comparison"
[1] 0.03044617
[1] 0.03041699
[1] 95
[1] 0.8270549
[1] 0.8345481
[1] "AdaLSE"
[1] 0.8264633
[1] 0.03252842
[1] "AdaLSE CI"
[1] 0.9263158
[1] 0.9157895
[1]  7 88
[1]  8 87
[1] "Fitting mean A"
[1] "Fitting variance A"
[1] "DR"
[1] 0.8132422
[1] 0.02937604
[1] "DR CI"
[1] 0.9052632
[1] 0.9368421
[1]  9 86
[1]  6 89
[1] "se comparison"
[1] 0.03031155
[1] 0.03031905
[1] 96
[1] 0.8270549
[1] 0.8345481
[1] "AdaLSE"
[1] 0.9081604
[1] 0.02839384
[1] "AdaLSE CI"
[1] 0.9166667
[1] 0.90625
[1]  8 88
[1]  9 87
[1] "Fitting mean A"
[1] "Fitting variance A"
[1] "DR"
[1] 0.9005825
[1] 0.02670899
[1] "DR CI"
[1] 0.8958333
[1] 0.9270833
[1] 10 86
[1]  7 89
[1] "se comparison"
[1] 0.03096746
[1] 0.0309544
[1] 97
[1] 0.8270549
[1] 0.8345481
[1] "AdaLSE"
[1] 0.9076229
[1] 0.03083005
[1] "AdaLSE CI"
[1] 0.9072165
[1] 0.8969072
[1]  9 88
[1] 10 87
[1] "Fitting mean A"
[1] "Fitting variance A"
[1] "DR"
[1] 0.8973613
[1] 0.02925418
[1] "DR CI"
[1] 0.8865979
[1] 0.9175258
[1] 11 86
[1]  8 89
[1] "se comparison"
[1] 0.03156845
[1] 0.03147887
[1] 98
[1] 0.8270549
[1] 0.8345481
[1] "AdaLSE"
[1] 0.8460726
[1] 0.02962543
[1] "AdaLSE CI"
[1] 0.9081633
[1] 0.8979592
[1]  9 89
[1] 10 88
[1] "Fitting mean A"
[1] "Fitting variance A"
[1] "DR"
[1] 0.8384842
[1] 0.02786566
[1] "DR CI"
[1] 0.8877551
[1] 0.9183673
[1] 11 87
[1]  8 90
[1] "se comparison"
[1] 0.03141054
[1] 0.03132
[1] 99
[1] 0.8270549
[1] 0.8345481
[1] "AdaLSE"
[1] 0.8098079
[1] 0.0300415
[1] "AdaLSE CI"
[1] 0.9090909
[1] 0.8989899
[1]  9 90
[1] 10 89
[1] "Fitting mean A"
[1] "Fitting variance A"
[1] "DR"
[1] 0.7991645
[1] 0.02849878
[1] "DR CI"
[1] 0.8888889
[1] 0.9191919
[1] 11 88
[1]  8 91
[1] "se comparison"
[1] 0.03140126
[1] 0.03135249
[1] 100
[1] 0.8270549
[1] 0.8345481
[1] "AdaLSE"
[1] 0.8225557
[1] 0.03244929
[1] "AdaLSE CI"
[1] 0.91
[1] 0.9
[1]  9 91
[1] 10 90
[1] "Fitting mean A"
[1] "Fitting variance A"
[1] "DR"
[1] 0.8117586
[1] 0.02849714
[1] "DR CI"
[1] 0.89
[1] 0.92
[1] 11 89
[1]  8 92
[1] "se comparison"
[1] 0.03129172
[1] 0.03126837
