LOADING R
R LOADED
[1] "/home/lvanderl/Rlibs2"                         
[2] "/app/software/R/4.2.2-foss-2021b/lib/R/library"
[1] "/home/lvanderl/sieveSims"
[1] "Current settings:"
[1] 500
[1] 1
[1] 1
[1] FALSE
  0%  25%  50%  75% 100% 
   1    1    1    1    1 
  0%  25%  50%  75% 100% 
   1    1    1    1    1 
[1] "HERE"
[1] "HERE"
[1] "Current settings:"
[1] 500
[1] 1
[1] 2
[1] FALSE
  0%  25%  50%  75% 100% 
   1    1    1    1    1 
  0%  25%  50%  75% 100% 
   1    1    1    1    1 
[1] "HERE"
[1] "HERE"
[1] "Current settings:"
[1] 500
[1] 1
[1] 3
[1] FALSE
  0%  25%  50%  75% 100% 
   1    1    1    1    1 
  0%  25%  50%  75% 100% 
   1    1    1    1    1 
[1] "HERE"
[1] "HERE"
[1] "Current settings:"
[1] 500
[1] 1
[1] 4
[1] FALSE
  0%  25%  50%  75% 100% 
   1    1    1    1    1 
  0%  25%  50%  75% 100% 
   1    1    1    1    1 
[1] "HERE"
[1] "HERE"
[1] "Current settings:"
[1] 500
[1] 1
[1] 5
[1] FALSE
  0%  25%  50%  75% 100% 
   1    1    1    1    1 
  0%  25%  50%  75% 100% 
   1    1    1    1    1 
[1] "HERE"
[1] "HERE"
[1] "Current settings:"
[1] 500
[1] 1
[1] 6
[1] FALSE
  0%  25%  50%  75% 100% 
   1    1    1    1    1 
  0%  25%  50%  75% 100% 
   1    1    1    1    1 
[1] "HERE"
[1] "HERE"
[1] "Current settings:"
[1] 500
[1] 1
[1] 7
[1] FALSE
  0%  25%  50%  75% 100% 
   1    1    1    1    1 
  0%  25%  50%  75% 100% 
   1    1    1    1    1 
[1] "HERE"
[1] "HERE"
[1] "Current settings:"
[1] 500
[1] 1
[1] 8
[1] FALSE
  0%  25%  50%  75% 100% 
   1    1    1    1    1 
  0%  25%  50%  75% 100% 
   1    1    1    1    1 
[1] "HERE"
[1] "HERE"
[1] "Current settings:"
[1] 500
[1] 1
[1] 9
[1] FALSE
  0%  25%  50%  75% 100% 
   1    1    1    1    1 
  0%  25%  50%  75% 100% 
   1    1    1    1    1 
[1] "HERE"
[1] "HERE"
[1] "Current settings:"
[1] 500
[1] 1
[1] 10
[1] FALSE
  0%  25%  50%  75% 100% 
   1    1    1    1    1 
  0%  25%  50%  75% 100% 
   1    1    1    1    1 
[1] "HERE"
[1] "HERE"
[1] "Current settings:"
[1] 500
[1] 1
[1] 11
[1] FALSE
  0%  25%  50%  75% 100% 
   1    1    1    1    1 
  0%  25%  50%  75% 100% 
   1    1    1    1    1 
[1] "HERE"
[1] "HERE"
[1] "Current settings:"
[1] 500
[1] 1
[1] 12
[1] FALSE
  0%  25%  50%  75% 100% 
   1    1    1    1    1 
  0%  25%  50%  75% 100% 
   1    1    1    1    1 
[1] "HERE"
[1] "HERE"
[1] "Current settings:"
[1] 500
[1] 1
[1] 13
[1] FALSE
  0%  25%  50%  75% 100% 
   1    1    1    1    1 
  0%  25%  50%  75% 100% 
   1    1    1    1    1 
[1] "HERE"
[1] "HERE"
[1] "Current settings:"
[1] 500
[1] 1
[1] 14
[1] FALSE
  0%  25%  50%  75% 100% 
   1    1    1    1    1 
  0%  25%  50%  75% 100% 
   1    1    1    1    1 
[1] "HERE"
[1] "HERE"
[1] "Current settings:"
[1] 500
[1] 1
[1] 15
[1] FALSE
  0%  25%  50%  75% 100% 
   1    1    1    1    1 
  0%  25%  50%  75% 100% 
   1    1    1    1    1 
[1] "HERE"
[1] "HERE"
[1] "Current settings:"
[1] 500
[1] 1
[1] 16
[1] FALSE
  0%  25%  50%  75% 100% 
   1    1    1    1    1 
  0%  25%  50%  75% 100% 
   1    1    1    1    1 
[1] "HERE"
[1] "HERE"
[1] "Current settings:"
[1] 500
[1] 1
[1] 17
[1] FALSE
  0%  25%  50%  75% 100% 
   1    1    1    1    1 
  0%  25%  50%  75% 100% 
   1    1    1    1    1 
[1] "HERE"
[1] "HERE"
[1] "Current settings:"
[1] 500
[1] 1
[1] 18
[1] FALSE
  0%  25%  50%  75% 100% 
   1    1    1    1    1 
  0%  25%  50%  75% 100% 
   1    1    1    1    1 
[1] "HERE"
[1] "HERE"
[1] "Current settings:"
[1] 500
[1] 1
[1] 19
[1] FALSE
  0%  25%  50%  75% 100% 
   1    1    1    1    1 
  0%  25%  50%  75% 100% 
   1    1    1    1    1 
[1] "HERE"
[1] "HERE"
[1] "Current settings:"
[1] 500
[1] 1
[1] 20
[1] FALSE
  0%  25%  50%  75% 100% 
   1    1    1    1    1 
  0%  25%  50%  75% 100% 
   1    1    1    1    1 
[1] "HERE"
[1] "HERE"
[1] "Current settings:"
[1] 500
[1] 1
[1] 21
[1] FALSE
  0%  25%  50%  75% 100% 
   1    1    1    1    1 
  0%  25%  50%  75% 100% 
   1    1    1    1    1 
[1] "HERE"
[1] "HERE"
[1] "Current settings:"
[1] 500
[1] 1
[1] 22
[1] FALSE
  0%  25%  50%  75% 100% 
   1    1    1    1    1 
  0%  25%  50%  75% 100% 
   1    1    1    1    1 
[1] "HERE"
[1] "HERE"
[1] "Current settings:"
[1] 500
[1] 1
[1] 23
[1] FALSE
  0%  25%  50%  75% 100% 
   1    1    1    1    1 
  0%  25%  50%  75% 100% 
   1    1    1    1    1 
[1] "HERE"
[1] "HERE"
[1] "Current settings:"
[1] 500
[1] 1
[1] 24
[1] FALSE
  0%  25%  50%  75% 100% 
   1    1    1    1    1 
  0%  25%  50%  75% 100% 
   1    1    1    1    1 
[1] "HERE"
[1] "HERE"
[1] "Current settings:"
[1] 500
[1] 1
[1] 25
[1] FALSE
  0%  25%  50%  75% 100% 
   1    1    1    1    1 
  0%  25%  50%  75% 100% 
   1    1    1    1    1 
[1] "HERE"
[1] "HERE"
[1] "Current settings:"
[1] 500
[1] 1
[1] 26
[1] FALSE
  0%  25%  50%  75% 100% 
   1    1    1    1    1 
  0%  25%  50%  75% 100% 
   1    1    1    1    1 
[1] "HERE"
[1] "HERE"
[1] "Current settings:"
[1] 500
[1] 1
[1] 27
[1] FALSE
  0%  25%  50%  75% 100% 
   1    1    1    1    1 
  0%  25%  50%  75% 100% 
   1    1    1    1    1 
[1] "HERE"
[1] "HERE"
[1] "Current settings:"
[1] 500
[1] 1
[1] 28
[1] FALSE
  0%  25%  50%  75% 100% 
   1    1    1    1    1 
  0%  25%  50%  75% 100% 
   1    1    1    1    1 
[1] "HERE"
[1] "HERE"
[1] "Current settings:"
[1] 500
[1] 1
[1] 29
[1] FALSE
  0%  25%  50%  75% 100% 
   1    1    1    1    1 
  0%  25%  50%  75% 100% 
   1    1    1    1    1 
[1] "HERE"
[1] "HERE"
[1] "Current settings:"
[1] 500
[1] 1
[1] 30
[1] FALSE
  0%  25%  50%  75% 100% 
   1    1    1    1    1 
  0%  25%  50%  75% 100% 
   1    1    1    1    1 
[1] "HERE"
[1] "HERE"
[1] "Current settings:"
[1] 500
[1] 1
[1] 31
[1] FALSE
  0%  25%  50%  75% 100% 
   1    1    1    1    1 
  0%  25%  50%  75% 100% 
   1    1    1    1    1 
[1] "HERE"
[1] "HERE"
[1] "Current settings:"
[1] 500
[1] 1
[1] 32
[1] FALSE
  0%  25%  50%  75% 100% 
   1    1    1    1    1 
  0%  25%  50%  75% 100% 
   1    1    1    1    1 
[1] "HERE"
[1] "HERE"
[1] "Current settings:"
[1] 500
[1] 1
[1] 33
[1] FALSE
  0%  25%  50%  75% 100% 
   1    1    1    1    1 
  0%  25%  50%  75% 100% 
   1    1    1    1    1 
[1] "HERE"
[1] "HERE"
[1] "Current settings:"
[1] 500
[1] 1
[1] 34
[1] FALSE
  0%  25%  50%  75% 100% 
   1    1    1    1    1 
  0%  25%  50%  75% 100% 
   1    1    1    1    1 
[1] "HERE"
[1] "HERE"
[1] "Current settings:"
[1] 500
[1] 1
[1] 35
[1] FALSE
  0%  25%  50%  75% 100% 
   1    1    1    1    1 
  0%  25%  50%  75% 100% 
   1    1    1    1    1 
[1] "HERE"
[1] "HERE"
[1] "Current settings:"
[1] 500
[1] 1
[1] 36
[1] FALSE
  0%  25%  50%  75% 100% 
   1    1    1    1    1 
  0%  25%  50%  75% 100% 
   1    1    1    1    1 
[1] "HERE"
[1] "HERE"
[1] "Current settings:"
[1] 500
[1] 1
[1] 37
[1] FALSE
  0%  25%  50%  75% 100% 
   1    1    1    1    1 
  0%  25%  50%  75% 100% 
   1    1    1    1    1 
[1] "HERE"
[1] "HERE"
[1] "Current settings:"
[1] 500
[1] 1
[1] 38
[1] FALSE
  0%  25%  50%  75% 100% 
   1    1    1    1    1 
  0%  25%  50%  75% 100% 
   1    1    1    1    1 
[1] "HERE"
[1] "HERE"
[1] "Current settings:"
[1] 500
[1] 1
[1] 39
[1] FALSE
  0%  25%  50%  75% 100% 
   1    1    1    1    1 
  0%  25%  50%  75% 100% 
   1    1    1    1    1 
[1] "HERE"
[1] "HERE"
[1] "Current settings:"
[1] 500
[1] 1
[1] 40
[1] FALSE
  0%  25%  50%  75% 100% 
   1    1    1    1    1 
  0%  25%  50%  75% 100% 
   1    1    1    1    1 
[1] "HERE"
[1] "HERE"
[1] "Current settings:"
[1] 500
[1] 1
[1] 41
[1] FALSE
  0%  25%  50%  75% 100% 
   1    1    1    1    1 
  0%  25%  50%  75% 100% 
   1    1    1    1    1 
[1] "HERE"
[1] "HERE"
[1] "Current settings:"
[1] 500
[1] 1
[1] 42
[1] FALSE
  0%  25%  50%  75% 100% 
   1    1    1    1    1 
  0%  25%  50%  75% 100% 
   1    1    1    1    1 
[1] "HERE"
[1] "HERE"
[1] "Current settings:"
[1] 500
[1] 1
[1] 43
[1] FALSE
  0%  25%  50%  75% 100% 
   1    1    1    1    1 
  0%  25%  50%  75% 100% 
   1    1    1    1    1 
[1] "HERE"
[1] "HERE"
[1] "Current settings:"
[1] 500
[1] 1
[1] 44
[1] FALSE
  0%  25%  50%  75% 100% 
   1    1    1    1    1 
  0%  25%  50%  75% 100% 
   1    1    1    1    1 
[1] "HERE"
[1] "HERE"
[1] "Current settings:"
[1] 500
[1] 1
[1] 45
[1] FALSE
  0%  25%  50%  75% 100% 
   1    1    1    1    1 
  0%  25%  50%  75% 100% 
   1    1    1    1    1 
[1] "HERE"
[1] "HERE"
[1] "Current settings:"
[1] 500
[1] 1
[1] 46
[1] FALSE
  0%  25%  50%  75% 100% 
   1    1    1    1    1 
  0%  25%  50%  75% 100% 
   1    1    1    1    1 
[1] "HERE"
[1] "HERE"
[1] "Current settings:"
[1] 500
[1] 1
[1] 47
[1] FALSE
  0%  25%  50%  75% 100% 
   1    1    1    1    1 
  0%  25%  50%  75% 100% 
   1    1    1    1    1 
[1] "HERE"
[1] "HERE"
[1] "Current settings:"
[1] 500
[1] 1
[1] 48
[1] FALSE
  0%  25%  50%  75% 100% 
   1    1    1    1    1 
  0%  25%  50%  75% 100% 
   1    1    1    1    1 
[1] "HERE"
[1] "HERE"
[1] "Current settings:"
[1] 500
[1] 1
[1] 49
[1] FALSE
  0%  25%  50%  75% 100% 
   1    1    1    1    1 
  0%  25%  50%  75% 100% 
   1    1    1    1    1 
[1] "HERE"
[1] "HERE"
[1] "Current settings:"
[1] 500
[1] 1
[1] 50
[1] FALSE
  0%  25%  50%  75% 100% 
   1    1    1    1    1 
  0%  25%  50%  75% 100% 
   1    1    1    1    1 
[1] "HERE"
[1] "HERE"
[1] "Current settings:"
[1] 500
[1] 1
[1] 51
[1] FALSE
  0%  25%  50%  75% 100% 
   1    1    1    1    1 
  0%  25%  50%  75% 100% 
   1    1    1    1    1 
[1] "HERE"
[1] "HERE"
[1] "Current settings:"
[1] 500
[1] 1
[1] 52
[1] FALSE
  0%  25%  50%  75% 100% 
   1    1    1    1    1 
  0%  25%  50%  75% 100% 
   1    1    1    1    1 
[1] "HERE"
[1] "HERE"
[1] "Current settings:"
[1] 500
[1] 1
[1] 53
[1] FALSE
  0%  25%  50%  75% 100% 
   1    1    1    1    1 
  0%  25%  50%  75% 100% 
   1    1    1    1    1 
[1] "HERE"
[1] "HERE"
[1] "Current settings:"
[1] 500
[1] 1
[1] 54
[1] FALSE
  0%  25%  50%  75% 100% 
   1    1    1    1    1 
  0%  25%  50%  75% 100% 
   1    1    1    1    1 
[1] "HERE"
[1] "HERE"
[1] "Current settings:"
[1] 500
[1] 1
[1] 55
[1] FALSE
  0%  25%  50%  75% 100% 
   1    1    1    1    1 
  0%  25%  50%  75% 100% 
   1    1    1    1    1 
[1] "HERE"
[1] "HERE"
[1] "Current settings:"
[1] 500
[1] 1
[1] 56
[1] FALSE
  0%  25%  50%  75% 100% 
   1    1    1    1    1 
  0%  25%  50%  75% 100% 
   1    1    1    1    1 
[1] "HERE"
[1] "HERE"
[1] "Current settings:"
[1] 500
[1] 1
[1] 57
[1] FALSE
  0%  25%  50%  75% 100% 
   1    1    1    1    1 
  0%  25%  50%  75% 100% 
   1    1    1    1    1 
[1] "HERE"
[1] "HERE"
[1] "Current settings:"
[1] 500
[1] 1
[1] 58
[1] FALSE
  0%  25%  50%  75% 100% 
   1    1    1    1    1 
  0%  25%  50%  75% 100% 
   1    1    1    1    1 
[1] "HERE"
[1] "HERE"
[1] "Current settings:"
[1] 500
[1] 1
[1] 59
[1] FALSE
  0%  25%  50%  75% 100% 
   1    1    1    1    1 
  0%  25%  50%  75% 100% 
   1    1    1    1    1 
[1] "HERE"
[1] "HERE"
[1] "Current settings:"
[1] 500
[1] 1
[1] 60
[1] FALSE
  0%  25%  50%  75% 100% 
   1    1    1    1    1 
  0%  25%  50%  75% 100% 
   1    1    1    1    1 
[1] "HERE"
[1] "HERE"
[1] "Current settings:"
[1] 500
[1] 1
[1] 61
[1] FALSE
  0%  25%  50%  75% 100% 
   1    1    1    1    1 
  0%  25%  50%  75% 100% 
   1    1    1    1    1 
[1] "HERE"
[1] "HERE"
[1] "Current settings:"
[1] 500
[1] 1
[1] 62
[1] FALSE
  0%  25%  50%  75% 100% 
   1    1    1    1    1 
  0%  25%  50%  75% 100% 
   1    1    1    1    1 
[1] "HERE"
[1] "HERE"
[1] "Current settings:"
[1] 500
[1] 1
[1] 63
[1] FALSE
  0%  25%  50%  75% 100% 
   1    1    1    1    1 
  0%  25%  50%  75% 100% 
   1    1    1    1    1 
[1] "HERE"
[1] "HERE"
[1] "Current settings:"
[1] 500
[1] 1
[1] 64
[1] FALSE
  0%  25%  50%  75% 100% 
   1    1    1    1    1 
  0%  25%  50%  75% 100% 
   1    1    1    1    1 
[1] "HERE"
[1] "HERE"
[1] "Current settings:"
[1] 500
[1] 1
[1] 65
[1] FALSE
  0%  25%  50%  75% 100% 
   1    1    1    1    1 
  0%  25%  50%  75% 100% 
   1    1    1    1    1 
[1] "HERE"
[1] "HERE"
[1] "Current settings:"
[1] 500
[1] 1
[1] 66
[1] FALSE
  0%  25%  50%  75% 100% 
   1    1    1    1    1 
  0%  25%  50%  75% 100% 
   1    1    1    1    1 
[1] "HERE"
[1] "HERE"
[1] "Current settings:"
[1] 500
[1] 1
[1] 67
[1] FALSE
  0%  25%  50%  75% 100% 
   1    1    1    1    1 
  0%  25%  50%  75% 100% 
   1    1    1    1    1 
[1] "HERE"
[1] "HERE"
[1] "Current settings:"
[1] 500
[1] 1
[1] 68
[1] FALSE
  0%  25%  50%  75% 100% 
   1    1    1    1    1 
  0%  25%  50%  75% 100% 
   1    1    1    1    1 
[1] "HERE"
[1] "HERE"
[1] "Current settings:"
[1] 500
[1] 1
[1] 69
[1] FALSE
  0%  25%  50%  75% 100% 
   1    1    1    1    1 
  0%  25%  50%  75% 100% 
   1    1    1    1    1 
[1] "HERE"
[1] "HERE"
[1] "Current settings:"
[1] 500
[1] 1
[1] 70
[1] FALSE
  0%  25%  50%  75% 100% 
   1    1    1    1    1 
  0%  25%  50%  75% 100% 
   1    1    1    1    1 
[1] "HERE"
[1] "HERE"
[1] "Current settings:"
[1] 500
[1] 1
[1] 71
[1] FALSE
  0%  25%  50%  75% 100% 
   1    1    1    1    1 
  0%  25%  50%  75% 100% 
   1    1    1    1    1 
[1] "HERE"
[1] "HERE"
[1] "Current settings:"
[1] 500
[1] 1
[1] 72
[1] FALSE
  0%  25%  50%  75% 100% 
   1    1    1    1    1 
  0%  25%  50%  75% 100% 
   1    1    1    1    1 
[1] "HERE"
[1] "HERE"
[1] "Current settings:"
[1] 500
[1] 1
[1] 73
[1] FALSE
  0%  25%  50%  75% 100% 
   1    1    1    1    1 
  0%  25%  50%  75% 100% 
   1    1    1    1    1 
[1] "HERE"
[1] "HERE"
[1] "Current settings:"
[1] 500
[1] 1
[1] 74
[1] FALSE
  0%  25%  50%  75% 100% 
   1    1    1    1    1 
  0%  25%  50%  75% 100% 
   1    1    1    1    1 
[1] "HERE"
[1] "HERE"
[1] "Current settings:"
[1] 500
[1] 1
[1] 75
[1] FALSE
  0%  25%  50%  75% 100% 
   1    1    1    1    1 
  0%  25%  50%  75% 100% 
   1    1    1    1    1 
[1] "HERE"
[1] "HERE"
[1] "Current settings:"
[1] 500
[1] 1
[1] 76
[1] FALSE
  0%  25%  50%  75% 100% 
   1    1    1    1    1 
  0%  25%  50%  75% 100% 
   1    1    1    1    1 
[1] "HERE"
[1] "HERE"
[1] "Current settings:"
[1] 500
[1] 1
[1] 77
[1] FALSE
  0%  25%  50%  75% 100% 
   1    1    1    1    1 
  0%  25%  50%  75% 100% 
   1    1    1    1    1 
[1] "HERE"
[1] "HERE"
[1] "Current settings:"
[1] 500
[1] 1
[1] 78
[1] FALSE
  0%  25%  50%  75% 100% 
   1    1    1    1    1 
  0%  25%  50%  75% 100% 
   1    1    1    1    1 
[1] "HERE"
[1] "HERE"
[1] "Current settings:"
[1] 500
[1] 1
[1] 79
[1] FALSE
  0%  25%  50%  75% 100% 
   1    1    1    1    1 
  0%  25%  50%  75% 100% 
   1    1    1    1    1 
[1] "HERE"
[1] "HERE"
[1] "Current settings:"
[1] 500
[1] 1
[1] 80
[1] FALSE
  0%  25%  50%  75% 100% 
   1    1    1    1    1 
  0%  25%  50%  75% 100% 
   1    1    1    1    1 
[1] "HERE"
[1] "HERE"
[1] "Current settings:"
[1] 500
[1] 1
[1] 81
[1] FALSE
  0%  25%  50%  75% 100% 
   1    1    1    1    1 
  0%  25%  50%  75% 100% 
   1    1    1    1    1 
[1] "HERE"
[1] "HERE"
[1] "Current settings:"
[1] 500
[1] 1
[1] 82
[1] FALSE
  0%  25%  50%  75% 100% 
   1    1    1    1    1 
  0%  25%  50%  75% 100% 
   1    1    1    1    1 
[1] "HERE"
[1] "HERE"
[1] "Current settings:"
[1] 500
[1] 1
[1] 83
[1] FALSE
  0%  25%  50%  75% 100% 
   1    1    1    1    1 
  0%  25%  50%  75% 100% 
   1    1    1    1    1 
[1] "HERE"
[1] "HERE"
[1] "Current settings:"
[1] 500
[1] 1
[1] 84
[1] FALSE
  0%  25%  50%  75% 100% 
   1    1    1    1    1 
  0%  25%  50%  75% 100% 
   1    1    1    1    1 
[1] "HERE"
[1] "HERE"
[1] "Current settings:"
[1] 500
[1] 1
[1] 85
[1] FALSE
  0%  25%  50%  75% 100% 
   1    1    1    1    1 
  0%  25%  50%  75% 100% 
   1    1    1    1    1 
[1] "HERE"
[1] "HERE"
[1] "Current settings:"
[1] 500
[1] 1
[1] 86
[1] FALSE
  0%  25%  50%  75% 100% 
   1    1    1    1    1 
  0%  25%  50%  75% 100% 
   1    1    1    1    1 
[1] "HERE"
[1] "HERE"
[1] "Current settings:"
[1] 500
[1] 1
[1] 87
[1] FALSE
  0%  25%  50%  75% 100% 
   1    1    1    1    1 
  0%  25%  50%  75% 100% 
   1    1    1    1    1 
[1] "HERE"
[1] "HERE"
[1] "Current settings:"
[1] 500
[1] 1
[1] 88
[1] FALSE
  0%  25%  50%  75% 100% 
   1    1    1    1    1 
  0%  25%  50%  75% 100% 
   1    1    1    1    1 
[1] "HERE"
[1] "HERE"
[1] "Current settings:"
[1] 500
[1] 1
[1] 89
[1] FALSE
  0%  25%  50%  75% 100% 
   1    1    1    1    1 
  0%  25%  50%  75% 100% 
   1    1    1    1    1 
[1] "HERE"
[1] "HERE"
[1] "Current settings:"
[1] 500
[1] 1
[1] 90
[1] FALSE
  0%  25%  50%  75% 100% 
   1    1    1    1    1 
  0%  25%  50%  75% 100% 
   1    1    1    1    1 
[1] "HERE"
[1] "HERE"
[1] "Current settings:"
[1] 500
[1] 1
[1] 91
[1] FALSE
  0%  25%  50%  75% 100% 
   1    1    1    1    1 
  0%  25%  50%  75% 100% 
   1    1    1    1    1 
[1] "HERE"
[1] "HERE"
[1] "Current settings:"
[1] 500
[1] 1
[1] 92
[1] FALSE
  0%  25%  50%  75% 100% 
   1    1    1    1    1 
  0%  25%  50%  75% 100% 
   1    1    1    1    1 
[1] "HERE"
[1] "HERE"
[1] "Current settings:"
[1] 500
[1] 1
[1] 93
[1] FALSE
  0%  25%  50%  75% 100% 
   1    1    1    1    1 
  0%  25%  50%  75% 100% 
   1    1    1    1    1 
[1] "HERE"
[1] "HERE"
[1] "Current settings:"
[1] 500
[1] 1
[1] 94
[1] FALSE
  0%  25%  50%  75% 100% 
   1    1    1    1    1 
  0%  25%  50%  75% 100% 
   1    1    1    1    1 
[1] "HERE"
[1] "HERE"
[1] "Current settings:"
[1] 500
[1] 1
[1] 95
[1] FALSE
  0%  25%  50%  75% 100% 
   1    1    1    1    1 
  0%  25%  50%  75% 100% 
   1    1    1    1    1 
[1] "HERE"
[1] "HERE"
[1] "Current settings:"
[1] 500
[1] 1
[1] 96
[1] FALSE
  0%  25%  50%  75% 100% 
   1    1    1    1    1 
  0%  25%  50%  75% 100% 
   1    1    1    1    1 
[1] "HERE"
[1] "HERE"
[1] "Current settings:"
[1] 500
[1] 1
[1] 97
[1] FALSE
  0%  25%  50%  75% 100% 
   1    1    1    1    1 
  0%  25%  50%  75% 100% 
   1    1    1    1    1 
[1] "HERE"
[1] "HERE"
[1] "Current settings:"
[1] 500
[1] 1
[1] 98
[1] FALSE
  0%  25%  50%  75% 100% 
   1    1    1    1    1 
  0%  25%  50%  75% 100% 
   1    1    1    1    1 
[1] "HERE"
[1] "HERE"
[1] "Current settings:"
[1] 500
[1] 1
[1] 99
[1] FALSE
  0%  25%  50%  75% 100% 
   1    1    1    1    1 
  0%  25%  50%  75% 100% 
   1    1    1    1    1 
[1] "HERE"
[1] "HERE"
[1] "Current settings:"
[1] 500
[1] 1
[1] 100
[1] FALSE
  0%  25%  50%  75% 100% 
   1    1    1    1    1 
  0%  25%  50%  75% 100% 
   1    1    1    1    1 
[1] "HERE"
[1] "HERE"
[1] "Current settings:"
[1] 500
[1] 1
[1] 101
[1] FALSE
  0%  25%  50%  75% 100% 
   1    1    1    1    1 
  0%  25%  50%  75% 100% 
   1    1    1    1    1 
[1] "HERE"
[1] "HERE"
[1] "Current settings:"
[1] 500
[1] 1
[1] 102
[1] FALSE
  0%  25%  50%  75% 100% 
   1    1    1    1    1 
  0%  25%  50%  75% 100% 
   1    1    1    1    1 
[1] "HERE"
[1] "HERE"
[1] "Current settings:"
[1] 500
[1] 1
[1] 103
[1] FALSE
  0%  25%  50%  75% 100% 
   1    1    1    1    1 
  0%  25%  50%  75% 100% 
   1    1    1    1    1 
[1] "HERE"
[1] "HERE"
[1] "Current settings:"
[1] 500
[1] 1
[1] 104
[1] FALSE
  0%  25%  50%  75% 100% 
   1    1    1    1    1 
  0%  25%  50%  75% 100% 
   1    1    1    1    1 
[1] "HERE"
[1] "HERE"
[1] "Current settings:"
[1] 500
[1] 1
[1] 105
[1] FALSE
  0%  25%  50%  75% 100% 
   1    1    1    1    1 
  0%  25%  50%  75% 100% 
   1    1    1    1    1 
[1] "HERE"
[1] "HERE"
[1] "Current settings:"
[1] 500
[1] 1
[1] 106
[1] FALSE
  0%  25%  50%  75% 100% 
   1    1    1    1    1 
  0%  25%  50%  75% 100% 
   1    1    1    1    1 
[1] "HERE"
[1] "HERE"
[1] "Current settings:"
[1] 500
[1] 1
[1] 107
[1] FALSE
  0%  25%  50%  75% 100% 
   1    1    1    1    1 
  0%  25%  50%  75% 100% 
   1    1    1    1    1 
[1] "HERE"
[1] "HERE"
[1] "Current settings:"
[1] 500
[1] 1
[1] 108
[1] FALSE
  0%  25%  50%  75% 100% 
   1    1    1    1    1 
  0%  25%  50%  75% 100% 
   1    1    1    1    1 
[1] "HERE"
[1] "HERE"
[1] "Current settings:"
[1] 500
[1] 1
[1] 109
[1] FALSE
  0%  25%  50%  75% 100% 
   1    1    1    1    1 
  0%  25%  50%  75% 100% 
   1    1    1    1    1 
[1] "HERE"
[1] "HERE"
[1] "Current settings:"
[1] 500
[1] 1
[1] 110
[1] FALSE
  0%  25%  50%  75% 100% 
   1    1    1    1    1 
  0%  25%  50%  75% 100% 
   1    1    1    1    1 
[1] "HERE"
[1] "HERE"
[1] "Current settings:"
[1] 500
[1] 1
[1] 111
[1] FALSE
  0%  25%  50%  75% 100% 
   1    1    1    1    1 
  0%  25%  50%  75% 100% 
   1    1    1    1    1 
[1] "HERE"
[1] "HERE"
[1] "Current settings:"
[1] 500
[1] 1
[1] 112
[1] FALSE
  0%  25%  50%  75% 100% 
   1    1    1    1    1 
  0%  25%  50%  75% 100% 
   1    1    1    1    1 
[1] "HERE"
[1] "HERE"
[1] "Current settings:"
[1] 500
[1] 1
[1] 113
[1] FALSE
  0%  25%  50%  75% 100% 
   1    1    1    1    1 
  0%  25%  50%  75% 100% 
   1    1    1    1    1 
[1] "HERE"
[1] "HERE"
[1] "Current settings:"
[1] 500
[1] 1
[1] 114
[1] FALSE
  0%  25%  50%  75% 100% 
   1    1    1    1    1 
  0%  25%  50%  75% 100% 
   1    1    1    1    1 
[1] "HERE"
[1] "HERE"
[1] "Current settings:"
[1] 500
[1] 1
[1] 115
[1] FALSE
  0%  25%  50%  75% 100% 
   1    1    1    1    1 
  0%  25%  50%  75% 100% 
   1    1    1    1    1 
[1] "HERE"
[1] "HERE"
[1] "Current settings:"
[1] 500
[1] 1
[1] 116
[1] FALSE
  0%  25%  50%  75% 100% 
   1    1    1    1    1 
  0%  25%  50%  75% 100% 
   1    1    1    1    1 
[1] "HERE"
[1] "HERE"
[1] "Current settings:"
[1] 500
[1] 1
[1] 117
[1] FALSE
  0%  25%  50%  75% 100% 
   1    1    1    1    1 
  0%  25%  50%  75% 100% 
   1    1    1    1    1 
[1] "HERE"
[1] "HERE"
[1] "Current settings:"
[1] 500
[1] 1
[1] 118
[1] FALSE
  0%  25%  50%  75% 100% 
   1    1    1    1    1 
  0%  25%  50%  75% 100% 
   1    1    1    1    1 
[1] "HERE"
[1] "HERE"
[1] "Current settings:"
[1] 500
[1] 1
[1] 119
[1] FALSE
  0%  25%  50%  75% 100% 
   1    1    1    1    1 
  0%  25%  50%  75% 100% 
   1    1    1    1    1 
[1] "HERE"
[1] "HERE"
[1] "Current settings:"
[1] 500
[1] 1
[1] 120
[1] FALSE
  0%  25%  50%  75% 100% 
   1    1    1    1    1 
  0%  25%  50%  75% 100% 
   1    1    1    1    1 
[1] "HERE"
[1] "HERE"
[1] "Current settings:"
[1] 500
[1] 1
[1] 121
[1] FALSE
  0%  25%  50%  75% 100% 
   1    1    1    1    1 
  0%  25%  50%  75% 100% 
   1    1    1    1    1 
[1] "HERE"
[1] "HERE"
[1] "Current settings:"
[1] 500
[1] 1
[1] 122
[1] FALSE
  0%  25%  50%  75% 100% 
   1    1    1    1    1 
  0%  25%  50%  75% 100% 
   1    1    1    1    1 
[1] "HERE"
[1] "HERE"
[1] "Current settings:"
[1] 500
[1] 1
[1] 123
[1] FALSE
  0%  25%  50%  75% 100% 
   1    1    1    1    1 
  0%  25%  50%  75% 100% 
   1    1    1    1    1 
[1] "HERE"
[1] "HERE"
[1] "Current settings:"
[1] 500
[1] 1
[1] 124
[1] FALSE
  0%  25%  50%  75% 100% 
   1    1    1    1    1 
  0%  25%  50%  75% 100% 
   1    1    1    1    1 
[1] "HERE"
[1] "HERE"
[1] "Current settings:"
[1] 500
[1] 1
[1] 125
[1] FALSE
  0%  25%  50%  75% 100% 
   1    1    1    1    1 
  0%  25%  50%  75% 100% 
   1    1    1    1    1 
[1] "HERE"
[1] "HERE"
[1] "Current settings:"
[1] 500
[1] 1
[1] 126
[1] FALSE
  0%  25%  50%  75% 100% 
   1    1    1    1    1 
  0%  25%  50%  75% 100% 
   1    1    1    1    1 
[1] "HERE"
[1] "HERE"
[1] "Current settings:"
[1] 500
[1] 1
[1] 127
[1] FALSE
  0%  25%  50%  75% 100% 
   1    1    1    1    1 
  0%  25%  50%  75% 100% 
   1    1    1    1    1 
[1] "HERE"
[1] "HERE"
[1] "Current settings:"
[1] 500
[1] 1
[1] 128
[1] FALSE
  0%  25%  50%  75% 100% 
   1    1    1    1    1 
  0%  25%  50%  75% 100% 
   1    1    1    1    1 
[1] "HERE"
[1] "HERE"
[1] "Current settings:"
[1] 500
[1] 1
[1] 129
[1] FALSE
  0%  25%  50%  75% 100% 
   1    1    1    1    1 
  0%  25%  50%  75% 100% 
   1    1    1    1    1 
[1] "HERE"
[1] "HERE"
[1] "Current settings:"
[1] 500
[1] 1
[1] 130
[1] FALSE
  0%  25%  50%  75% 100% 
   1    1    1    1    1 
  0%  25%  50%  75% 100% 
   1    1    1    1    1 
[1] "HERE"
[1] "HERE"
[1] "Current settings:"
[1] 500
[1] 1
[1] 131
[1] FALSE
  0%  25%  50%  75% 100% 
   1    1    1    1    1 
  0%  25%  50%  75% 100% 
   1    1    1    1    1 
[1] "HERE"
[1] "HERE"
[1] "Current settings:"
[1] 500
[1] 1
[1] 132
[1] FALSE
  0%  25%  50%  75% 100% 
   1    1    1    1    1 
  0%  25%  50%  75% 100% 
   1    1    1    1    1 
[1] "HERE"
[1] "HERE"
[1] "Current settings:"
[1] 500
[1] 1
[1] 133
[1] FALSE
  0%  25%  50%  75% 100% 
   1    1    1    1    1 
  0%  25%  50%  75% 100% 
   1    1    1    1    1 
[1] "HERE"
[1] "HERE"
[1] "Current settings:"
[1] 500
[1] 1
[1] 134
[1] FALSE
  0%  25%  50%  75% 100% 
   1    1    1    1    1 
  0%  25%  50%  75% 100% 
   1    1    1    1    1 
[1] "HERE"
[1] "HERE"
[1] "Current settings:"
[1] 500
[1] 1
[1] 135
[1] FALSE
  0%  25%  50%  75% 100% 
   1    1    1    1    1 
  0%  25%  50%  75% 100% 
   1    1    1    1    1 
[1] "HERE"
[1] "HERE"
[1] "Current settings:"
[1] 500
[1] 1
[1] 136
[1] FALSE
  0%  25%  50%  75% 100% 
   1    1    1    1    1 
  0%  25%  50%  75% 100% 
   1    1    1    1    1 
[1] "HERE"
[1] "HERE"
[1] "Current settings:"
[1] 500
[1] 1
[1] 137
[1] FALSE
  0%  25%  50%  75% 100% 
   1    1    1    1    1 
  0%  25%  50%  75% 100% 
   1    1    1    1    1 
[1] "HERE"
[1] "HERE"
[1] "Current settings:"
[1] 500
[1] 1
[1] 138
[1] FALSE
  0%  25%  50%  75% 100% 
   1    1    1    1    1 
  0%  25%  50%  75% 100% 
   1    1    1    1    1 
[1] "HERE"
[1] "HERE"
[1] "Current settings:"
[1] 500
[1] 1
[1] 139
[1] FALSE
  0%  25%  50%  75% 100% 
   1    1    1    1    1 
  0%  25%  50%  75% 100% 
   1    1    1    1    1 
[1] "HERE"
[1] "HERE"
[1] "Current settings:"
[1] 500
[1] 1
[1] 140
[1] FALSE
  0%  25%  50%  75% 100% 
   1    1    1    1    1 
  0%  25%  50%  75% 100% 
   1    1    1    1    1 
[1] "HERE"
[1] "HERE"
[1] "Current settings:"
[1] 500
[1] 1
[1] 141
[1] FALSE
  0%  25%  50%  75% 100% 
   1    1    1    1    1 
  0%  25%  50%  75% 100% 
   1    1    1    1    1 
[1] "HERE"
[1] "HERE"
[1] "Current settings:"
[1] 500
[1] 1
[1] 142
[1] FALSE
  0%  25%  50%  75% 100% 
   1    1    1    1    1 
  0%  25%  50%  75% 100% 
   1    1    1    1    1 
[1] "HERE"
[1] "HERE"
[1] "Current settings:"
[1] 500
[1] 1
[1] 143
[1] FALSE
  0%  25%  50%  75% 100% 
   1    1    1    1    1 
  0%  25%  50%  75% 100% 
   1    1    1    1    1 
[1] "HERE"
[1] "HERE"
[1] "Current settings:"
[1] 500
[1] 1
[1] 144
[1] FALSE
  0%  25%  50%  75% 100% 
   1    1    1    1    1 
  0%  25%  50%  75% 100% 
   1    1    1    1    1 
[1] "HERE"
[1] "HERE"
[1] "Current settings:"
[1] 500
[1] 1
[1] 145
[1] FALSE
  0%  25%  50%  75% 100% 
   1    1    1    1    1 
  0%  25%  50%  75% 100% 
   1    1    1    1    1 
[1] "HERE"
[1] "HERE"
[1] "Current settings:"
[1] 500
[1] 1
[1] 146
[1] FALSE
  0%  25%  50%  75% 100% 
   1    1    1    1    1 
  0%  25%  50%  75% 100% 
   1    1    1    1    1 
[1] "HERE"
[1] "HERE"
[1] "Current settings:"
[1] 500
[1] 1
[1] 147
[1] FALSE
  0%  25%  50%  75% 100% 
   1    1    1    1    1 
  0%  25%  50%  75% 100% 
   1    1    1    1    1 
[1] "HERE"
[1] "HERE"
[1] "Current settings:"
[1] 500
[1] 1
[1] 148
[1] FALSE
  0%  25%  50%  75% 100% 
   1    1    1    1    1 
  0%  25%  50%  75% 100% 
   1    1    1    1    1 
[1] "HERE"
[1] "HERE"
[1] "Current settings:"
[1] 500
[1] 1
[1] 149
[1] FALSE
  0%  25%  50%  75% 100% 
   1    1    1    1    1 
  0%  25%  50%  75% 100% 
   1    1    1    1    1 
[1] "HERE"
[1] "HERE"
[1] "Current settings:"
[1] 500
[1] 1
[1] 150
[1] FALSE
  0%  25%  50%  75% 100% 
   1    1    1    1    1 
  0%  25%  50%  75% 100% 
   1    1    1    1    1 
[1] "HERE"
[1] "HERE"
[1] "Current settings:"
[1] 500
[1] 1
[1] 151
[1] FALSE
  0%  25%  50%  75% 100% 
   1    1    1    1    1 
  0%  25%  50%  75% 100% 
   1    1    1    1    1 
[1] "HERE"
[1] "HERE"
[1] "Current settings:"
[1] 500
[1] 1
[1] 152
[1] FALSE
  0%  25%  50%  75% 100% 
   1    1    1    1    1 
  0%  25%  50%  75% 100% 
   1    1    1    1    1 
[1] "HERE"
[1] "HERE"
[1] "Current settings:"
[1] 500
[1] 1
[1] 153
[1] FALSE
  0%  25%  50%  75% 100% 
   1    1    1    1    1 
  0%  25%  50%  75% 100% 
   1    1    1    1    1 
[1] "HERE"
[1] "HERE"
[1] "Current settings:"
[1] 500
[1] 1
[1] 154
[1] FALSE
  0%  25%  50%  75% 100% 
   1    1    1    1    1 
  0%  25%  50%  75% 100% 
   1    1    1    1    1 
[1] "HERE"
[1] "HERE"
[1] "Current settings:"
[1] 500
[1] 1
[1] 155
[1] FALSE
  0%  25%  50%  75% 100% 
   1    1    1    1    1 
  0%  25%  50%  75% 100% 
   1    1    1    1    1 
[1] "HERE"
[1] "HERE"
[1] "Current settings:"
[1] 500
[1] 1
[1] 156
[1] FALSE
  0%  25%  50%  75% 100% 
   1    1    1    1    1 
  0%  25%  50%  75% 100% 
   1    1    1    1    1 
[1] "HERE"
[1] "HERE"
[1] "Current settings:"
[1] 500
[1] 1
[1] 157
[1] FALSE
  0%  25%  50%  75% 100% 
   1    1    1    1    1 
  0%  25%  50%  75% 100% 
   1    1    1    1    1 
[1] "HERE"
[1] "HERE"
[1] "Current settings:"
[1] 500
[1] 1
[1] 158
[1] FALSE
  0%  25%  50%  75% 100% 
   1    1    1    1    1 
  0%  25%  50%  75% 100% 
   1    1    1    1    1 
[1] "HERE"
[1] "HERE"
[1] "Current settings:"
[1] 500
[1] 1
[1] 159
[1] FALSE
  0%  25%  50%  75% 100% 
   1    1    1    1    1 
  0%  25%  50%  75% 100% 
   1    1    1    1    1 
[1] "HERE"
[1] "HERE"
[1] "Current settings:"
[1] 500
[1] 1
[1] 160
[1] FALSE
  0%  25%  50%  75% 100% 
   1    1    1    1    1 
  0%  25%  50%  75% 100% 
   1    1    1    1    1 
[1] "HERE"
[1] "HERE"
[1] "Current settings:"
[1] 500
[1] 1
[1] 161
[1] FALSE
  0%  25%  50%  75% 100% 
   1    1    1    1    1 
  0%  25%  50%  75% 100% 
   1    1    1    1    1 
[1] "HERE"
[1] "HERE"
[1] "Current settings:"
[1] 500
[1] 1
[1] 162
[1] FALSE
  0%  25%  50%  75% 100% 
   1    1    1    1    1 
  0%  25%  50%  75% 100% 
   1    1    1    1    1 
[1] "HERE"
[1] "HERE"
[1] "Current settings:"
[1] 500
[1] 1
[1] 163
[1] FALSE
  0%  25%  50%  75% 100% 
   1    1    1    1    1 
  0%  25%  50%  75% 100% 
   1    1    1    1    1 
[1] "HERE"
[1] "HERE"
[1] "Current settings:"
[1] 500
[1] 1
[1] 164
[1] FALSE
  0%  25%  50%  75% 100% 
   1    1    1    1    1 
  0%  25%  50%  75% 100% 
   1    1    1    1    1 
[1] "HERE"
[1] "HERE"
[1] "Current settings:"
[1] 500
[1] 1
[1] 165
[1] FALSE
  0%  25%  50%  75% 100% 
   1    1    1    1    1 
  0%  25%  50%  75% 100% 
   1    1    1    1    1 
[1] "HERE"
[1] "HERE"
[1] "Current settings:"
[1] 500
[1] 1
[1] 166
[1] FALSE
  0%  25%  50%  75% 100% 
   1    1    1    1    1 
  0%  25%  50%  75% 100% 
   1    1    1    1    1 
[1] "HERE"
[1] "HERE"
[1] "Current settings:"
[1] 500
[1] 1
[1] 167
[1] FALSE
  0%  25%  50%  75% 100% 
   1    1    1    1    1 
  0%  25%  50%  75% 100% 
   1    1    1    1    1 
[1] "HERE"
[1] "HERE"
[1] "Current settings:"
[1] 500
[1] 1
[1] 168
[1] FALSE
  0%  25%  50%  75% 100% 
   1    1    1    1    1 
  0%  25%  50%  75% 100% 
   1    1    1    1    1 
[1] "HERE"
[1] "HERE"
[1] "Current settings:"
[1] 500
[1] 1
[1] 169
[1] FALSE
  0%  25%  50%  75% 100% 
   1    1    1    1    1 
  0%  25%  50%  75% 100% 
   1    1    1    1    1 
[1] "HERE"
[1] "HERE"
[1] "Current settings:"
[1] 500
[1] 1
[1] 170
[1] FALSE
  0%  25%  50%  75% 100% 
   1    1    1    1    1 
  0%  25%  50%  75% 100% 
   1    1    1    1    1 
[1] "HERE"
[1] "HERE"
[1] "Current settings:"
[1] 500
[1] 1
[1] 171
[1] FALSE
  0%  25%  50%  75% 100% 
   1    1    1    1    1 
  0%  25%  50%  75% 100% 
   1    1    1    1    1 
[1] "HERE"
[1] "HERE"
[1] "Current settings:"
[1] 500
[1] 1
[1] 172
[1] FALSE
  0%  25%  50%  75% 100% 
   1    1    1    1    1 
  0%  25%  50%  75% 100% 
   1    1    1    1    1 
[1] "HERE"
[1] "HERE"
[1] "Current settings:"
[1] 500
[1] 1
[1] 173
[1] FALSE
  0%  25%  50%  75% 100% 
   1    1    1    1    1 
  0%  25%  50%  75% 100% 
   1    1    1    1    1 
[1] "HERE"
[1] "HERE"
[1] "Current settings:"
[1] 500
[1] 1
[1] 174
[1] FALSE
  0%  25%  50%  75% 100% 
   1    1    1    1    1 
  0%  25%  50%  75% 100% 
   1    1    1    1    1 
[1] "HERE"
[1] "HERE"
[1] "Current settings:"
[1] 500
[1] 1
[1] 175
[1] FALSE
  0%  25%  50%  75% 100% 
   1    1    1    1    1 
  0%  25%  50%  75% 100% 
   1    1    1    1    1 
[1] "HERE"
[1] "HERE"
[1] "Current settings:"
[1] 500
[1] 1
[1] 176
[1] FALSE
  0%  25%  50%  75% 100% 
   1    1    1    1    1 
  0%  25%  50%  75% 100% 
   1    1    1    1    1 
[1] "HERE"
[1] "HERE"
[1] "Current settings:"
[1] 500
[1] 1
[1] 177
[1] FALSE
  0%  25%  50%  75% 100% 
   1    1    1    1    1 
  0%  25%  50%  75% 100% 
   1    1    1    1    1 
[1] "HERE"
[1] "HERE"
[1] "Current settings:"
[1] 500
[1] 1
[1] 178
[1] FALSE
  0%  25%  50%  75% 100% 
   1    1    1    1    1 
  0%  25%  50%  75% 100% 
   1    1    1    1    1 
[1] "HERE"
[1] "HERE"
[1] "Current settings:"
[1] 500
[1] 1
[1] 179
[1] FALSE
  0%  25%  50%  75% 100% 
   1    1    1    1    1 
  0%  25%  50%  75% 100% 
   1    1    1    1    1 
[1] "HERE"
[1] "HERE"
[1] "Current settings:"
[1] 500
[1] 1
[1] 180
[1] FALSE
  0%  25%  50%  75% 100% 
   1    1    1    1    1 
  0%  25%  50%  75% 100% 
   1    1    1    1    1 
[1] "HERE"
[1] "HERE"
[1] "Current settings:"
[1] 500
[1] 1
[1] 181
[1] FALSE
  0%  25%  50%  75% 100% 
   1    1    1    1    1 
  0%  25%  50%  75% 100% 
   1    1    1    1    1 
[1] "HERE"
[1] "HERE"
[1] "Current settings:"
[1] 500
[1] 1
[1] 182
[1] FALSE
  0%  25%  50%  75% 100% 
   1    1    1    1    1 
  0%  25%  50%  75% 100% 
   1    1    1    1    1 
[1] "HERE"
[1] "HERE"
[1] "Current settings:"
[1] 500
[1] 1
[1] 183
[1] FALSE
  0%  25%  50%  75% 100% 
   1    1    1    1    1 
  0%  25%  50%  75% 100% 
   1    1    1    1    1 
[1] "HERE"
[1] "HERE"
[1] "Current settings:"
[1] 500
[1] 1
[1] 184
[1] FALSE
  0%  25%  50%  75% 100% 
   1    1    1    1    1 
  0%  25%  50%  75% 100% 
   1    1    1    1    1 
[1] "HERE"
[1] "HERE"
[1] "Current settings:"
[1] 500
[1] 1
[1] 185
[1] FALSE
  0%  25%  50%  75% 100% 
   1    1    1    1    1 
  0%  25%  50%  75% 100% 
   1    1    1    1    1 
[1] "HERE"
[1] "HERE"
[1] "Current settings:"
[1] 500
[1] 1
[1] 186
[1] FALSE
  0%  25%  50%  75% 100% 
   1    1    1    1    1 
  0%  25%  50%  75% 100% 
   1    1    1    1    1 
[1] "HERE"
[1] "HERE"
[1] "Current settings:"
[1] 500
[1] 1
[1] 187
[1] FALSE
  0%  25%  50%  75% 100% 
   1    1    1    1    1 
  0%  25%  50%  75% 100% 
   1    1    1    1    1 
[1] "HERE"
[1] "HERE"
[1] "Current settings:"
[1] 500
[1] 1
[1] 188
[1] FALSE
  0%  25%  50%  75% 100% 
   1    1    1    1    1 
  0%  25%  50%  75% 100% 
   1    1    1    1    1 
[1] "HERE"
