LOADING R
R LOADED
[1] "/home/lvanderl/Rlibs2"                         
[2] "/app/software/R/4.2.2-foss-2021b/lib/R/library"
[1] "/home/lvanderl/sieveSims"
[1] "Iteration number: 1"
[1] "pos"
[1] 1.274638e-05 9.997324e-01
[1] "Fitting mu0 = E[Y|A=0,W]"
[1] "Iteration number: 2"
[1] "pos"
[1] 8.704126e-06 9.996516e-01
[1] "Fitting mu0 = E[Y|A=0,W]"
[1] "Iteration number: 3"
[1] "pos"
[1] 1.046365e-05 9.999352e-01
[1] "Fitting mu0 = E[Y|A=0,W]"
[1] "Iteration number: 4"
[1] "pos"
[1] 6.038056e-06 9.999065e-01
[1] "Fitting mu0 = E[Y|A=0,W]"
[1] "Iteration number: 5"
[1] "pos"
[1] 1.431762e-05 9.998264e-01
[1] "Fitting mu0 = E[Y|A=0,W]"
[1] "Iteration number: 6"
[1] "pos"
[1] 3.915671e-06 9.998748e-01
[1] "Fitting mu0 = E[Y|A=0,W]"
[1] "Iteration number: 7"
[1] "pos"
[1] 3.184261e-06 9.994432e-01
[1] "Fitting mu0 = E[Y|A=0,W]"
[1] "Iteration number: 8"
[1] "pos"
[1] 5.695550e-06 9.998848e-01
[1] "Fitting mu0 = E[Y|A=0,W]"
[1] "Iteration number: 9"
[1] "pos"
[1] 2.818857e-06 9.998957e-01
[1] "Fitting mu0 = E[Y|A=0,W]"
[1] "Iteration number: 10"
[1] "pos"
[1] 6.455685e-06 9.997893e-01
[1] "Fitting mu0 = E[Y|A=0,W]"
[1] "Iteration number: 11"
[1] "pos"
[1] 5.948517e-06 9.998508e-01
[1] "Fitting mu0 = E[Y|A=0,W]"
[1] "Iteration number: 12"
[1] "pos"
[1] 3.615540e-06 9.998783e-01
[1] "Fitting mu0 = E[Y|A=0,W]"
[1] "Iteration number: 13"
[1] "pos"
[1] 4.035479e-06 9.998425e-01
[1] "Fitting mu0 = E[Y|A=0,W]"
[1] "Iteration number: 14"
[1] "pos"
[1] 9.151303e-06 9.997615e-01
[1] "Fitting mu0 = E[Y|A=0,W]"
[1] "Iteration number: 15"
[1] "pos"
[1] 4.605660e-06 9.995294e-01
[1] "Fitting mu0 = E[Y|A=0,W]"
[1] "Iteration number: 16"
[1] "pos"
[1] 8.878019e-06 9.999058e-01
[1] "Fitting mu0 = E[Y|A=0,W]"
[1] "Iteration number: 17"
[1] "pos"
[1] 4.030972e-06 9.998625e-01
[1] "Fitting mu0 = E[Y|A=0,W]"
[1] "Iteration number: 18"
[1] "pos"
[1] 5.322774e-06 9.998278e-01
[1] "Fitting mu0 = E[Y|A=0,W]"
[1] "Iteration number: 19"
[1] "pos"
[1] 1.658669e-05 9.998698e-01
[1] "Fitting mu0 = E[Y|A=0,W]"
[1] "Iteration number: 20"
[1] "pos"
[1] 2.762947e-06 9.998745e-01
[1] "Fitting mu0 = E[Y|A=0,W]"
[1] "Iteration number: 21"
[1] "pos"
[1] 5.778425e-06 9.998116e-01
[1] "Fitting mu0 = E[Y|A=0,W]"
[1] "Iteration number: 22"
[1] "pos"
[1] 4.880495e-06 9.999113e-01
[1] "Fitting mu0 = E[Y|A=0,W]"
[1] "Iteration number: 23"
[1] "pos"
[1] 1.680681e-05 9.997990e-01
[1] "Fitting mu0 = E[Y|A=0,W]"
[1] "Iteration number: 24"
[1] "pos"
[1] 6.823859e-06 9.998256e-01
[1] "Fitting mu0 = E[Y|A=0,W]"
[1] "Iteration number: 25"
[1] "pos"
[1] 3.171229e-06 9.997820e-01
[1] "Fitting mu0 = E[Y|A=0,W]"
[1] "Iteration number: 26"
[1] "pos"
[1] 6.277301e-06 9.998199e-01
[1] "Fitting mu0 = E[Y|A=0,W]"
[1] "Iteration number: 27"
[1] "pos"
[1] 7.503217e-06 9.999134e-01
[1] "Fitting mu0 = E[Y|A=0,W]"
[1] "Iteration number: 28"
[1] "pos"
[1] 5.184864e-06 9.999382e-01
[1] "Fitting mu0 = E[Y|A=0,W]"
[1] "Iteration number: 29"
[1] "pos"
[1] 4.683891e-06 9.999332e-01
[1] "Fitting mu0 = E[Y|A=0,W]"
[1] "Iteration number: 30"
[1] "pos"
[1] 1.630994e-05 9.996074e-01
[1] "Fitting mu0 = E[Y|A=0,W]"
[1] "Iteration number: 31"
[1] "pos"
[1] 2.942124e-06 9.998464e-01
[1] "Fitting mu0 = E[Y|A=0,W]"
[1] "Iteration number: 32"
[1] "pos"
[1] 9.369428e-06 9.997729e-01
[1] "Fitting mu0 = E[Y|A=0,W]"
[1] "Iteration number: 33"
[1] "pos"
[1] 7.409515e-06 9.998584e-01
[1] "Fitting mu0 = E[Y|A=0,W]"
[1] "Iteration number: 34"
[1] "pos"
[1] 1.990674e-05 9.996561e-01
[1] "Fitting mu0 = E[Y|A=0,W]"
[1] "Iteration number: 35"
[1] "pos"
[1] 1.021192e-05 9.998842e-01
[1] "Fitting mu0 = E[Y|A=0,W]"
[1] "Iteration number: 36"
[1] "pos"
[1] 1.052587e-05 9.999278e-01
[1] "Fitting mu0 = E[Y|A=0,W]"
[1] "Iteration number: 37"
[1] "pos"
[1] 0.0000240468 0.9995555865
[1] "Fitting mu0 = E[Y|A=0,W]"
[1] "Iteration number: 38"
[1] "pos"
[1] 3.032495e-06 9.996228e-01
[1] "Fitting mu0 = E[Y|A=0,W]"
[1] "Iteration number: 39"
[1] "pos"
[1] 3.105516e-06 9.999018e-01
[1] "Fitting mu0 = E[Y|A=0,W]"
[1] "Iteration number: 40"
[1] "pos"
[1] 5.437614e-06 9.998170e-01
[1] "Fitting mu0 = E[Y|A=0,W]"
[1] "Iteration number: 41"
[1] "pos"
[1] 1.492675e-05 9.998609e-01
[1] "Fitting mu0 = E[Y|A=0,W]"
[1] "Iteration number: 42"
[1] "pos"
[1] 3.699463e-06 9.997214e-01
[1] "Fitting mu0 = E[Y|A=0,W]"
[1] "Iteration number: 43"
[1] "pos"
[1] 1.691075e-05 9.998346e-01
[1] "Fitting mu0 = E[Y|A=0,W]"
[1] "Iteration number: 44"
[1] "pos"
[1] 3.302552e-06 9.998689e-01
[1] "Fitting mu0 = E[Y|A=0,W]"
[1] "Iteration number: 45"
[1] "pos"
[1] 4.265386e-05 9.998102e-01
[1] "Fitting mu0 = E[Y|A=0,W]"
[1] "Iteration number: 46"
[1] "pos"
[1] 4.525757e-06 9.999003e-01
[1] "Fitting mu0 = E[Y|A=0,W]"
[1] "Iteration number: 47"
[1] "pos"
[1] 0.0000106652 0.9998618489
[1] "Fitting mu0 = E[Y|A=0,W]"
[1] "Iteration number: 48"
[1] "pos"
[1] 2.471792e-06 9.999220e-01
[1] "Fitting mu0 = E[Y|A=0,W]"
[1] "Iteration number: 49"
[1] "pos"
[1] 0.0000149996 0.9996786467
[1] "Fitting mu0 = E[Y|A=0,W]"
[1] "Iteration number: 50"
[1] "pos"
[1] 7.872896e-06 9.997647e-01
[1] "Fitting mu0 = E[Y|A=0,W]"
[1] "Iteration number: 51"
[1] "pos"
[1] 1.555904e-05 9.997482e-01
[1] "Fitting mu0 = E[Y|A=0,W]"
[1] "Iteration number: 52"
[1] "pos"
[1] 2.146899e-05 9.999151e-01
[1] "Fitting mu0 = E[Y|A=0,W]"
[1] "Iteration number: 53"
[1] "pos"
[1] 2.567693e-05 9.995511e-01
[1] "Fitting mu0 = E[Y|A=0,W]"
[1] "Iteration number: 54"
[1] "pos"
[1] 5.240323e-06 9.998273e-01
[1] "Fitting mu0 = E[Y|A=0,W]"
[1] "Iteration number: 55"
[1] "pos"
[1] 4.054218e-06 9.999261e-01
[1] "Fitting mu0 = E[Y|A=0,W]"
[1] "Iteration number: 56"
[1] "pos"
[1] 2.097977e-05 9.997189e-01
[1] "Fitting mu0 = E[Y|A=0,W]"
[1] "Iteration number: 57"
[1] "pos"
[1] 3.331829e-06 9.999127e-01
[1] "Fitting mu0 = E[Y|A=0,W]"
[1] "Iteration number: 58"
[1] "pos"
[1] 1.248908e-05 9.999085e-01
[1] "Fitting mu0 = E[Y|A=0,W]"
[1] "Iteration number: 59"
[1] "pos"
[1] 8.650869e-06 9.998969e-01
[1] "Fitting mu0 = E[Y|A=0,W]"
[1] "Iteration number: 60"
[1] "pos"
[1] 6.946559e-06 9.998369e-01
[1] "Fitting mu0 = E[Y|A=0,W]"
[1] "Iteration number: 61"
[1] "pos"
[1] 3.429502e-06 9.996466e-01
[1] "Fitting mu0 = E[Y|A=0,W]"
[1] "Iteration number: 62"
[1] "pos"
[1] 4.497690e-06 9.997784e-01
[1] "Fitting mu0 = E[Y|A=0,W]"
[1] "Iteration number: 63"
[1] "pos"
[1] 1.093056e-05 9.999187e-01
[1] "Fitting mu0 = E[Y|A=0,W]"
[1] "Iteration number: 64"
[1] "pos"
[1] 4.126618e-06 9.999071e-01
[1] "Fitting mu0 = E[Y|A=0,W]"
[1] "Iteration number: 65"
[1] "pos"
[1] 7.678360e-06 9.995596e-01
[1] "Fitting mu0 = E[Y|A=0,W]"
[1] "Iteration number: 66"
[1] "pos"
[1] 4.882546e-06 9.997385e-01
[1] "Fitting mu0 = E[Y|A=0,W]"
[1] "Iteration number: 67"
[1] "pos"
[1] 2.714486e-06 9.999141e-01
[1] "Fitting mu0 = E[Y|A=0,W]"
[1] "Iteration number: 68"
[1] "pos"
[1] 3.733086e-06 9.999338e-01
[1] "Fitting mu0 = E[Y|A=0,W]"
[1] "Iteration number: 69"
[1] "pos"
[1] 4.398812e-06 9.996695e-01
[1] "Fitting mu0 = E[Y|A=0,W]"
[1] "Iteration number: 70"
[1] "pos"
[1] 4.784031e-06 9.998930e-01
[1] "Fitting mu0 = E[Y|A=0,W]"
[1] "Iteration number: 71"
[1] "pos"
[1] 5.121728e-06 9.997612e-01
[1] "Fitting mu0 = E[Y|A=0,W]"
[1] "Iteration number: 72"
[1] "pos"
[1] 5.518207e-06 9.999205e-01
[1] "Fitting mu0 = E[Y|A=0,W]"
[1] "Iteration number: 73"
[1] "pos"
[1] 3.441060e-06 9.997098e-01
[1] "Fitting mu0 = E[Y|A=0,W]"
[1] "Iteration number: 74"
[1] "pos"
[1] 5.210316e-06 9.997870e-01
[1] "Fitting mu0 = E[Y|A=0,W]"
[1] "Iteration number: 75"
[1] "pos"
[1] 8.860738e-06 9.999252e-01
[1] "Fitting mu0 = E[Y|A=0,W]"
[1] "Iteration number: 76"
[1] "pos"
[1] 3.819497e-06 9.996536e-01
[1] "Fitting mu0 = E[Y|A=0,W]"
[1] "Iteration number: 77"
[1] "pos"
[1] 4.865641e-06 9.998674e-01
[1] "Fitting mu0 = E[Y|A=0,W]"
[1] "Iteration number: 78"
[1] "pos"
[1] 9.843393e-06 9.999199e-01
[1] "Fitting mu0 = E[Y|A=0,W]"
[1] "Iteration number: 79"
[1] "pos"
[1] 4.640435e-06 9.999278e-01
[1] "Fitting mu0 = E[Y|A=0,W]"
[1] "Iteration number: 80"
[1] "pos"
[1] 3.776676e-06 9.997807e-01
[1] "Fitting mu0 = E[Y|A=0,W]"
[1] "Iteration number: 81"
[1] "pos"
[1] 9.387729e-06 9.998754e-01
[1] "Fitting mu0 = E[Y|A=0,W]"
[1] "Iteration number: 82"
[1] "pos"
[1] 1.771477e-05 9.998610e-01
[1] "Fitting mu0 = E[Y|A=0,W]"
[1] "Iteration number: 83"
[1] "pos"
[1] 6.651078e-06 9.997588e-01
[1] "Fitting mu0 = E[Y|A=0,W]"
[1] "Iteration number: 84"
[1] "pos"
[1] 4.234726e-06 9.999367e-01
[1] "Fitting mu0 = E[Y|A=0,W]"
[1] "Iteration number: 85"
[1] "pos"
[1] 4.022965e-05 9.998768e-01
[1] "Fitting mu0 = E[Y|A=0,W]"
[1] "Iteration number: 86"
[1] "pos"
[1] 2.124181e-05 9.998436e-01
[1] "Fitting mu0 = E[Y|A=0,W]"
[1] "Iteration number: 87"
[1] "pos"
[1] 4.193983e-06 9.996981e-01
[1] "Fitting mu0 = E[Y|A=0,W]"
[1] "Iteration number: 88"
[1] "pos"
[1] 7.183907e-06 9.998913e-01
[1] "Fitting mu0 = E[Y|A=0,W]"
[1] "Iteration number: 89"
[1] "pos"
[1] 4.243075e-06 9.998991e-01
[1] "Fitting mu0 = E[Y|A=0,W]"
[1] "Iteration number: 90"
[1] "pos"
[1] 3.214361e-06 9.998222e-01
[1] "Fitting mu0 = E[Y|A=0,W]"
[1] "Iteration number: 91"
[1] "pos"
[1] 4.480606e-06 9.997920e-01
[1] "Fitting mu0 = E[Y|A=0,W]"
[1] "Iteration number: 92"
[1] "pos"
[1] 2.700571e-06 9.998148e-01
[1] "Fitting mu0 = E[Y|A=0,W]"
[1] "Iteration number: 93"
[1] "pos"
[1] 1.390352e-05 9.997310e-01
[1] "Fitting mu0 = E[Y|A=0,W]"
[1] "Iteration number: 94"
[1] "pos"
[1] 1.461252e-05 9.998955e-01
[1] "Fitting mu0 = E[Y|A=0,W]"
[1] "Iteration number: 95"
[1] "pos"
[1] 3.073809e-06 9.999392e-01
[1] "Fitting mu0 = E[Y|A=0,W]"
[1] "Iteration number: 96"
[1] "pos"
[1] 9.986043e-06 9.997887e-01
[1] "Fitting mu0 = E[Y|A=0,W]"
[1] "Iteration number: 97"
[1] "pos"
[1] 1.43871e-05 9.99918e-01
[1] "Fitting mu0 = E[Y|A=0,W]"
[1] "Iteration number: 98"
[1] "pos"
[1] 4.531463e-06 9.998739e-01
[1] "Fitting mu0 = E[Y|A=0,W]"
[1] "Iteration number: 99"
[1] "pos"
[1] 8.354906e-06 9.998248e-01
[1] "Fitting mu0 = E[Y|A=0,W]"
[1] "Iteration number: 100"
[1] "pos"
[1] 0.0000203878 0.9997906633
[1] "Fitting mu0 = E[Y|A=0,W]"
[1] "Iteration number: 101"
[1] "pos"
[1] 1.034614e-05 9.997490e-01
[1] "Fitting mu0 = E[Y|A=0,W]"
[1] "Iteration number: 102"
[1] "pos"
[1] 3.843937e-05 9.996807e-01
[1] "Fitting mu0 = E[Y|A=0,W]"
[1] "Iteration number: 103"
[1] "pos"
[1] 0.0000144563 0.9999216030
[1] "Fitting mu0 = E[Y|A=0,W]"
[1] "Iteration number: 104"
[1] "pos"
[1] 5.813749e-06 9.998696e-01
[1] "Fitting mu0 = E[Y|A=0,W]"
[1] "Iteration number: 105"
[1] "pos"
[1] 3.702129e-06 9.997027e-01
[1] "Fitting mu0 = E[Y|A=0,W]"
[1] "Iteration number: 106"
[1] "pos"
[1] 3.548347e-06 9.998959e-01
[1] "Fitting mu0 = E[Y|A=0,W]"
[1] "Iteration number: 107"
[1] "pos"
[1] 3.158449e-06 9.998809e-01
[1] "Fitting mu0 = E[Y|A=0,W]"
[1] "Iteration number: 108"
[1] "pos"
[1] 6.344263e-06 9.998771e-01
[1] "Fitting mu0 = E[Y|A=0,W]"
[1] "Iteration number: 109"
[1] "pos"
[1] 3.210899e-06 9.998573e-01
[1] "Fitting mu0 = E[Y|A=0,W]"
[1] "Iteration number: 110"
[1] "pos"
[1] 7.26961e-06 9.99864e-01
[1] "Fitting mu0 = E[Y|A=0,W]"
[1] "Iteration number: 111"
[1] "pos"
[1] 4.036993e-06 9.998605e-01
[1] "Fitting mu0 = E[Y|A=0,W]"
[1] "Iteration number: 112"
[1] "pos"
[1] 7.520534e-06 9.998861e-01
[1] "Fitting mu0 = E[Y|A=0,W]"
[1] "Iteration number: 113"
[1] "pos"
[1] 1.472051e-05 9.997859e-01
[1] "Fitting mu0 = E[Y|A=0,W]"
[1] "Iteration number: 114"
[1] "pos"
[1] 5.102026e-06 9.997644e-01
[1] "Fitting mu0 = E[Y|A=0,W]"
[1] "Iteration number: 115"
[1] "pos"
[1] 5.559774e-06 9.995958e-01
[1] "Fitting mu0 = E[Y|A=0,W]"
[1] "Iteration number: 116"
[1] "pos"
[1] 3.075424e-05 9.998287e-01
[1] "Fitting mu0 = E[Y|A=0,W]"
[1] "Iteration number: 117"
[1] "pos"
[1] 6.977610e-06 9.999021e-01
[1] "Fitting mu0 = E[Y|A=0,W]"
[1] "Iteration number: 118"
[1] "pos"
[1] 1.445489e-05 9.999032e-01
[1] "Fitting mu0 = E[Y|A=0,W]"
[1] "Iteration number: 119"
[1] "pos"
[1] 8.429157e-06 9.998528e-01
[1] "Fitting mu0 = E[Y|A=0,W]"
[1] "Iteration number: 120"
[1] "pos"
[1] 8.040289e-06 9.997499e-01
[1] "Fitting mu0 = E[Y|A=0,W]"
[1] "Iteration number: 121"
[1] "pos"
[1] 6.56192e-05 9.99887e-01
[1] "Fitting mu0 = E[Y|A=0,W]"
[1] "Iteration number: 122"
[1] "pos"
[1] 1.016251e-05 9.996452e-01
[1] "Fitting mu0 = E[Y|A=0,W]"
[1] "Iteration number: 123"
[1] "pos"
[1] 4.222447e-06 9.999231e-01
[1] "Fitting mu0 = E[Y|A=0,W]"
[1] "Iteration number: 124"
[1] "pos"
[1] 4.134197e-06 9.998120e-01
[1] "Fitting mu0 = E[Y|A=0,W]"
[1] "Iteration number: 125"
[1] "pos"
[1] 6.406312e-06 9.999332e-01
[1] "Fitting mu0 = E[Y|A=0,W]"
[1] "Iteration number: 126"
[1] "pos"
[1] 6.252652e-06 9.998408e-01
[1] "Fitting mu0 = E[Y|A=0,W]"
[1] "Iteration number: 127"
[1] "pos"
[1] 2.463774e-05 9.999185e-01
[1] "Fitting mu0 = E[Y|A=0,W]"
[1] "Iteration number: 128"
[1] "pos"
[1] 3.180970e-06 9.996652e-01
[1] "Fitting mu0 = E[Y|A=0,W]"
[1] "Iteration number: 129"
[1] "pos"
[1] 5.393313e-06 9.997537e-01
[1] "Fitting mu0 = E[Y|A=0,W]"
[1] "Iteration number: 130"
[1] "pos"
[1] 1.465545e-05 9.998602e-01
[1] "Fitting mu0 = E[Y|A=0,W]"
[1] "Iteration number: 131"
[1] "pos"
[1] 7.701511e-06 9.997461e-01
[1] "Fitting mu0 = E[Y|A=0,W]"
[1] "Iteration number: 132"
[1] "pos"
[1] 2.428229e-05 9.998716e-01
[1] "Fitting mu0 = E[Y|A=0,W]"
[1] "Iteration number: 133"
[1] "pos"
[1] 6.407687e-06 9.998738e-01
[1] "Fitting mu0 = E[Y|A=0,W]"
[1] "Iteration number: 134"
[1] "pos"
[1] 3.411939e-06 9.998511e-01
[1] "Fitting mu0 = E[Y|A=0,W]"
[1] "Iteration number: 135"
[1] "pos"
[1] 0.0000152808 0.9998846415
[1] "Fitting mu0 = E[Y|A=0,W]"
[1] "Iteration number: 136"
[1] "pos"
[1] 9.102549e-06 9.997818e-01
[1] "Fitting mu0 = E[Y|A=0,W]"
[1] "Iteration number: 137"
[1] "pos"
[1] 6.427421e-06 9.998110e-01
[1] "Fitting mu0 = E[Y|A=0,W]"
[1] "Iteration number: 138"
[1] "pos"
[1] 3.830547e-06 9.999031e-01
[1] "Fitting mu0 = E[Y|A=0,W]"
[1] "Iteration number: 139"
[1] "pos"
[1] 7.034733e-06 9.999294e-01
[1] "Fitting mu0 = E[Y|A=0,W]"
[1] "Iteration number: 140"
[1] "pos"
[1] 4.966301e-06 9.997813e-01
[1] "Fitting mu0 = E[Y|A=0,W]"
[1] "Iteration number: 141"
[1] "pos"
[1] 7.052355e-06 9.999012e-01
[1] "Fitting mu0 = E[Y|A=0,W]"
[1] "Iteration number: 142"
[1] "pos"
[1] 2.319478e-05 9.999363e-01
[1] "Fitting mu0 = E[Y|A=0,W]"
[1] "Iteration number: 143"
[1] "pos"
[1] 3.019723e-06 9.999341e-01
[1] "Fitting mu0 = E[Y|A=0,W]"
[1] "Iteration number: 144"
[1] "pos"
[1] 6.031958e-06 9.998881e-01
[1] "Fitting mu0 = E[Y|A=0,W]"
[1] "Iteration number: 145"
[1] "pos"
[1] 7.909710e-06 9.998978e-01
[1] "Fitting mu0 = E[Y|A=0,W]"
[1] "Iteration number: 146"
[1] "pos"
[1] 2.297773e-05 9.999217e-01
[1] "Fitting mu0 = E[Y|A=0,W]"
[1] "Iteration number: 147"
[1] "pos"
[1] 2.291435e-05 9.998843e-01
[1] "Fitting mu0 = E[Y|A=0,W]"
[1] "Iteration number: 148"
[1] "pos"
[1] 3.958552e-06 9.997728e-01
[1] "Fitting mu0 = E[Y|A=0,W]"
[1] "Iteration number: 149"
[1] "pos"
[1] 6.091902e-06 9.999336e-01
[1] "Fitting mu0 = E[Y|A=0,W]"
[1] "Iteration number: 150"
[1] "pos"
[1] 8.977397e-05 9.999320e-01
[1] "Fitting mu0 = E[Y|A=0,W]"
[1] "Iteration number: 151"
[1] "pos"
[1] 5.650479e-06 9.997176e-01
[1] "Fitting mu0 = E[Y|A=0,W]"
[1] "Iteration number: 152"
[1] "pos"
[1] 8.074861e-06 9.998061e-01
[1] "Fitting mu0 = E[Y|A=0,W]"
[1] "Iteration number: 153"
[1] "pos"
[1] 1.020295e-05 9.999264e-01
[1] "Fitting mu0 = E[Y|A=0,W]"
[1] "Iteration number: 154"
[1] "pos"
[1] 6.385472e-06 9.997038e-01
[1] "Fitting mu0 = E[Y|A=0,W]"
[1] "Iteration number: 155"
[1] "pos"
[1] 2.700852e-06 9.999003e-01
[1] "Fitting mu0 = E[Y|A=0,W]"
[1] "Iteration number: 156"
[1] "pos"
[1] 4.802578e-06 9.999314e-01
[1] "Fitting mu0 = E[Y|A=0,W]"
[1] "Iteration number: 157"
[1] "pos"
[1] 2.744862e-06 9.999127e-01
[1] "Fitting mu0 = E[Y|A=0,W]"
[1] "Iteration number: 158"
[1] "pos"
[1] 5.555002e-06 9.996571e-01
[1] "Fitting mu0 = E[Y|A=0,W]"
[1] "Iteration number: 159"
[1] "pos"
[1] 5.437330e-06 9.999253e-01
[1] "Fitting mu0 = E[Y|A=0,W]"
[1] "Iteration number: 160"
[1] "pos"
[1] 1.650795e-05 9.998956e-01
[1] "Fitting mu0 = E[Y|A=0,W]"
[1] "Iteration number: 161"
[1] "pos"
[1] 5.13027e-06 9.99761e-01
[1] "Fitting mu0 = E[Y|A=0,W]"
[1] "Iteration number: 162"
[1] "pos"
[1] 2.338032e-05 9.998770e-01
[1] "Fitting mu0 = E[Y|A=0,W]"
[1] "Iteration number: 163"
[1] "pos"
[1] 5.104050e-06 9.996872e-01
[1] "Fitting mu0 = E[Y|A=0,W]"
[1] "Iteration number: 164"
[1] "pos"
[1] 3.728281e-06 9.998520e-01
[1] "Fitting mu0 = E[Y|A=0,W]"
[1] "Iteration number: 165"
[1] "pos"
[1] 7.849592e-06 9.998885e-01
[1] "Fitting mu0 = E[Y|A=0,W]"
[1] "Iteration number: 166"
[1] "pos"
[1] 8.715134e-06 9.998707e-01
[1] "Fitting mu0 = E[Y|A=0,W]"
[1] "Iteration number: 167"
[1] "pos"
[1] 1.078752e-05 9.996680e-01
[1] "Fitting mu0 = E[Y|A=0,W]"
[1] "Iteration number: 168"
[1] "pos"
[1] 1.414506e-05 9.996686e-01
[1] "Fitting mu0 = E[Y|A=0,W]"
[1] "Iteration number: 169"
[1] "pos"
[1] 2.825147e-05 9.998982e-01
[1] "Fitting mu0 = E[Y|A=0,W]"
[1] "Iteration number: 170"
[1] "pos"
[1] 8.276989e-06 9.996924e-01
[1] "Fitting mu0 = E[Y|A=0,W]"
[1] "Iteration number: 171"
[1] "pos"
[1] 5.010095e-06 9.995452e-01
[1] "Fitting mu0 = E[Y|A=0,W]"
[1] "Iteration number: 172"
[1] "pos"
[1] 3.805433e-06 9.997448e-01
[1] "Fitting mu0 = E[Y|A=0,W]"
[1] "Iteration number: 173"
[1] "pos"
[1] 6.303477e-06 9.999446e-01
[1] "Fitting mu0 = E[Y|A=0,W]"
[1] "Iteration number: 174"
[1] "pos"
[1] 4.951598e-06 9.997522e-01
[1] "Fitting mu0 = E[Y|A=0,W]"
[1] "Iteration number: 175"
[1] "pos"
[1] 1.610537e-05 9.999308e-01
[1] "Fitting mu0 = E[Y|A=0,W]"
[1] "Iteration number: 176"
[1] "pos"
[1] 0.0000161134 0.9998421692
[1] "Fitting mu0 = E[Y|A=0,W]"
[1] "Iteration number: 177"
[1] "pos"
[1] 6.463132e-06 9.998838e-01
[1] "Fitting mu0 = E[Y|A=0,W]"
[1] "Iteration number: 178"
[1] "pos"
[1] 3.074593e-06 9.997076e-01
[1] "Fitting mu0 = E[Y|A=0,W]"
[1] "Iteration number: 179"
[1] "pos"
[1] 1.160551e-05 9.999056e-01
[1] "Fitting mu0 = E[Y|A=0,W]"
[1] "Iteration number: 180"
[1] "pos"
[1] 7.821786e-06 9.998942e-01
[1] "Fitting mu0 = E[Y|A=0,W]"
[1] "Iteration number: 181"
[1] "pos"
[1] 5.564122e-06 9.998240e-01
[1] "Fitting mu0 = E[Y|A=0,W]"
[1] "Iteration number: 182"
[1] "pos"
[1] 0.0000100184 0.9996396923
[1] "Fitting mu0 = E[Y|A=0,W]"
[1] "Iteration number: 183"
[1] "pos"
[1] 9.443384e-06 9.998318e-01
[1] "Fitting mu0 = E[Y|A=0,W]"
[1] "Iteration number: 184"
[1] "pos"
[1] 4.283877e-06 9.998729e-01
[1] "Fitting mu0 = E[Y|A=0,W]"
[1] "Iteration number: 185"
[1] "pos"
[1] 4.219870e-06 9.997027e-01
[1] "Fitting mu0 = E[Y|A=0,W]"
[1] "Iteration number: 186"
[1] "pos"
[1] 4.597853e-05 9.997687e-01
[1] "Fitting mu0 = E[Y|A=0,W]"
[1] "Iteration number: 187"
[1] "pos"
[1] 4.601232e-06 9.998714e-01
[1] "Fitting mu0 = E[Y|A=0,W]"
[1] "Iteration number: 188"
[1] "pos"
[1] 2.775883e-06 9.998165e-01
[1] "Fitting mu0 = E[Y|A=0,W]"
[1] "Iteration number: 189"
[1] "pos"
[1] 9.903334e-06 9.997954e-01
[1] "Fitting mu0 = E[Y|A=0,W]"
[1] "Iteration number: 190"
[1] "pos"
[1] 2.923359e-05 9.998640e-01
[1] "Fitting mu0 = E[Y|A=0,W]"
[1] "Iteration number: 191"
[1] "pos"
[1] 1.080737e-05 9.999003e-01
[1] "Fitting mu0 = E[Y|A=0,W]"
[1] "Iteration number: 192"
[1] "pos"
[1] 3.787091e-06 9.999241e-01
[1] "Fitting mu0 = E[Y|A=0,W]"
[1] "Iteration number: 193"
[1] "pos"
[1] 4.037185e-06 9.998586e-01
[1] "Fitting mu0 = E[Y|A=0,W]"
[1] "Iteration number: 194"
[1] "pos"
[1] 1.056071e-05 9.999164e-01
[1] "Fitting mu0 = E[Y|A=0,W]"
[1] "Iteration number: 195"
[1] "pos"
[1] 8.803744e-06 9.998039e-01
[1] "Fitting mu0 = E[Y|A=0,W]"
[1] "Iteration number: 196"
[1] "pos"
[1] 7.326828e-06 9.998908e-01
[1] "Fitting mu0 = E[Y|A=0,W]"
[1] "Iteration number: 197"
[1] "pos"
[1] 3.779981e-06 9.995278e-01
[1] "Fitting mu0 = E[Y|A=0,W]"
[1] "Iteration number: 198"
[1] "pos"
[1] 4.866173e-06 9.998314e-01
[1] "Fitting mu0 = E[Y|A=0,W]"
[1] "Iteration number: 199"
[1] "pos"
[1] 1.271539e-05 9.998849e-01
[1] "Fitting mu0 = E[Y|A=0,W]"
[1] "Iteration number: 200"
[1] "pos"
[1] 1.195307e-05 9.998675e-01
[1] "Fitting mu0 = E[Y|A=0,W]"
[1] "Iteration number: 201"
[1] "pos"
[1] 2.851427e-06 9.997925e-01
[1] "Fitting mu0 = E[Y|A=0,W]"
[1] "Iteration number: 202"
[1] "pos"
[1] 3.665572e-06 9.999129e-01
[1] "Fitting mu0 = E[Y|A=0,W]"
[1] "Iteration number: 203"
[1] "pos"
[1] 9.619551e-05 9.998412e-01
[1] "Fitting mu0 = E[Y|A=0,W]"
[1] "Iteration number: 204"
[1] "pos"
[1] 6.320111e-06 9.998464e-01
[1] "Fitting mu0 = E[Y|A=0,W]"
[1] "Iteration number: 205"
[1] "pos"
[1] 6.563656e-06 9.999123e-01
[1] "Fitting mu0 = E[Y|A=0,W]"
[1] "Iteration number: 206"
[1] "pos"
[1] 6.678839e-06 9.998198e-01
[1] "Fitting mu0 = E[Y|A=0,W]"
[1] "Iteration number: 207"
[1] "pos"
[1] 0.0000233909 0.9999204653
[1] "Fitting mu0 = E[Y|A=0,W]"
[1] "Iteration number: 208"
[1] "pos"
[1] 7.737662e-06 9.999051e-01
[1] "Fitting mu0 = E[Y|A=0,W]"
[1] "Iteration number: 209"
[1] "pos"
[1] 5.898302e-06 9.998292e-01
[1] "Fitting mu0 = E[Y|A=0,W]"
[1] "Iteration number: 210"
[1] "pos"
[1] 6.105126e-06 9.998309e-01
[1] "Fitting mu0 = E[Y|A=0,W]"
[1] "Iteration number: 211"
[1] "pos"
[1] 7.625548e-06 9.997137e-01
[1] "Fitting mu0 = E[Y|A=0,W]"
[1] "Iteration number: 212"
[1] "pos"
[1] 4.101756e-06 9.997576e-01
[1] "Fitting mu0 = E[Y|A=0,W]"
[1] "Iteration number: 213"
[1] "pos"
[1] 2.232602e-05 9.999065e-01
[1] "Fitting mu0 = E[Y|A=0,W]"
[1] "Iteration number: 214"
[1] "pos"
[1] 6.327112e-06 9.996450e-01
[1] "Fitting mu0 = E[Y|A=0,W]"
[1] "Iteration number: 215"
[1] "pos"
[1] 1.471769e-05 9.999049e-01
[1] "Fitting mu0 = E[Y|A=0,W]"
[1] "Iteration number: 216"
[1] "pos"
[1] 2.269106e-05 9.999082e-01
[1] "Fitting mu0 = E[Y|A=0,W]"
[1] "Iteration number: 217"
[1] "pos"
[1] 1.147374e-05 9.998354e-01
[1] "Fitting mu0 = E[Y|A=0,W]"
[1] "Iteration number: 218"
[1] "pos"
[1] 1.364559e-05 9.997703e-01
[1] "Fitting mu0 = E[Y|A=0,W]"
[1] "Iteration number: 219"
[1] "pos"
[1] 3.339925e-06 9.997969e-01
[1] "Fitting mu0 = E[Y|A=0,W]"
[1] "Iteration number: 220"
[1] "pos"
[1] 9.480472e-06 9.998596e-01
[1] "Fitting mu0 = E[Y|A=0,W]"
[1] "Iteration number: 221"
[1] "pos"
[1] 8.827504e-06 9.998310e-01
[1] "Fitting mu0 = E[Y|A=0,W]"
[1] "Iteration number: 222"
[1] "pos"
[1] 4.458483e-06 9.998705e-01
[1] "Fitting mu0 = E[Y|A=0,W]"
[1] "Iteration number: 223"
[1] "pos"
[1] 3.987284e-06 9.997698e-01
[1] "Fitting mu0 = E[Y|A=0,W]"
[1] "Iteration number: 224"
[1] "pos"
[1] 1.408912e-05 9.998299e-01
[1] "Fitting mu0 = E[Y|A=0,W]"
[1] "Iteration number: 225"
[1] "pos"
[1] 7.258968e-06 9.996829e-01
[1] "Fitting mu0 = E[Y|A=0,W]"
[1] "Iteration number: 226"
[1] "pos"
[1] 9.729315e-06 9.998808e-01
[1] "Fitting mu0 = E[Y|A=0,W]"
[1] "Iteration number: 227"
[1] "pos"
[1] 3.509785e-06 9.997014e-01
[1] "Fitting mu0 = E[Y|A=0,W]"
[1] "Iteration number: 228"
[1] "pos"
[1] 1.834794e-05 9.998021e-01
[1] "Fitting mu0 = E[Y|A=0,W]"
[1] "Iteration number: 229"
[1] "pos"
[1] 4.185175e-06 9.998816e-01
[1] "Fitting mu0 = E[Y|A=0,W]"
[1] "Iteration number: 230"
[1] "pos"
[1] 2.541518e-06 9.997965e-01
[1] "Fitting mu0 = E[Y|A=0,W]"
[1] "Iteration number: 231"
[1] "pos"
[1] 1.154162e-05 9.999139e-01
[1] "Fitting mu0 = E[Y|A=0,W]"
[1] "Iteration number: 232"
[1] "pos"
[1] 3.828749e-06 9.999092e-01
[1] "Fitting mu0 = E[Y|A=0,W]"
[1] "Iteration number: 233"
[1] "pos"
[1] 7.051505e-06 9.998634e-01
[1] "Fitting mu0 = E[Y|A=0,W]"
[1] "Iteration number: 234"
[1] "pos"
[1] 1.443709e-05 9.998334e-01
[1] "Fitting mu0 = E[Y|A=0,W]"
[1] "Iteration number: 235"
[1] "pos"
[1] 2.017418e-05 9.996794e-01
[1] "Fitting mu0 = E[Y|A=0,W]"
[1] "Iteration number: 236"
[1] "pos"
[1] 5.318186e-06 9.998737e-01
[1] "Fitting mu0 = E[Y|A=0,W]"
[1] "Iteration number: 237"
[1] "pos"
[1] 5.740511e-06 9.999208e-01
[1] "Fitting mu0 = E[Y|A=0,W]"
[1] "Iteration number: 238"
[1] "pos"
[1] 4.725883e-06 9.998216e-01
[1] "Fitting mu0 = E[Y|A=0,W]"
[1] "Iteration number: 239"
[1] "pos"
[1] 3.115494e-05 9.998752e-01
[1] "Fitting mu0 = E[Y|A=0,W]"
[1] "Iteration number: 240"
[1] "pos"
[1] 7.693290e-06 9.998232e-01
[1] "Fitting mu0 = E[Y|A=0,W]"
[1] "Iteration number: 241"
[1] "pos"
[1] 3.541105e-05 9.997430e-01
[1] "Fitting mu0 = E[Y|A=0,W]"
[1] "Iteration number: 242"
[1] "pos"
[1] 8.125896e-06 9.998947e-01
[1] "Fitting mu0 = E[Y|A=0,W]"
[1] "Iteration number: 243"
[1] "pos"
[1] 1.219652e-05 9.999250e-01
[1] "Fitting mu0 = E[Y|A=0,W]"
[1] "Iteration number: 244"
[1] "pos"
[1] 7.897574e-06 9.998523e-01
[1] "Fitting mu0 = E[Y|A=0,W]"
[1] "Iteration number: 245"
[1] "pos"
[1] 1.310376e-05 9.997738e-01
[1] "Fitting mu0 = E[Y|A=0,W]"
[1] "Iteration number: 246"
[1] "pos"
[1] 4.970135e-06 9.998736e-01
[1] "Fitting mu0 = E[Y|A=0,W]"
[1] "Iteration number: 247"
[1] "pos"
[1] 2.482496e-06 9.998817e-01
[1] "Fitting mu0 = E[Y|A=0,W]"
[1] "Iteration number: 248"
[1] "pos"
[1] 4.513230e-06 9.997022e-01
[1] "Fitting mu0 = E[Y|A=0,W]"
[1] "Iteration number: 249"
[1] "pos"
[1] 2.413218e-06 9.998174e-01
[1] "Fitting mu0 = E[Y|A=0,W]"
[1] "Iteration number: 250"
[1] "pos"
[1] 1.24024e-05 9.99869e-01
[1] "Fitting mu0 = E[Y|A=0,W]"
[1] "Iteration number: 251"
[1] "pos"
[1] 8.260974e-06 9.999135e-01
[1] "Fitting mu0 = E[Y|A=0,W]"
[1] "Iteration number: 252"
[1] "pos"
[1] 9.28722e-06 9.99861e-01
[1] "Fitting mu0 = E[Y|A=0,W]"
[1] "Iteration number: 253"
[1] "pos"
[1] 4.399974e-06 9.998795e-01
[1] "Fitting mu0 = E[Y|A=0,W]"
[1] "Iteration number: 254"
[1] "pos"
[1] 8.137742e-06 9.998278e-01
[1] "Fitting mu0 = E[Y|A=0,W]"
[1] "Iteration number: 255"
[1] "pos"
[1] 5.628115e-06 9.997947e-01
[1] "Fitting mu0 = E[Y|A=0,W]"
[1] "Iteration number: 256"
[1] "pos"
[1] 6.714804e-06 9.999242e-01
[1] "Fitting mu0 = E[Y|A=0,W]"
[1] "Iteration number: 257"
[1] "pos"
[1] 1.330281e-05 9.998129e-01
[1] "Fitting mu0 = E[Y|A=0,W]"
[1] "Iteration number: 258"
[1] "pos"
[1] 6.035943e-06 9.998980e-01
[1] "Fitting mu0 = E[Y|A=0,W]"
[1] "Iteration number: 259"
[1] "pos"
[1] 4.505233e-06 9.998305e-01
[1] "Fitting mu0 = E[Y|A=0,W]"
[1] "Iteration number: 260"
[1] "pos"
[1] 1.328471e-05 9.995829e-01
[1] "Fitting mu0 = E[Y|A=0,W]"
[1] "Iteration number: 261"
[1] "pos"
[1] 5.020051e-06 9.998738e-01
[1] "Fitting mu0 = E[Y|A=0,W]"
[1] "Iteration number: 262"
[1] "pos"
[1] 6.239767e-06 9.998855e-01
[1] "Fitting mu0 = E[Y|A=0,W]"
[1] "Iteration number: 263"
[1] "pos"
[1] 4.674244e-06 9.998763e-01
[1] "Fitting mu0 = E[Y|A=0,W]"
[1] "Iteration number: 264"
[1] "pos"
[1] 4.750275e-06 9.997978e-01
[1] "Fitting mu0 = E[Y|A=0,W]"
[1] "Iteration number: 265"
[1] "pos"
[1] 7.338252e-06 9.999243e-01
[1] "Fitting mu0 = E[Y|A=0,W]"
[1] "Iteration number: 266"
[1] "pos"
[1] 4.030948e-06 9.999153e-01
[1] "Fitting mu0 = E[Y|A=0,W]"
[1] "Iteration number: 267"
[1] "pos"
[1] 4.468060e-06 9.997922e-01
[1] "Fitting mu0 = E[Y|A=0,W]"
[1] "Iteration number: 268"
[1] "pos"
[1] 4.961858e-06 9.996485e-01
[1] "Fitting mu0 = E[Y|A=0,W]"
[1] "Iteration number: 269"
[1] "pos"
[1] 1.006181e-05 9.999266e-01
[1] "Fitting mu0 = E[Y|A=0,W]"
[1] "Iteration number: 270"
[1] "pos"
[1] 8.675487e-06 9.998687e-01
[1] "Fitting mu0 = E[Y|A=0,W]"
[1] "Iteration number: 271"
[1] "pos"
[1] 3.707979e-06 9.997815e-01
[1] "Fitting mu0 = E[Y|A=0,W]"
[1] "Iteration number: 272"
[1] "pos"
[1] 3.222068e-06 9.998530e-01
[1] "Fitting mu0 = E[Y|A=0,W]"
[1] "Iteration number: 273"
[1] "pos"
[1] 1.588241e-05 9.998001e-01
[1] "Fitting mu0 = E[Y|A=0,W]"
[1] "Iteration number: 274"
[1] "pos"
[1] 5.460669e-06 9.998390e-01
[1] "Fitting mu0 = E[Y|A=0,W]"
[1] "Iteration number: 275"
[1] "pos"
[1] 6.138869e-06 9.999001e-01
[1] "Fitting mu0 = E[Y|A=0,W]"
[1] "Iteration number: 276"
[1] "pos"
[1] 1.568638e-05 9.998121e-01
[1] "Fitting mu0 = E[Y|A=0,W]"
[1] "Iteration number: 277"
[1] "pos"
[1] 1.026311e-05 9.998958e-01
[1] "Fitting mu0 = E[Y|A=0,W]"
[1] "Iteration number: 278"
[1] "pos"
[1] 6.831836e-06 9.998972e-01
[1] "Fitting mu0 = E[Y|A=0,W]"
[1] "Iteration number: 279"
[1] "pos"
[1] 6.489989e-06 9.998497e-01
[1] "Fitting mu0 = E[Y|A=0,W]"
[1] "Iteration number: 280"
[1] "pos"
[1] 5.897855e-06 9.996540e-01
[1] "Fitting mu0 = E[Y|A=0,W]"
[1] "Iteration number: 281"
[1] "pos"
[1] 6.476746e-06 9.999176e-01
[1] "Fitting mu0 = E[Y|A=0,W]"
[1] "Iteration number: 282"
[1] "pos"
[1] 1.112017e-05 9.998951e-01
[1] "Fitting mu0 = E[Y|A=0,W]"
[1] "Iteration number: 283"
[1] "pos"
[1] 9.344214e-06 9.997660e-01
[1] "Fitting mu0 = E[Y|A=0,W]"
[1] "Iteration number: 284"
[1] "pos"
[1] 7.298602e-06 9.999129e-01
[1] "Fitting mu0 = E[Y|A=0,W]"
[1] "Iteration number: 285"
[1] "pos"
[1] 1.191352e-05 9.998666e-01
[1] "Fitting mu0 = E[Y|A=0,W]"
[1] "Iteration number: 286"
[1] "pos"
[1] 3.729768e-06 9.999057e-01
[1] "Fitting mu0 = E[Y|A=0,W]"
[1] "Iteration number: 287"
[1] "pos"
[1] 9.892866e-06 9.999120e-01
[1] "Fitting mu0 = E[Y|A=0,W]"
[1] "Iteration number: 288"
[1] "pos"
[1] 3.117578e-06 9.997314e-01
[1] "Fitting mu0 = E[Y|A=0,W]"
[1] "Iteration number: 289"
[1] "pos"
[1] 5.228876e-06 9.996722e-01
[1] "Fitting mu0 = E[Y|A=0,W]"
[1] "Iteration number: 290"
[1] "pos"
[1] 5.200641e-06 9.998102e-01
[1] "Fitting mu0 = E[Y|A=0,W]"
[1] "Iteration number: 291"
[1] "pos"
[1] 7.844699e-06 9.998828e-01
[1] "Fitting mu0 = E[Y|A=0,W]"
[1] "Iteration number: 292"
[1] "pos"
[1] 2.615336e-05 9.996803e-01
[1] "Fitting mu0 = E[Y|A=0,W]"
[1] "Iteration number: 293"
[1] "pos"
[1] 2.023667e-05 9.999070e-01
[1] "Fitting mu0 = E[Y|A=0,W]"
[1] "Iteration number: 294"
[1] "pos"
[1] 1.611703e-05 9.998543e-01
[1] "Fitting mu0 = E[Y|A=0,W]"
[1] "Iteration number: 295"
[1] "pos"
[1] 8.126415e-06 9.995592e-01
[1] "Fitting mu0 = E[Y|A=0,W]"
[1] "Iteration number: 296"
[1] "pos"
[1] 4.378464e-06 9.998664e-01
[1] "Fitting mu0 = E[Y|A=0,W]"
[1] "Iteration number: 297"
[1] "pos"
[1] 1.997731e-05 9.998890e-01
[1] "Fitting mu0 = E[Y|A=0,W]"
[1] "Iteration number: 298"
[1] "pos"
[1] 9.227951e-06 9.999350e-01
[1] "Fitting mu0 = E[Y|A=0,W]"
[1] "Iteration number: 299"
[1] "pos"
[1] 3.910152e-06 9.999134e-01
[1] "Fitting mu0 = E[Y|A=0,W]"
[1] "Iteration number: 300"
[1] "pos"
[1] 5.874136e-06 9.998384e-01
[1] "Fitting mu0 = E[Y|A=0,W]"
[1] "Iteration number: 301"
[1] "pos"
[1] 0.0000419733 0.9997195418
[1] "Fitting mu0 = E[Y|A=0,W]"
[1] "Iteration number: 302"
[1] "pos"
[1] 1.489852e-05 9.998329e-01
[1] "Fitting mu0 = E[Y|A=0,W]"
[1] "Iteration number: 303"
[1] "pos"
[1] 2.082887e-05 9.999020e-01
[1] "Fitting mu0 = E[Y|A=0,W]"
[1] "Iteration number: 304"
[1] "pos"
[1] 5.447612e-06 9.999103e-01
[1] "Fitting mu0 = E[Y|A=0,W]"
[1] "Iteration number: 305"
[1] "pos"
[1] 4.392526e-06 9.998946e-01
[1] "Fitting mu0 = E[Y|A=0,W]"
[1] "Iteration number: 306"
[1] "pos"
[1] 3.923569e-06 9.999312e-01
[1] "Fitting mu0 = E[Y|A=0,W]"
[1] "Iteration number: 307"
[1] "pos"
[1] 8.063814e-06 9.995273e-01
[1] "Fitting mu0 = E[Y|A=0,W]"
[1] "Iteration number: 308"
[1] "pos"
[1] 5.922676e-06 9.997996e-01
[1] "Fitting mu0 = E[Y|A=0,W]"
[1] "Iteration number: 309"
[1] "pos"
[1] 6.687894e-06 9.998963e-01
[1] "Fitting mu0 = E[Y|A=0,W]"
[1] "Iteration number: 310"
[1] "pos"
[1] 3.435031e-06 9.997349e-01
[1] "Fitting mu0 = E[Y|A=0,W]"
[1] "Iteration number: 311"
[1] "pos"
[1] 8.423170e-06 9.998441e-01
[1] "Fitting mu0 = E[Y|A=0,W]"
[1] "Iteration number: 312"
[1] "pos"
[1] 7.296665e-06 9.998351e-01
[1] "Fitting mu0 = E[Y|A=0,W]"
[1] "Iteration number: 313"
[1] "pos"
[1] 1.351846e-05 9.999352e-01
[1] "Fitting mu0 = E[Y|A=0,W]"
[1] "Iteration number: 314"
[1] "pos"
[1] 1.197928e-05 9.998277e-01
[1] "Fitting mu0 = E[Y|A=0,W]"
[1] "Iteration number: 315"
[1] "pos"
[1] 2.318784e-05 9.998206e-01
[1] "Fitting mu0 = E[Y|A=0,W]"
[1] "Iteration number: 316"
[1] "pos"
[1] 3.675633e-05 9.997471e-01
[1] "Fitting mu0 = E[Y|A=0,W]"
[1] "Iteration number: 317"
[1] "pos"
[1] 1.206375e-05 9.996417e-01
[1] "Fitting mu0 = E[Y|A=0,W]"
[1] "Iteration number: 318"
[1] "pos"
[1] 5.027148e-06 9.999289e-01
[1] "Fitting mu0 = E[Y|A=0,W]"
[1] "Iteration number: 319"
[1] "pos"
[1] 3.616449e-06 9.998977e-01
[1] "Fitting mu0 = E[Y|A=0,W]"
[1] "Iteration number: 320"
[1] "pos"
[1] 1.069841e-05 9.998010e-01
[1] "Fitting mu0 = E[Y|A=0,W]"
[1] "Iteration number: 321"
[1] "pos"
[1] 4.397490e-06 9.997482e-01
[1] "Fitting mu0 = E[Y|A=0,W]"
[1] "Iteration number: 322"
[1] "pos"
[1] 5.269422e-05 9.997744e-01
[1] "Fitting mu0 = E[Y|A=0,W]"
[1] "Iteration number: 323"
[1] "pos"
[1] 3.221779e-05 9.994492e-01
[1] "Fitting mu0 = E[Y|A=0,W]"
[1] "Iteration number: 324"
[1] "pos"
[1] 1.382805e-05 9.997907e-01
[1] "Fitting mu0 = E[Y|A=0,W]"
[1] "Iteration number: 325"
[1] "pos"
[1] 4.467898e-06 9.998246e-01
[1] "Fitting mu0 = E[Y|A=0,W]"
[1] "Iteration number: 326"
[1] "pos"
[1] 1.502705e-05 9.999363e-01
[1] "Fitting mu0 = E[Y|A=0,W]"
[1] "Iteration number: 327"
[1] "pos"
[1] 1.934922e-05 9.999079e-01
[1] "Fitting mu0 = E[Y|A=0,W]"
[1] "Iteration number: 328"
[1] "pos"
[1] 6.864793e-06 9.998273e-01
[1] "Fitting mu0 = E[Y|A=0,W]"
[1] "Iteration number: 329"
[1] "pos"
[1] 4.979793e-06 9.998410e-01
[1] "Fitting mu0 = E[Y|A=0,W]"
[1] "Iteration number: 330"
[1] "pos"
[1] 3.712751e-05 9.999293e-01
[1] "Fitting mu0 = E[Y|A=0,W]"
[1] "Iteration number: 331"
[1] "pos"
[1] 4.198869e-06 9.997826e-01
[1] "Fitting mu0 = E[Y|A=0,W]"
[1] "Iteration number: 332"
[1] "pos"
[1] 1.591812e-05 9.998855e-01
[1] "Fitting mu0 = E[Y|A=0,W]"
[1] "Iteration number: 333"
[1] "pos"
[1] 3.728751e-06 9.998919e-01
[1] "Fitting mu0 = E[Y|A=0,W]"
[1] "Iteration number: 334"
[1] "pos"
[1] 4.009819e-06 9.998141e-01
[1] "Fitting mu0 = E[Y|A=0,W]"
[1] "Iteration number: 335"
[1] "pos"
[1] 4.892275e-06 9.999079e-01
[1] "Fitting mu0 = E[Y|A=0,W]"
[1] "Iteration number: 336"
[1] "pos"
[1] 8.164336e-06 9.998779e-01
[1] "Fitting mu0 = E[Y|A=0,W]"
[1] "Iteration number: 337"
[1] "pos"
[1] 3.635014e-06 9.998584e-01
[1] "Fitting mu0 = E[Y|A=0,W]"
[1] "Iteration number: 338"
[1] "pos"
[1] 2.159907e-05 9.998350e-01
[1] "Fitting mu0 = E[Y|A=0,W]"
[1] "Iteration number: 339"
[1] "pos"
[1] 0.0000032895 0.9996997928
[1] "Fitting mu0 = E[Y|A=0,W]"
[1] "Iteration number: 340"
[1] "pos"
[1] 1.002013e-05 9.998556e-01
[1] "Fitting mu0 = E[Y|A=0,W]"
[1] "Iteration number: 341"
[1] "pos"
[1] 6.661369e-06 9.998692e-01
[1] "Fitting mu0 = E[Y|A=0,W]"
[1] "Iteration number: 342"
[1] "pos"
[1] 2.449668e-06 9.997567e-01
[1] "Fitting mu0 = E[Y|A=0,W]"
[1] "Iteration number: 343"
[1] "pos"
[1] 0.0000323854 0.9999092885
[1] "Fitting mu0 = E[Y|A=0,W]"
[1] "Iteration number: 344"
[1] "pos"
[1] 3.085355e-06 9.993957e-01
[1] "Fitting mu0 = E[Y|A=0,W]"
[1] "Iteration number: 345"
[1] "pos"
[1] 3.62621e-06 9.99476e-01
[1] "Fitting mu0 = E[Y|A=0,W]"
[1] "Iteration number: 346"
[1] "pos"
[1] 6.955891e-06 9.998739e-01
[1] "Fitting mu0 = E[Y|A=0,W]"
[1] "Iteration number: 347"
[1] "pos"
[1] 1.803182e-05 9.999114e-01
[1] "Fitting mu0 = E[Y|A=0,W]"
[1] "Iteration number: 348"
[1] "pos"
[1] 1.952478e-05 9.998468e-01
[1] "Fitting mu0 = E[Y|A=0,W]"
[1] "Iteration number: 349"
[1] "pos"
[1] 2.905372e-06 9.998097e-01
[1] "Fitting mu0 = E[Y|A=0,W]"
[1] "Iteration number: 350"
[1] "pos"
[1] 4.172945e-06 9.998224e-01
[1] "Fitting mu0 = E[Y|A=0,W]"
[1] "Iteration number: 351"
[1] "pos"
[1] 3.417697e-05 9.997920e-01
[1] "Fitting mu0 = E[Y|A=0,W]"
[1] "Iteration number: 352"
[1] "pos"
[1] 4.741049e-06 9.999110e-01
[1] "Fitting mu0 = E[Y|A=0,W]"
[1] "Iteration number: 353"
[1] "pos"
[1] 1.106633e-05 9.997572e-01
[1] "Fitting mu0 = E[Y|A=0,W]"
[1] "Iteration number: 354"
[1] "pos"
[1] 5.127725e-06 9.997668e-01
[1] "Fitting mu0 = E[Y|A=0,W]"
[1] "Iteration number: 355"
[1] "pos"
[1] 8.088276e-06 9.999009e-01
[1] "Fitting mu0 = E[Y|A=0,W]"
[1] "Iteration number: 356"
[1] "pos"
[1] 1.997395e-05 9.999008e-01
[1] "Fitting mu0 = E[Y|A=0,W]"
[1] "Iteration number: 357"
[1] "pos"
[1] 3.838130e-06 9.997202e-01
[1] "Fitting mu0 = E[Y|A=0,W]"
[1] "Iteration number: 358"
[1] "pos"
[1] 5.477980e-06 9.998516e-01
[1] "Fitting mu0 = E[Y|A=0,W]"
[1] "Iteration number: 359"
[1] "pos"
[1] 0.0000151563 0.9998303603
[1] "Fitting mu0 = E[Y|A=0,W]"
[1] "Iteration number: 360"
[1] "pos"
[1] 8.604972e-06 9.997998e-01
[1] "Fitting mu0 = E[Y|A=0,W]"
[1] "Iteration number: 361"
[1] "pos"
[1] 5.042047e-06 9.999152e-01
[1] "Fitting mu0 = E[Y|A=0,W]"
[1] "Iteration number: 362"
[1] "pos"
[1] 3.574992e-06 9.998939e-01
[1] "Fitting mu0 = E[Y|A=0,W]"
[1] "Iteration number: 363"
[1] "pos"
[1] 1.267805e-05 9.998760e-01
[1] "Fitting mu0 = E[Y|A=0,W]"
[1] "Iteration number: 364"
[1] "pos"
[1] 2.993185e-06 9.997329e-01
[1] "Fitting mu0 = E[Y|A=0,W]"
[1] "Iteration number: 365"
[1] "pos"
[1] 5.375761e-06 9.998668e-01
[1] "Fitting mu0 = E[Y|A=0,W]"
[1] "Iteration number: 366"
[1] "pos"
[1] 3.463254e-06 9.998009e-01
[1] "Fitting mu0 = E[Y|A=0,W]"
[1] "Iteration number: 367"
[1] "pos"
[1] 1.006101e-05 9.997563e-01
[1] "Fitting mu0 = E[Y|A=0,W]"
[1] "Iteration number: 368"
[1] "pos"
[1] 4.470283e-06 9.999017e-01
[1] "Fitting mu0 = E[Y|A=0,W]"
[1] "Iteration number: 369"
[1] "pos"
[1] 6.31194e-06 9.99849e-01
[1] "Fitting mu0 = E[Y|A=0,W]"
[1] "Iteration number: 370"
[1] "pos"
[1] 2.799552e-05 9.998253e-01
[1] "Fitting mu0 = E[Y|A=0,W]"
[1] "Iteration number: 371"
[1] "pos"
[1] 2.004077e-05 9.999036e-01
[1] "Fitting mu0 = E[Y|A=0,W]"
[1] "Iteration number: 372"
[1] "pos"
[1] 1.045416e-05 9.999248e-01
[1] "Fitting mu0 = E[Y|A=0,W]"
[1] "Iteration number: 373"
[1] "pos"
[1] 2.840827e-06 9.998110e-01
[1] "Fitting mu0 = E[Y|A=0,W]"
[1] "Iteration number: 374"
[1] "pos"
[1] 1.227101e-05 9.998906e-01
[1] "Fitting mu0 = E[Y|A=0,W]"
[1] "Iteration number: 375"
[1] "pos"
[1] 7.944196e-06 9.998423e-01
[1] "Fitting mu0 = E[Y|A=0,W]"
[1] "Iteration number: 376"
[1] "pos"
[1] 4.893197e-06 9.998525e-01
[1] "Fitting mu0 = E[Y|A=0,W]"
[1] "Iteration number: 377"
[1] "pos"
[1] 3.357704e-06 9.998990e-01
[1] "Fitting mu0 = E[Y|A=0,W]"
[1] "Iteration number: 378"
[1] "pos"
[1] 1.145058e-05 9.998236e-01
[1] "Fitting mu0 = E[Y|A=0,W]"
[1] "Iteration number: 379"
[1] "pos"
[1] 6.220854e-06 9.998705e-01
[1] "Fitting mu0 = E[Y|A=0,W]"
[1] "Iteration number: 380"
[1] "pos"
[1] 2.297354e-05 9.998522e-01
[1] "Fitting mu0 = E[Y|A=0,W]"
[1] "Iteration number: 381"
[1] "pos"
[1] 3.912112e-06 9.997442e-01
[1] "Fitting mu0 = E[Y|A=0,W]"
[1] "Iteration number: 382"
[1] "pos"
[1] 1.220997e-05 9.998963e-01
[1] "Fitting mu0 = E[Y|A=0,W]"
[1] "Iteration number: 383"
[1] "pos"
[1] 3.199350e-06 9.997943e-01
[1] "Fitting mu0 = E[Y|A=0,W]"
[1] "Iteration number: 384"
[1] "pos"
[1] 4.172885e-06 9.999333e-01
[1] "Fitting mu0 = E[Y|A=0,W]"
[1] "Iteration number: 385"
[1] "pos"
[1] 4.148947e-06 9.998660e-01
[1] "Fitting mu0 = E[Y|A=0,W]"
[1] "Iteration number: 386"
[1] "pos"
[1] 1.838184e-05 9.997901e-01
[1] "Fitting mu0 = E[Y|A=0,W]"
[1] "Iteration number: 387"
[1] "pos"
[1] 5.800750e-06 9.998431e-01
[1] "Fitting mu0 = E[Y|A=0,W]"
[1] "Iteration number: 388"
[1] "pos"
[1] 3.843857e-05 9.999015e-01
[1] "Fitting mu0 = E[Y|A=0,W]"
[1] "Iteration number: 389"
[1] "pos"
[1] 1.026607e-05 9.995784e-01
[1] "Fitting mu0 = E[Y|A=0,W]"
[1] "Iteration number: 390"
[1] "pos"
[1] 2.701864e-05 9.998990e-01
[1] "Fitting mu0 = E[Y|A=0,W]"
[1] "Iteration number: 391"
[1] "pos"
[1] 3.337281e-06 9.998503e-01
[1] "Fitting mu0 = E[Y|A=0,W]"
[1] "Iteration number: 392"
[1] "pos"
[1] 1.091116e-05 9.998871e-01
[1] "Fitting mu0 = E[Y|A=0,W]"
[1] "Iteration number: 393"
[1] "pos"
[1] 1.370069e-05 9.999341e-01
[1] "Fitting mu0 = E[Y|A=0,W]"
[1] "Iteration number: 394"
[1] "pos"
[1] 1.008255e-05 9.999128e-01
[1] "Fitting mu0 = E[Y|A=0,W]"
[1] "Iteration number: 395"
[1] "pos"
[1] 3.685952e-06 9.997869e-01
[1] "Fitting mu0 = E[Y|A=0,W]"
[1] "Iteration number: 396"
[1] "pos"
[1] 3.743379e-06 9.998353e-01
[1] "Fitting mu0 = E[Y|A=0,W]"
[1] "Iteration number: 397"
[1] "pos"
[1] 1.226505e-05 9.999109e-01
[1] "Fitting mu0 = E[Y|A=0,W]"
[1] "Iteration number: 398"
[1] "pos"
[1] 3.707994e-06 9.999106e-01
[1] "Fitting mu0 = E[Y|A=0,W]"
[1] "Iteration number: 399"
[1] "pos"
[1] 3.605137e-05 9.999184e-01
[1] "Fitting mu0 = E[Y|A=0,W]"
[1] "Iteration number: 400"
[1] "pos"
[1] 4.894631e-06 9.998541e-01
[1] "Fitting mu0 = E[Y|A=0,W]"
[1] "Iteration number: 401"
[1] "pos"
[1] 3.614979e-06 9.997041e-01
[1] "Fitting mu0 = E[Y|A=0,W]"
[1] "Iteration number: 402"
[1] "pos"
[1] 9.940803e-06 9.995302e-01
[1] "Fitting mu0 = E[Y|A=0,W]"
[1] "Iteration number: 403"
[1] "pos"
[1] 1.725637e-05 9.998607e-01
[1] "Fitting mu0 = E[Y|A=0,W]"
[1] "Iteration number: 404"
[1] "pos"
[1] 1.496631e-05 9.998140e-01
[1] "Fitting mu0 = E[Y|A=0,W]"
[1] "Iteration number: 405"
[1] "pos"
[1] 7.709208e-06 9.998258e-01
[1] "Fitting mu0 = E[Y|A=0,W]"
[1] "Iteration number: 406"
[1] "pos"
[1] 9.010714e-06 9.998274e-01
[1] "Fitting mu0 = E[Y|A=0,W]"
[1] "Iteration number: 407"
[1] "pos"
[1] 3.933186e-06 9.996806e-01
[1] "Fitting mu0 = E[Y|A=0,W]"
[1] "Iteration number: 408"
[1] "pos"
[1] 9.246292e-06 9.999127e-01
[1] "Fitting mu0 = E[Y|A=0,W]"
[1] "Iteration number: 409"
[1] "pos"
[1] 1.898605e-05 9.998723e-01
[1] "Fitting mu0 = E[Y|A=0,W]"
[1] "Iteration number: 410"
[1] "pos"
[1] 4.130183e-06 9.998466e-01
[1] "Fitting mu0 = E[Y|A=0,W]"
[1] "Iteration number: 411"
[1] "pos"
[1] 5.913668e-06 9.999217e-01
[1] "Fitting mu0 = E[Y|A=0,W]"
[1] "Iteration number: 412"
[1] "pos"
[1] 2.772173e-06 9.999280e-01
[1] "Fitting mu0 = E[Y|A=0,W]"
[1] "Iteration number: 413"
[1] "pos"
[1] 9.436191e-06 9.997039e-01
[1] "Fitting mu0 = E[Y|A=0,W]"
[1] "Iteration number: 414"
[1] "pos"
[1] 8.796906e-06 9.999291e-01
[1] "Fitting mu0 = E[Y|A=0,W]"
[1] "Iteration number: 415"
[1] "pos"
[1] 1.136742e-05 9.999123e-01
[1] "Fitting mu0 = E[Y|A=0,W]"
[1] "Iteration number: 416"
[1] "pos"
[1] 4.679344e-06 9.998735e-01
[1] "Fitting mu0 = E[Y|A=0,W]"
[1] "Iteration number: 417"
[1] "pos"
[1] 4.672128e-06 9.999056e-01
[1] "Fitting mu0 = E[Y|A=0,W]"
[1] "Iteration number: 418"
[1] "pos"
[1] 3.418883e-06 9.998553e-01
[1] "Fitting mu0 = E[Y|A=0,W]"
[1] "Iteration number: 419"
[1] "pos"
[1] 2.139398e-05 9.999098e-01
[1] "Fitting mu0 = E[Y|A=0,W]"
[1] "Iteration number: 420"
[1] "pos"
[1] 6.938317e-06 9.996963e-01
[1] "Fitting mu0 = E[Y|A=0,W]"
[1] "Iteration number: 421"
[1] "pos"
[1] 1.827202e-05 9.999251e-01
[1] "Fitting mu0 = E[Y|A=0,W]"
[1] "Iteration number: 422"
[1] "pos"
[1] 8.431388e-06 9.997762e-01
[1] "Fitting mu0 = E[Y|A=0,W]"
[1] "Iteration number: 423"
[1] "pos"
[1] 2.853886e-06 9.999080e-01
[1] "Fitting mu0 = E[Y|A=0,W]"
[1] "Iteration number: 424"
[1] "pos"
[1] 1.510202e-05 9.998641e-01
[1] "Fitting mu0 = E[Y|A=0,W]"
[1] "Iteration number: 425"
[1] "pos"
[1] 3.759006e-06 9.999264e-01
[1] "Fitting mu0 = E[Y|A=0,W]"
[1] "Iteration number: 426"
[1] "pos"
[1] 8.298939e-06 9.997749e-01
[1] "Fitting mu0 = E[Y|A=0,W]"
[1] "Iteration number: 427"
[1] "pos"
[1] 1.313718e-05 9.999012e-01
[1] "Fitting mu0 = E[Y|A=0,W]"
[1] "Iteration number: 428"
[1] "pos"
[1] 4.228947e-06 9.998961e-01
[1] "Fitting mu0 = E[Y|A=0,W]"
[1] "Iteration number: 429"
[1] "pos"
[1] 1.441867e-05 9.998325e-01
[1] "Fitting mu0 = E[Y|A=0,W]"
[1] "Iteration number: 430"
[1] "pos"
[1] 5.997698e-06 9.998850e-01
[1] "Fitting mu0 = E[Y|A=0,W]"
[1] "Iteration number: 431"
[1] "pos"
[1] 5.074703e-06 9.995160e-01
[1] "Fitting mu0 = E[Y|A=0,W]"
[1] "Iteration number: 432"
[1] "pos"
[1] 2.650341e-05 9.999119e-01
[1] "Fitting mu0 = E[Y|A=0,W]"
[1] "Iteration number: 433"
[1] "pos"
[1] 1.293803e-05 9.998585e-01
[1] "Fitting mu0 = E[Y|A=0,W]"
[1] "Iteration number: 434"
[1] "pos"
[1] 5.916078e-06 9.998346e-01
[1] "Fitting mu0 = E[Y|A=0,W]"
[1] "Iteration number: 435"
[1] "pos"
[1] 5.185565e-06 9.998599e-01
[1] "Fitting mu0 = E[Y|A=0,W]"
[1] "Iteration number: 436"
[1] "pos"
[1] 3.060131e-06 9.996403e-01
[1] "Fitting mu0 = E[Y|A=0,W]"
[1] "Iteration number: 437"
[1] "pos"
[1] 5.543341e-06 9.996850e-01
[1] "Fitting mu0 = E[Y|A=0,W]"
[1] "Iteration number: 438"
[1] "pos"
[1] 2.885846e-06 9.998252e-01
[1] "Fitting mu0 = E[Y|A=0,W]"
[1] "Iteration number: 439"
[1] "pos"
[1] 6.409789e-06 9.999059e-01
[1] "Fitting mu0 = E[Y|A=0,W]"
[1] "Iteration number: 440"
[1] "pos"
[1] 1.055974e-05 9.998853e-01
[1] "Fitting mu0 = E[Y|A=0,W]"
[1] "Iteration number: 441"
[1] "pos"
[1] 6.352003e-06 9.998901e-01
[1] "Fitting mu0 = E[Y|A=0,W]"
[1] "Iteration number: 442"
[1] "pos"
[1] 4.163810e-06 9.998663e-01
[1] "Fitting mu0 = E[Y|A=0,W]"
[1] "Iteration number: 443"
[1] "pos"
[1] 4.063318e-06 9.996161e-01
[1] "Fitting mu0 = E[Y|A=0,W]"
[1] "Iteration number: 444"
[1] "pos"
[1] 1.469267e-05 9.998715e-01
[1] "Fitting mu0 = E[Y|A=0,W]"
[1] "Iteration number: 445"
[1] "pos"
[1] 3.648344e-06 9.998585e-01
[1] "Fitting mu0 = E[Y|A=0,W]"
[1] "Iteration number: 446"
[1] "pos"
[1] 2.421465e-06 9.998259e-01
[1] "Fitting mu0 = E[Y|A=0,W]"
[1] "Iteration number: 447"
[1] "pos"
[1] 8.477809e-06 9.997931e-01
[1] "Fitting mu0 = E[Y|A=0,W]"
[1] "Iteration number: 448"
[1] "pos"
[1] 7.288720e-06 9.999209e-01
[1] "Fitting mu0 = E[Y|A=0,W]"
[1] "Iteration number: 449"
[1] "pos"
[1] 6.451965e-06 9.997402e-01
[1] "Fitting mu0 = E[Y|A=0,W]"
[1] "Iteration number: 450"
[1] "pos"
[1] 8.408773e-06 9.997327e-01
[1] "Fitting mu0 = E[Y|A=0,W]"
[1] "Iteration number: 451"
[1] "pos"
[1] 2.461274e-06 9.998349e-01
[1] "Fitting mu0 = E[Y|A=0,W]"
[1] "Iteration number: 452"
[1] "pos"
[1] 1.038358e-05 9.998495e-01
[1] "Fitting mu0 = E[Y|A=0,W]"
[1] "Iteration number: 453"
[1] "pos"
[1] 8.942707e-06 9.996695e-01
[1] "Fitting mu0 = E[Y|A=0,W]"
[1] "Iteration number: 454"
[1] "pos"
[1] 1.327609e-05 9.997875e-01
[1] "Fitting mu0 = E[Y|A=0,W]"
[1] "Iteration number: 455"
[1] "pos"
[1] 4.024902e-06 9.999162e-01
[1] "Fitting mu0 = E[Y|A=0,W]"
[1] "Iteration number: 456"
[1] "pos"
[1] 3.604190e-06 9.996893e-01
[1] "Fitting mu0 = E[Y|A=0,W]"
[1] "Iteration number: 457"
[1] "pos"
[1] 8.511727e-06 9.997104e-01
[1] "Fitting mu0 = E[Y|A=0,W]"
[1] "Iteration number: 458"
[1] "pos"
[1] 3.724295e-06 9.997603e-01
[1] "Fitting mu0 = E[Y|A=0,W]"
[1] "Iteration number: 459"
[1] "pos"
[1] 2.020569e-05 9.997954e-01
[1] "Fitting mu0 = E[Y|A=0,W]"
[1] "Iteration number: 460"
[1] "pos"
[1] 7.571559e-06 9.999022e-01
[1] "Fitting mu0 = E[Y|A=0,W]"
[1] "Iteration number: 461"
[1] "pos"
[1] 5.042407e-06 9.997549e-01
[1] "Fitting mu0 = E[Y|A=0,W]"
[1] "Iteration number: 462"
[1] "pos"
[1] 1.360288e-05 9.996870e-01
[1] "Fitting mu0 = E[Y|A=0,W]"
[1] "Iteration number: 463"
[1] "pos"
[1] 6.151844e-06 9.995151e-01
[1] "Fitting mu0 = E[Y|A=0,W]"
[1] "Iteration number: 464"
[1] "pos"
[1] 5.089423e-06 9.998653e-01
[1] "Fitting mu0 = E[Y|A=0,W]"
[1] "Iteration number: 465"
[1] "pos"
[1] 5.189189e-06 9.999185e-01
[1] "Fitting mu0 = E[Y|A=0,W]"
[1] "Iteration number: 466"
[1] "pos"
[1] 1.707828e-05 9.997904e-01
[1] "Fitting mu0 = E[Y|A=0,W]"
[1] "Iteration number: 467"
[1] "pos"
[1] 7.288858e-06 9.999251e-01
[1] "Fitting mu0 = E[Y|A=0,W]"
[1] "Iteration number: 468"
[1] "pos"
[1] 4.421211e-06 9.998554e-01
[1] "Fitting mu0 = E[Y|A=0,W]"
[1] "Iteration number: 469"
[1] "pos"
[1] 8.833475e-06 9.997907e-01
[1] "Fitting mu0 = E[Y|A=0,W]"
[1] "Iteration number: 470"
[1] "pos"
[1] 6.469831e-06 9.997982e-01
[1] "Fitting mu0 = E[Y|A=0,W]"
[1] "Iteration number: 471"
[1] "pos"
[1] 1.222273e-05 9.996729e-01
[1] "Fitting mu0 = E[Y|A=0,W]"
[1] "Iteration number: 472"
[1] "pos"
[1] 5.684991e-06 9.997496e-01
[1] "Fitting mu0 = E[Y|A=0,W]"
[1] "Iteration number: 473"
[1] "pos"
[1] 4.707974e-06 9.997467e-01
[1] "Fitting mu0 = E[Y|A=0,W]"
[1] "Iteration number: 474"
[1] "pos"
[1] 4.715563e-06 9.997645e-01
[1] "Fitting mu0 = E[Y|A=0,W]"
[1] "Iteration number: 475"
[1] "pos"
[1] 7.363368e-06 9.995709e-01
[1] "Fitting mu0 = E[Y|A=0,W]"
[1] "Iteration number: 476"
[1] "pos"
[1] 3.298984e-06 9.999081e-01
[1] "Fitting mu0 = E[Y|A=0,W]"
[1] "Iteration number: 477"
[1] "pos"
[1] 6.090548e-06 9.998776e-01
[1] "Fitting mu0 = E[Y|A=0,W]"
[1] "Iteration number: 478"
[1] "pos"
[1] 1.035444e-05 9.998396e-01
[1] "Fitting mu0 = E[Y|A=0,W]"
[1] "Iteration number: 479"
[1] "pos"
[1] 4.553706e-06 9.998179e-01
[1] "Fitting mu0 = E[Y|A=0,W]"
[1] "Iteration number: 480"
[1] "pos"
[1] 3.780956e-06 9.998755e-01
[1] "Fitting mu0 = E[Y|A=0,W]"
[1] "Iteration number: 481"
[1] "pos"
[1] 3.808523e-06 9.998659e-01
[1] "Fitting mu0 = E[Y|A=0,W]"
[1] "Iteration number: 482"
[1] "pos"
[1] 5.965356e-06 9.998849e-01
[1] "Fitting mu0 = E[Y|A=0,W]"
[1] "Iteration number: 483"
[1] "pos"
[1] 4.704626e-05 9.999003e-01
[1] "Fitting mu0 = E[Y|A=0,W]"
[1] "Iteration number: 484"
[1] "pos"
[1] 8.348469e-06 9.997870e-01
[1] "Fitting mu0 = E[Y|A=0,W]"
[1] "Iteration number: 485"
[1] "pos"
[1] 5.045990e-06 9.997849e-01
[1] "Fitting mu0 = E[Y|A=0,W]"
[1] "Iteration number: 486"
[1] "pos"
[1] 5.597598e-06 9.995341e-01
[1] "Fitting mu0 = E[Y|A=0,W]"
[1] "Iteration number: 487"
[1] "pos"
[1] 0.0000109683 0.9998162247
[1] "Fitting mu0 = E[Y|A=0,W]"
[1] "Iteration number: 488"
[1] "pos"
[1] 6.403752e-06 9.998612e-01
[1] "Fitting mu0 = E[Y|A=0,W]"
[1] "Iteration number: 489"
[1] "pos"
[1] 1.942461e-05 9.997859e-01
[1] "Fitting mu0 = E[Y|A=0,W]"
[1] "Iteration number: 490"
[1] "pos"
[1] 8.116381e-06 9.997526e-01
[1] "Fitting mu0 = E[Y|A=0,W]"
[1] "Iteration number: 491"
[1] "pos"
[1] 1.091169e-05 9.997953e-01
[1] "Fitting mu0 = E[Y|A=0,W]"
[1] "Iteration number: 492"
[1] "pos"
[1] 1.787352e-05 9.998051e-01
[1] "Fitting mu0 = E[Y|A=0,W]"
[1] "Iteration number: 493"
[1] "pos"
[1] 4.810664e-06 9.998218e-01
[1] "Fitting mu0 = E[Y|A=0,W]"
[1] "Iteration number: 494"
[1] "pos"
[1] 8.776778e-06 9.998514e-01
[1] "Fitting mu0 = E[Y|A=0,W]"
[1] "Iteration number: 495"
[1] "pos"
[1] 2.140544e-05 9.998722e-01
[1] "Fitting mu0 = E[Y|A=0,W]"
[1] "Iteration number: 496"
[1] "pos"
[1] 4.782228e-06 9.998556e-01
[1] "Fitting mu0 = E[Y|A=0,W]"
[1] "Iteration number: 497"
[1] "pos"
[1] 1.069972e-05 9.997833e-01
[1] "Fitting mu0 = E[Y|A=0,W]"
[1] "Iteration number: 498"
[1] "pos"
[1] 7.928767e-06 9.998807e-01
[1] "Fitting mu0 = E[Y|A=0,W]"
[1] "Iteration number: 499"
[1] "pos"
[1] 4.368481e-06 9.998879e-01
[1] "Fitting mu0 = E[Y|A=0,W]"
[1] "Iteration number: 500"
[1] "pos"
[1] 2.902210e-06 9.997288e-01
[1] "Fitting mu0 = E[Y|A=0,W]"
[1] "Iteration number: 501"
[1] "pos"
[1] 2.903851e-05 9.999131e-01
[1] "Fitting mu0 = E[Y|A=0,W]"
[1] "Iteration number: 502"
[1] "pos"
[1] 4.773003e-06 9.997945e-01
[1] "Fitting mu0 = E[Y|A=0,W]"
[1] "Iteration number: 503"
[1] "pos"
[1] 5.168886e-06 9.998521e-01
[1] "Fitting mu0 = E[Y|A=0,W]"
[1] "Iteration number: 504"
[1] "pos"
[1] 6.706006e-06 9.998683e-01
[1] "Fitting mu0 = E[Y|A=0,W]"
[1] "Iteration number: 505"
[1] "pos"
[1] 5.223311e-06 9.997847e-01
[1] "Fitting mu0 = E[Y|A=0,W]"
[1] "Iteration number: 506"
[1] "pos"
[1] 1.464876e-05 9.998945e-01
[1] "Fitting mu0 = E[Y|A=0,W]"
[1] "Iteration number: 507"
[1] "pos"
[1] 1.432437e-05 9.999167e-01
[1] "Fitting mu0 = E[Y|A=0,W]"
[1] "Iteration number: 508"
[1] "pos"
[1] 1.110987e-05 9.997503e-01
[1] "Fitting mu0 = E[Y|A=0,W]"
[1] "Iteration number: 509"
[1] "pos"
[1] 3.096202e-06 9.999103e-01
[1] "Fitting mu0 = E[Y|A=0,W]"
[1] "Iteration number: 510"
[1] "pos"
[1] 9.769551e-06 9.998237e-01
[1] "Fitting mu0 = E[Y|A=0,W]"
[1] "Iteration number: 511"
[1] "pos"
[1] 4.937460e-06 9.996393e-01
[1] "Fitting mu0 = E[Y|A=0,W]"
[1] "Iteration number: 512"
[1] "pos"
[1] 8.586752e-06 9.998819e-01
[1] "Fitting mu0 = E[Y|A=0,W]"
[1] "Iteration number: 513"
[1] "pos"
[1] 5.308942e-06 9.998531e-01
[1] "Fitting mu0 = E[Y|A=0,W]"
[1] "Iteration number: 514"
[1] "pos"
[1] 3.345940e-06 9.998963e-01
[1] "Fitting mu0 = E[Y|A=0,W]"
[1] "Iteration number: 515"
[1] "pos"
[1] 6.593438e-06 9.998878e-01
[1] "Fitting mu0 = E[Y|A=0,W]"
[1] "Iteration number: 516"
[1] "pos"
[1] 3.328086e-06 9.997983e-01
[1] "Fitting mu0 = E[Y|A=0,W]"
[1] "Iteration number: 517"
[1] "pos"
[1] 1.048403e-05 9.997195e-01
[1] "Fitting mu0 = E[Y|A=0,W]"
[1] "Iteration number: 518"
[1] "pos"
[1] 1.133463e-05 9.998255e-01
[1] "Fitting mu0 = E[Y|A=0,W]"
[1] "Iteration number: 519"
[1] "pos"
[1] 3.499789e-06 9.999247e-01
[1] "Fitting mu0 = E[Y|A=0,W]"
[1] "Iteration number: 520"
[1] "pos"
[1] 6.671940e-06 9.999349e-01
[1] "Fitting mu0 = E[Y|A=0,W]"
[1] "Iteration number: 521"
[1] "pos"
[1] 0.000132062 0.999880730
[1] "Fitting mu0 = E[Y|A=0,W]"
[1] "Iteration number: 522"
[1] "pos"
[1] 9.232718e-06 9.999231e-01
[1] "Fitting mu0 = E[Y|A=0,W]"
[1] "Iteration number: 523"
[1] "pos"
[1] 6.701635e-06 9.998790e-01
[1] "Fitting mu0 = E[Y|A=0,W]"
[1] "Iteration number: 524"
[1] "pos"
[1] 6.799758e-06 9.998460e-01
[1] "Fitting mu0 = E[Y|A=0,W]"
[1] "Iteration number: 525"
[1] "pos"
[1] 3.05369e-05 9.99844e-01
[1] "Fitting mu0 = E[Y|A=0,W]"
[1] "Iteration number: 526"
[1] "pos"
[1] 4.785164e-06 9.998182e-01
[1] "Fitting mu0 = E[Y|A=0,W]"
[1] "Iteration number: 527"
[1] "pos"
[1] 5.659823e-05 9.998731e-01
[1] "Fitting mu0 = E[Y|A=0,W]"
[1] "Iteration number: 528"
[1] "pos"
[1] 4.042684e-06 9.998736e-01
[1] "Fitting mu0 = E[Y|A=0,W]"
[1] "Iteration number: 529"
[1] "pos"
[1] 7.667756e-06 9.999174e-01
[1] "Fitting mu0 = E[Y|A=0,W]"
[1] "Iteration number: 530"
[1] "pos"
[1] 7.549420e-06 9.999125e-01
[1] "Fitting mu0 = E[Y|A=0,W]"
[1] "Iteration number: 531"
[1] "pos"
[1] 2.152851e-05 9.998570e-01
[1] "Fitting mu0 = E[Y|A=0,W]"
[1] "Iteration number: 532"
[1] "pos"
[1] 1.799527e-05 9.998484e-01
[1] "Fitting mu0 = E[Y|A=0,W]"
[1] "Iteration number: 533"
[1] "pos"
[1] 1.223217e-05 9.998430e-01
[1] "Fitting mu0 = E[Y|A=0,W]"
[1] "Iteration number: 534"
[1] "pos"
[1] 6.251923e-06 9.998914e-01
[1] "Fitting mu0 = E[Y|A=0,W]"
[1] "Iteration number: 535"
[1] "pos"
[1] 0.0000034224 0.9996617956
[1] "Fitting mu0 = E[Y|A=0,W]"
[1] "Iteration number: 536"
[1] "pos"
[1] 4.978070e-06 9.998143e-01
[1] "Fitting mu0 = E[Y|A=0,W]"
[1] "Iteration number: 537"
[1] "pos"
[1] 4.326905e-06 9.998857e-01
[1] "Fitting mu0 = E[Y|A=0,W]"
[1] "Iteration number: 538"
[1] "pos"
[1] 3.880729e-06 9.999253e-01
[1] "Fitting mu0 = E[Y|A=0,W]"
[1] "Iteration number: 539"
[1] "pos"
[1] 9.936619e-06 9.998736e-01
[1] "Fitting mu0 = E[Y|A=0,W]"
[1] "Iteration number: 540"
[1] "pos"
[1] 2.492253e-06 9.997320e-01
[1] "Fitting mu0 = E[Y|A=0,W]"
[1] "Iteration number: 541"
[1] "pos"
[1] 2.084886e-05 9.999014e-01
[1] "Fitting mu0 = E[Y|A=0,W]"
[1] "Iteration number: 542"
[1] "pos"
[1] 1.339058e-05 9.998750e-01
[1] "Fitting mu0 = E[Y|A=0,W]"
[1] "Iteration number: 543"
[1] "pos"
[1] 4.485682e-06 9.997533e-01
[1] "Fitting mu0 = E[Y|A=0,W]"
[1] "Iteration number: 544"
[1] "pos"
[1] 0.0000168356 0.9999119111
[1] "Fitting mu0 = E[Y|A=0,W]"
[1] "Iteration number: 545"
[1] "pos"
[1] 1.680066e-05 9.999229e-01
[1] "Fitting mu0 = E[Y|A=0,W]"
[1] "Iteration number: 546"
[1] "pos"
[1] 1.062279e-05 9.998866e-01
[1] "Fitting mu0 = E[Y|A=0,W]"
[1] "Iteration number: 547"
[1] "pos"
[1] 1.671034e-05 9.996398e-01
[1] "Fitting mu0 = E[Y|A=0,W]"
[1] "Iteration number: 548"
[1] "pos"
[1] 2.798275e-05 9.997050e-01
[1] "Fitting mu0 = E[Y|A=0,W]"
[1] "Iteration number: 549"
[1] "pos"
[1] 5.671324e-06 9.999130e-01
[1] "Fitting mu0 = E[Y|A=0,W]"
[1] "Iteration number: 550"
[1] "pos"
[1] 2.997309e-06 9.998284e-01
[1] "Fitting mu0 = E[Y|A=0,W]"
[1] "Iteration number: 551"
[1] "pos"
[1] 0.0000043851 0.9998539058
[1] "Fitting mu0 = E[Y|A=0,W]"
[1] "Iteration number: 552"
[1] "pos"
[1] 3.650316e-06 9.998523e-01
[1] "Fitting mu0 = E[Y|A=0,W]"
[1] "Iteration number: 553"
[1] "pos"
[1] 2.851418e-05 9.995637e-01
[1] "Fitting mu0 = E[Y|A=0,W]"
[1] "Iteration number: 554"
[1] "pos"
[1] 1.815903e-05 9.999183e-01
[1] "Fitting mu0 = E[Y|A=0,W]"
[1] "Iteration number: 555"
[1] "pos"
[1] 4.002691e-05 9.999087e-01
[1] "Fitting mu0 = E[Y|A=0,W]"
[1] "Iteration number: 556"
[1] "pos"
[1] 4.598737e-06 9.996284e-01
[1] "Fitting mu0 = E[Y|A=0,W]"
[1] "Iteration number: 557"
[1] "pos"
[1] 6.891288e-06 9.996826e-01
[1] "Fitting mu0 = E[Y|A=0,W]"
[1] "Iteration number: 558"
[1] "pos"
[1] 3.153171e-06 9.998146e-01
[1] "Fitting mu0 = E[Y|A=0,W]"
[1] "Iteration number: 559"
[1] "pos"
[1] 6.481555e-06 9.998688e-01
[1] "Fitting mu0 = E[Y|A=0,W]"
[1] "Iteration number: 560"
[1] "pos"
[1] 1.636852e-05 9.997993e-01
[1] "Fitting mu0 = E[Y|A=0,W]"
[1] "Iteration number: 561"
[1] "pos"
[1] 2.930208e-06 9.998801e-01
[1] "Fitting mu0 = E[Y|A=0,W]"
[1] "Iteration number: 562"
[1] "pos"
[1] 3.301292e-06 9.997567e-01
[1] "Fitting mu0 = E[Y|A=0,W]"
[1] "Iteration number: 563"
[1] "pos"
[1] 1.300842e-05 9.998973e-01
[1] "Fitting mu0 = E[Y|A=0,W]"
[1] "Iteration number: 564"
[1] "pos"
[1] 7.469082e-06 9.998829e-01
[1] "Fitting mu0 = E[Y|A=0,W]"
[1] "Iteration number: 565"
[1] "pos"
[1] 4.791401e-06 9.998462e-01
[1] "Fitting mu0 = E[Y|A=0,W]"
[1] "Iteration number: 566"
[1] "pos"
[1] 3.183162e-06 9.998411e-01
[1] "Fitting mu0 = E[Y|A=0,W]"
[1] "Iteration number: 567"
[1] "pos"
[1] 0.0000125084 0.9998297458
[1] "Fitting mu0 = E[Y|A=0,W]"
[1] "Iteration number: 568"
[1] "pos"
[1] 8.309506e-06 9.998490e-01
[1] "Fitting mu0 = E[Y|A=0,W]"
[1] "Iteration number: 569"
[1] "pos"
[1] 5.248724e-06 9.998701e-01
[1] "Fitting mu0 = E[Y|A=0,W]"
[1] "Iteration number: 570"
[1] "pos"
[1] 5.100539e-06 9.998983e-01
[1] "Fitting mu0 = E[Y|A=0,W]"
[1] "Iteration number: 571"
[1] "pos"
[1] 4.502707e-06 9.998999e-01
[1] "Fitting mu0 = E[Y|A=0,W]"
[1] "Iteration number: 572"
[1] "pos"
[1] 1.237355e-05 9.998593e-01
[1] "Fitting mu0 = E[Y|A=0,W]"
[1] "Iteration number: 573"
[1] "pos"
[1] 8.297221e-06 9.998917e-01
[1] "Fitting mu0 = E[Y|A=0,W]"
[1] "Iteration number: 574"
[1] "pos"
[1] 5.72078e-06 9.99913e-01
[1] "Fitting mu0 = E[Y|A=0,W]"
[1] "Iteration number: 575"
[1] "pos"
[1] 9.534102e-06 9.997366e-01
[1] "Fitting mu0 = E[Y|A=0,W]"
[1] "Iteration number: 576"
[1] "pos"
[1] 3.673207e-06 9.998823e-01
[1] "Fitting mu0 = E[Y|A=0,W]"
[1] "Iteration number: 577"
[1] "pos"
[1] 2.678762e-05 9.999380e-01
[1] "Fitting mu0 = E[Y|A=0,W]"
[1] "Iteration number: 578"
[1] "pos"
[1] 1.302807e-05 9.998520e-01
[1] "Fitting mu0 = E[Y|A=0,W]"
[1] "Iteration number: 579"
[1] "pos"
[1] 6.817489e-06 9.996270e-01
[1] "Fitting mu0 = E[Y|A=0,W]"
[1] "Iteration number: 580"
[1] "pos"
[1] 6.444054e-06 9.998441e-01
[1] "Fitting mu0 = E[Y|A=0,W]"
[1] "Iteration number: 581"
[1] "pos"
[1] 5.851107e-06 9.999196e-01
[1] "Fitting mu0 = E[Y|A=0,W]"
[1] "Iteration number: 582"
[1] "pos"
[1] 5.742731e-06 9.999173e-01
[1] "Fitting mu0 = E[Y|A=0,W]"
[1] "Iteration number: 583"
[1] "pos"
[1] 6.362518e-06 9.997304e-01
[1] "Fitting mu0 = E[Y|A=0,W]"
[1] "Iteration number: 584"
[1] "pos"
[1] 1.436688e-05 9.998458e-01
[1] "Fitting mu0 = E[Y|A=0,W]"
[1] "Iteration number: 585"
[1] "pos"
[1] 1.237711e-05 9.999370e-01
[1] "Fitting mu0 = E[Y|A=0,W]"
[1] "Iteration number: 586"
[1] "pos"
[1] 1.106982e-05 9.998978e-01
[1] "Fitting mu0 = E[Y|A=0,W]"
[1] "Iteration number: 587"
[1] "pos"
[1] 9.815580e-06 9.997046e-01
[1] "Fitting mu0 = E[Y|A=0,W]"
[1] "Iteration number: 588"
[1] "pos"
[1] 5.330674e-06 9.997675e-01
[1] "Fitting mu0 = E[Y|A=0,W]"
[1] "Iteration number: 589"
[1] "pos"
[1] 6.106172e-06 9.997883e-01
[1] "Fitting mu0 = E[Y|A=0,W]"
[1] "Iteration number: 590"
[1] "pos"
[1] 4.981557e-06 9.997226e-01
[1] "Fitting mu0 = E[Y|A=0,W]"
[1] "Iteration number: 591"
[1] "pos"
[1] 3.355754e-06 9.998828e-01
[1] "Fitting mu0 = E[Y|A=0,W]"
[1] "Iteration number: 592"
[1] "pos"
[1] 1.335274e-05 9.999103e-01
[1] "Fitting mu0 = E[Y|A=0,W]"
[1] "Iteration number: 593"
[1] "pos"
[1] 5.801638e-06 9.998022e-01
[1] "Fitting mu0 = E[Y|A=0,W]"
[1] "Iteration number: 594"
[1] "pos"
[1] 7.777411e-06 9.998936e-01
[1] "Fitting mu0 = E[Y|A=0,W]"
[1] "Iteration number: 595"
[1] "pos"
[1] 3.759411e-06 9.998700e-01
[1] "Fitting mu0 = E[Y|A=0,W]"
[1] "Iteration number: 596"
[1] "pos"
[1] 1.530013e-05 9.999105e-01
[1] "Fitting mu0 = E[Y|A=0,W]"
[1] "Iteration number: 597"
[1] "pos"
[1] 3.324715e-06 9.998494e-01
[1] "Fitting mu0 = E[Y|A=0,W]"
[1] "Iteration number: 598"
[1] "pos"
[1] 0.0000108532 0.9998108413
[1] "Fitting mu0 = E[Y|A=0,W]"
[1] "Iteration number: 599"
[1] "pos"
[1] 3.269937e-06 9.998885e-01
[1] "Fitting mu0 = E[Y|A=0,W]"
[1] "Iteration number: 600"
[1] "pos"
[1] 6.099915e-06 9.997869e-01
[1] "Fitting mu0 = E[Y|A=0,W]"
[1] "Iteration number: 601"
[1] "pos"
[1] 8.621717e-06 9.999359e-01
[1] "Fitting mu0 = E[Y|A=0,W]"
[1] "Iteration number: 602"
[1] "pos"
[1] 5.779226e-06 9.998386e-01
[1] "Fitting mu0 = E[Y|A=0,W]"
[1] "Iteration number: 603"
[1] "pos"
[1] 6.161660e-06 9.998969e-01
[1] "Fitting mu0 = E[Y|A=0,W]"
[1] "Iteration number: 604"
[1] "pos"
[1] 2.202157e-05 9.996055e-01
[1] "Fitting mu0 = E[Y|A=0,W]"
[1] "Iteration number: 605"
[1] "pos"
[1] 9.341957e-06 9.997082e-01
[1] "Fitting mu0 = E[Y|A=0,W]"
[1] "Iteration number: 606"
[1] "pos"
[1] 5.602985e-06 9.997920e-01
[1] "Fitting mu0 = E[Y|A=0,W]"
[1] "Iteration number: 607"
[1] "pos"
[1] 7.720210e-06 9.996521e-01
[1] "Fitting mu0 = E[Y|A=0,W]"
[1] "Iteration number: 608"
[1] "pos"
[1] 3.137369e-06 9.997974e-01
[1] "Fitting mu0 = E[Y|A=0,W]"
[1] "Iteration number: 609"
[1] "pos"
[1] 7.339595e-06 9.998706e-01
[1] "Fitting mu0 = E[Y|A=0,W]"
[1] "Iteration number: 610"
[1] "pos"
[1] 1.219801e-05 9.998983e-01
[1] "Fitting mu0 = E[Y|A=0,W]"
[1] "Iteration number: 611"
[1] "pos"
[1] 0.0000111645 0.9997982581
[1] "Fitting mu0 = E[Y|A=0,W]"
[1] "Iteration number: 612"
[1] "pos"
[1] 1.250429e-05 9.996935e-01
[1] "Fitting mu0 = E[Y|A=0,W]"
[1] "Iteration number: 613"
[1] "pos"
[1] 3.746279e-06 9.998439e-01
[1] "Fitting mu0 = E[Y|A=0,W]"
[1] "Iteration number: 614"
[1] "pos"
[1] 5.493772e-06 9.998690e-01
[1] "Fitting mu0 = E[Y|A=0,W]"
[1] "Iteration number: 615"
[1] "pos"
[1] 4.242243e-06 9.998825e-01
[1] "Fitting mu0 = E[Y|A=0,W]"
[1] "Iteration number: 616"
[1] "pos"
[1] 1.277001e-05 9.998629e-01
[1] "Fitting mu0 = E[Y|A=0,W]"
[1] "Iteration number: 617"
[1] "pos"
[1] 3.651479e-06 9.998551e-01
[1] "Fitting mu0 = E[Y|A=0,W]"
[1] "Iteration number: 618"
[1] "pos"
[1] 9.297702e-06 9.998716e-01
[1] "Fitting mu0 = E[Y|A=0,W]"
[1] "Iteration number: 619"
[1] "pos"
[1] 5.245455e-05 9.993647e-01
[1] "Fitting mu0 = E[Y|A=0,W]"
[1] "Iteration number: 620"
[1] "pos"
[1] 3.455894e-06 9.998847e-01
[1] "Fitting mu0 = E[Y|A=0,W]"
[1] "Iteration number: 621"
[1] "pos"
[1] 5.202448e-06 9.998531e-01
[1] "Fitting mu0 = E[Y|A=0,W]"
[1] "Iteration number: 622"
[1] "pos"
[1] 6.298808e-06 9.999089e-01
[1] "Fitting mu0 = E[Y|A=0,W]"
[1] "Iteration number: 623"
[1] "pos"
[1] 1.138341e-05 9.997205e-01
[1] "Fitting mu0 = E[Y|A=0,W]"
[1] "Iteration number: 624"
[1] "pos"
[1] 2.672759e-06 9.998771e-01
[1] "Fitting mu0 = E[Y|A=0,W]"
[1] "Iteration number: 625"
[1] "pos"
[1] 4.498258e-05 9.998305e-01
[1] "Fitting mu0 = E[Y|A=0,W]"
[1] "Iteration number: 626"
[1] "pos"
[1] 7.76016e-06 9.99894e-01
[1] "Fitting mu0 = E[Y|A=0,W]"
[1] "Iteration number: 627"
[1] "pos"
[1] 1.212191e-05 9.999064e-01
[1] "Fitting mu0 = E[Y|A=0,W]"
[1] "Iteration number: 628"
[1] "pos"
[1] 1.579293e-05 9.995311e-01
[1] "Fitting mu0 = E[Y|A=0,W]"
[1] "Iteration number: 629"
[1] "pos"
[1] 3.656660e-06 9.999392e-01
[1] "Fitting mu0 = E[Y|A=0,W]"
[1] "Iteration number: 630"
[1] "pos"
[1] 8.910263e-06 9.998191e-01
[1] "Fitting mu0 = E[Y|A=0,W]"
[1] "Iteration number: 631"
[1] "pos"
[1] 1.662156e-05 9.997185e-01
[1] "Fitting mu0 = E[Y|A=0,W]"
[1] "Iteration number: 632"
[1] "pos"
[1] 1.840638e-05 9.996983e-01
[1] "Fitting mu0 = E[Y|A=0,W]"
[1] "Iteration number: 633"
[1] "pos"
[1] 2.691056e-06 9.997548e-01
[1] "Fitting mu0 = E[Y|A=0,W]"
[1] "Iteration number: 634"
[1] "pos"
[1] 1.925308e-05 9.998439e-01
[1] "Fitting mu0 = E[Y|A=0,W]"
[1] "Iteration number: 635"
[1] "pos"
[1] 5.236232e-06 9.998938e-01
[1] "Fitting mu0 = E[Y|A=0,W]"
[1] "Iteration number: 636"
[1] "pos"
[1] 1.468036e-05 9.999100e-01
[1] "Fitting mu0 = E[Y|A=0,W]"
[1] "Iteration number: 637"
[1] "pos"
[1] 2.506332e-06 9.998637e-01
[1] "Fitting mu0 = E[Y|A=0,W]"
[1] "Iteration number: 638"
[1] "pos"
[1] 2.450227e-05 9.999141e-01
[1] "Fitting mu0 = E[Y|A=0,W]"
[1] "Iteration number: 639"
[1] "pos"
[1] 7.618559e-06 9.998848e-01
[1] "Fitting mu0 = E[Y|A=0,W]"
[1] "Iteration number: 640"
[1] "pos"
[1] 0.0000587385 0.9998847567
[1] "Fitting mu0 = E[Y|A=0,W]"
[1] "Iteration number: 641"
[1] "pos"
[1] 1.064982e-05 9.998516e-01
[1] "Fitting mu0 = E[Y|A=0,W]"
[1] "Iteration number: 642"
[1] "pos"
[1] 9.311821e-06 9.998865e-01
[1] "Fitting mu0 = E[Y|A=0,W]"
[1] "Iteration number: 643"
[1] "pos"
[1] 0.0000126836 0.9994076232
[1] "Fitting mu0 = E[Y|A=0,W]"
[1] "Iteration number: 644"
[1] "pos"
[1] 1.116662e-05 9.998333e-01
[1] "Fitting mu0 = E[Y|A=0,W]"
[1] "Iteration number: 645"
[1] "pos"
[1] 2.544357e-06 9.995167e-01
[1] "Fitting mu0 = E[Y|A=0,W]"
[1] "Iteration number: 646"
[1] "pos"
[1] 2.726414e-05 9.997708e-01
[1] "Fitting mu0 = E[Y|A=0,W]"
[1] "Iteration number: 647"
[1] "pos"
[1] 4.338836e-06 9.997804e-01
[1] "Fitting mu0 = E[Y|A=0,W]"
[1] "Iteration number: 648"
[1] "pos"
[1] 8.800399e-06 9.997320e-01
[1] "Fitting mu0 = E[Y|A=0,W]"
[1] "Iteration number: 649"
[1] "pos"
[1] 8.966520e-06 9.998437e-01
[1] "Fitting mu0 = E[Y|A=0,W]"
[1] "Iteration number: 650"
[1] "pos"
[1] 3.410345e-05 9.998146e-01
[1] "Fitting mu0 = E[Y|A=0,W]"
[1] "Iteration number: 651"
[1] "pos"
[1] 4.486928e-06 9.998268e-01
[1] "Fitting mu0 = E[Y|A=0,W]"
[1] "Iteration number: 652"
[1] "pos"
[1] 7.799757e-06 9.998981e-01
[1] "Fitting mu0 = E[Y|A=0,W]"
[1] "Iteration number: 653"
[1] "pos"
[1] 4.316119e-06 9.997127e-01
[1] "Fitting mu0 = E[Y|A=0,W]"
[1] "Iteration number: 654"
[1] "pos"
[1] 3.448003e-06 9.998317e-01
[1] "Fitting mu0 = E[Y|A=0,W]"
[1] "Iteration number: 655"
[1] "pos"
[1] 4.519771e-06 9.998466e-01
[1] "Fitting mu0 = E[Y|A=0,W]"
[1] "Iteration number: 656"
[1] "pos"
[1] 3.099552e-06 9.997833e-01
[1] "Fitting mu0 = E[Y|A=0,W]"
[1] "Iteration number: 657"
[1] "pos"
[1] 5.499332e-06 9.999269e-01
[1] "Fitting mu0 = E[Y|A=0,W]"
[1] "Iteration number: 658"
[1] "pos"
[1] 3.506501e-06 9.998802e-01
[1] "Fitting mu0 = E[Y|A=0,W]"
[1] "Iteration number: 659"
[1] "pos"
[1] 1.025177e-05 9.998748e-01
[1] "Fitting mu0 = E[Y|A=0,W]"
[1] "Iteration number: 660"
[1] "pos"
[1] 4.165847e-06 9.997854e-01
[1] "Fitting mu0 = E[Y|A=0,W]"
[1] "Iteration number: 661"
[1] "pos"
[1] 1.126866e-05 9.998981e-01
[1] "Fitting mu0 = E[Y|A=0,W]"
[1] "Iteration number: 662"
[1] "pos"
[1] 7.187279e-06 9.999094e-01
[1] "Fitting mu0 = E[Y|A=0,W]"
[1] "Iteration number: 663"
[1] "pos"
[1] 6.367563e-06 9.998574e-01
[1] "Fitting mu0 = E[Y|A=0,W]"
[1] "Iteration number: 664"
[1] "pos"
[1] 6.835457e-05 9.998349e-01
[1] "Fitting mu0 = E[Y|A=0,W]"
[1] "Iteration number: 665"
[1] "pos"
[1] 1.129166e-05 9.998923e-01
[1] "Fitting mu0 = E[Y|A=0,W]"
[1] "Iteration number: 666"
[1] "pos"
[1] 7.086983e-06 9.998312e-01
[1] "Fitting mu0 = E[Y|A=0,W]"
[1] "Iteration number: 667"
[1] "pos"
[1] 2.422396e-06 9.996502e-01
[1] "Fitting mu0 = E[Y|A=0,W]"
[1] "Iteration number: 668"
[1] "pos"
[1] 3.306926e-06 9.998772e-01
[1] "Fitting mu0 = E[Y|A=0,W]"
[1] "Iteration number: 669"
[1] "pos"
[1] 3.175932e-06 9.997759e-01
[1] "Fitting mu0 = E[Y|A=0,W]"
[1] "Iteration number: 670"
[1] "pos"
[1] 0.0000208065 0.9998788197
[1] "Fitting mu0 = E[Y|A=0,W]"
[1] "Iteration number: 671"
[1] "pos"
[1] 5.127659e-06 9.998679e-01
[1] "Fitting mu0 = E[Y|A=0,W]"
[1] "Iteration number: 672"
[1] "pos"
[1] 5.243860e-06 9.998597e-01
[1] "Fitting mu0 = E[Y|A=0,W]"
[1] "Iteration number: 673"
[1] "pos"
[1] 4.430445e-06 9.997553e-01
[1] "Fitting mu0 = E[Y|A=0,W]"
[1] "Iteration number: 674"
[1] "pos"
[1] 4.362244e-06 9.997538e-01
[1] "Fitting mu0 = E[Y|A=0,W]"
[1] "Iteration number: 675"
[1] "pos"
[1] 1.661376e-05 9.998006e-01
[1] "Fitting mu0 = E[Y|A=0,W]"
[1] "Iteration number: 676"
[1] "pos"
[1] 2.816949e-05 9.997990e-01
[1] "Fitting mu0 = E[Y|A=0,W]"
[1] "Iteration number: 677"
[1] "pos"
[1] 1.031057e-05 9.997847e-01
[1] "Fitting mu0 = E[Y|A=0,W]"
[1] "Iteration number: 678"
[1] "pos"
[1] 2.588793e-05 9.998736e-01
[1] "Fitting mu0 = E[Y|A=0,W]"
[1] "Iteration number: 679"
[1] "pos"
[1] 4.835796e-06 9.999124e-01
[1] "Fitting mu0 = E[Y|A=0,W]"
[1] "Iteration number: 680"
[1] "pos"
[1] 7.278365e-06 9.999203e-01
[1] "Fitting mu0 = E[Y|A=0,W]"
[1] "Iteration number: 681"
[1] "pos"
[1] 1.147993e-05 9.992701e-01
[1] "Fitting mu0 = E[Y|A=0,W]"
[1] "Iteration number: 682"
[1] "pos"
[1] 2.012148e-05 9.998377e-01
[1] "Fitting mu0 = E[Y|A=0,W]"
[1] "Iteration number: 683"
[1] "pos"
[1] 3.353111e-06 9.998663e-01
[1] "Fitting mu0 = E[Y|A=0,W]"
[1] "Iteration number: 684"
[1] "pos"
[1] 3.778250e-06 9.998754e-01
[1] "Fitting mu0 = E[Y|A=0,W]"
[1] "Iteration number: 685"
[1] "pos"
[1] 6.584475e-06 9.997209e-01
[1] "Fitting mu0 = E[Y|A=0,W]"
[1] "Iteration number: 686"
[1] "pos"
[1] 2.047828e-05 9.997650e-01
[1] "Fitting mu0 = E[Y|A=0,W]"
[1] "Iteration number: 687"
[1] "pos"
[1] 3.160814e-06 9.996221e-01
[1] "Fitting mu0 = E[Y|A=0,W]"
[1] "Iteration number: 688"
[1] "pos"
[1] 9.977687e-06 9.998681e-01
[1] "Fitting mu0 = E[Y|A=0,W]"
[1] "Iteration number: 689"
[1] "pos"
[1] 3.056664e-05 9.997624e-01
[1] "Fitting mu0 = E[Y|A=0,W]"
[1] "Iteration number: 690"
[1] "pos"
[1] 1.900899e-05 9.998777e-01
[1] "Fitting mu0 = E[Y|A=0,W]"
[1] "Iteration number: 691"
[1] "pos"
[1] 6.053667e-06 9.997304e-01
[1] "Fitting mu0 = E[Y|A=0,W]"
[1] "Iteration number: 692"
[1] "pos"
[1] 2.714258e-05 9.997179e-01
[1] "Fitting mu0 = E[Y|A=0,W]"
[1] "Iteration number: 693"
[1] "pos"
[1] 1.278635e-05 9.997104e-01
[1] "Fitting mu0 = E[Y|A=0,W]"
[1] "Iteration number: 694"
[1] "pos"
[1] 3.973237e-06 9.997876e-01
[1] "Fitting mu0 = E[Y|A=0,W]"
[1] "Iteration number: 695"
[1] "pos"
[1] 0.0000209237 0.9998659141
[1] "Fitting mu0 = E[Y|A=0,W]"
[1] "Iteration number: 696"
[1] "pos"
[1] 1.372623e-05 9.998936e-01
[1] "Fitting mu0 = E[Y|A=0,W]"
[1] "Iteration number: 697"
[1] "pos"
[1] 2.675166e-06 9.997989e-01
[1] "Fitting mu0 = E[Y|A=0,W]"
[1] "Iteration number: 698"
[1] "pos"
[1] 3.922675e-06 9.999160e-01
[1] "Fitting mu0 = E[Y|A=0,W]"
[1] "Iteration number: 699"
[1] "pos"
[1] 4.409328e-06 9.998834e-01
[1] "Fitting mu0 = E[Y|A=0,W]"
[1] "Iteration number: 700"
[1] "pos"
[1] 9.700583e-06 9.997942e-01
[1] "Fitting mu0 = E[Y|A=0,W]"
[1] "Iteration number: 701"
[1] "pos"
[1] 1.437614e-05 9.998923e-01
[1] "Fitting mu0 = E[Y|A=0,W]"
[1] "Iteration number: 702"
[1] "pos"
[1] 3.183241e-06 9.998745e-01
[1] "Fitting mu0 = E[Y|A=0,W]"
[1] "Iteration number: 703"
[1] "pos"
[1] 5.062807e-05 9.999042e-01
[1] "Fitting mu0 = E[Y|A=0,W]"
[1] "Iteration number: 704"
[1] "pos"
[1] 1.166936e-05 9.997492e-01
[1] "Fitting mu0 = E[Y|A=0,W]"
[1] "Iteration number: 705"
[1] "pos"
[1] 1.093606e-05 9.996803e-01
[1] "Fitting mu0 = E[Y|A=0,W]"
[1] "Iteration number: 706"
[1] "pos"
[1] 4.153665e-06 9.996138e-01
[1] "Fitting mu0 = E[Y|A=0,W]"
[1] "Iteration number: 707"
[1] "pos"
[1] 5.591899e-06 9.997057e-01
[1] "Fitting mu0 = E[Y|A=0,W]"
[1] "Iteration number: 708"
[1] "pos"
[1] 3.045473e-05 9.998925e-01
[1] "Fitting mu0 = E[Y|A=0,W]"
[1] "Iteration number: 709"
[1] "pos"
[1] 2.593787e-05 9.999195e-01
[1] "Fitting mu0 = E[Y|A=0,W]"
[1] "Iteration number: 710"
[1] "pos"
[1] 1.342729e-05 9.998877e-01
[1] "Fitting mu0 = E[Y|A=0,W]"
[1] "Iteration number: 711"
[1] "pos"
[1] 3.310319e-05 9.998624e-01
[1] "Fitting mu0 = E[Y|A=0,W]"
[1] "Iteration number: 712"
[1] "pos"
[1] 5.394705e-06 9.998577e-01
[1] "Fitting mu0 = E[Y|A=0,W]"
[1] "Iteration number: 713"
[1] "pos"
[1] 1.423495e-05 9.998330e-01
[1] "Fitting mu0 = E[Y|A=0,W]"
[1] "Iteration number: 714"
[1] "pos"
[1] 5.835155e-06 9.999062e-01
[1] "Fitting mu0 = E[Y|A=0,W]"
[1] "Iteration number: 715"
[1] "pos"
[1] 1.236041e-05 9.999145e-01
[1] "Fitting mu0 = E[Y|A=0,W]"
[1] "Iteration number: 716"
[1] "pos"
[1] 4.273238e-06 9.997102e-01
[1] "Fitting mu0 = E[Y|A=0,W]"
[1] "Iteration number: 717"
[1] "pos"
[1] 5.921492e-06 9.999453e-01
[1] "Fitting mu0 = E[Y|A=0,W]"
[1] "Iteration number: 718"
[1] "pos"
[1] 5.801735e-06 9.999139e-01
[1] "Fitting mu0 = E[Y|A=0,W]"
[1] "Iteration number: 719"
[1] "pos"
[1] 5.219006e-06 9.998965e-01
[1] "Fitting mu0 = E[Y|A=0,W]"
[1] "Iteration number: 720"
[1] "pos"
[1] 1.587042e-05 9.997529e-01
[1] "Fitting mu0 = E[Y|A=0,W]"
[1] "Iteration number: 721"
[1] "pos"
[1] 6.030936e-06 9.998912e-01
[1] "Fitting mu0 = E[Y|A=0,W]"
[1] "Iteration number: 722"
[1] "pos"
[1] 8.407222e-06 9.998323e-01
[1] "Fitting mu0 = E[Y|A=0,W]"
[1] "Iteration number: 723"
[1] "pos"
[1] 9.900110e-06 9.997796e-01
[1] "Fitting mu0 = E[Y|A=0,W]"
[1] "Iteration number: 724"
[1] "pos"
[1] 1.951701e-05 9.999309e-01
[1] "Fitting mu0 = E[Y|A=0,W]"
[1] "Iteration number: 725"
[1] "pos"
[1] 7.672007e-06 9.998156e-01
[1] "Fitting mu0 = E[Y|A=0,W]"
[1] "Iteration number: 726"
[1] "pos"
[1] 9.154446e-06 9.999028e-01
[1] "Fitting mu0 = E[Y|A=0,W]"
[1] "Iteration number: 727"
[1] "pos"
[1] 5.119015e-06 9.998853e-01
[1] "Fitting mu0 = E[Y|A=0,W]"
[1] "Iteration number: 728"
[1] "pos"
[1] 4.740441e-06 9.999013e-01
[1] "Fitting mu0 = E[Y|A=0,W]"
[1] "Iteration number: 729"
[1] "pos"
[1] 6.83160e-06 9.99835e-01
[1] "Fitting mu0 = E[Y|A=0,W]"
[1] "Iteration number: 730"
[1] "pos"
[1] 3.454202e-06 9.998827e-01
[1] "Fitting mu0 = E[Y|A=0,W]"
[1] "Iteration number: 731"
[1] "pos"
[1] 2.334017e-05 9.998615e-01
[1] "Fitting mu0 = E[Y|A=0,W]"
[1] "Iteration number: 732"
[1] "pos"
[1] 9.791361e-06 9.995750e-01
[1] "Fitting mu0 = E[Y|A=0,W]"
[1] "Iteration number: 733"
[1] "pos"
[1] 5.317802e-06 9.997274e-01
[1] "Fitting mu0 = E[Y|A=0,W]"
[1] "Iteration number: 734"
[1] "pos"
[1] 8.619426e-06 9.999060e-01
[1] "Fitting mu0 = E[Y|A=0,W]"
[1] "Iteration number: 735"
[1] "pos"
[1] 4.407479e-06 9.999171e-01
[1] "Fitting mu0 = E[Y|A=0,W]"
[1] "Iteration number: 736"
[1] "pos"
[1] 7.890271e-06 9.999063e-01
[1] "Fitting mu0 = E[Y|A=0,W]"
[1] "Iteration number: 737"
[1] "pos"
[1] 9.097207e-06 9.998480e-01
[1] "Fitting mu0 = E[Y|A=0,W]"
[1] "Iteration number: 738"
[1] "pos"
[1] 8.822687e-06 9.997155e-01
[1] "Fitting mu0 = E[Y|A=0,W]"
[1] "Iteration number: 739"
[1] "pos"
[1] 5.478880e-06 9.994218e-01
[1] "Fitting mu0 = E[Y|A=0,W]"
[1] "Iteration number: 740"
[1] "pos"
[1] 5.147752e-06 9.998536e-01
[1] "Fitting mu0 = E[Y|A=0,W]"
[1] "Iteration number: 741"
[1] "pos"
[1] 2.289315e-05 9.995451e-01
[1] "Fitting mu0 = E[Y|A=0,W]"
[1] "Iteration number: 742"
[1] "pos"
[1] 9.768422e-06 9.998236e-01
[1] "Fitting mu0 = E[Y|A=0,W]"
[1] "Iteration number: 743"
[1] "pos"
[1] 0.0000146928 0.9998826116
[1] "Fitting mu0 = E[Y|A=0,W]"
[1] "Iteration number: 744"
[1] "pos"
[1] 3.534670e-06 9.998102e-01
[1] "Fitting mu0 = E[Y|A=0,W]"
[1] "Iteration number: 745"
[1] "pos"
[1] 2.543551e-05 9.996739e-01
[1] "Fitting mu0 = E[Y|A=0,W]"
[1] "Iteration number: 746"
[1] "pos"
[1] 4.633284e-06 9.997413e-01
[1] "Fitting mu0 = E[Y|A=0,W]"
[1] "Iteration number: 747"
[1] "pos"
[1] 6.278509e-06 9.999036e-01
[1] "Fitting mu0 = E[Y|A=0,W]"
[1] "Iteration number: 748"
[1] "pos"
[1] 1.807527e-05 9.997859e-01
[1] "Fitting mu0 = E[Y|A=0,W]"
[1] "Iteration number: 749"
[1] "pos"
[1] 1.148095e-05 9.998301e-01
[1] "Fitting mu0 = E[Y|A=0,W]"
[1] "Iteration number: 750"
[1] "pos"
[1] 5.875972e-06 9.997556e-01
[1] "Fitting mu0 = E[Y|A=0,W]"
[1] "Iteration number: 751"
[1] "pos"
[1] 5.411870e-06 9.996907e-01
[1] "Fitting mu0 = E[Y|A=0,W]"
[1] "Iteration number: 752"
[1] "pos"
[1] 3.779039e-06 9.998628e-01
[1] "Fitting mu0 = E[Y|A=0,W]"
[1] "Iteration number: 753"
[1] "pos"
[1] 7.603054e-05 9.999079e-01
[1] "Fitting mu0 = E[Y|A=0,W]"
[1] "Iteration number: 754"
[1] "pos"
[1] 3.406708e-06 9.996793e-01
[1] "Fitting mu0 = E[Y|A=0,W]"
[1] "Iteration number: 755"
[1] "pos"
[1] 3.654643e-06 9.998917e-01
[1] "Fitting mu0 = E[Y|A=0,W]"
[1] "Iteration number: 756"
[1] "pos"
[1] 9.438212e-06 9.997824e-01
[1] "Fitting mu0 = E[Y|A=0,W]"
[1] "Iteration number: 757"
[1] "pos"
[1] 8.929351e-06 9.998413e-01
[1] "Fitting mu0 = E[Y|A=0,W]"
[1] "Iteration number: 758"
[1] "pos"
[1] 3.427637e-06 9.997581e-01
[1] "Fitting mu0 = E[Y|A=0,W]"
[1] "Iteration number: 759"
[1] "pos"
[1] 1.412357e-05 9.998319e-01
[1] "Fitting mu0 = E[Y|A=0,W]"
[1] "Iteration number: 760"
[1] "pos"
[1] 5.500473e-06 9.998276e-01
[1] "Fitting mu0 = E[Y|A=0,W]"
[1] "Iteration number: 761"
[1] "pos"
[1] 5.967120e-06 9.997921e-01
[1] "Fitting mu0 = E[Y|A=0,W]"
[1] "Iteration number: 762"
[1] "pos"
[1] 5.011786e-06 9.995724e-01
[1] "Fitting mu0 = E[Y|A=0,W]"
[1] "Iteration number: 763"
[1] "pos"
[1] 4.156810e-06 9.999003e-01
[1] "Fitting mu0 = E[Y|A=0,W]"
[1] "Iteration number: 764"
[1] "pos"
[1] 1.953137e-05 9.999133e-01
[1] "Fitting mu0 = E[Y|A=0,W]"
[1] "Iteration number: 765"
[1] "pos"
[1] 3.283579e-06 9.999252e-01
[1] "Fitting mu0 = E[Y|A=0,W]"
[1] "Iteration number: 766"
[1] "pos"
[1] 4.401517e-06 9.998821e-01
[1] "Fitting mu0 = E[Y|A=0,W]"
[1] "Iteration number: 767"
[1] "pos"
[1] 4.282366e-06 9.999243e-01
[1] "Fitting mu0 = E[Y|A=0,W]"
[1] "Iteration number: 768"
[1] "pos"
[1] 8.724363e-06 9.998553e-01
[1] "Fitting mu0 = E[Y|A=0,W]"
[1] "Iteration number: 769"
[1] "pos"
[1] 4.132514e-06 9.998839e-01
[1] "Fitting mu0 = E[Y|A=0,W]"
[1] "Iteration number: 770"
[1] "pos"
[1] 1.301949e-05 9.998975e-01
[1] "Fitting mu0 = E[Y|A=0,W]"
[1] "Iteration number: 771"
[1] "pos"
[1] 8.683097e-06 9.997828e-01
[1] "Fitting mu0 = E[Y|A=0,W]"
[1] "Iteration number: 772"
[1] "pos"
[1] 3.265535e-06 9.999157e-01
[1] "Fitting mu0 = E[Y|A=0,W]"
[1] "Iteration number: 773"
[1] "pos"
[1] 0.0000161837 0.9998892986
[1] "Fitting mu0 = E[Y|A=0,W]"
[1] "Iteration number: 774"
[1] "pos"
[1] 9.361997e-06 9.998667e-01
[1] "Fitting mu0 = E[Y|A=0,W]"
[1] "Iteration number: 775"
[1] "pos"
[1] 1.562335e-05 9.998729e-01
[1] "Fitting mu0 = E[Y|A=0,W]"
[1] "Iteration number: 776"
[1] "pos"
[1] 1.108727e-05 9.998982e-01
[1] "Fitting mu0 = E[Y|A=0,W]"
[1] "Iteration number: 777"
[1] "pos"
[1] 2.763335e-06 9.998617e-01
[1] "Fitting mu0 = E[Y|A=0,W]"
[1] "Iteration number: 778"
[1] "pos"
[1] 1.114727e-05 9.998459e-01
[1] "Fitting mu0 = E[Y|A=0,W]"
[1] "Iteration number: 779"
[1] "pos"
[1] 3.334862e-06 9.998088e-01
[1] "Fitting mu0 = E[Y|A=0,W]"
[1] "Iteration number: 780"
[1] "pos"
[1] 1.070571e-05 9.998466e-01
[1] "Fitting mu0 = E[Y|A=0,W]"
[1] "Iteration number: 781"
[1] "pos"
[1] 2.693334e-05 9.998973e-01
[1] "Fitting mu0 = E[Y|A=0,W]"
[1] "Iteration number: 782"
[1] "pos"
[1] 2.171958e-05 9.998617e-01
[1] "Fitting mu0 = E[Y|A=0,W]"
[1] "Iteration number: 783"
[1] "pos"
[1] 7.943361e-06 9.997770e-01
[1] "Fitting mu0 = E[Y|A=0,W]"
[1] "Iteration number: 784"
[1] "pos"
[1] 3.994360e-06 9.998325e-01
[1] "Fitting mu0 = E[Y|A=0,W]"
[1] "Iteration number: 785"
[1] "pos"
[1] 1.094865e-05 9.999255e-01
[1] "Fitting mu0 = E[Y|A=0,W]"
[1] "Iteration number: 786"
[1] "pos"
[1] 9.233035e-06 9.997567e-01
[1] "Fitting mu0 = E[Y|A=0,W]"
[1] "Iteration number: 787"
[1] "pos"
[1] 1.812552e-05 9.997382e-01
[1] "Fitting mu0 = E[Y|A=0,W]"
[1] "Iteration number: 788"
[1] "pos"
[1] 0.0000071006 0.9996802442
[1] "Fitting mu0 = E[Y|A=0,W]"
[1] "Iteration number: 789"
[1] "pos"
[1] 2.756059e-05 9.997894e-01
[1] "Fitting mu0 = E[Y|A=0,W]"
[1] "Iteration number: 790"
[1] "pos"
[1] 1.010728e-05 9.999030e-01
[1] "Fitting mu0 = E[Y|A=0,W]"
[1] "Iteration number: 791"
[1] "pos"
[1] 0.0000069447 0.9994502240
[1] "Fitting mu0 = E[Y|A=0,W]"
[1] "Iteration number: 792"
[1] "pos"
[1] 5.266021e-06 9.998291e-01
[1] "Fitting mu0 = E[Y|A=0,W]"
[1] "Iteration number: 793"
[1] "pos"
[1] 1.141004e-05 9.998613e-01
[1] "Fitting mu0 = E[Y|A=0,W]"
[1] "Iteration number: 794"
[1] "pos"
[1] 1.853887e-05 9.999088e-01
[1] "Fitting mu0 = E[Y|A=0,W]"
[1] "Iteration number: 795"
[1] "pos"
[1] 6.867316e-06 9.996309e-01
[1] "Fitting mu0 = E[Y|A=0,W]"
[1] "Iteration number: 796"
[1] "pos"
[1] 1.707144e-05 9.998261e-01
[1] "Fitting mu0 = E[Y|A=0,W]"
[1] "Iteration number: 797"
[1] "pos"
[1] 1.364599e-05 9.996136e-01
[1] "Fitting mu0 = E[Y|A=0,W]"
[1] "Iteration number: 798"
[1] "pos"
[1] 2.551295e-05 9.998093e-01
[1] "Fitting mu0 = E[Y|A=0,W]"
[1] "Iteration number: 799"
[1] "pos"
[1] 9.536003e-06 9.997998e-01
[1] "Fitting mu0 = E[Y|A=0,W]"
[1] "Iteration number: 800"
[1] "pos"
[1] 0.000023704 0.999923495
[1] "Fitting mu0 = E[Y|A=0,W]"
[1] "Iteration number: 801"
[1] "pos"
[1] 6.486049e-06 9.998962e-01
[1] "Fitting mu0 = E[Y|A=0,W]"
[1] "Iteration number: 802"
[1] "pos"
[1] 4.254461e-06 9.997748e-01
[1] "Fitting mu0 = E[Y|A=0,W]"
[1] "Iteration number: 803"
[1] "pos"
[1] 1.584534e-05 9.997847e-01
[1] "Fitting mu0 = E[Y|A=0,W]"
[1] "Iteration number: 804"
[1] "pos"
[1] 9.175111e-06 9.998660e-01
[1] "Fitting mu0 = E[Y|A=0,W]"
[1] "Iteration number: 805"
[1] "pos"
[1] 1.138804e-05 9.997023e-01
[1] "Fitting mu0 = E[Y|A=0,W]"
[1] "Iteration number: 806"
[1] "pos"
[1] 0.0000208791 0.9997431093
[1] "Fitting mu0 = E[Y|A=0,W]"
[1] "Iteration number: 807"
[1] "pos"
[1] 9.925917e-06 9.998024e-01
[1] "Fitting mu0 = E[Y|A=0,W]"
[1] "Iteration number: 808"
[1] "pos"
[1] 8.930888e-06 9.997687e-01
[1] "Fitting mu0 = E[Y|A=0,W]"
[1] "Iteration number: 809"
[1] "pos"
[1] 7.606979e-06 9.999316e-01
[1] "Fitting mu0 = E[Y|A=0,W]"
[1] "Iteration number: 810"
[1] "pos"
[1] 9.614849e-06 9.997201e-01
[1] "Fitting mu0 = E[Y|A=0,W]"
[1] "Iteration number: 811"
[1] "pos"
[1] 5.165936e-06 9.998841e-01
[1] "Fitting mu0 = E[Y|A=0,W]"
[1] "Iteration number: 812"
[1] "pos"
[1] 4.137667e-06 9.997834e-01
[1] "Fitting mu0 = E[Y|A=0,W]"
[1] "Iteration number: 813"
[1] "pos"
[1] 1.110114e-05 9.998731e-01
[1] "Fitting mu0 = E[Y|A=0,W]"
[1] "Iteration number: 814"
[1] "pos"
[1] 4.738736e-06 9.998726e-01
[1] "Fitting mu0 = E[Y|A=0,W]"
[1] "Iteration number: 815"
[1] "pos"
[1] 2.893391e-06 9.995720e-01
[1] "Fitting mu0 = E[Y|A=0,W]"
[1] "Iteration number: 816"
[1] "pos"
[1] 5.319354e-06 9.999142e-01
[1] "Fitting mu0 = E[Y|A=0,W]"
[1] "Iteration number: 817"
[1] "pos"
[1] 8.826703e-06 9.998753e-01
[1] "Fitting mu0 = E[Y|A=0,W]"
[1] "Iteration number: 818"
[1] "pos"
[1] 9.091514e-06 9.998996e-01
[1] "Fitting mu0 = E[Y|A=0,W]"
[1] "Iteration number: 819"
[1] "pos"
[1] 6.303617e-06 9.999281e-01
[1] "Fitting mu0 = E[Y|A=0,W]"
[1] "Iteration number: 820"
[1] "pos"
[1] 3.827205e-06 9.996903e-01
[1] "Fitting mu0 = E[Y|A=0,W]"
[1] "Iteration number: 821"
[1] "pos"
[1] 4.000268e-06 9.998810e-01
[1] "Fitting mu0 = E[Y|A=0,W]"
[1] "Iteration number: 822"
[1] "pos"
[1] 2.768411e-05 9.999134e-01
[1] "Fitting mu0 = E[Y|A=0,W]"
[1] "Iteration number: 823"
[1] "pos"
[1] 8.859383e-06 9.997425e-01
[1] "Fitting mu0 = E[Y|A=0,W]"
[1] "Iteration number: 824"
[1] "pos"
[1] 6.808773e-06 9.997504e-01
[1] "Fitting mu0 = E[Y|A=0,W]"
[1] "Iteration number: 825"
[1] "pos"
[1] 3.598409e-06 9.999054e-01
[1] "Fitting mu0 = E[Y|A=0,W]"
[1] "Iteration number: 826"
[1] "pos"
[1] 5.135297e-06 9.997451e-01
[1] "Fitting mu0 = E[Y|A=0,W]"
[1] "Iteration number: 827"
[1] "pos"
[1] 5.022830e-06 9.999208e-01
[1] "Fitting mu0 = E[Y|A=0,W]"
[1] "Iteration number: 828"
[1] "pos"
[1] 5.783593e-06 9.999347e-01
[1] "Fitting mu0 = E[Y|A=0,W]"
[1] "Iteration number: 829"
[1] "pos"
[1] 7.270401e-06 9.997624e-01
[1] "Fitting mu0 = E[Y|A=0,W]"
[1] "Iteration number: 830"
[1] "pos"
[1] 2.892649e-06 9.996088e-01
[1] "Fitting mu0 = E[Y|A=0,W]"
[1] "Iteration number: 831"
[1] "pos"
[1] 6.194262e-06 9.998128e-01
[1] "Fitting mu0 = E[Y|A=0,W]"
[1] "Iteration number: 832"
[1] "pos"
[1] 4.592399e-06 9.999226e-01
[1] "Fitting mu0 = E[Y|A=0,W]"
[1] "Iteration number: 833"
[1] "pos"
[1] 3.032275e-06 9.998716e-01
[1] "Fitting mu0 = E[Y|A=0,W]"
[1] "Iteration number: 834"
[1] "pos"
[1] 3.311884e-06 9.998105e-01
[1] "Fitting mu0 = E[Y|A=0,W]"
[1] "Iteration number: 835"
[1] "pos"
[1] 1.583201e-05 9.998669e-01
[1] "Fitting mu0 = E[Y|A=0,W]"
[1] "Iteration number: 836"
[1] "pos"
[1] 5.042504e-06 9.998568e-01
[1] "Fitting mu0 = E[Y|A=0,W]"
[1] "Iteration number: 837"
[1] "pos"
[1] 4.411446e-05 9.997069e-01
[1] "Fitting mu0 = E[Y|A=0,W]"
[1] "Iteration number: 838"
[1] "pos"
[1] 1.526277e-05 9.998764e-01
[1] "Fitting mu0 = E[Y|A=0,W]"
[1] "Iteration number: 839"
[1] "pos"
[1] 1.404873e-05 9.998762e-01
[1] "Fitting mu0 = E[Y|A=0,W]"
[1] "Iteration number: 840"
[1] "pos"
[1] 1.329756e-05 9.999236e-01
[1] "Fitting mu0 = E[Y|A=0,W]"
[1] "Iteration number: 841"
[1] "pos"
[1] 1.434013e-05 9.996903e-01
[1] "Fitting mu0 = E[Y|A=0,W]"
[1] "Iteration number: 842"
[1] "pos"
[1] 6.687486e-06 9.996354e-01
[1] "Fitting mu0 = E[Y|A=0,W]"
[1] "Iteration number: 843"
[1] "pos"
[1] 6.437377e-06 9.998230e-01
[1] "Fitting mu0 = E[Y|A=0,W]"
[1] "Iteration number: 844"
[1] "pos"
[1] 8.629846e-06 9.997868e-01
[1] "Fitting mu0 = E[Y|A=0,W]"
[1] "Iteration number: 845"
[1] "pos"
[1] 4.979107e-06 9.998128e-01
[1] "Fitting mu0 = E[Y|A=0,W]"
[1] "Iteration number: 846"
[1] "pos"
[1] 3.964652e-06 9.999348e-01
[1] "Fitting mu0 = E[Y|A=0,W]"
[1] "Iteration number: 847"
[1] "pos"
[1] 5.124103e-06 9.996537e-01
[1] "Fitting mu0 = E[Y|A=0,W]"
[1] "Iteration number: 848"
[1] "pos"
[1] 0.0000135107 0.9998485080
[1] "Fitting mu0 = E[Y|A=0,W]"
[1] "Iteration number: 849"
[1] "pos"
[1] 7.455347e-06 9.997335e-01
[1] "Fitting mu0 = E[Y|A=0,W]"
[1] "Iteration number: 850"
[1] "pos"
[1] 7.484005e-06 9.999120e-01
[1] "Fitting mu0 = E[Y|A=0,W]"
[1] "Iteration number: 851"
[1] "pos"
[1] 1.339364e-05 9.998860e-01
[1] "Fitting mu0 = E[Y|A=0,W]"
[1] "Iteration number: 852"
[1] "pos"
[1] 7.510142e-06 9.997493e-01
[1] "Fitting mu0 = E[Y|A=0,W]"
[1] "Iteration number: 853"
[1] "pos"
[1] 5.961361e-06 9.996672e-01
[1] "Fitting mu0 = E[Y|A=0,W]"
[1] "Iteration number: 854"
[1] "pos"
[1] 1.582873e-05 9.998595e-01
[1] "Fitting mu0 = E[Y|A=0,W]"
[1] "Iteration number: 855"
[1] "pos"
[1] 5.321854e-06 9.996643e-01
[1] "Fitting mu0 = E[Y|A=0,W]"
[1] "Iteration number: 856"
[1] "pos"
[1] 3.609814e-06 9.998932e-01
[1] "Fitting mu0 = E[Y|A=0,W]"
[1] "Iteration number: 857"
[1] "pos"
[1] 6.417483e-06 9.997054e-01
[1] "Fitting mu0 = E[Y|A=0,W]"
[1] "Iteration number: 858"
[1] "pos"
[1] 3.030789e-05 9.997680e-01
[1] "Fitting mu0 = E[Y|A=0,W]"
[1] "Iteration number: 859"
[1] "pos"
[1] 5.128362e-06 9.998585e-01
[1] "Fitting mu0 = E[Y|A=0,W]"
[1] "Iteration number: 860"
[1] "pos"
[1] 6.264127e-06 9.998210e-01
[1] "Fitting mu0 = E[Y|A=0,W]"
[1] "Iteration number: 861"
[1] "pos"
[1] 2.473779e-05 9.999373e-01
[1] "Fitting mu0 = E[Y|A=0,W]"
[1] "Iteration number: 862"
[1] "pos"
[1] 3.748917e-06 9.997631e-01
[1] "Fitting mu0 = E[Y|A=0,W]"
[1] "Iteration number: 863"
[1] "pos"
[1] 5.407983e-06 9.998774e-01
[1] "Fitting mu0 = E[Y|A=0,W]"
[1] "Iteration number: 864"
[1] "pos"
[1] 8.949732e-06 9.993545e-01
[1] "Fitting mu0 = E[Y|A=0,W]"
[1] "Iteration number: 865"
[1] "pos"
[1] 5.304261e-06 9.998511e-01
[1] "Fitting mu0 = E[Y|A=0,W]"
[1] "Iteration number: 866"
[1] "pos"
[1] 6.876166e-06 9.999010e-01
[1] "Fitting mu0 = E[Y|A=0,W]"
[1] "Iteration number: 867"
[1] "pos"
[1] 5.737602e-06 9.997693e-01
[1] "Fitting mu0 = E[Y|A=0,W]"
[1] "Iteration number: 868"
[1] "pos"
[1] 1.043855e-05 9.996420e-01
[1] "Fitting mu0 = E[Y|A=0,W]"
[1] "Iteration number: 869"
[1] "pos"
[1] 5.146453e-06 9.998942e-01
[1] "Fitting mu0 = E[Y|A=0,W]"
[1] "Iteration number: 870"
[1] "pos"
[1] 9.003660e-06 9.998826e-01
[1] "Fitting mu0 = E[Y|A=0,W]"
[1] "Iteration number: 871"
[1] "pos"
[1] 1.467726e-05 9.998860e-01
[1] "Fitting mu0 = E[Y|A=0,W]"
[1] "Iteration number: 872"
[1] "pos"
[1] 7.267019e-06 9.998847e-01
[1] "Fitting mu0 = E[Y|A=0,W]"
[1] "Iteration number: 873"
[1] "pos"
[1] 3.484492e-06 9.997684e-01
[1] "Fitting mu0 = E[Y|A=0,W]"
[1] "Iteration number: 874"
[1] "pos"
[1] 1.437711e-05 9.999189e-01
[1] "Fitting mu0 = E[Y|A=0,W]"
[1] "Iteration number: 875"
[1] "pos"
[1] 6.638653e-06 9.998757e-01
[1] "Fitting mu0 = E[Y|A=0,W]"
[1] "Iteration number: 876"
[1] "pos"
[1] 3.704919e-06 9.997470e-01
[1] "Fitting mu0 = E[Y|A=0,W]"
[1] "Iteration number: 877"
[1] "pos"
[1] 0.0000474303 0.9999240504
[1] "Fitting mu0 = E[Y|A=0,W]"
[1] "Iteration number: 878"
[1] "pos"
[1] 3.045195e-06 9.999014e-01
[1] "Fitting mu0 = E[Y|A=0,W]"
[1] "Iteration number: 879"
[1] "pos"
[1] 3.006168e-06 9.997787e-01
[1] "Fitting mu0 = E[Y|A=0,W]"
[1] "Iteration number: 880"
[1] "pos"
[1] 7.011548e-06 9.998920e-01
[1] "Fitting mu0 = E[Y|A=0,W]"
[1] "Iteration number: 881"
[1] "pos"
[1] 8.661269e-06 9.998660e-01
[1] "Fitting mu0 = E[Y|A=0,W]"
[1] "Iteration number: 882"
[1] "pos"
[1] 1.294837e-05 9.998320e-01
[1] "Fitting mu0 = E[Y|A=0,W]"
[1] "Iteration number: 883"
[1] "pos"
[1] 1.485607e-05 9.998376e-01
[1] "Fitting mu0 = E[Y|A=0,W]"
[1] "Iteration number: 884"
[1] "pos"
[1] 3.548745e-06 9.999358e-01
[1] "Fitting mu0 = E[Y|A=0,W]"
[1] "Iteration number: 885"
[1] "pos"
[1] 1.451736e-05 9.998619e-01
[1] "Fitting mu0 = E[Y|A=0,W]"
[1] "Iteration number: 886"
[1] "pos"
[1] 4.384979e-06 9.998280e-01
[1] "Fitting mu0 = E[Y|A=0,W]"
[1] "Iteration number: 887"
[1] "pos"
[1] 3.517126e-06 9.999274e-01
[1] "Fitting mu0 = E[Y|A=0,W]"
[1] "Iteration number: 888"
[1] "pos"
[1] 9.749768e-06 9.999148e-01
[1] "Fitting mu0 = E[Y|A=0,W]"
[1] "Iteration number: 889"
[1] "pos"
[1] 3.793398e-06 9.997843e-01
[1] "Fitting mu0 = E[Y|A=0,W]"
[1] "Iteration number: 890"
[1] "pos"
[1] 0.0000246989 0.9997910984
[1] "Fitting mu0 = E[Y|A=0,W]"
[1] "Iteration number: 891"
[1] "pos"
[1] 3.951873e-06 9.997760e-01
[1] "Fitting mu0 = E[Y|A=0,W]"
[1] "Iteration number: 892"
[1] "pos"
[1] 1.009331e-05 9.998581e-01
[1] "Fitting mu0 = E[Y|A=0,W]"
[1] "Iteration number: 893"
[1] "pos"
[1] 5.442966e-06 9.999032e-01
[1] "Fitting mu0 = E[Y|A=0,W]"
[1] "Iteration number: 894"
[1] "pos"
[1] 1.123216e-05 9.999163e-01
[1] "Fitting mu0 = E[Y|A=0,W]"
[1] "Iteration number: 895"
[1] "pos"
[1] 3.070435e-06 9.998658e-01
[1] "Fitting mu0 = E[Y|A=0,W]"
[1] "Iteration number: 896"
[1] "pos"
[1] 3.511105e-06 9.998552e-01
[1] "Fitting mu0 = E[Y|A=0,W]"
[1] "Iteration number: 897"
[1] "pos"
[1] 4.914869e-06 9.998381e-01
[1] "Fitting mu0 = E[Y|A=0,W]"
[1] "Iteration number: 898"
[1] "pos"
[1] 2.268949e-05 9.998596e-01
[1] "Fitting mu0 = E[Y|A=0,W]"
[1] "Iteration number: 899"
[1] "pos"
[1] 1.286249e-05 9.999002e-01
[1] "Fitting mu0 = E[Y|A=0,W]"
[1] "Iteration number: 900"
[1] "pos"
[1] 7.464019e-06 9.998617e-01
[1] "Fitting mu0 = E[Y|A=0,W]"
[1] "Iteration number: 901"
[1] "pos"
[1] 3.061295e-06 9.998955e-01
[1] "Fitting mu0 = E[Y|A=0,W]"
[1] "Iteration number: 902"
[1] "pos"
[1] 6.001508e-06 9.996695e-01
[1] "Fitting mu0 = E[Y|A=0,W]"
[1] "Iteration number: 903"
[1] "pos"
[1] 7.236423e-06 9.998548e-01
[1] "Fitting mu0 = E[Y|A=0,W]"
[1] "Iteration number: 904"
[1] "pos"
[1] 3.948307e-06 9.999002e-01
[1] "Fitting mu0 = E[Y|A=0,W]"
[1] "Iteration number: 905"
[1] "pos"
[1] 1.893603e-05 9.994946e-01
[1] "Fitting mu0 = E[Y|A=0,W]"
[1] "Iteration number: 906"
[1] "pos"
[1] 6.406745e-06 9.998924e-01
[1] "Fitting mu0 = E[Y|A=0,W]"
[1] "Iteration number: 907"
[1] "pos"
[1] 6.066895e-06 9.999119e-01
[1] "Fitting mu0 = E[Y|A=0,W]"
[1] "Iteration number: 908"
[1] "pos"
[1] 4.807511e-06 9.998260e-01
[1] "Fitting mu0 = E[Y|A=0,W]"
[1] "Iteration number: 909"
[1] "pos"
[1] 6.632515e-06 9.998607e-01
[1] "Fitting mu0 = E[Y|A=0,W]"
[1] "Iteration number: 910"
[1] "pos"
[1] 4.850194e-06 9.997228e-01
[1] "Fitting mu0 = E[Y|A=0,W]"
[1] "Iteration number: 911"
[1] "pos"
[1] 1.428464e-05 9.999246e-01
[1] "Fitting mu0 = E[Y|A=0,W]"
[1] "Iteration number: 912"
[1] "pos"
[1] 5.440996e-06 9.999277e-01
[1] "Fitting mu0 = E[Y|A=0,W]"
[1] "Iteration number: 913"
[1] "pos"
[1] 1.482991e-05 9.997840e-01
[1] "Fitting mu0 = E[Y|A=0,W]"
[1] "Iteration number: 914"
[1] "pos"
[1] 8.285893e-06 9.998666e-01
[1] "Fitting mu0 = E[Y|A=0,W]"
[1] "Iteration number: 915"
[1] "pos"
[1] 2.777122e-06 9.998742e-01
[1] "Fitting mu0 = E[Y|A=0,W]"
[1] "Iteration number: 916"
[1] "pos"
[1] 4.170705e-06 9.998887e-01
[1] "Fitting mu0 = E[Y|A=0,W]"
[1] "Iteration number: 917"
[1] "pos"
[1] 6.666735e-06 9.999151e-01
[1] "Fitting mu0 = E[Y|A=0,W]"
[1] "Iteration number: 918"
[1] "pos"
[1] 4.162825e-06 9.999008e-01
[1] "Fitting mu0 = E[Y|A=0,W]"
[1] "Iteration number: 919"
[1] "pos"
[1] 7.494822e-06 9.999398e-01
[1] "Fitting mu0 = E[Y|A=0,W]"
[1] "Iteration number: 920"
[1] "pos"
[1] 1.842137e-05 9.999225e-01
[1] "Fitting mu0 = E[Y|A=0,W]"
[1] "Iteration number: 921"
[1] "pos"
[1] 5.963003e-06 9.997821e-01
[1] "Fitting mu0 = E[Y|A=0,W]"
[1] "Iteration number: 922"
[1] "pos"
[1] 2.242543e-05 9.993831e-01
[1] "Fitting mu0 = E[Y|A=0,W]"
[1] "Iteration number: 923"
[1] "pos"
[1] 7.318240e-06 9.997689e-01
[1] "Fitting mu0 = E[Y|A=0,W]"
[1] "Iteration number: 924"
[1] "pos"
[1] 1.572694e-05 9.998275e-01
[1] "Fitting mu0 = E[Y|A=0,W]"
[1] "Iteration number: 925"
[1] "pos"
[1] 1.413676e-05 9.997630e-01
[1] "Fitting mu0 = E[Y|A=0,W]"
[1] "Iteration number: 926"
[1] "pos"
[1] 3.782833e-06 9.998814e-01
[1] "Fitting mu0 = E[Y|A=0,W]"
[1] "Iteration number: 927"
[1] "pos"
[1] 4.739555e-06 9.997509e-01
[1] "Fitting mu0 = E[Y|A=0,W]"
[1] "Iteration number: 928"
[1] "pos"
[1] 7.393226e-06 9.998486e-01
[1] "Fitting mu0 = E[Y|A=0,W]"
[1] "Iteration number: 929"
[1] "pos"
[1] 7.424667e-06 9.998570e-01
[1] "Fitting mu0 = E[Y|A=0,W]"
[1] "Iteration number: 930"
[1] "pos"
[1] 1.448395e-05 9.998451e-01
[1] "Fitting mu0 = E[Y|A=0,W]"
[1] "Iteration number: 931"
[1] "pos"
[1] 1.641115e-05 9.997300e-01
[1] "Fitting mu0 = E[Y|A=0,W]"
[1] "Iteration number: 932"
[1] "pos"
[1] 5.056541e-06 9.999350e-01
[1] "Fitting mu0 = E[Y|A=0,W]"
[1] "Iteration number: 933"
[1] "pos"
[1] 4.227290e-06 9.999025e-01
[1] "Fitting mu0 = E[Y|A=0,W]"
[1] "Iteration number: 934"
[1] "pos"
[1] 2.907999e-06 9.997484e-01
[1] "Fitting mu0 = E[Y|A=0,W]"
[1] "Iteration number: 935"
[1] "pos"
[1] 4.301061e-05 9.997826e-01
[1] "Fitting mu0 = E[Y|A=0,W]"
[1] "Iteration number: 936"
[1] "pos"
[1] 6.733201e-06 9.999277e-01
[1] "Fitting mu0 = E[Y|A=0,W]"
[1] "Iteration number: 937"
[1] "pos"
[1] 0.0000135186 0.9999257875
[1] "Fitting mu0 = E[Y|A=0,W]"
[1] "Iteration number: 938"
[1] "pos"
[1] 0.0000108661 0.9998503269
[1] "Fitting mu0 = E[Y|A=0,W]"
[1] "Iteration number: 939"
[1] "pos"
[1] 6.223195e-06 9.998068e-01
[1] "Fitting mu0 = E[Y|A=0,W]"
[1] "Iteration number: 940"
[1] "pos"
[1] 2.406107e-05 9.998086e-01
[1] "Fitting mu0 = E[Y|A=0,W]"
[1] "Iteration number: 941"
[1] "pos"
[1] 1.271316e-05 9.998246e-01
[1] "Fitting mu0 = E[Y|A=0,W]"
[1] "Iteration number: 942"
[1] "pos"
[1] 7.826009e-05 9.997981e-01
[1] "Fitting mu0 = E[Y|A=0,W]"
[1] "Iteration number: 943"
[1] "pos"
[1] 2.765440e-06 9.997659e-01
[1] "Fitting mu0 = E[Y|A=0,W]"
[1] "Iteration number: 944"
[1] "pos"
[1] 9.545926e-06 9.998222e-01
[1] "Fitting mu0 = E[Y|A=0,W]"
[1] "Iteration number: 945"
[1] "pos"
[1] 4.500435e-05 9.999379e-01
[1] "Fitting mu0 = E[Y|A=0,W]"
[1] "Iteration number: 946"
[1] "pos"
[1] 6.320466e-06 9.998129e-01
[1] "Fitting mu0 = E[Y|A=0,W]"
[1] "Iteration number: 947"
[1] "pos"
[1] 7.448911e-06 9.999152e-01
[1] "Fitting mu0 = E[Y|A=0,W]"
[1] "Iteration number: 948"
[1] "pos"
[1] 9.345806e-06 9.998083e-01
[1] "Fitting mu0 = E[Y|A=0,W]"
[1] "Iteration number: 949"
[1] "pos"
[1] 5.543136e-06 9.998555e-01
[1] "Fitting mu0 = E[Y|A=0,W]"
[1] "Iteration number: 950"
[1] "pos"
[1] 9.014587e-06 9.999158e-01
[1] "Fitting mu0 = E[Y|A=0,W]"
[1] "Iteration number: 951"
[1] "pos"
[1] 7.350384e-06 9.998153e-01
[1] "Fitting mu0 = E[Y|A=0,W]"
[1] "Iteration number: 952"
[1] "pos"
[1] 6.134473e-06 9.999221e-01
[1] "Fitting mu0 = E[Y|A=0,W]"
[1] "Iteration number: 953"
[1] "pos"
[1] 3.261152e-06 9.996880e-01
[1] "Fitting mu0 = E[Y|A=0,W]"
[1] "Iteration number: 954"
[1] "pos"
[1] 2.708535e-05 9.998870e-01
[1] "Fitting mu0 = E[Y|A=0,W]"
[1] "Iteration number: 955"
[1] "pos"
[1] 1.152436e-05 9.998581e-01
[1] "Fitting mu0 = E[Y|A=0,W]"
[1] "Iteration number: 956"
[1] "pos"
[1] 4.735903e-06 9.998980e-01
[1] "Fitting mu0 = E[Y|A=0,W]"
[1] "Iteration number: 957"
[1] "pos"
[1] 6.281662e-06 9.995520e-01
[1] "Fitting mu0 = E[Y|A=0,W]"
[1] "Iteration number: 958"
[1] "pos"
[1] 6.041986e-06 9.999189e-01
[1] "Fitting mu0 = E[Y|A=0,W]"
[1] "Iteration number: 959"
[1] "pos"
[1] 3.109998e-06 9.999157e-01
[1] "Fitting mu0 = E[Y|A=0,W]"
[1] "Iteration number: 960"
[1] "pos"
[1] 1.904373e-05 9.998789e-01
[1] "Fitting mu0 = E[Y|A=0,W]"
[1] "Iteration number: 961"
[1] "pos"
[1] 1.104747e-05 9.995683e-01
[1] "Fitting mu0 = E[Y|A=0,W]"
[1] "Iteration number: 962"
[1] "pos"
[1] 9.498451e-06 9.998711e-01
[1] "Fitting mu0 = E[Y|A=0,W]"
[1] "Iteration number: 963"
[1] "pos"
[1] 1.939209e-05 9.997955e-01
[1] "Fitting mu0 = E[Y|A=0,W]"
[1] "Iteration number: 964"
[1] "pos"
[1] 4.083916e-05 9.999358e-01
[1] "Fitting mu0 = E[Y|A=0,W]"
[1] "Iteration number: 965"
[1] "pos"
[1] 1.786861e-05 9.998512e-01
[1] "Fitting mu0 = E[Y|A=0,W]"
[1] "Iteration number: 966"
[1] "pos"
[1] 4.131979e-06 9.998662e-01
[1] "Fitting mu0 = E[Y|A=0,W]"
[1] "Iteration number: 967"
[1] "pos"
[1] 5.226913e-06 9.999148e-01
[1] "Fitting mu0 = E[Y|A=0,W]"
[1] "Iteration number: 968"
[1] "pos"
[1] 1.000079e-05 9.995050e-01
[1] "Fitting mu0 = E[Y|A=0,W]"
[1] "Iteration number: 969"
[1] "pos"
[1] 6.957613e-06 9.996610e-01
[1] "Fitting mu0 = E[Y|A=0,W]"
[1] "Iteration number: 970"
[1] "pos"
[1] 6.561866e-06 9.997860e-01
[1] "Fitting mu0 = E[Y|A=0,W]"
[1] "Iteration number: 971"
[1] "pos"
[1] 1.537925e-05 9.998629e-01
[1] "Fitting mu0 = E[Y|A=0,W]"
[1] "Iteration number: 972"
[1] "pos"
[1] 1.022952e-05 9.998069e-01
[1] "Fitting mu0 = E[Y|A=0,W]"
[1] "Iteration number: 973"
[1] "pos"
[1] 4.608697e-05 9.998433e-01
[1] "Fitting mu0 = E[Y|A=0,W]"
[1] "Iteration number: 974"
[1] "pos"
[1] 3.092662e-06 9.998991e-01
[1] "Fitting mu0 = E[Y|A=0,W]"
[1] "Iteration number: 975"
[1] "pos"
[1] 4.993988e-06 9.999373e-01
[1] "Fitting mu0 = E[Y|A=0,W]"
[1] "Iteration number: 976"
[1] "pos"
[1] 7.938077e-06 9.997341e-01
[1] "Fitting mu0 = E[Y|A=0,W]"
[1] "Iteration number: 977"
[1] "pos"
[1] 4.696835e-06 9.998492e-01
[1] "Fitting mu0 = E[Y|A=0,W]"
[1] "Iteration number: 978"
[1] "pos"
[1] 4.948195e-06 9.999451e-01
[1] "Fitting mu0 = E[Y|A=0,W]"
[1] "Iteration number: 979"
[1] "pos"
[1] 2.772002e-05 9.998338e-01
[1] "Fitting mu0 = E[Y|A=0,W]"
[1] "Iteration number: 980"
[1] "pos"
[1] 2.851357e-05 9.997689e-01
[1] "Fitting mu0 = E[Y|A=0,W]"
[1] "Iteration number: 981"
[1] "pos"
[1] 5.338844e-06 9.997540e-01
[1] "Fitting mu0 = E[Y|A=0,W]"
[1] "Iteration number: 982"
[1] "pos"
[1] 1.126433e-05 9.997387e-01
[1] "Fitting mu0 = E[Y|A=0,W]"
[1] "Iteration number: 983"
[1] "pos"
[1] 1.913484e-05 9.999144e-01
[1] "Fitting mu0 = E[Y|A=0,W]"
[1] "Iteration number: 984"
[1] "pos"
[1] 1.306912e-05 9.999286e-01
[1] "Fitting mu0 = E[Y|A=0,W]"
[1] "Iteration number: 985"
[1] "pos"
[1] 5.416641e-06 9.997677e-01
[1] "Fitting mu0 = E[Y|A=0,W]"
[1] "Iteration number: 986"
[1] "pos"
[1] 4.797679e-05 9.998524e-01
[1] "Fitting mu0 = E[Y|A=0,W]"
[1] "Iteration number: 987"
[1] "pos"
[1] 3.325184e-06 9.998831e-01
[1] "Fitting mu0 = E[Y|A=0,W]"
[1] "Iteration number: 988"
[1] "pos"
[1] 5.626374e-06 9.997957e-01
[1] "Fitting mu0 = E[Y|A=0,W]"
[1] "Iteration number: 989"
[1] "pos"
[1] 0.000040625 0.999781083
[1] "Fitting mu0 = E[Y|A=0,W]"
[1] "Iteration number: 990"
[1] "pos"
[1] 8.516636e-06 9.998528e-01
[1] "Fitting mu0 = E[Y|A=0,W]"
[1] "Iteration number: 991"
[1] "pos"
[1] 2.661740e-06 9.998553e-01
[1] "Fitting mu0 = E[Y|A=0,W]"
[1] "Iteration number: 992"
[1] "pos"
[1] 1.592907e-05 9.998878e-01
[1] "Fitting mu0 = E[Y|A=0,W]"
[1] "Iteration number: 993"
[1] "pos"
[1] 3.635383e-06 9.998902e-01
[1] "Fitting mu0 = E[Y|A=0,W]"
[1] "Iteration number: 994"
[1] "pos"
[1] 1.796374e-05 9.998434e-01
[1] "Fitting mu0 = E[Y|A=0,W]"
[1] "Iteration number: 995"
[1] "pos"
[1] 4.893662e-06 9.998226e-01
[1] "Fitting mu0 = E[Y|A=0,W]"
[1] "Iteration number: 996"
[1] "pos"
[1] 7.626931e-06 9.998843e-01
[1] "Fitting mu0 = E[Y|A=0,W]"
[1] "Iteration number: 997"
[1] "pos"
[1] 1.055029e-05 9.999207e-01
[1] "Fitting mu0 = E[Y|A=0,W]"
[1] "Iteration number: 998"
[1] "pos"
[1] 1.222638e-05 9.998346e-01
[1] "Fitting mu0 = E[Y|A=0,W]"
[1] "Iteration number: 999"
[1] "pos"
[1] 1.701966e-05 9.998542e-01
[1] "Fitting mu0 = E[Y|A=0,W]"
[1] "Iteration number: 1000"
[1] "pos"
[1] 1.039233e-05 9.999414e-01
[1] "Fitting mu0 = E[Y|A=0,W]"
Null data.table (0 rows and 0 cols)
