LOADING R
R LOADED
[1] "/home/lvanderl/Rlibs2"                         
[2] "/app/software/R/4.2.2-foss-2021b/lib/R/library"
[1] "/home/lvanderl/sieveSims"
[1] 1
[1] 0.2499068
[1] 0.2700345
[1] "AdaLSE"
[1] 0.1936761
[1] 0.04684963
[1] "AdaLSE CI"
[1] 1
[1] 1
[1] 1
[1] 1
[1] "Fitting mean A"
[1] "Fitting variance A"
[1] "DR"
[1] 0.1714937
[1] 0.04356534
[1] "DR CI"
[1] 1
[1] 0
[1] 1
[1] 1
[1] "se comparison"
[1] NA
[1] NA
[1] 2
[1] 0.2499068
[1] 0.2700345
[1] "AdaLSE"
[1] 0.2523123
[1] 0.04832961
[1] "AdaLSE CI"
[1] 1
[1] 1
[1] 2
[1] 2
[1] "Fitting mean A"
[1] "Fitting variance A"
[1] "DR"
[1] 0.2539703
[1] 0.04445651
[1] "DR CI"
[1] 1
[1] 0.5
[1] 2
[1] 1 1
[1] "se comparison"
[1] 0.04146207
[1] 0.05831977
[1] 3
[1] 0.2499068
[1] 0.2700345
[1] "AdaLSE"
[1] 0.2787209
[1] 0.04391583
[1] "AdaLSE CI"
[1] 1
[1] 1
[1] 3
[1] 3
[1] "Fitting mean A"
[1] "Fitting variance A"
[1] "DR"
[1] 0.2357753
[1] 0.05258396
[1] "DR CI"
[1] 1
[1] 0.6666667
[1] 3
[1] 1 2
[1] "se comparison"
[1] 0.04352823
[1] 0.04333122
[1] 4
[1] 0.2499068
[1] 0.2700345
[1] "AdaLSE"
[1] 0.2002564
[1] 0.04584345
[1] "AdaLSE CI"
[1] 1
[1] 1
[1] 4
[1] 4
[1] "Fitting mean A"
[1] "Fitting variance A"
[1] "DR"
[1] -0.02147063
[1] 0.20226
[1] "DR CI"
[1] 1
[1] 0.75
[1] 4
[1] 1 3
[1] "se comparison"
[1] 0.04110761
[1] 0.1260106
[1] 5
[1] 0.2499068
[1] 0.2700345
[1] "AdaLSE"
[1] 0.281906
[1] 0.04429436
[1] "AdaLSE CI"
[1] 1
[1] 1
[1] 5
[1] 5
[1] "Fitting mean A"
[1] "Fitting variance A"
[1] "DR"
[1] 0.2832165
[1] 0.04109697
[1] "DR CI"
[1] 1
[1] 0.8
[1] 5
[1] 1 4
[1] "se comparison"
[1] 0.04219901
[1] 0.1222633
[1] 6
[1] 0.2499068
[1] 0.2700345
[1] "AdaLSE"
[1] 0.3016633
[1] 0.04577665
[1] "AdaLSE CI"
[1] 1
[1] 1
[1] 6
[1] 6
[1] "Fitting mean A"
[1] "Fitting variance A"
[1] "DR"
[1] 0.304351
[1] 0.05004614
[1] "DR CI"
[1] 1
[1] 0.8333333
[1] 6
[1] 1 5
[1] "se comparison"
[1] 0.04505994
[1] 0.1197866
[1] 7
[1] 0.2499068
[1] 0.2700345
[1] "AdaLSE"
[1] 0.2669745
[1] 0.04246596
[1] "AdaLSE CI"
[1] 1
[1] 1
[1] 7
[1] 7
[1] "Fitting mean A"
[1] "Fitting variance A"
[1] "DR"
[1] 0.2413923
[1] 0.04607499
[1] "DR CI"
[1] 1
[1] 0.8571429
[1] 7
[1] 1 6
[1] "se comparison"
[1] 0.04155179
[1] 0.1102324
[1] 8
[1] 0.2499068
[1] 0.2700345
[1] "AdaLSE"
[1] 0.2960116
[1] 0.04587346
[1] "AdaLSE CI"
[1] 1
[1] 1
[1] 8
[1] 8
[1] "Fitting mean A"
[1] "Fitting variance A"
[1] "DR"
[1] 1.027815
[1] 0.5414333
[1] "DR CI"
[1] 1
[1] 0.875
[1] 8
[1] 1 7
[1] "se comparison"
[1] 0.04128287
[1] 0.3066842
[1] 9
[1] 0.2499068
[1] 0.2700345
[1] "AdaLSE"
[1] 0.2788411
[1] 0.04734021
[1] "AdaLSE CI"
[1] 1
[1] 1
[1] 9
[1] 9
[1] "Fitting mean A"
[1] "Fitting variance A"
[1] "DR"
[1] 0.2745661
[1] 0.04908956
[1] "DR CI"
[1] 1
[1] 0.8888889
[1] 9
[1] 1 8
[1] "se comparison"
[1] 0.03918222
[1] 0.287149
[1] 10
[1] 0.2499068
[1] 0.2700345
[1] "AdaLSE"
[1] 0.2439982
[1] 0.04329304
[1] "AdaLSE CI"
[1] 1
[1] 1
[1] 10
[1] 10
[1] "Fitting mean A"
[1] "Fitting variance A"
[1] "DR"
[1] 0.4056348
[1] 0.2473195
[1] "DR CI"
[1] 1
[1] 0.9
[1] 10
[1] 1 9
[1] "se comparison"
[1] 0.03733747
[1] 0.2724851
[1] 11
[1] 0.2499068
[1] 0.2700345
[1] "AdaLSE"
[1] 0.3194886
[1] 0.04952888
[1] "AdaLSE CI"
[1] 1
[1] 1
[1] 11
[1] 11
[1] "Fitting mean A"
[1] "Fitting variance A"
[1] "DR"
[1] 0.08360597
[1] 0.3660007
[1] "DR CI"
[1] 1
[1] 0.9090909
[1] 11
[1]  1 10
[1] "se comparison"
[1] 0.03978096
[1] 0.2679628
[1] 12
[1] 0.2499068
[1] 0.2700345
[1] "AdaLSE"
[1] 0.2442406
[1] 0.04322116
[1] "AdaLSE CI"
[1] 1
[1] 1
[1] 12
[1] 12
[1] "Fitting mean A"
[1] "Fitting variance A"
[1] "DR"
[1] -0.6820354
[1] 0.7274564
[1] "DR CI"
[1] 1
[1] 0.9166667
[1] 12
[1]  1 11
[1] "se comparison"
[1] 0.03839545
[1] 0.3808591
[1] 13
[1] 0.2499068
[1] 0.2700345
[1] "AdaLSE"
[1] 0.2483379
[1] 0.04479268
[1] "AdaLSE CI"
[1] 1
[1] 1
[1] 13
[1] 13
[1] "Fitting mean A"
[1] "Fitting variance A"
[1] "DR"
[1] 0.2061184
[1] 0.05639933
[1] "DR CI"
[1] 1
[1] 0.9230769
[1] 13
[1]  1 12
[1] "se comparison"
[1] 0.03699042
[1] 0.3646529
[1] 14
[1] 0.2499068
[1] 0.2700345
[1] "AdaLSE"
[1] 0.1846772
[1] 0.04975157
[1] "AdaLSE CI"
[1] 1
[1] 1
[1] 14
[1] 14
[1] "Fitting mean A"
[1] "Fitting variance A"
[1] "DR"
[1] 0.2536944
[1] 0.06588233
[1] "DR CI"
[1] 1
[1] 0.9285714
[1] 14
[1]  1 13
[1] "se comparison"
[1] 0.04111521
[1] 0.3505062
[1] 15
[1] 0.2499068
[1] 0.2700345
[1] "AdaLSE"
[1] 0.1918589
[1] 0.04777003
[1] "AdaLSE CI"
[1] 1
[1] 1
[1] 15
[1] 15
[1] "Fitting mean A"
[1] "Fitting variance A"
[1] "DR"
[1] 0.2095169
[1] 0.07932919
[1] "DR CI"
[1] 1
[1] 0.9333333
[1] 15
[1]  1 14
[1] "se comparison"
[1] 0.04299235
[1] 0.3377618
[1] 16
[1] 0.2499068
[1] 0.2700345
[1] "AdaLSE"
[1] 0.2228214
[1] 0.04450971
[1] "AdaLSE CI"
[1] 1
[1] 1
[1] 16
[1] 16
[1] "Fitting mean A"
[1] "Fitting variance A"
[1] "DR"
[1] 0.2472268
[1] 0.04208703
[1] "DR CI"
[1] 1
[1] 0.9375
[1] 16
[1]  1 15
[1] "se comparison"
[1] 0.04217884
[1] 0.3263992
[1] 17
[1] 0.2499068
[1] 0.2700345
[1] "AdaLSE"
[1] 0.3039143
[1] 0.0452118
[1] "AdaLSE CI"
[1] 1
[1] 1
[1] 17
[1] 17
[1] "Fitting mean A"
[1] "Fitting variance A"
[1] "DR"
[1] -0.05252737
[1] 0.6464638
[1] "DR CI"
[1] 1
[1] 0.9411765
[1] 17
[1]  1 16
[1] "se comparison"
[1] 0.04285515
[1] 0.322795
[1] 18
[1] 0.2499068
[1] 0.2700345
[1] "AdaLSE"
[1] 0.2928037
[1] 0.04654603
[1] "AdaLSE CI"
[1] 1
[1] 1
[1] 18
[1] 18
[1] "Fitting mean A"
[1] "Fitting variance A"
[1] "DR"
[1] 0.2707735
[1] 0.05510191
[1] "DR CI"
[1] 1
[1] 0.9444444
[1] 18
[1]  1 17
[1] "se comparison"
[1] 0.0425946
[1] 0.3135705
[1] 19
[1] 0.2499068
[1] 0.2700345
[1] "AdaLSE"
[1] 0.2684271
[1] 0.04703507
[1] "AdaLSE CI"
[1] 1
[1] 1
[1] 19
[1] 19
[1] "Fitting mean A"
[1] "Fitting variance A"
[1] "DR"
[1] 0.2794025
[1] 0.03889629
[1] "DR CI"
[1] 1
[1] 0.9473684
[1] 19
[1]  1 18
[1] "se comparison"
[1] 0.04149745
[1] 0.3051971
[1] 20
[1] 0.2499068
[1] 0.2700345
[1] "AdaLSE"
[1] 0.1950412
[1] 0.04441229
[1] "AdaLSE CI"
[1] 1
[1] 1
[1] 20
[1] 20
[1] "Fitting mean A"
[1] "Fitting variance A"
[1] "DR"
[1] 0.2290618
[1] 0.04938073
[1] "DR CI"
[1] 1
[1] 0.95
[1] 20
[1]  1 19
[1] "se comparison"
[1] 0.04265482
[1] 0.2970872
[1] 21
[1] 0.2499068
[1] 0.2700345
[1] "AdaLSE"
[1] 0.2894138
[1] 0.04655844
[1] "AdaLSE CI"
[1] 1
[1] 1
[1] 21
[1] 21
[1] "Fitting mean A"
[1] "Fitting variance A"
[1] "DR"
[1] 0.328099
[1] 0.05013525
[1] "DR CI"
[1] 1
[1] 0.952381
[1] 21
[1]  1 20
[1] "se comparison"
[1] 0.04231515
[1] 0.2906885
[1] 22
[1] 0.2499068
[1] 0.2700345
[1] "AdaLSE"
[1] 0.2311386
[1] 0.04339842
[1] "AdaLSE CI"
[1] 1
[1] 1
[1] 22
[1] 22
[1] "Fitting mean A"
[1] "Fitting variance A"
[1] "DR"
[1] 0.1580318
[1] 0.4454588
[1] "DR CI"
[1] 1
[1] 0.9545455
[1] 22
[1]  1 21
[1] "se comparison"
[1] 0.04160801
[1] 0.2839581
[1] 23
[1] 0.2499068
[1] 0.2700345
[1] "AdaLSE"
[1] 0.2612443
[1] 0.04942845
[1] "AdaLSE CI"
[1] 1
[1] 1
[1] 23
[1] 23
[1] "Fitting mean A"
[1] "Fitting variance A"
[1] "DR"
[1] -0.1930856
[1] 0.332642
[1] "DR CI"
[1] 1
[1] 0.9565217
[1] 23
[1]  1 22
[1] "se comparison"
[1] 0.04067995
[1] 0.2901238
[1] 24
[1] 0.2499068
[1] 0.2700345
[1] "AdaLSE"
[1] 0.2565225
[1] 0.04738572
[1] "AdaLSE CI"
[1] 1
[1] 1
[1] 24
[1] 24
[1] "Fitting mean A"
[1] "Fitting variance A"
[1] "DR"
[1] 0.2617583
[1] 0.04774796
[1] "DR CI"
[1] 1
[1] 0.9583333
[1] 24
[1]  1 23
[1] "se comparison"
[1] 0.03978848
[1] 0.2840612
[1] 25
[1] 0.2499068
[1] 0.2700345
[1] "AdaLSE"
[1] 0.2700336
[1] 0.046555
[1] "AdaLSE CI"
[1] 1
[1] 1
[1] 25
[1] 25
[1] "Fitting mean A"
[1] "Fitting variance A"
[1] "DR"
[1] 0.2785444
[1] 0.04263794
[1] "DR CI"
[1] 1
[1] 0.96
[1] 25
[1]  1 24
[1] "se comparison"
[1] 0.03907691
[1] 0.2785348
[1] 26
[1] 0.2499068
[1] 0.2700345
[1] "AdaLSE"
[1] 0.201628
[1] 0.05014112
[1] "AdaLSE CI"
[1] 1
[1] 1
[1] 26
[1] 26
[1] "Fitting mean A"
[1] "Fitting variance A"
[1] "DR"
[1] 0.2177222
[1] 0.08450569
[1] "DR CI"
[1] 1
[1] 0.9615385
[1] 26
[1]  1 25
[1] "se comparison"
[1] 0.03969098
[1] 0.2729242
[1] 27
[1] 0.2499068
[1] 0.2700345
[1] "AdaLSE"
[1] 0.3291412
[1] 0.04656032
[1] "AdaLSE CI"
[1] 1
[1] 1
[1] 27
[1] 27
[1] "Fitting mean A"
[1] "Fitting variance A"
[1] "DR"
[1] 0.00372937
[1] 0.6621935
[1] "DR CI"
[1] 1
[1] 0.962963
[1] 27
[1]  1 26
[1] "se comparison"
[1] 0.04159265
[1] 0.2703523
[1] 28
[1] 0.2499068
[1] 0.2700345
[1] "AdaLSE"
[1] 0.267322
[1] 0.04390738
[1] "AdaLSE CI"
[1] 1
[1] 1
[1] 28
[1] 28
[1] "Fitting mean A"
[1] "Fitting variance A"
[1] "DR"
[1] 0.216817
[1] 0.5312827
[1] "DR CI"
[1] 1
[1] 0.9642857
[1] 28
[1]  1 27
[1] "se comparison"
[1] 0.04087375
[1] 0.2653294
[1] 29
[1] 0.2499068
[1] 0.2700345
[1] "AdaLSE"
[1] 0.2062897
[1] 0.04579762
[1] "AdaLSE CI"
[1] 1
[1] 1
[1] 29
[1] 29
[1] "Fitting mean A"
[1] "Fitting variance A"
[1] "DR"
[1] 0.7712688
[1] 1.092781
[1] "DR CI"
[1] 1
[1] 0.9655172
[1] 29
[1]  1 28
[1] "se comparison"
[1] 0.04119162
[1] 0.281584
[1] 30
[1] 0.2499068
[1] 0.2700345
[1] "AdaLSE"
[1] 0.1739744
[1] 0.04340227
[1] "AdaLSE CI"
[1] 1
[1] 0.9666667
[1] 30
[1]  1 29
[1] "Fitting mean A"
[1] "Fitting variance A"
[1] "DR"
[1] 0.6325274
[1] 0.884462
[1] "DR CI"
[1] 1
[1] 0.9666667
[1] 30
[1]  1 29
[1] "se comparison"
[1] 0.04305873
[1] 0.2869463
[1] 31
[1] 0.2499068
[1] 0.2700345
[1] "AdaLSE"
[1] 0.2821837
[1] 0.04579854
[1] "AdaLSE CI"
[1] 1
[1] 0.9677419
[1] 31
[1]  1 30
[1] "Fitting mean A"
[1] "Fitting variance A"
[1] "DR"
[1] 0.2797171
[1] 0.04530257
[1] "DR CI"
[1] 1
[1] 0.9677419
[1] 31
[1]  1 30
[1] "se comparison"
[1] 0.04268628
[1] 0.2822652
[1] 32
[1] 0.2499068
[1] 0.2700345
[1] "AdaLSE"
[1] 0.2332524
[1] 0.04849424
[1] "AdaLSE CI"
[1] 1
[1] 0.96875
[1] 32
[1]  1 31
[1] "Fitting mean A"
[1] "Fitting variance A"
[1] "DR"
[1] 0.2117117
[1] 0.06855758
[1] "DR CI"
[1] 1
[1] 0.96875
[1] 32
[1]  1 31
[1] "se comparison"
[1] 0.04213319
[1] 0.2776972
[1] 33
[1] 0.2499068
[1] 0.2700345
[1] "AdaLSE"
[1] 0.2699777
[1] 0.05060623
[1] "AdaLSE CI"
[1] 1
[1] 0.969697
[1] 33
[1]  1 32
[1] "Fitting mean A"
[1] "Fitting variance A"
[1] "DR"
[1] 0.2562686
[1] 0.06888627
[1] "DR CI"
[1] 1
[1] 0.969697
[1] 33
[1]  1 32
[1] "se comparison"
[1] 0.04158587
[1] 0.2733595
[1] 34
[1] 0.2499068
[1] 0.2700345
[1] "AdaLSE"
[1] 0.3386432
[1] 0.04438934
[1] "AdaLSE CI"
[1] 0.9705882
[1] 0.9705882
[1]  1 33
[1]  1 33
[1] "Fitting mean A"
[1] "Fitting variance A"
[1] "DR"
[1] -2.055808
[1] 1.64024
[1] "DR CI"
[1] 1
[1] 0.9705882
[1] 34
[1]  1 33
[1] "se comparison"
[1] 0.04352442
[1] 0.4757709
[1] 35
[1] 0.2499068
[1] 0.2700345
[1] "AdaLSE"
[1] 0.3073066
[1] 0.04740495
[1] "AdaLSE CI"
[1] 0.9714286
[1] 0.9714286
[1]  1 34
[1]  1 34
[1] "Fitting mean A"
[1] "Fitting variance A"
[1] "DR"
[1] 0.316774
[1] 0.05867988
[1] "DR CI"
[1] 1
[1] 0.9714286
[1] 35
[1]  1 34
[1] "se comparison"
[1] 0.04377486
[1] 0.4694293
[1] 36
[1] 0.2499068
[1] 0.2700345
[1] "AdaLSE"
[1] 0.2767406
[1] 0.04284352
[1] "AdaLSE CI"
[1] 0.9722222
[1] 0.9722222
[1]  1 35
[1]  1 35
[1] "Fitting mean A"
[1] "Fitting variance A"
[1] "DR"
[1] 0.2873648
[1] 0.0473369
[1] "DR CI"
[1] 1
[1] 0.9722222
[1] 36
[1]  1 35
[1] "se comparison"
[1] 0.04327423
[1] 0.4630969
[1] 37
[1] 0.2499068
[1] 0.2700345
[1] "AdaLSE"
[1] 0.2345162
[1] 0.04964517
[1] "AdaLSE CI"
[1] 0.972973
[1] 0.972973
[1]  1 36
[1]  1 36
[1] "Fitting mean A"
[1] "Fitting variance A"
[1] "DR"
[1] 0.2133373
[1] 0.04928327
[1] "DR CI"
[1] 1
[1] 0.972973
[1] 37
[1]  1 36
[1] "se comparison"
[1] 0.04283225
[1] 0.4566702
[1] 38
[1] 0.2499068
[1] 0.2700345
[1] "AdaLSE"
[1] 0.286838
[1] 0.04482347
[1] "AdaLSE CI"
[1] 0.9736842
[1] 0.9736842
[1]  1 37
[1]  1 37
[1] "Fitting mean A"
[1] "Fitting variance A"
[1] "DR"
[1] 0.3206741
[1] 0.04258928
[1] "DR CI"
[1] 1
[1] 0.9736842
[1] 38
[1]  1 37
[1] "se comparison"
[1] 0.04253272
[1] 0.451092
[1] 39
[1] 0.2499068
[1] 0.2700345
[1] "AdaLSE"
[1] 0.1808434
[1] 0.04664946
[1] "AdaLSE CI"
[1] 0.974359
[1] 0.974359
[1]  1 38
[1]  1 38
[1] "Fitting mean A"
[1] "Fitting variance A"
[1] "DR"
[1] 0.167561
[1] 0.04105247
[1] "DR CI"
[1] 0.974359
[1] 0.9487179
[1]  1 38
[1]  2 37
[1] "se comparison"
[1] 0.04372417
[1] 0.4451196
[1] 40
[1] 0.2499068
[1] 0.2700345
[1] "AdaLSE"
[1] 0.3768848
[1] 0.04608757
[1] "AdaLSE CI"
[1] 0.95
[1] 0.95
[1]  2 38
[1]  2 38
[1] "Fitting mean A"
[1] "Fitting variance A"
[1] "DR"
[1] 0.3597311
[1] 0.04798575
[1] "DR CI"
[1] 0.95
[1] 0.95
[1]  2 38
[1]  2 38
[1] "se comparison"
[1] 0.04723744
[1] 0.440327
[1] 41
[1] 0.2499068
[1] 0.2700345
[1] "AdaLSE"
[1] 0.3371137
[1] 0.04210856
[1] "AdaLSE CI"
[1] 0.9268293
[1] 0.9512195
[1]  3 38
[1]  2 39
[1] "Fitting mean A"
[1] "Fitting variance A"
[1] "DR"
[1] 0.3369965
[1] 0.04228329
[1] "DR CI"
[1] 0.9268293
[1] 0.9512195
[1]  3 38
[1]  2 39
[1] "se comparison"
[1] 0.04823213
[1] 0.435467
[1] 42
[1] 0.2499068
[1] 0.2700345
[1] "AdaLSE"
[1] 0.2352695
[1] 0.04699268
[1] "AdaLSE CI"
[1] 0.9285714
[1] 0.952381
[1]  3 39
[1]  2 40
[1] "Fitting mean A"
[1] "Fitting variance A"
[1] "DR"
[1] 0.2422583
[1] 0.06209356
[1] "DR CI"
[1] 0.9285714
[1] 0.952381
[1]  3 39
[1]  2 40
[1] "se comparison"
[1] 0.04779803
[1] 0.4302139
[1] 43
[1] 0.2499068
[1] 0.2700345
[1] "AdaLSE"
[1] 0.2439417
[1] 0.04906141
[1] "AdaLSE CI"
[1] 0.9302326
[1] 0.9534884
[1]  3 40
[1]  2 41
[1] "Fitting mean A"
[1] "Fitting variance A"
[1] "DR"
[1] 0.237565
[1] 0.04443141
[1] "DR CI"
[1] 0.9302326
[1] 0.9534884
[1]  3 40
[1]  2 41
[1] "se comparison"
[1] 0.04728758
[1] 0.4251327
[1] 44
[1] 0.2499068
[1] 0.2700345
[1] "AdaLSE"
[1] 0.2544531
[1] 0.04036798
[1] "AdaLSE CI"
[1] 0.9318182
[1] 0.9545455
[1]  3 41
[1]  2 42
[1] "Fitting mean A"
[1] "Fitting variance A"
[1] "DR"
[1] 0.2768236
[1] 0.03665292
[1] "DR CI"
[1] 0.9318182
[1] 0.9545455
[1]  3 41
[1]  2 42
[1] "se comparison"
[1] 0.04674055
[1] 0.420375
[1] 45
[1] 0.2499068
[1] 0.2700345
[1] "AdaLSE"
[1] 0.3437379
[1] 0.04535669
[1] "AdaLSE CI"
[1] 0.9111111
[1] 0.9555556
[1]  4 41
[1]  2 43
[1] "Fitting mean A"
[1] "Fitting variance A"
[1] "DR"
[1] -0.7142198
[1] 1.040129
[1] "DR CI"
[1] 0.9333333
[1] 0.9555556
[1]  3 42
[1]  2 43
[1] "se comparison"
[1] 0.04788887
[1] 0.4368719
[1] 46
[1] 0.2499068
[1] 0.2700345
[1] "AdaLSE"
[1] 0.2146013
[1] 0.05107797
[1] "AdaLSE CI"
[1] 0.9130435
[1] 0.9565217
[1]  4 42
[1]  2 44
[1] "Fitting mean A"
[1] "Fitting variance A"
[1] "DR"
[1] 0.4373715
[1] 0.2926565
[1] "DR CI"
[1] 0.9347826
[1] 0.9565217
[1]  3 43
[1]  2 44
[1] "se comparison"
[1] 0.04784979
[1] 0.4337904
[1] 47
[1] 0.2499068
[1] 0.2700345
[1] "AdaLSE"
[1] 0.3573003
[1] 0.04786492
[1] "AdaLSE CI"
[1] 0.893617
[1] 0.9574468
[1]  5 42
[1]  2 45
[1] "Fitting mean A"
[1] "Fitting variance A"
[1] "DR"
[1] 0.3828431
[1] 0.08701997
[1] "DR CI"
[1] 0.9361702
[1] 0.9574468
[1]  3 44
[1]  2 45
[1] "se comparison"
[1] 0.04940095
[1] 0.4301144
[1] 48
[1] 0.2499068
[1] 0.2700345
[1] "AdaLSE"
[1] 0.2435759
[1] 0.04229311
[1] "AdaLSE CI"
[1] 0.8958333
[1] 0.9583333
[1]  5 43
[1]  2 46
[1] "Fitting mean A"
[1] "Fitting variance A"
[1] "DR"
[1] 0.974172
[1] 0.5428202
[1] "DR CI"
[1] 0.9375
[1] 0.9583333
[1]  3 45
[1]  2 46
[1] "se comparison"
[1] 0.04894694
[1] 0.4406885
[1] 49
[1] 0.2499068
[1] 0.2700345
[1] "AdaLSE"
[1] 0.3172396
[1] 0.04762057
[1] "AdaLSE CI"
[1] 0.8979592
[1] 0.9591837
[1]  5 44
[1]  2 47
[1] "Fitting mean A"
[1] "Fitting variance A"
[1] "DR"
[1] 0.3309868
[1] 0.2022502
[1] "DR CI"
[1] 0.9387755
[1] 0.9591837
[1]  3 46
[1]  2 47
[1] "se comparison"
[1] 0.04907599
[1] 0.4364973
[1] 50
[1] 0.2499068
[1] 0.2700345
[1] "AdaLSE"
[1] 0.1637506
[1] 0.04545933
[1] "AdaLSE CI"
[1] 0.9
[1] 0.94
[1]  5 45
[1]  3 47
[1] "Fitting mean A"
[1] "Fitting variance A"
[1] "DR"
[1] 0.1643054
[1] 0.03989111
[1] "DR CI"
[1] 0.92
[1] 0.94
[1]  4 46
[1]  3 47
[1] "se comparison"
[1] 0.05056004
[1] 0.4320484
[1] 51
[1] 0.2499068
[1] 0.2700345
[1] "AdaLSE"
[1] 0.3247025
[1] 0.0466219
[1] "AdaLSE CI"
[1] 0.9019608
[1] 0.9411765
[1]  5 46
[1]  3 48
[1] "Fitting mean A"
[1] "Fitting variance A"
[1] "DR"
[1] 0.2912528
[1] 0.04525663
[1] "DR CI"
[1] 0.9215686
[1] 0.9411765
[1]  4 47
[1]  3 48
[1] "se comparison"
[1] 0.05084012
[1] 0.4279034
[1] 52
[1] 0.2499068
[1] 0.2700345
[1] "AdaLSE"
[1] 0.2640082
[1] 0.04444982
[1] "AdaLSE CI"
[1] 0.9038462
[1] 0.9423077
[1]  5 47
[1]  3 49
[1] "Fitting mean A"
[1] "Fitting variance A"
[1] "DR"
[1] 0.2648575
[1] 0.03644689
[1] "DR CI"
[1] 0.9230769
[1] 0.9423077
[1]  4 48
[1]  3 49
[1] "se comparison"
[1] 0.0503398
[1] 0.4237821
[1] 53
[1] 0.2499068
[1] 0.2700345
[1] "AdaLSE"
[1] 0.2715934
[1] 0.04297005
[1] "AdaLSE CI"
[1] 0.9056604
[1] 0.9433962
[1]  5 48
[1]  3 50
[1] "Fitting mean A"
[1] "Fitting variance A"
[1] "DR"
[1] 0.0867301
[1] 0.1626627
[1] "DR CI"
[1] 0.9245283
[1] 0.9433962
[1]  4 49
[1]  3 50
[1] "se comparison"
[1] 0.04986976
[1] 0.4199837
[1] 54
[1] 0.2499068
[1] 0.2700345
[1] "AdaLSE"
[1] 0.2837646
[1] 0.04378257
[1] "AdaLSE CI"
[1] 0.9074074
[1] 0.9444444
[1]  5 49
[1]  3 51
[1] "Fitting mean A"
[1] "Fitting variance A"
[1] "DR"
[1] -0.7444498
[1] 1.003668
[1] "DR CI"
[1] 0.9259259
[1] 0.9444444
[1]  4 50
[1]  3 51
[1] "se comparison"
[1] 0.04948194
[1] 0.4353782
[1] 55
[1] 0.2499068
[1] 0.2700345
[1] "AdaLSE"
[1] 0.1862164
[1] 0.04757262
[1] "AdaLSE CI"
[1] 0.9090909
[1] 0.9454545
[1]  5 50
[1]  3 52
[1] "Fitting mean A"
[1] "Fitting variance A"
[1] "DR"
[1] 0.1530948
[1] 0.04576373
[1] "DR CI"
[1] 0.9090909
[1] 0.9272727
[1]  5 50
[1]  4 51
[1] "se comparison"
[1] 0.05009939
[1] 0.4313456
[1] 56
[1] 0.2499068
[1] 0.2700345
[1] "AdaLSE"
[1] 0.3026887
[1] 0.04492224
[1] "AdaLSE CI"
[1] 0.9107143
[1] 0.9464286
[1]  5 51
[1]  3 53
[1] "Fitting mean A"
[1] "Fitting variance A"
[1] "DR"
[1] 0.2751613
[1] 0.04504507
[1] "DR CI"
[1] 0.9107143
[1] 0.9285714
[1]  5 51
[1]  4 52
[1] "se comparison"
[1] 0.04994642
[1] 0.42759
[1] 57
[1] 0.2499068
[1] 0.2700345
[1] "AdaLSE"
[1] 0.3166094
[1] 0.04459576
[1] "AdaLSE CI"
[1] 0.9122807
[1] 0.9473684
[1]  5 52
[1]  3 54
[1] "Fitting mean A"
[1] "Fitting variance A"
[1] "DR"
[1] 0.3010705
[1] 0.04684778
[1] "DR CI"
[1] 0.9122807
[1] 0.9298246
[1]  5 52
[1]  4 53
[1] "se comparison"
[1] 0.05002013
[1] 0.4240434
[1] 58
[1] 0.2499068
[1] 0.2700345
[1] "AdaLSE"
[1] 0.2063751
[1] 0.04760452
[1] "AdaLSE CI"
[1] 0.9137931
[1] 0.9482759
[1]  5 53
[1]  3 55
[1] "Fitting mean A"
[1] "Fitting variance A"
[1] "DR"
[1] 0.2055111
[1] 0.04958644
[1] "DR CI"
[1] 0.9137931
[1] 0.9310345
[1]  5 53
[1]  4 54
[1] "se comparison"
[1] 0.05013705
[1] 0.4203158
[1] 59
[1] 0.2499068
[1] 0.2700345
[1] "AdaLSE"
[1] 0.2927598
[1] 0.04907343
[1] "AdaLSE CI"
[1] 0.9152542
[1] 0.9491525
[1]  5 54
[1]  3 56
[1] "Fitting mean A"
[1] "Fitting variance A"
[1] "DR"
[1] 0.3106123
[1] 0.05067992
[1] "DR CI"
[1] 0.9152542
[1] 0.9322034
[1]  5 54
[1]  4 55
[1] "se comparison"
[1] 0.04986208
[1] 0.4169951
[1] 60
[1] 0.2499068
[1] 0.2700345
[1] "AdaLSE"
[1] 0.3149016
[1] 0.04368524
[1] "AdaLSE CI"
[1] 0.9166667
[1] 0.95
[1]  5 55
[1]  3 57
[1] "Fitting mean A"
[1] "Fitting variance A"
[1] "DR"
[1] 0.2606954
[1] 0.384428
[1] "DR CI"
[1] 0.9166667
[1] 0.9333333
[1]  5 55
[1]  4 56
[1] "se comparison"
[1] 0.04989485
[1] 0.4135538
[1] 61
[1] 0.2499068
[1] 0.2700345
[1] "AdaLSE"
[1] 0.2487332
[1] 0.05225666
[1] "AdaLSE CI"
[1] 0.9180328
[1] 0.9508197
[1]  5 56
[1]  3 58
[1] "Fitting mean A"
[1] "Fitting variance A"
[1] "DR"
[1] 0.2230338
[1] 0.06504924
[1] "DR CI"
[1] 0.9180328
[1] 0.9344262
[1]  5 56
[1]  4 57
[1] "se comparison"
[1] 0.04951379
[1] 0.4101165
[1] 62
[1] 0.2499068
[1] 0.2700345
[1] "AdaLSE"
[1] 0.3110943
[1] 0.04472694
[1] "AdaLSE CI"
[1] 0.9193548
[1] 0.9516129
[1]  5 57
[1]  3 59
[1] "Fitting mean A"
[1] "Fitting variance A"
[1] "DR"
[1] 0.8301774
[1] 0.4988438
[1] "DR CI"
[1] 0.9193548
[1] 0.9354839
[1]  5 57
[1]  4 58
[1] "se comparison"
[1] 0.0494795
[1] 0.414803
[1] 63
[1] 0.2499068
[1] 0.2700345
[1] "AdaLSE"
[1] 0.2993599
[1] 0.04723327
[1] "AdaLSE CI"
[1] 0.9206349
[1] 0.952381
[1]  5 58
[1]  3 60
[1] "Fitting mean A"
[1] "Fitting variance A"
[1] "DR"
[1] 0.3102377
[1] 0.04002432
[1] "DR CI"
[1] 0.9206349
[1] 0.9365079
[1]  5 58
[1]  4 59
[1] "se comparison"
[1] 0.04927947
[1] 0.4116799
[1] 64
[1] 0.2499068
[1] 0.2700345
[1] "AdaLSE"
[1] 0.320075
[1] 0.04921273
[1] "AdaLSE CI"
[1] 0.921875
[1] 0.953125
[1]  5 59
[1]  3 61
[1] "Fitting mean A"
[1] "Fitting variance A"
[1] "DR"
[1] 0.3213328
[1] 0.04854137
[1] "DR CI"
[1] 0.921875
[1] 0.9375
[1]  5 59
[1]  4 60
[1] "se comparison"
[1] 0.04937508
[1] 0.4086743
[1] 65
[1] 0.2499068
[1] 0.2700345
[1] "AdaLSE"
[1] 0.2373778
[1] 0.04919229
[1] "AdaLSE CI"
[1] 0.9230769
[1] 0.9538462
[1]  5 60
[1]  3 62
[1] "Fitting mean A"
[1] "Fitting variance A"
[1] "DR"
[1] 0.1604153
[1] 0.05640168
[1] "DR CI"
[1] 0.9230769
[1] 0.9384615
[1]  5 60
[1]  4 61
[1] "se comparison"
[1] 0.04911208
[1] 0.4055039
[1] 66
[1] 0.2499068
[1] 0.2700345
[1] "AdaLSE"
[1] 0.2410922
[1] 0.05027135
[1] "AdaLSE CI"
[1] 0.9242424
[1] 0.9545455
[1]  5 61
[1]  3 63
[1] "Fitting mean A"
[1] "Fitting variance A"
[1] "DR"
[1] 0.2292175
[1] 0.04862329
[1] "DR CI"
[1] 0.9242424
[1] 0.9393939
[1]  5 61
[1]  4 62
[1] "se comparison"
[1] 0.04882231
[1] 0.4023859
[1] 67
[1] 0.2499068
[1] 0.2700345
[1] "AdaLSE"
[1] 0.1723672
[1] 0.04349639
[1] "AdaLSE CI"
[1] 0.9253731
[1] 0.9402985
[1]  5 62
[1]  4 63
[1] "Fitting mean A"
[1] "Fitting variance A"
[1] "DR"
[1] 0.1909211
[1] 0.188791
[1] "DR CI"
[1] 0.9253731
[1] 0.9402985
[1]  5 62
[1]  4 63
[1] "se comparison"
[1] 0.04974766
[1] 0.3993286
[1] 68
[1] 0.2499068
[1] 0.2700345
[1] "AdaLSE"
[1] 0.2618942
[1] 0.05126998
[1] "AdaLSE CI"
[1] 0.9264706
[1] 0.9411765
[1]  5 63
[1]  4 64
[1] "Fitting mean A"
[1] "Fitting variance A"
[1] "DR"
[1] 0.1317372
[1] 0.5992094
[1] "DR CI"
[1] 0.9264706
[1] 0.9411765
[1]  5 63
[1]  4 64
[1] "se comparison"
[1] 0.04937533
[1] 0.3964312
[1] 69
[1] 0.2499068
[1] 0.2700345
[1] "AdaLSE"
[1] 0.2233996
[1] 0.0437755
[1] "AdaLSE CI"
[1] 0.9275362
[1] 0.942029
[1]  5 64
[1]  4 65
[1] "Fitting mean A"
[1] "Fitting variance A"
[1] "DR"
[1] 0.2369102
[1] 0.04861202
[1] "DR CI"
[1] 0.9275362
[1] 0.942029
[1]  5 64
[1]  4 65
[1] "se comparison"
[1] 0.04924611
[1] 0.3935282
[1] 70
[1] 0.2499068
[1] 0.2700345
[1] "AdaLSE"
[1] 0.3762049
[1] 0.04584639
[1] "AdaLSE CI"
[1] 0.9142857
[1] 0.9285714
[1]  6 64
[1]  5 65
[1] "Fitting mean A"
[1] "Fitting variance A"
[1] "DR"
[1] 0.3611633
[1] 0.05026635
[1] "DR CI"
[1] 0.9142857
[1] 0.9428571
[1]  6 64
[1]  4 66
[1] "se comparison"
[1] 0.05073374
[1] 0.391127
[1] 71
[1] 0.2499068
[1] 0.2700345
[1] "AdaLSE"
[1] 0.2322934
[1] 0.05139057
[1] "AdaLSE CI"
[1] 0.915493
[1] 0.9295775
[1]  6 65
[1]  5 66
[1] "Fitting mean A"
[1] "Fitting variance A"
[1] "DR"
[1] 0.8917081
[1] 0.6092581
[1] "DR CI"
[1] 0.915493
[1] 0.943662
[1]  6 65
[1]  4 67
[1] "se comparison"
[1] 0.05051373
[1] 0.3967923
[1] 72
[1] 0.2499068
[1] 0.2700345
[1] "AdaLSE"
[1] 0.2306982
[1] 0.0458966
[1] "AdaLSE CI"
[1] 0.9166667
[1] 0.9305556
[1]  6 66
[1]  5 67
[1] "Fitting mean A"
[1] "Fitting variance A"
[1] "DR"
[1] 0.2589193
[1] 0.04198874
[1] "DR CI"
[1] 0.9166667
[1] 0.9444444
[1]  6 66
[1]  4 68
[1] "se comparison"
[1] 0.05030932
[1] 0.3940232
[1] 73
[1] 0.2499068
[1] 0.2700345
[1] "AdaLSE"
[1] 0.2453526
[1] 0.04348067
[1] "AdaLSE CI"
[1] 0.9178082
[1] 0.9315068
[1]  6 67
[1]  5 68
[1] "Fitting mean A"
[1] "Fitting variance A"
[1] "DR"
[1] 0.2380919
[1] 0.04758945
[1] "DR CI"
[1] 0.9178082
[1] 0.9452055
[1]  6 67
[1]  4 69
[1] "se comparison"
[1] 0.05000365
[1] 0.3912867
[1] 74
[1] 0.2499068
[1] 0.2700345
[1] "AdaLSE"
[1] 0.2539646
[1] 0.04634677
[1] "AdaLSE CI"
[1] 0.9189189
[1] 0.9324324
[1]  6 68
[1]  5 69
[1] "Fitting mean A"
[1] "Fitting variance A"
[1] "DR"
[1] 0.2768959
[1] 0.05028362
[1] "DR CI"
[1] 0.9189189
[1] 0.9459459
[1]  6 68
[1]  4 70
[1] "se comparison"
[1] 0.04967161
[1] 0.3886636
[1] 75
[1] 0.2499068
[1] 0.2700345
[1] "AdaLSE"
[1] 0.2682463
[1] 0.04273405
[1] "AdaLSE CI"
[1] 0.92
[1] 0.9333333
[1]  6 69
[1]  5 70
[1] "Fitting mean A"
[1] "Fitting variance A"
[1] "DR"
[1] 0.265837
[1] 0.04280054
[1] "DR CI"
[1] 0.92
[1] 0.9466667
[1]  6 69
[1]  4 71
[1] "se comparison"
[1] 0.04933845
[1] 0.3860713
[1] 76
[1] 0.2499068
[1] 0.2700345
[1] "AdaLSE"
[1] 0.2251586
[1] 0.04504674
[1] "AdaLSE CI"
[1] 0.9210526
[1] 0.9342105
[1]  6 70
[1]  5 71
[1] "Fitting mean A"
[1] "Fitting variance A"
[1] "DR"
[1] 0.2337691
[1] 0.04106045
[1] "DR CI"
[1] 0.9210526
[1] 0.9473684
[1]  6 70
[1]  4 72
[1] "se comparison"
[1] 0.04920185
[1] 0.3834938
[1] 77
[1] 0.2499068
[1] 0.2700345
[1] "AdaLSE"
[1] 0.2784828
[1] 0.04257436
[1] "AdaLSE CI"
[1] 0.9220779
[1] 0.9350649
[1]  6 71
[1]  5 72
[1] "Fitting mean A"
[1] "Fitting variance A"
[1] "DR"
[1] 0.293757
[1] 0.04548863
[1] "DR CI"
[1] 0.9220779
[1] 0.9480519
[1]  6 71
[1]  4 73
[1] "se comparison"
[1] 0.04891035
[1] 0.381063
[1] 78
[1] 0.2499068
[1] 0.2700345
[1] "AdaLSE"
[1] 0.246719
[1] 0.04560409
[1] "AdaLSE CI"
[1] 0.9230769
[1] 0.9358974
[1]  6 72
[1]  5 73
[1] "Fitting mean A"
[1] "Fitting variance A"
[1] "DR"
[1] 0.2510244
[1] 0.04659917
[1] "DR CI"
[1] 0.9230769
[1] 0.9487179
[1]  6 72
[1]  4 74
[1] "se comparison"
[1] 0.04862607
[1] 0.378599
[1] 79
[1] 0.2499068
[1] 0.2700345
[1] "AdaLSE"
[1] 0.2843502
[1] 0.0434915
[1] "AdaLSE CI"
[1] 0.9240506
[1] 0.9367089
[1]  6 73
[1]  5 74
[1] "Fitting mean A"
[1] "Fitting variance A"
[1] "DR"
[1] 0.2889715
[1] 0.05272373
[1] "DR CI"
[1] 0.9240506
[1] 0.9493671
[1]  6 73
[1]  4 75
[1] "se comparison"
[1] 0.04837499
[1] 0.3762481
[1] 80
[1] 0.2499068
[1] 0.2700345
[1] "AdaLSE"
[1] 0.3200882
[1] 0.04700777
[1] "AdaLSE CI"
[1] 0.925
[1] 0.9375
[1]  6 74
[1]  5 75
[1] "Fitting mean A"
[1] "Fitting variance A"
[1] "DR"
[1] 0.1979593
[1] 0.6387927
[1] "DR CI"
[1] 0.925
[1] 0.95
[1]  6 74
[1]  4 76
[1] "se comparison"
[1] 0.04849081
[1] 0.3738668
[1] 81
[1] 0.2499068
[1] 0.2700345
[1] "AdaLSE"
[1] 0.2830029
[1] 0.04945817
[1] "AdaLSE CI"
[1] 0.9259259
[1] 0.9382716
[1]  6 75
[1]  5 76
[1] "Fitting mean A"
[1] "Fitting variance A"
[1] "DR"
[1] -0.2748436
[1] 1.291459
[1] "DR CI"
[1] 0.9259259
[1] 0.9506173
[1]  6 75
[1]  4 77
[1] "se comparison"
[1] 0.04823478
[1] 0.375553
[1] 82
[1] 0.2499068
[1] 0.2700345
[1] "AdaLSE"
[1] 0.1523191
[1] 0.04921803
[1] "AdaLSE CI"
[1] 0.9146341
[1] 0.9268293
[1]  7 75
[1]  6 76
[1] "Fitting mean A"
[1] "Fitting variance A"
[1] "DR"
[1] 0.2788574
[1] 0.1457094
[1] "DR CI"
[1] 0.9268293
[1] 0.9512195
[1]  6 76
[1]  4 78
[1] "se comparison"
[1] 0.04949398
[1] 0.3732987
[1] 83
[1] 0.2499068
[1] 0.2700345
[1] "AdaLSE"
[1] 0.3196066
[1] 0.0498712
[1] "AdaLSE CI"
[1] 0.9156627
[1] 0.9277108
[1]  7 76
[1]  6 77
[1] "Fitting mean A"
[1] "Fitting variance A"
[1] "DR"
[1] -0.09276054
[1] 0.5826182
[1] "DR CI"
[1] 0.9277108
[1] 0.9518072
[1]  6 77
[1]  4 79
[1] "se comparison"
[1] 0.04958873
[1] 0.3725374
[1] 84
[1] 0.2499068
[1] 0.2700345
[1] "AdaLSE"
[1] 0.3269595
[1] 0.04244785
[1] "AdaLSE CI"
[1] 0.9166667
[1] 0.9285714
[1]  7 77
[1]  6 78
[1] "Fitting mean A"
[1] "Fitting variance A"
[1] "DR"
[1] 0.3110615
[1] 0.04380795
[1] "DR CI"
[1] 0.9285714
[1] 0.952381
[1]  6 78
[1]  4 80
[1] "se comparison"
[1] 0.04977748
[1] 0.3704505
[1] 85
[1] 0.2499068
[1] 0.2700345
[1] "AdaLSE"
[1] 0.2678665
[1] 0.04540836
[1] "AdaLSE CI"
[1] 0.9176471
[1] 0.9294118
[1]  7 78
[1]  6 79
[1] "Fitting mean A"
[1] "Fitting variance A"
[1] "DR"
[1] 0.1595113
[1] 0.2947636
[1] "DR CI"
[1] 0.9294118
[1] 0.9529412
[1]  6 79
[1]  4 81
[1] "se comparison"
[1] 0.0494821
[1] 0.3682815
[1] 86
[1] 0.2499068
[1] 0.2700345
[1] "AdaLSE"
[1] 0.2959585
[1] 0.04398192
[1] "AdaLSE CI"
[1] 0.9186047
[1] 0.9302326
[1]  7 79
[1]  6 80
[1] "Fitting mean A"
[1] "Fitting variance A"
[1] "DR"
[1] 0.243187
[1] 0.916159
[1] "DR CI"
[1] 0.9302326
[1] 0.9534884
[1]  6 80
[1]  4 82
[1] "se comparison"
[1] 0.04931063
[1] 0.3661256
[1] 87
[1] 0.2499068
[1] 0.2700345
[1] "AdaLSE"
[1] 0.3005474
[1] 0.04516626
[1] "AdaLSE CI"
[1] 0.9195402
[1] 0.9310345
[1]  7 80
[1]  6 81
[1] "Fitting mean A"
[1] "Fitting variance A"
[1] "DR"
[1] 0.2822291
[1] 0.04595412
[1] "DR CI"
[1] 0.9310345
[1] 0.954023
[1]  6 81
[1]  4 83
[1] "se comparison"
[1] 0.04917617
[1] 0.3640709
[1] 88
[1] 0.2499068
[1] 0.2700345
[1] "AdaLSE"
[1] 0.3048214
[1] 0.04290436
[1] "AdaLSE CI"
[1] 0.9204545
[1] 0.9318182
[1]  7 81
[1]  6 82
[1] "Fitting mean A"
[1] "Fitting variance A"
[1] "DR"
[1] -1.36548
[1] 0.9774351
[1] "DR CI"
[1] 0.9318182
[1] 0.9545455
[1]  6 82
[1]  4 84
[1] "se comparison"
[1] 0.04907851
[1] 0.3991177
[1] 89
[1] 0.2499068
[1] 0.2700345
[1] "AdaLSE"
[1] 1.033376
[1] 0.0279683
[1] "AdaLSE CI"
[1] 0.9101124
[1] 0.9213483
[1]  8 81
[1]  7 82
[1] "Fitting mean A"
[1] "Fitting variance A"
[1] "DR"
[1] -0.007948706
[1] 0.2442157
[1] "DR CI"
[1] 0.9325843
[1] 0.9550562
[1]  6 83
[1]  4 85
[1] "se comparison"
[1] 0.09492439
[1] 0.3974198
[1] 90
[1] 0.2499068
[1] 0.2700345
[1] "AdaLSE"
[1] 0.2219742
[1] 0.04798985
[1] "AdaLSE CI"
[1] 0.9111111
[1] 0.9222222
[1]  8 82
[1]  7 83
[1] "Fitting mean A"
[1] "Fitting variance A"
[1] "DR"
[1] 0.2393303
[1] 0.04566193
[1] "DR CI"
[1] 0.9333333
[1] 0.9555556
[1]  6 84
[1]  4 86
[1] "se comparison"
[1] 0.09454808
[1] 0.3952128
[1] 91
[1] 0.2499068
[1] 0.2700345
[1] "AdaLSE"
[1] 0.2279466
[1] 0.04846208
[1] "AdaLSE CI"
[1] 0.9120879
[1] 0.9230769
[1]  8 83
[1]  7 84
[1] "Fitting mean A"
[1] "Fitting variance A"
[1] "DR"
[1] 0.2530471
[1] 0.0599758
[1] "DR CI"
[1] 0.9340659
[1] 0.956044
[1]  6 85
[1]  4 87
[1] "se comparison"
[1] 0.09414152
[1] 0.3930628
[1] 92
[1] 0.2499068
[1] 0.2700345
[1] "AdaLSE"
[1] 0.2440268
[1] 0.0452694
[1] "AdaLSE CI"
[1] 0.9130435
[1] 0.923913
[1]  8 84
[1]  7 85
[1] "Fitting mean A"
[1] "Fitting variance A"
[1] "DR"
[1] 0.2639586
[1] 0.04946122
[1] "DR CI"
[1] 0.9347826
[1] 0.9565217
[1]  6 86
[1]  4 88
[1] "se comparison"
[1] 0.09367092
[1] 0.3909676
[1] 93
[1] 0.2499068
[1] 0.2700345
[1] "AdaLSE"
[1] 0.2174994
[1] 0.04527445
[1] "AdaLSE CI"
[1] 0.9139785
[1] 0.9247312
[1]  8 85
[1]  7 86
[1] "Fitting mean A"
[1] "Fitting variance A"
[1] "DR"
[1] 0.2069983
[1] 0.04228911
[1] "DR CI"
[1] 0.9354839
[1] 0.9569892
[1]  6 87
[1]  4 89
[1] "se comparison"
[1] 0.09333485
[1] 0.3888394
[1] 94
[1] 0.2499068
[1] 0.2700345
[1] "AdaLSE"
[1] 0.2900877
[1] 0.04666594
[1] "AdaLSE CI"
[1] 0.9148936
[1] 0.9255319
[1]  8 86
[1]  7 87
[1] "Fitting mean A"
[1] "Fitting variance A"
[1] "DR"
[1] 1.179596
[1] 1.435689
[1] "DR CI"
[1] 0.9361702
[1] 0.9574468
[1]  6 88
[1]  4 90
[1] "se comparison"
[1] 0.09285063
[1] 0.3998874
[1] 95
[1] 0.2499068
[1] 0.2700345
[1] "AdaLSE"
[1] 0.2866308
[1] 0.04689333
[1] "AdaLSE CI"
[1] 0.9157895
[1] 0.9263158
[1]  8 87
[1]  7 88
[1] "Fitting mean A"
[1] "Fitting variance A"
[1] "DR"
[1] 0.324692
[1] 0.4491716
[1] "DR CI"
[1] 0.9368421
[1] 0.9578947
[1]  6 89
[1]  4 91
[1] "se comparison"
[1] 0.09236745
[1] 0.3979467
[1] 96
[1] 0.2499068
[1] 0.2700345
[1] "AdaLSE"
[1] 0.2498095
[1] 0.04157129
[1] "AdaLSE CI"
[1] 0.9166667
[1] 0.9270833
[1]  8 88
[1]  7 89
[1] "Fitting mean A"
[1] "Fitting variance A"
[1] "DR"
[1] 0.294084
[1] 0.05234325
[1] "DR CI"
[1] 0.9375
[1] 0.9583333
[1]  6 90
[1]  4 92
[1] "se comparison"
[1] 0.09190857
[1] 0.3959499
[1] 97
[1] 0.2499068
[1] 0.2700345
[1] "AdaLSE"
[1] 0.3486619
[1] 0.04421972
[1] "AdaLSE CI"
[1] 0.9072165
[1] 0.9278351
[1]  9 88
[1]  7 90
[1] "Fitting mean A"
[1] "Fitting variance A"
[1] "DR"
[1] 0.308608
[1] 0.05080041
[1] "DR CI"
[1] 0.9381443
[1] 0.9587629
[1]  6 91
[1]  4 93
[1] "se comparison"
[1] 0.0917592
[1] 0.3940189
[1] 98
[1] 0.2499068
[1] 0.2700345
[1] "AdaLSE"
[1] 0.1741177
[1] 0.04945286
[1] "AdaLSE CI"
[1] 0.9081633
[1] 0.9285714
[1]  9 89
[1]  7 91
[1] "Fitting mean A"
[1] "Fitting variance A"
[1] "DR"
[1] -0.2361863
[1] 0.5297947
[1] "DR CI"
[1] 0.9387755
[1] 0.9591837
[1]  6 92
[1]  4 94
[1] "se comparison"
[1] 0.09182777
[1] 0.3945362
[1] 99
[1] 0.2499068
[1] 0.2700345
[1] "AdaLSE"
[1] 0.3069586
[1] 0.04541461
[1] "AdaLSE CI"
[1] 0.9090909
[1] 0.9292929
[1]  9 90
[1]  7 92
[1] "Fitting mean A"
[1] "Fitting variance A"
[1] "DR"
[1] 0.1559312
[1] 0.2764673
[1] "DR CI"
[1] 0.9393939
[1] 0.959596
[1]  6 93
[1]  4 95
[1] "se comparison"
[1] 0.09142636
[1] 0.3925466
[1] 100
[1] 0.2499068
[1] 0.2700345
[1] "AdaLSE"
[1] 0.2197498
[1] 0.04425597
[1] "AdaLSE CI"
[1] 0.91
[1] 0.93
[1]  9 91
[1]  7 93
[1] "Fitting mean A"
[1] "Fitting variance A"
[1] "DR"
[1] 0.2522564
[1] 0.04967211
[1] "DR CI"
[1] 0.94
[1] 0.96
[1]  6 94
[1]  4 96
[1] "se comparison"
[1] 0.09111428
[1] 0.3905907
