LOADING R
R LOADED
[1] "/home/lvanderl/Rlibs2"                         
[2] "/app/software/R/4.3.1-gfbf-2022b/lib/R/library"
[1] "/home/lvanderl/sieveSims"
[1] "iter: 1"
[1] "mu"
[1] "done_mu"
[1] "pi"
predictions 
  0.2195451 
[1] "mu"
[1] "done_mu"
[1] "pi"
predictions 
   0.219712 
[1] "mu"
[1] "done_mu"
[1] "pi"
Lrnr_xgboost_100_1_19.5743382058443_1_0.15 
                                 0.2201044 
 Lrnr_xgboost_30_1_19.5743382058443_2_0.15 
                                 0.2210169 
 Lrnr_xgboost_30_1_19.5743382058443_3_0.15 
                                 0.2206037 
 Lrnr_xgboost_30_1_19.5743382058443_4_0.15 
                                 0.2215791 
 Lrnr_xgboost_30_1_19.5743382058443_5_0.15 
                                 0.2225516 
[1] "mu"
[1] "done_mu"
[1] "pi"
NULL
[1] "earth"
