LOADING R
R LOADED
[1] "/home/lvanderl/Rlibs2"                         
[2] "/app/software/R/4.2.2-foss-2021b/lib/R/library"
[1] "/home/lvanderl/sieveSims"
[1] "Iteration number: 1"
[1] "Fitting mu0 = E[Y|A=0,W]"
[1] "~h(W1) + h(W2) + h(W3) + h(W4) + h(W5)"
[1] "Fitting tau = E[Y|A=1,W] - E[Y|A=0,W]"
[1] "~h(W1) + h(W3) + h(W5)"
[1] "Fitting mu = E[Y|W]"
[1] "~h(W1,W4) + h(W1,W5) + h(W1,W6) + h(W1) + h(W2,W5) + h(W2) + h(W3,W1) + h(W3,W2) + h(W3,W4) + h(W3,W5) + h(W3,W7) + h(W3) + h(W4) + h(W5,W6) + h(W5,W7) + h(W5) + h(W6) + h(W7)"
[1] "Fitting pi = E[A|W]"
NULL
[1] "Fitting tau = E[Y|A=1,W] - E[Y|A=0,W]"
[1] 0.8689232
A hal9001 formula object of the form: ~ h(.)[1] "Iteration number: 2"
[1] "Fitting mu0 = E[Y|A=0,W]"
[1] "~h(W1) + h(W2) + h(W3) + h(W4) + h(W5) + h(W6)"
[1] "Fitting tau = E[Y|A=1,W] - E[Y|A=0,W]"
[1] "~h(W1) + h(W3) + h(W5)"
[1] "Fitting mu = E[Y|W]"
[1] "~h(W1,W4) + h(W1,W5) + h(W1) + h(W2,W6) + h(W2,W7) + h(W2) + h(W3,W1) + h(W3,W2) + h(W3,W5) + h(W3) + h(W4) + h(W5,W2) + h(W5,W6) + h(W5,W7) + h(W5) + h(W6) + h(W7)"
[1] "Fitting pi = E[A|W]"
NULL
[1] "Fitting tau = E[Y|A=1,W] - E[Y|A=0,W]"
[1] 0.8924553
A hal9001 formula object of the form: ~ h(.)[1] "Iteration number: 3"
[1] "Fitting mu0 = E[Y|A=0,W]"
[1] "~h(W1) + h(W2) + h(W3) + h(W4) + h(W5)"
[1] "Fitting tau = E[Y|A=1,W] - E[Y|A=0,W]"
[1] "Iteration number: 4"
[1] "Fitting mu0 = E[Y|A=0,W]"
[1] "~h(W1) + h(W2) + h(W3) + h(W4) + h(W5)"
[1] "Fitting tau = E[Y|A=1,W] - E[Y|A=0,W]"
[1] "~h(W1) + h(W2) + h(W3) + h(W4) + h(W5)"
[1] "Fitting mu = E[Y|W]"
[1] "~h(W1,W4) + h(W1,W5) + h(W1) + h(W2) + h(W3,W1) + h(W3,W2) + h(W3,W4) + h(W3,W5) + h(W3) + h(W4,W2) + h(W4,W5) + h(W4,W7) + h(W4) + h(W5,W2) + h(W5,W6) + h(W5,W7) + h(W5) + h(W6) + h(W7)"
[1] "Fitting pi = E[A|W]"
NULL
[1] "Fitting tau = E[Y|A=1,W] - E[Y|A=0,W]"
[1] 1.094215
A hal9001 formula object of the form: ~ h(.)[1] "Iteration number: 5"
[1] "Fitting mu0 = E[Y|A=0,W]"
[1] "~h(W1) + h(W2) + h(W3) + h(W4) + h(W5) + h(W6) + h(W7)"
[1] "Fitting tau = E[Y|A=1,W] - E[Y|A=0,W]"
[1] "~h(W1) + h(W2) + h(W3) + h(W4) + h(W5) + h(W6) + h(W7)"
[1] "Fitting mu = E[Y|W]"
[1] "~h(W1,W2) + h(W1,W5) + h(W1,W7) + h(W1) + h(W2,W5) + h(W2,W6) + h(W2) + h(W3,W1) + h(W3,W2) + h(W3,W5) + h(W3) + h(W4,W5) + h(W4,W7) + h(W4) + h(W5,W6) + h(W5) + h(W6) + h(W7)"
[1] "Fitting pi = E[A|W]"
NULL
[1] "Fitting tau = E[Y|A=1,W] - E[Y|A=0,W]"
[1] 0.8847498
A hal9001 formula object of the form: ~ h(.)[1] "Iteration number: 6"
[1] "Fitting mu0 = E[Y|A=0,W]"
[1] "~h(W1) + h(W2) + h(W3) + h(W4) + h(W5)"
[1] "Fitting tau = E[Y|A=1,W] - E[Y|A=0,W]"
[1] "~h(W1) + h(W3) + h(W5) + h(W7)"
[1] "Fitting mu = E[Y|W]"
[1] "~h(W1,W2) + h(W1,W4) + h(W1,W5) + h(W1,W6) + h(W1,W7) + h(W1) + h(W2,W5) + h(W2) + h(W3,W1) + h(W3,W2) + h(W3,W4) + h(W3,W5) + h(W3) + h(W4) + h(W5,W6) + h(W5,W7) + h(W5) + h(W6) + h(W7)"
[1] "Fitting pi = E[A|W]"
NULL
[1] "Fitting tau = E[Y|A=1,W] - E[Y|A=0,W]"
[1] 0.9367564
A hal9001 formula object of the form: ~ h(.)[1] "Iteration number: 7"
[1] "Fitting mu0 = E[Y|A=0,W]"
[1] "~h(W1) + h(W2) + h(W3) + h(W4) + h(W5)"
[1] "Fitting tau = E[Y|A=1,W] - E[Y|A=0,W]"
[1] "~h(W1) + h(W3) + h(W4) + h(W5)"
[1] "Fitting mu = E[Y|W]"
[1] "~h(W1,W5) + h(W1) + h(W2,W5) + h(W2) + h(W3,W1) + h(W3,W2) + h(W3,W4) + h(W3,W5) + h(W3,W6) + h(W3,W7) + h(W3) + h(W4) + h(W5,W7) + h(W5) + h(W6) + h(W7)"
[1] "Fitting pi = E[A|W]"
NULL
[1] "Fitting tau = E[Y|A=1,W] - E[Y|A=0,W]"
[1] 0.8769035
A hal9001 formula object of the form: ~ h(.)[1] "Iteration number: 8"
[1] "Fitting mu0 = E[Y|A=0,W]"
[1] "~h(W1) + h(W2) + h(W3) + h(W4) + h(W5)"
[1] "Fitting tau = E[Y|A=1,W] - E[Y|A=0,W]"
[1] "~h(W1) + h(W3) + h(W4) + h(W5)"
[1] "Fitting mu = E[Y|W]"
[1] "~h(W1,W2) + h(W1,W5) + h(W1) + h(W2) + h(W3,W1) + h(W3,W2) + h(W3,W5) + h(W3,W6) + h(W3,W7) + h(W3) + h(W4,W5) + h(W4,W7) + h(W4) + h(W5,W2) + h(W5,W6) + h(W5,W7) + h(W5) + h(W6) + h(W7)"
[1] "Fitting pi = E[A|W]"
NULL
[1] "Fitting tau = E[Y|A=1,W] - E[Y|A=0,W]"
[1] 0.8516118
A hal9001 formula object of the form: ~ h(.)[1] "Iteration number: 9"
[1] "Fitting mu0 = E[Y|A=0,W]"
[1] "~h(W1) + h(W2) + h(W3) + h(W4) + h(W5)"
[1] "Fitting tau = E[Y|A=1,W] - E[Y|A=0,W]"
[1] "~h(W1) + h(W2) + h(W3) + h(W5)"
[1] "Fitting mu = E[Y|W]"
[1] "~h(W1,W2) + h(W1,W5) + h(W1) + h(W2,W5) + h(W2) + h(W3,W1) + h(W3,W2) + h(W3,W4) + h(W3,W5) + h(W3) + h(W4) + h(W5,W6) + h(W5,W7) + h(W5) + h(W6) + h(W7)"
[1] "Fitting pi = E[A|W]"
NULL
[1] "Fitting tau = E[Y|A=1,W] - E[Y|A=0,W]"
[1] 0.9244778
A hal9001 formula object of the form: ~ h(.)[1] "Iteration number: 10"
[1] "Fitting mu0 = E[Y|A=0,W]"
[1] "~h(W1) + h(W2) + h(W3) + h(W4) + h(W5)"
[1] "Fitting tau = E[Y|A=1,W] - E[Y|A=0,W]"
[1] "~h(W1) + h(W2) + h(W3) + h(W4) + h(W5)"
[1] "Fitting mu = E[Y|W]"
[1] "~h(W1,W3) + h(W1,W4) + h(W1,W5) + h(W1,W7) + h(W1) + h(W2) + h(W3,W4) + h(W3,W5) + h(W3) + h(W4,W5) + h(W4) + h(W5,W2) + h(W5,W6) + h(W5,W7) + h(W5) + h(W6) + h(W7)"
[1] "Fitting pi = E[A|W]"
NULL
[1] "Fitting tau = E[Y|A=1,W] - E[Y|A=0,W]"
[1] 0.9260158
A hal9001 formula object of the form: ~ h(.)[1] "Iteration number: 11"
[1] "Fitting mu0 = E[Y|A=0,W]"
[1] "~h(W1) + h(W2) + h(W3) + h(W4) + h(W5)"
[1] "Fitting tau = E[Y|A=1,W] - E[Y|A=0,W]"
[1] "Iteration number: 12"
[1] "Fitting mu0 = E[Y|A=0,W]"
[1] "~h(W1) + h(W2) + h(W3) + h(W4) + h(W5) + h(W6)"
[1] "Fitting tau = E[Y|A=1,W] - E[Y|A=0,W]"
[1] "~h(W1) + h(W3) + h(W5)"
[1] "Fitting mu = E[Y|W]"
[1] "~h(W1,W5) + h(W1) + h(W2,W5) + h(W2,W6) + h(W2) + h(W3,W1) + h(W3,W2) + h(W3,W5) + h(W3) + h(W4) + h(W5,W6) + h(W5,W7) + h(W5) + h(W6) + h(W7)"
[1] "Fitting pi = E[A|W]"
NULL
[1] "Fitting tau = E[Y|A=1,W] - E[Y|A=0,W]"
[1] 0.7910462
A hal9001 formula object of the form: ~ h(.)[1] "Iteration number: 13"
[1] "Fitting mu0 = E[Y|A=0,W]"
[1] "~h(W1) + h(W2) + h(W3) + h(W4) + h(W5)"
[1] "Fitting tau = E[Y|A=1,W] - E[Y|A=0,W]"
[1] "~h(W1) + h(W3) + h(W5)"
[1] "Fitting mu = E[Y|W]"
[1] "~h(W1,W2) + h(W1,W4) + h(W1,W5) + h(W1,W6) + h(W1) + h(W2) + h(W3,W1) + h(W3,W2) + h(W3,W5) + h(W3) + h(W4,W5) + h(W4,W6) + h(W4) + h(W5,W2) + h(W5,W6) + h(W5,W7) + h(W5) + h(W6) + h(W7)"
[1] "Fitting pi = E[A|W]"
NULL
[1] "Fitting tau = E[Y|A=1,W] - E[Y|A=0,W]"
[1] 0.8667183
A hal9001 formula object of the form: ~ h(.)[1] "Iteration number: 14"
[1] "Fitting mu0 = E[Y|A=0,W]"
[1] "~h(W1) + h(W2) + h(W3) + h(W4) + h(W5) + h(W7)"
[1] "Fitting tau = E[Y|A=1,W] - E[Y|A=0,W]"
[1] "~h(W1) + h(W3) + h(W5) + h(W7)"
[1] "Fitting mu = E[Y|W]"
[1] "~h(W1,W5) + h(W1,W6) + h(W1) + h(W2,W5) + h(W2) + h(W3,W1) + h(W3,W2) + h(W3,W5) + h(W3) + h(W4,W2) + h(W4,W5) + h(W4) + h(W5,W6) + h(W5,W7) + h(W5) + h(W6) + h(W7)"
[1] "Fitting pi = E[A|W]"
NULL
[1] "Fitting tau = E[Y|A=1,W] - E[Y|A=0,W]"
[1] 0.8579993
A hal9001 formula object of the form: ~ h(.)[1] "Iteration number: 15"
[1] "Fitting mu0 = E[Y|A=0,W]"
[1] "~h(W1) + h(W2) + h(W3) + h(W4) + h(W5) + h(W6)"
[1] "Fitting tau = E[Y|A=1,W] - E[Y|A=0,W]"
[1] "~h(W1) + h(W3) + h(W5)"
[1] "Fitting mu = E[Y|W]"
[1] "~h(W1,W3) + h(W1,W5) + h(W1,W7) + h(W1) + h(W2,W5) + h(W2) + h(W3,W2) + h(W3,W5) + h(W3,W7) + h(W3) + h(W4,W2) + h(W4,W5) + h(W4) + h(W5,W6) + h(W5) + h(W6) + h(W7,W5) + h(W7)"
[1] "Fitting pi = E[A|W]"
NULL
[1] "Fitting tau = E[Y|A=1,W] - E[Y|A=0,W]"
[1] 0.8249877
A hal9001 formula object of the form: ~ h(.)[1] "Iteration number: 16"
[1] "Fitting mu0 = E[Y|A=0,W]"
[1] "~h(W1) + h(W2) + h(W3) + h(W4) + h(W5)"
[1] "Fitting tau = E[Y|A=1,W] - E[Y|A=0,W]"
[1] "~h(W1) + h(W3) + h(W5) + h(W6)"
[1] "Fitting mu = E[Y|W]"
[1] "~h(W1,W2) + h(W1,W4) + h(W1,W5) + h(W1) + h(W2,W5) + h(W2) + h(W3,W1) + h(W3,W2) + h(W3) + h(W4,W5) + h(W4) + h(W5,W6) + h(W5,W7) + h(W5) + h(W6) + h(W7)"
[1] "Fitting pi = E[A|W]"
NULL
[1] "Fitting tau = E[Y|A=1,W] - E[Y|A=0,W]"
[1] 0.9739494
A hal9001 formula object of the form: ~ h(.)[1] "Iteration number: 17"
[1] "Fitting mu0 = E[Y|A=0,W]"
[1] "~h(W1) + h(W2) + h(W3) + h(W4) + h(W5)"
[1] "Fitting tau = E[Y|A=1,W] - E[Y|A=0,W]"
