LOADING R
R LOADED
[1] "/home/lvanderl/Rlibs2"                         
[2] "/app/software/R/4.2.2-foss-2021b/lib/R/library"
[1] "/home/lvanderl/sieveSims"
[1] "Current settings:"
[1] 5000
[1] 1
[1] 1
  0%  25%  50%  75% 100% 
   1    1    1    1    1 
  0%  25%  50%  75% 100% 
   1    1    1    1    1 
[1] 0.03034608 0.96291775
[1] "Current settings:"
[1] 5000
[1] 1
[1] 2
  0%  25%  50%  75% 100% 
   1    1    1    1    1 
  0%  25%  50%  75% 100% 
   1    1    1    1    1 
[1] 0.02662937 0.97481838
[1] "Current settings:"
[1] 5000
[1] 1
[1] 3
  0%  25%  50%  75% 100% 
   1    1    1    1    1 
  0%  25%  50%  75% 100% 
   1    1    1    1    1 
[1] 0.03192118 0.97231756
[1] "Current settings:"
[1] 5000
[1] 1
[1] 4
  0%  25%  50%  75% 100% 
   1    1    1    1    1 
  0%  25%  50%  75% 100% 
   1    1    1    1    1 
[1] 0.02432495 0.96695727
[1] "Current settings:"
[1] 5000
[1] 1
[1] 5
  0%  25%  50%  75% 100% 
   1    1    1    1    1 
  0%  25%  50%  75% 100% 
   1    1    1    1    1 
[1] 0.0288112 0.9724359
[1] "Current settings:"
[1] 5000
[1] 1
[1] 6
  0%  25%  50%  75% 100% 
   1    1    1    1    1 
  0%  25%  50%  75% 100% 
   1    1    1    1    1 
[1] 0.02919795 0.96728553
[1] "Current settings:"
[1] 5000
[1] 1
[1] 7
  0%  25%  50%  75% 100% 
   1    1    1    1    1 
  0%  25%  50%  75% 100% 
   1    1    1    1    1 
[1] 0.03681186 0.97014972
[1] "Current settings:"
[1] 5000
[1] 1
[1] 8
  0%  25%  50%  75% 100% 
   1    1    1    1    1 
  0%  25%  50%  75% 100% 
   1    1    1    1    1 
[1] 0.04022397 0.96453501
[1] "Current settings:"
[1] 5000
[1] 1
[1] 9
  0%  25%  50%  75% 100% 
   1    1    1    1    1 
  0%  25%  50%  75% 100% 
   1    1    1    1    1 
[1] 0.03388678 0.96875101
[1] "Current settings:"
[1] 5000
[1] 1
[1] 10
  0%  25%  50%  75% 100% 
   1    1    1    1    1 
  0%  25%  50%  75% 100% 
   1    1    1    1    1 
[1] 0.02905772 0.97298255
[1] "Current settings:"
[1] 5000
[1] 1
[1] 11
  0%  25%  50%  75% 100% 
   1    1    1    1    1 
  0%  25%  50%  75% 100% 
   1    1    1    1    1 
[1] 0.03879891 0.96565439
[1] "Current settings:"
[1] 5000
[1] 1
[1] 12
  0%  25%  50%  75% 100% 
   1    1    1    1    1 
  0%  25%  50%  75% 100% 
   1    1    1    1    1 
[1] 0.03125227 0.96948056
[1] "Current settings:"
[1] 5000
[1] 1
[1] 13
  0%  25%  50%  75% 100% 
   1    1    1    1    1 
  0%  25%  50%  75% 100% 
   1    1    1    1    1 
[1] 0.0346732 0.9750954
[1] "Current settings:"
[1] 5000
[1] 1
[1] 14
  0%  25%  50%  75% 100% 
   1    1    1    1    1 
  0%  25%  50%  75% 100% 
   1    1    1    1    1 
[1] 0.02761599 0.97812548
[1] "Current settings:"
[1] 5000
[1] 1
[1] 15
  0%  25%  50%  75% 100% 
   1    1    1    1    1 
  0%  25%  50%  75% 100% 
   1    1    1    1    1 
[1] 0.0354450 0.9638768
[1] "Current settings:"
[1] 5000
[1] 1
[1] 16
  0%  25%  50%  75% 100% 
   1    1    1    1    1 
  0%  25%  50%  75% 100% 
   1    1    1    1    1 
[1] 0.03705496 0.96890774
[1] "Current settings:"
[1] 5000
[1] 1
[1] 17
  0%  25%  50%  75% 100% 
   1    1    1    1    1 
  0%  25%  50%  75% 100% 
   1    1    1    1    1 
[1] 0.03627951 0.96761984
[1] "Current settings:"
[1] 5000
[1] 1
[1] 18
  0%  25%  50%  75% 100% 
   1    1    1    1    1 
  0%  25%  50%  75% 100% 
   1    1    1    1    1 
[1] 0.03904532 0.96500041
[1] "Current settings:"
[1] 5000
[1] 1
[1] 19
  0%  25%  50%  75% 100% 
   1    1    1    1    1 
  0%  25%  50%  75% 100% 
   1    1    1    1    1 
[1] 0.02657765 0.97723262
[1] "Current settings:"
[1] 5000
[1] 1
[1] 20
  0%  25%  50%  75% 100% 
   1    1    1    1    1 
  0%  25%  50%  75% 100% 
   1    1    1    1    1 
[1] 0.02416811 0.97957788
[1] "Current settings:"
[1] 5000
[1] 1
[1] 21
  0%  25%  50%  75% 100% 
   1    1    1    1    1 
  0%  25%  50%  75% 100% 
   1    1    1    1    1 
[1] 0.03390822 0.97072188
[1] "Current settings:"
[1] 5000
[1] 1
[1] 22
  0%  25%  50%  75% 100% 
   1    1    1    1    1 
  0%  25%  50%  75% 100% 
   1    1    1    1    1 
[1] 0.03771519 0.96942162
[1] "Current settings:"
[1] 5000
[1] 1
[1] 23
  0%  25%  50%  75% 100% 
   1    1    1    1    1 
  0%  25%  50%  75% 100% 
   1    1    1    1    1 
[1] 0.02978349 0.97782173
[1] "Current settings:"
[1] 5000
[1] 1
[1] 24
  0%  25%  50%  75% 100% 
   1    1    1    1    1 
  0%  25%  50%  75% 100% 
   1    1    1    1    1 
[1] 0.02633945 0.97635671
[1] "Current settings:"
[1] 5000
[1] 1
[1] 25
  0%  25%  50%  75% 100% 
   1    1    1    1    1 
  0%  25%  50%  75% 100% 
   1    1    1    1    1 
[1] 0.0389762 0.9665321
[1] "Current settings:"
[1] 5000
[1] 1
[1] 26
  0%  25%  50%  75% 100% 
   1    1    1    1    1 
  0%  25%  50%  75% 100% 
   1    1    1    1    1 
[1] 0.03183261 0.96497450
[1] "Current settings:"
[1] 5000
[1] 1
[1] 27
  0%  25%  50%  75% 100% 
   1    1    1    1    1 
  0%  25%  50%  75% 100% 
   1    1    1    1    1 
[1] 0.03597797 0.95727890
[1] "Current settings:"
[1] 5000
[1] 1
[1] 28
  0%  25%  50%  75% 100% 
   1    1    1    1    1 
  0%  25%  50%  75% 100% 
   1    1    1    1    1 
[1] 0.03583815 0.96351484
[1] "Current settings:"
[1] 5000
[1] 1
[1] 29
  0%  25%  50%  75% 100% 
   1    1    1    1    1 
  0%  25%  50%  75% 100% 
   1    1    1    1    1 
[1] 0.03144846 0.97400673
[1] "Current settings:"
[1] 5000
[1] 1
[1] 30
  0%  25%  50%  75% 100% 
   1    1    1    1    1 
  0%  25%  50%  75% 100% 
   1    1    1    1    1 
[1] 0.01969406 0.97026853
[1] "Current settings:"
[1] 5000
[1] 1
[1] 31
  0%  25%  50%  75% 100% 
   1    1    1    1    1 
  0%  25%  50%  75% 100% 
   1    1    1    1    1 
[1] 0.02781227 0.95870564
[1] "Current settings:"
[1] 5000
[1] 1
[1] 32
  0%  25%  50%  75% 100% 
   1    1    1    1    1 
  0%  25%  50%  75% 100% 
   1    1    1    1    1 
[1] 0.0329240 0.9687713
[1] "Current settings:"
[1] 5000
[1] 1
[1] 33
  0%  25%  50%  75% 100% 
   1    1    1    1    1 
  0%  25%  50%  75% 100% 
   1    1    1    1    1 
[1] 0.02772668 0.94984626
[1] "Current settings:"
[1] 5000
[1] 1
[1] 34
  0%  25%  50%  75% 100% 
   1    1    1    1    1 
  0%  25%  50%  75% 100% 
   1    1    1    1    1 
[1] 0.03522121 0.96662710
[1] "Current settings:"
[1] 5000
[1] 1
[1] 35
  0%  25%  50%  75% 100% 
   1    1    1    1    1 
  0%  25%  50%  75% 100% 
   1    1    1    1    1 
[1] 0.02784946 0.97277779
[1] "Current settings:"
[1] 5000
[1] 1
[1] 36
  0%  25%  50%  75% 100% 
   1    1    1    1    1 
  0%  25%  50%  75% 100% 
   1    1    1    1    1 
[1] 0.02695909 0.96919794
[1] "Current settings:"
[1] 5000
[1] 1
[1] 37
  0%  25%  50%  75% 100% 
   1    1    1    1    1 
  0%  25%  50%  75% 100% 
   1    1    1    1    1 
[1] 0.0327907 0.9680918
[1] "Current settings:"
[1] 5000
[1] 1
[1] 38
  0%  25%  50%  75% 100% 
   1    1    1    1    1 
  0%  25%  50%  75% 100% 
   1    1    1    1    1 
[1] 0.02648011 0.96588686
[1] "Current settings:"
[1] 5000
[1] 1
[1] 39
  0%  25%  50%  75% 100% 
   1    1    1    1    1 
  0%  25%  50%  75% 100% 
   1    1    1    1    1 
[1] 0.0349205 0.9674116
[1] "Current settings:"
[1] 5000
[1] 1
[1] 40
  0%  25%  50%  75% 100% 
   1    1    1    1    1 
  0%  25%  50%  75% 100% 
   1    1    1    1    1 
[1] 0.02612119 0.97048472
[1] "Current settings:"
[1] 5000
[1] 1
[1] 41
  0%  25%  50%  75% 100% 
   1    1    1    1    1 
  0%  25%  50%  75% 100% 
   1    1    1    1    1 
[1] 0.03553053 0.96635085
[1] "Current settings:"
[1] 5000
[1] 1
[1] 42
  0%  25%  50%  75% 100% 
   1    1    1    1    1 
  0%  25%  50%  75% 100% 
   1    1    1    1    1 
[1] 0.03124995 0.96663015
[1] "Current settings:"
[1] 5000
[1] 1
[1] 43
  0%  25%  50%  75% 100% 
   1    1    1    1    1 
  0%  25%  50%  75% 100% 
   1    1    1    1    1 
[1] 0.03022963 0.97226736
[1] "Current settings:"
[1] 5000
[1] 1
[1] 44
  0%  25%  50%  75% 100% 
   1    1    1    1    1 
  0%  25%  50%  75% 100% 
   1    1    1    1    1 
[1] 0.04359764 0.95976352
[1] "Current settings:"
[1] 5000
[1] 1
[1] 45
  0%  25%  50%  75% 100% 
   1    1    1    1    1 
  0%  25%  50%  75% 100% 
   1    1    1    1    1 
[1] 0.02779314 0.97168486
[1] "Current settings:"
[1] 5000
[1] 1
[1] 46
  0%  25%  50%  75% 100% 
   1    1    1    1    1 
  0%  25%  50%  75% 100% 
   1    1    1    1    1 
[1] 0.03654691 0.97061038
[1] "Current settings:"
[1] 5000
[1] 1
[1] 47
  0%  25%  50%  75% 100% 
   1    1    1    1    1 
  0%  25%  50%  75% 100% 
   1    1    1    1    1 
[1] 0.02278162 0.97375680
[1] "Current settings:"
[1] 5000
[1] 1
[1] 48
  0%  25%  50%  75% 100% 
   1    1    1    1    1 
  0%  25%  50%  75% 100% 
   1    1    1    1    1 
[1] 0.03247154 0.96952490
[1] "Current settings:"
[1] 5000
[1] 1
[1] 49
  0%  25%  50%  75% 100% 
   1    1    1    1    1 
  0%  25%  50%  75% 100% 
   1    1    1    1    1 
[1] 0.03344977 0.97352233
[1] "Current settings:"
[1] 5000
[1] 1
[1] 50
  0%  25%  50%  75% 100% 
   1    1    1    1    1 
  0%  25%  50%  75% 100% 
   1    1    1    1    1 
[1] 0.02864038 0.97057427
[1] "Current settings:"
[1] 5000
[1] 1
[1] 51
  0%  25%  50%  75% 100% 
   1    1    1    1    1 
  0%  25%  50%  75% 100% 
   1    1    1    1    1 
[1] 0.0392552 0.9660943
[1] "Current settings:"
[1] 5000
[1] 1
[1] 52
  0%  25%  50%  75% 100% 
   1    1    1    1    1 
  0%  25%  50%  75% 100% 
   1    1    1    1    1 
[1] 0.03519491 0.95946229
[1] "Current settings:"
[1] 5000
[1] 1
[1] 53
  0%  25%  50%  75% 100% 
   1    1    1    1    1 
  0%  25%  50%  75% 100% 
   1    1    1    1    1 
[1] 0.03519992 0.96612077
[1] "Current settings:"
[1] 5000
[1] 1
[1] 54
  0%  25%  50%  75% 100% 
   1    1    1    1    1 
  0%  25%  50%  75% 100% 
   1    1    1    1    1 
[1] 0.02249633 0.97177808
[1] "Current settings:"
[1] 5000
[1] 1
[1] 55
  0%  25%  50%  75% 100% 
   1    1    1    1    1 
  0%  25%  50%  75% 100% 
   1    1    1    1    1 
[1] 0.02665754 0.97029026
[1] "Current settings:"
[1] 5000
[1] 1
[1] 56
  0%  25%  50%  75% 100% 
   1    1    1    1    1 
  0%  25%  50%  75% 100% 
   1    1    1    1    1 
[1] 0.02530359 0.96549296
[1] "Current settings:"
[1] 5000
[1] 1
[1] 57
  0%  25%  50%  75% 100% 
   1    1    1    1    1 
  0%  25%  50%  75% 100% 
   1    1    1    1    1 
[1] 0.02869449 0.96301384
[1] "Current settings:"
[1] 5000
[1] 1
[1] 58
  0%  25%  50%  75% 100% 
   1    1    1    1    1 
  0%  25%  50%  75% 100% 
   1    1    1    1    1 
[1] 0.04256303 0.97015433
[1] "Current settings:"
[1] 5000
[1] 1
[1] 59
  0%  25%  50%  75% 100% 
   1    1    1    1    1 
  0%  25%  50%  75% 100% 
   1    1    1    1    1 
