LOADING R
R LOADED
[1] "/home/lvanderl/Rlibs2"                         
[2] "/app/software/R/4.3.1-gfbf-2022b/lib/R/library"
[1] "/home/lvanderl/sieveSims"
[1] "iter: 1"
[1] "mu"
[1] "done_mu"
[1] "pi"
predictions 
  0.2205314 
[1] "mu"
[1] "done_mu"
[1] "pi"
predictions 
   0.220815 
[1] "mu"
[1] "done_mu"
[1] "pi"
Lrnr_xgboost_100_1_21.5443469003188_1_0.15 
                                 0.2222429 
 Lrnr_xgboost_30_1_21.5443469003188_2_0.15 
                                 0.2227870 
 Lrnr_xgboost_30_1_21.5443469003188_3_0.15 
                                 0.2214633 
 Lrnr_xgboost_30_1_21.5443469003188_4_0.15 
                                 0.2222875 
 Lrnr_xgboost_30_1_21.5443469003188_5_0.15 
                                 0.2229871 
[1] "mu"
[1] "done_mu"
[1] "pi"
NULL
[1] "earth"
[1] "gam_1"
[1] "xgboost"
[1] "iter: 2"
[1] "mu"
[1] "done_mu"
[1] "pi"
predictions 
  0.2231705 
[1] "mu"
[1] "done_mu"
[1] "pi"
predictions 
  0.2228062 
[1] "mu"
[1] "done_mu"
[1] "pi"
Lrnr_xgboost_100_1_21.5443469003188_1_0.15 
                                 0.2240287 
 Lrnr_xgboost_30_1_21.5443469003188_2_0.15 
                                 0.2244071 
 Lrnr_xgboost_30_1_21.5443469003188_3_0.15 
                                 0.2236844 
 Lrnr_xgboost_30_1_21.5443469003188_4_0.15 
                                 0.2241935 
 Lrnr_xgboost_30_1_21.5443469003188_5_0.15 
                                 0.2247989 
[1] "mu"
[1] "done_mu"
[1] "pi"
NULL
[1] "earth"
[1] "gam_1"
[1] "xgboost"
[1] "iter: 3"
[1] "mu"
[1] "done_mu"
[1] "pi"
predictions 
  0.2225698 
[1] "mu"
[1] "done_mu"
[1] "pi"
predictions 
  0.2210698 
[1] "mu"
[1] "done_mu"
[1] "pi"
Lrnr_xgboost_100_1_21.5443469003188_1_0.15 
                                 0.2229238 
 Lrnr_xgboost_30_1_21.5443469003188_2_0.15 
                                 0.2237185 
 Lrnr_xgboost_30_1_21.5443469003188_3_0.15 
                                 0.2228689 
 Lrnr_xgboost_30_1_21.5443469003188_4_0.15 
                                 0.2240129 
 Lrnr_xgboost_30_1_21.5443469003188_5_0.15 
                                 0.2245288 
[1] "mu"
[1] "done_mu"
[1] "pi"
NULL
[1] "earth"
[1] "gam_1"
[1] "xgboost"
[1] "iter: 4"
[1] "mu"
[1] "done_mu"
[1] "pi"
predictions 
  0.2216077 
[1] "mu"
[1] "done_mu"
[1] "pi"
predictions 
  0.2209881 
[1] "mu"
[1] "done_mu"
[1] "pi"
Lrnr_xgboost_100_1_21.5443469003188_1_0.15 
                                 0.2225749 
 Lrnr_xgboost_30_1_21.5443469003188_2_0.15 
                                 0.2232417 
 Lrnr_xgboost_30_1_21.5443469003188_3_0.15 
                                 0.2224652 
 Lrnr_xgboost_30_1_21.5443469003188_4_0.15 
                                 0.2232393 
 Lrnr_xgboost_30_1_21.5443469003188_5_0.15 
                                 0.2238525 
[1] "mu"
[1] "done_mu"
[1] "pi"
NULL
[1] "earth"
[1] "gam_1"
[1] "xgboost"
[1] "iter: 5"
[1] "mu"
[1] "done_mu"
[1] "pi"
predictions 
  0.2195159 
[1] "mu"
[1] "done_mu"
[1] "pi"
predictions 
  0.2192065 
[1] "mu"
[1] "done_mu"
[1] "pi"
Lrnr_xgboost_100_1_21.5443469003188_1_0.15 
                                 0.2217572 
 Lrnr_xgboost_30_1_21.5443469003188_2_0.15 
                                 0.2224313 
 Lrnr_xgboost_30_1_21.5443469003188_3_0.15 
                                 0.2217744 
 Lrnr_xgboost_30_1_21.5443469003188_4_0.15 
                                 0.2225125 
 Lrnr_xgboost_30_1_21.5443469003188_5_0.15 
                                 0.2238437 
[1] "mu"
[1] "done_mu"
[1] "pi"
NULL
[1] "earth"
[1] "gam_1"
[1] "xgboost"
[1] "iter: 6"
[1] "mu"
[1] "done_mu"
[1] "pi"
predictions 
  0.2182382 
[1] "mu"
[1] "done_mu"
[1] "pi"
predictions 
  0.2179423 
[1] "mu"
[1] "done_mu"
[1] "pi"
Lrnr_xgboost_100_1_21.5443469003188_1_0.15 
                                 0.2196152 
 Lrnr_xgboost_30_1_21.5443469003188_2_0.15 
                                 0.2204045 
 Lrnr_xgboost_30_1_21.5443469003188_3_0.15 
                                 0.2192272 
 Lrnr_xgboost_30_1_21.5443469003188_4_0.15 
                                 0.2195421 
 Lrnr_xgboost_30_1_21.5443469003188_5_0.15 
                                 0.2199400 
[1] "mu"
[1] "done_mu"
[1] "pi"
NULL
[1] "earth"
[1] "gam_1"
[1] "xgboost"
[1] "iter: 7"
[1] "mu"
[1] "done_mu"
[1] "pi"
predictions 
  0.2195406 
[1] "mu"
[1] "done_mu"
[1] "pi"
predictions 
  0.2198843 
[1] "mu"
[1] "done_mu"
[1] "pi"
Lrnr_xgboost_100_1_21.5443469003188_1_0.15 
                                 0.2212554 
 Lrnr_xgboost_30_1_21.5443469003188_2_0.15 
                                 0.2220585 
 Lrnr_xgboost_30_1_21.5443469003188_3_0.15 
                                 0.2208116 
 Lrnr_xgboost_30_1_21.5443469003188_4_0.15 
                                 0.2216245 
 Lrnr_xgboost_30_1_21.5443469003188_5_0.15 
                                 0.2223654 
[1] "mu"
[1] "done_mu"
[1] "pi"
NULL
[1] "earth"
[1] "gam_1"
[1] "xgboost"
[1] "iter: 8"
[1] "mu"
[1] "done_mu"
[1] "pi"
predictions 
   0.218407 
[1] "mu"
[1] "done_mu"
[1] "pi"
predictions 
  0.2185407 
[1] "mu"
[1] "done_mu"
[1] "pi"
Lrnr_xgboost_100_1_21.5443469003188_1_0.15 
                                 0.2204106 
 Lrnr_xgboost_30_1_21.5443469003188_2_0.15 
                                 0.2211931 
 Lrnr_xgboost_30_1_21.5443469003188_3_0.15 
                                 0.2201271 
 Lrnr_xgboost_30_1_21.5443469003188_4_0.15 
                                 0.2211570 
 Lrnr_xgboost_30_1_21.5443469003188_5_0.15 
                                 0.2221148 
[1] "mu"
[1] "done_mu"
[1] "pi"
NULL
[1] "earth"
[1] "gam_1"
[1] "xgboost"
[1] "iter: 9"
[1] "mu"
[1] "done_mu"
[1] "pi"
predictions 
  0.2224603 
[1] "mu"
[1] "done_mu"
[1] "pi"
predictions 
  0.2221886 
[1] "mu"
[1] "done_mu"
[1] "pi"
Lrnr_xgboost_100_1_21.5443469003188_1_0.15 
                                 0.2235793 
 Lrnr_xgboost_30_1_21.5443469003188_2_0.15 
                                 0.2246469 
 Lrnr_xgboost_30_1_21.5443469003188_3_0.15 
                                 0.2237055 
 Lrnr_xgboost_30_1_21.5443469003188_4_0.15 
                                 0.2244750 
 Lrnr_xgboost_30_1_21.5443469003188_5_0.15 
                                 0.2254200 
[1] "mu"
[1] "done_mu"
[1] "pi"
NULL
[1] "earth"
[1] "gam_1"
[1] "xgboost"
[1] "iter: 10"
[1] "mu"
[1] "done_mu"
[1] "pi"
predictions 
  0.2202431 
[1] "mu"
[1] "done_mu"
[1] "pi"
predictions 
  0.2196217 
[1] "mu"
[1] "done_mu"
[1] "pi"
Lrnr_xgboost_100_1_21.5443469003188_1_0.15 
                                 0.2219187 
 Lrnr_xgboost_30_1_21.5443469003188_2_0.15 
                                 0.2226073 
 Lrnr_xgboost_30_1_21.5443469003188_3_0.15 
                                 0.2214567 
 Lrnr_xgboost_30_1_21.5443469003188_4_0.15 
                                 0.2217312 
 Lrnr_xgboost_30_1_21.5443469003188_5_0.15 
                                 0.2226479 
[1] "mu"
[1] "done_mu"
[1] "pi"
NULL
[1] "earth"
[1] "gam_1"
[1] "xgboost"
[1] "iter: 11"
[1] "mu"
[1] "done_mu"
[1] "pi"
predictions 
   0.218862 
[1] "mu"
[1] "done_mu"
[1] "pi"
predictions 
  0.2186113 
[1] "mu"
[1] "done_mu"
[1] "pi"
Lrnr_xgboost_100_1_21.5443469003188_1_0.15 
                                 0.2200604 
 Lrnr_xgboost_30_1_21.5443469003188_2_0.15 
                                 0.2208944 
 Lrnr_xgboost_30_1_21.5443469003188_3_0.15 
                                 0.2201199 
 Lrnr_xgboost_30_1_21.5443469003188_4_0.15 
                                 0.2211161 
 Lrnr_xgboost_30_1_21.5443469003188_5_0.15 
                                 0.2221231 
[1] "mu"
[1] "done_mu"
[1] "pi"
NULL
[1] "earth"
[1] "gam_1"
[1] "xgboost"
[1] "iter: 12"
[1] "mu"
[1] "done_mu"
[1] "pi"
predictions 
  0.2199448 
[1] "mu"
[1] "done_mu"
[1] "pi"
predictions 
  0.2196094 
[1] "mu"
[1] "done_mu"
[1] "pi"
Lrnr_xgboost_100_1_21.5443469003188_1_0.15 
                                 0.2212169 
 Lrnr_xgboost_30_1_21.5443469003188_2_0.15 
                                 0.2217494 
 Lrnr_xgboost_30_1_21.5443469003188_3_0.15 
                                 0.2211680 
 Lrnr_xgboost_30_1_21.5443469003188_4_0.15 
                                 0.2222524 
 Lrnr_xgboost_30_1_21.5443469003188_5_0.15 
                                 0.2230744 
[1] "mu"
[1] "done_mu"
[1] "pi"
NULL
[1] "earth"
[1] "gam_1"
[1] "xgboost"
[1] "iter: 13"
[1] "mu"
[1] "done_mu"
[1] "pi"
predictions 
  0.2223771 
[1] "mu"
[1] "done_mu"
[1] "pi"
predictions 
   0.221991 
[1] "mu"
[1] "done_mu"
[1] "pi"
Lrnr_xgboost_100_1_21.5443469003188_1_0.15 
                                 0.2233871 
 Lrnr_xgboost_30_1_21.5443469003188_2_0.15 
                                 0.2244188 
 Lrnr_xgboost_30_1_21.5443469003188_3_0.15 
                                 0.2231281 
 Lrnr_xgboost_30_1_21.5443469003188_4_0.15 
                                 0.2236757 
 Lrnr_xgboost_30_1_21.5443469003188_5_0.15 
                                 0.2248210 
[1] "mu"
[1] "done_mu"
[1] "pi"
NULL
[1] "earth"
[1] "gam_1"
[1] "xgboost"
[1] "iter: 14"
[1] "mu"
[1] "done_mu"
[1] "pi"
predictions 
  0.2233669 
[1] "mu"
[1] "done_mu"
[1] "pi"
predictions 
  0.2227246 
[1] "mu"
[1] "done_mu"
[1] "pi"
Lrnr_xgboost_100_1_21.5443469003188_1_0.15 
                                 0.2234910 
 Lrnr_xgboost_30_1_21.5443469003188_2_0.15 
                                 0.2244520 
 Lrnr_xgboost_30_1_21.5443469003188_3_0.15 
                                 0.2236942 
 Lrnr_xgboost_30_1_21.5443469003188_4_0.15 
                                 0.2241942 
 Lrnr_xgboost_30_1_21.5443469003188_5_0.15 
                                 0.2248831 
[1] "mu"
[1] "done_mu"
[1] "pi"
NULL
[1] "earth"
[1] "gam_1"
[1] "xgboost"
[1] "iter: 15"
[1] "mu"
[1] "done_mu"
[1] "pi"
predictions 
  0.2229317 
[1] "mu"
[1] "done_mu"
[1] "pi"
predictions 
  0.2228039 
[1] "mu"
[1] "done_mu"
[1] "pi"
Lrnr_xgboost_100_1_21.5443469003188_1_0.15 
                                 0.2242062 
 Lrnr_xgboost_30_1_21.5443469003188_2_0.15 
                                 0.2247236 
 Lrnr_xgboost_30_1_21.5443469003188_3_0.15 
                                 0.2234206 
 Lrnr_xgboost_30_1_21.5443469003188_4_0.15 
                                 0.2240380 
 Lrnr_xgboost_30_1_21.5443469003188_5_0.15 
                                 0.2250775 
[1] "mu"
[1] "done_mu"
[1] "pi"
NULL
[1] "earth"
[1] "gam_1"
[1] "xgboost"
[1] "iter: 16"
[1] "mu"
[1] "done_mu"
[1] "pi"
predictions 
  0.2190695 
[1] "mu"
[1] "done_mu"
[1] "pi"
predictions 
  0.2189312 
[1] "mu"
[1] "done_mu"
[1] "pi"
Lrnr_xgboost_100_1_21.5443469003188_1_0.15 
                                 0.2208721 
 Lrnr_xgboost_30_1_21.5443469003188_2_0.15 
                                 0.2219381 
 Lrnr_xgboost_30_1_21.5443469003188_3_0.15 
                                 0.2207956 
 Lrnr_xgboost_30_1_21.5443469003188_4_0.15 
                                 0.2218576 
 Lrnr_xgboost_30_1_21.5443469003188_5_0.15 
                                 0.2229298 
[1] "mu"
[1] "done_mu"
[1] "pi"
NULL
[1] "earth"
[1] "gam_1"
[1] "xgboost"
[1] "iter: 17"
[1] "mu"
[1] "done_mu"
[1] "pi"
predictions 
  0.2196778 
[1] "mu"
[1] "done_mu"
[1] "pi"
predictions 
  0.2189743 
[1] "mu"
[1] "done_mu"
[1] "pi"
Lrnr_xgboost_100_1_21.5443469003188_1_0.15 
                                 0.2206088 
 Lrnr_xgboost_30_1_21.5443469003188_2_0.15 
                                 0.2210981 
 Lrnr_xgboost_30_1_21.5443469003188_3_0.15 
                                 0.2199508 
 Lrnr_xgboost_30_1_21.5443469003188_4_0.15 
                                 0.2204439 
 Lrnr_xgboost_30_1_21.5443469003188_5_0.15 
                                 0.2214071 
[1] "mu"
[1] "done_mu"
[1] "pi"
NULL
[1] "earth"
[1] "gam_1"
[1] "xgboost"
[1] "iter: 18"
[1] "mu"
[1] "done_mu"
[1] "pi"
predictions 
  0.2201726 
[1] "mu"
[1] "done_mu"
[1] "pi"
predictions 
  0.2199664 
[1] "mu"
[1] "done_mu"
[1] "pi"
Lrnr_xgboost_100_1_21.5443469003188_1_0.15 
                                 0.2224171 
 Lrnr_xgboost_30_1_21.5443469003188_2_0.15 
                                 0.2229754 
 Lrnr_xgboost_30_1_21.5443469003188_3_0.15 
                                 0.2217015 
 Lrnr_xgboost_30_1_21.5443469003188_4_0.15 
                                 0.2219155 
 Lrnr_xgboost_30_1_21.5443469003188_5_0.15 
                                 0.2229769 
[1] "mu"
[1] "done_mu"
[1] "pi"
NULL
[1] "earth"
[1] "gam_1"
[1] "xgboost"
[1] "iter: 19"
[1] "mu"
[1] "done_mu"
[1] "pi"
predictions 
  0.2204665 
[1] "mu"
[1] "done_mu"
[1] "pi"
predictions 
  0.2207351 
[1] "mu"
[1] "done_mu"
[1] "pi"
Lrnr_xgboost_100_1_21.5443469003188_1_0.15 
                                 0.2229813 
 Lrnr_xgboost_30_1_21.5443469003188_2_0.15 
                                 0.2234333 
 Lrnr_xgboost_30_1_21.5443469003188_3_0.15 
                                 0.2225016 
 Lrnr_xgboost_30_1_21.5443469003188_4_0.15 
                                 0.2233062 
 Lrnr_xgboost_30_1_21.5443469003188_5_0.15 
                                 0.2248077 
[1] "mu"
[1] "done_mu"
[1] "pi"
NULL
[1] "earth"
[1] "gam_1"
[1] "xgboost"
[1] "iter: 20"
[1] "mu"
[1] "done_mu"
[1] "pi"
predictions 
  0.2223083 
[1] "mu"
[1] "done_mu"
[1] "pi"
predictions 
  0.2213935 
[1] "mu"
[1] "done_mu"
[1] "pi"
Lrnr_xgboost_100_1_21.5443469003188_1_0.15 
                                 0.2227822 
 Lrnr_xgboost_30_1_21.5443469003188_2_0.15 
                                 0.2234236 
 Lrnr_xgboost_30_1_21.5443469003188_3_0.15 
                                 0.2230109 
 Lrnr_xgboost_30_1_21.5443469003188_4_0.15 
                                 0.2235976 
 Lrnr_xgboost_30_1_21.5443469003188_5_0.15 
                                 0.2248331 
[1] "mu"
[1] "done_mu"
[1] "pi"
NULL
[1] "earth"
[1] "gam_1"
[1] "xgboost"
[1] "iter: 21"
[1] "mu"
[1] "done_mu"
[1] "pi"
predictions 
  0.2201935 
[1] "mu"
[1] "done_mu"
[1] "pi"
predictions 
  0.2200231 
[1] "mu"
[1] "done_mu"
[1] "pi"
Lrnr_xgboost_100_1_21.5443469003188_1_0.15 
                                 0.2218438 
 Lrnr_xgboost_30_1_21.5443469003188_2_0.15 
                                 0.2226674 
 Lrnr_xgboost_30_1_21.5443469003188_3_0.15 
                                 0.2214569 
 Lrnr_xgboost_30_1_21.5443469003188_4_0.15 
                                 0.2222781 
 Lrnr_xgboost_30_1_21.5443469003188_5_0.15 
                                 0.2233371 
[1] "mu"
[1] "done_mu"
[1] "pi"
NULL
[1] "earth"
[1] "gam_1"
[1] "xgboost"
[1] "iter: 22"
[1] "mu"
[1] "done_mu"
[1] "pi"
predictions 
  0.2202982 
[1] "mu"
[1] "done_mu"
[1] "pi"
predictions 
   0.220096 
[1] "mu"
[1] "done_mu"
[1] "pi"
Lrnr_xgboost_100_1_21.5443469003188_1_0.15 
                                 0.2220269 
 Lrnr_xgboost_30_1_21.5443469003188_2_0.15 
                                 0.2224476 
 Lrnr_xgboost_30_1_21.5443469003188_3_0.15 
                                 0.2214967 
 Lrnr_xgboost_30_1_21.5443469003188_4_0.15 
                                 0.2226264 
 Lrnr_xgboost_30_1_21.5443469003188_5_0.15 
                                 0.2232005 
[1] "mu"
[1] "done_mu"
[1] "pi"
NULL
[1] "earth"
[1] "gam_1"
[1] "xgboost"
[1] "iter: 23"
[1] "mu"
[1] "done_mu"
[1] "pi"
predictions 
  0.2197559 
[1] "mu"
[1] "done_mu"
[1] "pi"
predictions 
  0.2194912 
[1] "mu"
[1] "done_mu"
[1] "pi"
Lrnr_xgboost_100_1_21.5443469003188_1_0.15 
                                 0.2208774 
 Lrnr_xgboost_30_1_21.5443469003188_2_0.15 
                                 0.2216553 
 Lrnr_xgboost_30_1_21.5443469003188_3_0.15 
                                 0.2207337 
 Lrnr_xgboost_30_1_21.5443469003188_4_0.15 
                                 0.2218338 
 Lrnr_xgboost_30_1_21.5443469003188_5_0.15 
                                 0.2224756 
[1] "mu"
[1] "done_mu"
[1] "pi"
NULL
[1] "earth"
[1] "gam_1"
[1] "xgboost"
[1] "iter: 24"
[1] "mu"
[1] "done_mu"
[1] "pi"
predictions 
  0.2222557 
[1] "mu"
[1] "done_mu"
[1] "pi"
predictions 
   0.221608 
[1] "mu"
[1] "done_mu"
[1] "pi"
Lrnr_xgboost_100_1_21.5443469003188_1_0.15 
                                 0.2232473 
 Lrnr_xgboost_30_1_21.5443469003188_2_0.15 
                                 0.2244399 
 Lrnr_xgboost_30_1_21.5443469003188_3_0.15 
                                 0.2232856 
 Lrnr_xgboost_30_1_21.5443469003188_4_0.15 
                                 0.2240208 
 Lrnr_xgboost_30_1_21.5443469003188_5_0.15 
                                 0.2252796 
[1] "mu"
[1] "done_mu"
[1] "pi"
NULL
[1] "earth"
[1] "gam_1"
[1] "xgboost"
[1] "iter: 25"
[1] "mu"
[1] "done_mu"
[1] "pi"
predictions 
  0.2183291 
[1] "mu"
[1] "done_mu"
[1] "pi"
predictions 
  0.2181823 
[1] "mu"
[1] "done_mu"
[1] "pi"
Lrnr_xgboost_100_1_21.5443469003188_1_0.15 
                                 0.2198811 
 Lrnr_xgboost_30_1_21.5443469003188_2_0.15 
                                 0.2201940 
 Lrnr_xgboost_30_1_21.5443469003188_3_0.15 
                                 0.2191500 
 Lrnr_xgboost_30_1_21.5443469003188_4_0.15 
                                 0.2197935 
 Lrnr_xgboost_30_1_21.5443469003188_5_0.15 
                                 0.2205966 
[1] "mu"
[1] "done_mu"
[1] "pi"
NULL
[1] "earth"
[1] "gam_1"
[1] "xgboost"
[1] "iter: 26"
[1] "mu"
[1] "done_mu"
[1] "pi"
predictions 
  0.2214009 
[1] "mu"
[1] "done_mu"
[1] "pi"
predictions 
  0.2213418 
[1] "mu"
[1] "done_mu"
[1] "pi"
Lrnr_xgboost_100_1_21.5443469003188_1_0.15 
                                 0.2233569 
 Lrnr_xgboost_30_1_21.5443469003188_2_0.15 
                                 0.2242724 
 Lrnr_xgboost_30_1_21.5443469003188_3_0.15 
                                 0.2231363 
 Lrnr_xgboost_30_1_21.5443469003188_4_0.15 
                                 0.2234936 
 Lrnr_xgboost_30_1_21.5443469003188_5_0.15 
                                 0.2245272 
[1] "mu"
[1] "done_mu"
[1] "pi"
NULL
[1] "earth"
[1] "gam_1"
[1] "xgboost"
[1] "iter: 27"
[1] "mu"
[1] "done_mu"
[1] "pi"
predictions 
  0.2192087 
[1] "mu"
[1] "done_mu"
[1] "pi"
predictions 
  0.2192299 
[1] "mu"
[1] "done_mu"
[1] "pi"
Lrnr_xgboost_100_1_21.5443469003188_1_0.15 
                                 0.2204955 
 Lrnr_xgboost_30_1_21.5443469003188_2_0.15 
                                 0.2215472 
 Lrnr_xgboost_30_1_21.5443469003188_3_0.15 
                                 0.2203615 
 Lrnr_xgboost_30_1_21.5443469003188_4_0.15 
                                 0.2208344 
 Lrnr_xgboost_30_1_21.5443469003188_5_0.15 
                                 0.2218646 
[1] "mu"
[1] "done_mu"
[1] "pi"
NULL
[1] "earth"
[1] "gam_1"
[1] "xgboost"
[1] "iter: 28"
[1] "mu"
[1] "done_mu"
[1] "pi"
predictions 
   0.220782 
[1] "mu"
[1] "done_mu"
[1] "pi"
predictions 
  0.2204335 
[1] "mu"
[1] "done_mu"
[1] "pi"
Lrnr_xgboost_100_1_21.5443469003188_1_0.15 
                                 0.2219219 
 Lrnr_xgboost_30_1_21.5443469003188_2_0.15 
                                 0.2231735 
 Lrnr_xgboost_30_1_21.5443469003188_3_0.15 
                                 0.2223909 
 Lrnr_xgboost_30_1_21.5443469003188_4_0.15 
                                 0.2229314 
 Lrnr_xgboost_30_1_21.5443469003188_5_0.15 
                                 0.2244059 
[1] "mu"
[1] "done_mu"
[1] "pi"
NULL
[1] "earth"
[1] "gam_1"
[1] "xgboost"
[1] "iter: 29"
[1] "mu"
[1] "done_mu"
[1] "pi"
predictions 
   0.224402 
[1] "mu"
[1] "done_mu"
[1] "pi"
predictions 
  0.2242545 
[1] "mu"
[1] "done_mu"
[1] "pi"
Lrnr_xgboost_100_1_21.5443469003188_1_0.15 
                                 0.2254529 
 Lrnr_xgboost_30_1_21.5443469003188_2_0.15 
                                 0.2264145 
 Lrnr_xgboost_30_1_21.5443469003188_3_0.15 
                                 0.2255099 
 Lrnr_xgboost_30_1_21.5443469003188_4_0.15 
                                 0.2261565 
 Lrnr_xgboost_30_1_21.5443469003188_5_0.15 
                                 0.2275272 
[1] "mu"
[1] "done_mu"
[1] "pi"
NULL
[1] "earth"
[1] "gam_1"
[1] "xgboost"
[1] "iter: 30"
[1] "mu"
[1] "done_mu"
[1] "pi"
predictions 
  0.2226532 
[1] "mu"
[1] "done_mu"
[1] "pi"
predictions 
  0.2225573 
[1] "mu"
[1] "done_mu"
[1] "pi"
Lrnr_xgboost_100_1_21.5443469003188_1_0.15 
                                 0.2244475 
 Lrnr_xgboost_30_1_21.5443469003188_2_0.15 
                                 0.2247971 
 Lrnr_xgboost_30_1_21.5443469003188_3_0.15 
                                 0.2237701 
 Lrnr_xgboost_30_1_21.5443469003188_4_0.15 
                                 0.2244566 
 Lrnr_xgboost_30_1_21.5443469003188_5_0.15 
                                 0.2247963 
[1] "mu"
[1] "done_mu"
[1] "pi"
NULL
[1] "earth"
[1] "gam_1"
[1] "xgboost"
[1] "iter: 31"
[1] "mu"
[1] "done_mu"
[1] "pi"
predictions 
  0.2194343 
[1] "mu"
[1] "done_mu"
[1] "pi"
predictions 
  0.2197677 
[1] "mu"
[1] "done_mu"
[1] "pi"
Lrnr_xgboost_100_1_21.5443469003188_1_0.15 
                                 0.2209435 
 Lrnr_xgboost_30_1_21.5443469003188_2_0.15 
                                 0.2217301 
 Lrnr_xgboost_30_1_21.5443469003188_3_0.15 
                                 0.2207989 
 Lrnr_xgboost_30_1_21.5443469003188_4_0.15 
                                 0.2216858 
 Lrnr_xgboost_30_1_21.5443469003188_5_0.15 
                                 0.2229697 
[1] "mu"
[1] "done_mu"
[1] "pi"
NULL
[1] "earth"
[1] "gam_1"
[1] "xgboost"
[1] "iter: 32"
[1] "mu"
[1] "done_mu"
[1] "pi"
predictions 
  0.2213181 
[1] "mu"
[1] "done_mu"
[1] "pi"
predictions 
  0.2207506 
[1] "mu"
[1] "done_mu"
[1] "pi"
Lrnr_xgboost_100_1_21.5443469003188_1_0.15 
                                 0.2228847 
 Lrnr_xgboost_30_1_21.5443469003188_2_0.15 
                                 0.2236639 
 Lrnr_xgboost_30_1_21.5443469003188_3_0.15 
                                 0.2226360 
 Lrnr_xgboost_30_1_21.5443469003188_4_0.15 
                                 0.2230924 
 Lrnr_xgboost_30_1_21.5443469003188_5_0.15 
                                 0.2242950 
[1] "mu"
[1] "done_mu"
[1] "pi"
NULL
[1] "earth"
[1] "gam_1"
[1] "xgboost"
[1] "iter: 33"
[1] "mu"
[1] "done_mu"
[1] "pi"
predictions 
  0.2218861 
[1] "mu"
[1] "done_mu"
[1] "pi"
predictions 
  0.2217968 
[1] "mu"
[1] "done_mu"
[1] "pi"
Lrnr_xgboost_100_1_21.5443469003188_1_0.15 
                                 0.2234966 
 Lrnr_xgboost_30_1_21.5443469003188_2_0.15 
                                 0.2241410 
 Lrnr_xgboost_30_1_21.5443469003188_3_0.15 
                                 0.2228314 
 Lrnr_xgboost_30_1_21.5443469003188_4_0.15 
                                 0.2235668 
 Lrnr_xgboost_30_1_21.5443469003188_5_0.15 
                                 0.2244943 
[1] "mu"
[1] "done_mu"
[1] "pi"
NULL
[1] "earth"
[1] "gam_1"
[1] "xgboost"
[1] "iter: 34"
[1] "mu"
[1] "done_mu"
[1] "pi"
predictions 
   0.221879 
[1] "mu"
[1] "done_mu"
[1] "pi"
predictions 
  0.2219015 
[1] "mu"
[1] "done_mu"
[1] "pi"
Lrnr_xgboost_100_1_21.5443469003188_1_0.15 
                                 0.2230889 
 Lrnr_xgboost_30_1_21.5443469003188_2_0.15 
                                 0.2237486 
 Lrnr_xgboost_30_1_21.5443469003188_3_0.15 
                                 0.2233363 
 Lrnr_xgboost_30_1_21.5443469003188_4_0.15 
                                 0.2238280 
 Lrnr_xgboost_30_1_21.5443469003188_5_0.15 
                                 0.2247592 
[1] "mu"
[1] "done_mu"
[1] "pi"
NULL
[1] "earth"
[1] "gam_1"
[1] "xgboost"
[1] "iter: 35"
[1] "mu"
[1] "done_mu"
[1] "pi"
predictions 
  0.2220984 
[1] "mu"
[1] "done_mu"
[1] "pi"
predictions 
  0.2218693 
[1] "mu"
[1] "done_mu"
[1] "pi"
Lrnr_xgboost_100_1_21.5443469003188_1_0.15 
                                 0.2234110 
 Lrnr_xgboost_30_1_21.5443469003188_2_0.15 
                                 0.2240602 
 Lrnr_xgboost_30_1_21.5443469003188_3_0.15 
                                 0.2233033 
 Lrnr_xgboost_30_1_21.5443469003188_4_0.15 
                                 0.2239457 
 Lrnr_xgboost_30_1_21.5443469003188_5_0.15 
                                 0.2255518 
[1] "mu"
[1] "done_mu"
[1] "pi"
NULL
[1] "earth"
[1] "gam_1"
[1] "xgboost"
[1] "iter: 36"
[1] "mu"
[1] "done_mu"
[1] "pi"
predictions 
  0.2206928 
[1] "mu"
[1] "done_mu"
[1] "pi"
predictions 
  0.2204567 
[1] "mu"
[1] "done_mu"
[1] "pi"
Lrnr_xgboost_100_1_21.5443469003188_1_0.15 
                                 0.2214232 
 Lrnr_xgboost_30_1_21.5443469003188_2_0.15 
                                 0.2218573 
 Lrnr_xgboost_30_1_21.5443469003188_3_0.15 
                                 0.2204520 
 Lrnr_xgboost_30_1_21.5443469003188_4_0.15 
                                 0.2213621 
 Lrnr_xgboost_30_1_21.5443469003188_5_0.15 
                                 0.2222736 
[1] "mu"
[1] "done_mu"
[1] "pi"
NULL
[1] "earth"
[1] "gam_1"
[1] "xgboost"
[1] "iter: 37"
[1] "mu"
[1] "done_mu"
[1] "pi"
predictions 
  0.2203718 
[1] "mu"
[1] "done_mu"
[1] "pi"
predictions 
  0.2198663 
[1] "mu"
[1] "done_mu"
[1] "pi"
Lrnr_xgboost_100_1_21.5443469003188_1_0.15 
                                 0.2215608 
 Lrnr_xgboost_30_1_21.5443469003188_2_0.15 
                                 0.2228426 
 Lrnr_xgboost_30_1_21.5443469003188_3_0.15 
                                 0.2219453 
 Lrnr_xgboost_30_1_21.5443469003188_4_0.15 
                                 0.2227617 
 Lrnr_xgboost_30_1_21.5443469003188_5_0.15 
                                 0.2237937 
[1] "mu"
[1] "done_mu"
[1] "pi"
NULL
[1] "earth"
[1] "gam_1"
[1] "xgboost"
[1] "iter: 38"
[1] "mu"
[1] "done_mu"
[1] "pi"
predictions 
  0.2235794 
[1] "mu"
[1] "done_mu"
[1] "pi"
predictions 
  0.2231377 
[1] "mu"
[1] "done_mu"
[1] "pi"
Lrnr_xgboost_100_1_21.5443469003188_1_0.15 
                                 0.2251105 
 Lrnr_xgboost_30_1_21.5443469003188_2_0.15 
                                 0.2258282 
 Lrnr_xgboost_30_1_21.5443469003188_3_0.15 
                                 0.2247579 
 Lrnr_xgboost_30_1_21.5443469003188_4_0.15 
                                 0.2256975 
 Lrnr_xgboost_30_1_21.5443469003188_5_0.15 
                                 0.2269840 
[1] "mu"
[1] "done_mu"
[1] "pi"
NULL
[1] "earth"
[1] "gam_1"
[1] "xgboost"
[1] "iter: 39"
[1] "mu"
[1] "done_mu"
[1] "pi"
predictions 
  0.2229834 
[1] "mu"
[1] "done_mu"
[1] "pi"
predictions 
  0.2228463 
[1] "mu"
[1] "done_mu"
[1] "pi"
Lrnr_xgboost_100_1_21.5443469003188_1_0.15 
                                 0.2246358 
 Lrnr_xgboost_30_1_21.5443469003188_2_0.15 
                                 0.2257786 
 Lrnr_xgboost_30_1_21.5443469003188_3_0.15 
                                 0.2249330 
 Lrnr_xgboost_30_1_21.5443469003188_4_0.15 
                                 0.2257846 
 Lrnr_xgboost_30_1_21.5443469003188_5_0.15 
                                 0.2267625 
[1] "mu"
[1] "done_mu"
[1] "pi"
NULL
[1] "earth"
[1] "gam_1"
[1] "xgboost"
[1] "iter: 40"
[1] "mu"
[1] "done_mu"
[1] "pi"
predictions 
  0.2219631 
[1] "mu"
[1] "done_mu"
[1] "pi"
predictions 
  0.2217044 
[1] "mu"
[1] "done_mu"
[1] "pi"
Lrnr_xgboost_100_1_21.5443469003188_1_0.15 
                                 0.2224754 
 Lrnr_xgboost_30_1_21.5443469003188_2_0.15 
                                 0.2231107 
 Lrnr_xgboost_30_1_21.5443469003188_3_0.15 
                                 0.2221399 
 Lrnr_xgboost_30_1_21.5443469003188_4_0.15 
                                 0.2226251 
 Lrnr_xgboost_30_1_21.5443469003188_5_0.15 
                                 0.2232429 
[1] "mu"
[1] "done_mu"
[1] "pi"
NULL
[1] "earth"
[1] "gam_1"
[1] "xgboost"
[1] "iter: 41"
[1] "mu"
[1] "done_mu"
[1] "pi"
predictions 
  0.2229571 
[1] "mu"
[1] "done_mu"
[1] "pi"
predictions 
  0.2222799 
[1] "mu"
[1] "done_mu"
[1] "pi"
Lrnr_xgboost_100_1_21.5443469003188_1_0.15 
                                 0.2240350 
 Lrnr_xgboost_30_1_21.5443469003188_2_0.15 
                                 0.2245276 
 Lrnr_xgboost_30_1_21.5443469003188_3_0.15 
                                 0.2235572 
 Lrnr_xgboost_30_1_21.5443469003188_4_0.15 
                                 0.2244314 
 Lrnr_xgboost_30_1_21.5443469003188_5_0.15 
                                 0.2257880 
[1] "mu"
[1] "done_mu"
[1] "pi"
NULL
[1] "earth"
[1] "gam_1"
[1] "xgboost"
[1] "iter: 42"
[1] "mu"
[1] "done_mu"
[1] "pi"
predictions 
  0.2204647 
[1] "mu"
[1] "done_mu"
[1] "pi"
predictions 
  0.2195445 
[1] "mu"
[1] "done_mu"
[1] "pi"
Lrnr_xgboost_100_1_21.5443469003188_1_0.15 
                                 0.2214633 
 Lrnr_xgboost_30_1_21.5443469003188_2_0.15 
                                 0.2224010 
 Lrnr_xgboost_30_1_21.5443469003188_3_0.15 
                                 0.2212429 
 Lrnr_xgboost_30_1_21.5443469003188_4_0.15 
                                 0.2216036 
 Lrnr_xgboost_30_1_21.5443469003188_5_0.15 
                                 0.2215192 
[1] "mu"
[1] "done_mu"
[1] "pi"
NULL
[1] "earth"
[1] "gam_1"
[1] "xgboost"
[1] "iter: 43"
[1] "mu"
[1] "done_mu"
[1] "pi"
predictions 
  0.2227573 
[1] "mu"
[1] "done_mu"
[1] "pi"
predictions 
  0.2228181 
[1] "mu"
[1] "done_mu"
[1] "pi"
Lrnr_xgboost_100_1_21.5443469003188_1_0.15 
                                 0.2242629 
 Lrnr_xgboost_30_1_21.5443469003188_2_0.15 
                                 0.2254506 
 Lrnr_xgboost_30_1_21.5443469003188_3_0.15 
                                 0.2238446 
 Lrnr_xgboost_30_1_21.5443469003188_4_0.15 
                                 0.2243502 
 Lrnr_xgboost_30_1_21.5443469003188_5_0.15 
                                 0.2252220 
[1] "mu"
[1] "done_mu"
[1] "pi"
NULL
[1] "earth"
[1] "gam_1"
[1] "xgboost"
[1] "iter: 44"
[1] "mu"
[1] "done_mu"
[1] "pi"
predictions 
  0.2192325 
[1] "mu"
[1] "done_mu"
[1] "pi"
predictions 
  0.2182317 
[1] "mu"
[1] "done_mu"
[1] "pi"
Lrnr_xgboost_100_1_21.5443469003188_1_0.15 
                                 0.2197512 
 Lrnr_xgboost_30_1_21.5443469003188_2_0.15 
                                 0.2210715 
 Lrnr_xgboost_30_1_21.5443469003188_3_0.15 
                                 0.2197958 
 Lrnr_xgboost_30_1_21.5443469003188_4_0.15 
                                 0.2210549 
 Lrnr_xgboost_30_1_21.5443469003188_5_0.15 
                                 0.2220874 
[1] "mu"
[1] "done_mu"
[1] "pi"
NULL
[1] "earth"
[1] "gam_1"
[1] "xgboost"
[1] "iter: 45"
[1] "mu"
[1] "done_mu"
[1] "pi"
predictions 
  0.2192754 
[1] "mu"
[1] "done_mu"
[1] "pi"
predictions 
  0.2191664 
[1] "mu"
[1] "done_mu"
[1] "pi"
Lrnr_xgboost_100_1_21.5443469003188_1_0.15 
                                 0.2207767 
 Lrnr_xgboost_30_1_21.5443469003188_2_0.15 
                                 0.2212693 
 Lrnr_xgboost_30_1_21.5443469003188_3_0.15 
                                 0.2205346 
 Lrnr_xgboost_30_1_21.5443469003188_4_0.15 
                                 0.2202313 
 Lrnr_xgboost_30_1_21.5443469003188_5_0.15 
                                 0.2212515 
[1] "mu"
[1] "done_mu"
[1] "pi"
NULL
[1] "earth"
[1] "gam_1"
[1] "xgboost"
[1] "iter: 46"
[1] "mu"
[1] "done_mu"
[1] "pi"
predictions 
   0.221507 
[1] "mu"
[1] "done_mu"
[1] "pi"
predictions 
  0.2210896 
[1] "mu"
[1] "done_mu"
[1] "pi"
Lrnr_xgboost_100_1_21.5443469003188_1_0.15 
                                 0.2233534 
 Lrnr_xgboost_30_1_21.5443469003188_2_0.15 
                                 0.2240355 
 Lrnr_xgboost_30_1_21.5443469003188_3_0.15 
                                 0.2232689 
 Lrnr_xgboost_30_1_21.5443469003188_4_0.15 
                                 0.2238415 
 Lrnr_xgboost_30_1_21.5443469003188_5_0.15 
                                 0.2252150 
[1] "mu"
[1] "done_mu"
[1] "pi"
NULL
[1] "earth"
[1] "gam_1"
[1] "xgboost"
[1] "iter: 47"
[1] "mu"
[1] "done_mu"
[1] "pi"
predictions 
  0.2230874 
[1] "mu"
[1] "done_mu"
[1] "pi"
predictions 
  0.2230925 
[1] "mu"
[1] "done_mu"
[1] "pi"
Lrnr_xgboost_100_1_21.5443469003188_1_0.15 
                                 0.2233188 
 Lrnr_xgboost_30_1_21.5443469003188_2_0.15 
                                 0.2241027 
 Lrnr_xgboost_30_1_21.5443469003188_3_0.15 
                                 0.2233310 
 Lrnr_xgboost_30_1_21.5443469003188_4_0.15 
                                 0.2239310 
 Lrnr_xgboost_30_1_21.5443469003188_5_0.15 
                                 0.2252984 
[1] "mu"
[1] "done_mu"
[1] "pi"
NULL
[1] "earth"
[1] "gam_1"
[1] "xgboost"
[1] "iter: 48"
[1] "mu"
[1] "done_mu"
[1] "pi"
predictions 
  0.2187586 
[1] "mu"
[1] "done_mu"
[1] "pi"
predictions 
  0.2181441 
[1] "mu"
[1] "done_mu"
[1] "pi"
Lrnr_xgboost_100_1_21.5443469003188_1_0.15 
                                 0.2195821 
 Lrnr_xgboost_30_1_21.5443469003188_2_0.15 
                                 0.2203105 
 Lrnr_xgboost_30_1_21.5443469003188_3_0.15 
                                 0.2189391 
 Lrnr_xgboost_30_1_21.5443469003188_4_0.15 
                                 0.2195924 
 Lrnr_xgboost_30_1_21.5443469003188_5_0.15 
                                 0.2198448 
[1] "mu"
[1] "done_mu"
[1] "pi"
NULL
[1] "earth"
[1] "gam_1"
[1] "xgboost"
[1] "iter: 49"
[1] "mu"
[1] "done_mu"
[1] "pi"
predictions 
  0.2194813 
[1] "mu"
[1] "done_mu"
[1] "pi"
predictions 
  0.2195973 
[1] "mu"
[1] "done_mu"
[1] "pi"
Lrnr_xgboost_100_1_21.5443469003188_1_0.15 
                                 0.2215792 
 Lrnr_xgboost_30_1_21.5443469003188_2_0.15 
                                 0.2223039 
 Lrnr_xgboost_30_1_21.5443469003188_3_0.15 
                                 0.2211407 
 Lrnr_xgboost_30_1_21.5443469003188_4_0.15 
                                 0.2217311 
 Lrnr_xgboost_30_1_21.5443469003188_5_0.15 
                                 0.2219701 
[1] "mu"
[1] "done_mu"
[1] "pi"
NULL
[1] "earth"
[1] "gam_1"
[1] "xgboost"
[1] "iter: 50"
[1] "mu"
[1] "done_mu"
[1] "pi"
predictions 
  0.2217554 
[1] "mu"
[1] "done_mu"
[1] "pi"
predictions 
  0.2217231 
[1] "mu"
[1] "done_mu"
[1] "pi"
Lrnr_xgboost_100_1_21.5443469003188_1_0.15 
                                 0.2230330 
 Lrnr_xgboost_30_1_21.5443469003188_2_0.15 
                                 0.2239981 
 Lrnr_xgboost_30_1_21.5443469003188_3_0.15 
                                 0.2232096 
 Lrnr_xgboost_30_1_21.5443469003188_4_0.15 
                                 0.2243661 
 Lrnr_xgboost_30_1_21.5443469003188_5_0.15 
                                 0.2255751 
[1] "mu"
[1] "done_mu"
[1] "pi"
NULL
[1] "earth"
[1] "gam_1"
[1] "xgboost"
[1] "iter: 51"
[1] "mu"
[1] "done_mu"
[1] "pi"
predictions 
   0.220367 
[1] "mu"
[1] "done_mu"
[1] "pi"
predictions 
  0.2202705 
[1] "mu"
[1] "done_mu"
[1] "pi"
Lrnr_xgboost_100_1_21.5443469003188_1_0.15 
                                 0.2222496 
 Lrnr_xgboost_30_1_21.5443469003188_2_0.15 
                                 0.2232213 
 Lrnr_xgboost_30_1_21.5443469003188_3_0.15 
                                 0.2217157 
 Lrnr_xgboost_30_1_21.5443469003188_4_0.15 
                                 0.2221264 
 Lrnr_xgboost_30_1_21.5443469003188_5_0.15 
                                 0.2227553 
[1] "mu"
[1] "done_mu"
[1] "pi"
NULL
[1] "earth"
[1] "gam_1"
[1] "xgboost"
[1] "iter: 52"
[1] "mu"
[1] "done_mu"
[1] "pi"
predictions 
  0.2244223 
[1] "mu"
[1] "done_mu"
[1] "pi"
predictions 
     0.2239 
[1] "mu"
[1] "done_mu"
[1] "pi"
Lrnr_xgboost_100_1_21.5443469003188_1_0.15 
                                 0.2249673 
 Lrnr_xgboost_30_1_21.5443469003188_2_0.15 
                                 0.2254711 
 Lrnr_xgboost_30_1_21.5443469003188_3_0.15 
                                 0.2254679 
 Lrnr_xgboost_30_1_21.5443469003188_4_0.15 
                                 0.2264599 
 Lrnr_xgboost_30_1_21.5443469003188_5_0.15 
                                 0.2277515 
[1] "mu"
[1] "done_mu"
[1] "pi"
NULL
[1] "earth"
[1] "gam_1"
[1] "xgboost"
[1] "iter: 53"
[1] "mu"
[1] "done_mu"
[1] "pi"
predictions 
  0.2240069 
[1] "mu"
[1] "done_mu"
[1] "pi"
predictions 
  0.2229901 
[1] "mu"
[1] "done_mu"
[1] "pi"
Lrnr_xgboost_100_1_21.5443469003188_1_0.15 
                                 0.2246237 
 Lrnr_xgboost_30_1_21.5443469003188_2_0.15 
                                 0.2256583 
 Lrnr_xgboost_30_1_21.5443469003188_3_0.15 
                                 0.2247662 
 Lrnr_xgboost_30_1_21.5443469003188_4_0.15 
                                 0.2258894 
 Lrnr_xgboost_30_1_21.5443469003188_5_0.15 
                                 0.2270310 
[1] "mu"
[1] "done_mu"
[1] "pi"
NULL
[1] "earth"
[1] "gam_1"
[1] "xgboost"
[1] "iter: 54"
[1] "mu"
[1] "done_mu"
[1] "pi"
predictions 
  0.2171643 
[1] "mu"
[1] "done_mu"
[1] "pi"
predictions 
  0.2167544 
[1] "mu"
[1] "done_mu"
[1] "pi"
Lrnr_xgboost_100_1_21.5443469003188_1_0.15 
                                 0.2183404 
 Lrnr_xgboost_30_1_21.5443469003188_2_0.15 
                                 0.2193102 
 Lrnr_xgboost_30_1_21.5443469003188_3_0.15 
                                 0.2181363 
 Lrnr_xgboost_30_1_21.5443469003188_4_0.15 
                                 0.2190474 
 Lrnr_xgboost_30_1_21.5443469003188_5_0.15 
                                 0.2202893 
[1] "mu"
[1] "done_mu"
[1] "pi"
NULL
[1] "earth"
[1] "gam_1"
[1] "xgboost"
[1] "iter: 55"
[1] "mu"
[1] "done_mu"
[1] "pi"
predictions 
  0.2248329 
[1] "mu"
[1] "done_mu"
[1] "pi"
predictions 
  0.2242886 
[1] "mu"
[1] "done_mu"
[1] "pi"
Lrnr_xgboost_100_1_21.5443469003188_1_0.15 
                                 0.2256175 
 Lrnr_xgboost_30_1_21.5443469003188_2_0.15 
                                 0.2264583 
 Lrnr_xgboost_30_1_21.5443469003188_3_0.15 
                                 0.2264597 
 Lrnr_xgboost_30_1_21.5443469003188_4_0.15 
                                 0.2275159 
 Lrnr_xgboost_30_1_21.5443469003188_5_0.15 
                                 0.2283473 
[1] "mu"
[1] "done_mu"
[1] "pi"
NULL
[1] "earth"
[1] "gam_1"
[1] "xgboost"
[1] "iter: 56"
[1] "mu"
[1] "done_mu"
[1] "pi"
predictions 
  0.2205356 
[1] "mu"
[1] "done_mu"
[1] "pi"
predictions 
  0.2202358 
[1] "mu"
[1] "done_mu"
[1] "pi"
Lrnr_xgboost_100_1_21.5443469003188_1_0.15 
                                 0.2217555 
 Lrnr_xgboost_30_1_21.5443469003188_2_0.15 
                                 0.2223459 
 Lrnr_xgboost_30_1_21.5443469003188_3_0.15 
                                 0.2210660 
 Lrnr_xgboost_30_1_21.5443469003188_4_0.15 
                                 0.2214302 
 Lrnr_xgboost_30_1_21.5443469003188_5_0.15 
                                 0.2222880 
[1] "mu"
[1] "done_mu"
[1] "pi"
NULL
[1] "earth"
[1] "gam_1"
[1] "xgboost"
[1] "iter: 57"
[1] "mu"
[1] "done_mu"
[1] "pi"
predictions 
  0.2229782 
[1] "mu"
[1] "done_mu"
[1] "pi"
predictions 
  0.2225147 
[1] "mu"
[1] "done_mu"
[1] "pi"
Lrnr_xgboost_100_1_21.5443469003188_1_0.15 
                                 0.2239753 
 Lrnr_xgboost_30_1_21.5443469003188_2_0.15 
                                 0.2246829 
 Lrnr_xgboost_30_1_21.5443469003188_3_0.15 
                                 0.2238740 
 Lrnr_xgboost_30_1_21.5443469003188_4_0.15 
                                 0.2239697 
 Lrnr_xgboost_30_1_21.5443469003188_5_0.15 
                                 0.2245935 
[1] "mu"
[1] "done_mu"
[1] "pi"
NULL
[1] "earth"
[1] "gam_1"
[1] "xgboost"
[1] "iter: 58"
[1] "mu"
[1] "done_mu"
[1] "pi"
predictions 
   0.224212 
[1] "mu"
[1] "done_mu"
[1] "pi"
predictions 
  0.2236839 
[1] "mu"
[1] "done_mu"
[1] "pi"
Lrnr_xgboost_100_1_21.5443469003188_1_0.15 
                                 0.2244714 
 Lrnr_xgboost_30_1_21.5443469003188_2_0.15 
                                 0.2250830 
 Lrnr_xgboost_30_1_21.5443469003188_3_0.15 
                                 0.2245799 
 Lrnr_xgboost_30_1_21.5443469003188_4_0.15 
                                 0.2252503 
 Lrnr_xgboost_30_1_21.5443469003188_5_0.15 
                                 0.2258935 
[1] "mu"
[1] "done_mu"
[1] "pi"
NULL
[1] "earth"
[1] "gam_1"
[1] "xgboost"
[1] "iter: 59"
[1] "mu"
[1] "done_mu"
[1] "pi"
predictions 
  0.2227308 
[1] "mu"
[1] "done_mu"
[1] "pi"
predictions 
  0.2224503 
[1] "mu"
[1] "done_mu"
[1] "pi"
Lrnr_xgboost_100_1_21.5443469003188_1_0.15 
                                 0.2242038 
 Lrnr_xgboost_30_1_21.5443469003188_2_0.15 
                                 0.2248183 
 Lrnr_xgboost_30_1_21.5443469003188_3_0.15 
                                 0.2237514 
 Lrnr_xgboost_30_1_21.5443469003188_4_0.15 
                                 0.2246356 
 Lrnr_xgboost_30_1_21.5443469003188_5_0.15 
                                 0.2256161 
[1] "mu"
[1] "done_mu"
[1] "pi"
NULL
[1] "earth"
[1] "gam_1"
[1] "xgboost"
[1] "iter: 60"
[1] "mu"
[1] "done_mu"
[1] "pi"
predictions 
  0.2197803 
[1] "mu"
[1] "done_mu"
[1] "pi"
predictions 
  0.2192726 
[1] "mu"
[1] "done_mu"
[1] "pi"
Lrnr_xgboost_100_1_21.5443469003188_1_0.15 
                                 0.2209973 
 Lrnr_xgboost_30_1_21.5443469003188_2_0.15 
                                 0.2220749 
 Lrnr_xgboost_30_1_21.5443469003188_3_0.15 
                                 0.2207413 
 Lrnr_xgboost_30_1_21.5443469003188_4_0.15 
                                 0.2211410 
 Lrnr_xgboost_30_1_21.5443469003188_5_0.15 
                                 0.2218729 
[1] "mu"
[1] "done_mu"
[1] "pi"
NULL
[1] "earth"
[1] "gam_1"
[1] "xgboost"
[1] "iter: 61"
[1] "mu"
[1] "done_mu"
[1] "pi"
predictions 
  0.2195098 
[1] "mu"
[1] "done_mu"
[1] "pi"
predictions 
  0.2193164 
[1] "mu"
[1] "done_mu"
[1] "pi"
Lrnr_xgboost_100_1_21.5443469003188_1_0.15 
                                 0.2212669 
 Lrnr_xgboost_30_1_21.5443469003188_2_0.15 
                                 0.2215627 
 Lrnr_xgboost_30_1_21.5443469003188_3_0.15 
                                 0.2200771 
 Lrnr_xgboost_30_1_21.5443469003188_4_0.15 
                                 0.2203761 
 Lrnr_xgboost_30_1_21.5443469003188_5_0.15 
                                 0.2216676 
[1] "mu"
[1] "done_mu"
[1] "pi"
NULL
[1] "earth"
[1] "gam_1"
[1] "xgboost"
[1] "iter: 62"
[1] "mu"
[1] "done_mu"
[1] "pi"
predictions 
   0.221562 
[1] "mu"
[1] "done_mu"
[1] "pi"
predictions 
  0.2214563 
[1] "mu"
[1] "done_mu"
[1] "pi"
Lrnr_xgboost_100_1_21.5443469003188_1_0.15 
                                 0.2229051 
 Lrnr_xgboost_30_1_21.5443469003188_2_0.15 
                                 0.2238671 
 Lrnr_xgboost_30_1_21.5443469003188_3_0.15 
                                 0.2224100 
 Lrnr_xgboost_30_1_21.5443469003188_4_0.15 
                                 0.2235920 
 Lrnr_xgboost_30_1_21.5443469003188_5_0.15 
                                 0.2244799 
[1] "mu"
[1] "done_mu"
[1] "pi"
NULL
[1] "earth"
[1] "gam_1"
[1] "xgboost"
[1] "iter: 63"
[1] "mu"
[1] "done_mu"
[1] "pi"
predictions 
  0.2185874 
[1] "mu"
[1] "done_mu"
[1] "pi"
predictions 
  0.2187455 
[1] "mu"
[1] "done_mu"
[1] "pi"
Lrnr_xgboost_100_1_21.5443469003188_1_0.15 
                                 0.2203269 
 Lrnr_xgboost_30_1_21.5443469003188_2_0.15 
                                 0.2211363 
 Lrnr_xgboost_30_1_21.5443469003188_3_0.15 
                                 0.2199638 
 Lrnr_xgboost_30_1_21.5443469003188_4_0.15 
                                 0.2205093 
 Lrnr_xgboost_30_1_21.5443469003188_5_0.15 
                                 0.2216228 
[1] "mu"
[1] "done_mu"
[1] "pi"
NULL
[1] "earth"
[1] "gam_1"
[1] "xgboost"
[1] "iter: 64"
[1] "mu"
[1] "done_mu"
[1] "pi"
predictions 
     0.2199 
[1] "mu"
[1] "done_mu"
[1] "pi"
predictions 
  0.2195619 
[1] "mu"
[1] "done_mu"
[1] "pi"
Lrnr_xgboost_100_1_21.5443469003188_1_0.15 
                                 0.2220071 
 Lrnr_xgboost_30_1_21.5443469003188_2_0.15 
                                 0.2227475 
 Lrnr_xgboost_30_1_21.5443469003188_3_0.15 
                                 0.2216413 
 Lrnr_xgboost_30_1_21.5443469003188_4_0.15 
                                 0.2218620 
 Lrnr_xgboost_30_1_21.5443469003188_5_0.15 
                                 0.2225847 
[1] "mu"
[1] "done_mu"
[1] "pi"
NULL
[1] "earth"
[1] "gam_1"
[1] "xgboost"
[1] "iter: 65"
[1] "mu"
[1] "done_mu"
[1] "pi"
predictions 
  0.2206508 
[1] "mu"
[1] "done_mu"
[1] "pi"
predictions 
  0.2204002 
[1] "mu"
[1] "done_mu"
[1] "pi"
Lrnr_xgboost_100_1_21.5443469003188_1_0.15 
                                 0.2215088 
 Lrnr_xgboost_30_1_21.5443469003188_2_0.15 
                                 0.2224633 
 Lrnr_xgboost_30_1_21.5443469003188_3_0.15 
                                 0.2213630 
 Lrnr_xgboost_30_1_21.5443469003188_4_0.15 
                                 0.2218113 
 Lrnr_xgboost_30_1_21.5443469003188_5_0.15 
                                 0.2226967 
[1] "mu"
[1] "done_mu"
[1] "pi"
NULL
[1] "earth"
[1] "gam_1"
[1] "xgboost"
[1] "iter: 66"
[1] "mu"
[1] "done_mu"
[1] "pi"
predictions 
     0.2199 
[1] "mu"
[1] "done_mu"
[1] "pi"
predictions 
  0.2200102 
[1] "mu"
[1] "done_mu"
[1] "pi"
Lrnr_xgboost_100_1_21.5443469003188_1_0.15 
                                 0.2216170 
 Lrnr_xgboost_30_1_21.5443469003188_2_0.15 
                                 0.2222893 
 Lrnr_xgboost_30_1_21.5443469003188_3_0.15 
                                 0.2211899 
 Lrnr_xgboost_30_1_21.5443469003188_4_0.15 
                                 0.2221606 
 Lrnr_xgboost_30_1_21.5443469003188_5_0.15 
                                 0.2230612 
[1] "mu"
[1] "done_mu"
[1] "pi"
NULL
[1] "earth"
[1] "gam_1"
[1] "xgboost"
[1] "iter: 67"
[1] "mu"
[1] "done_mu"
[1] "pi"
predictions 
  0.2187858 
[1] "mu"
[1] "done_mu"
[1] "pi"
predictions 
  0.2183147 
[1] "mu"
[1] "done_mu"
[1] "pi"
Lrnr_xgboost_100_1_21.5443469003188_1_0.15 
                                 0.2207107 
 Lrnr_xgboost_30_1_21.5443469003188_2_0.15 
                                 0.2215697 
 Lrnr_xgboost_30_1_21.5443469003188_3_0.15 
                                 0.2205005 
 Lrnr_xgboost_30_1_21.5443469003188_4_0.15 
                                 0.2203307 
 Lrnr_xgboost_30_1_21.5443469003188_5_0.15 
                                 0.2216065 
[1] "mu"
[1] "done_mu"
[1] "pi"
NULL
[1] "earth"
[1] "gam_1"
[1] "xgboost"
[1] "iter: 68"
[1] "mu"
[1] "done_mu"
[1] "pi"
predictions 
  0.2192308 
[1] "mu"
[1] "done_mu"
[1] "pi"
predictions 
  0.2190751 
[1] "mu"
[1] "done_mu"
[1] "pi"
Lrnr_xgboost_100_1_21.5443469003188_1_0.15 
                                 0.2205646 
 Lrnr_xgboost_30_1_21.5443469003188_2_0.15 
                                 0.2214895 
 Lrnr_xgboost_30_1_21.5443469003188_3_0.15 
                                 0.2203857 
 Lrnr_xgboost_30_1_21.5443469003188_4_0.15 
                                 0.2211401 
 Lrnr_xgboost_30_1_21.5443469003188_5_0.15 
                                 0.2217743 
[1] "mu"
[1] "done_mu"
[1] "pi"
NULL
[1] "earth"
[1] "gam_1"
[1] "xgboost"
[1] "iter: 69"
[1] "mu"
[1] "done_mu"
[1] "pi"
predictions 
   0.220096 
[1] "mu"
[1] "done_mu"
[1] "pi"
predictions 
  0.2196048 
[1] "mu"
[1] "done_mu"
[1] "pi"
Lrnr_xgboost_100_1_21.5443469003188_1_0.15 
                                 0.2211824 
 Lrnr_xgboost_30_1_21.5443469003188_2_0.15 
                                 0.2218249 
 Lrnr_xgboost_30_1_21.5443469003188_3_0.15 
                                 0.2214741 
 Lrnr_xgboost_30_1_21.5443469003188_4_0.15 
                                 0.2219828 
 Lrnr_xgboost_30_1_21.5443469003188_5_0.15 
                                 0.2233597 
[1] "mu"
[1] "done_mu"
[1] "pi"
NULL
[1] "earth"
[1] "gam_1"
[1] "xgboost"
[1] "iter: 70"
[1] "mu"
[1] "done_mu"
[1] "pi"
predictions 
   0.224906 
[1] "mu"
[1] "done_mu"
[1] "pi"
predictions 
    0.22494 
[1] "mu"
[1] "done_mu"
[1] "pi"
Lrnr_xgboost_100_1_21.5443469003188_1_0.15 
                                 0.2263615 
 Lrnr_xgboost_30_1_21.5443469003188_2_0.15 
                                 0.2265558 
 Lrnr_xgboost_30_1_21.5443469003188_3_0.15 
                                 0.2256050 
 Lrnr_xgboost_30_1_21.5443469003188_4_0.15 
                                 0.2258723 
 Lrnr_xgboost_30_1_21.5443469003188_5_0.15 
                                 0.2260491 
[1] "mu"
[1] "done_mu"
[1] "pi"
NULL
[1] "earth"
[1] "gam_1"
[1] "xgboost"
[1] "iter: 71"
[1] "mu"
[1] "done_mu"
[1] "pi"
predictions 
  0.2227895 
[1] "mu"
[1] "done_mu"
[1] "pi"
predictions 
  0.2226569 
[1] "mu"
[1] "done_mu"
[1] "pi"
Lrnr_xgboost_100_1_21.5443469003188_1_0.15 
                                 0.2242910 
 Lrnr_xgboost_30_1_21.5443469003188_2_0.15 
                                 0.2253365 
 Lrnr_xgboost_30_1_21.5443469003188_3_0.15 
                                 0.2237234 
 Lrnr_xgboost_30_1_21.5443469003188_4_0.15 
                                 0.2240880 
 Lrnr_xgboost_30_1_21.5443469003188_5_0.15 
                                 0.2251499 
[1] "mu"
[1] "done_mu"
[1] "pi"
NULL
[1] "earth"
[1] "gam_1"
[1] "xgboost"
[1] "iter: 72"
[1] "mu"
[1] "done_mu"
[1] "pi"
predictions 
  0.2195194 
[1] "mu"
[1] "done_mu"
[1] "pi"
predictions 
  0.2192872 
[1] "mu"
[1] "done_mu"
[1] "pi"
Lrnr_xgboost_100_1_21.5443469003188_1_0.15 
                                 0.2208360 
 Lrnr_xgboost_30_1_21.5443469003188_2_0.15 
                                 0.2215882 
 Lrnr_xgboost_30_1_21.5443469003188_3_0.15 
                                 0.2208626 
 Lrnr_xgboost_30_1_21.5443469003188_4_0.15 
                                 0.2221712 
 Lrnr_xgboost_30_1_21.5443469003188_5_0.15 
                                 0.2227090 
[1] "mu"
[1] "done_mu"
[1] "pi"
NULL
[1] "earth"
[1] "gam_1"
[1] "xgboost"
[1] "iter: 73"
[1] "mu"
[1] "done_mu"
[1] "pi"
predictions 
   0.221539 
[1] "mu"
[1] "done_mu"
[1] "pi"
predictions 
   0.220847 
[1] "mu"
[1] "done_mu"
[1] "pi"
Lrnr_xgboost_100_1_21.5443469003188_1_0.15 
                                 0.2224095 
 Lrnr_xgboost_30_1_21.5443469003188_2_0.15 
                                 0.2231269 
 Lrnr_xgboost_30_1_21.5443469003188_3_0.15 
                                 0.2219370 
 Lrnr_xgboost_30_1_21.5443469003188_4_0.15 
                                 0.2225645 
 Lrnr_xgboost_30_1_21.5443469003188_5_0.15 
                                 0.2234699 
[1] "mu"
[1] "done_mu"
[1] "pi"
NULL
[1] "earth"
[1] "gam_1"
[1] "xgboost"
[1] "iter: 74"
[1] "mu"
[1] "done_mu"
[1] "pi"
predictions 
  0.2220015 
[1] "mu"
[1] "done_mu"
[1] "pi"
predictions 
  0.2214821 
[1] "mu"
[1] "done_mu"
[1] "pi"
Lrnr_xgboost_100_1_21.5443469003188_1_0.15 
                                 0.2229675 
 Lrnr_xgboost_30_1_21.5443469003188_2_0.15 
                                 0.2239598 
 Lrnr_xgboost_30_1_21.5443469003188_3_0.15 
                                 0.2227664 
 Lrnr_xgboost_30_1_21.5443469003188_4_0.15 
                                 0.2234267 
 Lrnr_xgboost_30_1_21.5443469003188_5_0.15 
                                 0.2243410 
[1] "mu"
[1] "done_mu"
[1] "pi"
NULL
[1] "earth"
[1] "gam_1"
[1] "xgboost"
[1] "iter: 75"
[1] "mu"
[1] "done_mu"
[1] "pi"
predictions 
  0.2213776 
[1] "mu"
[1] "done_mu"
[1] "pi"
predictions 
  0.2211176 
[1] "mu"
[1] "done_mu"
[1] "pi"
Lrnr_xgboost_100_1_21.5443469003188_1_0.15 
                                 0.2228152 
 Lrnr_xgboost_30_1_21.5443469003188_2_0.15 
                                 0.2231960 
 Lrnr_xgboost_30_1_21.5443469003188_3_0.15 
                                 0.2217651 
 Lrnr_xgboost_30_1_21.5443469003188_4_0.15 
                                 0.2223941 
 Lrnr_xgboost_30_1_21.5443469003188_5_0.15 
                                 0.2234531 
[1] "mu"
[1] "done_mu"
[1] "pi"
NULL
[1] "earth"
[1] "gam_1"
[1] "xgboost"
[1] "iter: 76"
[1] "mu"
[1] "done_mu"
[1] "pi"
predictions 
  0.2220917 
[1] "mu"
[1] "done_mu"
[1] "pi"
predictions 
  0.2210442 
[1] "mu"
[1] "done_mu"
[1] "pi"
Lrnr_xgboost_100_1_21.5443469003188_1_0.15 
                                 0.2226240 
 Lrnr_xgboost_30_1_21.5443469003188_2_0.15 
                                 0.2240176 
 Lrnr_xgboost_30_1_21.5443469003188_3_0.15 
                                 0.2232322 
 Lrnr_xgboost_30_1_21.5443469003188_4_0.15 
                                 0.2243589 
 Lrnr_xgboost_30_1_21.5443469003188_5_0.15 
                                 0.2251290 
[1] "mu"
[1] "done_mu"
[1] "pi"
NULL
[1] "earth"
[1] "gam_1"
[1] "xgboost"
[1] "iter: 77"
[1] "mu"
[1] "done_mu"
[1] "pi"
predictions 
  0.2216479 
[1] "mu"
[1] "done_mu"
[1] "pi"
predictions 
  0.2214384 
[1] "mu"
[1] "done_mu"
[1] "pi"
Lrnr_xgboost_100_1_21.5443469003188_1_0.15 
                                 0.2223644 
 Lrnr_xgboost_30_1_21.5443469003188_2_0.15 
                                 0.2228930 
 Lrnr_xgboost_30_1_21.5443469003188_3_0.15 
                                 0.2226296 
 Lrnr_xgboost_30_1_21.5443469003188_4_0.15 
                                 0.2235324 
 Lrnr_xgboost_30_1_21.5443469003188_5_0.15 
                                 0.2242366 
[1] "mu"
[1] "done_mu"
[1] "pi"
NULL
[1] "earth"
[1] "gam_1"
[1] "xgboost"
[1] "iter: 78"
[1] "mu"
[1] "done_mu"
[1] "pi"
predictions 
  0.2212022 
[1] "mu"
[1] "done_mu"
[1] "pi"
predictions 
  0.2208897 
[1] "mu"
[1] "done_mu"
[1] "pi"
Lrnr_xgboost_100_1_21.5443469003188_1_0.15 
                                 0.2222252 
 Lrnr_xgboost_30_1_21.5443469003188_2_0.15 
                                 0.2230617 
 Lrnr_xgboost_30_1_21.5443469003188_3_0.15 
                                 0.2220887 
 Lrnr_xgboost_30_1_21.5443469003188_4_0.15 
                                 0.2223655 
 Lrnr_xgboost_30_1_21.5443469003188_5_0.15 
                                 0.2228072 
[1] "mu"
[1] "done_mu"
[1] "pi"
NULL
[1] "earth"
[1] "gam_1"
[1] "xgboost"
[1] "iter: 79"
[1] "mu"
[1] "done_mu"
[1] "pi"
predictions 
  0.2236664 
[1] "mu"
[1] "done_mu"
[1] "pi"
predictions 
  0.2229389 
[1] "mu"
[1] "done_mu"
[1] "pi"
Lrnr_xgboost_100_1_21.5443469003188_1_0.15 
                                 0.2248733 
 Lrnr_xgboost_30_1_21.5443469003188_2_0.15 
                                 0.2254880 
 Lrnr_xgboost_30_1_21.5443469003188_3_0.15 
                                 0.2246950 
 Lrnr_xgboost_30_1_21.5443469003188_4_0.15 
                                 0.2256176 
 Lrnr_xgboost_30_1_21.5443469003188_5_0.15 
                                 0.2261502 
[1] "mu"
[1] "done_mu"
[1] "pi"
NULL
[1] "earth"
[1] "gam_1"
[1] "xgboost"
[1] "iter: 80"
[1] "mu"
[1] "done_mu"
[1] "pi"
predictions 
  0.2207079 
[1] "mu"
[1] "done_mu"
[1] "pi"
predictions 
  0.2208549 
[1] "mu"
[1] "done_mu"
[1] "pi"
Lrnr_xgboost_100_1_21.5443469003188_1_0.15 
                                 0.2225999 
 Lrnr_xgboost_30_1_21.5443469003188_2_0.15 
                                 0.2236338 
 Lrnr_xgboost_30_1_21.5443469003188_3_0.15 
                                 0.2230784 
 Lrnr_xgboost_30_1_21.5443469003188_4_0.15 
                                 0.2238424 
 Lrnr_xgboost_30_1_21.5443469003188_5_0.15 
                                 0.2250983 
[1] "mu"
[1] "done_mu"
[1] "pi"
NULL
[1] "earth"
[1] "gam_1"
[1] "xgboost"
[1] "iter: 81"
[1] "mu"
[1] "done_mu"
[1] "pi"
predictions 
  0.2203502 
[1] "mu"
[1] "done_mu"
[1] "pi"
predictions 
  0.2200793 
[1] "mu"
[1] "done_mu"
[1] "pi"
Lrnr_xgboost_100_1_21.5443469003188_1_0.15 
                                 0.2212755 
 Lrnr_xgboost_30_1_21.5443469003188_2_0.15 
                                 0.2218560 
 Lrnr_xgboost_30_1_21.5443469003188_3_0.15 
                                 0.2215936 
 Lrnr_xgboost_30_1_21.5443469003188_4_0.15 
                                 0.2221324 
 Lrnr_xgboost_30_1_21.5443469003188_5_0.15 
                                 0.2235014 
[1] "mu"
[1] "done_mu"
[1] "pi"
NULL
[1] "earth"
[1] "gam_1"
[1] "xgboost"
[1] "iter: 82"
[1] "mu"
[1] "done_mu"
[1] "pi"
predictions 
   0.219656 
[1] "mu"
[1] "done_mu"
[1] "pi"
predictions 
  0.2193247 
[1] "mu"
[1] "done_mu"
[1] "pi"
Lrnr_xgboost_100_1_21.5443469003188_1_0.15 
                                 0.2208929 
 Lrnr_xgboost_30_1_21.5443469003188_2_0.15 
                                 0.2217854 
 Lrnr_xgboost_30_1_21.5443469003188_3_0.15 
                                 0.2207953 
 Lrnr_xgboost_30_1_21.5443469003188_4_0.15 
                                 0.2216867 
 Lrnr_xgboost_30_1_21.5443469003188_5_0.15 
                                 0.2225500 
[1] "mu"
[1] "done_mu"
[1] "pi"
NULL
[1] "earth"
[1] "gam_1"
[1] "xgboost"
[1] "iter: 83"
[1] "mu"
[1] "done_mu"
[1] "pi"
predictions 
  0.2194276 
[1] "mu"
[1] "done_mu"
[1] "pi"
predictions 
  0.2190925 
[1] "mu"
[1] "done_mu"
[1] "pi"
Lrnr_xgboost_100_1_21.5443469003188_1_0.15 
                                 0.2205911 
 Lrnr_xgboost_30_1_21.5443469003188_2_0.15 
                                 0.2214236 
 Lrnr_xgboost_30_1_21.5443469003188_3_0.15 
                                 0.2205791 
 Lrnr_xgboost_30_1_21.5443469003188_4_0.15 
                                 0.2211217 
 Lrnr_xgboost_30_1_21.5443469003188_5_0.15 
                                 0.2223342 
[1] "mu"
[1] "done_mu"
[1] "pi"
NULL
[1] "earth"
[1] "gam_1"
[1] "xgboost"
[1] "iter: 84"
[1] "mu"
[1] "done_mu"
[1] "pi"
predictions 
  0.2192961 
[1] "mu"
[1] "done_mu"
[1] "pi"
predictions 
  0.2187284 
[1] "mu"
[1] "done_mu"
[1] "pi"
Lrnr_xgboost_100_1_21.5443469003188_1_0.15 
                                 0.2202732 
 Lrnr_xgboost_30_1_21.5443469003188_2_0.15 
                                 0.2208607 
 Lrnr_xgboost_30_1_21.5443469003188_3_0.15 
                                 0.2198558 
 Lrnr_xgboost_30_1_21.5443469003188_4_0.15 
                                 0.2204686 
 Lrnr_xgboost_30_1_21.5443469003188_5_0.15 
                                 0.2212310 
[1] "mu"
[1] "done_mu"
[1] "pi"
NULL
[1] "earth"
[1] "gam_1"
[1] "xgboost"
[1] "iter: 85"
[1] "mu"
[1] "done_mu"
[1] "pi"
predictions 
   0.218866 
[1] "mu"
[1] "done_mu"
[1] "pi"
predictions 
  0.2188144 
[1] "mu"
[1] "done_mu"
[1] "pi"
Lrnr_xgboost_100_1_21.5443469003188_1_0.15 
                                 0.2210638 
 Lrnr_xgboost_30_1_21.5443469003188_2_0.15 
                                 0.2213903 
 Lrnr_xgboost_30_1_21.5443469003188_3_0.15 
                                 0.2205211 
 Lrnr_xgboost_30_1_21.5443469003188_4_0.15 
                                 0.2217505 
 Lrnr_xgboost_30_1_21.5443469003188_5_0.15 
                                 0.2227388 
[1] "mu"
[1] "done_mu"
[1] "pi"
NULL
[1] "earth"
[1] "gam_1"
[1] "xgboost"
[1] "iter: 86"
[1] "mu"
[1] "done_mu"
[1] "pi"
predictions 
  0.2205105 
[1] "mu"
[1] "done_mu"
[1] "pi"
predictions 
  0.2207795 
[1] "mu"
[1] "done_mu"
[1] "pi"
Lrnr_xgboost_100_1_21.5443469003188_1_0.15 
                                 0.2220238 
 Lrnr_xgboost_30_1_21.5443469003188_2_0.15 
                                 0.2228277 
 Lrnr_xgboost_30_1_21.5443469003188_3_0.15 
                                 0.2216501 
 Lrnr_xgboost_30_1_21.5443469003188_4_0.15 
                                 0.2218864 
 Lrnr_xgboost_30_1_21.5443469003188_5_0.15 
                                 0.2227942 
[1] "mu"
[1] "done_mu"
[1] "pi"
NULL
[1] "earth"
[1] "gam_1"
[1] "xgboost"
[1] "iter: 87"
[1] "mu"
[1] "done_mu"
[1] "pi"
predictions 
  0.2190635 
[1] "mu"
[1] "done_mu"
[1] "pi"
predictions 
  0.2186893 
[1] "mu"
[1] "done_mu"
[1] "pi"
Lrnr_xgboost_100_1_21.5443469003188_1_0.15 
                                 0.2200948 
 Lrnr_xgboost_30_1_21.5443469003188_2_0.15 
                                 0.2209219 
 Lrnr_xgboost_30_1_21.5443469003188_3_0.15 
                                 0.2199960 
 Lrnr_xgboost_30_1_21.5443469003188_4_0.15 
                                 0.2205765 
 Lrnr_xgboost_30_1_21.5443469003188_5_0.15 
                                 0.2218495 
[1] "mu"
[1] "done_mu"
[1] "pi"
NULL
[1] "earth"
[1] "gam_1"
[1] "xgboost"
[1] "iter: 88"
[1] "mu"
[1] "done_mu"
[1] "pi"
predictions 
  0.2202563 
[1] "mu"
[1] "done_mu"
[1] "pi"
predictions 
   0.219923 
[1] "mu"
[1] "done_mu"
[1] "pi"
Lrnr_xgboost_100_1_21.5443469003188_1_0.15 
                                 0.2216895 
 Lrnr_xgboost_30_1_21.5443469003188_2_0.15 
                                 0.2223948 
 Lrnr_xgboost_30_1_21.5443469003188_3_0.15 
                                 0.2213603 
 Lrnr_xgboost_30_1_21.5443469003188_4_0.15 
                                 0.2220682 
 Lrnr_xgboost_30_1_21.5443469003188_5_0.15 
                                 0.2230504 
[1] "mu"
[1] "done_mu"
[1] "pi"
NULL
[1] "earth"
[1] "gam_1"
[1] "xgboost"
[1] "iter: 89"
[1] "mu"
[1] "done_mu"
[1] "pi"
predictions 
  0.2211998 
[1] "mu"
[1] "done_mu"
[1] "pi"
predictions 
  0.2205852 
[1] "mu"
[1] "done_mu"
[1] "pi"
Lrnr_xgboost_100_1_21.5443469003188_1_0.15 
                                 0.2216633 
 Lrnr_xgboost_30_1_21.5443469003188_2_0.15 
                                 0.2226297 
 Lrnr_xgboost_30_1_21.5443469003188_3_0.15 
                                 0.2220818 
 Lrnr_xgboost_30_1_21.5443469003188_4_0.15 
                                 0.2225203 
 Lrnr_xgboost_30_1_21.5443469003188_5_0.15 
                                 0.2232397 
[1] "mu"
[1] "done_mu"
[1] "pi"
NULL
[1] "earth"
[1] "gam_1"
[1] "xgboost"
[1] "iter: 90"
[1] "mu"
[1] "done_mu"
[1] "pi"
predictions 
  0.2227872 
[1] "mu"
[1] "done_mu"
[1] "pi"
predictions 
  0.2223895 
[1] "mu"
[1] "done_mu"
[1] "pi"
Lrnr_xgboost_100_1_21.5443469003188_1_0.15 
                                 0.2235937 
 Lrnr_xgboost_30_1_21.5443469003188_2_0.15 
                                 0.2245953 
 Lrnr_xgboost_30_1_21.5443469003188_3_0.15 
                                 0.2244962 
 Lrnr_xgboost_30_1_21.5443469003188_4_0.15 
                                 0.2255359 
 Lrnr_xgboost_30_1_21.5443469003188_5_0.15 
                                 0.2260506 
[1] "mu"
[1] "done_mu"
[1] "pi"
NULL
[1] "earth"
[1] "gam_1"
[1] "xgboost"
[1] "iter: 91"
[1] "mu"
[1] "done_mu"
[1] "pi"
predictions 
  0.2195863 
[1] "mu"
[1] "done_mu"
[1] "pi"
predictions 
  0.2194329 
[1] "mu"
[1] "done_mu"
[1] "pi"
Lrnr_xgboost_100_1_21.5443469003188_1_0.15 
                                 0.2214959 
 Lrnr_xgboost_30_1_21.5443469003188_2_0.15 
                                 0.2222383 
 Lrnr_xgboost_30_1_21.5443469003188_3_0.15 
                                 0.2210446 
 Lrnr_xgboost_30_1_21.5443469003188_4_0.15 
                                 0.2219556 
 Lrnr_xgboost_30_1_21.5443469003188_5_0.15 
                                 0.2226791 
[1] "mu"
[1] "done_mu"
[1] "pi"
NULL
[1] "earth"
[1] "gam_1"
[1] "xgboost"
[1] "iter: 92"
[1] "mu"
[1] "done_mu"
[1] "pi"
predictions 
  0.2235696 
[1] "mu"
[1] "done_mu"
[1] "pi"
predictions 
  0.2229196 
[1] "mu"
[1] "done_mu"
[1] "pi"
Lrnr_xgboost_100_1_21.5443469003188_1_0.15 
                                 0.2243391 
 Lrnr_xgboost_30_1_21.5443469003188_2_0.15 
                                 0.2248433 
 Lrnr_xgboost_30_1_21.5443469003188_3_0.15 
                                 0.2238302 
 Lrnr_xgboost_30_1_21.5443469003188_4_0.15 
                                 0.2243525 
 Lrnr_xgboost_30_1_21.5443469003188_5_0.15 
                                 0.2253180 
[1] "mu"
[1] "done_mu"
[1] "pi"
NULL
[1] "earth"
[1] "gam_1"
[1] "xgboost"
[1] "iter: 93"
[1] "mu"
[1] "done_mu"
[1] "pi"
predictions 
  0.2211168 
[1] "mu"
[1] "done_mu"
[1] "pi"
predictions 
  0.2211726 
[1] "mu"
[1] "done_mu"
[1] "pi"
Lrnr_xgboost_100_1_21.5443469003188_1_0.15 
                                 0.2223360 
 Lrnr_xgboost_30_1_21.5443469003188_2_0.15 
                                 0.2230930 
 Lrnr_xgboost_30_1_21.5443469003188_3_0.15 
                                 0.2224871 
 Lrnr_xgboost_30_1_21.5443469003188_4_0.15 
                                 0.2232649 
 Lrnr_xgboost_30_1_21.5443469003188_5_0.15 
                                 0.2241361 
[1] "mu"
[1] "done_mu"
[1] "pi"
NULL
[1] "earth"
[1] "gam_1"
[1] "xgboost"
[1] "iter: 94"
[1] "mu"
[1] "done_mu"
[1] "pi"
predictions 
  0.2207805 
[1] "mu"
[1] "done_mu"
[1] "pi"
predictions 
  0.2204876 
[1] "mu"
[1] "done_mu"
[1] "pi"
Lrnr_xgboost_100_1_21.5443469003188_1_0.15 
                                 0.2221510 
 Lrnr_xgboost_30_1_21.5443469003188_2_0.15 
                                 0.2225179 
 Lrnr_xgboost_30_1_21.5443469003188_3_0.15 
                                 0.2222657 
 Lrnr_xgboost_30_1_21.5443469003188_4_0.15 
                                 0.2235661 
 Lrnr_xgboost_30_1_21.5443469003188_5_0.15 
                                 0.2248064 
[1] "mu"
[1] "done_mu"
[1] "pi"
NULL
[1] "earth"
[1] "gam_1"
[1] "xgboost"
[1] "iter: 95"
[1] "mu"
[1] "done_mu"
[1] "pi"
predictions 
   0.219168 
[1] "mu"
[1] "done_mu"
[1] "pi"
predictions 
    0.21894 
[1] "mu"
[1] "done_mu"
[1] "pi"
Lrnr_xgboost_100_1_21.5443469003188_1_0.15 
                                 0.2211753 
 Lrnr_xgboost_30_1_21.5443469003188_2_0.15 
                                 0.2221002 
 Lrnr_xgboost_30_1_21.5443469003188_3_0.15 
                                 0.2206626 
 Lrnr_xgboost_30_1_21.5443469003188_4_0.15 
                                 0.2209685 
 Lrnr_xgboost_30_1_21.5443469003188_5_0.15 
                                 0.2214478 
[1] "mu"
[1] "done_mu"
[1] "pi"
NULL
[1] "earth"
[1] "gam_1"
[1] "xgboost"
[1] "iter: 96"
[1] "mu"
[1] "done_mu"
[1] "pi"
predictions 
  0.2187656 
[1] "mu"
[1] "done_mu"
[1] "pi"
predictions 
  0.2187616 
[1] "mu"
[1] "done_mu"
[1] "pi"
Lrnr_xgboost_100_1_21.5443469003188_1_0.15 
                                 0.2204332 
 Lrnr_xgboost_30_1_21.5443469003188_2_0.15 
                                 0.2213641 
 Lrnr_xgboost_30_1_21.5443469003188_3_0.15 
                                 0.2209146 
 Lrnr_xgboost_30_1_21.5443469003188_4_0.15 
                                 0.2214554 
 Lrnr_xgboost_30_1_21.5443469003188_5_0.15 
                                 0.2229561 
[1] "mu"
[1] "done_mu"
[1] "pi"
NULL
[1] "earth"
[1] "gam_1"
[1] "xgboost"
[1] "iter: 97"
[1] "mu"
[1] "done_mu"
[1] "pi"
predictions 
   0.217029 
[1] "mu"
[1] "done_mu"
[1] "pi"
predictions 
  0.2165636 
[1] "mu"
[1] "done_mu"
[1] "pi"
Lrnr_xgboost_100_1_21.5443469003188_1_0.15 
                                 0.2186950 
 Lrnr_xgboost_30_1_21.5443469003188_2_0.15 
                                 0.2195960 
 Lrnr_xgboost_30_1_21.5443469003188_3_0.15 
                                 0.2184155 
 Lrnr_xgboost_30_1_21.5443469003188_4_0.15 
                                 0.2188151 
 Lrnr_xgboost_30_1_21.5443469003188_5_0.15 
                                 0.2200854 
[1] "mu"
[1] "done_mu"
[1] "pi"
NULL
[1] "earth"
[1] "gam_1"
[1] "xgboost"
[1] "iter: 98"
[1] "mu"
[1] "done_mu"
[1] "pi"
predictions 
  0.2233978 
[1] "mu"
[1] "done_mu"
[1] "pi"
predictions 
  0.2227928 
[1] "mu"
[1] "done_mu"
[1] "pi"
Lrnr_xgboost_100_1_21.5443469003188_1_0.15 
                                 0.2240294 
 Lrnr_xgboost_30_1_21.5443469003188_2_0.15 
                                 0.2249041 
 Lrnr_xgboost_30_1_21.5443469003188_3_0.15 
                                 0.2244234 
 Lrnr_xgboost_30_1_21.5443469003188_4_0.15 
                                 0.2253470 
 Lrnr_xgboost_30_1_21.5443469003188_5_0.15 
                                 0.2265332 
[1] "mu"
[1] "done_mu"
[1] "pi"
NULL
[1] "earth"
[1] "gam_1"
[1] "xgboost"
[1] "iter: 99"
[1] "mu"
[1] "done_mu"
[1] "pi"
predictions 
  0.2201692 
[1] "mu"
[1] "done_mu"
[1] "pi"
predictions 
   0.219987 
[1] "mu"
[1] "done_mu"
[1] "pi"
Lrnr_xgboost_100_1_21.5443469003188_1_0.15 
                                 0.2214536 
 Lrnr_xgboost_30_1_21.5443469003188_2_0.15 
                                 0.2225389 
 Lrnr_xgboost_30_1_21.5443469003188_3_0.15 
                                 0.2219346 
 Lrnr_xgboost_30_1_21.5443469003188_4_0.15 
                                 0.2224822 
 Lrnr_xgboost_30_1_21.5443469003188_5_0.15 
                                 0.2235303 
[1] "mu"
[1] "done_mu"
[1] "pi"
NULL
[1] "earth"
[1] "gam_1"
[1] "xgboost"
[1] "iter: 100"
[1] "mu"
[1] "done_mu"
[1] "pi"
predictions 
  0.2216034 
[1] "mu"
[1] "done_mu"
[1] "pi"
predictions 
  0.2212804 
[1] "mu"
[1] "done_mu"
[1] "pi"
Lrnr_xgboost_100_1_21.5443469003188_1_0.15 
                                 0.2228580 
 Lrnr_xgboost_30_1_21.5443469003188_2_0.15 
                                 0.2235906 
 Lrnr_xgboost_30_1_21.5443469003188_3_0.15 
                                 0.2225596 
 Lrnr_xgboost_30_1_21.5443469003188_4_0.15 
                                 0.2229455 
 Lrnr_xgboost_30_1_21.5443469003188_5_0.15 
                                 0.2233117 
[1] "mu"
[1] "done_mu"
[1] "pi"
NULL
[1] "earth"
[1] "gam_1"
[1] "xgboost"
[1] "iter: 101"
[1] "mu"
[1] "done_mu"
[1] "pi"
predictions 
  0.2216331 
[1] "mu"
[1] "done_mu"
[1] "pi"
predictions 
  0.2212254 
[1] "mu"
[1] "done_mu"
[1] "pi"
Lrnr_xgboost_100_1_21.5443469003188_1_0.15 
                                 0.2228688 
 Lrnr_xgboost_30_1_21.5443469003188_2_0.15 
                                 0.2234915 
 Lrnr_xgboost_30_1_21.5443469003188_3_0.15 
                                 0.2226402 
 Lrnr_xgboost_30_1_21.5443469003188_4_0.15 
                                 0.2233246 
 Lrnr_xgboost_30_1_21.5443469003188_5_0.15 
                                 0.2239108 
[1] "mu"
[1] "done_mu"
[1] "pi"
NULL
[1] "earth"
[1] "gam_1"
[1] "xgboost"
[1] "iter: 102"
[1] "mu"
[1] "done_mu"
[1] "pi"
predictions 
  0.2214876 
[1] "mu"
[1] "done_mu"
[1] "pi"
predictions 
  0.2212414 
[1] "mu"
[1] "done_mu"
[1] "pi"
Lrnr_xgboost_100_1_21.5443469003188_1_0.15 
                                 0.2222810 
 Lrnr_xgboost_30_1_21.5443469003188_2_0.15 
                                 0.2230175 
 Lrnr_xgboost_30_1_21.5443469003188_3_0.15 
                                 0.2223580 
 Lrnr_xgboost_30_1_21.5443469003188_4_0.15 
                                 0.2229906 
 Lrnr_xgboost_30_1_21.5443469003188_5_0.15 
                                 0.2242386 
[1] "mu"
[1] "done_mu"
[1] "pi"
NULL
[1] "earth"
[1] "gam_1"
[1] "xgboost"
[1] "iter: 103"
[1] "mu"
[1] "done_mu"
[1] "pi"
predictions 
  0.2228229 
[1] "mu"
[1] "done_mu"
[1] "pi"
predictions 
  0.2223188 
[1] "mu"
[1] "done_mu"
[1] "pi"
Lrnr_xgboost_100_1_21.5443469003188_1_0.15 
                                 0.2237951 
 Lrnr_xgboost_30_1_21.5443469003188_2_0.15 
                                 0.2243499 
 Lrnr_xgboost_30_1_21.5443469003188_3_0.15 
                                 0.2236766 
 Lrnr_xgboost_30_1_21.5443469003188_4_0.15 
                                 0.2244844 
 Lrnr_xgboost_30_1_21.5443469003188_5_0.15 
                                 0.2257296 
[1] "mu"
[1] "done_mu"
[1] "pi"
NULL
[1] "earth"
[1] "gam_1"
[1] "xgboost"
[1] "iter: 104"
[1] "mu"
[1] "done_mu"
[1] "pi"
predictions 
  0.2206396 
[1] "mu"
[1] "done_mu"
[1] "pi"
predictions 
  0.2204702 
[1] "mu"
[1] "done_mu"
[1] "pi"
Lrnr_xgboost_100_1_21.5443469003188_1_0.15 
                                 0.2218258 
 Lrnr_xgboost_30_1_21.5443469003188_2_0.15 
                                 0.2230050 
 Lrnr_xgboost_30_1_21.5443469003188_3_0.15 
                                 0.2214910 
 Lrnr_xgboost_30_1_21.5443469003188_4_0.15 
                                 0.2219793 
 Lrnr_xgboost_30_1_21.5443469003188_5_0.15 
                                 0.2227020 
[1] "mu"
[1] "done_mu"
[1] "pi"
NULL
[1] "earth"
[1] "gam_1"
[1] "xgboost"
[1] "iter: 105"
[1] "mu"
[1] "done_mu"
[1] "pi"
predictions 
  0.2209794 
[1] "mu"
[1] "done_mu"
[1] "pi"
predictions 
  0.2205657 
[1] "mu"
[1] "done_mu"
[1] "pi"
Lrnr_xgboost_100_1_21.5443469003188_1_0.15 
                                 0.2218066 
 Lrnr_xgboost_30_1_21.5443469003188_2_0.15 
                                 0.2223508 
 Lrnr_xgboost_30_1_21.5443469003188_3_0.15 
                                 0.2204887 
 Lrnr_xgboost_30_1_21.5443469003188_4_0.15 
                                 0.2207378 
 Lrnr_xgboost_30_1_21.5443469003188_5_0.15 
                                 0.2207724 
[1] "mu"
[1] "done_mu"
[1] "pi"
NULL
[1] "earth"
[1] "gam_1"
[1] "xgboost"
[1] "iter: 106"
[1] "mu"
[1] "done_mu"
[1] "pi"
predictions 
  0.2202478 
[1] "mu"
[1] "done_mu"
[1] "pi"
predictions 
   0.220417 
[1] "mu"
[1] "done_mu"
[1] "pi"
Lrnr_xgboost_100_1_21.5443469003188_1_0.15 
                                 0.2218411 
 Lrnr_xgboost_30_1_21.5443469003188_2_0.15 
                                 0.2221581 
 Lrnr_xgboost_30_1_21.5443469003188_3_0.15 
                                 0.2206838 
 Lrnr_xgboost_30_1_21.5443469003188_4_0.15 
                                 0.2210761 
 Lrnr_xgboost_30_1_21.5443469003188_5_0.15 
                                 0.2221248 
[1] "mu"
[1] "done_mu"
[1] "pi"
NULL
[1] "earth"
[1] "gam_1"
[1] "xgboost"
[1] "iter: 107"
[1] "mu"
[1] "done_mu"
[1] "pi"
predictions 
  0.2211377 
[1] "mu"
[1] "done_mu"
[1] "pi"
predictions 
  0.2211297 
[1] "mu"
[1] "done_mu"
[1] "pi"
Lrnr_xgboost_100_1_21.5443469003188_1_0.15 
                                 0.2229141 
 Lrnr_xgboost_30_1_21.5443469003188_2_0.15 
                                 0.2240167 
 Lrnr_xgboost_30_1_21.5443469003188_3_0.15 
                                 0.2230638 
 Lrnr_xgboost_30_1_21.5443469003188_4_0.15 
                                 0.2236170 
 Lrnr_xgboost_30_1_21.5443469003188_5_0.15 
                                 0.2242347 
[1] "mu"
[1] "done_mu"
[1] "pi"
NULL
[1] "earth"
[1] "gam_1"
[1] "xgboost"
[1] "iter: 108"
[1] "mu"
[1] "done_mu"
[1] "pi"
predictions 
   0.220759 
[1] "mu"
[1] "done_mu"
[1] "pi"
predictions 
  0.2207083 
[1] "mu"
[1] "done_mu"
[1] "pi"
Lrnr_xgboost_100_1_21.5443469003188_1_0.15 
                                 0.2220040 
 Lrnr_xgboost_30_1_21.5443469003188_2_0.15 
                                 0.2233694 
 Lrnr_xgboost_30_1_21.5443469003188_3_0.15 
                                 0.2220504 
 Lrnr_xgboost_30_1_21.5443469003188_4_0.15 
                                 0.2229574 
 Lrnr_xgboost_30_1_21.5443469003188_5_0.15 
                                 0.2240195 
[1] "mu"
[1] "done_mu"
[1] "pi"
NULL
[1] "earth"
[1] "gam_1"
[1] "xgboost"
[1] "iter: 109"
[1] "mu"
[1] "done_mu"
[1] "pi"
predictions 
  0.2222497 
[1] "mu"
[1] "done_mu"
[1] "pi"
predictions 
  0.2221111 
[1] "mu"
[1] "done_mu"
[1] "pi"
Lrnr_xgboost_100_1_21.5443469003188_1_0.15 
                                 0.2239023 
 Lrnr_xgboost_30_1_21.5443469003188_2_0.15 
                                 0.2249027 
 Lrnr_xgboost_30_1_21.5443469003188_3_0.15 
                                 0.2239238 
 Lrnr_xgboost_30_1_21.5443469003188_4_0.15 
                                 0.2247558 
 Lrnr_xgboost_30_1_21.5443469003188_5_0.15 
                                 0.2256128 
[1] "mu"
[1] "done_mu"
[1] "pi"
NULL
[1] "earth"
[1] "gam_1"
[1] "xgboost"
[1] "iter: 110"
[1] "mu"
[1] "done_mu"
[1] "pi"
predictions 
  0.2216926 
[1] "mu"
[1] "done_mu"
[1] "pi"
predictions 
  0.2217899 
[1] "mu"
[1] "done_mu"
[1] "pi"
Lrnr_xgboost_100_1_21.5443469003188_1_0.15 
                                 0.2228180 
 Lrnr_xgboost_30_1_21.5443469003188_2_0.15 
                                 0.2238476 
 Lrnr_xgboost_30_1_21.5443469003188_3_0.15 
                                 0.2233853 
 Lrnr_xgboost_30_1_21.5443469003188_4_0.15 
                                 0.2234464 
 Lrnr_xgboost_30_1_21.5443469003188_5_0.15 
                                 0.2241553 
[1] "mu"
[1] "done_mu"
[1] "pi"
NULL
[1] "earth"
[1] "gam_1"
[1] "xgboost"
[1] "iter: 111"
[1] "mu"
[1] "done_mu"
[1] "pi"
predictions 
  0.2230745 
[1] "mu"
[1] "done_mu"
[1] "pi"
predictions 
  0.2231559 
[1] "mu"
[1] "done_mu"
[1] "pi"
Lrnr_xgboost_100_1_21.5443469003188_1_0.15 
                                 0.2247326 
 Lrnr_xgboost_30_1_21.5443469003188_2_0.15 
                                 0.2253391 
 Lrnr_xgboost_30_1_21.5443469003188_3_0.15 
                                 0.2245002 
 Lrnr_xgboost_30_1_21.5443469003188_4_0.15 
                                 0.2248039 
 Lrnr_xgboost_30_1_21.5443469003188_5_0.15 
                                 0.2257188 
[1] "mu"
[1] "done_mu"
[1] "pi"
NULL
[1] "earth"
[1] "gam_1"
[1] "xgboost"
[1] "iter: 112"
[1] "mu"
[1] "done_mu"
[1] "pi"
predictions 
  0.2208378 
[1] "mu"
[1] "done_mu"
[1] "pi"
predictions 
  0.2199822 
[1] "mu"
[1] "done_mu"
[1] "pi"
Lrnr_xgboost_100_1_21.5443469003188_1_0.15 
                                 0.2212634 
 Lrnr_xgboost_30_1_21.5443469003188_2_0.15 
                                 0.2218912 
 Lrnr_xgboost_30_1_21.5443469003188_3_0.15 
                                 0.2210305 
 Lrnr_xgboost_30_1_21.5443469003188_4_0.15 
                                 0.2217391 
 Lrnr_xgboost_30_1_21.5443469003188_5_0.15 
                                 0.2228871 
[1] "mu"
[1] "done_mu"
[1] "pi"
NULL
[1] "earth"
[1] "gam_1"
[1] "xgboost"
[1] "iter: 113"
[1] "mu"
[1] "done_mu"
[1] "pi"
predictions 
   0.220664 
[1] "mu"
[1] "done_mu"
[1] "pi"
predictions 
  0.2204219 
[1] "mu"
[1] "done_mu"
[1] "pi"
Lrnr_xgboost_100_1_21.5443469003188_1_0.15 
                                 0.2225361 
 Lrnr_xgboost_30_1_21.5443469003188_2_0.15 
                                 0.2233242 
 Lrnr_xgboost_30_1_21.5443469003188_3_0.15 
                                 0.2221072 
 Lrnr_xgboost_30_1_21.5443469003188_4_0.15 
                                 0.2227680 
 Lrnr_xgboost_30_1_21.5443469003188_5_0.15 
                                 0.2236143 
[1] "mu"
[1] "done_mu"
[1] "pi"
NULL
[1] "earth"
[1] "gam_1"
[1] "xgboost"
[1] "iter: 114"
[1] "mu"
[1] "done_mu"
[1] "pi"
predictions 
  0.2229858 
[1] "mu"
[1] "done_mu"
[1] "pi"
predictions 
  0.2222986 
[1] "mu"
[1] "done_mu"
[1] "pi"
Lrnr_xgboost_100_1_21.5443469003188_1_0.15 
                                 0.2235544 
 Lrnr_xgboost_30_1_21.5443469003188_2_0.15 
                                 0.2241985 
 Lrnr_xgboost_30_1_21.5443469003188_3_0.15 
                                 0.2231639 
 Lrnr_xgboost_30_1_21.5443469003188_4_0.15 
                                 0.2239122 
 Lrnr_xgboost_30_1_21.5443469003188_5_0.15 
                                 0.2251817 
[1] "mu"
[1] "done_mu"
[1] "pi"
NULL
[1] "earth"
[1] "gam_1"
[1] "xgboost"
[1] "iter: 115"
[1] "mu"
[1] "done_mu"
[1] "pi"
predictions 
  0.2207965 
[1] "mu"
[1] "done_mu"
[1] "pi"
predictions 
  0.2204584 
[1] "mu"
[1] "done_mu"
[1] "pi"
Lrnr_xgboost_100_1_21.5443469003188_1_0.15 
                                 0.2221599 
 Lrnr_xgboost_30_1_21.5443469003188_2_0.15 
                                 0.2228673 
 Lrnr_xgboost_30_1_21.5443469003188_3_0.15 
                                 0.2220573 
 Lrnr_xgboost_30_1_21.5443469003188_4_0.15 
                                 0.2228263 
 Lrnr_xgboost_30_1_21.5443469003188_5_0.15 
                                 0.2236476 
[1] "mu"
[1] "done_mu"
[1] "pi"
NULL
[1] "earth"
[1] "gam_1"
[1] "xgboost"
[1] "iter: 116"
[1] "mu"
[1] "done_mu"
[1] "pi"
predictions 
  0.2211634 
[1] "mu"
[1] "done_mu"
[1] "pi"
predictions 
  0.2207937 
[1] "mu"
[1] "done_mu"
[1] "pi"
Lrnr_xgboost_100_1_21.5443469003188_1_0.15 
                                 0.2222642 
 Lrnr_xgboost_30_1_21.5443469003188_2_0.15 
                                 0.2235204 
 Lrnr_xgboost_30_1_21.5443469003188_3_0.15 
                                 0.2221246 
 Lrnr_xgboost_30_1_21.5443469003188_4_0.15 
                                 0.2227479 
 Lrnr_xgboost_30_1_21.5443469003188_5_0.15 
                                 0.2238899 
[1] "mu"
[1] "done_mu"
[1] "pi"
NULL
[1] "earth"
[1] "gam_1"
[1] "xgboost"
[1] "iter: 117"
[1] "mu"
[1] "done_mu"
[1] "pi"
predictions 
  0.2203591 
[1] "mu"
[1] "done_mu"
[1] "pi"
predictions 
   0.219959 
[1] "mu"
[1] "done_mu"
[1] "pi"
Lrnr_xgboost_100_1_21.5443469003188_1_0.15 
                                 0.2218880 
 Lrnr_xgboost_30_1_21.5443469003188_2_0.15 
                                 0.2223187 
 Lrnr_xgboost_30_1_21.5443469003188_3_0.15 
                                 0.2210010 
 Lrnr_xgboost_30_1_21.5443469003188_4_0.15 
                                 0.2216554 
 Lrnr_xgboost_30_1_21.5443469003188_5_0.15 
                                 0.2219035 
[1] "mu"
[1] "done_mu"
[1] "pi"
NULL
[1] "earth"
[1] "gam_1"
[1] "xgboost"
[1] "iter: 118"
[1] "mu"
[1] "done_mu"
[1] "pi"
predictions 
  0.2187659 
[1] "mu"
[1] "done_mu"
[1] "pi"
predictions 
  0.2182382 
[1] "mu"
[1] "done_mu"
[1] "pi"
Lrnr_xgboost_100_1_21.5443469003188_1_0.15 
                                 0.2204672 
 Lrnr_xgboost_30_1_21.5443469003188_2_0.15 
                                 0.2211814 
 Lrnr_xgboost_30_1_21.5443469003188_3_0.15 
                                 0.2197642 
 Lrnr_xgboost_30_1_21.5443469003188_4_0.15 
                                 0.2204529 
 Lrnr_xgboost_30_1_21.5443469003188_5_0.15 
                                 0.2214211 
[1] "mu"
[1] "done_mu"
[1] "pi"
NULL
[1] "earth"
[1] "gam_1"
[1] "xgboost"
[1] "iter: 119"
[1] "mu"
[1] "done_mu"
[1] "pi"
predictions 
  0.2194901 
[1] "mu"
[1] "done_mu"
[1] "pi"
predictions 
  0.2191672 
[1] "mu"
[1] "done_mu"
[1] "pi"
Lrnr_xgboost_100_1_21.5443469003188_1_0.15 
                                 0.2204500 
 Lrnr_xgboost_30_1_21.5443469003188_2_0.15 
                                 0.2212019 
 Lrnr_xgboost_30_1_21.5443469003188_3_0.15 
                                 0.2199398 
 Lrnr_xgboost_30_1_21.5443469003188_4_0.15 
                                 0.2201452 
 Lrnr_xgboost_30_1_21.5443469003188_5_0.15 
                                 0.2208841 
[1] "mu"
[1] "done_mu"
[1] "pi"
NULL
[1] "earth"
[1] "gam_1"
[1] "xgboost"
[1] "iter: 120"
[1] "mu"
[1] "done_mu"
[1] "pi"
predictions 
   0.220514 
[1] "mu"
[1] "done_mu"
[1] "pi"
predictions 
  0.2200917 
[1] "mu"
[1] "done_mu"
[1] "pi"
Lrnr_xgboost_100_1_21.5443469003188_1_0.15 
                                 0.2216795 
 Lrnr_xgboost_30_1_21.5443469003188_2_0.15 
                                 0.2226653 
 Lrnr_xgboost_30_1_21.5443469003188_3_0.15 
                                 0.2214891 
 Lrnr_xgboost_30_1_21.5443469003188_4_0.15 
                                 0.2219064 
 Lrnr_xgboost_30_1_21.5443469003188_5_0.15 
                                 0.2227597 
[1] "mu"
[1] "done_mu"
[1] "pi"
NULL
[1] "earth"
[1] "gam_1"
[1] "xgboost"
[1] "iter: 121"
[1] "mu"
[1] "done_mu"
[1] "pi"
predictions 
  0.2222436 
[1] "mu"
[1] "done_mu"
[1] "pi"
predictions 
  0.2220016 
[1] "mu"
[1] "done_mu"
[1] "pi"
Lrnr_xgboost_100_1_21.5443469003188_1_0.15 
                                 0.2235551 
 Lrnr_xgboost_30_1_21.5443469003188_2_0.15 
                                 0.2242495 
 Lrnr_xgboost_30_1_21.5443469003188_3_0.15 
                                 0.2232305 
 Lrnr_xgboost_30_1_21.5443469003188_4_0.15 
                                 0.2241109 
 Lrnr_xgboost_30_1_21.5443469003188_5_0.15 
                                 0.2249367 
[1] "mu"
[1] "done_mu"
[1] "pi"
NULL
[1] "earth"
[1] "gam_1"
[1] "xgboost"
[1] "iter: 122"
[1] "mu"
[1] "done_mu"
[1] "pi"
predictions 
  0.2194508 
[1] "mu"
[1] "done_mu"
[1] "pi"
predictions 
   0.219116 
[1] "mu"
[1] "done_mu"
[1] "pi"
Lrnr_xgboost_100_1_21.5443469003188_1_0.15 
                                 0.2208820 
 Lrnr_xgboost_30_1_21.5443469003188_2_0.15 
                                 0.2215836 
 Lrnr_xgboost_30_1_21.5443469003188_3_0.15 
                                 0.2206918 
 Lrnr_xgboost_30_1_21.5443469003188_4_0.15 
                                 0.2216192 
 Lrnr_xgboost_30_1_21.5443469003188_5_0.15 
                                 0.2220969 
[1] "mu"
[1] "done_mu"
[1] "pi"
NULL
[1] "earth"
[1] "gam_1"
[1] "xgboost"
[1] "iter: 123"
[1] "mu"
[1] "done_mu"
[1] "pi"
predictions 
  0.2182534 
[1] "mu"
[1] "done_mu"
[1] "pi"
predictions 
  0.2180832 
[1] "mu"
[1] "done_mu"
[1] "pi"
Lrnr_xgboost_100_1_21.5443469003188_1_0.15 
                                 0.2192719 
 Lrnr_xgboost_30_1_21.5443469003188_2_0.15 
                                 0.2199749 
 Lrnr_xgboost_30_1_21.5443469003188_3_0.15 
                                 0.2193070 
 Lrnr_xgboost_30_1_21.5443469003188_4_0.15 
                                 0.2196002 
 Lrnr_xgboost_30_1_21.5443469003188_5_0.15 
                                 0.2208588 
[1] "mu"
[1] "done_mu"
[1] "pi"
NULL
[1] "earth"
[1] "gam_1"
[1] "xgboost"
[1] "iter: 124"
[1] "mu"
[1] "done_mu"
[1] "pi"
predictions 
  0.2212499 
[1] "mu"
[1] "done_mu"
[1] "pi"
predictions 
  0.2206939 
[1] "mu"
[1] "done_mu"
[1] "pi"
Lrnr_xgboost_100_1_21.5443469003188_1_0.15 
                                 0.2214704 
 Lrnr_xgboost_30_1_21.5443469003188_2_0.15 
                                 0.2221687 
 Lrnr_xgboost_30_1_21.5443469003188_3_0.15 
                                 0.2218934 
 Lrnr_xgboost_30_1_21.5443469003188_4_0.15 
                                 0.2230786 
 Lrnr_xgboost_30_1_21.5443469003188_5_0.15 
                                 0.2244135 
[1] "mu"
[1] "done_mu"
[1] "pi"
NULL
[1] "earth"
[1] "gam_1"
[1] "xgboost"
[1] "iter: 125"
[1] "mu"
[1] "done_mu"
[1] "pi"
predictions 
  0.2229664 
[1] "mu"
[1] "done_mu"
[1] "pi"
predictions 
   0.222375 
[1] "mu"
[1] "done_mu"
[1] "pi"
Lrnr_xgboost_100_1_21.5443469003188_1_0.15 
                                 0.2238429 
 Lrnr_xgboost_30_1_21.5443469003188_2_0.15 
                                 0.2246025 
 Lrnr_xgboost_30_1_21.5443469003188_3_0.15 
                                 0.2238840 
 Lrnr_xgboost_30_1_21.5443469003188_4_0.15 
                                 0.2247366 
 Lrnr_xgboost_30_1_21.5443469003188_5_0.15 
                                 0.2258173 
[1] "mu"
[1] "done_mu"
[1] "pi"
NULL
[1] "earth"
[1] "gam_1"
[1] "xgboost"
[1] "iter: 126"
[1] "mu"
[1] "done_mu"
[1] "pi"
predictions 
  0.2203058 
[1] "mu"
[1] "done_mu"
[1] "pi"
predictions 
   0.219598 
[1] "mu"
[1] "done_mu"
[1] "pi"
Lrnr_xgboost_100_1_21.5443469003188_1_0.15 
                                 0.2215350 
 Lrnr_xgboost_30_1_21.5443469003188_2_0.15 
                                 0.2224702 
 Lrnr_xgboost_30_1_21.5443469003188_3_0.15 
                                 0.2210849 
 Lrnr_xgboost_30_1_21.5443469003188_4_0.15 
                                 0.2221337 
 Lrnr_xgboost_30_1_21.5443469003188_5_0.15 
                                 0.2231603 
[1] "mu"
[1] "done_mu"
[1] "pi"
NULL
[1] "earth"
[1] "gam_1"
[1] "xgboost"
[1] "iter: 127"
[1] "mu"
[1] "done_mu"
[1] "pi"
predictions 
  0.2201743 
[1] "mu"
[1] "done_mu"
[1] "pi"
predictions 
  0.2198128 
[1] "mu"
[1] "done_mu"
[1] "pi"
Lrnr_xgboost_100_1_21.5443469003188_1_0.15 
                                 0.2209920 
 Lrnr_xgboost_30_1_21.5443469003188_2_0.15 
                                 0.2217130 
 Lrnr_xgboost_30_1_21.5443469003188_3_0.15 
                                 0.2210087 
 Lrnr_xgboost_30_1_21.5443469003188_4_0.15 
                                 0.2213963 
 Lrnr_xgboost_30_1_21.5443469003188_5_0.15 
                                 0.2224034 
[1] "mu"
[1] "done_mu"
[1] "pi"
NULL
[1] "earth"
[1] "gam_1"
[1] "xgboost"
[1] "iter: 128"
[1] "mu"
[1] "done_mu"
[1] "pi"
predictions 
  0.2181085 
[1] "mu"
[1] "done_mu"
[1] "pi"
predictions 
  0.2177784 
[1] "mu"
[1] "done_mu"
[1] "pi"
Lrnr_xgboost_100_1_21.5443469003188_1_0.15 
                                 0.2193352 
 Lrnr_xgboost_30_1_21.5443469003188_2_0.15 
                                 0.2205734 
 Lrnr_xgboost_30_1_21.5443469003188_3_0.15 
                                 0.2194140 
 Lrnr_xgboost_30_1_21.5443469003188_4_0.15 
                                 0.2200144 
 Lrnr_xgboost_30_1_21.5443469003188_5_0.15 
                                 0.2209018 
[1] "mu"
[1] "done_mu"
[1] "pi"
NULL
[1] "earth"
[1] "gam_1"
[1] "xgboost"
[1] "iter: 129"
[1] "mu"
[1] "done_mu"
[1] "pi"
predictions 
  0.2177118 
[1] "mu"
[1] "done_mu"
[1] "pi"
predictions 
  0.2171351 
[1] "mu"
[1] "done_mu"
[1] "pi"
Lrnr_xgboost_100_1_21.5443469003188_1_0.15 
                                 0.2193903 
 Lrnr_xgboost_30_1_21.5443469003188_2_0.15 
                                 0.2202730 
 Lrnr_xgboost_30_1_21.5443469003188_3_0.15 
                                 0.2184388 
 Lrnr_xgboost_30_1_21.5443469003188_4_0.15 
                                 0.2189931 
 Lrnr_xgboost_30_1_21.5443469003188_5_0.15 
                                 0.2195940 
[1] "mu"
[1] "done_mu"
[1] "pi"
NULL
[1] "earth"
[1] "gam_1"
[1] "xgboost"
[1] "iter: 130"
[1] "mu"
[1] "done_mu"
[1] "pi"
predictions 
  0.2220575 
[1] "mu"
[1] "done_mu"
[1] "pi"
predictions 
  0.2210561 
[1] "mu"
[1] "done_mu"
[1] "pi"
Lrnr_xgboost_100_1_21.5443469003188_1_0.15 
                                 0.2223501 
 Lrnr_xgboost_30_1_21.5443469003188_2_0.15 
                                 0.2230374 
 Lrnr_xgboost_30_1_21.5443469003188_3_0.15 
                                 0.2220460 
 Lrnr_xgboost_30_1_21.5443469003188_4_0.15 
                                 0.2223934 
 Lrnr_xgboost_30_1_21.5443469003188_5_0.15 
                                 0.2240096 
[1] "mu"
[1] "done_mu"
[1] "pi"
NULL
[1] "earth"
[1] "gam_1"
[1] "xgboost"
[1] "iter: 131"
[1] "mu"
[1] "done_mu"
[1] "pi"
predictions 
  0.2186638 
[1] "mu"
[1] "done_mu"
[1] "pi"
predictions 
  0.2186471 
[1] "mu"
[1] "done_mu"
[1] "pi"
Lrnr_xgboost_100_1_21.5443469003188_1_0.15 
                                 0.2205140 
 Lrnr_xgboost_30_1_21.5443469003188_2_0.15 
                                 0.2210625 
 Lrnr_xgboost_30_1_21.5443469003188_3_0.15 
                                 0.2200773 
 Lrnr_xgboost_30_1_21.5443469003188_4_0.15 
                                 0.2206666 
 Lrnr_xgboost_30_1_21.5443469003188_5_0.15 
                                 0.2215466 
[1] "mu"
[1] "done_mu"
[1] "pi"
NULL
[1] "earth"
