LOADING R
R LOADED
[1] "/home/lvanderl/Rlibs2"                         
[2] "/app/software/R/4.2.2-foss-2021b/lib/R/library"
[1] "/home/lvanderl/sieveSims"
[1] "Iteration number: 1"
[1] "pos"
[1] 0.0434722 0.9154314
[1] "Fitting mu0 = E[Y|A=0,W]"
[1] "Iteration number: 2"
[1] "pos"
[1] 0.04438299 0.91439398
[1] "Fitting mu0 = E[Y|A=0,W]"
[1] "Iteration number: 3"
[1] "pos"
[1] 0.04453205 0.91928906
[1] "Fitting mu0 = E[Y|A=0,W]"
[1] "Iteration number: 4"
[1] "pos"
[1] 0.05014255 0.89570979
[1] "Fitting mu0 = E[Y|A=0,W]"
[1] "Iteration number: 5"
[1] "pos"
[1] 0.0421349 0.9168030
[1] "Fitting mu0 = E[Y|A=0,W]"
[1] "Iteration number: 6"
[1] "pos"
[1] 0.04172917 0.91240569
[1] "Fitting mu0 = E[Y|A=0,W]"
[1] "Iteration number: 7"
[1] "pos"
[1] 0.04382939 0.89010027
[1] "Fitting mu0 = E[Y|A=0,W]"
[1] "Iteration number: 8"
[1] "pos"
[1] 0.05262252 0.91412659
[1] "Fitting mu0 = E[Y|A=0,W]"
[1] "Iteration number: 9"
[1] "pos"
[1] 0.04118019 0.91882314
[1] "Fitting mu0 = E[Y|A=0,W]"
[1] "Iteration number: 10"
[1] "pos"
[1] 0.04371481 0.91582674
[1] "Fitting mu0 = E[Y|A=0,W]"
[1] "Iteration number: 11"
[1] "pos"
[1] 0.04169741 0.91094542
[1] "Fitting mu0 = E[Y|A=0,W]"
[1] "Iteration number: 12"
[1] "pos"
[1] 0.04097561 0.90487181
[1] "Fitting mu0 = E[Y|A=0,W]"
[1] "Iteration number: 13"
[1] "pos"
[1] 0.04198538 0.91295688
[1] "Fitting mu0 = E[Y|A=0,W]"
[1] "Iteration number: 14"
[1] "pos"
[1] 0.04914298 0.91349004
[1] "Fitting mu0 = E[Y|A=0,W]"
[1] "Iteration number: 15"
[1] "pos"
[1] 0.03935851 0.91287021
[1] "Fitting mu0 = E[Y|A=0,W]"
[1] "Iteration number: 16"
[1] "pos"
[1] 0.05584891 0.89734654
[1] "Fitting mu0 = E[Y|A=0,W]"
[1] "Iteration number: 17"
[1] "pos"
[1] 0.04106249 0.91492700
[1] "Fitting mu0 = E[Y|A=0,W]"
[1] "Iteration number: 18"
[1] "pos"
[1] 0.03948937 0.90080081
[1] "Fitting mu0 = E[Y|A=0,W]"
[1] "Iteration number: 19"
[1] "pos"
[1] 0.04191929 0.91820886
[1] "Fitting mu0 = E[Y|A=0,W]"
[1] "Iteration number: 20"
[1] "pos"
[1] 0.04306657 0.90552602
[1] "Fitting mu0 = E[Y|A=0,W]"
[1] "Iteration number: 21"
[1] "pos"
[1] 0.04417505 0.91155760
[1] "Fitting mu0 = E[Y|A=0,W]"
[1] "Iteration number: 22"
[1] "pos"
[1] 0.03901117 0.91700962
[1] "Fitting mu0 = E[Y|A=0,W]"
[1] "Iteration number: 23"
[1] "pos"
[1] 0.04360332 0.91211801
[1] "Fitting mu0 = E[Y|A=0,W]"
[1] "Iteration number: 24"
[1] "pos"
[1] 0.04306363 0.91514973
[1] "Fitting mu0 = E[Y|A=0,W]"
[1] "Iteration number: 25"
[1] "pos"
[1] 0.04929989 0.90637268
[1] "Fitting mu0 = E[Y|A=0,W]"
[1] "Iteration number: 26"
[1] "pos"
[1] 0.04572212 0.91466071
[1] "Fitting mu0 = E[Y|A=0,W]"
[1] "Iteration number: 27"
[1] "pos"
[1] 0.04239786 0.90285727
[1] "Fitting mu0 = E[Y|A=0,W]"
[1] "Iteration number: 28"
[1] "pos"
[1] 0.04096052 0.90622970
[1] "Fitting mu0 = E[Y|A=0,W]"
[1] "Iteration number: 29"
[1] "pos"
[1] 0.04166293 0.91893006
[1] "Fitting mu0 = E[Y|A=0,W]"
[1] "Iteration number: 30"
[1] "pos"
[1] 0.04636412 0.91592480
[1] "Fitting mu0 = E[Y|A=0,W]"
[1] "Iteration number: 31"
[1] "pos"
[1] 0.04073388 0.91210926
[1] "Fitting mu0 = E[Y|A=0,W]"
[1] "Iteration number: 32"
[1] "pos"
[1] 0.04273598 0.91918450
[1] "Fitting mu0 = E[Y|A=0,W]"
[1] "Iteration number: 33"
[1] "pos"
[1] 0.03856945 0.91245579
[1] "Fitting mu0 = E[Y|A=0,W]"
[1] "Iteration number: 34"
[1] "pos"
[1] 0.03867036 0.89574480
[1] "Fitting mu0 = E[Y|A=0,W]"
[1] "Iteration number: 35"
[1] "pos"
[1] 0.04053277 0.91280648
[1] "Fitting mu0 = E[Y|A=0,W]"
[1] "Iteration number: 36"
[1] "pos"
[1] 0.04402437 0.91640524
[1] "Fitting mu0 = E[Y|A=0,W]"
[1] "Iteration number: 37"
[1] "pos"
[1] 0.04714836 0.90205321
[1] "Fitting mu0 = E[Y|A=0,W]"
[1] "Iteration number: 38"
[1] "pos"
[1] 0.04079548 0.91147415
[1] "Fitting mu0 = E[Y|A=0,W]"
[1] "Iteration number: 39"
[1] "pos"
[1] 0.04667937 0.89477114
[1] "Fitting mu0 = E[Y|A=0,W]"
[1] "Iteration number: 40"
[1] "pos"
[1] 0.04709042 0.90408529
[1] "Fitting mu0 = E[Y|A=0,W]"
[1] "Iteration number: 41"
[1] "pos"
[1] 0.04847644 0.90715190
[1] "Fitting mu0 = E[Y|A=0,W]"
[1] "Iteration number: 42"
[1] "pos"
[1] 0.04285909 0.91572025
[1] "Fitting mu0 = E[Y|A=0,W]"
[1] "Iteration number: 43"
[1] "pos"
[1] 0.04435856 0.90836811
[1] "Fitting mu0 = E[Y|A=0,W]"
[1] "Iteration number: 44"
[1] "pos"
[1] 0.04185727 0.90645186
[1] "Fitting mu0 = E[Y|A=0,W]"
[1] "Iteration number: 45"
[1] "pos"
[1] 0.03995463 0.91325264
[1] "Fitting mu0 = E[Y|A=0,W]"
[1] "Iteration number: 46"
[1] "pos"
[1] 0.04379162 0.90311777
[1] "Fitting mu0 = E[Y|A=0,W]"
[1] "Iteration number: 47"
[1] "pos"
[1] 0.04019349 0.90536369
[1] "Fitting mu0 = E[Y|A=0,W]"
[1] "Iteration number: 48"
[1] "pos"
[1] 0.04298349 0.91159996
[1] "Fitting mu0 = E[Y|A=0,W]"
[1] "Iteration number: 49"
[1] "pos"
[1] 0.04296901 0.89780086
[1] "Fitting mu0 = E[Y|A=0,W]"
[1] "Iteration number: 50"
[1] "pos"
[1] 0.04081553 0.90896938
[1] "Fitting mu0 = E[Y|A=0,W]"
[1] "Iteration number: 51"
[1] "pos"
[1] 0.03980394 0.90763905
[1] "Fitting mu0 = E[Y|A=0,W]"
[1] "Iteration number: 52"
[1] "pos"
[1] 0.03914436 0.90952535
[1] "Fitting mu0 = E[Y|A=0,W]"
[1] "Iteration number: 53"
[1] "pos"
[1] 0.05080417 0.90481715
[1] "Fitting mu0 = E[Y|A=0,W]"
[1] "Iteration number: 54"
[1] "pos"
[1] 0.04200945 0.91416546
[1] "Fitting mu0 = E[Y|A=0,W]"
[1] "Iteration number: 55"
[1] "pos"
[1] 0.04553907 0.91709770
[1] "Fitting mu0 = E[Y|A=0,W]"
[1] "Iteration number: 56"
[1] "pos"
[1] 0.05010817 0.90744773
[1] "Fitting mu0 = E[Y|A=0,W]"
[1] "Iteration number: 57"
[1] "pos"
[1] 0.05440773 0.90973215
[1] "Fitting mu0 = E[Y|A=0,W]"
[1] "Iteration number: 58"
[1] "pos"
[1] 0.04031699 0.90061522
[1] "Fitting mu0 = E[Y|A=0,W]"
[1] "Iteration number: 59"
[1] "pos"
[1] 0.04627972 0.89821387
[1] "Fitting mu0 = E[Y|A=0,W]"
[1] "Iteration number: 60"
[1] "pos"
[1] 0.04099282 0.90950384
[1] "Fitting mu0 = E[Y|A=0,W]"
[1] "Iteration number: 61"
[1] "pos"
[1] 0.04005705 0.91270156
[1] "Fitting mu0 = E[Y|A=0,W]"
[1] "Iteration number: 62"
[1] "pos"
[1] 0.04377527 0.91232530
[1] "Fitting mu0 = E[Y|A=0,W]"
[1] "Iteration number: 63"
[1] "pos"
[1] 0.03805817 0.91561682
[1] "Fitting mu0 = E[Y|A=0,W]"
[1] "Iteration number: 64"
[1] "pos"
[1] 0.0382827 0.9160998
[1] "Fitting mu0 = E[Y|A=0,W]"
[1] "Iteration number: 65"
[1] "pos"
[1] 0.0446704 0.9178107
[1] "Fitting mu0 = E[Y|A=0,W]"
[1] "Iteration number: 66"
[1] "pos"
[1] 0.04893721 0.90556541
[1] "Fitting mu0 = E[Y|A=0,W]"
[1] "Iteration number: 67"
[1] "pos"
[1] 0.0504740 0.9134581
[1] "Fitting mu0 = E[Y|A=0,W]"
[1] "Iteration number: 68"
[1] "pos"
[1] 0.04180145 0.91022939
[1] "Fitting mu0 = E[Y|A=0,W]"
[1] "Iteration number: 69"
[1] "pos"
[1] 0.04586846 0.90788704
[1] "Fitting mu0 = E[Y|A=0,W]"
[1] "Iteration number: 70"
[1] "pos"
[1] 0.04095145 0.91463039
[1] "Fitting mu0 = E[Y|A=0,W]"
[1] "Iteration number: 71"
[1] "pos"
[1] 0.04465701 0.91213714
[1] "Fitting mu0 = E[Y|A=0,W]"
[1] "Iteration number: 72"
[1] "pos"
[1] 0.04253748 0.89427650
[1] "Fitting mu0 = E[Y|A=0,W]"
[1] "Iteration number: 73"
[1] "pos"
[1] 0.04003907 0.90820013
[1] "Fitting mu0 = E[Y|A=0,W]"
[1] "Iteration number: 74"
[1] "pos"
[1] 0.04246098 0.89793347
[1] "Fitting mu0 = E[Y|A=0,W]"
[1] "Iteration number: 75"
[1] "pos"
[1] 0.04211352 0.90610098
[1] "Fitting mu0 = E[Y|A=0,W]"
[1] "Iteration number: 76"
[1] "pos"
[1] 0.03958073 0.91436859
[1] "Fitting mu0 = E[Y|A=0,W]"
[1] "Iteration number: 77"
[1] "pos"
[1] 0.05077631 0.91408993
[1] "Fitting mu0 = E[Y|A=0,W]"
[1] "Iteration number: 78"
[1] "pos"
[1] 0.03976842 0.90542632
[1] "Fitting mu0 = E[Y|A=0,W]"
[1] "Iteration number: 79"
[1] "pos"
[1] 0.04547339 0.91653868
[1] "Fitting mu0 = E[Y|A=0,W]"
[1] "Iteration number: 80"
[1] "pos"
[1] 0.04337975 0.90958561
[1] "Fitting mu0 = E[Y|A=0,W]"
[1] "Iteration number: 81"
[1] "pos"
[1] 0.04309173 0.90880078
[1] "Fitting mu0 = E[Y|A=0,W]"
[1] "Iteration number: 82"
[1] "pos"
[1] 0.04263116 0.91056846
[1] "Fitting mu0 = E[Y|A=0,W]"
[1] "Iteration number: 83"
[1] "pos"
[1] 0.04740765 0.90418226
[1] "Fitting mu0 = E[Y|A=0,W]"
[1] "Iteration number: 84"
[1] "pos"
[1] 0.03824263 0.90683215
[1] "Fitting mu0 = E[Y|A=0,W]"
[1] "Iteration number: 85"
[1] "pos"
[1] 0.03970271 0.90728579
[1] "Fitting mu0 = E[Y|A=0,W]"
[1] "Iteration number: 86"
[1] "pos"
[1] 0.04211985 0.90688920
[1] "Fitting mu0 = E[Y|A=0,W]"
[1] "Iteration number: 87"
[1] "pos"
[1] 0.04040907 0.90019909
[1] "Fitting mu0 = E[Y|A=0,W]"
[1] "Iteration number: 88"
[1] "pos"
[1] 0.0391190 0.9131579
[1] "Fitting mu0 = E[Y|A=0,W]"
[1] "Iteration number: 89"
[1] "pos"
[1] 0.04361084 0.91697367
[1] "Fitting mu0 = E[Y|A=0,W]"
[1] "Iteration number: 90"
[1] "pos"
[1] 0.03934801 0.91262983
[1] "Fitting mu0 = E[Y|A=0,W]"
[1] "Iteration number: 91"
[1] "pos"
[1] 0.03931489 0.90210545
[1] "Fitting mu0 = E[Y|A=0,W]"
[1] "Iteration number: 92"
[1] "pos"
[1] 0.03976035 0.90327472
[1] "Fitting mu0 = E[Y|A=0,W]"
[1] "Iteration number: 93"
[1] "pos"
[1] 0.04088893 0.91898544
[1] "Fitting mu0 = E[Y|A=0,W]"
[1] "Iteration number: 94"
[1] "pos"
[1] 0.0438918 0.9075037
[1] "Fitting mu0 = E[Y|A=0,W]"
[1] "Iteration number: 95"
[1] "pos"
[1] 0.04770446 0.91200475
[1] "Fitting mu0 = E[Y|A=0,W]"
[1] "Iteration number: 96"
[1] "pos"
[1] 0.04450591 0.90202322
[1] "Fitting mu0 = E[Y|A=0,W]"
[1] "Iteration number: 97"
[1] "pos"
[1] 0.04570396 0.91693140
[1] "Fitting mu0 = E[Y|A=0,W]"
[1] "Iteration number: 98"
[1] "pos"
[1] 0.03933896 0.90517977
[1] "Fitting mu0 = E[Y|A=0,W]"
[1] "Iteration number: 99"
[1] "pos"
[1] 0.04012428 0.91496753
[1] "Fitting mu0 = E[Y|A=0,W]"
[1] "Iteration number: 100"
[1] "pos"
[1] 0.04113504 0.90944400
[1] "Fitting mu0 = E[Y|A=0,W]"
[1] "Iteration number: 101"
[1] "pos"
[1] 0.04071516 0.91223441
[1] "Fitting mu0 = E[Y|A=0,W]"
[1] "Iteration number: 102"
[1] "pos"
[1] 0.03974888 0.91493442
[1] "Fitting mu0 = E[Y|A=0,W]"
[1] "Iteration number: 103"
[1] "pos"
[1] 0.03936866 0.89815390
[1] "Fitting mu0 = E[Y|A=0,W]"
[1] "Iteration number: 104"
[1] "pos"
[1] 0.03965381 0.91813110
[1] "Fitting mu0 = E[Y|A=0,W]"
[1] "Iteration number: 105"
[1] "pos"
[1] 0.0389031 0.9040966
[1] "Fitting mu0 = E[Y|A=0,W]"
[1] "Iteration number: 106"
[1] "pos"
[1] 0.04679946 0.91080005
[1] "Fitting mu0 = E[Y|A=0,W]"
[1] "Iteration number: 107"
[1] "pos"
[1] 0.0433540 0.9110479
[1] "Fitting mu0 = E[Y|A=0,W]"
[1] "Iteration number: 108"
[1] "pos"
[1] 0.04115438 0.90363910
[1] "Fitting mu0 = E[Y|A=0,W]"
[1] "Iteration number: 109"
[1] "pos"
[1] 0.04020171 0.90985878
[1] "Fitting mu0 = E[Y|A=0,W]"
[1] "Iteration number: 110"
[1] "pos"
[1] 0.03988799 0.91490558
[1] "Fitting mu0 = E[Y|A=0,W]"
[1] "Iteration number: 111"
[1] "pos"
[1] 0.04840069 0.91500368
[1] "Fitting mu0 = E[Y|A=0,W]"
[1] "Iteration number: 112"
[1] "pos"
[1] 0.04114349 0.91322084
[1] "Fitting mu0 = E[Y|A=0,W]"
[1] "Iteration number: 113"
[1] "pos"
[1] 0.04337707 0.91686768
[1] "Fitting mu0 = E[Y|A=0,W]"
[1] "Iteration number: 114"
[1] "pos"
[1] 0.04417887 0.91434125
[1] "Fitting mu0 = E[Y|A=0,W]"
[1] "Iteration number: 115"
[1] "pos"
[1] 0.04188588 0.91570731
[1] "Fitting mu0 = E[Y|A=0,W]"
[1] "Iteration number: 116"
[1] "pos"
[1] 0.03826156 0.91543964
[1] "Fitting mu0 = E[Y|A=0,W]"
[1] "Iteration number: 117"
[1] "pos"
[1] 0.04506658 0.91708317
[1] "Fitting mu0 = E[Y|A=0,W]"
[1] "Iteration number: 118"
[1] "pos"
[1] 0.0456466 0.9121337
[1] "Fitting mu0 = E[Y|A=0,W]"
[1] "Iteration number: 119"
[1] "pos"
[1] 0.04383601 0.91479133
[1] "Fitting mu0 = E[Y|A=0,W]"
[1] "Iteration number: 120"
[1] "pos"
[1] 0.04025454 0.90845812
[1] "Fitting mu0 = E[Y|A=0,W]"
[1] "Iteration number: 121"
[1] "pos"
[1] 0.03867923 0.90539471
[1] "Fitting mu0 = E[Y|A=0,W]"
[1] "Iteration number: 122"
[1] "pos"
[1] 0.04203422 0.91062759
[1] "Fitting mu0 = E[Y|A=0,W]"
[1] "Iteration number: 123"
[1] "pos"
[1] 0.0448625 0.9094033
[1] "Fitting mu0 = E[Y|A=0,W]"
[1] "Iteration number: 124"
[1] "pos"
[1] 0.04168582 0.90369299
[1] "Fitting mu0 = E[Y|A=0,W]"
[1] "Iteration number: 125"
[1] "pos"
[1] 0.05054313 0.90835418
[1] "Fitting mu0 = E[Y|A=0,W]"
[1] "Iteration number: 126"
[1] "pos"
[1] 0.04966412 0.91158707
[1] "Fitting mu0 = E[Y|A=0,W]"
[1] "Iteration number: 127"
[1] "pos"
[1] 0.04732382 0.91640319
[1] "Fitting mu0 = E[Y|A=0,W]"
[1] "Iteration number: 128"
[1] "pos"
[1] 0.04190186 0.90892744
[1] "Fitting mu0 = E[Y|A=0,W]"
[1] "Iteration number: 129"
[1] "pos"
[1] 0.04043316 0.91252042
[1] "Fitting mu0 = E[Y|A=0,W]"
[1] "Iteration number: 130"
[1] "pos"
[1] 0.04215545 0.90353208
[1] "Fitting mu0 = E[Y|A=0,W]"
[1] "Iteration number: 131"
[1] "pos"
[1] 0.0412071 0.9110136
[1] "Fitting mu0 = E[Y|A=0,W]"
[1] "Iteration number: 132"
[1] "pos"
[1] 0.04814674 0.91655095
[1] "Fitting mu0 = E[Y|A=0,W]"
[1] "Iteration number: 133"
[1] "pos"
[1] 0.04147463 0.91542734
[1] "Fitting mu0 = E[Y|A=0,W]"
[1] "Iteration number: 134"
[1] "pos"
[1] 0.04306151 0.91548858
[1] "Fitting mu0 = E[Y|A=0,W]"
[1] "Iteration number: 135"
[1] "pos"
[1] 0.04821762 0.91123834
[1] "Fitting mu0 = E[Y|A=0,W]"
[1] "Iteration number: 136"
[1] "pos"
[1] 0.0428025 0.9096254
[1] "Fitting mu0 = E[Y|A=0,W]"
[1] "Iteration number: 137"
[1] "pos"
[1] 0.03932217 0.90865312
[1] "Fitting mu0 = E[Y|A=0,W]"
[1] "Iteration number: 138"
[1] "pos"
[1] 0.04189021 0.91382647
[1] "Fitting mu0 = E[Y|A=0,W]"
[1] "Iteration number: 139"
[1] "pos"
[1] 0.04094308 0.90639482
[1] "Fitting mu0 = E[Y|A=0,W]"
[1] "Iteration number: 140"
[1] "pos"
[1] 0.03809942 0.90720317
[1] "Fitting mu0 = E[Y|A=0,W]"
[1] "Iteration number: 141"
[1] "pos"
[1] 0.04423315 0.90945083
[1] "Fitting mu0 = E[Y|A=0,W]"
[1] "Iteration number: 142"
[1] "pos"
[1] 0.04312757 0.91522608
[1] "Fitting mu0 = E[Y|A=0,W]"
[1] "Iteration number: 143"
[1] "pos"
[1] 0.04600954 0.91447566
[1] "Fitting mu0 = E[Y|A=0,W]"
[1] "Iteration number: 144"
[1] "pos"
[1] 0.04080573 0.91795988
[1] "Fitting mu0 = E[Y|A=0,W]"
[1] "Iteration number: 145"
[1] "pos"
[1] 0.03912976 0.91284212
[1] "Fitting mu0 = E[Y|A=0,W]"
[1] "Iteration number: 146"
[1] "pos"
[1] 0.04235869 0.91266165
[1] "Fitting mu0 = E[Y|A=0,W]"
[1] "Iteration number: 147"
[1] "pos"
[1] 0.04040264 0.91090764
[1] "Fitting mu0 = E[Y|A=0,W]"
[1] "Iteration number: 148"
[1] "pos"
[1] 0.04734119 0.90754786
[1] "Fitting mu0 = E[Y|A=0,W]"
[1] "Iteration number: 149"
[1] "pos"
[1] 0.04364925 0.90710120
[1] "Fitting mu0 = E[Y|A=0,W]"
[1] "Iteration number: 150"
[1] "pos"
[1] 0.0419271 0.9137241
[1] "Fitting mu0 = E[Y|A=0,W]"
[1] "Iteration number: 151"
[1] "pos"
[1] 0.04213053 0.91963691
[1] "Fitting mu0 = E[Y|A=0,W]"
[1] "Iteration number: 152"
[1] "pos"
[1] 0.04042059 0.91836706
[1] "Fitting mu0 = E[Y|A=0,W]"
[1] "Iteration number: 153"
[1] "pos"
[1] 0.03865564 0.91116185
[1] "Fitting mu0 = E[Y|A=0,W]"
[1] "Iteration number: 154"
[1] "pos"
[1] 0.04163855 0.90247421
[1] "Fitting mu0 = E[Y|A=0,W]"
[1] "Iteration number: 155"
[1] "pos"
[1] 0.04655618 0.91429025
[1] "Fitting mu0 = E[Y|A=0,W]"
[1] "Iteration number: 156"
[1] "pos"
[1] 0.04462407 0.91733841
[1] "Fitting mu0 = E[Y|A=0,W]"
[1] "Iteration number: 157"
[1] "pos"
[1] 0.04563399 0.91015589
[1] "Fitting mu0 = E[Y|A=0,W]"
[1] "Iteration number: 158"
[1] "pos"
[1] 0.04384622 0.91187215
[1] "Fitting mu0 = E[Y|A=0,W]"
[1] "Iteration number: 159"
[1] "pos"
[1] 0.04574295 0.90784900
[1] "Fitting mu0 = E[Y|A=0,W]"
[1] "Iteration number: 160"
[1] "pos"
[1] 0.04033739 0.91220887
[1] "Fitting mu0 = E[Y|A=0,W]"
[1] "Iteration number: 161"
[1] "pos"
[1] 0.04046525 0.90742137
[1] "Fitting mu0 = E[Y|A=0,W]"
[1] "Iteration number: 162"
[1] "pos"
[1] 0.04305247 0.91283129
[1] "Fitting mu0 = E[Y|A=0,W]"
[1] "Iteration number: 163"
[1] "pos"
[1] 0.04062387 0.90822217
[1] "Fitting mu0 = E[Y|A=0,W]"
[1] "Iteration number: 164"
[1] "pos"
[1] 0.04152257 0.91994864
[1] "Fitting mu0 = E[Y|A=0,W]"
[1] "Iteration number: 165"
[1] "pos"
[1] 0.04151664 0.90802129
[1] "Fitting mu0 = E[Y|A=0,W]"
[1] "Iteration number: 166"
[1] "pos"
[1] 0.04176639 0.91246220
[1] "Fitting mu0 = E[Y|A=0,W]"
[1] "Iteration number: 167"
[1] "pos"
[1] 0.04227657 0.91434237
[1] "Fitting mu0 = E[Y|A=0,W]"
[1] "Iteration number: 168"
[1] "pos"
[1] 0.04461448 0.90593830
[1] "Fitting mu0 = E[Y|A=0,W]"
[1] "Iteration number: 169"
[1] "pos"
[1] 0.04650974 0.91012317
[1] "Fitting mu0 = E[Y|A=0,W]"
[1] "Iteration number: 170"
[1] "pos"
[1] 0.04150092 0.91150021
[1] "Fitting mu0 = E[Y|A=0,W]"
[1] "Iteration number: 171"
[1] "pos"
[1] 0.04064794 0.91252792
[1] "Fitting mu0 = E[Y|A=0,W]"
[1] "Iteration number: 172"
[1] "pos"
[1] 0.04172634 0.90700790
[1] "Fitting mu0 = E[Y|A=0,W]"
[1] "Iteration number: 173"
[1] "pos"
[1] 0.04358154 0.90336199
[1] "Fitting mu0 = E[Y|A=0,W]"
[1] "Iteration number: 174"
[1] "pos"
[1] 0.04109746 0.90617331
[1] "Fitting mu0 = E[Y|A=0,W]"
[1] "Iteration number: 175"
[1] "pos"
[1] 0.04516139 0.90838780
[1] "Fitting mu0 = E[Y|A=0,W]"
[1] "Iteration number: 176"
[1] "pos"
[1] 0.04439292 0.90434797
[1] "Fitting mu0 = E[Y|A=0,W]"
[1] "Iteration number: 177"
[1] "pos"
[1] 0.04026723 0.91329646
[1] "Fitting mu0 = E[Y|A=0,W]"
[1] "Iteration number: 178"
[1] "pos"
[1] 0.04161517 0.91019613
[1] "Fitting mu0 = E[Y|A=0,W]"
[1] "Iteration number: 179"
[1] "pos"
[1] 0.04092848 0.91920803
[1] "Fitting mu0 = E[Y|A=0,W]"
[1] "Iteration number: 180"
[1] "pos"
[1] 0.04122373 0.90133730
[1] "Fitting mu0 = E[Y|A=0,W]"
[1] "Iteration number: 181"
[1] "pos"
[1] 0.04021218 0.90836150
[1] "Fitting mu0 = E[Y|A=0,W]"
[1] "Iteration number: 182"
[1] "pos"
[1] 0.03909278 0.91432021
[1] "Fitting mu0 = E[Y|A=0,W]"
[1] "Iteration number: 183"
[1] "pos"
[1] 0.04419185 0.91642030
[1] "Fitting mu0 = E[Y|A=0,W]"
[1] "Iteration number: 184"
[1] "pos"
[1] 0.04516067 0.91811732
[1] "Fitting mu0 = E[Y|A=0,W]"
[1] "Iteration number: 185"
[1] "pos"
[1] 0.04462097 0.90591945
[1] "Fitting mu0 = E[Y|A=0,W]"
[1] "Iteration number: 186"
[1] "pos"
[1] 0.04595915 0.91126695
[1] "Fitting mu0 = E[Y|A=0,W]"
[1] "Iteration number: 187"
[1] "pos"
[1] 0.04269257 0.91876952
[1] "Fitting mu0 = E[Y|A=0,W]"
[1] "Iteration number: 188"
[1] "pos"
[1] 0.05035814 0.90614570
[1] "Fitting mu0 = E[Y|A=0,W]"
[1] "Iteration number: 189"
[1] "pos"
[1] 0.04306637 0.89569523
[1] "Fitting mu0 = E[Y|A=0,W]"
[1] "Iteration number: 190"
[1] "pos"
[1] 0.05429283 0.90396699
[1] "Fitting mu0 = E[Y|A=0,W]"
[1] "Iteration number: 191"
[1] "pos"
[1] 0.03977559 0.91561564
[1] "Fitting mu0 = E[Y|A=0,W]"
[1] "Iteration number: 192"
[1] "pos"
[1] 0.04337619 0.91363715
[1] "Fitting mu0 = E[Y|A=0,W]"
[1] "Iteration number: 193"
[1] "pos"
[1] 0.04704858 0.91453006
[1] "Fitting mu0 = E[Y|A=0,W]"
[1] "Iteration number: 194"
[1] "pos"
[1] 0.03983765 0.91095127
[1] "Fitting mu0 = E[Y|A=0,W]"
[1] "Iteration number: 195"
[1] "pos"
[1] 0.03991014 0.90811640
[1] "Fitting mu0 = E[Y|A=0,W]"
[1] "Iteration number: 196"
[1] "pos"
[1] 0.04621868 0.91871446
[1] "Fitting mu0 = E[Y|A=0,W]"
[1] "Iteration number: 197"
[1] "pos"
[1] 0.04414992 0.91407472
[1] "Fitting mu0 = E[Y|A=0,W]"
[1] "Iteration number: 198"
[1] "pos"
[1] 0.03987849 0.91337929
[1] "Fitting mu0 = E[Y|A=0,W]"
[1] "Iteration number: 199"
[1] "pos"
[1] 0.03852569 0.91348840
[1] "Fitting mu0 = E[Y|A=0,W]"
[1] "Iteration number: 200"
[1] "pos"
[1] 0.04584554 0.90351820
[1] "Fitting mu0 = E[Y|A=0,W]"
[1] "Iteration number: 201"
[1] "pos"
[1] 0.04248662 0.90994514
[1] "Fitting mu0 = E[Y|A=0,W]"
[1] "Iteration number: 202"
[1] "pos"
[1] 0.04189518 0.91576657
[1] "Fitting mu0 = E[Y|A=0,W]"
[1] "Iteration number: 203"
[1] "pos"
[1] 0.04666548 0.91248079
[1] "Fitting mu0 = E[Y|A=0,W]"
[1] "Iteration number: 204"
[1] "pos"
[1] 0.03877719 0.91718366
[1] "Fitting mu0 = E[Y|A=0,W]"
[1] "Iteration number: 205"
[1] "pos"
[1] 0.04400723 0.90523867
[1] "Fitting mu0 = E[Y|A=0,W]"
[1] "Iteration number: 206"
[1] "pos"
[1] 0.05559829 0.90630014
[1] "Fitting mu0 = E[Y|A=0,W]"
[1] "Iteration number: 207"
[1] "pos"
[1] 0.04755363 0.91997050
[1] "Fitting mu0 = E[Y|A=0,W]"
[1] "Iteration number: 208"
[1] "pos"
[1] 0.04026674 0.91231011
[1] "Fitting mu0 = E[Y|A=0,W]"
[1] "Iteration number: 209"
[1] "pos"
[1] 0.04578268 0.90152062
[1] "Fitting mu0 = E[Y|A=0,W]"
[1] "Iteration number: 210"
[1] "pos"
[1] 0.04202636 0.90515029
[1] "Fitting mu0 = E[Y|A=0,W]"
[1] "Iteration number: 211"
[1] "pos"
[1] 0.04070701 0.90992834
[1] "Fitting mu0 = E[Y|A=0,W]"
[1] "Iteration number: 212"
[1] "pos"
[1] 0.04722806 0.90556270
[1] "Fitting mu0 = E[Y|A=0,W]"
[1] "Iteration number: 213"
[1] "pos"
[1] 0.05139524 0.90658892
[1] "Fitting mu0 = E[Y|A=0,W]"
[1] "Iteration number: 214"
[1] "pos"
[1] 0.03907683 0.90294115
[1] "Fitting mu0 = E[Y|A=0,W]"
[1] "Iteration number: 215"
[1] "pos"
[1] 0.04253936 0.90765735
[1] "Fitting mu0 = E[Y|A=0,W]"
[1] "Iteration number: 216"
[1] "pos"
[1] 0.04118607 0.90403743
[1] "Fitting mu0 = E[Y|A=0,W]"
[1] "Iteration number: 217"
[1] "pos"
[1] 0.04013967 0.91607946
[1] "Fitting mu0 = E[Y|A=0,W]"
[1] "Iteration number: 218"
[1] "pos"
[1] 0.0461138 0.9126767
[1] "Fitting mu0 = E[Y|A=0,W]"
[1] "Iteration number: 219"
[1] "pos"
[1] 0.05179743 0.91557601
[1] "Fitting mu0 = E[Y|A=0,W]"
[1] "Iteration number: 220"
[1] "pos"
[1] 0.03956298 0.90220214
[1] "Fitting mu0 = E[Y|A=0,W]"
[1] "Iteration number: 221"
[1] "pos"
[1] 0.04653611 0.90297507
[1] "Fitting mu0 = E[Y|A=0,W]"
[1] "Iteration number: 222"
[1] "pos"
[1] 0.04132249 0.91126583
[1] "Fitting mu0 = E[Y|A=0,W]"
[1] "Iteration number: 223"
[1] "pos"
[1] 0.05118751 0.90978761
[1] "Fitting mu0 = E[Y|A=0,W]"
[1] "Iteration number: 224"
[1] "pos"
[1] 0.03898088 0.91561294
[1] "Fitting mu0 = E[Y|A=0,W]"
[1] "Iteration number: 225"
[1] "pos"
[1] 0.04065691 0.91463776
[1] "Fitting mu0 = E[Y|A=0,W]"
[1] "Iteration number: 226"
[1] "pos"
[1] 0.04124571 0.90704532
[1] "Fitting mu0 = E[Y|A=0,W]"
[1] "Iteration number: 227"
[1] "pos"
[1] 0.04773153 0.91356425
[1] "Fitting mu0 = E[Y|A=0,W]"
[1] "Iteration number: 228"
[1] "pos"
[1] 0.04470228 0.91757698
[1] "Fitting mu0 = E[Y|A=0,W]"
[1] "Iteration number: 229"
[1] "pos"
[1] 0.04195717 0.91469012
[1] "Fitting mu0 = E[Y|A=0,W]"
[1] "Iteration number: 230"
[1] "pos"
[1] 0.0496231 0.9094428
[1] "Fitting mu0 = E[Y|A=0,W]"
[1] "Iteration number: 231"
[1] "pos"
[1] 0.0398406 0.9189687
[1] "Fitting mu0 = E[Y|A=0,W]"
[1] "Iteration number: 232"
[1] "pos"
[1] 0.04132332 0.89903635
[1] "Fitting mu0 = E[Y|A=0,W]"
[1] "Iteration number: 233"
[1] "pos"
[1] 0.03868484 0.90554855
[1] "Fitting mu0 = E[Y|A=0,W]"
[1] "Iteration number: 234"
[1] "pos"
[1] 0.04813965 0.91895656
[1] "Fitting mu0 = E[Y|A=0,W]"
[1] "Iteration number: 235"
[1] "pos"
[1] 0.0410486 0.8937133
[1] "Fitting mu0 = E[Y|A=0,W]"
[1] "Iteration number: 236"
[1] "pos"
[1] 0.04528104 0.91437306
[1] "Fitting mu0 = E[Y|A=0,W]"
[1] "Iteration number: 237"
[1] "pos"
[1] 0.04049502 0.90988972
[1] "Fitting mu0 = E[Y|A=0,W]"
[1] "Iteration number: 238"
[1] "pos"
[1] 0.04042684 0.91430009
[1] "Fitting mu0 = E[Y|A=0,W]"
[1] "Iteration number: 239"
[1] "pos"
[1] 0.04235442 0.91084986
[1] "Fitting mu0 = E[Y|A=0,W]"
[1] "Iteration number: 240"
[1] "pos"
[1] 0.04074598 0.91602977
[1] "Fitting mu0 = E[Y|A=0,W]"
[1] "Iteration number: 241"
[1] "pos"
[1] 0.04745563 0.91206391
[1] "Fitting mu0 = E[Y|A=0,W]"
[1] "Iteration number: 242"
[1] "pos"
[1] 0.04687201 0.91770174
[1] "Fitting mu0 = E[Y|A=0,W]"
[1] "Iteration number: 243"
[1] "pos"
[1] 0.04029691 0.91147196
[1] "Fitting mu0 = E[Y|A=0,W]"
[1] "Iteration number: 244"
[1] "pos"
[1] 0.04083015 0.89813469
[1] "Fitting mu0 = E[Y|A=0,W]"
[1] "Iteration number: 245"
[1] "pos"
[1] 0.04040765 0.91016553
[1] "Fitting mu0 = E[Y|A=0,W]"
[1] "Iteration number: 246"
[1] "pos"
[1] 0.04131232 0.91357251
[1] "Fitting mu0 = E[Y|A=0,W]"
[1] "Iteration number: 247"
[1] "pos"
[1] 0.04851057 0.91744661
[1] "Fitting mu0 = E[Y|A=0,W]"
[1] "Iteration number: 248"
[1] "pos"
[1] 0.04127546 0.89855271
[1] "Fitting mu0 = E[Y|A=0,W]"
[1] "Iteration number: 249"
[1] "pos"
[1] 0.04454602 0.91002898
[1] "Fitting mu0 = E[Y|A=0,W]"
[1] "Iteration number: 250"
[1] "pos"
[1] 0.04496078 0.91170858
[1] "Fitting mu0 = E[Y|A=0,W]"
[1] "Iteration number: 251"
[1] "pos"
[1] 0.03970056 0.91761887
[1] "Fitting mu0 = E[Y|A=0,W]"
[1] "Iteration number: 252"
[1] "pos"
[1] 0.04417272 0.91305735
[1] "Fitting mu0 = E[Y|A=0,W]"
[1] "Iteration number: 253"
[1] "pos"
[1] 0.04125983 0.89553940
[1] "Fitting mu0 = E[Y|A=0,W]"
[1] "Iteration number: 254"
[1] "pos"
[1] 0.05081112 0.90125398
[1] "Fitting mu0 = E[Y|A=0,W]"
[1] "Iteration number: 255"
[1] "pos"
[1] 0.03818726 0.91487210
[1] "Fitting mu0 = E[Y|A=0,W]"
[1] "Iteration number: 256"
[1] "pos"
[1] 0.03875551 0.91049385
[1] "Fitting mu0 = E[Y|A=0,W]"
[1] "Iteration number: 257"
[1] "pos"
[1] 0.04214014 0.91421784
[1] "Fitting mu0 = E[Y|A=0,W]"
[1] "Iteration number: 258"
[1] "pos"
[1] 0.04283601 0.90376762
[1] "Fitting mu0 = E[Y|A=0,W]"
[1] "Iteration number: 259"
[1] "pos"
[1] 0.04041629 0.91023374
[1] "Fitting mu0 = E[Y|A=0,W]"
[1] "Iteration number: 260"
[1] "pos"
[1] 0.03908566 0.91622741
[1] "Fitting mu0 = E[Y|A=0,W]"
[1] "Iteration number: 261"
[1] "pos"
[1] 0.05340747 0.91164136
[1] "Fitting mu0 = E[Y|A=0,W]"
[1] "Iteration number: 262"
[1] "pos"
[1] 0.03916256 0.90637221
[1] "Fitting mu0 = E[Y|A=0,W]"
[1] "Iteration number: 263"
[1] "pos"
[1] 0.04559291 0.91302605
[1] "Fitting mu0 = E[Y|A=0,W]"
[1] "Iteration number: 264"
[1] "pos"
[1] 0.0381858 0.9171736
[1] "Fitting mu0 = E[Y|A=0,W]"
[1] "Iteration number: 265"
[1] "pos"
[1] 0.0398881 0.9028020
[1] "Fitting mu0 = E[Y|A=0,W]"
[1] "Iteration number: 266"
[1] "pos"
[1] 0.04806617 0.91137372
[1] "Fitting mu0 = E[Y|A=0,W]"
[1] "Iteration number: 267"
[1] "pos"
[1] 0.04093516 0.91529574
[1] "Fitting mu0 = E[Y|A=0,W]"
[1] "Iteration number: 268"
[1] "pos"
[1] 0.04787208 0.90875805
[1] "Fitting mu0 = E[Y|A=0,W]"
[1] "Iteration number: 269"
[1] "pos"
[1] 0.04397516 0.90860283
[1] "Fitting mu0 = E[Y|A=0,W]"
[1] "Iteration number: 270"
[1] "pos"
[1] 0.04173639 0.90950650
[1] "Fitting mu0 = E[Y|A=0,W]"
[1] "Iteration number: 271"
[1] "pos"
[1] 0.05539887 0.91029037
[1] "Fitting mu0 = E[Y|A=0,W]"
[1] "Iteration number: 272"
[1] "pos"
[1] 0.03992464 0.90736988
[1] "Fitting mu0 = E[Y|A=0,W]"
[1] "Iteration number: 273"
[1] "pos"
[1] 0.0424780 0.9190428
[1] "Fitting mu0 = E[Y|A=0,W]"
[1] "Iteration number: 274"
[1] "pos"
[1] 0.04336748 0.90927143
[1] "Fitting mu0 = E[Y|A=0,W]"
[1] "Iteration number: 275"
[1] "pos"
[1] 0.04490817 0.90078482
[1] "Fitting mu0 = E[Y|A=0,W]"
[1] "Iteration number: 276"
[1] "pos"
[1] 0.04280603 0.91485204
[1] "Fitting mu0 = E[Y|A=0,W]"
[1] "Iteration number: 277"
[1] "pos"
[1] 0.0423826 0.9200600
[1] "Fitting mu0 = E[Y|A=0,W]"
[1] "Iteration number: 278"
[1] "pos"
[1] 0.04192927 0.91760172
[1] "Fitting mu0 = E[Y|A=0,W]"
[1] "Iteration number: 279"
[1] "pos"
[1] 0.04138443 0.91860757
[1] "Fitting mu0 = E[Y|A=0,W]"
[1] "Iteration number: 280"
[1] "pos"
[1] 0.0523133 0.9092584
[1] "Fitting mu0 = E[Y|A=0,W]"
[1] "Iteration number: 281"
[1] "pos"
[1] 0.04031344 0.90126464
[1] "Fitting mu0 = E[Y|A=0,W]"
[1] "Iteration number: 282"
[1] "pos"
[1] 0.04234519 0.91628701
[1] "Fitting mu0 = E[Y|A=0,W]"
[1] "Iteration number: 283"
[1] "pos"
[1] 0.04254298 0.91603839
[1] "Fitting mu0 = E[Y|A=0,W]"
[1] "Iteration number: 284"
[1] "pos"
[1] 0.04519068 0.90312613
[1] "Fitting mu0 = E[Y|A=0,W]"
[1] "Iteration number: 285"
[1] "pos"
[1] 0.04244772 0.91133882
[1] "Fitting mu0 = E[Y|A=0,W]"
[1] "Iteration number: 286"
[1] "pos"
[1] 0.04652043 0.91312844
[1] "Fitting mu0 = E[Y|A=0,W]"
[1] "Iteration number: 287"
[1] "pos"
[1] 0.03807405 0.90974310
[1] "Fitting mu0 = E[Y|A=0,W]"
[1] "Iteration number: 288"
[1] "pos"
[1] 0.04723886 0.91745917
[1] "Fitting mu0 = E[Y|A=0,W]"
[1] "Iteration number: 289"
[1] "pos"
[1] 0.04186188 0.90486653
[1] "Fitting mu0 = E[Y|A=0,W]"
[1] "Iteration number: 290"
[1] "pos"
[1] 0.04816457 0.91344958
[1] "Fitting mu0 = E[Y|A=0,W]"
[1] "Iteration number: 291"
[1] "pos"
[1] 0.0415274 0.9077882
[1] "Fitting mu0 = E[Y|A=0,W]"
[1] "Iteration number: 292"
[1] "pos"
[1] 0.04143655 0.90200257
[1] "Fitting mu0 = E[Y|A=0,W]"
[1] "Iteration number: 293"
[1] "pos"
[1] 0.04128191 0.90548969
[1] "Fitting mu0 = E[Y|A=0,W]"
[1] "Iteration number: 294"
[1] "pos"
[1] 0.04146391 0.90801797
[1] "Fitting mu0 = E[Y|A=0,W]"
[1] "Iteration number: 295"
[1] "pos"
[1] 0.04582609 0.90932061
[1] "Fitting mu0 = E[Y|A=0,W]"
[1] "Iteration number: 296"
[1] "pos"
[1] 0.04540757 0.91335126
[1] "Fitting mu0 = E[Y|A=0,W]"
[1] "Iteration number: 297"
[1] "pos"
[1] 0.04538697 0.90565719
[1] "Fitting mu0 = E[Y|A=0,W]"
[1] "Iteration number: 298"
[1] "pos"
[1] 0.0403758 0.9017217
[1] "Fitting mu0 = E[Y|A=0,W]"
[1] "Iteration number: 299"
[1] "pos"
[1] 0.04156573 0.90771871
[1] "Fitting mu0 = E[Y|A=0,W]"
[1] "Iteration number: 300"
[1] "pos"
[1] 0.04328357 0.90601421
[1] "Fitting mu0 = E[Y|A=0,W]"
[1] "Iteration number: 301"
[1] "pos"
[1] 0.04291831 0.89758270
[1] "Fitting mu0 = E[Y|A=0,W]"
[1] "Iteration number: 302"
[1] "pos"
[1] 0.04086239 0.90475285
[1] "Fitting mu0 = E[Y|A=0,W]"
[1] "Iteration number: 303"
[1] "pos"
[1] 0.04148503 0.90281119
[1] "Fitting mu0 = E[Y|A=0,W]"
[1] "Iteration number: 304"
[1] "pos"
[1] 0.04989505 0.90267154
[1] "Fitting mu0 = E[Y|A=0,W]"
[1] "Iteration number: 305"
[1] "pos"
[1] 0.04317347 0.90498009
[1] "Fitting mu0 = E[Y|A=0,W]"
[1] "Iteration number: 306"
[1] "pos"
[1] 0.04625053 0.91331267
[1] "Fitting mu0 = E[Y|A=0,W]"
[1] "Iteration number: 307"
[1] "pos"
[1] 0.0412017 0.9077958
[1] "Fitting mu0 = E[Y|A=0,W]"
[1] "Iteration number: 308"
[1] "pos"
[1] 0.04236463 0.91011661
[1] "Fitting mu0 = E[Y|A=0,W]"
[1] "Iteration number: 309"
[1] "pos"
[1] 0.04009496 0.90534544
[1] "Fitting mu0 = E[Y|A=0,W]"
[1] "Iteration number: 310"
[1] "pos"
[1] 0.04234903 0.90879137
[1] "Fitting mu0 = E[Y|A=0,W]"
[1] "Iteration number: 311"
[1] "pos"
[1] 0.04260151 0.91403726
[1] "Fitting mu0 = E[Y|A=0,W]"
[1] "Iteration number: 312"
[1] "pos"
[1] 0.05021995 0.91871664
[1] "Fitting mu0 = E[Y|A=0,W]"
[1] "Iteration number: 313"
[1] "pos"
[1] 0.04226646 0.91557169
[1] "Fitting mu0 = E[Y|A=0,W]"
[1] "Iteration number: 314"
[1] "pos"
[1] 0.04340954 0.90918437
[1] "Fitting mu0 = E[Y|A=0,W]"
[1] "Iteration number: 315"
[1] "pos"
[1] 0.04128509 0.89582835
[1] "Fitting mu0 = E[Y|A=0,W]"
[1] "Iteration number: 316"
[1] "pos"
[1] 0.03861382 0.91831755
[1] "Fitting mu0 = E[Y|A=0,W]"
[1] "Iteration number: 317"
[1] "pos"
[1] 0.04099568 0.90937929
[1] "Fitting mu0 = E[Y|A=0,W]"
[1] "Iteration number: 318"
[1] "pos"
[1] 0.04690205 0.91558669
[1] "Fitting mu0 = E[Y|A=0,W]"
[1] "Iteration number: 319"
[1] "pos"
[1] 0.03858436 0.91358690
[1] "Fitting mu0 = E[Y|A=0,W]"
[1] "Iteration number: 320"
[1] "pos"
[1] 0.0454829 0.9022603
[1] "Fitting mu0 = E[Y|A=0,W]"
[1] "Iteration number: 321"
[1] "pos"
[1] 0.04406423 0.91200313
[1] "Fitting mu0 = E[Y|A=0,W]"
[1] "Iteration number: 322"
[1] "pos"
[1] 0.04690281 0.91082955
[1] "Fitting mu0 = E[Y|A=0,W]"
[1] "Iteration number: 323"
[1] "pos"
[1] 0.03886373 0.91503458
[1] "Fitting mu0 = E[Y|A=0,W]"
[1] "Iteration number: 324"
[1] "pos"
[1] 0.04090987 0.90886341
[1] "Fitting mu0 = E[Y|A=0,W]"
[1] "Iteration number: 325"
[1] "pos"
[1] 0.04500476 0.91712031
[1] "Fitting mu0 = E[Y|A=0,W]"
[1] "Iteration number: 326"
[1] "pos"
[1] 0.04105445 0.91155970
[1] "Fitting mu0 = E[Y|A=0,W]"
[1] "Iteration number: 327"
[1] "pos"
[1] 0.04401638 0.91593510
[1] "Fitting mu0 = E[Y|A=0,W]"
[1] "Iteration number: 328"
[1] "pos"
[1] 0.0482432 0.9137693
[1] "Fitting mu0 = E[Y|A=0,W]"
[1] "Iteration number: 329"
[1] "pos"
[1] 0.04547573 0.90738532
[1] "Fitting mu0 = E[Y|A=0,W]"
[1] "Iteration number: 330"
[1] "pos"
[1] 0.03975621 0.90709707
[1] "Fitting mu0 = E[Y|A=0,W]"
[1] "Iteration number: 331"
[1] "pos"
[1] 0.03880889 0.90842675
[1] "Fitting mu0 = E[Y|A=0,W]"
[1] "Iteration number: 332"
[1] "pos"
[1] 0.04549606 0.90758380
[1] "Fitting mu0 = E[Y|A=0,W]"
[1] "Iteration number: 333"
[1] "pos"
[1] 0.04604381 0.91109153
[1] "Fitting mu0 = E[Y|A=0,W]"
[1] "Iteration number: 334"
[1] "pos"
[1] 0.03872169 0.90805751
[1] "Fitting mu0 = E[Y|A=0,W]"
[1] "Iteration number: 335"
[1] "pos"
[1] 0.04337931 0.90449684
[1] "Fitting mu0 = E[Y|A=0,W]"
[1] "Iteration number: 336"
[1] "pos"
[1] 0.04623839 0.90368960
[1] "Fitting mu0 = E[Y|A=0,W]"
[1] "Iteration number: 337"
[1] "pos"
[1] 0.04493149 0.90114305
[1] "Fitting mu0 = E[Y|A=0,W]"
[1] "Iteration number: 338"
[1] "pos"
[1] 0.04379449 0.90631157
[1] "Fitting mu0 = E[Y|A=0,W]"
[1] "Iteration number: 339"
[1] "pos"
[1] 0.04145114 0.89983035
[1] "Fitting mu0 = E[Y|A=0,W]"
[1] "Iteration number: 340"
[1] "pos"
[1] 0.04046432 0.90386605
[1] "Fitting mu0 = E[Y|A=0,W]"
[1] "Iteration number: 341"
[1] "pos"
[1] 0.04377469 0.91192929
[1] "Fitting mu0 = E[Y|A=0,W]"
[1] "Iteration number: 342"
[1] "pos"
[1] 0.04114331 0.90139337
[1] "Fitting mu0 = E[Y|A=0,W]"
[1] "Iteration number: 343"
[1] "pos"
[1] 0.0464325 0.9077706
[1] "Fitting mu0 = E[Y|A=0,W]"
[1] "Iteration number: 344"
[1] "pos"
[1] 0.04776946 0.90548944
[1] "Fitting mu0 = E[Y|A=0,W]"
[1] "Iteration number: 345"
[1] "pos"
[1] 0.04118383 0.90537648
[1] "Fitting mu0 = E[Y|A=0,W]"
[1] "Iteration number: 346"
[1] "pos"
[1] 0.04000028 0.91381126
[1] "Fitting mu0 = E[Y|A=0,W]"
[1] "Iteration number: 347"
[1] "pos"
[1] 0.04141966 0.91354953
[1] "Fitting mu0 = E[Y|A=0,W]"
[1] "Iteration number: 348"
[1] "pos"
[1] 0.04339515 0.91286437
[1] "Fitting mu0 = E[Y|A=0,W]"
[1] "Iteration number: 349"
[1] "pos"
[1] 0.05140702 0.90747996
[1] "Fitting mu0 = E[Y|A=0,W]"
[1] "Iteration number: 350"
[1] "pos"
[1] 0.0410793 0.9151104
[1] "Fitting mu0 = E[Y|A=0,W]"
[1] "Iteration number: 351"
[1] "pos"
[1] 0.04339195 0.91656175
[1] "Fitting mu0 = E[Y|A=0,W]"
[1] "Iteration number: 352"
[1] "pos"
[1] 0.0429482 0.9115443
[1] "Fitting mu0 = E[Y|A=0,W]"
[1] "Iteration number: 353"
[1] "pos"
[1] 0.04262462 0.89653504
[1] "Fitting mu0 = E[Y|A=0,W]"
[1] "Iteration number: 354"
[1] "pos"
[1] 0.04231708 0.91144727
[1] "Fitting mu0 = E[Y|A=0,W]"
[1] "Iteration number: 355"
[1] "pos"
[1] 0.04456609 0.90990662
[1] "Fitting mu0 = E[Y|A=0,W]"
[1] "Iteration number: 356"
[1] "pos"
[1] 0.04168032 0.90846762
[1] "Fitting mu0 = E[Y|A=0,W]"
[1] "Iteration number: 357"
[1] "pos"
[1] 0.04295913 0.90673455
[1] "Fitting mu0 = E[Y|A=0,W]"
[1] "Iteration number: 358"
[1] "pos"
[1] 0.04383174 0.91799882
[1] "Fitting mu0 = E[Y|A=0,W]"
[1] "Iteration number: 359"
[1] "pos"
[1] 0.04319756 0.89708596
[1] "Fitting mu0 = E[Y|A=0,W]"
[1] "Iteration number: 360"
[1] "pos"
[1] 0.04082456 0.91422695
[1] "Fitting mu0 = E[Y|A=0,W]"
[1] "Iteration number: 361"
[1] "pos"
[1] 0.04032623 0.90922360
[1] "Fitting mu0 = E[Y|A=0,W]"
[1] "Iteration number: 362"
[1] "pos"
[1] 0.04248232 0.91143299
[1] "Fitting mu0 = E[Y|A=0,W]"
[1] "Iteration number: 363"
[1] "pos"
[1] 0.03994851 0.90348986
[1] "Fitting mu0 = E[Y|A=0,W]"
[1] "Iteration number: 364"
[1] "pos"
[1] 0.03947051 0.91575594
[1] "Fitting mu0 = E[Y|A=0,W]"
[1] "Iteration number: 365"
[1] "pos"
[1] 0.03986153 0.89228637
[1] "Fitting mu0 = E[Y|A=0,W]"
[1] "Iteration number: 366"
[1] "pos"
[1] 0.03989675 0.90903522
[1] "Fitting mu0 = E[Y|A=0,W]"
[1] "Iteration number: 367"
[1] "pos"
[1] 0.05175558 0.90593308
[1] "Fitting mu0 = E[Y|A=0,W]"
[1] "Iteration number: 368"
[1] "pos"
[1] 0.03969789 0.91248367
[1] "Fitting mu0 = E[Y|A=0,W]"
[1] "Iteration number: 369"
[1] "pos"
[1] 0.0423955 0.9134979
[1] "Fitting mu0 = E[Y|A=0,W]"
[1] "Iteration number: 370"
[1] "pos"
[1] 0.04106102 0.90812362
[1] "Fitting mu0 = E[Y|A=0,W]"
[1] "Iteration number: 371"
[1] "pos"
[1] 0.04026434 0.90705410
[1] "Fitting mu0 = E[Y|A=0,W]"
[1] "Iteration number: 372"
[1] "pos"
[1] 0.04075082 0.91564382
[1] "Fitting mu0 = E[Y|A=0,W]"
[1] "Iteration number: 373"
[1] "pos"
[1] 0.04828065 0.91682458
[1] "Fitting mu0 = E[Y|A=0,W]"
[1] "Iteration number: 374"
[1] "pos"
[1] 0.04038172 0.91585618
[1] "Fitting mu0 = E[Y|A=0,W]"
[1] "Iteration number: 375"
[1] "pos"
[1] 0.04201463 0.91403660
[1] "Fitting mu0 = E[Y|A=0,W]"
[1] "Iteration number: 376"
[1] "pos"
[1] 0.04545305 0.90888496
[1] "Fitting mu0 = E[Y|A=0,W]"
[1] "Iteration number: 377"
[1] "pos"
[1] 0.04706125 0.90987542
[1] "Fitting mu0 = E[Y|A=0,W]"
[1] "Iteration number: 378"
[1] "pos"
[1] 0.04423032 0.90919544
[1] "Fitting mu0 = E[Y|A=0,W]"
[1] "Iteration number: 379"
[1] "pos"
[1] 0.04173133 0.90884830
[1] "Fitting mu0 = E[Y|A=0,W]"
[1] "Iteration number: 380"
[1] "pos"
[1] 0.04002635 0.91616972
[1] "Fitting mu0 = E[Y|A=0,W]"
[1] "Iteration number: 381"
[1] "pos"
[1] 0.04061924 0.90205226
[1] "Fitting mu0 = E[Y|A=0,W]"
[1] "Iteration number: 382"
[1] "pos"
[1] 0.05062456 0.91517755
[1] "Fitting mu0 = E[Y|A=0,W]"
[1] "Iteration number: 383"
[1] "pos"
[1] 0.04480246 0.90574929
[1] "Fitting mu0 = E[Y|A=0,W]"
[1] "Iteration number: 384"
[1] "pos"
[1] 0.04461154 0.90486918
[1] "Fitting mu0 = E[Y|A=0,W]"
[1] "Iteration number: 385"
[1] "pos"
[1] 0.04240669 0.91149636
[1] "Fitting mu0 = E[Y|A=0,W]"
[1] "Iteration number: 386"
[1] "pos"
[1] 0.03965565 0.90791123
[1] "Fitting mu0 = E[Y|A=0,W]"
[1] "Iteration number: 387"
[1] "pos"
[1] 0.04797875 0.90405354
[1] "Fitting mu0 = E[Y|A=0,W]"
[1] "Iteration number: 388"
[1] "pos"
[1] 0.04736272 0.91101058
[1] "Fitting mu0 = E[Y|A=0,W]"
[1] "Iteration number: 389"
[1] "pos"
[1] 0.04306145 0.91716147
[1] "Fitting mu0 = E[Y|A=0,W]"
[1] "Iteration number: 390"
[1] "pos"
[1] 0.05725184 0.91239716
[1] "Fitting mu0 = E[Y|A=0,W]"
[1] "Iteration number: 391"
[1] "pos"
[1] 0.04203794 0.91065009
[1] "Fitting mu0 = E[Y|A=0,W]"
[1] "Iteration number: 392"
[1] "pos"
[1] 0.04721289 0.90532631
[1] "Fitting mu0 = E[Y|A=0,W]"
[1] "Iteration number: 393"
[1] "pos"
[1] 0.0401071 0.9103587
[1] "Fitting mu0 = E[Y|A=0,W]"
[1] "Iteration number: 394"
[1] "pos"
[1] 0.04604368 0.90880289
[1] "Fitting mu0 = E[Y|A=0,W]"
[1] "Iteration number: 395"
[1] "pos"
[1] 0.04094806 0.91507812
[1] "Fitting mu0 = E[Y|A=0,W]"
[1] "Iteration number: 396"
[1] "pos"
[1] 0.04310896 0.90758013
[1] "Fitting mu0 = E[Y|A=0,W]"
[1] "Iteration number: 397"
[1] "pos"
[1] 0.04263352 0.91108027
[1] "Fitting mu0 = E[Y|A=0,W]"
[1] "Iteration number: 398"
[1] "pos"
[1] 0.04182671 0.90439294
[1] "Fitting mu0 = E[Y|A=0,W]"
[1] "Iteration number: 399"
[1] "pos"
[1] 0.03951668 0.91682655
[1] "Fitting mu0 = E[Y|A=0,W]"
[1] "Iteration number: 400"
[1] "pos"
[1] 0.04538853 0.90416593
[1] "Fitting mu0 = E[Y|A=0,W]"
[1] "Iteration number: 401"
[1] "pos"
[1] 0.04053179 0.91291449
[1] "Fitting mu0 = E[Y|A=0,W]"
[1] "Iteration number: 402"
[1] "pos"
[1] 0.04102362 0.91130556
[1] "Fitting mu0 = E[Y|A=0,W]"
[1] "Iteration number: 403"
[1] "pos"
[1] 0.04087825 0.91213153
[1] "Fitting mu0 = E[Y|A=0,W]"
[1] "Iteration number: 404"
[1] "pos"
[1] 0.04430965 0.91611796
[1] "Fitting mu0 = E[Y|A=0,W]"
[1] "Iteration number: 405"
[1] "pos"
[1] 0.03901293 0.91743917
[1] "Fitting mu0 = E[Y|A=0,W]"
[1] "Iteration number: 406"
[1] "pos"
[1] 0.05496489 0.91164906
[1] "Fitting mu0 = E[Y|A=0,W]"
[1] "Iteration number: 407"
[1] "pos"
[1] 0.03910022 0.91177682
[1] "Fitting mu0 = E[Y|A=0,W]"
[1] "Iteration number: 408"
[1] "pos"
[1] 0.04048626 0.91139849
[1] "Fitting mu0 = E[Y|A=0,W]"
[1] "Iteration number: 409"
[1] "pos"
[1] 0.04834106 0.91850328
[1] "Fitting mu0 = E[Y|A=0,W]"
[1] "Iteration number: 410"
[1] "pos"
[1] 0.0395693 0.9151188
[1] "Fitting mu0 = E[Y|A=0,W]"
[1] "Iteration number: 411"
[1] "pos"
[1] 0.04336261 0.91678635
[1] "Fitting mu0 = E[Y|A=0,W]"
[1] "Iteration number: 412"
[1] "pos"
[1] 0.03892165 0.91859342
[1] "Fitting mu0 = E[Y|A=0,W]"
[1] "Iteration number: 413"
[1] "pos"
[1] 0.04409272 0.91746606
[1] "Fitting mu0 = E[Y|A=0,W]"
[1] "Iteration number: 414"
[1] "pos"
[1] 0.04665313 0.90444997
[1] "Fitting mu0 = E[Y|A=0,W]"
[1] "Iteration number: 415"
[1] "pos"
[1] 0.04238971 0.91008382
[1] "Fitting mu0 = E[Y|A=0,W]"
[1] "Iteration number: 416"
[1] "pos"
[1] 0.03963895 0.91684073
[1] "Fitting mu0 = E[Y|A=0,W]"
[1] "Iteration number: 417"
[1] "pos"
[1] 0.03888558 0.90121065
[1] "Fitting mu0 = E[Y|A=0,W]"
[1] "Iteration number: 418"
[1] "pos"
[1] 0.04061876 0.90797250
[1] "Fitting mu0 = E[Y|A=0,W]"
[1] "Iteration number: 419"
[1] "pos"
[1] 0.04045489 0.91093918
[1] "Fitting mu0 = E[Y|A=0,W]"
[1] "Iteration number: 420"
[1] "pos"
[1] 0.04147155 0.90521166
[1] "Fitting mu0 = E[Y|A=0,W]"
[1] "Iteration number: 421"
[1] "pos"
[1] 0.04425299 0.90986349
[1] "Fitting mu0 = E[Y|A=0,W]"
[1] "Iteration number: 422"
[1] "pos"
[1] 0.04337347 0.90849892
[1] "Fitting mu0 = E[Y|A=0,W]"
[1] "Iteration number: 423"
[1] "pos"
[1] 0.04079405 0.90836567
[1] "Fitting mu0 = E[Y|A=0,W]"
[1] "Iteration number: 424"
[1] "pos"
[1] 0.04208436 0.91623227
[1] "Fitting mu0 = E[Y|A=0,W]"
[1] "Iteration number: 425"
[1] "pos"
[1] 0.04008937 0.91972639
[1] "Fitting mu0 = E[Y|A=0,W]"
[1] "Iteration number: 426"
[1] "pos"
[1] 0.03928963 0.90908835
[1] "Fitting mu0 = E[Y|A=0,W]"
[1] "Iteration number: 427"
[1] "pos"
[1] 0.04080492 0.91272148
[1] "Fitting mu0 = E[Y|A=0,W]"
[1] "Iteration number: 428"
[1] "pos"
[1] 0.04254777 0.90244555
[1] "Fitting mu0 = E[Y|A=0,W]"
[1] "Iteration number: 429"
[1] "pos"
[1] 0.04284526 0.91180509
[1] "Fitting mu0 = E[Y|A=0,W]"
[1] "Iteration number: 430"
[1] "pos"
[1] 0.0446052 0.9122271
[1] "Fitting mu0 = E[Y|A=0,W]"
[1] "Iteration number: 431"
[1] "pos"
[1] 0.0478430 0.9169951
[1] "Fitting mu0 = E[Y|A=0,W]"
[1] "Iteration number: 432"
[1] "pos"
[1] 0.04542381 0.91715742
[1] "Fitting mu0 = E[Y|A=0,W]"
[1] "Iteration number: 433"
[1] "pos"
[1] 0.04041849 0.90822059
[1] "Fitting mu0 = E[Y|A=0,W]"
[1] "Iteration number: 434"
[1] "pos"
[1] 0.04094661 0.90487252
[1] "Fitting mu0 = E[Y|A=0,W]"
[1] "Iteration number: 435"
[1] "pos"
[1] 0.05104526 0.91042864
[1] "Fitting mu0 = E[Y|A=0,W]"
[1] "Iteration number: 436"
[1] "pos"
[1] 0.04822783 0.90413469
[1] "Fitting mu0 = E[Y|A=0,W]"
[1] "Iteration number: 437"
[1] "pos"
[1] 0.05298128 0.90971879
[1] "Fitting mu0 = E[Y|A=0,W]"
[1] "Iteration number: 438"
[1] "pos"
[1] 0.04055063 0.90847620
[1] "Fitting mu0 = E[Y|A=0,W]"
[1] "Iteration number: 439"
[1] "pos"
[1] 0.04206124 0.90764756
[1] "Fitting mu0 = E[Y|A=0,W]"
[1] "Iteration number: 440"
[1] "pos"
[1] 0.03811285 0.91684667
[1] "Fitting mu0 = E[Y|A=0,W]"
[1] "Iteration number: 441"
[1] "pos"
[1] 0.03889257 0.91099926
[1] "Fitting mu0 = E[Y|A=0,W]"
[1] "Iteration number: 442"
[1] "pos"
[1] 0.0447206 0.9143799
[1] "Fitting mu0 = E[Y|A=0,W]"
[1] "Iteration number: 443"
[1] "pos"
[1] 0.04513069 0.91039116
[1] "Fitting mu0 = E[Y|A=0,W]"
[1] "Iteration number: 444"
[1] "pos"
[1] 0.04337904 0.90344550
[1] "Fitting mu0 = E[Y|A=0,W]"
[1] "Iteration number: 445"
[1] "pos"
[1] 0.04938536 0.90040895
[1] "Fitting mu0 = E[Y|A=0,W]"
[1] "Iteration number: 446"
[1] "pos"
[1] 0.04168149 0.90656717
[1] "Fitting mu0 = E[Y|A=0,W]"
[1] "Iteration number: 447"
[1] "pos"
[1] 0.04396644 0.90381640
[1] "Fitting mu0 = E[Y|A=0,W]"
[1] "Iteration number: 448"
[1] "pos"
[1] 0.03940936 0.91319242
[1] "Fitting mu0 = E[Y|A=0,W]"
[1] "Iteration number: 449"
[1] "pos"
[1] 0.04206418 0.91338502
[1] "Fitting mu0 = E[Y|A=0,W]"
[1] "Iteration number: 450"
[1] "pos"
[1] 0.0435970 0.9057392
[1] "Fitting mu0 = E[Y|A=0,W]"
[1] "Iteration number: 451"
[1] "pos"
[1] 0.04236792 0.90770670
[1] "Fitting mu0 = E[Y|A=0,W]"
[1] "Iteration number: 452"
[1] "pos"
[1] 0.04210646 0.91453025
[1] "Fitting mu0 = E[Y|A=0,W]"
[1] "Iteration number: 453"
[1] "pos"
[1] 0.04437289 0.91483863
[1] "Fitting mu0 = E[Y|A=0,W]"
[1] "Iteration number: 454"
[1] "pos"
[1] 0.04308894 0.91348471
[1] "Fitting mu0 = E[Y|A=0,W]"
[1] "Iteration number: 455"
[1] "pos"
[1] 0.04049597 0.91933836
[1] "Fitting mu0 = E[Y|A=0,W]"
[1] "Iteration number: 456"
[1] "pos"
[1] 0.04264223 0.91101288
[1] "Fitting mu0 = E[Y|A=0,W]"
[1] "Iteration number: 457"
[1] "pos"
[1] 0.03962982 0.91126553
[1] "Fitting mu0 = E[Y|A=0,W]"
[1] "Iteration number: 458"
[1] "pos"
[1] 0.04442257 0.91105532
[1] "Fitting mu0 = E[Y|A=0,W]"
[1] "Iteration number: 459"
[1] "pos"
[1] 0.04471512 0.91530096
[1] "Fitting mu0 = E[Y|A=0,W]"
[1] "Iteration number: 460"
[1] "pos"
[1] 0.04209658 0.90411834
[1] "Fitting mu0 = E[Y|A=0,W]"
[1] "Iteration number: 461"
[1] "pos"
[1] 0.0458397 0.9036656
[1] "Fitting mu0 = E[Y|A=0,W]"
[1] "Iteration number: 462"
[1] "pos"
[1] 0.04305294 0.91274965
[1] "Fitting mu0 = E[Y|A=0,W]"
[1] "Iteration number: 463"
[1] "pos"
[1] 0.04494357 0.91563307
[1] "Fitting mu0 = E[Y|A=0,W]"
[1] "Iteration number: 464"
[1] "pos"
[1] 0.04734181 0.89426240
[1] "Fitting mu0 = E[Y|A=0,W]"
[1] "Iteration number: 465"
[1] "pos"
[1] 0.03920729 0.91884356
[1] "Fitting mu0 = E[Y|A=0,W]"
[1] "Iteration number: 466"
[1] "pos"
[1] 0.04068949 0.90967056
[1] "Fitting mu0 = E[Y|A=0,W]"
[1] "Iteration number: 467"
[1] "pos"
[1] 0.04833598 0.90623481
[1] "Fitting mu0 = E[Y|A=0,W]"
[1] "Iteration number: 468"
[1] "pos"
[1] 0.04391213 0.91559734
[1] "Fitting mu0 = E[Y|A=0,W]"
[1] "Iteration number: 469"
[1] "pos"
[1] 0.04238192 0.91566340
[1] "Fitting mu0 = E[Y|A=0,W]"
[1] "Iteration number: 470"
[1] "pos"
[1] 0.04629569 0.90979593
[1] "Fitting mu0 = E[Y|A=0,W]"
[1] "Iteration number: 471"
[1] "pos"
[1] 0.0387855 0.9163565
[1] "Fitting mu0 = E[Y|A=0,W]"
[1] "Iteration number: 472"
[1] "pos"
[1] 0.04407131 0.90930324
[1] "Fitting mu0 = E[Y|A=0,W]"
[1] "Iteration number: 473"
[1] "pos"
[1] 0.04602652 0.91620496
[1] "Fitting mu0 = E[Y|A=0,W]"
[1] "Iteration number: 474"
[1] "pos"
[1] 0.04884274 0.90580051
[1] "Fitting mu0 = E[Y|A=0,W]"
[1] "Iteration number: 475"
[1] "pos"
[1] 0.04585841 0.91504105
[1] "Fitting mu0 = E[Y|A=0,W]"
[1] "Iteration number: 476"
[1] "pos"
[1] 0.04584708 0.91651694
[1] "Fitting mu0 = E[Y|A=0,W]"
[1] "Iteration number: 477"
[1] "pos"
[1] 0.05076869 0.91293634
[1] "Fitting mu0 = E[Y|A=0,W]"
[1] "Iteration number: 478"
[1] "pos"
[1] 0.04321004 0.91126015
[1] "Fitting mu0 = E[Y|A=0,W]"
[1] "Iteration number: 479"
[1] "pos"
[1] 0.03968557 0.90993903
[1] "Fitting mu0 = E[Y|A=0,W]"
[1] "Iteration number: 480"
[1] "pos"
[1] 0.0411465 0.9069186
[1] "Fitting mu0 = E[Y|A=0,W]"
[1] "Iteration number: 481"
[1] "pos"
[1] 0.03823121 0.91662814
[1] "Fitting mu0 = E[Y|A=0,W]"
[1] "Iteration number: 482"
[1] "pos"
[1] 0.04361194 0.90857054
[1] "Fitting mu0 = E[Y|A=0,W]"
[1] "Iteration number: 483"
[1] "pos"
[1] 0.04234593 0.91294665
[1] "Fitting mu0 = E[Y|A=0,W]"
[1] "Iteration number: 484"
[1] "pos"
[1] 0.04553352 0.91140936
[1] "Fitting mu0 = E[Y|A=0,W]"
[1] "Iteration number: 485"
[1] "pos"
[1] 0.04355906 0.90497377
[1] "Fitting mu0 = E[Y|A=0,W]"
[1] "Iteration number: 486"
[1] "pos"
[1] 0.04311726 0.90818343
[1] "Fitting mu0 = E[Y|A=0,W]"
[1] "Iteration number: 487"
[1] "pos"
[1] 0.04554368 0.90858558
[1] "Fitting mu0 = E[Y|A=0,W]"
[1] "Iteration number: 488"
[1] "pos"
[1] 0.04381153 0.91249673
[1] "Fitting mu0 = E[Y|A=0,W]"
[1] "Iteration number: 489"
[1] "pos"
[1] 0.04219663 0.91334454
[1] "Fitting mu0 = E[Y|A=0,W]"
[1] "Iteration number: 490"
[1] "pos"
[1] 0.04523955 0.89450729
[1] "Fitting mu0 = E[Y|A=0,W]"
[1] "Iteration number: 491"
[1] "pos"
[1] 0.04014258 0.90818309
[1] "Fitting mu0 = E[Y|A=0,W]"
[1] "Iteration number: 492"
[1] "pos"
[1] 0.03924403 0.91740095
[1] "Fitting mu0 = E[Y|A=0,W]"
[1] "Iteration number: 493"
[1] "pos"
[1] 0.04353557 0.91703167
[1] "Fitting mu0 = E[Y|A=0,W]"
[1] "Iteration number: 494"
[1] "pos"
[1] 0.03887236 0.91287833
[1] "Fitting mu0 = E[Y|A=0,W]"
[1] "Iteration number: 495"
[1] "pos"
[1] 0.03918658 0.90565011
[1] "Fitting mu0 = E[Y|A=0,W]"
[1] "Iteration number: 496"
[1] "pos"
[1] 0.04108058 0.91680846
[1] "Fitting mu0 = E[Y|A=0,W]"
[1] "Iteration number: 497"
[1] "pos"
[1] 0.03962386 0.91541709
[1] "Fitting mu0 = E[Y|A=0,W]"
[1] "Iteration number: 498"
[1] "pos"
[1] 0.04080673 0.91481221
[1] "Fitting mu0 = E[Y|A=0,W]"
[1] "Iteration number: 499"
[1] "pos"
[1] 0.04514073 0.91783481
[1] "Fitting mu0 = E[Y|A=0,W]"
[1] "Iteration number: 500"
[1] "pos"
[1] 0.03992137 0.91460097
[1] "Fitting mu0 = E[Y|A=0,W]"
[1] "Iteration number: 501"
[1] "pos"
[1] 0.0422868 0.9199390
[1] "Fitting mu0 = E[Y|A=0,W]"
[1] "Iteration number: 502"
[1] "pos"
[1] 0.04031682 0.91930387
[1] "Fitting mu0 = E[Y|A=0,W]"
[1] "Iteration number: 503"
[1] "pos"
[1] 0.04484332 0.90666992
[1] "Fitting mu0 = E[Y|A=0,W]"
[1] "Iteration number: 504"
[1] "pos"
[1] 0.04485073 0.91051425
[1] "Fitting mu0 = E[Y|A=0,W]"
[1] "Iteration number: 505"
[1] "pos"
[1] 0.04648487 0.90865585
[1] "Fitting mu0 = E[Y|A=0,W]"
[1] "Iteration number: 506"
[1] "pos"
[1] 0.04707402 0.90666163
[1] "Fitting mu0 = E[Y|A=0,W]"
[1] "Iteration number: 507"
[1] "pos"
[1] 0.04094865 0.91581442
[1] "Fitting mu0 = E[Y|A=0,W]"
[1] "Iteration number: 508"
[1] "pos"
[1] 0.04293408 0.91007041
[1] "Fitting mu0 = E[Y|A=0,W]"
[1] "Iteration number: 509"
[1] "pos"
[1] 0.04588988 0.91284464
[1] "Fitting mu0 = E[Y|A=0,W]"
[1] "Iteration number: 510"
[1] "pos"
[1] 0.0431146 0.9177051
[1] "Fitting mu0 = E[Y|A=0,W]"
[1] "Iteration number: 511"
[1] "pos"
[1] 0.04477671 0.91405199
[1] "Fitting mu0 = E[Y|A=0,W]"
[1] "Iteration number: 512"
[1] "pos"
[1] 0.04007813 0.91372999
[1] "Fitting mu0 = E[Y|A=0,W]"
[1] "Iteration number: 513"
[1] "pos"
[1] 0.04297564 0.90697473
[1] "Fitting mu0 = E[Y|A=0,W]"
[1] "Iteration number: 514"
[1] "pos"
[1] 0.04306273 0.90154040
[1] "Fitting mu0 = E[Y|A=0,W]"
[1] "Iteration number: 515"
[1] "pos"
[1] 0.04059275 0.91847580
[1] "Fitting mu0 = E[Y|A=0,W]"
[1] "Iteration number: 516"
[1] "pos"
[1] 0.04460898 0.90076645
[1] "Fitting mu0 = E[Y|A=0,W]"
[1] "Iteration number: 517"
[1] "pos"
[1] 0.04153482 0.91375657
[1] "Fitting mu0 = E[Y|A=0,W]"
[1] "Iteration number: 518"
[1] "pos"
[1] 0.04164425 0.91247038
[1] "Fitting mu0 = E[Y|A=0,W]"
[1] "Iteration number: 519"
[1] "pos"
[1] 0.04173784 0.91217860
[1] "Fitting mu0 = E[Y|A=0,W]"
[1] "Iteration number: 520"
[1] "pos"
[1] 0.05061204 0.91538181
[1] "Fitting mu0 = E[Y|A=0,W]"
[1] "Iteration number: 521"
[1] "pos"
[1] 0.04411804 0.89964856
[1] "Fitting mu0 = E[Y|A=0,W]"
[1] "Iteration number: 522"
[1] "pos"
[1] 0.04054773 0.90916738
[1] "Fitting mu0 = E[Y|A=0,W]"
[1] "Iteration number: 523"
[1] "pos"
[1] 0.04448715 0.91175743
[1] "Fitting mu0 = E[Y|A=0,W]"
[1] "Iteration number: 524"
[1] "pos"
[1] 0.04644198 0.91138327
[1] "Fitting mu0 = E[Y|A=0,W]"
[1] "Iteration number: 525"
[1] "pos"
[1] 0.05068371 0.91926975
[1] "Fitting mu0 = E[Y|A=0,W]"
[1] "Iteration number: 526"
[1] "pos"
[1] 0.04859014 0.91856667
[1] "Fitting mu0 = E[Y|A=0,W]"
[1] "Iteration number: 527"
[1] "pos"
[1] 0.05031597 0.91815757
[1] "Fitting mu0 = E[Y|A=0,W]"
[1] "Iteration number: 528"
[1] "pos"
[1] 0.04236667 0.91770123
[1] "Fitting mu0 = E[Y|A=0,W]"
[1] "Iteration number: 529"
[1] "pos"
[1] 0.03995077 0.90908620
[1] "Fitting mu0 = E[Y|A=0,W]"
[1] "Iteration number: 530"
[1] "pos"
[1] 0.04125493 0.91404822
[1] "Fitting mu0 = E[Y|A=0,W]"
[1] "Iteration number: 531"
[1] "pos"
[1] 0.0459409 0.9150485
[1] "Fitting mu0 = E[Y|A=0,W]"
[1] "Iteration number: 532"
[1] "pos"
[1] 0.04230294 0.91646588
[1] "Fitting mu0 = E[Y|A=0,W]"
[1] "Iteration number: 533"
[1] "pos"
[1] 0.03831814 0.91109266
[1] "Fitting mu0 = E[Y|A=0,W]"
[1] "Iteration number: 534"
[1] "pos"
[1] 0.04237504 0.89993317
[1] "Fitting mu0 = E[Y|A=0,W]"
[1] "Iteration number: 535"
[1] "pos"
[1] 0.04046797 0.91346488
[1] "Fitting mu0 = E[Y|A=0,W]"
[1] "Iteration number: 536"
[1] "pos"
[1] 0.04067813 0.91465516
[1] "Fitting mu0 = E[Y|A=0,W]"
[1] "Iteration number: 537"
[1] "pos"
[1] 0.04790315 0.90839198
[1] "Fitting mu0 = E[Y|A=0,W]"
[1] "Iteration number: 538"
[1] "pos"
[1] 0.04127129 0.91201209
[1] "Fitting mu0 = E[Y|A=0,W]"
[1] "Iteration number: 539"
[1] "pos"
[1] 0.04449593 0.91912189
[1] "Fitting mu0 = E[Y|A=0,W]"
[1] "Iteration number: 540"
[1] "pos"
[1] 0.04861639 0.90774720
[1] "Fitting mu0 = E[Y|A=0,W]"
[1] "Iteration number: 541"
[1] "pos"
[1] 0.03921176 0.91796385
[1] "Fitting mu0 = E[Y|A=0,W]"
[1] "Iteration number: 542"
[1] "pos"
[1] 0.03898951 0.90516532
[1] "Fitting mu0 = E[Y|A=0,W]"
[1] "Iteration number: 543"
[1] "pos"
[1] 0.04211685 0.90063332
[1] "Fitting mu0 = E[Y|A=0,W]"
[1] "Iteration number: 544"
[1] "pos"
[1] 0.04292624 0.90521006
[1] "Fitting mu0 = E[Y|A=0,W]"
[1] "Iteration number: 545"
[1] "pos"
[1] 0.04140234 0.91799188
[1] "Fitting mu0 = E[Y|A=0,W]"
[1] "Iteration number: 546"
[1] "pos"
[1] 0.03912942 0.90980819
[1] "Fitting mu0 = E[Y|A=0,W]"
[1] "Iteration number: 547"
[1] "pos"
[1] 0.04191436 0.91656379
[1] "Fitting mu0 = E[Y|A=0,W]"
[1] "Iteration number: 548"
[1] "pos"
[1] 0.04895757 0.91642667
[1] "Fitting mu0 = E[Y|A=0,W]"
[1] "Iteration number: 549"
[1] "pos"
[1] 0.04038305 0.90991821
[1] "Fitting mu0 = E[Y|A=0,W]"
[1] "Iteration number: 550"
[1] "pos"
[1] 0.0411266 0.9141765
[1] "Fitting mu0 = E[Y|A=0,W]"
[1] "Iteration number: 551"
[1] "pos"
[1] 0.03883419 0.90252485
[1] "Fitting mu0 = E[Y|A=0,W]"
[1] "Iteration number: 552"
[1] "pos"
[1] 0.04000865 0.91170805
[1] "Fitting mu0 = E[Y|A=0,W]"
[1] "Iteration number: 553"
[1] "pos"
[1] 0.0477025 0.9131519
[1] "Fitting mu0 = E[Y|A=0,W]"
[1] "Iteration number: 554"
[1] "pos"
[1] 0.04206518 0.91581548
[1] "Fitting mu0 = E[Y|A=0,W]"
[1] "Iteration number: 555"
[1] "pos"
[1] 0.04198332 0.91664575
[1] "Fitting mu0 = E[Y|A=0,W]"
[1] "Iteration number: 556"
[1] "pos"
[1] 0.04346468 0.91376662
[1] "Fitting mu0 = E[Y|A=0,W]"
[1] "Iteration number: 557"
[1] "pos"
[1] 0.04056502 0.90775354
[1] "Fitting mu0 = E[Y|A=0,W]"
[1] "Iteration number: 558"
[1] "pos"
[1] 0.04279026 0.91310688
[1] "Fitting mu0 = E[Y|A=0,W]"
[1] "Iteration number: 559"
[1] "pos"
[1] 0.04326819 0.91443727
[1] "Fitting mu0 = E[Y|A=0,W]"
[1] "Iteration number: 560"
[1] "pos"
[1] 0.04185767 0.90585280
[1] "Fitting mu0 = E[Y|A=0,W]"
[1] "Iteration number: 561"
[1] "pos"
[1] 0.04939468 0.91040803
[1] "Fitting mu0 = E[Y|A=0,W]"
[1] "Iteration number: 562"
[1] "pos"
[1] 0.05433825 0.90678434
[1] "Fitting mu0 = E[Y|A=0,W]"
[1] "Iteration number: 563"
[1] "pos"
[1] 0.04383807 0.91175678
[1] "Fitting mu0 = E[Y|A=0,W]"
[1] "Iteration number: 564"
[1] "pos"
[1] 0.04436704 0.91249020
[1] "Fitting mu0 = E[Y|A=0,W]"
[1] "Iteration number: 565"
[1] "pos"
[1] 0.04151416 0.90912892
[1] "Fitting mu0 = E[Y|A=0,W]"
[1] "Iteration number: 566"
[1] "pos"
[1] 0.04067773 0.91362454
[1] "Fitting mu0 = E[Y|A=0,W]"
[1] "Iteration number: 567"
[1] "pos"
[1] 0.04928489 0.91088477
[1] "Fitting mu0 = E[Y|A=0,W]"
[1] "Iteration number: 568"
[1] "pos"
[1] 0.04153272 0.91768949
[1] "Fitting mu0 = E[Y|A=0,W]"
[1] "Iteration number: 569"
[1] "pos"
[1] 0.04116836 0.91628095
[1] "Fitting mu0 = E[Y|A=0,W]"
[1] "Iteration number: 570"
[1] "pos"
[1] 0.03863266 0.90891821
[1] "Fitting mu0 = E[Y|A=0,W]"
[1] "Iteration number: 571"
[1] "pos"
[1] 0.04130065 0.90599123
[1] "Fitting mu0 = E[Y|A=0,W]"
[1] "Iteration number: 572"
[1] "pos"
[1] 0.04428114 0.91369667
[1] "Fitting mu0 = E[Y|A=0,W]"
[1] "Iteration number: 573"
[1] "pos"
[1] 0.04351474 0.90220622
[1] "Fitting mu0 = E[Y|A=0,W]"
[1] "Iteration number: 574"
[1] "pos"
[1] 0.03874304 0.90728904
[1] "Fitting mu0 = E[Y|A=0,W]"
[1] "Iteration number: 575"
[1] "pos"
[1] 0.04783298 0.90205960
[1] "Fitting mu0 = E[Y|A=0,W]"
[1] "Iteration number: 576"
[1] "pos"
[1] 0.04182832 0.89717726
[1] "Fitting mu0 = E[Y|A=0,W]"
[1] "Iteration number: 577"
[1] "pos"
[1] 0.04078747 0.91381117
[1] "Fitting mu0 = E[Y|A=0,W]"
[1] "Iteration number: 578"
[1] "pos"
[1] 0.0439284 0.9143217
[1] "Fitting mu0 = E[Y|A=0,W]"
[1] "Iteration number: 579"
[1] "pos"
[1] 0.04200052 0.90541403
[1] "Fitting mu0 = E[Y|A=0,W]"
[1] "Iteration number: 580"
[1] "pos"
[1] 0.04401514 0.90870654
[1] "Fitting mu0 = E[Y|A=0,W]"
[1] "Iteration number: 581"
[1] "pos"
[1] 0.0424929 0.9118252
[1] "Fitting mu0 = E[Y|A=0,W]"
[1] "Iteration number: 582"
[1] "pos"
[1] 0.04092412 0.91200236
[1] "Fitting mu0 = E[Y|A=0,W]"
[1] "Iteration number: 583"
[1] "pos"
[1] 0.0507856 0.9077885
[1] "Fitting mu0 = E[Y|A=0,W]"
[1] "Iteration number: 584"
[1] "pos"
[1] 0.04087474 0.90462659
[1] "Fitting mu0 = E[Y|A=0,W]"
[1] "Iteration number: 585"
[1] "pos"
[1] 0.04356805 0.91771908
[1] "Fitting mu0 = E[Y|A=0,W]"
[1] "Iteration number: 586"
[1] "pos"
[1] 0.04464148 0.89979078
[1] "Fitting mu0 = E[Y|A=0,W]"
[1] "Iteration number: 587"
[1] "pos"
[1] 0.04253705 0.91046813
[1] "Fitting mu0 = E[Y|A=0,W]"
[1] "Iteration number: 588"
[1] "pos"
[1] 0.04074074 0.90635267
[1] "Fitting mu0 = E[Y|A=0,W]"
[1] "Iteration number: 589"
[1] "pos"
[1] 0.0409249 0.9182577
[1] "Fitting mu0 = E[Y|A=0,W]"
[1] "Iteration number: 590"
[1] "pos"
[1] 0.04550477 0.90177438
[1] "Fitting mu0 = E[Y|A=0,W]"
[1] "Iteration number: 591"
[1] "pos"
[1] 0.04182544 0.90381294
[1] "Fitting mu0 = E[Y|A=0,W]"
[1] "Iteration number: 592"
[1] "pos"
[1] 0.04113535 0.90435412
[1] "Fitting mu0 = E[Y|A=0,W]"
[1] "Iteration number: 593"
[1] "pos"
[1] 0.03988244 0.90971317
[1] "Fitting mu0 = E[Y|A=0,W]"
[1] "Iteration number: 594"
[1] "pos"
[1] 0.04822667 0.91512219
[1] "Fitting mu0 = E[Y|A=0,W]"
[1] "Iteration number: 595"
[1] "pos"
[1] 0.0390114 0.8957525
[1] "Fitting mu0 = E[Y|A=0,W]"
[1] "Iteration number: 596"
[1] "pos"
[1] 0.04970064 0.91611744
[1] "Fitting mu0 = E[Y|A=0,W]"
[1] "Iteration number: 597"
[1] "pos"
[1] 0.04210139 0.90633476
[1] "Fitting mu0 = E[Y|A=0,W]"
[1] "Iteration number: 598"
[1] "pos"
[1] 0.04375571 0.91022294
[1] "Fitting mu0 = E[Y|A=0,W]"
[1] "Iteration number: 599"
[1] "pos"
[1] 0.03945444 0.90355767
[1] "Fitting mu0 = E[Y|A=0,W]"
[1] "Iteration number: 600"
[1] "pos"
[1] 0.04289935 0.90016235
[1] "Fitting mu0 = E[Y|A=0,W]"
[1] "Iteration number: 601"
[1] "pos"
[1] 0.04647817 0.91628848
[1] "Fitting mu0 = E[Y|A=0,W]"
[1] "Iteration number: 602"
[1] "pos"
[1] 0.04153552 0.91393447
[1] "Fitting mu0 = E[Y|A=0,W]"
[1] "Iteration number: 603"
[1] "pos"
[1] 0.03991308 0.91447299
[1] "Fitting mu0 = E[Y|A=0,W]"
[1] "Iteration number: 604"
[1] "pos"
[1] 0.04223455 0.90875687
[1] "Fitting mu0 = E[Y|A=0,W]"
[1] "Iteration number: 605"
[1] "pos"
[1] 0.0475001 0.9155823
[1] "Fitting mu0 = E[Y|A=0,W]"
[1] "Iteration number: 606"
[1] "pos"
[1] 0.0479723 0.9072671
[1] "Fitting mu0 = E[Y|A=0,W]"
[1] "Iteration number: 607"
[1] "pos"
[1] 0.04105691 0.91597377
[1] "Fitting mu0 = E[Y|A=0,W]"
[1] "Iteration number: 608"
[1] "pos"
[1] 0.04087752 0.91224609
[1] "Fitting mu0 = E[Y|A=0,W]"
[1] "Iteration number: 609"
[1] "pos"
[1] 0.04154453 0.91729323
[1] "Fitting mu0 = E[Y|A=0,W]"
[1] "Iteration number: 610"
[1] "pos"
[1] 0.04374975 0.90481162
[1] "Fitting mu0 = E[Y|A=0,W]"
[1] "Iteration number: 611"
[1] "pos"
[1] 0.04280024 0.91203710
[1] "Fitting mu0 = E[Y|A=0,W]"
[1] "Iteration number: 612"
[1] "pos"
[1] 0.04078296 0.90951267
[1] "Fitting mu0 = E[Y|A=0,W]"
[1] "Iteration number: 613"
[1] "pos"
[1] 0.0404644 0.9120932
[1] "Fitting mu0 = E[Y|A=0,W]"
[1] "Iteration number: 614"
[1] "pos"
[1] 0.04171622 0.91152134
[1] "Fitting mu0 = E[Y|A=0,W]"
[1] "Iteration number: 615"
[1] "pos"
[1] 0.04120341 0.91143483
[1] "Fitting mu0 = E[Y|A=0,W]"
[1] "Iteration number: 616"
[1] "pos"
[1] 0.04986992 0.90165115
[1] "Fitting mu0 = E[Y|A=0,W]"
[1] "Iteration number: 617"
[1] "pos"
[1] 0.0434748 0.9086690
[1] "Fitting mu0 = E[Y|A=0,W]"
[1] "Iteration number: 618"
[1] "pos"
[1] 0.04133597 0.91656740
[1] "Fitting mu0 = E[Y|A=0,W]"
[1] "Iteration number: 619"
[1] "pos"
[1] 0.04729625 0.91419487
[1] "Fitting mu0 = E[Y|A=0,W]"
[1] "Iteration number: 620"
[1] "pos"
[1] 0.04792786 0.91126025
[1] "Fitting mu0 = E[Y|A=0,W]"
[1] "Iteration number: 621"
[1] "pos"
[1] 0.03819775 0.91243959
[1] "Fitting mu0 = E[Y|A=0,W]"
[1] "Iteration number: 622"
[1] "pos"
[1] 0.0492233 0.9076409
[1] "Fitting mu0 = E[Y|A=0,W]"
[1] "Iteration number: 623"
[1] "pos"
[1] 0.04485805 0.91296157
[1] "Fitting mu0 = E[Y|A=0,W]"
[1] "Iteration number: 624"
[1] "pos"
[1] 0.04515028 0.90646490
[1] "Fitting mu0 = E[Y|A=0,W]"
[1] "Iteration number: 625"
[1] "pos"
[1] 0.04261712 0.91668249
[1] "Fitting mu0 = E[Y|A=0,W]"
[1] "Iteration number: 626"
[1] "pos"
[1] 0.04166545 0.91116015
[1] "Fitting mu0 = E[Y|A=0,W]"
[1] "Iteration number: 627"
[1] "pos"
[1] 0.04126366 0.91145682
[1] "Fitting mu0 = E[Y|A=0,W]"
[1] "Iteration number: 628"
[1] "pos"
[1] 0.04183328 0.91671249
[1] "Fitting mu0 = E[Y|A=0,W]"
[1] "Iteration number: 629"
[1] "pos"
[1] 0.04177203 0.91791816
[1] "Fitting mu0 = E[Y|A=0,W]"
[1] "Iteration number: 630"
[1] "pos"
[1] 0.04524635 0.90821725
[1] "Fitting mu0 = E[Y|A=0,W]"
[1] "Iteration number: 631"
[1] "pos"
[1] 0.04647781 0.91461563
[1] "Fitting mu0 = E[Y|A=0,W]"
[1] "Iteration number: 632"
[1] "pos"
[1] 0.04575361 0.90798925
[1] "Fitting mu0 = E[Y|A=0,W]"
[1] "Iteration number: 633"
[1] "pos"
[1] 0.04426111 0.91109486
[1] "Fitting mu0 = E[Y|A=0,W]"
[1] "Iteration number: 634"
[1] "pos"
[1] 0.04162544 0.91842631
[1] "Fitting mu0 = E[Y|A=0,W]"
[1] "Iteration number: 635"
[1] "pos"
[1] 0.04152711 0.90514769
[1] "Fitting mu0 = E[Y|A=0,W]"
[1] "Iteration number: 636"
[1] "pos"
[1] 0.04477814 0.91798496
[1] "Fitting mu0 = E[Y|A=0,W]"
[1] "Iteration number: 637"
[1] "pos"
[1] 0.04056155 0.91594825
[1] "Fitting mu0 = E[Y|A=0,W]"
[1] "Iteration number: 638"
[1] "pos"
[1] 0.04160578 0.91716079
[1] "Fitting mu0 = E[Y|A=0,W]"
[1] "Iteration number: 639"
[1] "pos"
[1] 0.04199716 0.91033632
[1] "Fitting mu0 = E[Y|A=0,W]"
[1] "Iteration number: 640"
[1] "pos"
[1] 0.04182152 0.90577837
[1] "Fitting mu0 = E[Y|A=0,W]"
[1] "Iteration number: 641"
[1] "pos"
[1] 0.04980498 0.90975138
[1] "Fitting mu0 = E[Y|A=0,W]"
[1] "Iteration number: 642"
[1] "pos"
[1] 0.04002575 0.91615796
[1] "Fitting mu0 = E[Y|A=0,W]"
[1] "Iteration number: 643"
[1] "pos"
[1] 0.04296579 0.90953758
[1] "Fitting mu0 = E[Y|A=0,W]"
[1] "Iteration number: 644"
[1] "pos"
[1] 0.04554082 0.90163972
[1] "Fitting mu0 = E[Y|A=0,W]"
[1] "Iteration number: 645"
[1] "pos"
[1] 0.04009013 0.91947243
[1] "Fitting mu0 = E[Y|A=0,W]"
[1] "Iteration number: 646"
[1] "pos"
[1] 0.04137271 0.91262449
[1] "Fitting mu0 = E[Y|A=0,W]"
[1] "Iteration number: 647"
[1] "pos"
[1] 0.04226326 0.91752205
[1] "Fitting mu0 = E[Y|A=0,W]"
[1] "Iteration number: 648"
[1] "pos"
[1] 0.03987645 0.90194513
[1] "Fitting mu0 = E[Y|A=0,W]"
[1] "Iteration number: 649"
[1] "pos"
[1] 0.03899749 0.91164318
[1] "Fitting mu0 = E[Y|A=0,W]"
[1] "Iteration number: 650"
[1] "pos"
[1] 0.05378516 0.90385988
[1] "Fitting mu0 = E[Y|A=0,W]"
[1] "Iteration number: 651"
[1] "pos"
[1] 0.05611128 0.90651453
[1] "Fitting mu0 = E[Y|A=0,W]"
[1] "Iteration number: 652"
[1] "pos"
[1] 0.04953477 0.90819812
[1] "Fitting mu0 = E[Y|A=0,W]"
[1] "Iteration number: 653"
[1] "pos"
[1] 0.0419032 0.9143145
[1] "Fitting mu0 = E[Y|A=0,W]"
[1] "Iteration number: 654"
[1] "pos"
[1] 0.04411458 0.91683776
[1] "Fitting mu0 = E[Y|A=0,W]"
[1] "Iteration number: 655"
[1] "pos"
[1] 0.04164104 0.90586648
[1] "Fitting mu0 = E[Y|A=0,W]"
[1] "Iteration number: 656"
[1] "pos"
[1] 0.04535057 0.91684821
[1] "Fitting mu0 = E[Y|A=0,W]"
[1] "Iteration number: 657"
[1] "pos"
[1] 0.04714116 0.91082566
[1] "Fitting mu0 = E[Y|A=0,W]"
[1] "Iteration number: 658"
[1] "pos"
[1] 0.04531915 0.91637432
[1] "Fitting mu0 = E[Y|A=0,W]"
[1] "Iteration number: 659"
[1] "pos"
[1] 0.04326568 0.90731374
[1] "Fitting mu0 = E[Y|A=0,W]"
[1] "Iteration number: 660"
[1] "pos"
[1] 0.03994227 0.91378872
[1] "Fitting mu0 = E[Y|A=0,W]"
[1] "Iteration number: 661"
[1] "pos"
[1] 0.0494949 0.9149865
[1] "Fitting mu0 = E[Y|A=0,W]"
[1] "Iteration number: 662"
[1] "pos"
[1] 0.0409455 0.9115867
[1] "Fitting mu0 = E[Y|A=0,W]"
[1] "Iteration number: 663"
[1] "pos"
[1] 0.04173154 0.91119728
[1] "Fitting mu0 = E[Y|A=0,W]"
[1] "Iteration number: 664"
[1] "pos"
[1] 0.0430980 0.9144403
[1] "Fitting mu0 = E[Y|A=0,W]"
[1] "Iteration number: 665"
[1] "pos"
[1] 0.04227438 0.91336360
[1] "Fitting mu0 = E[Y|A=0,W]"
[1] "Iteration number: 666"
[1] "pos"
[1] 0.0416945 0.9016803
[1] "Fitting mu0 = E[Y|A=0,W]"
[1] "Iteration number: 667"
[1] "pos"
[1] 0.03953818 0.90153217
[1] "Fitting mu0 = E[Y|A=0,W]"
[1] "Iteration number: 668"
[1] "pos"
[1] 0.03951976 0.91449034
[1] "Fitting mu0 = E[Y|A=0,W]"
[1] "Iteration number: 669"
[1] "pos"
[1] 0.04623923 0.91764349
[1] "Fitting mu0 = E[Y|A=0,W]"
[1] "Iteration number: 670"
[1] "pos"
[1] 0.0384332 0.9147177
[1] "Fitting mu0 = E[Y|A=0,W]"
[1] "Iteration number: 671"
[1] "pos"
[1] 0.04609989 0.91792146
[1] "Fitting mu0 = E[Y|A=0,W]"
[1] "Iteration number: 672"
[1] "pos"
[1] 0.03835399 0.91757576
[1] "Fitting mu0 = E[Y|A=0,W]"
[1] "Iteration number: 673"
[1] "pos"
[1] 0.03852057 0.89597748
[1] "Fitting mu0 = E[Y|A=0,W]"
[1] "Iteration number: 674"
[1] "pos"
[1] 0.04001434 0.91660194
[1] "Fitting mu0 = E[Y|A=0,W]"
[1] "Iteration number: 675"
[1] "pos"
[1] 0.04309319 0.91487272
[1] "Fitting mu0 = E[Y|A=0,W]"
[1] "Iteration number: 676"
[1] "pos"
[1] 0.04109734 0.90590053
[1] "Fitting mu0 = E[Y|A=0,W]"
[1] "Iteration number: 677"
[1] "pos"
[1] 0.04447041 0.90467693
[1] "Fitting mu0 = E[Y|A=0,W]"
[1] "Iteration number: 678"
[1] "pos"
[1] 0.04575983 0.91306444
[1] "Fitting mu0 = E[Y|A=0,W]"
[1] "Iteration number: 679"
[1] "pos"
[1] 0.04805886 0.90910936
[1] "Fitting mu0 = E[Y|A=0,W]"
[1] "Iteration number: 680"
[1] "pos"
[1] 0.04111624 0.91675816
[1] "Fitting mu0 = E[Y|A=0,W]"
[1] "Iteration number: 681"
[1] "pos"
[1] 0.05042231 0.90837957
[1] "Fitting mu0 = E[Y|A=0,W]"
[1] "Iteration number: 682"
[1] "pos"
[1] 0.04321671 0.90513418
[1] "Fitting mu0 = E[Y|A=0,W]"
[1] "Iteration number: 683"
[1] "pos"
[1] 0.04505458 0.90614201
[1] "Fitting mu0 = E[Y|A=0,W]"
[1] "Iteration number: 684"
[1] "pos"
[1] 0.04664918 0.90589907
[1] "Fitting mu0 = E[Y|A=0,W]"
[1] "Iteration number: 685"
[1] "pos"
[1] 0.04309372 0.91846609
[1] "Fitting mu0 = E[Y|A=0,W]"
[1] "Iteration number: 686"
[1] "pos"
[1] 0.04452408 0.90078931
[1] "Fitting mu0 = E[Y|A=0,W]"
[1] "Iteration number: 687"
[1] "pos"
[1] 0.04010106 0.90925312
[1] "Fitting mu0 = E[Y|A=0,W]"
[1] "Iteration number: 688"
[1] "pos"
[1] 0.04266433 0.91393818
[1] "Fitting mu0 = E[Y|A=0,W]"
[1] "Iteration number: 689"
[1] "pos"
[1] 0.0465341 0.9085523
[1] "Fitting mu0 = E[Y|A=0,W]"
[1] "Iteration number: 690"
[1] "pos"
[1] 0.04399545 0.91005847
[1] "Fitting mu0 = E[Y|A=0,W]"
[1] "Iteration number: 691"
[1] "pos"
[1] 0.03879413 0.90469704
[1] "Fitting mu0 = E[Y|A=0,W]"
[1] "Iteration number: 692"
[1] "pos"
[1] 0.04820454 0.88702444
[1] "Fitting mu0 = E[Y|A=0,W]"
[1] "Iteration number: 693"
[1] "pos"
[1] 0.04292484 0.91589800
[1] "Fitting mu0 = E[Y|A=0,W]"
[1] "Iteration number: 694"
[1] "pos"
[1] 0.05006206 0.90198419
[1] "Fitting mu0 = E[Y|A=0,W]"
[1] "Iteration number: 695"
[1] "pos"
[1] 0.03919284 0.91288231
[1] "Fitting mu0 = E[Y|A=0,W]"
[1] "Iteration number: 696"
[1] "pos"
[1] 0.04290762 0.91624519
[1] "Fitting mu0 = E[Y|A=0,W]"
[1] "Iteration number: 697"
[1] "pos"
[1] 0.04033331 0.91612793
[1] "Fitting mu0 = E[Y|A=0,W]"
[1] "Iteration number: 698"
[1] "pos"
[1] 0.03933856 0.91317217
[1] "Fitting mu0 = E[Y|A=0,W]"
[1] "Iteration number: 699"
[1] "pos"
[1] 0.04497914 0.90524466
[1] "Fitting mu0 = E[Y|A=0,W]"
[1] "Iteration number: 700"
[1] "pos"
[1] 0.03900939 0.90534755
[1] "Fitting mu0 = E[Y|A=0,W]"
[1] "Iteration number: 701"
[1] "pos"
[1] 0.04360083 0.90302316
[1] "Fitting mu0 = E[Y|A=0,W]"
[1] "Iteration number: 702"
[1] "pos"
[1] 0.03829954 0.91263919
[1] "Fitting mu0 = E[Y|A=0,W]"
[1] "Iteration number: 703"
[1] "pos"
[1] 0.04130764 0.90261255
[1] "Fitting mu0 = E[Y|A=0,W]"
[1] "Iteration number: 704"
[1] "pos"
[1] 0.04721987 0.91636439
[1] "Fitting mu0 = E[Y|A=0,W]"
[1] "Iteration number: 705"
[1] "pos"
[1] 0.04109287 0.91727358
[1] "Fitting mu0 = E[Y|A=0,W]"
[1] "Iteration number: 706"
[1] "pos"
[1] 0.04226713 0.91552579
[1] "Fitting mu0 = E[Y|A=0,W]"
[1] "Iteration number: 707"
[1] "pos"
[1] 0.0470773 0.9156785
[1] "Fitting mu0 = E[Y|A=0,W]"
[1] "Iteration number: 708"
[1] "pos"
[1] 0.04914464 0.92018711
[1] "Fitting mu0 = E[Y|A=0,W]"
[1] "Iteration number: 709"
[1] "pos"
[1] 0.04113794 0.91097088
[1] "Fitting mu0 = E[Y|A=0,W]"
[1] "Iteration number: 710"
[1] "pos"
[1] 0.0457842 0.9057656
[1] "Fitting mu0 = E[Y|A=0,W]"
[1] "Iteration number: 711"
[1] "pos"
[1] 0.04301952 0.91775578
[1] "Fitting mu0 = E[Y|A=0,W]"
[1] "Iteration number: 712"
[1] "pos"
[1] 0.04399582 0.90652247
[1] "Fitting mu0 = E[Y|A=0,W]"
[1] "Iteration number: 713"
[1] "pos"
[1] 0.0379835 0.9160562
[1] "Fitting mu0 = E[Y|A=0,W]"
[1] "Iteration number: 714"
[1] "pos"
[1] 0.04569643 0.91836503
[1] "Fitting mu0 = E[Y|A=0,W]"
[1] "Iteration number: 715"
[1] "pos"
[1] 0.03928744 0.90318001
[1] "Fitting mu0 = E[Y|A=0,W]"
[1] "Iteration number: 716"
[1] "pos"
[1] 0.04122097 0.90584952
[1] "Fitting mu0 = E[Y|A=0,W]"
[1] "Iteration number: 717"
[1] "pos"
[1] 0.04100539 0.91658902
[1] "Fitting mu0 = E[Y|A=0,W]"
[1] "Iteration number: 718"
[1] "pos"
[1] 0.04560781 0.90861721
[1] "Fitting mu0 = E[Y|A=0,W]"
[1] "Iteration number: 719"
[1] "pos"
[1] 0.0406792 0.9088131
[1] "Fitting mu0 = E[Y|A=0,W]"
[1] "Iteration number: 720"
[1] "pos"
[1] 0.05216145 0.91040907
[1] "Fitting mu0 = E[Y|A=0,W]"
[1] "Iteration number: 721"
[1] "pos"
[1] 0.04555607 0.91762773
[1] "Fitting mu0 = E[Y|A=0,W]"
[1] "Iteration number: 722"
[1] "pos"
[1] 0.04137204 0.91354199
[1] "Fitting mu0 = E[Y|A=0,W]"
[1] "Iteration number: 723"
[1] "pos"
[1] 0.04202794 0.91822764
[1] "Fitting mu0 = E[Y|A=0,W]"
[1] "Iteration number: 724"
[1] "pos"
[1] 0.04237839 0.91362391
[1] "Fitting mu0 = E[Y|A=0,W]"
[1] "Iteration number: 725"
[1] "pos"
[1] 0.04152487 0.89815908
[1] "Fitting mu0 = E[Y|A=0,W]"
[1] "Iteration number: 726"
[1] "pos"
[1] 0.04220753 0.91412689
[1] "Fitting mu0 = E[Y|A=0,W]"
[1] "Iteration number: 727"
[1] "pos"
[1] 0.04316705 0.91398331
[1] "Fitting mu0 = E[Y|A=0,W]"
[1] "Iteration number: 728"
[1] "pos"
[1] 0.049561 0.917476
[1] "Fitting mu0 = E[Y|A=0,W]"
[1] "Iteration number: 729"
[1] "pos"
[1] 0.04323227 0.91177652
[1] "Fitting mu0 = E[Y|A=0,W]"
[1] "Iteration number: 730"
[1] "pos"
[1] 0.05012432 0.90775616
[1] "Fitting mu0 = E[Y|A=0,W]"
[1] "Iteration number: 731"
[1] "pos"
[1] 0.03844551 0.91573505
[1] "Fitting mu0 = E[Y|A=0,W]"
[1] "Iteration number: 732"
[1] "pos"
[1] 0.0486807 0.9104910
[1] "Fitting mu0 = E[Y|A=0,W]"
[1] "Iteration number: 733"
[1] "pos"
[1] 0.04387113 0.90492123
[1] "Fitting mu0 = E[Y|A=0,W]"
[1] "Iteration number: 734"
[1] "pos"
[1] 0.04110352 0.91234887
[1] "Fitting mu0 = E[Y|A=0,W]"
[1] "Iteration number: 735"
[1] "pos"
[1] 0.04822783 0.90787919
[1] "Fitting mu0 = E[Y|A=0,W]"
[1] "Iteration number: 736"
[1] "pos"
[1] 0.04058735 0.91603807
[1] "Fitting mu0 = E[Y|A=0,W]"
[1] "Iteration number: 737"
[1] "pos"
[1] 0.04170224 0.90615318
[1] "Fitting mu0 = E[Y|A=0,W]"
[1] "Iteration number: 738"
[1] "pos"
[1] 0.03914371 0.90682894
[1] "Fitting mu0 = E[Y|A=0,W]"
[1] "Iteration number: 739"
[1] "pos"
[1] 0.0432733 0.9085133
[1] "Fitting mu0 = E[Y|A=0,W]"
[1] "Iteration number: 740"
[1] "pos"
[1] 0.04281644 0.91280376
[1] "Fitting mu0 = E[Y|A=0,W]"
[1] "Iteration number: 741"
[1] "pos"
[1] 0.03879957 0.91033189
[1] "Fitting mu0 = E[Y|A=0,W]"
[1] "Iteration number: 742"
[1] "pos"
[1] 0.04090509 0.91497007
[1] "Fitting mu0 = E[Y|A=0,W]"
[1] "Iteration number: 743"
[1] "pos"
[1] 0.04137831 0.90162787
[1] "Fitting mu0 = E[Y|A=0,W]"
[1] "Iteration number: 744"
[1] "pos"
[1] 0.0400319 0.9006520
[1] "Fitting mu0 = E[Y|A=0,W]"
[1] "Iteration number: 745"
[1] "pos"
[1] 0.04348904 0.91029691
[1] "Fitting mu0 = E[Y|A=0,W]"
[1] "Iteration number: 746"
[1] "pos"
[1] 0.04406795 0.90228083
[1] "Fitting mu0 = E[Y|A=0,W]"
[1] "Iteration number: 747"
[1] "pos"
[1] 0.04491127 0.91708639
[1] "Fitting mu0 = E[Y|A=0,W]"
[1] "Iteration number: 748"
[1] "pos"
[1] 0.04032127 0.91236627
[1] "Fitting mu0 = E[Y|A=0,W]"
[1] "Iteration number: 749"
[1] "pos"
[1] 0.04390419 0.91302988
[1] "Fitting mu0 = E[Y|A=0,W]"
[1] "Iteration number: 750"
[1] "pos"
[1] 0.04103868 0.90755369
[1] "Fitting mu0 = E[Y|A=0,W]"
[1] "Iteration number: 751"
[1] "pos"
[1] 0.04476965 0.90998153
[1] "Fitting mu0 = E[Y|A=0,W]"
[1] "Iteration number: 752"
[1] "pos"
[1] 0.04909879 0.91765918
[1] "Fitting mu0 = E[Y|A=0,W]"
[1] "Iteration number: 753"
[1] "pos"
[1] 0.04281703 0.91748104
[1] "Fitting mu0 = E[Y|A=0,W]"
[1] "Iteration number: 754"
[1] "pos"
[1] 0.04157245 0.91926910
[1] "Fitting mu0 = E[Y|A=0,W]"
[1] "Iteration number: 755"
[1] "pos"
[1] 0.04151386 0.91799230
[1] "Fitting mu0 = E[Y|A=0,W]"
[1] "Iteration number: 756"
[1] "pos"
[1] 0.04453744 0.91388196
[1] "Fitting mu0 = E[Y|A=0,W]"
[1] "Iteration number: 757"
[1] "pos"
[1] 0.04115917 0.91170711
[1] "Fitting mu0 = E[Y|A=0,W]"
[1] "Iteration number: 758"
[1] "pos"
[1] 0.04374927 0.91045995
[1] "Fitting mu0 = E[Y|A=0,W]"
[1] "Iteration number: 759"
[1] "pos"
[1] 0.0394286 0.9154810
[1] "Fitting mu0 = E[Y|A=0,W]"
[1] "Iteration number: 760"
[1] "pos"
[1] 0.04770883 0.90740089
[1] "Fitting mu0 = E[Y|A=0,W]"
[1] "Iteration number: 761"
[1] "pos"
[1] 0.04220033 0.90658216
[1] "Fitting mu0 = E[Y|A=0,W]"
[1] "Iteration number: 762"
[1] "pos"
[1] 0.0384353 0.9149400
[1] "Fitting mu0 = E[Y|A=0,W]"
[1] "Iteration number: 763"
[1] "pos"
[1] 0.04160923 0.90273843
[1] "Fitting mu0 = E[Y|A=0,W]"
[1] "Iteration number: 764"
[1] "pos"
[1] 0.04221792 0.90901871
[1] "Fitting mu0 = E[Y|A=0,W]"
[1] "Iteration number: 765"
[1] "pos"
[1] 0.0421015 0.9091337
[1] "Fitting mu0 = E[Y|A=0,W]"
[1] "Iteration number: 766"
[1] "pos"
[1] 0.04251435 0.90404678
[1] "Fitting mu0 = E[Y|A=0,W]"
[1] "Iteration number: 767"
[1] "pos"
[1] 0.04045527 0.91116833
[1] "Fitting mu0 = E[Y|A=0,W]"
[1] "Iteration number: 768"
[1] "pos"
[1] 0.04184803 0.90446422
[1] "Fitting mu0 = E[Y|A=0,W]"
[1] "Iteration number: 769"
[1] "pos"
[1] 0.04007522 0.90872363
[1] "Fitting mu0 = E[Y|A=0,W]"
[1] "Iteration number: 770"
[1] "pos"
[1] 0.04886871 0.90661082
[1] "Fitting mu0 = E[Y|A=0,W]"
[1] "Iteration number: 771"
[1] "pos"
[1] 0.0432919 0.9050147
[1] "Fitting mu0 = E[Y|A=0,W]"
[1] "Iteration number: 772"
[1] "pos"
[1] 0.04164706 0.91494310
[1] "Fitting mu0 = E[Y|A=0,W]"
[1] "Iteration number: 773"
[1] "pos"
[1] 0.04227195 0.90861491
[1] "Fitting mu0 = E[Y|A=0,W]"
[1] "Iteration number: 774"
[1] "pos"
[1] 0.0470384 0.9131104
[1] "Fitting mu0 = E[Y|A=0,W]"
[1] "Iteration number: 775"
[1] "pos"
[1] 0.04029233 0.90830512
[1] "Fitting mu0 = E[Y|A=0,W]"
[1] "Iteration number: 776"
[1] "pos"
[1] 0.04032781 0.90709331
[1] "Fitting mu0 = E[Y|A=0,W]"
[1] "Iteration number: 777"
[1] "pos"
[1] 0.04981375 0.91289463
[1] "Fitting mu0 = E[Y|A=0,W]"
[1] "Iteration number: 778"
[1] "pos"
[1] 0.04029063 0.90416768
[1] "Fitting mu0 = E[Y|A=0,W]"
[1] "Iteration number: 779"
[1] "pos"
[1] 0.03989525 0.91065699
[1] "Fitting mu0 = E[Y|A=0,W]"
[1] "Iteration number: 780"
[1] "pos"
[1] 0.0405661 0.9029787
[1] "Fitting mu0 = E[Y|A=0,W]"
[1] "Iteration number: 781"
[1] "pos"
[1] 0.0417697 0.9157623
[1] "Fitting mu0 = E[Y|A=0,W]"
[1] "Iteration number: 782"
[1] "pos"
[1] 0.0390472 0.9162688
[1] "Fitting mu0 = E[Y|A=0,W]"
[1] "Iteration number: 783"
[1] "pos"
[1] 0.04162213 0.91586885
[1] "Fitting mu0 = E[Y|A=0,W]"
[1] "Iteration number: 784"
[1] "pos"
[1] 0.04240335 0.90663427
[1] "Fitting mu0 = E[Y|A=0,W]"
[1] "Iteration number: 785"
[1] "pos"
[1] 0.04184609 0.91410665
[1] "Fitting mu0 = E[Y|A=0,W]"
[1] "Iteration number: 786"
[1] "pos"
[1] 0.03924819 0.91851961
[1] "Fitting mu0 = E[Y|A=0,W]"
[1] "Iteration number: 787"
[1] "pos"
[1] 0.04198778 0.90380034
[1] "Fitting mu0 = E[Y|A=0,W]"
[1] "Iteration number: 788"
[1] "pos"
[1] 0.03887529 0.91851240
[1] "Fitting mu0 = E[Y|A=0,W]"
[1] "Iteration number: 789"
[1] "pos"
[1] 0.04068398 0.90357882
[1] "Fitting mu0 = E[Y|A=0,W]"
[1] "Iteration number: 790"
[1] "pos"
[1] 0.04218098 0.90594161
[1] "Fitting mu0 = E[Y|A=0,W]"
[1] "Iteration number: 791"
[1] "pos"
[1] 0.03937684 0.91008355
[1] "Fitting mu0 = E[Y|A=0,W]"
[1] "Iteration number: 792"
[1] "pos"
[1] 0.04036617 0.91655666
[1] "Fitting mu0 = E[Y|A=0,W]"
[1] "Iteration number: 793"
[1] "pos"
[1] 0.04101935 0.90805815
[1] "Fitting mu0 = E[Y|A=0,W]"
[1] "Iteration number: 794"
[1] "pos"
[1] 0.04092035 0.91132817
[1] "Fitting mu0 = E[Y|A=0,W]"
[1] "Iteration number: 795"
[1] "pos"
[1] 0.03997014 0.91075108
[1] "Fitting mu0 = E[Y|A=0,W]"
[1] "Iteration number: 796"
[1] "pos"
[1] 0.04484234 0.90962462
[1] "Fitting mu0 = E[Y|A=0,W]"
[1] "Iteration number: 797"
[1] "pos"
[1] 0.0453959 0.9042717
[1] "Fitting mu0 = E[Y|A=0,W]"
[1] "Iteration number: 798"
[1] "pos"
[1] 0.04175689 0.91587388
[1] "Fitting mu0 = E[Y|A=0,W]"
[1] "Iteration number: 799"
[1] "pos"
[1] 0.04587358 0.91187855
[1] "Fitting mu0 = E[Y|A=0,W]"
[1] "Iteration number: 800"
[1] "pos"
[1] 0.04648865 0.91257259
[1] "Fitting mu0 = E[Y|A=0,W]"
[1] "Iteration number: 801"
[1] "pos"
[1] 0.03862368 0.91011500
[1] "Fitting mu0 = E[Y|A=0,W]"
[1] "Iteration number: 802"
[1] "pos"
[1] 0.04599771 0.90478797
[1] "Fitting mu0 = E[Y|A=0,W]"
[1] "Iteration number: 803"
[1] "pos"
[1] 0.04052431 0.90933391
[1] "Fitting mu0 = E[Y|A=0,W]"
[1] "Iteration number: 804"
[1] "pos"
[1] 0.04040437 0.91619503
[1] "Fitting mu0 = E[Y|A=0,W]"
[1] "Iteration number: 805"
[1] "pos"
[1] 0.04189673 0.90656599
[1] "Fitting mu0 = E[Y|A=0,W]"
[1] "Iteration number: 806"
[1] "pos"
[1] 0.04819494 0.90940705
[1] "Fitting mu0 = E[Y|A=0,W]"
[1] "Iteration number: 807"
[1] "pos"
[1] 0.05208492 0.91022667
[1] "Fitting mu0 = E[Y|A=0,W]"
[1] "Iteration number: 808"
[1] "pos"
[1] 0.04103183 0.90391571
[1] "Fitting mu0 = E[Y|A=0,W]"
[1] "Iteration number: 809"
[1] "pos"
[1] 0.03898401 0.89479890
[1] "Fitting mu0 = E[Y|A=0,W]"
[1] "Iteration number: 810"
[1] "pos"
[1] 0.0427428 0.9061055
[1] "Fitting mu0 = E[Y|A=0,W]"
[1] "Iteration number: 811"
[1] "pos"
[1] 0.04084708 0.89917489
[1] "Fitting mu0 = E[Y|A=0,W]"
[1] "Iteration number: 812"
[1] "pos"
[1] 0.04208908 0.89962383
[1] "Fitting mu0 = E[Y|A=0,W]"
[1] "Iteration number: 813"
[1] "pos"
[1] 0.04455764 0.91255165
[1] "Fitting mu0 = E[Y|A=0,W]"
[1] "Iteration number: 814"
[1] "pos"
[1] 0.04149384 0.90327225
[1] "Fitting mu0 = E[Y|A=0,W]"
[1] "Iteration number: 815"
[1] "pos"
[1] 0.03994977 0.90859000
[1] "Fitting mu0 = E[Y|A=0,W]"
[1] "Iteration number: 816"
[1] "pos"
[1] 0.04741776 0.91788202
[1] "Fitting mu0 = E[Y|A=0,W]"
[1] "Iteration number: 817"
[1] "pos"
[1] 0.04176138 0.90547565
[1] "Fitting mu0 = E[Y|A=0,W]"
[1] "Iteration number: 818"
[1] "pos"
[1] 0.03993121 0.91157560
[1] "Fitting mu0 = E[Y|A=0,W]"
[1] "Iteration number: 819"
[1] "pos"
[1] 0.04391226 0.91980145
[1] "Fitting mu0 = E[Y|A=0,W]"
[1] "Iteration number: 820"
[1] "pos"
[1] 0.04002866 0.91261513
[1] "Fitting mu0 = E[Y|A=0,W]"
[1] "Iteration number: 821"
[1] "pos"
[1] 0.04153012 0.91348470
[1] "Fitting mu0 = E[Y|A=0,W]"
[1] "Iteration number: 822"
[1] "pos"
[1] 0.04330129 0.91826058
[1] "Fitting mu0 = E[Y|A=0,W]"
[1] "Iteration number: 823"
[1] "pos"
[1] 0.04409736 0.90865756
[1] "Fitting mu0 = E[Y|A=0,W]"
[1] "Iteration number: 824"
[1] "pos"
[1] 0.04468954 0.91589858
[1] "Fitting mu0 = E[Y|A=0,W]"
[1] "Iteration number: 825"
[1] "pos"
[1] 0.0417311 0.9121630
[1] "Fitting mu0 = E[Y|A=0,W]"
[1] "Iteration number: 826"
[1] "pos"
[1] 0.04539431 0.90944544
[1] "Fitting mu0 = E[Y|A=0,W]"
[1] "Iteration number: 827"
[1] "pos"
[1] 0.04427882 0.90477493
[1] "Fitting mu0 = E[Y|A=0,W]"
[1] "Iteration number: 828"
[1] "pos"
[1] 0.04108288 0.91152165
[1] "Fitting mu0 = E[Y|A=0,W]"
[1] "Iteration number: 829"
[1] "pos"
[1] 0.03962286 0.91893463
[1] "Fitting mu0 = E[Y|A=0,W]"
[1] "Iteration number: 830"
[1] "pos"
[1] 0.04477344 0.91780791
[1] "Fitting mu0 = E[Y|A=0,W]"
[1] "Iteration number: 831"
[1] "pos"
[1] 0.04488756 0.91602234
[1] "Fitting mu0 = E[Y|A=0,W]"
[1] "Iteration number: 832"
[1] "pos"
[1] 0.04528129 0.91366935
[1] "Fitting mu0 = E[Y|A=0,W]"
[1] "Iteration number: 833"
[1] "pos"
[1] 0.04309452 0.91189925
[1] "Fitting mu0 = E[Y|A=0,W]"
[1] "Iteration number: 834"
[1] "pos"
[1] 0.04578152 0.91208988
[1] "Fitting mu0 = E[Y|A=0,W]"
[1] "Iteration number: 835"
[1] "pos"
[1] 0.04174873 0.91427949
[1] "Fitting mu0 = E[Y|A=0,W]"
[1] "Iteration number: 836"
[1] "pos"
[1] 0.04413301 0.91842640
[1] "Fitting mu0 = E[Y|A=0,W]"
[1] "Iteration number: 837"
[1] "pos"
[1] 0.04884972 0.90818439
[1] "Fitting mu0 = E[Y|A=0,W]"
[1] "Iteration number: 838"
[1] "pos"
[1] 0.04366768 0.90959099
[1] "Fitting mu0 = E[Y|A=0,W]"
[1] "Iteration number: 839"
[1] "pos"
[1] 0.04310903 0.90686630
[1] "Fitting mu0 = E[Y|A=0,W]"
[1] "Iteration number: 840"
[1] "pos"
[1] 0.04845784 0.91266474
[1] "Fitting mu0 = E[Y|A=0,W]"
[1] "Iteration number: 841"
[1] "pos"
[1] 0.0470958 0.9086253
[1] "Fitting mu0 = E[Y|A=0,W]"
[1] "Iteration number: 842"
[1] "pos"
[1] 0.03870673 0.90237196
[1] "Fitting mu0 = E[Y|A=0,W]"
[1] "Iteration number: 843"
[1] "pos"
[1] 0.04218509 0.91221749
[1] "Fitting mu0 = E[Y|A=0,W]"
[1] "Iteration number: 844"
[1] "pos"
[1] 0.05009598 0.90665832
[1] "Fitting mu0 = E[Y|A=0,W]"
[1] "Iteration number: 845"
[1] "pos"
[1] 0.04097722 0.91510598
[1] "Fitting mu0 = E[Y|A=0,W]"
[1] "Iteration number: 846"
[1] "pos"
[1] 0.0425811 0.9116511
[1] "Fitting mu0 = E[Y|A=0,W]"
[1] "Iteration number: 847"
[1] "pos"
[1] 0.04072753 0.91327601
[1] "Fitting mu0 = E[Y|A=0,W]"
[1] "Iteration number: 848"
[1] "pos"
[1] 0.04005423 0.91601531
[1] "Fitting mu0 = E[Y|A=0,W]"
[1] "Iteration number: 849"
[1] "pos"
[1] 0.05119064 0.90623850
[1] "Fitting mu0 = E[Y|A=0,W]"
[1] "Iteration number: 850"
[1] "pos"
[1] 0.04664173 0.91009593
[1] "Fitting mu0 = E[Y|A=0,W]"
[1] "Iteration number: 851"
[1] "pos"
[1] 0.04629912 0.91050850
[1] "Fitting mu0 = E[Y|A=0,W]"
[1] "Iteration number: 852"
[1] "pos"
[1] 0.04133529 0.91445037
[1] "Fitting mu0 = E[Y|A=0,W]"
[1] "Iteration number: 853"
[1] "pos"
[1] 0.04298968 0.91051898
[1] "Fitting mu0 = E[Y|A=0,W]"
[1] "Iteration number: 854"
[1] "pos"
[1] 0.0408679 0.9120530
[1] "Fitting mu0 = E[Y|A=0,W]"
[1] "Iteration number: 855"
[1] "pos"
[1] 0.04102161 0.91293231
[1] "Fitting mu0 = E[Y|A=0,W]"
[1] "Iteration number: 856"
[1] "pos"
[1] 0.0460299 0.9084100
[1] "Fitting mu0 = E[Y|A=0,W]"
[1] "Iteration number: 857"
[1] "pos"
[1] 0.03949185 0.91115052
[1] "Fitting mu0 = E[Y|A=0,W]"
[1] "Iteration number: 858"
[1] "pos"
[1] 0.0409003 0.9091983
[1] "Fitting mu0 = E[Y|A=0,W]"
[1] "Iteration number: 859"
[1] "pos"
[1] 0.04108516 0.91505730
[1] "Fitting mu0 = E[Y|A=0,W]"
[1] "Iteration number: 860"
[1] "pos"
[1] 0.03899052 0.90425544
[1] "Fitting mu0 = E[Y|A=0,W]"
[1] "Iteration number: 861"
[1] "pos"
[1] 0.04064035 0.91113748
[1] "Fitting mu0 = E[Y|A=0,W]"
[1] "Iteration number: 862"
[1] "pos"
[1] 0.04148499 0.91481661
[1] "Fitting mu0 = E[Y|A=0,W]"
[1] "Iteration number: 863"
[1] "pos"
[1] 0.04029241 0.90955746
[1] "Fitting mu0 = E[Y|A=0,W]"
[1] "Iteration number: 864"
[1] "pos"
[1] 0.04326467 0.90539506
[1] "Fitting mu0 = E[Y|A=0,W]"
[1] "Iteration number: 865"
[1] "pos"
[1] 0.04237291 0.90973734
[1] "Fitting mu0 = E[Y|A=0,W]"
[1] "Iteration number: 866"
[1] "pos"
[1] 0.04087811 0.91462782
[1] "Fitting mu0 = E[Y|A=0,W]"
[1] "Iteration number: 867"
[1] "pos"
[1] 0.04295199 0.90882426
[1] "Fitting mu0 = E[Y|A=0,W]"
[1] "Iteration number: 868"
[1] "pos"
[1] 0.03884633 0.91342783
[1] "Fitting mu0 = E[Y|A=0,W]"
[1] "Iteration number: 869"
[1] "pos"
[1] 0.04229585 0.91214441
[1] "Fitting mu0 = E[Y|A=0,W]"
[1] "Iteration number: 870"
[1] "pos"
[1] 0.04000304 0.91776827
[1] "Fitting mu0 = E[Y|A=0,W]"
[1] "Iteration number: 871"
[1] "pos"
[1] 0.04210975 0.91738720
[1] "Fitting mu0 = E[Y|A=0,W]"
[1] "Iteration number: 872"
[1] "pos"
[1] 0.04172892 0.90891807
[1] "Fitting mu0 = E[Y|A=0,W]"
[1] "Iteration number: 873"
[1] "pos"
[1] 0.04333624 0.90292341
[1] "Fitting mu0 = E[Y|A=0,W]"
[1] "Iteration number: 874"
[1] "pos"
[1] 0.04370765 0.90995042
[1] "Fitting mu0 = E[Y|A=0,W]"
[1] "Iteration number: 875"
[1] "pos"
[1] 0.04233748 0.90962767
[1] "Fitting mu0 = E[Y|A=0,W]"
[1] "Iteration number: 876"
[1] "pos"
[1] 0.04745667 0.90281557
[1] "Fitting mu0 = E[Y|A=0,W]"
[1] "Iteration number: 877"
[1] "pos"
[1] 0.04394396 0.90546238
[1] "Fitting mu0 = E[Y|A=0,W]"
[1] "Iteration number: 878"
[1] "pos"
[1] 0.05228559 0.90438719
[1] "Fitting mu0 = E[Y|A=0,W]"
[1] "Iteration number: 879"
[1] "pos"
[1] 0.04334305 0.91518705
[1] "Fitting mu0 = E[Y|A=0,W]"
[1] "Iteration number: 880"
[1] "pos"
[1] 0.0512999 0.9135104
[1] "Fitting mu0 = E[Y|A=0,W]"
[1] "Iteration number: 881"
[1] "pos"
[1] 0.04671198 0.91433291
[1] "Fitting mu0 = E[Y|A=0,W]"
[1] "Iteration number: 882"
[1] "pos"
[1] 0.04207908 0.91523284
[1] "Fitting mu0 = E[Y|A=0,W]"
[1] "Iteration number: 883"
[1] "pos"
[1] 0.04368278 0.91087547
[1] "Fitting mu0 = E[Y|A=0,W]"
[1] "Iteration number: 884"
[1] "pos"
[1] 0.04286534 0.91439937
[1] "Fitting mu0 = E[Y|A=0,W]"
[1] "Iteration number: 885"
[1] "pos"
[1] 0.04930284 0.91775291
[1] "Fitting mu0 = E[Y|A=0,W]"
[1] "Iteration number: 886"
[1] "pos"
[1] 0.05186997 0.90497169
[1] "Fitting mu0 = E[Y|A=0,W]"
[1] "Iteration number: 887"
[1] "pos"
[1] 0.0428903 0.9159446
[1] "Fitting mu0 = E[Y|A=0,W]"
[1] "Iteration number: 888"
[1] "pos"
[1] 0.04187557 0.91917744
[1] "Fitting mu0 = E[Y|A=0,W]"
[1] "Iteration number: 889"
[1] "pos"
[1] 0.03973261 0.91083357
[1] "Fitting mu0 = E[Y|A=0,W]"
[1] "Iteration number: 890"
[1] "pos"
[1] 0.04088768 0.90635737
[1] "Fitting mu0 = E[Y|A=0,W]"
[1] "Iteration number: 891"
[1] "pos"
[1] 0.04904645 0.91743632
[1] "Fitting mu0 = E[Y|A=0,W]"
[1] "Iteration number: 892"
[1] "pos"
[1] 0.04328704 0.90731188
[1] "Fitting mu0 = E[Y|A=0,W]"
[1] "Iteration number: 893"
[1] "pos"
[1] 0.04240401 0.91277768
[1] "Fitting mu0 = E[Y|A=0,W]"
[1] "Iteration number: 894"
[1] "pos"
[1] 0.0422576 0.9128896
[1] "Fitting mu0 = E[Y|A=0,W]"
[1] "Iteration number: 895"
[1] "pos"
[1] 0.04636791 0.91503503
[1] "Fitting mu0 = E[Y|A=0,W]"
[1] "Iteration number: 896"
[1] "pos"
[1] 0.04103323 0.90698972
[1] "Fitting mu0 = E[Y|A=0,W]"
[1] "Iteration number: 897"
[1] "pos"
[1] 0.04021288 0.91437596
[1] "Fitting mu0 = E[Y|A=0,W]"
[1] "Iteration number: 898"
[1] "pos"
[1] 0.04266658 0.91969879
[1] "Fitting mu0 = E[Y|A=0,W]"
[1] "Iteration number: 899"
[1] "pos"
[1] 0.0412345 0.9173850
[1] "Fitting mu0 = E[Y|A=0,W]"
[1] "Iteration number: 900"
[1] "pos"
[1] 0.04146377 0.91235758
[1] "Fitting mu0 = E[Y|A=0,W]"
[1] "Iteration number: 901"
[1] "pos"
[1] 0.04511233 0.91095456
[1] "Fitting mu0 = E[Y|A=0,W]"
[1] "Iteration number: 902"
[1] "pos"
[1] 0.04040851 0.91003989
[1] "Fitting mu0 = E[Y|A=0,W]"
[1] "Iteration number: 903"
[1] "pos"
[1] 0.04169885 0.91445868
[1] "Fitting mu0 = E[Y|A=0,W]"
[1] "Iteration number: 904"
[1] "pos"
[1] 0.04372822 0.91402613
[1] "Fitting mu0 = E[Y|A=0,W]"
[1] "Iteration number: 905"
[1] "pos"
[1] 0.04375855 0.91083669
[1] "Fitting mu0 = E[Y|A=0,W]"
[1] "Iteration number: 906"
[1] "pos"
[1] 0.04159288 0.91290543
[1] "Fitting mu0 = E[Y|A=0,W]"
[1] "Iteration number: 907"
[1] "pos"
[1] 0.04094755 0.91219813
[1] "Fitting mu0 = E[Y|A=0,W]"
[1] "Iteration number: 908"
[1] "pos"
[1] 0.0422249 0.9108266
[1] "Fitting mu0 = E[Y|A=0,W]"
[1] "Iteration number: 909"
[1] "pos"
[1] 0.03935194 0.91673132
[1] "Fitting mu0 = E[Y|A=0,W]"
[1] "Iteration number: 910"
[1] "pos"
[1] 0.04876319 0.90961994
[1] "Fitting mu0 = E[Y|A=0,W]"
[1] "Iteration number: 911"
[1] "pos"
[1] 0.04481483 0.91006876
[1] "Fitting mu0 = E[Y|A=0,W]"
[1] "Iteration number: 912"
[1] "pos"
[1] 0.04144088 0.91030652
[1] "Fitting mu0 = E[Y|A=0,W]"
[1] "Iteration number: 913"
[1] "pos"
[1] 0.04082955 0.90578429
[1] "Fitting mu0 = E[Y|A=0,W]"
[1] "Iteration number: 914"
[1] "pos"
[1] 0.03965318 0.90227927
[1] "Fitting mu0 = E[Y|A=0,W]"
[1] "Iteration number: 915"
[1] "pos"
[1] 0.04520133 0.91588379
[1] "Fitting mu0 = E[Y|A=0,W]"
[1] "Iteration number: 916"
[1] "pos"
[1] 0.03868275 0.91148093
[1] "Fitting mu0 = E[Y|A=0,W]"
[1] "Iteration number: 917"
[1] "pos"
[1] 0.04642104 0.91460950
[1] "Fitting mu0 = E[Y|A=0,W]"
[1] "Iteration number: 918"
[1] "pos"
[1] 0.04499628 0.91440287
[1] "Fitting mu0 = E[Y|A=0,W]"
[1] "Iteration number: 919"
[1] "pos"
[1] 0.04228124 0.90389592
[1] "Fitting mu0 = E[Y|A=0,W]"
[1] "Iteration number: 920"
[1] "pos"
[1] 0.03974079 0.90417234
[1] "Fitting mu0 = E[Y|A=0,W]"
[1] "Iteration number: 921"
[1] "pos"
[1] 0.05041607 0.91307922
[1] "Fitting mu0 = E[Y|A=0,W]"
[1] "Iteration number: 922"
[1] "pos"
[1] 0.04202696 0.91356494
[1] "Fitting mu0 = E[Y|A=0,W]"
[1] "Iteration number: 923"
[1] "pos"
[1] 0.04593104 0.91524014
[1] "Fitting mu0 = E[Y|A=0,W]"
[1] "Iteration number: 924"
[1] "pos"
[1] 0.0423797 0.9039882
[1] "Fitting mu0 = E[Y|A=0,W]"
[1] "Iteration number: 925"
[1] "pos"
[1] 0.04234739 0.90948618
[1] "Fitting mu0 = E[Y|A=0,W]"
[1] "Iteration number: 926"
[1] "pos"
[1] 0.04442939 0.91241709
[1] "Fitting mu0 = E[Y|A=0,W]"
[1] "Iteration number: 927"
[1] "pos"
[1] 0.03924063 0.90204926
[1] "Fitting mu0 = E[Y|A=0,W]"
[1] "Iteration number: 928"
[1] "pos"
[1] 0.04024177 0.90222840
[1] "Fitting mu0 = E[Y|A=0,W]"
[1] "Iteration number: 929"
[1] "pos"
[1] 0.04542913 0.90654792
[1] "Fitting mu0 = E[Y|A=0,W]"
[1] "Iteration number: 930"
[1] "pos"
[1] 0.04231749 0.91498637
[1] "Fitting mu0 = E[Y|A=0,W]"
[1] "Iteration number: 931"
[1] "pos"
[1] 0.04245116 0.91282675
[1] "Fitting mu0 = E[Y|A=0,W]"
[1] "Iteration number: 932"
[1] "pos"
[1] 0.04880669 0.90284686
[1] "Fitting mu0 = E[Y|A=0,W]"
[1] "Iteration number: 933"
[1] "pos"
[1] 0.0413785 0.9160189
[1] "Fitting mu0 = E[Y|A=0,W]"
[1] "Iteration number: 934"
[1] "pos"
[1] 0.04454927 0.90845109
[1] "Fitting mu0 = E[Y|A=0,W]"
[1] "Iteration number: 935"
[1] "pos"
[1] 0.03971012 0.91416573
[1] "Fitting mu0 = E[Y|A=0,W]"
[1] "Iteration number: 936"
[1] "pos"
[1] 0.04583446 0.90707706
[1] "Fitting mu0 = E[Y|A=0,W]"
[1] "Iteration number: 937"
[1] "pos"
[1] 0.04316938 0.91593648
[1] "Fitting mu0 = E[Y|A=0,W]"
[1] "Iteration number: 938"
[1] "pos"
[1] 0.04930837 0.90915110
[1] "Fitting mu0 = E[Y|A=0,W]"
[1] "Iteration number: 939"
[1] "pos"
[1] 0.04026696 0.90289995
[1] "Fitting mu0 = E[Y|A=0,W]"
[1] "Iteration number: 940"
[1] "pos"
[1] 0.0399850 0.9181176
[1] "Fitting mu0 = E[Y|A=0,W]"
[1] "Iteration number: 941"
[1] "pos"
[1] 0.04237627 0.91689531
[1] "Fitting mu0 = E[Y|A=0,W]"
[1] "Iteration number: 942"
[1] "pos"
[1] 0.04523439 0.91108955
[1] "Fitting mu0 = E[Y|A=0,W]"
[1] "Iteration number: 943"
[1] "pos"
[1] 0.04283709 0.91126492
[1] "Fitting mu0 = E[Y|A=0,W]"
[1] "Iteration number: 944"
[1] "pos"
[1] 0.04339817 0.91903160
[1] "Fitting mu0 = E[Y|A=0,W]"
[1] "Iteration number: 945"
[1] "pos"
[1] 0.04417647 0.91425699
[1] "Fitting mu0 = E[Y|A=0,W]"
[1] "Iteration number: 946"
[1] "pos"
[1] 0.0440028 0.9100063
[1] "Fitting mu0 = E[Y|A=0,W]"
[1] "Iteration number: 947"
[1] "pos"
[1] 0.03980601 0.90537869
[1] "Fitting mu0 = E[Y|A=0,W]"
[1] "Iteration number: 948"
[1] "pos"
[1] 0.03847174 0.91771904
[1] "Fitting mu0 = E[Y|A=0,W]"
[1] "Iteration number: 949"
[1] "pos"
[1] 0.04243786 0.90326688
[1] "Fitting mu0 = E[Y|A=0,W]"
[1] "Iteration number: 950"
[1] "pos"
[1] 0.04011534 0.91480999
[1] "Fitting mu0 = E[Y|A=0,W]"
[1] "Iteration number: 951"
[1] "pos"
[1] 0.04255452 0.91095568
[1] "Fitting mu0 = E[Y|A=0,W]"
[1] "Iteration number: 952"
[1] "pos"
[1] 0.04435481 0.91938150
[1] "Fitting mu0 = E[Y|A=0,W]"
[1] "Iteration number: 953"
[1] "pos"
[1] 0.03768106 0.91390952
[1] "Fitting mu0 = E[Y|A=0,W]"
[1] "Iteration number: 954"
[1] "pos"
[1] 0.04142421 0.91121970
[1] "Fitting mu0 = E[Y|A=0,W]"
[1] "Iteration number: 955"
[1] "pos"
[1] 0.04180464 0.90975532
[1] "Fitting mu0 = E[Y|A=0,W]"
[1] "Iteration number: 956"
[1] "pos"
[1] 0.04255008 0.90494686
[1] "Fitting mu0 = E[Y|A=0,W]"
[1] "Iteration number: 957"
[1] "pos"
[1] 0.04335068 0.90867086
[1] "Fitting mu0 = E[Y|A=0,W]"
[1] "Iteration number: 958"
[1] "pos"
[1] 0.04376125 0.90936077
[1] "Fitting mu0 = E[Y|A=0,W]"
[1] "Iteration number: 959"
[1] "pos"
[1] 0.03937723 0.91798454
[1] "Fitting mu0 = E[Y|A=0,W]"
[1] "Iteration number: 960"
[1] "pos"
[1] 0.04920404 0.91447125
[1] "Fitting mu0 = E[Y|A=0,W]"
[1] "Iteration number: 961"
[1] "pos"
[1] 0.04446321 0.90211095
[1] "Fitting mu0 = E[Y|A=0,W]"
[1] "Iteration number: 962"
[1] "pos"
[1] 0.04048079 0.90920564
[1] "Fitting mu0 = E[Y|A=0,W]"
[1] "Iteration number: 963"
[1] "pos"
[1] 0.04135253 0.90726239
[1] "Fitting mu0 = E[Y|A=0,W]"
[1] "Iteration number: 964"
[1] "pos"
[1] 0.04259146 0.91204725
[1] "Fitting mu0 = E[Y|A=0,W]"
[1] "Iteration number: 965"
[1] "pos"
[1] 0.04003269 0.91145903
[1] "Fitting mu0 = E[Y|A=0,W]"
[1] "Iteration number: 966"
[1] "pos"
[1] 0.03952885 0.92050975
[1] "Fitting mu0 = E[Y|A=0,W]"
[1] "Iteration number: 967"
[1] "pos"
[1] 0.04780093 0.92053434
[1] "Fitting mu0 = E[Y|A=0,W]"
[1] "Iteration number: 968"
[1] "pos"
[1] 0.03812398 0.91272594
[1] "Fitting mu0 = E[Y|A=0,W]"
[1] "Iteration number: 969"
[1] "pos"
[1] 0.04577695 0.90803746
[1] "Fitting mu0 = E[Y|A=0,W]"
[1] "Iteration number: 970"
[1] "pos"
[1] 0.04132423 0.91119363
[1] "Fitting mu0 = E[Y|A=0,W]"
[1] "Iteration number: 971"
[1] "pos"
[1] 0.03811808 0.91273169
[1] "Fitting mu0 = E[Y|A=0,W]"
[1] "Iteration number: 972"
[1] "pos"
[1] 0.05151531 0.91352499
[1] "Fitting mu0 = E[Y|A=0,W]"
[1] "Iteration number: 973"
[1] "pos"
[1] 0.0446439 0.9154667
[1] "Fitting mu0 = E[Y|A=0,W]"
[1] "Iteration number: 974"
[1] "pos"
[1] 0.04147187 0.91748403
[1] "Fitting mu0 = E[Y|A=0,W]"
[1] "Iteration number: 975"
[1] "pos"
[1] 0.04518815 0.90309299
[1] "Fitting mu0 = E[Y|A=0,W]"
[1] "Iteration number: 976"
[1] "pos"
[1] 0.04575438 0.91421285
[1] "Fitting mu0 = E[Y|A=0,W]"
[1] "Iteration number: 977"
[1] "pos"
[1] 0.0427666 0.9079585
[1] "Fitting mu0 = E[Y|A=0,W]"
[1] "Iteration number: 978"
[1] "pos"
[1] 0.04436854 0.90724774
[1] "Fitting mu0 = E[Y|A=0,W]"
[1] "Iteration number: 979"
[1] "pos"
[1] 0.04244374 0.91601369
[1] "Fitting mu0 = E[Y|A=0,W]"
[1] "Iteration number: 980"
[1] "pos"
[1] 0.04144795 0.91482182
[1] "Fitting mu0 = E[Y|A=0,W]"
[1] "Iteration number: 981"
[1] "pos"
[1] 0.03802266 0.91562900
[1] "Fitting mu0 = E[Y|A=0,W]"
[1] "Iteration number: 982"
[1] "pos"
[1] 0.0429173 0.9162172
[1] "Fitting mu0 = E[Y|A=0,W]"
[1] "Iteration number: 983"
[1] "pos"
[1] 0.04139528 0.90286833
[1] "Fitting mu0 = E[Y|A=0,W]"
[1] "Iteration number: 984"
[1] "pos"
[1] 0.04069254 0.90911744
[1] "Fitting mu0 = E[Y|A=0,W]"
[1] "Iteration number: 985"
[1] "pos"
[1] 0.03943202 0.91096228
[1] "Fitting mu0 = E[Y|A=0,W]"
[1] "Iteration number: 986"
[1] "pos"
[1] 0.04034167 0.91474963
[1] "Fitting mu0 = E[Y|A=0,W]"
[1] "Iteration number: 987"
[1] "pos"
[1] 0.04152712 0.90164217
[1] "Fitting mu0 = E[Y|A=0,W]"
[1] "Iteration number: 988"
[1] "pos"
[1] 0.0431783 0.9041588
[1] "Fitting mu0 = E[Y|A=0,W]"
[1] "Iteration number: 989"
[1] "pos"
[1] 0.04080372 0.90845732
[1] "Fitting mu0 = E[Y|A=0,W]"
[1] "Iteration number: 990"
[1] "pos"
[1] 0.04549889 0.91091868
[1] "Fitting mu0 = E[Y|A=0,W]"
[1] "Iteration number: 991"
[1] "pos"
[1] 0.04150518 0.91241817
[1] "Fitting mu0 = E[Y|A=0,W]"
[1] "Iteration number: 992"
[1] "pos"
[1] 0.04645053 0.91607743
[1] "Fitting mu0 = E[Y|A=0,W]"
[1] "Iteration number: 993"
[1] "pos"
[1] 0.04601202 0.90750857
[1] "Fitting mu0 = E[Y|A=0,W]"
[1] "Iteration number: 994"
[1] "pos"
[1] 0.04358605 0.89625763
[1] "Fitting mu0 = E[Y|A=0,W]"
[1] "Iteration number: 995"
[1] "pos"
[1] 0.0402229 0.9085503
[1] "Fitting mu0 = E[Y|A=0,W]"
[1] "Iteration number: 996"
[1] "pos"
[1] 0.04117697 0.90347437
[1] "Fitting mu0 = E[Y|A=0,W]"
[1] "Iteration number: 997"
[1] "pos"
[1] 0.04156621 0.91074435
[1] "Fitting mu0 = E[Y|A=0,W]"
[1] "Iteration number: 998"
[1] "pos"
[1] 0.04338259 0.90718668
[1] "Fitting mu0 = E[Y|A=0,W]"
[1] "Iteration number: 999"
[1] "pos"
[1] 0.0439544 0.9132792
[1] "Fitting mu0 = E[Y|A=0,W]"
[1] "Iteration number: 1000"
[1] "pos"
[1] 0.04851446 0.90952319
[1] "Fitting mu0 = E[Y|A=0,W]"
Null data.table (0 rows and 0 cols)
