LOADING R
R LOADED
[1] "/home/lvanderl/Rlibs2"                         
[2] "/app/software/R/4.3.1-gfbf-2022b/lib/R/library"
[1] "/home/lvanderl/sieveSims"
[1] "iter: 1"
[1] "mu"
[1] "done_mu"
[1] "pi"
predictions 
  0.1110922 
[1] "mu"
[1] "done_mu"
[1] "pi"
predictions 
   0.111112 
[1] "mu"
[1] "done_mu"
[1] "pi"
Lrnr_xgboost_100_1_17.099759466767_1_0.15 
                                0.1181624 
 Lrnr_xgboost_30_1_17.099759466767_2_0.15 
                                0.1201937 
 Lrnr_xgboost_30_1_17.099759466767_3_0.15 
                                0.1151884 
 Lrnr_xgboost_30_1_17.099759466767_4_0.15 
                                0.1134175 
 Lrnr_xgboost_30_1_17.099759466767_5_0.15 
                                0.1137558 
[1] "mu"
[1] "done_mu"
[1] "pi"
NULL
[1] "earth"
