LOADING R
R LOADED
[1] "/home/lvanderl/Rlibs2"                         
[2] "/app/software/R/4.3.1-gfbf-2022b/lib/R/library"
[1] "/home/lvanderl/sieveSims"
[1] "iter: 1"
[1] "mu"
[1] "done_mu"
[1] "pi"
predictions 
  0.1130709 
[1] "mu"
[1] "done_mu"
[1] "pi"
predictions 
  0.1126437 
[1] "mu"
[1] "done_mu"
[1] "pi"
Lrnr_xgboost_100_1_19.5743382058443_1_0.15 
                                 0.1283509 
 Lrnr_xgboost_30_1_19.5743382058443_2_0.15 
                                 0.1322736 
 Lrnr_xgboost_30_1_19.5743382058443_3_0.15 
                                 0.1196259 
 Lrnr_xgboost_30_1_19.5743382058443_4_0.15 
                                 0.1173657 
 Lrnr_xgboost_30_1_19.5743382058443_5_0.15 
                                 0.1161809 
[1] "mu"
[1] "done_mu"
[1] "pi"
NULL
[1] "earth"
[1] "gam_1"
[1] "xgboost"
[1] "iter: 2"
[1] "mu"
[1] "done_mu"
[1] "pi"
predictions 
  0.1082555 
[1] "mu"
[1] "done_mu"
[1] "pi"
predictions 
  0.1070496 
[1] "mu"
[1] "done_mu"
[1] "pi"
Lrnr_xgboost_100_1_19.5743382058443_1_0.15 
                                 0.1237276 
 Lrnr_xgboost_30_1_19.5743382058443_2_0.15 
                                 0.1271326 
 Lrnr_xgboost_30_1_19.5743382058443_3_0.15 
                                 0.1133152 
 Lrnr_xgboost_30_1_19.5743382058443_4_0.15 
                                 0.1116244 
 Lrnr_xgboost_30_1_19.5743382058443_5_0.15 
                                 0.1107106 
[1] "mu"
[1] "done_mu"
[1] "pi"
NULL
[1] "earth"
[1] "gam_1"
[1] "xgboost"
[1] "iter: 3"
[1] "mu"
[1] "done_mu"
[1] "pi"
predictions 
  0.1129504 
[1] "mu"
[1] "done_mu"
[1] "pi"
predictions 
  0.1132435 
[1] "mu"
[1] "done_mu"
[1] "pi"
Lrnr_xgboost_100_1_19.5743382058443_1_0.15 
                                 0.1271733 
 Lrnr_xgboost_30_1_19.5743382058443_2_0.15 
                                 0.1299231 
 Lrnr_xgboost_30_1_19.5743382058443_3_0.15 
                                 0.1185164 
 Lrnr_xgboost_30_1_19.5743382058443_4_0.15 
                                 0.1173378 
 Lrnr_xgboost_30_1_19.5743382058443_5_0.15 
                                 0.1172398 
[1] "mu"
[1] "done_mu"
[1] "pi"
NULL
[1] "earth"
[1] "gam_1"
[1] "xgboost"
[1] "iter: 4"
[1] "mu"
[1] "done_mu"
[1] "pi"
predictions 
  0.1119679 
[1] "mu"
[1] "done_mu"
[1] "pi"
predictions 
  0.1113603 
[1] "mu"
[1] "done_mu"
[1] "pi"
Lrnr_xgboost_100_1_19.5743382058443_1_0.15 
                                 0.1260216 
 Lrnr_xgboost_30_1_19.5743382058443_2_0.15 
                                 0.1301666 
 Lrnr_xgboost_30_1_19.5743382058443_3_0.15 
                                 0.1175450 
 Lrnr_xgboost_30_1_19.5743382058443_4_0.15 
                                 0.1155108 
 Lrnr_xgboost_30_1_19.5743382058443_5_0.15 
                                 0.1151653 
[1] "mu"
[1] "done_mu"
[1] "pi"
NULL
[1] "earth"
[1] "gam_1"
[1] "xgboost"
[1] "iter: 5"
[1] "mu"
[1] "done_mu"
[1] "pi"
predictions 
  0.1097699 
[1] "mu"
[1] "done_mu"
[1] "pi"
predictions 
  0.1092547 
[1] "mu"
[1] "done_mu"
[1] "pi"
Lrnr_xgboost_100_1_19.5743382058443_1_0.15 
                                 0.1253779 
 Lrnr_xgboost_30_1_19.5743382058443_2_0.15 
                                 0.1289567 
 Lrnr_xgboost_30_1_19.5743382058443_3_0.15 
                                 0.1155782 
 Lrnr_xgboost_30_1_19.5743382058443_4_0.15 
                                 0.1140167 
 Lrnr_xgboost_30_1_19.5743382058443_5_0.15 
                                 0.1134136 
[1] "mu"
[1] "done_mu"
[1] "pi"
NULL
[1] "earth"
[1] "gam_1"
[1] "xgboost"
[1] "iter: 6"
[1] "mu"
[1] "done_mu"
[1] "pi"
predictions 
  0.1130925 
[1] "mu"
[1] "done_mu"
[1] "pi"
predictions 
  0.1121402 
[1] "mu"
[1] "done_mu"
[1] "pi"
Lrnr_xgboost_100_1_19.5743382058443_1_0.15 
                                 0.1279633 
 Lrnr_xgboost_30_1_19.5743382058443_2_0.15 
                                 0.1321099 
 Lrnr_xgboost_30_1_19.5743382058443_3_0.15 
                                 0.1188890 
 Lrnr_xgboost_30_1_19.5743382058443_4_0.15 
                                 0.1160411 
 Lrnr_xgboost_30_1_19.5743382058443_5_0.15 
                                 0.1157361 
[1] "mu"
[1] "done_mu"
[1] "pi"
NULL
[1] "earth"
[1] "gam_1"
[1] "xgboost"
[1] "iter: 7"
[1] "mu"
[1] "done_mu"
[1] "pi"
predictions 
   0.114305 
[1] "mu"
[1] "done_mu"
[1] "pi"
predictions 
  0.1138438 
[1] "mu"
[1] "done_mu"
[1] "pi"
Lrnr_xgboost_100_1_19.5743382058443_1_0.15 
                                 0.1288277 
 Lrnr_xgboost_30_1_19.5743382058443_2_0.15 
                                 0.1322804 
 Lrnr_xgboost_30_1_19.5743382058443_3_0.15 
                                 0.1193386 
 Lrnr_xgboost_30_1_19.5743382058443_4_0.15 
                                 0.1169555 
 Lrnr_xgboost_30_1_19.5743382058443_5_0.15 
                                 0.1162625 
[1] "mu"
[1] "done_mu"
[1] "pi"
NULL
[1] "earth"
[1] "gam_1"
[1] "xgboost"
[1] "iter: 8"
[1] "mu"
[1] "done_mu"
[1] "pi"
predictions 
   0.111575 
[1] "mu"
[1] "done_mu"
[1] "pi"
predictions 
  0.1106589 
[1] "mu"
[1] "done_mu"
[1] "pi"
Lrnr_xgboost_100_1_19.5743382058443_1_0.15 
                                 0.1257075 
 Lrnr_xgboost_30_1_19.5743382058443_2_0.15 
                                 0.1288368 
 Lrnr_xgboost_30_1_19.5743382058443_3_0.15 
                                 0.1160086 
 Lrnr_xgboost_30_1_19.5743382058443_4_0.15 
                                 0.1142525 
 Lrnr_xgboost_30_1_19.5743382058443_5_0.15 
                                 0.1139685 
[1] "mu"
[1] "done_mu"
[1] "pi"
NULL
[1] "earth"
[1] "gam_1"
[1] "xgboost"
[1] "iter: 9"
[1] "mu"
[1] "done_mu"
[1] "pi"
predictions 
  0.1059723 
[1] "mu"
[1] "done_mu"
[1] "pi"
predictions 
  0.1052975 
[1] "mu"
[1] "done_mu"
[1] "pi"
Lrnr_xgboost_100_1_19.5743382058443_1_0.15 
                                 0.1212650 
 Lrnr_xgboost_30_1_19.5743382058443_2_0.15 
                                 0.1238742 
 Lrnr_xgboost_30_1_19.5743382058443_3_0.15 
                                 0.1102458 
 Lrnr_xgboost_30_1_19.5743382058443_4_0.15 
                                 0.1086483 
 Lrnr_xgboost_30_1_19.5743382058443_5_0.15 
                                 0.1088755 
[1] "mu"
[1] "done_mu"
[1] "pi"
NULL
[1] "earth"
[1] "gam_1"
[1] "xgboost"
[1] "iter: 10"
[1] "mu"
[1] "done_mu"
[1] "pi"
predictions 
  0.1124879 
[1] "mu"
[1] "done_mu"
[1] "pi"
predictions 
  0.1124907 
[1] "mu"
[1] "done_mu"
[1] "pi"
Lrnr_xgboost_100_1_19.5743382058443_1_0.15 
                                 0.1269235 
 Lrnr_xgboost_30_1_19.5743382058443_2_0.15 
                                 0.1297642 
 Lrnr_xgboost_30_1_19.5743382058443_3_0.15 
                                 0.1178161 
 Lrnr_xgboost_30_1_19.5743382058443_4_0.15 
                                 0.1160488 
 Lrnr_xgboost_30_1_19.5743382058443_5_0.15 
                                 0.1155911 
[1] "mu"
[1] "done_mu"
[1] "pi"
NULL
[1] "earth"
[1] "gam_1"
[1] "xgboost"
[1] "iter: 11"
[1] "mu"
[1] "done_mu"
[1] "pi"
predictions 
  0.1092604 
[1] "mu"
[1] "done_mu"
[1] "pi"
predictions 
  0.1091954 
[1] "mu"
[1] "done_mu"
[1] "pi"
Lrnr_xgboost_100_1_19.5743382058443_1_0.15 
                                 0.1248661 
 Lrnr_xgboost_30_1_19.5743382058443_2_0.15 
                                 0.1288169 
 Lrnr_xgboost_30_1_19.5743382058443_3_0.15 
                                 0.1155592 
 Lrnr_xgboost_30_1_19.5743382058443_4_0.15 
                                 0.1136320 
 Lrnr_xgboost_30_1_19.5743382058443_5_0.15 
                                 0.1126064 
[1] "mu"
[1] "done_mu"
[1] "pi"
NULL
[1] "earth"
[1] "gam_1"
[1] "xgboost"
[1] "iter: 12"
[1] "mu"
[1] "done_mu"
[1] "pi"
predictions 
  0.1076939 
[1] "mu"
[1] "done_mu"
[1] "pi"
predictions 
  0.1083451 
[1] "mu"
[1] "done_mu"
[1] "pi"
Lrnr_xgboost_100_1_19.5743382058443_1_0.15 
                                 0.1229568 
 Lrnr_xgboost_30_1_19.5743382058443_2_0.15 
                                 0.1267565 
 Lrnr_xgboost_30_1_19.5743382058443_3_0.15 
                                 0.1136050 
 Lrnr_xgboost_30_1_19.5743382058443_4_0.15 
                                 0.1121204 
 Lrnr_xgboost_30_1_19.5743382058443_5_0.15 
                                 0.1117017 
[1] "mu"
[1] "done_mu"
[1] "pi"
NULL
[1] "earth"
[1] "gam_1"
[1] "xgboost"
[1] "iter: 13"
[1] "mu"
[1] "done_mu"
[1] "pi"
predictions 
  0.1101768 
[1] "mu"
[1] "done_mu"
[1] "pi"
predictions 
   0.109654 
[1] "mu"
[1] "done_mu"
[1] "pi"
Lrnr_xgboost_100_1_19.5743382058443_1_0.15 
                                 0.1239092 
 Lrnr_xgboost_30_1_19.5743382058443_2_0.15 
                                 0.1269389 
 Lrnr_xgboost_30_1_19.5743382058443_3_0.15 
                                 0.1145401 
 Lrnr_xgboost_30_1_19.5743382058443_4_0.15 
                                 0.1124805 
 Lrnr_xgboost_30_1_19.5743382058443_5_0.15 
                                 0.1119045 
[1] "mu"
[1] "done_mu"
[1] "pi"
NULL
[1] "earth"
[1] "gam_1"
[1] "xgboost"
[1] "iter: 14"
[1] "mu"
[1] "done_mu"
[1] "pi"
predictions 
  0.1118145 
[1] "mu"
[1] "done_mu"
[1] "pi"
predictions 
  0.1109191 
[1] "mu"
[1] "done_mu"
[1] "pi"
Lrnr_xgboost_100_1_19.5743382058443_1_0.15 
                                 0.1255807 
 Lrnr_xgboost_30_1_19.5743382058443_2_0.15 
                                 0.1292437 
 Lrnr_xgboost_30_1_19.5743382058443_3_0.15 
                                 0.1168768 
 Lrnr_xgboost_30_1_19.5743382058443_4_0.15 
                                 0.1156341 
 Lrnr_xgboost_30_1_19.5743382058443_5_0.15 
                                 0.1151535 
[1] "mu"
[1] "done_mu"
[1] "pi"
NULL
[1] "earth"
[1] "gam_1"
[1] "xgboost"
[1] "iter: 15"
[1] "mu"
[1] "done_mu"
[1] "pi"
predictions 
  0.1099553 
[1] "mu"
[1] "done_mu"
[1] "pi"
predictions 
  0.1086026 
[1] "mu"
[1] "done_mu"
[1] "pi"
Lrnr_xgboost_100_1_19.5743382058443_1_0.15 
                                 0.1244897 
 Lrnr_xgboost_30_1_19.5743382058443_2_0.15 
                                 0.1278987 
 Lrnr_xgboost_30_1_19.5743382058443_3_0.15 
                                 0.1142334 
 Lrnr_xgboost_30_1_19.5743382058443_4_0.15 
                                 0.1122521 
 Lrnr_xgboost_30_1_19.5743382058443_5_0.15 
                                 0.1118017 
[1] "mu"
[1] "done_mu"
[1] "pi"
NULL
[1] "earth"
[1] "gam_1"
[1] "xgboost"
[1] "iter: 16"
[1] "mu"
[1] "done_mu"
[1] "pi"
predictions 
  0.1130365 
[1] "mu"
[1] "done_mu"
[1] "pi"
predictions 
  0.1119441 
[1] "mu"
[1] "done_mu"
[1] "pi"
Lrnr_xgboost_100_1_19.5743382058443_1_0.15 
                                 0.1275165 
 Lrnr_xgboost_30_1_19.5743382058443_2_0.15 
                                 0.1307035 
 Lrnr_xgboost_30_1_19.5743382058443_3_0.15 
                                 0.1182189 
 Lrnr_xgboost_30_1_19.5743382058443_4_0.15 
                                 0.1158626 
 Lrnr_xgboost_30_1_19.5743382058443_5_0.15 
                                 0.1154025 
[1] "mu"
[1] "done_mu"
[1] "pi"
NULL
[1] "earth"
[1] "gam_1"
[1] "xgboost"
[1] "iter: 17"
[1] "mu"
[1] "done_mu"
[1] "pi"
predictions 
  0.1089992 
[1] "mu"
[1] "done_mu"
[1] "pi"
predictions 
  0.1082899 
[1] "mu"
[1] "done_mu"
[1] "pi"
Lrnr_xgboost_100_1_19.5743382058443_1_0.15 
                                 0.1243094 
 Lrnr_xgboost_30_1_19.5743382058443_2_0.15 
                                 0.1279284 
 Lrnr_xgboost_30_1_19.5743382058443_3_0.15 
                                 0.1143115 
 Lrnr_xgboost_30_1_19.5743382058443_4_0.15 
                                 0.1118103 
 Lrnr_xgboost_30_1_19.5743382058443_5_0.15 
                                 0.1108876 
[1] "mu"
[1] "done_mu"
[1] "pi"
NULL
[1] "earth"
[1] "gam_1"
[1] "xgboost"
[1] "iter: 18"
[1] "mu"
[1] "done_mu"
[1] "pi"
predictions 
  0.1125716 
[1] "mu"
[1] "done_mu"
[1] "pi"
predictions 
  0.1119122 
[1] "mu"
[1] "done_mu"
[1] "pi"
Lrnr_xgboost_100_1_19.5743382058443_1_0.15 
                                 0.1261751 
 Lrnr_xgboost_30_1_19.5743382058443_2_0.15 
                                 0.1300686 
 Lrnr_xgboost_30_1_19.5743382058443_3_0.15 
                                 0.1179189 
 Lrnr_xgboost_30_1_19.5743382058443_4_0.15 
                                 0.1157513 
 Lrnr_xgboost_30_1_19.5743382058443_5_0.15 
                                 0.1151339 
[1] "mu"
[1] "done_mu"
[1] "pi"
NULL
[1] "earth"
[1] "gam_1"
[1] "xgboost"
[1] "iter: 19"
[1] "mu"
[1] "done_mu"
[1] "pi"
predictions 
  0.1072848 
[1] "mu"
[1] "done_mu"
[1] "pi"
predictions 
  0.1075512 
[1] "mu"
[1] "done_mu"
[1] "pi"
Lrnr_xgboost_100_1_19.5743382058443_1_0.15 
                                 0.1234006 
 Lrnr_xgboost_30_1_19.5743382058443_2_0.15 
                                 0.1259793 
 Lrnr_xgboost_30_1_19.5743382058443_3_0.15 
                                 0.1135387 
 Lrnr_xgboost_30_1_19.5743382058443_4_0.15 
                                 0.1109304 
 Lrnr_xgboost_30_1_19.5743382058443_5_0.15 
                                 0.1102272 
[1] "mu"
[1] "done_mu"
[1] "pi"
NULL
[1] "earth"
[1] "gam_1"
[1] "xgboost"
[1] "iter: 20"
[1] "mu"
[1] "done_mu"
[1] "pi"
predictions 
  0.1092472 
[1] "mu"
[1] "done_mu"
[1] "pi"
predictions 
  0.1085667 
[1] "mu"
[1] "done_mu"
[1] "pi"
Lrnr_xgboost_100_1_19.5743382058443_1_0.15 
                                 0.1235262 
 Lrnr_xgboost_30_1_19.5743382058443_2_0.15 
                                 0.1279883 
 Lrnr_xgboost_30_1_19.5743382058443_3_0.15 
                                 0.1143149 
 Lrnr_xgboost_30_1_19.5743382058443_4_0.15 
                                 0.1131186 
 Lrnr_xgboost_30_1_19.5743382058443_5_0.15 
                                 0.1119005 
[1] "mu"
[1] "done_mu"
[1] "pi"
NULL
[1] "earth"
[1] "gam_1"
[1] "xgboost"
[1] "iter: 21"
[1] "mu"
[1] "done_mu"
[1] "pi"
predictions 
  0.1119373 
[1] "mu"
[1] "done_mu"
[1] "pi"
predictions 
   0.111031 
[1] "mu"
[1] "done_mu"
[1] "pi"
Lrnr_xgboost_100_1_19.5743382058443_1_0.15 
                                 0.1261468 
 Lrnr_xgboost_30_1_19.5743382058443_2_0.15 
                                 0.1295756 
 Lrnr_xgboost_30_1_19.5743382058443_3_0.15 
                                 0.1178337 
 Lrnr_xgboost_30_1_19.5743382058443_4_0.15 
                                 0.1151555 
 Lrnr_xgboost_30_1_19.5743382058443_5_0.15 
                                 0.1146874 
[1] "mu"
[1] "done_mu"
[1] "pi"
NULL
[1] "earth"
[1] "gam_1"
[1] "xgboost"
[1] "iter: 22"
[1] "mu"
[1] "done_mu"
[1] "pi"
predictions 
  0.1128674 
[1] "mu"
[1] "done_mu"
[1] "pi"
predictions 
  0.1114904 
[1] "mu"
[1] "done_mu"
[1] "pi"
Lrnr_xgboost_100_1_19.5743382058443_1_0.15 
                                 0.1269051 
 Lrnr_xgboost_30_1_19.5743382058443_2_0.15 
                                 0.1300569 
 Lrnr_xgboost_30_1_19.5743382058443_3_0.15 
                                 0.1174131 
 Lrnr_xgboost_30_1_19.5743382058443_4_0.15 
                                 0.1155111 
 Lrnr_xgboost_30_1_19.5743382058443_5_0.15 
                                 0.1152787 
[1] "mu"
[1] "done_mu"
[1] "pi"
NULL
[1] "earth"
[1] "gam_1"
[1] "xgboost"
[1] "iter: 23"
[1] "mu"
[1] "done_mu"
[1] "pi"
predictions 
  0.1112414 
[1] "mu"
[1] "done_mu"
[1] "pi"
predictions 
  0.1104484 
[1] "mu"
[1] "done_mu"
[1] "pi"
Lrnr_xgboost_100_1_19.5743382058443_1_0.15 
                                 0.1254110 
 Lrnr_xgboost_30_1_19.5743382058443_2_0.15 
                                 0.1290156 
 Lrnr_xgboost_30_1_19.5743382058443_3_0.15 
                                 0.1155382 
 Lrnr_xgboost_30_1_19.5743382058443_4_0.15 
                                 0.1129533 
 Lrnr_xgboost_30_1_19.5743382058443_5_0.15 
                                 0.1127851 
[1] "mu"
[1] "done_mu"
[1] "pi"
NULL
[1] "earth"
[1] "gam_1"
[1] "xgboost"
[1] "iter: 24"
[1] "mu"
[1] "done_mu"
[1] "pi"
predictions 
   0.111143 
[1] "mu"
[1] "done_mu"
[1] "pi"
predictions 
  0.1109281 
[1] "mu"
[1] "done_mu"
[1] "pi"
Lrnr_xgboost_100_1_19.5743382058443_1_0.15 
                                 0.1271196 
 Lrnr_xgboost_30_1_19.5743382058443_2_0.15 
                                 0.1306656 
 Lrnr_xgboost_30_1_19.5743382058443_3_0.15 
                                 0.1177519 
 Lrnr_xgboost_30_1_19.5743382058443_4_0.15 
                                 0.1156142 
 Lrnr_xgboost_30_1_19.5743382058443_5_0.15 
                                 0.1156047 
[1] "mu"
[1] "done_mu"
[1] "pi"
NULL
[1] "earth"
[1] "gam_1"
[1] "xgboost"
[1] "iter: 25"
[1] "mu"
[1] "done_mu"
[1] "pi"
predictions 
  0.1110931 
[1] "mu"
[1] "done_mu"
[1] "pi"
predictions 
  0.1101271 
[1] "mu"
[1] "done_mu"
[1] "pi"
Lrnr_xgboost_100_1_19.5743382058443_1_0.15 
                                 0.1265910 
 Lrnr_xgboost_30_1_19.5743382058443_2_0.15 
                                 0.1293030 
 Lrnr_xgboost_30_1_19.5743382058443_3_0.15 
                                 0.1166285 
 Lrnr_xgboost_30_1_19.5743382058443_4_0.15 
                                 0.1148428 
 Lrnr_xgboost_30_1_19.5743382058443_5_0.15 
                                 0.1138194 
[1] "mu"
[1] "done_mu"
[1] "pi"
NULL
[1] "earth"
[1] "gam_1"
[1] "xgboost"
[1] "iter: 26"
[1] "mu"
[1] "done_mu"
[1] "pi"
predictions 
  0.1106719 
[1] "mu"
[1] "done_mu"
[1] "pi"
predictions 
  0.1092254 
[1] "mu"
[1] "done_mu"
[1] "pi"
Lrnr_xgboost_100_1_19.5743382058443_1_0.15 
                                 0.1237994 
 Lrnr_xgboost_30_1_19.5743382058443_2_0.15 
                                 0.1278449 
 Lrnr_xgboost_30_1_19.5743382058443_3_0.15 
                                 0.1149572 
 Lrnr_xgboost_30_1_19.5743382058443_4_0.15 
                                 0.1135798 
 Lrnr_xgboost_30_1_19.5743382058443_5_0.15 
                                 0.1127854 
[1] "mu"
[1] "done_mu"
[1] "pi"
NULL
[1] "earth"
[1] "gam_1"
[1] "xgboost"
[1] "iter: 27"
[1] "mu"
[1] "done_mu"
[1] "pi"
predictions 
   0.112882 
[1] "mu"
[1] "done_mu"
[1] "pi"
predictions 
  0.1124266 
[1] "mu"
[1] "done_mu"
[1] "pi"
Lrnr_xgboost_100_1_19.5743382058443_1_0.15 
                                 0.1276149 
 Lrnr_xgboost_30_1_19.5743382058443_2_0.15 
                                 0.1299724 
 Lrnr_xgboost_30_1_19.5743382058443_3_0.15 
                                 0.1182640 
 Lrnr_xgboost_30_1_19.5743382058443_4_0.15 
                                 0.1163626 
 Lrnr_xgboost_30_1_19.5743382058443_5_0.15 
                                 0.1153918 
[1] "mu"
[1] "done_mu"
[1] "pi"
NULL
[1] "earth"
[1] "gam_1"
[1] "xgboost"
[1] "iter: 28"
[1] "mu"
[1] "done_mu"
[1] "pi"
predictions 
  0.1121583 
[1] "mu"
[1] "done_mu"
[1] "pi"
predictions 
  0.1112612 
[1] "mu"
[1] "done_mu"
[1] "pi"
Lrnr_xgboost_100_1_19.5743382058443_1_0.15 
                                 0.1278064 
 Lrnr_xgboost_30_1_19.5743382058443_2_0.15 
                                 0.1312029 
 Lrnr_xgboost_30_1_19.5743382058443_3_0.15 
                                 0.1173474 
 Lrnr_xgboost_30_1_19.5743382058443_4_0.15 
                                 0.1153779 
 Lrnr_xgboost_30_1_19.5743382058443_5_0.15 
                                 0.1147939 
[1] "mu"
[1] "done_mu"
[1] "pi"
NULL
[1] "earth"
[1] "gam_1"
[1] "xgboost"
[1] "iter: 29"
[1] "mu"
[1] "done_mu"
[1] "pi"
predictions 
  0.1092247 
[1] "mu"
[1] "done_mu"
[1] "pi"
predictions 
  0.1086377 
[1] "mu"
[1] "done_mu"
[1] "pi"
Lrnr_xgboost_100_1_19.5743382058443_1_0.15 
                                 0.1242430 
 Lrnr_xgboost_30_1_19.5743382058443_2_0.15 
                                 0.1276965 
 Lrnr_xgboost_30_1_19.5743382058443_3_0.15 
                                 0.1146228 
 Lrnr_xgboost_30_1_19.5743382058443_4_0.15 
                                 0.1128440 
 Lrnr_xgboost_30_1_19.5743382058443_5_0.15 
                                 0.1126513 
[1] "mu"
[1] "done_mu"
[1] "pi"
NULL
[1] "earth"
[1] "gam_1"
[1] "xgboost"
[1] "iter: 30"
[1] "mu"
[1] "done_mu"
[1] "pi"
predictions 
  0.1030913 
[1] "mu"
[1] "done_mu"
[1] "pi"
predictions 
  0.1033992 
[1] "mu"
[1] "done_mu"
[1] "pi"
Lrnr_xgboost_100_1_19.5743382058443_1_0.15 
                                 0.1197213 
 Lrnr_xgboost_30_1_19.5743382058443_2_0.15 
                                 0.1235627 
 Lrnr_xgboost_30_1_19.5743382058443_3_0.15 
                                 0.1092211 
 Lrnr_xgboost_30_1_19.5743382058443_4_0.15 
                                 0.1071266 
 Lrnr_xgboost_30_1_19.5743382058443_5_0.15 
                                 0.1057253 
[1] "mu"
[1] "done_mu"
[1] "pi"
NULL
[1] "earth"
[1] "gam_1"
[1] "xgboost"
[1] "iter: 31"
[1] "mu"
[1] "done_mu"
[1] "pi"
predictions 
  0.1135691 
[1] "mu"
[1] "done_mu"
[1] "pi"
predictions 
  0.1132801 
[1] "mu"
[1] "done_mu"
[1] "pi"
Lrnr_xgboost_100_1_19.5743382058443_1_0.15 
                                 0.1286706 
 Lrnr_xgboost_30_1_19.5743382058443_2_0.15 
                                 0.1310282 
 Lrnr_xgboost_30_1_19.5743382058443_3_0.15 
                                 0.1180820 
 Lrnr_xgboost_30_1_19.5743382058443_4_0.15 
                                 0.1167756 
 Lrnr_xgboost_30_1_19.5743382058443_5_0.15 
                                 0.1161450 
[1] "mu"
[1] "done_mu"
[1] "pi"
NULL
[1] "earth"
[1] "gam_1"
[1] "xgboost"
[1] "iter: 32"
[1] "mu"
[1] "done_mu"
[1] "pi"
predictions 
  0.1153433 
[1] "mu"
[1] "done_mu"
[1] "pi"
predictions 
  0.1143233 
[1] "mu"
[1] "done_mu"
[1] "pi"
Lrnr_xgboost_100_1_19.5743382058443_1_0.15 
                                 0.1291477 
 Lrnr_xgboost_30_1_19.5743382058443_2_0.15 
                                 0.1325385 
 Lrnr_xgboost_30_1_19.5743382058443_3_0.15 
                                 0.1196037 
 Lrnr_xgboost_30_1_19.5743382058443_4_0.15 
                                 0.1184436 
 Lrnr_xgboost_30_1_19.5743382058443_5_0.15 
                                 0.1177487 
[1] "mu"
[1] "done_mu"
[1] "pi"
NULL
[1] "earth"
[1] "gam_1"
[1] "xgboost"
[1] "iter: 33"
[1] "mu"
[1] "done_mu"
[1] "pi"
predictions 
  0.1136776 
[1] "mu"
[1] "done_mu"
[1] "pi"
predictions 
  0.1127001 
[1] "mu"
[1] "done_mu"
[1] "pi"
Lrnr_xgboost_100_1_19.5743382058443_1_0.15 
                                 0.1276836 
 Lrnr_xgboost_30_1_19.5743382058443_2_0.15 
                                 0.1315454 
 Lrnr_xgboost_30_1_19.5743382058443_3_0.15 
                                 0.1188655 
 Lrnr_xgboost_30_1_19.5743382058443_4_0.15 
                                 0.1164106 
 Lrnr_xgboost_30_1_19.5743382058443_5_0.15 
                                 0.1163102 
[1] "mu"
[1] "done_mu"
[1] "pi"
NULL
[1] "earth"
[1] "gam_1"
[1] "xgboost"
[1] "iter: 34"
[1] "mu"
[1] "done_mu"
[1] "pi"
predictions 
  0.1116454 
[1] "mu"
[1] "done_mu"
[1] "pi"
predictions 
  0.1107504 
[1] "mu"
[1] "done_mu"
[1] "pi"
Lrnr_xgboost_100_1_19.5743382058443_1_0.15 
                                 0.1264362 
 Lrnr_xgboost_30_1_19.5743382058443_2_0.15 
                                 0.1302998 
 Lrnr_xgboost_30_1_19.5743382058443_3_0.15 
                                 0.1177774 
 Lrnr_xgboost_30_1_19.5743382058443_4_0.15 
                                 0.1150447 
 Lrnr_xgboost_30_1_19.5743382058443_5_0.15 
                                 0.1149762 
[1] "mu"
[1] "done_mu"
[1] "pi"
NULL
[1] "earth"
[1] "gam_1"
[1] "xgboost"
[1] "iter: 35"
[1] "mu"
[1] "done_mu"
[1] "pi"
predictions 
  0.1107848 
[1] "mu"
[1] "done_mu"
[1] "pi"
predictions 
  0.1111138 
[1] "mu"
[1] "done_mu"
[1] "pi"
Lrnr_xgboost_100_1_19.5743382058443_1_0.15 
                                 0.1265212 
 Lrnr_xgboost_30_1_19.5743382058443_2_0.15 
                                 0.1297043 
 Lrnr_xgboost_30_1_19.5743382058443_3_0.15 
                                 0.1166924 
 Lrnr_xgboost_30_1_19.5743382058443_4_0.15 
                                 0.1152539 
 Lrnr_xgboost_30_1_19.5743382058443_5_0.15 
                                 0.1154999 
[1] "mu"
[1] "done_mu"
[1] "pi"
NULL
[1] "earth"
[1] "gam_1"
[1] "xgboost"
[1] "iter: 36"
[1] "mu"
[1] "done_mu"
[1] "pi"
predictions 
  0.1101662 
[1] "mu"
[1] "done_mu"
[1] "pi"
predictions 
  0.1099981 
[1] "mu"
[1] "done_mu"
[1] "pi"
Lrnr_xgboost_100_1_19.5743382058443_1_0.15 
                                 0.1265676 
 Lrnr_xgboost_30_1_19.5743382058443_2_0.15 
                                 0.1292122 
 Lrnr_xgboost_30_1_19.5743382058443_3_0.15 
                                 0.1172520 
 Lrnr_xgboost_30_1_19.5743382058443_4_0.15 
                                 0.1145630 
 Lrnr_xgboost_30_1_19.5743382058443_5_0.15 
                                 0.1145510 
[1] "mu"
[1] "done_mu"
[1] "pi"
NULL
[1] "earth"
[1] "gam_1"
[1] "xgboost"
[1] "iter: 37"
[1] "mu"
[1] "done_mu"
[1] "pi"
predictions 
  0.1093672 
[1] "mu"
[1] "done_mu"
[1] "pi"
predictions 
  0.1080823 
[1] "mu"
[1] "done_mu"
[1] "pi"
Lrnr_xgboost_100_1_19.5743382058443_1_0.15 
                                 0.1220751 
 Lrnr_xgboost_30_1_19.5743382058443_2_0.15 
                                 0.1254584 
 Lrnr_xgboost_30_1_19.5743382058443_3_0.15 
                                 0.1134893 
 Lrnr_xgboost_30_1_19.5743382058443_4_0.15 
                                 0.1115444 
 Lrnr_xgboost_30_1_19.5743382058443_5_0.15 
                                 0.1117822 
[1] "mu"
[1] "done_mu"
[1] "pi"
NULL
[1] "earth"
[1] "gam_1"
[1] "xgboost"
[1] "iter: 38"
[1] "mu"
[1] "done_mu"
[1] "pi"
predictions 
  0.1083741 
[1] "mu"
[1] "done_mu"
[1] "pi"
predictions 
  0.1077096 
[1] "mu"
[1] "done_mu"
[1] "pi"
Lrnr_xgboost_100_1_19.5743382058443_1_0.15 
                                 0.1246703 
 Lrnr_xgboost_30_1_19.5743382058443_2_0.15 
                                 0.1282694 
 Lrnr_xgboost_30_1_19.5743382058443_3_0.15 
                                 0.1149631 
 Lrnr_xgboost_30_1_19.5743382058443_4_0.15 
                                 0.1124443 
 Lrnr_xgboost_30_1_19.5743382058443_5_0.15 
                                 0.1113284 
[1] "mu"
[1] "done_mu"
[1] "pi"
NULL
[1] "earth"
[1] "gam_1"
[1] "xgboost"
[1] "iter: 39"
[1] "mu"
[1] "done_mu"
[1] "pi"
predictions 
   0.107792 
[1] "mu"
[1] "done_mu"
[1] "pi"
predictions 
  0.1076906 
[1] "mu"
[1] "done_mu"
[1] "pi"
Lrnr_xgboost_100_1_19.5743382058443_1_0.15 
                                 0.1229968 
 Lrnr_xgboost_30_1_19.5743382058443_2_0.15 
                                 0.1258525 
 Lrnr_xgboost_30_1_19.5743382058443_3_0.15 
                                 0.1119672 
 Lrnr_xgboost_30_1_19.5743382058443_4_0.15 
                                 0.1104501 
 Lrnr_xgboost_30_1_19.5743382058443_5_0.15 
                                 0.1096752 
[1] "mu"
[1] "done_mu"
[1] "pi"
NULL
[1] "earth"
[1] "gam_1"
[1] "xgboost"
[1] "iter: 40"
[1] "mu"
[1] "done_mu"
[1] "pi"
predictions 
  0.1126924 
[1] "mu"
[1] "done_mu"
[1] "pi"
predictions 
  0.1116236 
[1] "mu"
[1] "done_mu"
[1] "pi"
Lrnr_xgboost_100_1_19.5743382058443_1_0.15 
                                 0.1264376 
 Lrnr_xgboost_30_1_19.5743382058443_2_0.15 
                                 0.1299666 
 Lrnr_xgboost_30_1_19.5743382058443_3_0.15 
                                 0.1170555 
 Lrnr_xgboost_30_1_19.5743382058443_4_0.15 
                                 0.1154122 
 Lrnr_xgboost_30_1_19.5743382058443_5_0.15 
                                 0.1145971 
[1] "mu"
[1] "done_mu"
[1] "pi"
NULL
[1] "earth"
[1] "gam_1"
[1] "xgboost"
[1] "iter: 41"
[1] "mu"
[1] "done_mu"
[1] "pi"
predictions 
    0.11105 
[1] "mu"
[1] "done_mu"
[1] "pi"
predictions 
  0.1108066 
[1] "mu"
[1] "done_mu"
[1] "pi"
Lrnr_xgboost_100_1_19.5743382058443_1_0.15 
                                 0.1266269 
 Lrnr_xgboost_30_1_19.5743382058443_2_0.15 
                                 0.1296697 
 Lrnr_xgboost_30_1_19.5743382058443_3_0.15 
                                 0.1167247 
 Lrnr_xgboost_30_1_19.5743382058443_4_0.15 
                                 0.1144700 
 Lrnr_xgboost_30_1_19.5743382058443_5_0.15 
                                 0.1137210 
[1] "mu"
[1] "done_mu"
[1] "pi"
NULL
[1] "earth"
[1] "gam_1"
[1] "xgboost"
[1] "iter: 42"
[1] "mu"
[1] "done_mu"
[1] "pi"
predictions 
  0.1123703 
[1] "mu"
[1] "done_mu"
[1] "pi"
predictions 
  0.1118202 
[1] "mu"
[1] "done_mu"
[1] "pi"
Lrnr_xgboost_100_1_19.5743382058443_1_0.15 
                                 0.1268193 
 Lrnr_xgboost_30_1_19.5743382058443_2_0.15 
                                 0.1299039 
 Lrnr_xgboost_30_1_19.5743382058443_3_0.15 
                                 0.1171120 
 Lrnr_xgboost_30_1_19.5743382058443_4_0.15 
                                 0.1157611 
 Lrnr_xgboost_30_1_19.5743382058443_5_0.15 
                                 0.1154374 
[1] "mu"
[1] "done_mu"
[1] "pi"
NULL
[1] "earth"
[1] "gam_1"
[1] "xgboost"
[1] "iter: 43"
[1] "mu"
[1] "done_mu"
[1] "pi"
predictions 
  0.1098287 
[1] "mu"
[1] "done_mu"
[1] "pi"
predictions 
  0.1091288 
[1] "mu"
[1] "done_mu"
[1] "pi"
Lrnr_xgboost_100_1_19.5743382058443_1_0.15 
                                 0.1243934 
 Lrnr_xgboost_30_1_19.5743382058443_2_0.15 
                                 0.1277553 
 Lrnr_xgboost_30_1_19.5743382058443_3_0.15 
                                 0.1151742 
 Lrnr_xgboost_30_1_19.5743382058443_4_0.15 
                                 0.1135555 
 Lrnr_xgboost_30_1_19.5743382058443_5_0.15 
                                 0.1131825 
[1] "mu"
[1] "done_mu"
[1] "pi"
NULL
[1] "earth"
[1] "gam_1"
[1] "xgboost"
[1] "iter: 44"
[1] "mu"
[1] "done_mu"
[1] "pi"
predictions 
  0.1082295 
[1] "mu"
[1] "done_mu"
[1] "pi"
predictions 
  0.1079092 
[1] "mu"
[1] "done_mu"
[1] "pi"
Lrnr_xgboost_100_1_19.5743382058443_1_0.15 
                                 0.1237606 
 Lrnr_xgboost_30_1_19.5743382058443_2_0.15 
                                 0.1259538 
 Lrnr_xgboost_30_1_19.5743382058443_3_0.15 
                                 0.1133002 
 Lrnr_xgboost_30_1_19.5743382058443_4_0.15 
                                 0.1119203 
 Lrnr_xgboost_30_1_19.5743382058443_5_0.15 
                                 0.1103892 
[1] "mu"
[1] "done_mu"
[1] "pi"
NULL
[1] "earth"
[1] "gam_1"
[1] "xgboost"
[1] "iter: 45"
[1] "mu"
[1] "done_mu"
[1] "pi"
predictions 
  0.1095514 
[1] "mu"
[1] "done_mu"
[1] "pi"
predictions 
  0.1091037 
[1] "mu"
[1] "done_mu"
[1] "pi"
Lrnr_xgboost_100_1_19.5743382058443_1_0.15 
                                 0.1244334 
 Lrnr_xgboost_30_1_19.5743382058443_2_0.15 
                                 0.1276157 
 Lrnr_xgboost_30_1_19.5743382058443_3_0.15 
                                 0.1145267 
 Lrnr_xgboost_30_1_19.5743382058443_4_0.15 
                                 0.1121289 
 Lrnr_xgboost_30_1_19.5743382058443_5_0.15 
                                 0.1111432 
[1] "mu"
[1] "done_mu"
[1] "pi"
NULL
[1] "earth"
[1] "gam_1"
[1] "xgboost"
[1] "iter: 46"
[1] "mu"
[1] "done_mu"
[1] "pi"
predictions 
  0.1064498 
[1] "mu"
[1] "done_mu"
[1] "pi"
predictions 
  0.1059517 
[1] "mu"
[1] "done_mu"
[1] "pi"
Lrnr_xgboost_100_1_19.5743382058443_1_0.15 
                                 0.1208118 
 Lrnr_xgboost_30_1_19.5743382058443_2_0.15 
                                 0.1242562 
 Lrnr_xgboost_30_1_19.5743382058443_3_0.15 
                                 0.1114464 
 Lrnr_xgboost_30_1_19.5743382058443_4_0.15 
                                 0.1098501 
 Lrnr_xgboost_30_1_19.5743382058443_5_0.15 
                                 0.1091560 
[1] "mu"
[1] "done_mu"
[1] "pi"
NULL
[1] "earth"
[1] "gam_1"
[1] "xgboost"
[1] "iter: 47"
[1] "mu"
[1] "done_mu"
[1] "pi"
predictions 
  0.1121687 
[1] "mu"
[1] "done_mu"
[1] "pi"
predictions 
   0.110266 
[1] "mu"
[1] "done_mu"
[1] "pi"
Lrnr_xgboost_100_1_19.5743382058443_1_0.15 
                                 0.1257168 
 Lrnr_xgboost_30_1_19.5743382058443_2_0.15 
                                 0.1287793 
 Lrnr_xgboost_30_1_19.5743382058443_3_0.15 
                                 0.1163775 
 Lrnr_xgboost_30_1_19.5743382058443_4_0.15 
                                 0.1142260 
 Lrnr_xgboost_30_1_19.5743382058443_5_0.15 
                                 0.1139107 
[1] "mu"
[1] "done_mu"
[1] "pi"
NULL
[1] "earth"
[1] "gam_1"
[1] "xgboost"
[1] "iter: 48"
[1] "mu"
[1] "done_mu"
[1] "pi"
predictions 
  0.1085259 
[1] "mu"
[1] "done_mu"
[1] "pi"
predictions 
  0.1076929 
[1] "mu"
[1] "done_mu"
[1] "pi"
Lrnr_xgboost_100_1_19.5743382058443_1_0.15 
                                 0.1244156 
 Lrnr_xgboost_30_1_19.5743382058443_2_0.15 
                                 0.1271243 
 Lrnr_xgboost_30_1_19.5743382058443_3_0.15 
                                 0.1139804 
 Lrnr_xgboost_30_1_19.5743382058443_4_0.15 
                                 0.1110511 
 Lrnr_xgboost_30_1_19.5743382058443_5_0.15 
                                 0.1108197 
[1] "mu"
[1] "done_mu"
[1] "pi"
NULL
[1] "earth"
[1] "gam_1"
[1] "xgboost"
[1] "iter: 49"
[1] "mu"
[1] "done_mu"
[1] "pi"
predictions 
  0.1077858 
[1] "mu"
[1] "done_mu"
[1] "pi"
predictions 
  0.1070657 
[1] "mu"
[1] "done_mu"
[1] "pi"
Lrnr_xgboost_100_1_19.5743382058443_1_0.15 
                                 0.1235004 
 Lrnr_xgboost_30_1_19.5743382058443_2_0.15 
                                 0.1259092 
 Lrnr_xgboost_30_1_19.5743382058443_3_0.15 
                                 0.1124537 
 Lrnr_xgboost_30_1_19.5743382058443_4_0.15 
                                 0.1111278 
 Lrnr_xgboost_30_1_19.5743382058443_5_0.15 
                                 0.1107449 
[1] "mu"
[1] "done_mu"
[1] "pi"
NULL
[1] "earth"
[1] "gam_1"
[1] "xgboost"
[1] "iter: 50"
[1] "mu"
[1] "done_mu"
[1] "pi"
predictions 
  0.1105191 
[1] "mu"
[1] "done_mu"
[1] "pi"
predictions 
  0.1099621 
[1] "mu"
[1] "done_mu"
[1] "pi"
Lrnr_xgboost_100_1_19.5743382058443_1_0.15 
                                 0.1255359 
 Lrnr_xgboost_30_1_19.5743382058443_2_0.15 
                                 0.1285634 
 Lrnr_xgboost_30_1_19.5743382058443_3_0.15 
                                 0.1150123 
 Lrnr_xgboost_30_1_19.5743382058443_4_0.15 
                                 0.1136666 
 Lrnr_xgboost_30_1_19.5743382058443_5_0.15 
                                 0.1134405 
[1] "mu"
[1] "done_mu"
[1] "pi"
NULL
[1] "earth"
[1] "gam_1"
[1] "xgboost"
[1] "iter: 51"
[1] "mu"
[1] "done_mu"
[1] "pi"
predictions 
  0.1127223 
[1] "mu"
[1] "done_mu"
[1] "pi"
predictions 
  0.1114366 
[1] "mu"
[1] "done_mu"
[1] "pi"
Lrnr_xgboost_100_1_19.5743382058443_1_0.15 
                                 0.1285135 
 Lrnr_xgboost_30_1_19.5743382058443_2_0.15 
                                 0.1318933 
 Lrnr_xgboost_30_1_19.5743382058443_3_0.15 
                                 0.1191372 
 Lrnr_xgboost_30_1_19.5743382058443_4_0.15 
                                 0.1160828 
 Lrnr_xgboost_30_1_19.5743382058443_5_0.15 
                                 0.1149388 
[1] "mu"
[1] "done_mu"
[1] "pi"
NULL
[1] "earth"
[1] "gam_1"
[1] "xgboost"
[1] "iter: 52"
[1] "mu"
[1] "done_mu"
[1] "pi"
predictions 
  0.1114013 
[1] "mu"
[1] "done_mu"
[1] "pi"
predictions 
  0.1100069 
[1] "mu"
[1] "done_mu"
[1] "pi"
Lrnr_xgboost_100_1_19.5743382058443_1_0.15 
                                 0.1258221 
 Lrnr_xgboost_30_1_19.5743382058443_2_0.15 
                                 0.1283599 
 Lrnr_xgboost_30_1_19.5743382058443_3_0.15 
                                 0.1167807 
 Lrnr_xgboost_30_1_19.5743382058443_4_0.15 
                                 0.1150273 
 Lrnr_xgboost_30_1_19.5743382058443_5_0.15 
                                 0.1142764 
[1] "mu"
[1] "done_mu"
[1] "pi"
NULL
[1] "earth"
[1] "gam_1"
[1] "xgboost"
[1] "iter: 53"
[1] "mu"
[1] "done_mu"
[1] "pi"
predictions 
  0.1075308 
[1] "mu"
[1] "done_mu"
[1] "pi"
predictions 
  0.1068467 
[1] "mu"
[1] "done_mu"
[1] "pi"
Lrnr_xgboost_100_1_19.5743382058443_1_0.15 
                                 0.1220450 
 Lrnr_xgboost_30_1_19.5743382058443_2_0.15 
                                 0.1253201 
 Lrnr_xgboost_30_1_19.5743382058443_3_0.15 
                                 0.1122138 
 Lrnr_xgboost_30_1_19.5743382058443_4_0.15 
                                 0.1107220 
 Lrnr_xgboost_30_1_19.5743382058443_5_0.15 
                                 0.1097638 
[1] "mu"
[1] "done_mu"
[1] "pi"
NULL
[1] "earth"
[1] "gam_1"
[1] "xgboost"
[1] "iter: 54"
[1] "mu"
[1] "done_mu"
[1] "pi"
predictions 
  0.1118608 
[1] "mu"
[1] "done_mu"
[1] "pi"
predictions 
  0.1102519 
[1] "mu"
[1] "done_mu"
[1] "pi"
Lrnr_xgboost_100_1_19.5743382058443_1_0.15 
                                 0.1247678 
 Lrnr_xgboost_30_1_19.5743382058443_2_0.15 
                                 0.1283022 
 Lrnr_xgboost_30_1_19.5743382058443_3_0.15 
                                 0.1166753 
 Lrnr_xgboost_30_1_19.5743382058443_4_0.15 
                                 0.1146620 
 Lrnr_xgboost_30_1_19.5743382058443_5_0.15 
                                 0.1144900 
[1] "mu"
[1] "done_mu"
[1] "pi"
NULL
[1] "earth"
[1] "gam_1"
[1] "xgboost"
[1] "iter: 55"
[1] "mu"
[1] "done_mu"
[1] "pi"
predictions 
  0.1081186 
[1] "mu"
[1] "done_mu"
[1] "pi"
predictions 
  0.1076164 
[1] "mu"
[1] "done_mu"
[1] "pi"
Lrnr_xgboost_100_1_19.5743382058443_1_0.15 
                                 0.1227682 
 Lrnr_xgboost_30_1_19.5743382058443_2_0.15 
                                 0.1259017 
 Lrnr_xgboost_30_1_19.5743382058443_3_0.15 
                                 0.1127896 
 Lrnr_xgboost_30_1_19.5743382058443_4_0.15 
                                 0.1111761 
 Lrnr_xgboost_30_1_19.5743382058443_5_0.15 
                                 0.1104353 
[1] "mu"
[1] "done_mu"
[1] "pi"
NULL
[1] "earth"
[1] "gam_1"
[1] "xgboost"
[1] "iter: 56"
[1] "mu"
[1] "done_mu"
[1] "pi"
predictions 
  0.1094615 
[1] "mu"
[1] "done_mu"
[1] "pi"
predictions 
  0.1089857 
[1] "mu"
[1] "done_mu"
[1] "pi"
Lrnr_xgboost_100_1_19.5743382058443_1_0.15 
                                 0.1256486 
 Lrnr_xgboost_30_1_19.5743382058443_2_0.15 
                                 0.1283564 
 Lrnr_xgboost_30_1_19.5743382058443_3_0.15 
                                 0.1150103 
 Lrnr_xgboost_30_1_19.5743382058443_4_0.15 
                                 0.1131212 
 Lrnr_xgboost_30_1_19.5743382058443_5_0.15 
                                 0.1133844 
[1] "mu"
[1] "done_mu"
[1] "pi"
NULL
[1] "earth"
[1] "gam_1"
[1] "xgboost"
[1] "iter: 57"
[1] "mu"
[1] "done_mu"
[1] "pi"
predictions 
  0.1117866 
[1] "mu"
[1] "done_mu"
[1] "pi"
predictions 
  0.1107726 
[1] "mu"
[1] "done_mu"
[1] "pi"
Lrnr_xgboost_100_1_19.5743382058443_1_0.15 
                                 0.1262292 
 Lrnr_xgboost_30_1_19.5743382058443_2_0.15 
                                 0.1295668 
 Lrnr_xgboost_30_1_19.5743382058443_3_0.15 
                                 0.1162804 
 Lrnr_xgboost_30_1_19.5743382058443_4_0.15 
                                 0.1143692 
 Lrnr_xgboost_30_1_19.5743382058443_5_0.15 
                                 0.1135870 
[1] "mu"
[1] "done_mu"
[1] "pi"
NULL
[1] "earth"
[1] "gam_1"
[1] "xgboost"
[1] "iter: 58"
[1] "mu"
[1] "done_mu"
[1] "pi"
predictions 
  0.1141137 
[1] "mu"
[1] "done_mu"
[1] "pi"
predictions 
  0.1140024 
[1] "mu"
[1] "done_mu"
[1] "pi"
Lrnr_xgboost_100_1_19.5743382058443_1_0.15 
                                 0.1282874 
 Lrnr_xgboost_30_1_19.5743382058443_2_0.15 
                                 0.1315465 
 Lrnr_xgboost_30_1_19.5743382058443_3_0.15 
                                 0.1197514 
 Lrnr_xgboost_30_1_19.5743382058443_4_0.15 
                                 0.1178748 
 Lrnr_xgboost_30_1_19.5743382058443_5_0.15 
                                 0.1164744 
[1] "mu"
[1] "done_mu"
[1] "pi"
NULL
[1] "earth"
[1] "gam_1"
[1] "xgboost"
[1] "iter: 59"
[1] "mu"
[1] "done_mu"
[1] "pi"
predictions 
  0.1077778 
[1] "mu"
[1] "done_mu"
[1] "pi"
predictions 
  0.1074885 
[1] "mu"
[1] "done_mu"
[1] "pi"
Lrnr_xgboost_100_1_19.5743382058443_1_0.15 
                                 0.1228361 
 Lrnr_xgboost_30_1_19.5743382058443_2_0.15 
                                 0.1252577 
 Lrnr_xgboost_30_1_19.5743382058443_3_0.15 
                                 0.1125393 
 Lrnr_xgboost_30_1_19.5743382058443_4_0.15 
                                 0.1107483 
 Lrnr_xgboost_30_1_19.5743382058443_5_0.15 
                                 0.1097657 
[1] "mu"
[1] "done_mu"
[1] "pi"
NULL
[1] "earth"
[1] "gam_1"
[1] "xgboost"
[1] "iter: 60"
[1] "mu"
[1] "done_mu"
[1] "pi"
predictions 
  0.1114968 
[1] "mu"
[1] "done_mu"
[1] "pi"
predictions 
  0.1106185 
[1] "mu"
[1] "done_mu"
[1] "pi"
Lrnr_xgboost_100_1_19.5743382058443_1_0.15 
                                 0.1254142 
 Lrnr_xgboost_30_1_19.5743382058443_2_0.15 
                                 0.1290876 
 Lrnr_xgboost_30_1_19.5743382058443_3_0.15 
                                 0.1164906 
 Lrnr_xgboost_30_1_19.5743382058443_4_0.15 
                                 0.1149276 
 Lrnr_xgboost_30_1_19.5743382058443_5_0.15 
                                 0.1145595 
[1] "mu"
[1] "done_mu"
[1] "pi"
NULL
[1] "earth"
[1] "gam_1"
[1] "xgboost"
[1] "iter: 61"
[1] "mu"
[1] "done_mu"
[1] "pi"
predictions 
  0.1123102 
[1] "mu"
[1] "done_mu"
[1] "pi"
predictions 
  0.1108199 
[1] "mu"
[1] "done_mu"
[1] "pi"
Lrnr_xgboost_100_1_19.5743382058443_1_0.15 
                                 0.1259043 
 Lrnr_xgboost_30_1_19.5743382058443_2_0.15 
                                 0.1288469 
 Lrnr_xgboost_30_1_19.5743382058443_3_0.15 
                                 0.1164176 
 Lrnr_xgboost_30_1_19.5743382058443_4_0.15 
                                 0.1147475 
 Lrnr_xgboost_30_1_19.5743382058443_5_0.15 
                                 0.1140858 
[1] "mu"
[1] "done_mu"
[1] "pi"
NULL
[1] "earth"
[1] "gam_1"
[1] "xgboost"
[1] "iter: 62"
[1] "mu"
[1] "done_mu"
[1] "pi"
predictions 
  0.1098679 
[1] "mu"
[1] "done_mu"
[1] "pi"
predictions 
  0.1086292 
[1] "mu"
[1] "done_mu"
[1] "pi"
Lrnr_xgboost_100_1_19.5743382058443_1_0.15 
                                 0.1263319 
 Lrnr_xgboost_30_1_19.5743382058443_2_0.15 
                                 0.1295570 
 Lrnr_xgboost_30_1_19.5743382058443_3_0.15 
                                 0.1155307 
 Lrnr_xgboost_30_1_19.5743382058443_4_0.15 
                                 0.1130565 
 Lrnr_xgboost_30_1_19.5743382058443_5_0.15 
                                 0.1120995 
[1] "mu"
[1] "done_mu"
[1] "pi"
NULL
[1] "earth"
[1] "gam_1"
[1] "xgboost"
[1] "iter: 63"
[1] "mu"
[1] "done_mu"
[1] "pi"
predictions 
   0.112402 
[1] "mu"
[1] "done_mu"
[1] "pi"
predictions 
   0.111402 
[1] "mu"
[1] "done_mu"
[1] "pi"
Lrnr_xgboost_100_1_19.5743382058443_1_0.15 
                                 0.1265435 
 Lrnr_xgboost_30_1_19.5743382058443_2_0.15 
                                 0.1294234 
 Lrnr_xgboost_30_1_19.5743382058443_3_0.15 
                                 0.1172112 
 Lrnr_xgboost_30_1_19.5743382058443_4_0.15 
                                 0.1155239 
 Lrnr_xgboost_30_1_19.5743382058443_5_0.15 
                                 0.1149488 
[1] "mu"
[1] "done_mu"
[1] "pi"
NULL
[1] "earth"
[1] "gam_1"
[1] "xgboost"
[1] "iter: 64"
[1] "mu"
[1] "done_mu"
[1] "pi"
predictions 
  0.1112862 
[1] "mu"
[1] "done_mu"
[1] "pi"
predictions 
  0.1108606 
[1] "mu"
[1] "done_mu"
[1] "pi"
Lrnr_xgboost_100_1_19.5743382058443_1_0.15 
                                 0.1265603 
 Lrnr_xgboost_30_1_19.5743382058443_2_0.15 
                                 0.1297929 
 Lrnr_xgboost_30_1_19.5743382058443_3_0.15 
                                 0.1170038 
 Lrnr_xgboost_30_1_19.5743382058443_4_0.15 
                                 0.1147246 
 Lrnr_xgboost_30_1_19.5743382058443_5_0.15 
                                 0.1140163 
[1] "mu"
[1] "done_mu"
[1] "pi"
NULL
[1] "earth"
