LOADING R
R LOADED
[1] "/home/lvanderl/Rlibs2"                         
[2] "/app/software/R/4.2.2-foss-2021b/lib/R/library"
[1] "/home/lvanderl/sieveSims"
[1] 8
[1] 500
[1] "Current settings:"
[1] 500
[1] 8
[1] 1
[1] FALSE
  0%  25%  50%  75% 100% 
   1    1    1    1    1 
  0%  25%  50%  75% 100% 
   1    1    1    1    1 
[1] "Current settings:"
[1] 500
[1] 8
[1] 2
[1] FALSE
  0%  25%  50%  75% 100% 
   1    1    1    1    1 
  0%  25%  50%  75% 100% 
   1    1    1    1    1 
[1] "Current settings:"
[1] 500
[1] 8
[1] 3
[1] FALSE
  0%  25%  50%  75% 100% 
   1    1    1    1    1 
  0%  25%  50%  75% 100% 
   1    1    1    1    1 
[1] "Current settings:"
[1] 500
[1] 8
[1] 4
[1] FALSE
  0%  25%  50%  75% 100% 
   1    1    1    1    1 
  0%  25%  50%  75% 100% 
   1    1    1    1    1 
[1] "HERE"
[1] "Current settings:"
[1] 500
[1] 8
[1] 5
[1] FALSE
  0%  25%  50%  75% 100% 
   1    1    1    1    1 
  0%  25%  50%  75% 100% 
   1    1    1    1    1 
