LOADING R
R LOADED
[1] "/home/lvanderl/Rlibs2"                         
[2] "/app/software/R/4.3.1-gfbf-2022b/lib/R/library"
[1] "/home/lvanderl/sieveSims"
[1] "iter: 1"
[1] "mu"
[1] "done_mu"
[1] "pi"
predictions 
  0.2211676 
[1] "mu"
[1] "done_mu"
[1] "pi"
predictions 
  0.2206476 
[1] "mu"
[1] "done_mu"
[1] "pi"
Lrnr_xgboost_100_1_15.1829448593783_1_0.15 
                                 0.2215397 
 Lrnr_xgboost_30_1_15.1829448593783_2_0.15 
                                 0.2216374 
 Lrnr_xgboost_30_1_15.1829448593783_3_0.15 
                                 0.2220226 
 Lrnr_xgboost_30_1_15.1829448593783_4_0.15 
                                 0.2237064 
 Lrnr_xgboost_30_1_15.1829448593783_5_0.15 
                                 0.2251929 
[1] "mu"
[1] "done_mu"
[1] "pi"
NULL
[1] "earth"
