LOADING R
R LOADED
[1] "/home/lvanderl/Rlibs2"                         
[2] "/app/software/R/4.2.2-foss-2021b/lib/R/library"
[1] "/home/lvanderl/sieveSims"
[1] "Iteration number: 1"
[1] "pos"
[1] 0.001778451 0.992366149
[1] "Fitting mu0 = E[Y|A=0,W]"
NULL
[1] "Fitting tau = E[Y|A=1,W] - E[Y|A=0,W]"
NULL
[1] 0.02569465
[1] 0.01560705
[1] 0.02569465
[1] -0.2117478  1.3404469
[1] "cutoff"
[1] 0.0369478
[1] 0.0369478 0.9630522
[1] "Fitting m = E[Y|W]"
[1] "Fitting pi = E[A|W]"
[1] "Fitting tau = E[Y|A=1,W] - E[Y|A=0,W]"
[1] 0.995962
NULL
[1] 0.02508473
[1] 0.01574045
(Intercept) 
 0.02508473 
[1] "Iteration number: 2"
[1] "pos"
[1] 0.0018198 0.9914111
[1] "Fitting mu0 = E[Y|A=0,W]"
NULL
[1] "Fitting tau = E[Y|A=1,W] - E[Y|A=0,W]"
NULL
[1] 0.02615663
[1] 0.01604393
[1] 0.02615663
[1] -0.2099057  1.2847657
[1] "cutoff"
[1] 0.02329318
[1] 0.02329318 0.97670682
[1] "Fitting m = E[Y|W]"
[1] "Fitting pi = E[A|W]"
[1] "Fitting tau = E[Y|A=1,W] - E[Y|A=0,W]"
[1] 1.031623
NULL
[1] 0.02560706
[1] 0.01623378
(Intercept) 
 0.02560706 
[1] "Iteration number: 3"
[1] "pos"
[1] 0.001918756 0.992301607
[1] "Fitting mu0 = E[Y|A=0,W]"
NULL
[1] "Fitting tau = E[Y|A=1,W] - E[Y|A=0,W]"
NULL
[1] 0.02606331
[1] 0.01579264
[1] 0.02606331
[1] -0.2035447  1.2804597
[1] "cutoff"
[1] 0.01646587
[1] 0.01646587 0.98353413
[1] "Fitting m = E[Y|W]"
[1] "Fitting pi = E[A|W]"
[1] "Fitting tau = E[Y|A=1,W] - E[Y|A=0,W]"
[1] 1.002008
NULL
[1] 0.02554332
[1] 0.01611941
(Intercept) 
 0.02554332 
[1] "Iteration number: 4"
[1] "pos"
[1] 0.001595436 0.989562399
[1] "Fitting mu0 = E[Y|A=0,W]"
NULL
[1] "Fitting tau = E[Y|A=1,W] - E[Y|A=0,W]"
NULL
[1] 0.02561904
[1] 0.01592984
[1] 0.02561904
