LOADING R
R LOADED
[1] "/home/lvanderl/Rlibs2"                         
[2] "/app/software/R/4.2.2-foss-2021b/lib/R/library"
[1] "/home/lvanderl/sieveSims"
[1] "Current settings:"
[1] 1000
[1] 1
[1] 1
  0%  25%  50%  75% 100% 
   1    1    1    1    1 
  0%  25%  50%  75% 100% 
   1    1    1    1    1 
[1] 0.05576602 0.96113099
[1] "Current settings:"
[1] 1000
[1] 1
[1] 2
  0%  25%  50%  75% 100% 
   1    1    1    1    1 
  0%  25%  50%  75% 100% 
   1    1    1    1    1 
[1] 0.0519272 0.9459258
[1] "Current settings:"
[1] 1000
[1] 1
[1] 3
  0%  25%  50%  75% 100% 
   1    1    1    1    1 
  0%  25%  50%  75% 100% 
   1    1    1    1    1 
[1] 0.02862647 0.96666315
[1] "Current settings:"
[1] 1000
[1] 1
[1] 4
  0%  25%  50%  75% 100% 
   1    1    1    1    1 
  0%  25%  50%  75% 100% 
   1    1    1    1    1 
[1] 0.05031714 0.94983987
[1] "Current settings:"
[1] 1000
[1] 1
[1] 5
  0%  25%  50%  75% 100% 
   1    1    1    1    1 
  0%  25%  50%  75% 100% 
   1    1    1    1    1 
[1] 0.03325628 0.97381276
[1] "Current settings:"
[1] 1000
[1] 1
[1] 6
  0%  25%  50%  75% 100% 
   1    1    1    1    1 
  0%  25%  50%  75% 100% 
   1    1    1    1    1 
[1] 0.03882469 0.97701422
[1] "Current settings:"
[1] 1000
[1] 1
[1] 7
  0%  25%  50%  75% 100% 
   1    1    1    1    1 
  0%  25%  50%  75% 100% 
   1    1    1    1    1 
[1] 0.03854148 0.95801223
[1] "Current settings:"
[1] 1000
[1] 1
[1] 8
  0%  25%  50%  75% 100% 
   1    1    1    1    1 
  0%  25%  50%  75% 100% 
   1    1    1    1    1 
[1] 0.04438824 0.97535972
[1] "Current settings:"
[1] 1000
[1] 1
[1] 9
  0%  25%  50%  75% 100% 
   1    1    1    1    1 
  0%  25%  50%  75% 100% 
   1    1    1    1    1 
[1] 0.04852963 0.94098416
[1] "Current settings:"
[1] 1000
[1] 1
[1] 10
  0%  25%  50%  75% 100% 
   1    1    1    1    1 
  0%  25%  50%  75% 100% 
   1    1    1    1    1 
[1] 0.0238345 0.9747413
[1] "Current settings:"
[1] 1000
[1] 1
[1] 11
  0%  25%  50%  75% 100% 
   1    1    1    1    1 
  0%  25%  50%  75% 100% 
   1    1    1    1    1 
[1] 0.04279674 0.95033266
[1] "Current settings:"
[1] 1000
[1] 1
[1] 12
  0%  25%  50%  75% 100% 
   1    1    1    1    1 
  0%  25%  50%  75% 100% 
   1    1    1    1    1 
[1] 0.04551093 0.95644332
[1] "Current settings:"
[1] 1000
[1] 1
[1] 13
  0%  25%  50%  75% 100% 
   1    1    1    1    1 
  0%  25%  50%  75% 100% 
   1    1    1    1    1 
[1] 0.04027608 0.95395186
[1] "Current settings:"
[1] 1000
[1] 1
[1] 14
  0%  25%  50%  75% 100% 
   1    1    1    1    1 
  0%  25%  50%  75% 100% 
   1    1    1    1    1 
[1] 0.04358971 0.96430478
[1] "Current settings:"
[1] 1000
[1] 1
[1] 15
  0%  25%  50%  75% 100% 
   1    1    1    1    1 
  0%  25%  50%  75% 100% 
   1    1    1    1    1 
[1] 0.04582511 0.95747836
[1] "Current settings:"
[1] 1000
[1] 1
[1] 16
  0%  25%  50%  75% 100% 
   1    1    1    1    1 
  0%  25%  50%  75% 100% 
   1    1    1    1    1 
[1] 0.05469551 0.95188696
[1] "Current settings:"
[1] 1000
[1] 1
[1] 17
  0%  25%  50%  75% 100% 
   1    1    1    1    1 
  0%  25%  50%  75% 100% 
   1    1    1    1    1 
[1] 0.03953863 0.94802880
[1] "Current settings:"
[1] 1000
[1] 1
[1] 18
  0%  25%  50%  75% 100% 
   1    1    1    1    1 
  0%  25%  50%  75% 100% 
   1    1    1    1    1 
[1] 0.0424175 0.9606482
[1] "Current settings:"
[1] 1000
[1] 1
[1] 19
  0%  25%  50%  75% 100% 
   1    1    1    1    1 
  0%  25%  50%  75% 100% 
   1    1    1    1    1 
[1] 0.08430376 0.94123105
[1] "Current settings:"
[1] 1000
[1] 1
[1] 20
  0%  25%  50%  75% 100% 
   1    1    1    1    1 
  0%  25%  50%  75% 100% 
   1    1    1    1    1 
[1] 0.03871699 0.96517542
[1] "Current settings:"
[1] 1000
[1] 1
[1] 21
  0%  25%  50%  75% 100% 
   1    1    1    1    1 
  0%  25%  50%  75% 100% 
   1    1    1    1    1 
[1] 0.01594411 0.97748338
[1] "Current settings:"
[1] 1000
[1] 1
[1] 22
  0%  25%  50%  75% 100% 
   1    1    1    1    1 
  0%  25%  50%  75% 100% 
   1    1    1    1    1 
[1] 0.0574737 0.9412126
[1] "Current settings:"
[1] 1000
[1] 1
[1] 23
  0%  25%  50%  75% 100% 
   1    1    1    1    1 
  0%  25%  50%  75% 100% 
   1    1    1    1    1 
[1] 0.05068168 0.96716356
[1] "Current settings:"
[1] 1000
[1] 1
[1] 24
  0%  25%  50%  75% 100% 
   1    1    1    1    1 
  0%  25%  50%  75% 100% 
   1    1    1    1    1 
[1] 0.03564926 0.95145203
[1] "Current settings:"
[1] 1000
[1] 1
[1] 25
  0%  25%  50%  75% 100% 
   1    1    1    1    1 
  0%  25%  50%  75% 100% 
   1    1    1    1    1 
[1] 0.04325371 0.96386366
[1] "Current settings:"
[1] 1000
[1] 1
[1] 26
  0%  25%  50%  75% 100% 
   1    1    1    1    1 
  0%  25%  50%  75% 100% 
   1    1    1    1    1 
[1] 0.02852514 0.94823397
[1] "Current settings:"
[1] 1000
[1] 1
[1] 27
  0%  25%  50%  75% 100% 
   1    1    1    1    1 
  0%  25%  50%  75% 100% 
   1    1    1    1    1 
[1] 0.04194765 0.96080628
[1] "Current settings:"
[1] 1000
[1] 1
[1] 28
  0%  25%  50%  75% 100% 
   1    1    1    1    1 
  0%  25%  50%  75% 100% 
   1    1    1    1    1 
[1] 0.02798906 0.97648989
[1] "Current settings:"
[1] 1000
[1] 1
[1] 29
  0%  25%  50%  75% 100% 
   1    1    1    1    1 
  0%  25%  50%  75% 100% 
   1    1    1    1    1 
[1] 0.03848873 0.97113188
[1] "Current settings:"
[1] 1000
[1] 1
[1] 30
  0%  25%  50%  75% 100% 
   1    1    1    1    1 
  0%  25%  50%  75% 100% 
   1    1    1    1    1 
[1] 0.02906121 0.96519198
[1] "Current settings:"
[1] 1000
[1] 1
[1] 31
  0%  25%  50%  75% 100% 
   1    1    1    1    1 
  0%  25%  50%  75% 100% 
   1    1    1    1    1 
[1] 0.04772267 0.95177184
[1] "Current settings:"
[1] 1000
[1] 1
[1] 32
  0%  25%  50%  75% 100% 
   1    1    1    1    1 
  0%  25%  50%  75% 100% 
   1    1    1    1    1 
[1] 0.03846162 0.94971875
[1] "Current settings:"
[1] 1000
[1] 1
[1] 33
  0%  25%  50%  75% 100% 
   1    1    1    1    1 
  0%  25%  50%  75% 100% 
   1    1    1    1    1 
[1] 0.03334991 0.96001929
[1] "Current settings:"
[1] 1000
[1] 1
[1] 34
  0%  25%  50%  75% 100% 
   1    1    1    1    1 
  0%  25%  50%  75% 100% 
   1    1    1    1    1 
[1] 0.05310522 0.96366502
[1] "Current settings:"
[1] 1000
[1] 1
[1] 35
  0%  25%  50%  75% 100% 
   1    1    1    1    1 
  0%  25%  50%  75% 100% 
   1    1    1    1    1 
[1] 0.02038842 0.97502443
[1] "Current settings:"
[1] 1000
[1] 1
[1] 36
  0%  25%  50%  75% 100% 
   1    1    1    1    1 
  0%  25%  50%  75% 100% 
   1    1    1    1    1 
[1] 0.03773005 0.95139384
[1] "Current settings:"
[1] 1000
[1] 1
[1] 37
  0%  25%  50%  75% 100% 
   1    1    1    1    1 
  0%  25%  50%  75% 100% 
   1    1    1    1    1 
[1] 0.03392024 0.97872325
[1] "Current settings:"
[1] 1000
[1] 1
[1] 38
  0%  25%  50%  75% 100% 
   1    1    1    1    1 
  0%  25%  50%  75% 100% 
   1    1    1    1    1 
[1] 0.04747513 0.95000035
[1] "Current settings:"
[1] 1000
[1] 1
[1] 39
  0%  25%  50%  75% 100% 
   1    1    1    1    1 
  0%  25%  50%  75% 100% 
   1    1    1    1    1 
[1] 0.03374959 0.96266310
[1] "Current settings:"
[1] 1000
[1] 1
[1] 40
  0%  25%  50%  75% 100% 
   1    1    1    1    1 
  0%  25%  50%  75% 100% 
   1    1    1    1    1 
[1] 0.04483321 0.96361310
[1] "Current settings:"
[1] 1000
[1] 1
[1] 41
  0%  25%  50%  75% 100% 
   1    1    1    1    1 
  0%  25%  50%  75% 100% 
   1    1    1    1    1 
[1] 0.02826984 0.97038267
[1] "Current settings:"
[1] 1000
[1] 1
[1] 42
  0%  25%  50%  75% 100% 
   1    1    1    1    1 
  0%  25%  50%  75% 100% 
   1    1    1    1    1 
[1] 0.031184 0.963625
[1] "Current settings:"
[1] 1000
[1] 1
[1] 43
  0%  25%  50%  75% 100% 
   1    1    1    1    1 
  0%  25%  50%  75% 100% 
   1    1    1    1    1 
[1] 0.04604819 0.96092639
[1] "Current settings:"
[1] 1000
[1] 1
[1] 44
  0%  25%  50%  75% 100% 
   1    1    1    1    1 
  0%  25%  50%  75% 100% 
   1    1    1    1    1 
[1] 0.05017153 0.96177472
[1] "Current settings:"
[1] 1000
[1] 1
[1] 45
  0%  25%  50%  75% 100% 
   1    1    1    1    1 
  0%  25%  50%  75% 100% 
   1    1    1    1    1 
[1] 0.04322277 0.95659372
[1] "Current settings:"
[1] 1000
[1] 1
[1] 46
  0%  25%  50%  75% 100% 
   1    1    1    1    1 
  0%  25%  50%  75% 100% 
   1    1    1    1    1 
[1] 0.02696851 0.96218654
[1] "Current settings:"
[1] 1000
[1] 1
[1] 47
  0%  25%  50%  75% 100% 
   1    1    1    1    1 
  0%  25%  50%  75% 100% 
   1    1    1    1    1 
[1] 0.02668868 0.96934763
[1] "Current settings:"
[1] 1000
[1] 1
[1] 48
  0%  25%  50%  75% 100% 
   1    1    1    1    1 
  0%  25%  50%  75% 100% 
   1    1    1    1    1 
[1] 0.04812306 0.96850236
[1] "Current settings:"
[1] 1000
[1] 1
[1] 49
  0%  25%  50%  75% 100% 
   1    1    1    1    1 
  0%  25%  50%  75% 100% 
   1    1    1    1    1 
[1] 0.05493585 0.95503403
[1] "Current settings:"
[1] 1000
[1] 1
[1] 50
  0%  25%  50%  75% 100% 
   1    1    1    1    1 
  0%  25%  50%  75% 100% 
   1    1    1    1    1 
[1] 0.02757667 0.94663079
[1] "Current settings:"
[1] 1000
[1] 1
[1] 51
  0%  25%  50%  75% 100% 
   1    1    1    1    1 
  0%  25%  50%  75% 100% 
   1    1    1    1    1 
[1] 0.04352187 0.96019605
[1] "Current settings:"
[1] 1000
[1] 1
[1] 52
  0%  25%  50%  75% 100% 
   1    1    1    1    1 
  0%  25%  50%  75% 100% 
   1    1    1    1    1 
[1] 0.02978322 0.97115813
[1] "Current settings:"
[1] 1000
[1] 1
[1] 53
  0%  25%  50%  75% 100% 
   1    1    1    1    1 
  0%  25%  50%  75% 100% 
   1    1    1    1    1 
[1] 0.01484919 0.97883590
[1] "Current settings:"
[1] 1000
[1] 1
[1] 54
  0%  25%  50%  75% 100% 
   1    1    1    1    1 
  0%  25%  50%  75% 100% 
   1    1    1    1    1 
[1] 0.03625413 0.94011811
[1] "Current settings:"
[1] 1000
[1] 1
[1] 55
  0%  25%  50%  75% 100% 
   1    1    1    1    1 
  0%  25%  50%  75% 100% 
   1    1    1    1    1 
[1] 0.02400516 0.96084759
[1] "Current settings:"
[1] 1000
[1] 1
[1] 56
  0%  25%  50%  75% 100% 
   1    1    1    1    1 
  0%  25%  50%  75% 100% 
   1    1    1    1    1 
[1] 0.05839927 0.95822406
[1] "Current settings:"
[1] 1000
[1] 1
[1] 57
  0%  25%  50%  75% 100% 
   1    1    1    1    1 
  0%  25%  50%  75% 100% 
   1    1    1    1    1 
[1] 0.02849864 0.97088930
[1] "Current settings:"
[1] 1000
[1] 1
[1] 58
  0%  25%  50%  75% 100% 
   1    1    1    1    1 
  0%  25%  50%  75% 100% 
   1    1    1    1    1 
[1] 0.04287011 0.96043966
[1] "Current settings:"
[1] 1000
[1] 1
[1] 59
  0%  25%  50%  75% 100% 
   1    1    1    1    1 
  0%  25%  50%  75% 100% 
   1    1    1    1    1 
[1] 0.04510823 0.93400593
[1] "Current settings:"
[1] 1000
[1] 1
[1] 60
  0%  25%  50%  75% 100% 
   1    1    1    1    1 
  0%  25%  50%  75% 100% 
   1    1    1    1    1 
[1] 0.03971315 0.95048725
[1] "Current settings:"
[1] 1000
[1] 1
[1] 61
  0%  25%  50%  75% 100% 
   1    1    1    1    1 
  0%  25%  50%  75% 100% 
   1    1    1    1    1 
[1] 0.03096843 0.95253739
[1] "Current settings:"
[1] 1000
[1] 1
[1] 62
  0%  25%  50%  75% 100% 
   1    1    1    1    1 
  0%  25%  50%  75% 100% 
   1    1    1    1    1 
[1] 0.03559419 0.96590770
[1] "Current settings:"
[1] 1000
[1] 1
[1] 63
  0%  25%  50%  75% 100% 
   1    1    1    1    1 
  0%  25%  50%  75% 100% 
   1    1    1    1    1 
[1] 0.04168495 0.96771560
[1] "Current settings:"
[1] 1000
[1] 1
[1] 64
  0%  25%  50%  75% 100% 
   1    1    1    1    1 
  0%  25%  50%  75% 100% 
   1    1    1    1    1 
[1] 0.01783161 0.97269258
[1] "Current settings:"
[1] 1000
[1] 1
[1] 65
  0%  25%  50%  75% 100% 
   1    1    1    1    1 
  0%  25%  50%  75% 100% 
   1    1    1    1    1 
[1] 0.02887718 0.97005694
[1] "Current settings:"
[1] 1000
[1] 1
[1] 66
  0%  25%  50%  75% 100% 
   1    1    1    1    1 
  0%  25%  50%  75% 100% 
   1    1    1    1    1 
[1] 0.03194034 0.95305321
[1] "Current settings:"
[1] 1000
[1] 1
[1] 67
  0%  25%  50%  75% 100% 
   1    1    1    1    1 
  0%  25%  50%  75% 100% 
   1    1    1    1    1 
[1] 0.03153087 0.96808706
[1] "Current settings:"
[1] 1000
[1] 1
[1] 68
  0%  25%  50%  75% 100% 
   1    1    1    1    1 
  0%  25%  50%  75% 100% 
   1    1    1    1    1 
[1] 0.05220569 0.93480249
[1] "Current settings:"
[1] 1000
[1] 1
[1] 69
  0%  25%  50%  75% 100% 
   1    1    1    1    1 
  0%  25%  50%  75% 100% 
   1    1    1    1    1 
[1] 0.03302299 0.97225824
[1] "Current settings:"
[1] 1000
[1] 1
[1] 70
  0%  25%  50%  75% 100% 
   1    1    1    1    1 
  0%  25%  50%  75% 100% 
   1    1    1    1    1 
[1] 0.0290448 0.9569399
[1] "Current settings:"
[1] 1000
[1] 1
[1] 71
  0%  25%  50%  75% 100% 
   1    1    1    1    1 
  0%  25%  50%  75% 100% 
   1    1    1    1    1 
[1] 0.02702758 0.97604504
[1] "Current settings:"
[1] 1000
[1] 1
[1] 72
  0%  25%  50%  75% 100% 
   1    1    1    1    1 
  0%  25%  50%  75% 100% 
   1    1    1    1    1 
[1] 0.02372249 0.95865604
[1] "Current settings:"
[1] 1000
[1] 1
[1] 73
  0%  25%  50%  75% 100% 
   1    1    1    1    1 
  0%  25%  50%  75% 100% 
   1    1    1    1    1 
[1] 0.02659187 0.96855158
[1] "Current settings:"
[1] 1000
[1] 1
[1] 74
  0%  25%  50%  75% 100% 
   1    1    1    1    1 
  0%  25%  50%  75% 100% 
   1    1    1    1    1 
[1] 0.03522907 0.96384391
[1] "Current settings:"
[1] 1000
[1] 1
[1] 75
  0%  25%  50%  75% 100% 
   1    1    1    1    1 
  0%  25%  50%  75% 100% 
   1    1    1    1    1 
[1] 0.03875501 0.96266204
[1] "Current settings:"
[1] 1000
[1] 1
[1] 76
  0%  25%  50%  75% 100% 
   1    1    1    1    1 
  0%  25%  50%  75% 100% 
   1    1    1    1    1 
[1] 0.05996417 0.92602080
[1] "Current settings:"
[1] 1000
[1] 1
[1] 77
  0%  25%  50%  75% 100% 
   1    1    1    1    1 
  0%  25%  50%  75% 100% 
   1    1    1    1    1 
[1] 0.05101137 0.96461959
[1] "Current settings:"
[1] 1000
[1] 1
[1] 78
  0%  25%  50%  75% 100% 
   1    1    1    1    1 
  0%  25%  50%  75% 100% 
   1    1    1    1    1 
[1] 0.02054038 0.97579160
[1] "Current settings:"
[1] 1000
[1] 1
[1] 79
  0%  25%  50%  75% 100% 
   1    1    1    1    1 
  0%  25%  50%  75% 100% 
   1    1    1    1    1 
[1] 0.03234144 0.96797910
[1] "Current settings:"
[1] 1000
[1] 1
[1] 80
  0%  25%  50%  75% 100% 
   1    1    1    1    1 
  0%  25%  50%  75% 100% 
   1    1    1    1    1 
[1] 0.02779709 0.97120374
[1] "Current settings:"
[1] 1000
[1] 1
[1] 81
  0%  25%  50%  75% 100% 
   1    1    1    1    1 
  0%  25%  50%  75% 100% 
   1    1    1    1    1 
[1] 0.03385763 0.94979460
[1] "Current settings:"
[1] 1000
[1] 1
[1] 82
  0%  25%  50%  75% 100% 
   1    1    1    1    1 
  0%  25%  50%  75% 100% 
   1    1    1    1    1 
[1] 0.04323783 0.95075523
[1] "Current settings:"
[1] 1000
[1] 1
[1] 83
  0%  25%  50%  75% 100% 
   1    1    1    1    1 
  0%  25%  50%  75% 100% 
   1    1    1    1    1 
[1] 0.03929013 0.97156439
[1] "Current settings:"
[1] 1000
[1] 1
[1] 84
  0%  25%  50%  75% 100% 
   1    1    1    1    1 
  0%  25%  50%  75% 100% 
   1    1    1    1    1 
[1] 0.06773844 0.94613476
[1] "Current settings:"
[1] 1000
[1] 1
[1] 85
  0%  25%  50%  75% 100% 
   1    1    1    1    1 
  0%  25%  50%  75% 100% 
   1    1    1    1    1 
[1] 0.03216157 0.96207778
[1] "Current settings:"
[1] 1000
[1] 1
[1] 86
  0%  25%  50%  75% 100% 
   1    1    1    1    1 
  0%  25%  50%  75% 100% 
   1    1    1    1    1 
[1] 0.04788599 0.96112645
[1] "Current settings:"
[1] 1000
[1] 1
[1] 87
  0%  25%  50%  75% 100% 
   1    1    1    1    1 
  0%  25%  50%  75% 100% 
   1    1    1    1    1 
[1] 0.0415477 0.9571216
[1] "Current settings:"
[1] 1000
[1] 1
[1] 88
  0%  25%  50%  75% 100% 
   1    1    1    1    1 
  0%  25%  50%  75% 100% 
   1    1    1    1    1 
[1] 0.02486811 0.97339404
[1] "Current settings:"
[1] 1000
[1] 1
[1] 89
  0%  25%  50%  75% 100% 
   1    1    1    1    1 
  0%  25%  50%  75% 100% 
   1    1    1    1    1 
[1] 0.04810851 0.94384241
[1] "Current settings:"
[1] 1000
[1] 1
[1] 90
  0%  25%  50%  75% 100% 
   1    1    1    1    1 
  0%  25%  50%  75% 100% 
   1    1    1    1    1 
[1] 0.03428717 0.97050064
[1] "Current settings:"
[1] 1000
[1] 1
[1] 91
  0%  25%  50%  75% 100% 
   1    1    1    1    1 
  0%  25%  50%  75% 100% 
   1    1    1    1    1 
[1] 0.03450728 0.96724100
[1] "Current settings:"
[1] 1000
[1] 1
[1] 92
  0%  25%  50%  75% 100% 
   1    1    1    1    1 
  0%  25%  50%  75% 100% 
   1    1    1    1    1 
[1] 0.03364547 0.96703236
[1] "Current settings:"
[1] 1000
[1] 1
[1] 93
  0%  25%  50%  75% 100% 
   1    1    1    1    1 
  0%  25%  50%  75% 100% 
   1    1    1    1    1 
[1] 0.04438167 0.95514183
[1] "Current settings:"
[1] 1000
[1] 1
[1] 94
  0%  25%  50%  75% 100% 
   1    1    1    1    1 
  0%  25%  50%  75% 100% 
   1    1    1    1    1 
[1] 0.01839018 0.97366562
[1] "Current settings:"
[1] 1000
[1] 1
[1] 95
  0%  25%  50%  75% 100% 
   1    1    1    1    1 
  0%  25%  50%  75% 100% 
   1    1    1    1    1 
[1] 0.04925518 0.94688885
[1] "Current settings:"
[1] 1000
[1] 1
[1] 96
  0%  25%  50%  75% 100% 
   1    1    1    1    1 
  0%  25%  50%  75% 100% 
   1    1    1    1    1 
[1] 0.04179389 0.97810974
[1] "Current settings:"
[1] 1000
[1] 1
[1] 97
  0%  25%  50%  75% 100% 
   1    1    1    1    1 
  0%  25%  50%  75% 100% 
   1    1    1    1    1 
[1] 0.02963372 0.97051743
[1] "Current settings:"
[1] 1000
[1] 1
[1] 98
  0%  25%  50%  75% 100% 
   1    1    1    1    1 
  0%  25%  50%  75% 100% 
   1    1    1    1    1 
[1] 0.04703111 0.95260448
[1] "Current settings:"
[1] 1000
[1] 1
[1] 99
  0%  25%  50%  75% 100% 
   1    1    1    1    1 
  0%  25%  50%  75% 100% 
   1    1    1    1    1 
[1] 0.02348347 0.97618370
[1] "Current settings:"
[1] 1000
[1] 1
[1] 100
  0%  25%  50%  75% 100% 
   1    1    1    1    1 
  0%  25%  50%  75% 100% 
   1    1    1    1    1 
[1] 0.02217081 0.97614495
[1] "Current settings:"
[1] 1000
[1] 1
[1] 101
  0%  25%  50%  75% 100% 
   1    1    1    1    1 
  0%  25%  50%  75% 100% 
   1    1    1    1    1 
[1] 0.02689721 0.95304809
[1] "Current settings:"
[1] 1000
[1] 1
[1] 102
  0%  25%  50%  75% 100% 
   1    1    1    1    1 
  0%  25%  50%  75% 100% 
   1    1    1    1    1 
[1] 0.03224747 0.97881231
[1] "Current settings:"
[1] 1000
[1] 1
[1] 103
  0%  25%  50%  75% 100% 
   1    1    1    1    1 
  0%  25%  50%  75% 100% 
   1    1    1    1    1 
[1] 0.0451227 0.9738935
[1] "Current settings:"
[1] 1000
[1] 1
[1] 104
  0%  25%  50%  75% 100% 
   1    1    1    1    1 
  0%  25%  50%  75% 100% 
   1    1    1    1    1 
[1] 0.05273566 0.95998557
[1] "Current settings:"
[1] 1000
[1] 1
[1] 105
  0%  25%  50%  75% 100% 
   1    1    1    1    1 
  0%  25%  50%  75% 100% 
   1    1    1    1    1 
[1] 0.03893636 0.94949209
[1] "Current settings:"
[1] 1000
[1] 1
[1] 106
  0%  25%  50%  75% 100% 
   1    1    1    1    1 
  0%  25%  50%  75% 100% 
   1    1    1    1    1 
[1] 0.06375074 0.93462252
[1] "Current settings:"
[1] 1000
[1] 1
[1] 107
  0%  25%  50%  75% 100% 
   1    1    1    1    1 
  0%  25%  50%  75% 100% 
   1    1    1    1    1 
[1] 0.03692658 0.96935242
[1] "Current settings:"
[1] 1000
[1] 1
[1] 108
  0%  25%  50%  75% 100% 
   1    1    1    1    1 
  0%  25%  50%  75% 100% 
   1    1    1    1    1 
[1] 0.04621528 0.96271436
[1] "Current settings:"
[1] 1000
[1] 1
[1] 109
  0%  25%  50%  75% 100% 
   1    1    1    1    1 
  0%  25%  50%  75% 100% 
   1    1    1    1    1 
[1] 0.02067097 0.96554582
[1] "Current settings:"
[1] 1000
[1] 1
[1] 110
  0%  25%  50%  75% 100% 
   1    1    1    1    1 
  0%  25%  50%  75% 100% 
   1    1    1    1    1 
