Loading required package: hal9001
Loading required package: Rcpp
hal9001 v0.4.5: The Scalable Highly Adaptive Lasso
note: fit_hal defaults have changed. See ?fit_hal for details
Loading required package: sl3
Loading required package: data.table
Loading required package: R6
Loading required package: stringr
Loading required package: origami
origami v1.0.7: Generalized Framework for Cross-Validation
Loading required package: delayed
delayed v0.4.0: A Framework for Parallelizing Dependent Tasks
Loading required package: future
Loading required package: earth
Loading required package: Formula
Loading required package: plotmo
Loading required package: plotrix
Loading required package: TeachingDemos
Loading required package: fastglm
Loading required package: bigmemory
Loading required package: doMC
Loading required package: foreach
Loading required package: iterators
Loading required package: parallel
Loading required package: glmnet
Loading required package: Matrix
Loaded glmnet 4.1-7
Error : Object was created without names.
Error : Object was created without names.
Error : Object was created without names.
Error : Object was created without names.
Error in solve.default(t(x_basis) %*% x_basis, t(M %*% (x_basis1 - x_basis0))) : 
  system is computationally singular: reciprocal condition number = 6.47337e-26
Error : Object was created without names.
Error : Object was created without names.
Error in solve.default(t(x_basis) %*% x_basis, t(M %*% (x_basis1 - x_basis0))) : 
  system is computationally singular: reciprocal condition number = 6.00782e-26
Error : Object was created without names.
Error : Object was created without names.
Error : Object was created without names.
Error : Object was created without names.
Error : Object was created without names.
Error : Object was created without names.
Error : Object was created without names.
Error : Object was created without names.
Error : Object was created without names.
Error : Object was created without names.
Error : Object was created without names.
Error : Object was created without names.
Error : Object was created without names.
Error : Object was created without names.
Error : Object was created without names.
Error : Object was created without names.
Error : Object was created without names.
Error : Object was created without names.
Error : Object was created without names.
Error : Object was created without names.
Error : Object was created without names.
Error in solve.default(t(x_basis) %*% x_basis, t(M %*% (x_basis1 - x_basis0))) : 
  system is computationally singular: reciprocal condition number = 5.7058e-21
Error : Object was created without names.
Error : Object was created without names.
Error : Object was created without names.
Error : Object was created without names.
Error in solve.default(t(x_basis) %*% x_basis, t(M %*% (x_basis1 - x_basis0))) : 
  system is computationally singular: reciprocal condition number = 4.78183e-21
Error : Object was created without names.
Error : Object was created without names.
Error : Object was created without names.
Error : Object was created without names.
Error : Object was created without names.
Error in solve.default(t(x_basis) %*% x_basis, t(M %*% (x_basis1 - x_basis0))) : 
  system is computationally singular: reciprocal condition number = 4.2662e-18
Error : Object was created without names.
Error : Object was created without names.
Error : Object was created without names.
Error : Object was created without names.
Error : Object was created without names.
Error : Object was created without names.
Error in solve.default(t(x_basis) %*% x_basis, t(M %*% (x_basis1 - x_basis0))) : 
  system is computationally singular: reciprocal condition number = 6.14975e-22
Error : Object was created without names.
Error : Object was created without names.
Error : Object was created without names.
Error : Object was created without names.
Error in solve.default(t(x_basis) %*% x_basis, t(M %*% (x_basis1 - x_basis0))) : 
  system is computationally singular: reciprocal condition number = 2.45323e-21
Error : Object was created without names.
Error : Object was created without names.
Error : Object was created without names.
Error : Object was created without names.
Error : Object was created without names.
Error : Object was created without names.
Error : Object was created without names.
Error : Object was created without names.
Error : Object was created without names.
Error : Object was created without names.
Error : Object was created without names.
Error : Object was created without names.
Error : Object was created without names.
Error in solve.default(t(x_basis) %*% x_basis, t(M %*% (x_basis1 - x_basis0))) : 
  Lapack routine dgesv: system is exactly singular: U[198,198] = 0
Error : Object was created without names.
Error : Object was created without names.
Error : Object was created without names.
Error in solve.default(t(x_basis) %*% x_basis, t(M %*% (x_basis1 - x_basis0))) : 
  Lapack routine dgesv: system is exactly singular: U[211,211] = 0
Error : Object was created without names.
Error : Object was created without names.
Error : Object was created without names.
Error in solve.default(t(x_basis) %*% x_basis, t(M %*% (x_basis1 - x_basis0))) : 
  Lapack routine dgesv: system is exactly singular: U[304,304] = 0
Error : Object was created without names.
Error : Object was created without names.
Error : Object was created without names.
Error : Object was created without names.
Error : Object was created without names.
Error : Object was created without names.
Error : Object was created without names.
Error : Object was created without names.
Error : Object was created without names.
Error : Object was created without names.
Error : Object was created without names.
Error : Object was created without names.
Error : Object was created without names.
Error : Object was created without names.
Error : Object was created without names.
Error : Object was created without names.
Error : Object was created without names.
Error : Object was created without names.
Error : Object was created without names.
Error : Object was created without names.
Error : Object was created without names.
Error : Object was created without names.
Error : Object was created without names.
Error in solve.default(t(x_basis) %*% x_basis, t(M %*% (x_basis1 - x_basis0))) : 
  system is computationally singular: reciprocal condition number = 2.09345e-22
Error : Object was created without names.
Error : Object was created without names.
Error : Object was created without names.
Error : Object was created without names.
Error : Object was created without names.
Error : Object was created without names.
Error : Object was created without names.
Error : Object was created without names.
Error : Object was created without names.
Error in solve.default(t(x_basis) %*% x_basis, t(M %*% (x_basis1 - x_basis0))) : 
  system is computationally singular: reciprocal condition number = 1.06227e-20
Error : Object was created without names.
Error : Object was created without names.
Error in solve.default(t(x_basis) %*% x_basis, t(M %*% (x_basis1 - x_basis0))) : 
  system is computationally singular: reciprocal condition number = 8.5178e-21
Error : Object was created without names.
Error : Object was created without names.
Error : Object was created without names.
Error in solve.default(t(x_basis) %*% x_basis, t(M %*% (x_basis1 - x_basis0))) : 
  system is computationally singular: reciprocal condition number = 7.80469e-21
Error : Object was created without names.
Error : Object was created without names.
Error : Object was created without names.
Error : Object was created without names.
Error : Object was created without names.
Error : Object was created without names.
Error : Object was created without names.
Error : Object was created without names.
Error : Object was created without names.
Error : Object was created without names.
Error : Object was created without names.
Error : Object was created without names.
Error : Object was created without names.
Error in solve.default(t(x_basis) %*% x_basis, t(M %*% (x_basis1 - x_basis0))) : 
  system is computationally singular: reciprocal condition number = 2.18206e-20
Error : Object was created without names.
Error : Object was created without names.
Error : Object was created without names.
Error in solve.default(t(x_basis) %*% x_basis, t(M %*% (x_basis1 - x_basis0))) : 
  system is computationally singular: reciprocal condition number = 1.33284e-21
Error in solve.default(t(x_basis) %*% x_basis, t(M %*% (x_basis1 - x_basis0))) : 
  system is computationally singular: reciprocal condition number = 4.19344e-18
Error : Object was created without names.
Error : Object was created without names.
Error : Object was created without names.
Error : Object was created without names.
Error : Object was created without names.
Error : Object was created without names.
Error : Object was created without names.
Error : Object was created without names.
Error in solve.default(t(x_basis) %*% x_basis, t(M %*% (x_basis1 - x_basis0))) : 
  Lapack routine dgesv: system is exactly singular: U[217,217] = 0
Error : Object was created without names.
Error : Object was created without names.
Error in solve.default(t(x_basis) %*% x_basis, t(M %*% (x_basis1 - x_basis0))) : 
  system is computationally singular: reciprocal condition number = 2.83499e-21
Error : Object was created without names.
Error : Object was created without names.
Error : Object was created without names.
Error : Object was created without names.
Error : Object was created without names.
Error : Object was created without names.
Error : Object was created without names.
Error : Object was created without names.
Error : Object was created without names.
Error : Object was created without names.
Error : Object was created without names.
Error : Object was created without names.
Error : Object was created without names.
Error : Object was created without names.
Error : Object was created without names.
Error : Object was created without names.
Error : Object was created without names.
Error : Object was created without names.
Error : Object was created without names.
Error : Object was created without names.
Error : Object was created without names.
Error : Object was created without names.
Error : Object was created without names.
Error : Object was created without names.
Error : Object was created without names.
Error : Object was created without names.
Error : Object was created without names.
Error : Object was created without names.
Error : Object was created without names.
Error : Object was created without names.
Error : Object was created without names.
Error : Object was created without names.
Error in solve.default(t(x_basis) %*% x_basis, t(M %*% (x_basis1 - x_basis0))) : 
  Lapack routine dgesv: system is exactly singular: U[284,284] = 0
Error : Object was created without names.
Error : Object was created without names.
Error : Object was created without names.
Error : Object was created without names.
Error in solve.default(t(x_basis) %*% x_basis, t(M %*% (x_basis1 - x_basis0))) : 
  system is computationally singular: reciprocal condition number = 2.02481e-18
Error : Object was created without names.
Error : Object was created without names.
Error : Object was created without names.
Error : Object was created without names.
Error : Object was created without names.
Error in solve.default(t(x_basis) %*% x_basis, t(M %*% (x_basis1 - x_basis0))) : 
  Lapack routine dgesv: system is exactly singular: U[220,220] = 0
Error : Object was created without names.
Error : Object was created without names.
Error : Object was created without names.
Error : Object was created without names.
Error : Object was created without names.
Error : Object was created without names.
Error in solve.default(t(x_basis) %*% x_basis, t(M %*% (x_basis1 - x_basis0))) : 
  Lapack routine dgesv: system is exactly singular: U[182,182] = 0
Error : Object was created without names.
Error in solve.default(t(x_basis) %*% x_basis, t(M %*% (x_basis1 - x_basis0))) : 
  system is computationally singular: reciprocal condition number = 4.3546e-21
Error : Object was created without names.
Error : Object was created without names.
Error : Object was created without names.
Error : Object was created without names.
Error in solve.default(t(x_basis) %*% x_basis, t(M %*% (x_basis1 - x_basis0))) : 
  system is computationally singular: reciprocal condition number = 1.10908e-20
Error : Object was created without names.
Error : Object was created without names.
