LOADING R
R LOADED
[1] "/home/lvanderl/Rlibs2"                         
[2] "/app/software/R/4.2.2-foss-2021b/lib/R/library"
[1] "/home/lvanderl/sieveSims"
[1] "Current settings:"
[1] 1000
[1] 1
[1] 1
  0%  25%  50%  75% 100% 
   1    1    1    1    1 
  0%  25%  50%  75% 100% 
   1    1    1    1    1 
[1] 0.05389102 0.97184565
[1] "Current settings:"
[1] 1000
[1] 1
[1] 2
  0%  25%  50%  75% 100% 
   1    1    1    1    1 
  0%  25%  50%  75% 100% 
   1    1    1    1    1 
[1] 0.04480813 0.96097955
[1] "Current settings:"
[1] 1000
[1] 1
[1] 3
  0%  25%  50%  75% 100% 
   1    1    1    1    1 
  0%  25%  50%  75% 100% 
   1    1    1    1    1 
[1] 0.02904789 0.97329873
[1] "Current settings:"
[1] 1000
[1] 1
[1] 4
  0%  25%  50%  75% 100% 
   1    1    1    1    1 
  0%  25%  50%  75% 100% 
   1    1    1    1    1 
[1] 0.04303654 0.96341031
[1] "Current settings:"
[1] 1000
[1] 1
[1] 5
  0%  25%  50%  75% 100% 
   1    1    1    1    1 
  0%  25%  50%  75% 100% 
   1    1    1    1    1 
[1] 0.0340609 0.9783199
[1] "Current settings:"
[1] 1000
[1] 1
[1] 6
  0%  25%  50%  75% 100% 
   1    1    1    1    1 
  0%  25%  50%  75% 100% 
   1    1    1    1    1 
[1] 0.04634062 0.94986436
[1] "Current settings:"
[1] 1000
[1] 1
[1] 7
  0%  25%  50%  75% 100% 
   1    1    1    1    1 
