LOADING R
R LOADED
[1] "/home/lvanderl/Rlibs2"                         
[2] "/app/software/R/4.2.2-foss-2021b/lib/R/library"
[1] "/home/lvanderl/sieveSims"
[1] 1
[1] 0.03607057
[1] 0.01732691
[1] "AdaLSE"
[1] -0.09306207
[1] 0.107512
[1] "AdaLSE CI"
[1] 1
[1] 1
[1] 1
[1] 1
[1] "Fitting mean A"
[1] "Fitting variance A"
[1] "DR"
[1] 0.1856675
[1] 0.4681468
[1] "DR CI"
[1] 1
[1] 1
[1] 1
[1] 1
[1] "se comparison"
[1] NA
[1] NA
[1] 2
[1] 0.03607057
[1] 0.01732691
[1] "AdaLSE"
[1] -0.09621748
[1] 0.0994066
[1] "AdaLSE CI"
[1] 1
[1] 1
[1] 2
[1] 2
[1] "Fitting mean A"
[1] "Fitting variance A"
[1] "DR"
[1] -0.08680296
[1] 0.08461631
[1] "DR CI"
[1] 1
[1] 1
[1] 2
[1] 2
[1] "se comparison"
[1] 0.002231212
[1] 0.1926657
[1] 3
[1] 0.03607057
[1] 0.01732691
[1] "AdaLSE"
[1] 0.2006019
[1] 0.1113207
[1] "AdaLSE CI"
[1] 1
[1] 1
[1] 3
[1] 3
[1] "Fitting mean A"
[1] "Fitting variance A"
[1] "DR"
[1] 0.3146299
[1] 0.1498862
[1] "DR CI"
[1] 1
[1] 0.6666667
[1] 3
[1] 1 2
[1] "se comparison"
[1] 0.1704652
[1] 0.2049471
[1] 4
[1] 0.03607057
[1] 0.01732691
[1] "AdaLSE"
[1] -0.01403033
[1] 0.09803661
[1] "AdaLSE CI"
[1] 1
[1] 1
[1] 4
[1] 4
[1] "Fitting mean A"
[1] "Fitting variance A"
[1] "DR"
[1] -0.2092968
[1] 0.391344
[1] "DR CI"
[1] 1
[1] 0.75
[1] 4
[1] 1 3
[1] "se comparison"
[1] 0.1394686
[1] 0.2410948
[1] 5
[1] 0.03607057
[1] 0.01732691
[1] "AdaLSE"
[1] -0.192138
[1] 0.1048241
[1] "AdaLSE CI"
[1] 0.8
[1] 0.8
[1] 1 4
[1] 1 4
[1] "Fitting mean A"
[1] "Fitting variance A"
[1] "DR"
[1] -0.1978021
[1] 0.08893792
[1] "DR CI"
[1] 0.8
[1] 0.6
[1] 1 4
[1] 2 3
[1] "se comparison"
[1] 0.1480543
[1] 0.2366019
[1] 6
[1] 0.03607057
[1] 0.01732691
[1] "AdaLSE"
[1] -0.1297439
[1] 0.1228748
[1] "AdaLSE CI"
[1] 0.8333333
[1] 0.8333333
[1] 1 5
[1] 1 5
[1] "Fitting mean A"
[1] "Fitting variance A"
[1] "DR"
[1] 0.6494782
[1] 0.8683763
[1] "DR CI"
[1] 0.8333333
[1] 0.6666667
[1] 1 5
[1] 2 4
[1] "se comparison"
[1] 0.1375115
[1] 0.3388383
[1] 7
[1] 0.03607057
[1] 0.01732691
[1] "AdaLSE"
[1] 0.2121276
[1] 0.1134119
[1] "AdaLSE CI"
[1] 0.8571429
[1] 0.8571429
[1] 1 6
[1] 1 6
[1] "Fitting mean A"
[1] "Fitting variance A"
[1] "DR"
[1] 0.6291762
[1] 0.3338454
[1] "DR CI"
[1] 0.8571429
[1] 0.7142857
[1] 1 6
[1] 2 5
[1] "se comparison"
[1] 0.160882
[1] 0.3664485
[1] 8
[1] 0.03607057
[1] 0.01732691
[1] "AdaLSE"
[1] -0.00264499
[1] 0.1101592
[1] "AdaLSE CI"
[1] 0.875
[1] 0.875
[1] 1 7
[1] 1 7
[1] "Fitting mean A"
[1] "Fitting variance A"
[1] "DR"
[1] 0.0597409
[1] 0.2911791
[1] "DR CI"
[1] 0.875
[1] 0.75
[1] 1 7
[1] 2 6
[1] "se comparison"
[1] 0.1490234
[1] 0.3420789
[1] 9
[1] 0.03607057
[1] 0.01732691
[1] "AdaLSE"
[1] 0.04069619
[1] 0.1068592
[1] "AdaLSE CI"
[1] 0.8888889
[1] 0.8888889
[1] 1 8
[1] 1 8
[1] "Fitting mean A"
[1] "Fitting variance A"
[1] "DR"
[1] -0.003931676
[1] 0.09194417
[1] "DR CI"
[1] 0.8888889
[1] 0.7777778
[1] 1 8
[1] 2 7
[1] "se comparison"
[1] 0.1406027
[1] 0.3250831
[1] 10
[1] 0.03607057
[1] 0.01732691
[1] "AdaLSE"
[1] -0.04513484
[1] 0.1081459
[1] "AdaLSE CI"
[1] 0.9
[1] 0.9
[1] 1 9
[1] 1 9
[1] "Fitting mean A"
[1] "Fitting variance A"
[1] "DR"
[1] 0.1979852
[1] 0.542104
[1] "DR CI"
[1] 0.9
[1] 0.8
[1] 1 9
[1] 2 8
[1] "se comparison"
[1] 0.1330731
[1] 0.3068827
[1] 11
[1] 0.03607057
[1] 0.01732691
[1] "AdaLSE"
[1] -0.002622227
[1] 0.1165636
[1] "AdaLSE CI"
[1] 0.9090909
[1] 0.9090909
[1]  1 10
[1]  1 10
[1] "Fitting mean A"
[1] "Fitting variance A"
[1] "DR"
[1] 0.05093046
[1] 0.1517365
[1] "DR CI"
[1] 0.9090909
[1] 0.8181818
[1]  1 10
[1] 2 9
[1] "se comparison"
[1] 0.1262756
[1] 0.2927847
[1] 12
[1] 0.03607057
[1] 0.01732691
[1] "AdaLSE"
[1] 0.00412814
[1] 0.1039256
[1] "AdaLSE CI"
[1] 0.9166667
[1] 0.9166667
[1]  1 11
[1]  1 11
[1] "Fitting mean A"
[1] "Fitting variance A"
[1] "DR"
[1] 0.2034526
[1] 0.5591622
[1] "DR CI"
[1] 0.9166667
[1] 0.8333333
[1]  1 11
[1]  2 10
[1] "se comparison"
[1] 0.1204794
[1] 0.2796771
[1] 13
[1] 0.03607057
[1] 0.01732691
[1] "AdaLSE"
[1] -0.1809745
[1] 0.09119523
[1] "AdaLSE CI"
[1] 0.8461538
[1] 0.8461538
[1]  2 11
[1]  2 11
[1] "Fitting mean A"
[1] "Fitting variance A"
[1] "DR"
[1] -0.1313584
[1] 0.09667124
[1] "DR CI"
[1] 0.9230769
[1] 0.8461538
[1]  1 12
[1]  2 11
[1] "se comparison"
[1] 0.1247342
[1] 0.2788656
[1] 14
[1] 0.03607057
[1] 0.01732691
[1] "AdaLSE"
[1] -0.008737577
[1] 0.1093441
[1] "AdaLSE CI"
[1] 0.8571429
[1] 0.8571429
[1]  2 12
[1]  2 12
[1] "Fitting mean A"
[1] "Fitting variance A"
[1] "DR"
[1] -0.0723002
[1] 0.1269115
[1] "DR CI"
[1] 0.9285714
[1] 0.8571429
[1]  1 13
[1]  2 12
[1] "se comparison"
[1] 0.1199013
[1] 0.2732125
[1] 15
[1] 0.03607057
[1] 0.01732691
[1] "AdaLSE"
[1] 0.1892498
[1] 0.1147907
[1] "AdaLSE CI"
[1] 0.8666667
[1] 0.8666667
[1]  2 13
[1]  2 13
[1] "Fitting mean A"
[1] "Fitting variance A"
[1] "DR"
[1] 0.8922271
[1] 0.8340069
[1] "DR CI"
[1] 0.9333333
[1] 0.8666667
[1]  1 14
[1]  2 13
[1] "se comparison"
[1] 0.1277656
[1] 0.3312654
[1] 16
[1] 0.03607057
[1] 0.01732691
[1] "AdaLSE"
[1] 0.03179161
[1] 0.1285956
[1] "AdaLSE CI"
[1] 0.875
[1] 0.875
[1]  2 14
[1]  2 14
[1] "Fitting mean A"
[1] "Fitting variance A"
[1] "DR"
[1] 0.3310301
[1] 0.5077937
[1] "DR CI"
[1] 0.9375
[1] 0.875
[1]  1 15
[1]  2 14
[1] "se comparison"
[1] 0.1238315
[1] 0.3226987
[1] 17
[1] 0.03607057
[1] 0.01732691
[1] "AdaLSE"
[1] -0.1896129
[1] 0.1079773
[1] "AdaLSE CI"
[1] 0.8235294
[1] 0.8823529
[1]  3 14
[1]  2 15
[1] "Fitting mean A"
[1] "Fitting variance A"
[1] "DR"
[1] -0.1513917
[1] 0.09105577
[1] "DR CI"
[1] 0.8823529
[1] 0.8823529
[1]  2 15
[1]  2 15
[1] "se comparison"
[1] 0.1279514
[1] 0.3223716
[1] 18
[1] 0.03607057
[1] 0.01732691
[1] "AdaLSE"
[1] -0.05890966
[1] 0.1104993
[1] "AdaLSE CI"
[1] 0.8333333
[1] 0.8888889
[1]  3 15
[1]  2 16
[1] "Fitting mean A"
[1] "Fitting variance A"
[1] "DR"
[1] -0.1358849
[1] 0.251081
[1] "DR CI"
[1] 0.8888889
[1] 0.8888889
[1]  2 16
[1]  2 16
[1] "se comparison"
[1] 0.1245376
[1] 0.3202522
[1] 19
[1] 0.03607057
[1] 0.01732691
[1] "AdaLSE"
[1] 0.1086875
[1] 0.1108063
[1] "AdaLSE CI"
[1] 0.8421053
[1] 0.8947368
[1]  3 16
[1]  2 17
[1] "Fitting mean A"
[1] "Fitting variance A"
[1] "DR"
[1] 0.1427097
[1] 0.1149826
[1] "DR CI"
[1] 0.8947368
[1] 0.8947368
[1]  2 17
[1]  2 17
[1] "se comparison"
[1] 0.1245032
[1] 0.3112297
[1] 20
[1] 0.03607057
[1] 0.01732691
[1] "AdaLSE"
[1] 0.05359983
[1] 0.1091419
[1] "AdaLSE CI"
[1] 0.85
[1] 0.9
[1]  3 17
[1]  2 18
[1] "Fitting mean A"
[1] "Fitting variance A"
[1] "DR"
[1] 0.05915015
[1] 0.08524217
[1] "DR CI"
[1] 0.9
[1] 0.9
[1]  2 18
[1]  2 18
[1] "se comparison"
[1] 0.122065
[1] 0.3034735
[1] 21
[1] 0.03607057
[1] 0.01732691
[1] "AdaLSE"
[1] 0.05368249
[1] 0.1131271
[1] "AdaLSE CI"
[1] 0.8571429
[1] 0.9047619
[1]  3 18
[1]  2 19
[1] "Fitting mean A"
[1] "Fitting variance A"
[1] "DR"
[1] 0.005016551
[1] 0.1205775
[1] "DR CI"
[1] 0.9047619
[1] 0.9047619
[1]  2 19
[1]  2 19
[1] "se comparison"
[1] 0.1197492
[1] 0.297175
[1] 22
[1] 0.03607057
[1] 0.01732691
[1] "AdaLSE"
[1] 0.1565057
[1] 0.1052122
[1] "AdaLSE CI"
[1] 0.8636364
[1] 0.9090909
[1]  3 19
[1]  2 20
[1] "Fitting mean A"
[1] "Fitting variance A"
[1] "DR"
[1] -0.1280967
[1] 0.3418481
[1] "DR CI"
[1] 0.9090909
[1] 0.9090909
[1]  2 20
[1]  2 20
[1] "se comparison"
[1] 0.1218714
[1] 0.2951918
[1] 23
[1] 0.03607057
[1] 0.01732691
[1] "AdaLSE"
[1] 0.03978502
[1] 0.1033368
[1] "AdaLSE CI"
[1] 0.8695652
[1] 0.9130435
[1]  3 20
[1]  2 21
[1] "Fitting mean A"
[1] "Fitting variance A"
[1] "DR"
[1] 0.02953093
[1] 0.08799725
[1] "DR CI"
[1] 0.9130435
[1] 0.9130435
[1]  2 21
[1]  2 21
[1] "se comparison"
[1] 0.119334
[1] 0.2889993
[1] 24
[1] 0.03607057
[1] 0.01732691
[1] "AdaLSE"
[1] 0.1284636
[1] 0.1073425
[1] "AdaLSE CI"
[1] 0.875
[1] 0.9166667
[1]  3 21
[1]  2 22
[1] "Fitting mean A"
[1] "Fitting variance A"
[1] "DR"
[1] 0.09742458
[1] 0.09724914
[1] "DR CI"
[1] 0.9166667
[1] 0.9166667
[1]  2 22
[1]  2 22
[1] "se comparison"
[1] 0.1194726
[1] 0.2826684
[1] 25
[1] 0.03607057
[1] 0.01732691
[1] "AdaLSE"
[1] -0.05296378
[1] 0.114566
[1] "AdaLSE CI"
[1] 0.88
[1] 0.92
[1]  3 22
[1]  2 23
[1] "Fitting mean A"
[1] "Fitting variance A"
[1] "DR"
[1] -0.1573624
[1] 0.1369103
[1] "DR CI"
[1] 0.92
[1] 0.92
[1]  2 23
[1]  2 23
[1] "se comparison"
[1] 0.1176026
[1] 0.2819813
[1] 26
[1] 0.03607057
[1] 0.01732691
[1] "AdaLSE"
[1] 0.007065686
[1] 0.1177623
[1] "AdaLSE CI"
[1] 0.8846154
[1] 0.9230769
[1]  3 23
[1]  2 24
[1] "Fitting mean A"
[1] "Fitting variance A"
[1] "DR"
[1] 0.1840189
[1] 0.2391869
[1] "DR CI"
[1] 0.9230769
[1] 0.9230769
[1]  2 24
[1]  2 24
[1] "se comparison"
[1] 0.1152267
[1] 0.2767411
[1] 27
[1] 0.03607057
[1] 0.01732691
[1] "AdaLSE"
[1] -0.1357353
[1] 0.1320242
[1] "AdaLSE CI"
[1] 0.8888889
[1] 0.9259259
[1]  3 24
[1]  2 25
[1] "Fitting mean A"
[1] "Fitting variance A"
[1] "DR"
[1] -0.1127585
[1] 0.09825344
[1] "DR CI"
[1] 0.9259259
[1] 0.9259259
[1]  2 25
[1]  2 25
[1] "se comparison"
[1] 0.1162412
[1] 0.2746155
[1] 28
[1] 0.03607057
[1] 0.01732691
[1] "AdaLSE"
[1] 0.1383899
[1] 0.1042341
[1] "AdaLSE CI"
[1] 0.8928571
[1] 0.9285714
[1]  3 25
[1]  2 26
[1] "Fitting mean A"
[1] "Fitting variance A"
[1] "DR"
[1] 0.08310947
[1] 0.3650379
[1] "DR CI"
[1] 0.9285714
[1] 0.9285714
[1]  2 26
[1]  2 26
[1] "se comparison"
[1] 0.1169908
[1] 0.2694967
[1] 29
[1] 0.03607057
[1] 0.01732691
[1] "AdaLSE"
[1] -0.0192505
[1] 0.1020135
[1] "AdaLSE CI"
[1] 0.8965517
[1] 0.9310345
[1]  3 26
[1]  2 27
[1] "Fitting mean A"
[1] "Fitting variance A"
[1] "DR"
[1] -0.02729938
[1] 0.1173767
[1] "DR CI"
[1] 0.9310345
[1] 0.9310345
[1]  2 27
[1]  2 27
[1] "se comparison"
[1] 0.1149768
[1] 0.2656523
[1] 30
[1] 0.03607057
[1] 0.01732691
[1] "AdaLSE"
[1] 0.02104657
[1] 0.09409715
[1] "AdaLSE CI"
[1] 0.9
[1] 0.9333333
[1]  3 27
[1]  2 28
[1] "Fitting mean A"
[1] "Fitting variance A"
[1] "DR"
[1] 0.3230958
[1] 0.4159825
[1] "DR CI"
[1] 0.9333333
[1] 0.9333333
[1]  2 28
[1]  2 28
[1] "se comparison"
[1] 0.1130154
[1] 0.2643867
[1] 31
[1] 0.03607057
[1] 0.01732691
[1] "AdaLSE"
[1] 0.08348594
[1] 0.1318829
[1] "AdaLSE CI"
[1] 0.9032258
[1] 0.9354839
[1]  3 28
[1]  2 29
[1] "Fitting mean A"
[1] "Fitting variance A"
[1] "DR"
[1] 0.07118578
[1] 0.1004838
[1] "DR CI"
[1] 0.9354839
[1] 0.9354839
[1]  2 29
[1]  2 29
[1] "se comparison"
[1] 0.1119959
[1] 0.2599973
[1] 32
[1] 0.03607057
[1] 0.01732691
[1] "AdaLSE"
[1] 0.117321
[1] 0.1036139
[1] "AdaLSE CI"
[1] 0.90625
[1] 0.9375
[1]  3 29
[1]  2 30
[1] "Fitting mean A"
[1] "Fitting variance A"
[1] "DR"
[1] 0.8972185
[1] 0.7953874
[1] "DR CI"
[1] 0.9375
[1] 0.9375
[1]  2 30
[1]  2 30
[1] "se comparison"
[1] 0.1118572
[1] 0.292039
[1] 33
[1] 0.03607057
[1] 0.01732691
[1] "AdaLSE"
[1] -0.06015454
[1] 0.09578375
[1] "AdaLSE CI"
[1] 0.9090909
[1] 0.9393939
[1]  3 30
[1]  2 31
[1] "Fitting mean A"
[1] "Fitting variance A"
[1] "DR"
[1] -0.01151593
[1] 0.09145375
[1] "DR CI"
[1] 0.9393939
[1] 0.9393939
[1]  2 31
[1]  2 31
[1] "se comparison"
[1] 0.110798
[1] 0.288417
[1] 34
[1] 0.03607057
[1] 0.01732691
[1] "AdaLSE"
[1] 0.01473593
[1] 0.1166294
[1] "AdaLSE CI"
[1] 0.9117647
[1] 0.9411765
[1]  3 31
[1]  2 32
[1] "Fitting mean A"
[1] "Fitting variance A"
[1] "DR"
[1] -0.0663352
[1] 0.2753344
[1] "DR CI"
[1] 0.9411765
[1] 0.9411765
[1]  2 32
[1]  2 32
[1] "se comparison"
[1] 0.1091104
[1] 0.2858178
[1] 35
[1] 0.03607057
[1] 0.01732691
[1] "AdaLSE"
[1] -0.06393283
[1] 0.1109994
[1] "AdaLSE CI"
[1] 0.9142857
[1] 0.9428571
[1]  3 32
[1]  2 33
[1] "Fitting mean A"
[1] "Fitting variance A"
[1] "DR"
[1] 0.05803918
[1] 0.2389859
[1] "DR CI"
[1] 0.9428571
[1] 0.9428571
[1]  2 33
[1]  2 33
[1] "se comparison"
[1] 0.1082061
[1] 0.2817486
[1] 36
[1] 0.03607057
[1] 0.01732691
[1] "AdaLSE"
[1] 0.06371926
[1] 0.1268975
[1] "AdaLSE CI"
[1] 0.9166667
[1] 0.9444444
[1]  3 33
[1]  2 34
[1] "Fitting mean A"
[1] "Fitting variance A"
[1] "DR"
[1] 0.03952588
[1] 0.1006132
[1] "DR CI"
[1] 0.9444444
[1] 0.9444444
[1]  2 34
[1]  2 34
[1] "se comparison"
[1] 0.1070628
[1] 0.277968
[1] 37
[1] 0.03607057
[1] 0.01732691
[1] "AdaLSE"
[1] -0.1748831
[1] 0.1172286
[1] "AdaLSE CI"
[1] 0.9189189
[1] 0.9459459
[1]  3 34
[1]  2 35
[1] "Fitting mean A"
[1] "Fitting variance A"
[1] "DR"
[1] -0.2146152
[1] 0.1145209
[1] "DR CI"
[1] 0.9189189
[1] 0.9189189
[1]  3 34
[1]  3 34
[1] "se comparison"
[1] 0.1098025
[1] 0.279273
[1] 38
[1] 0.03607057
[1] 0.01732691
[1] "AdaLSE"
[1] 0.1652414
[1] 0.09789545
[1] "AdaLSE CI"
[1] 0.9210526
[1] 0.9473684
[1]  3 35
[1]  2 36
[1] "Fitting mean A"
[1] "Fitting variance A"
[1] "DR"
[1] 0.1514294
[1] 0.0957485
[1] "DR CI"
[1] 0.9210526
[1] 0.9210526
[1]  3 35
[1]  3 35
[1] "se comparison"
[1] 0.111426
[1] 0.2755869
[1] 39
[1] 0.03607057
[1] 0.01732691
[1] "AdaLSE"
[1] 0.07153936
[1] 0.1143422
[1] "AdaLSE CI"
[1] 0.9230769
[1] 0.9487179
[1]  3 36
[1]  2 37
[1] "Fitting mean A"
[1] "Fitting variance A"
[1] "DR"
[1] 0.08434483
[1] 0.09760763
[1] "DR CI"
[1] 0.9230769
[1] 0.9230769
[1]  3 36
[1]  3 36
[1] "se comparison"
[1] 0.1104177
[1] 0.2719546
[1] 40
[1] 0.03607057
[1] 0.01732691
[1] "AdaLSE"
[1] 0.0288281
[1] 0.09884059
[1] "AdaLSE CI"
[1] 0.925
[1] 0.95
[1]  3 37
[1]  2 38
[1] "Fitting mean A"
[1] "Fitting variance A"
[1] "DR"
[1] 0.009549946
[1] 0.08809995
[1] "DR CI"
[1] 0.925
[1] 0.925
[1]  3 37
[1]  3 37
[1] "se comparison"
[1] 0.1090345
[1] 0.2688554
[1] 41
[1] 0.03607057
[1] 0.01732691
[1] "AdaLSE"
[1] 0.04672243
[1] 0.1154961
[1] "AdaLSE CI"
[1] 0.9268293
[1] 0.9512195
[1]  3 38
[1]  2 39
[1] "Fitting mean A"
[1] "Fitting variance A"
[1] "DR"
[1] 0.03351878
[1] 0.09698704
[1] "DR CI"
[1] 0.9268293
[1] 0.9268293
[1]  3 38
[1]  3 38
[1] "se comparison"
[1] 0.1078136
[1] 0.265683
[1] 42
[1] 0.03607057
[1] 0.01732691
[1] "AdaLSE"
[1] -0.1113607
[1] 0.1009557
[1] "AdaLSE CI"
[1] 0.9285714
[1] 0.952381
[1]  3 39
[1]  2 40
[1] "Fitting mean A"
[1] "Fitting variance A"
[1] "DR"
[1] -0.1204785
[1] 0.09213162
[1] "DR CI"
[1] 0.9285714
[1] 0.9285714
[1]  3 39
[1]  3 39
[1] "se comparison"
[1] 0.1081552
[1] 0.2646076
[1] 43
[1] 0.03607057
[1] 0.01732691
[1] "AdaLSE"
[1] 0.1037983
[1] 0.1111367
[1] "AdaLSE CI"
[1] 0.9302326
[1] 0.9534884
[1]  3 40
[1]  2 41
[1] "Fitting mean A"
[1] "Fitting variance A"
[1] "DR"
[1] 0.1625634
[1] 0.2431179
[1] "DR CI"
[1] 0.9302326
[1] 0.9302326
[1]  3 40
[1]  3 40
[1] "se comparison"
[1] 0.1078493
[1] 0.2616464
[1] 44
[1] 0.03607057
[1] 0.01732691
[1] "AdaLSE"
[1] -0.2626604
[1] 0.1059271
[1] "AdaLSE CI"
[1] 0.9090909
[1] 0.9318182
[1]  4 40
[1]  3 41
[1] "Fitting mean A"
[1] "Fitting variance A"
[1] "DR"
[1] 0.107159
[1] 0.4324451
[1] "DR CI"
[1] 0.9318182
[1] 0.9318182
[1]  3 41
[1]  3 41
[1] "se comparison"
[1] 0.1142633
[1] 0.2585918
[1] 45
[1] 0.03607057
[1] 0.01732691
[1] "AdaLSE"
[1] 0.04336462
[1] 0.09840854
[1] "AdaLSE CI"
[1] 0.9111111
[1] 0.9333333
[1]  4 41
[1]  3 42
[1] "Fitting mean A"
[1] "Fitting variance A"
[1] "DR"
[1] 0.1755414
[1] 0.1797942
[1] "DR CI"
[1] 0.9333333
[1] 0.9333333
[1]  3 42
[1]  3 42
[1] "se comparison"
[1] 0.1131079
[1] 0.2559109
[1] 46
[1] 0.03607057
[1] 0.01732691
[1] "AdaLSE"
[1] -0.1300928
[1] 0.1194726
[1] "AdaLSE CI"
[1] 0.9130435
[1] 0.9347826
[1]  4 42
[1]  3 43
[1] "Fitting mean A"
[1] "Fitting variance A"
[1] "DR"
[1] -0.0385597
[1] 0.1423459
[1] "DR CI"
[1] 0.9347826
[1] 0.9347826
[1]  3 43
[1]  3 43
[1] "se comparison"
[1] 0.1136067
[1] 0.253849
[1] 47
[1] 0.03607057
[1] 0.01732691
[1] "AdaLSE"
[1] -0.150768
[1] 0.1519747
[1] "AdaLSE CI"
[1] 0.9148936
[1] 0.9361702
[1]  4 43
[1]  3 44
[1] "Fitting mean A"
[1] "Fitting variance A"
[1] "DR"
[1] -0.1298662
[1] 0.2408952
[1] "DR CI"
[1] 0.9361702
[1] 0.9361702
[1]  3 44
[1]  3 44
[1] "se comparison"
[1] 0.114558
[1] 0.253205
[1] 48
[1] 0.03607057
[1] 0.01732691
[1] "AdaLSE"
[1] -0.252091
[1] 0.1052825
[1] "AdaLSE CI"
[1] 0.8958333
[1] 0.9166667
[1]  5 43
[1]  4 44
[1] "Fitting mean A"
[1] "Fitting variance A"
[1] "DR"
[1] 0.449785
[1] 0.4587195
[1] "DR CI"
[1] 0.9375
[1] 0.9375
[1]  3 45
[1]  3 45
[1] "se comparison"
[1] 0.1189827
[1] 0.2558213
[1] 49
[1] 0.03607057
[1] 0.01732691
[1] "AdaLSE"
[1] -0.1580283
[1] 0.1059416
[1] "AdaLSE CI"
[1] 0.8979592
[1] 0.9183673
[1]  5 44
[1]  4 45
[1] "Fitting mean A"
[1] "Fitting variance A"
[1] "DR"
[1] -0.1663136
[1] 0.08857997
[1] "DR CI"
[1] 0.9183673
[1] 0.9183673
[1]  4 45
[1]  4 45
[1] "se comparison"
[1] 0.119715
[1] 0.2559337
[1] 50
[1] 0.03607057
[1] 0.01732691
[1] "AdaLSE"
[1] -0.01485802
[1] 0.1111697
[1] "AdaLSE CI"
[1] 0.9
[1] 0.92
[1]  5 45
[1]  4 46
[1] "Fitting mean A"
[1] "Fitting variance A"
[1] "DR"
[1] 0.0206157
[1] 0.09099873
[1] "DR CI"
[1] 0.92
[1] 0.92
[1]  4 46
[1]  4 46
[1] "se comparison"
[1] 0.1184896
[1] 0.2535107
[1] 51
[1] 0.03607057
[1] 0.01732691
[1] "AdaLSE"
[1] 0.1335661
[1] 0.1152744
[1] "AdaLSE CI"
[1] 0.9019608
[1] 0.9215686
[1]  5 46
[1]  4 47
[1] "Fitting mean A"
[1] "Fitting variance A"
[1] "DR"
[1] 0.1113941
[1] 0.4038978
[1] "DR CI"
[1] 0.9215686
[1] 0.9215686
[1]  4 47
[1]  4 47
[1] "se comparison"
[1] 0.1189977
[1] 0.2509795
[1] 52
[1] 0.03607057
[1] 0.01732691
[1] "AdaLSE"
[1] -0.02985301
[1] 0.1016315
[1] "AdaLSE CI"
[1] 0.9038462
[1] 0.9230769
[1]  5 47
[1]  4 48
[1] "Fitting mean A"
[1] "Fitting variance A"
[1] "DR"
[1] -0.0572824
[1] 0.09382669
[1] "DR CI"
[1] 0.9230769
[1] 0.9230769
[1]  4 48
[1]  4 48
[1] "se comparison"
[1] 0.1178689
[1] 0.2493576
[1] 53
[1] 0.03607057
[1] 0.01732691
[1] "AdaLSE"
[1] -0.08691203
[1] 0.1153729
[1] "AdaLSE CI"
[1] 0.9056604
[1] 0.9245283
[1]  5 48
[1]  4 49
[1] "Fitting mean A"
[1] "Fitting variance A"
[1] "DR"
[1] -0.08045975
[1] 0.1015906
[1] "DR CI"
[1] 0.9245283
[1] 0.9245283
[1]  4 49
[1]  4 49
[1] "se comparison"
[1] 0.117243
[1] 0.2480338
[1] 54
[1] 0.03607057
[1] 0.01732691
[1] "AdaLSE"
[1] -0.07085947
[1] 0.1063109
[1] "AdaLSE CI"
[1] 0.9074074
[1] 0.9259259
[1]  5 49
[1]  4 50
[1] "Fitting mean A"
[1] "Fitting variance A"
[1] "DR"
[1] -0.3395077
[1] 0.287986
[1] "DR CI"
[1] 0.9259259
[1] 0.9259259
[1]  4 50
[1]  4 50
[1] "se comparison"
[1] 0.1164397
[1] 0.2523862
[1] 55
[1] 0.03607057
[1] 0.01732691
[1] "AdaLSE"
[1] 0.06828996
[1] 0.09279463
[1] "AdaLSE CI"
[1] 0.9090909
[1] 0.9272727
[1]  5 50
[1]  4 51
[1] "Fitting mean A"
[1] "Fitting variance A"
[1] "DR"
[1] 0.404341
[1] 0.646407
[1] "DR CI"
[1] 0.9272727
[1] 0.9272727
[1]  4 51
[1]  4 51
[1] "se comparison"
[1] 0.1158362
[1] 0.2538987
[1] 56
[1] 0.03607057
[1] 0.01732691
[1] "AdaLSE"
[1] -0.07730396
[1] 0.1153594
[1] "AdaLSE CI"
[1] 0.9107143
[1] 0.9285714
[1]  5 51
[1]  4 52
[1] "Fitting mean A"
[1] "Fitting variance A"
[1] "DR"
[1] -0.02356517
[1] 0.09793896
[1] "DR CI"
[1] 0.9285714
[1] 0.9285714
[1]  4 52
[1]  4 52
[1] "se comparison"
[1] 0.1151471
[1] 0.251984
[1] 57
[1] 0.03607057
[1] 0.01732691
[1] "AdaLSE"
[1] -0.1844423
[1] 0.111523
[1] "AdaLSE CI"
[1] 0.8947368
[1] 0.9298246
[1]  6 51
[1]  4 53
[1] "Fitting mean A"
[1] "Fitting variance A"
[1] "DR"
[1] 0.2579946
[1] 0.4056237
[1] "DR CI"
[1] 0.9298246
[1] 0.9298246
[1]  4 53
[1]  4 53
[1] "se comparison"
[1] 0.1164399
[1] 0.2508186
[1] 58
[1] 0.03607057
[1] 0.01732691
[1] "AdaLSE"
[1] -0.02803402
[1] 0.1136465
[1] "AdaLSE CI"
[1] 0.8965517
[1] 0.9310345
[1]  6 52
[1]  4 54
[1] "Fitting mean A"
[1] "Fitting variance A"
[1] "DR"
[1] 0.1901001
[1] 0.3924163
[1] "DR CI"
[1] 0.9310345
[1] 0.9310345
[1]  4 54
[1]  4 54
[1] "se comparison"
[1] 0.1154315
[1] 0.2489959
[1] 59
[1] 0.03607057
[1] 0.01732691
[1] "AdaLSE"
[1] 0.0009331069
[1] 0.1103995
[1] "AdaLSE CI"
[1] 0.8983051
[1] 0.9322034
[1]  6 53
[1]  4 55
[1] "Fitting mean A"
[1] "Fitting variance A"
[1] "DR"
[1] 0.09474254
[1] 0.1228363
[1] "DR CI"
[1] 0.9322034
[1] 0.9322034
[1]  4 55
[1]  4 55
[1] "se comparison"
[1] 0.1144464
[1] 0.2468426
[1] 60
[1] 0.03607057
[1] 0.01732691
[1] "AdaLSE"
[1] -0.02332359
[1] 0.1087232
[1] "AdaLSE CI"
[1] 0.9
[1] 0.9333333
[1]  6 54
[1]  4 56
[1] "Fitting mean A"
[1] "Fitting variance A"
[1] "DR"
[1] 0.1628625
[1] 0.2836325
[1] "DR CI"
[1] 0.9333333
[1] 0.9333333
[1]  4 56
[1]  4 56
[1] "se comparison"
[1] 0.1134806
[1] 0.244941
[1] 61
[1] 0.03607057
[1] 0.01732691
[1] "AdaLSE"
[1] -0.09796752
[1] 0.1377034
[1] "AdaLSE CI"
[1] 0.9016393
[1] 0.9344262
[1]  6 55
[1]  4 57
[1] "Fitting mean A"
[1] "Fitting variance A"
[1] "DR"
[1] 0.2193772
[1] 0.4382149
[1] "DR CI"
[1] 0.9344262
[1] 0.9344262
[1]  4 57
[1]  4 57
[1] "se comparison"
[1] 0.1130569
[1] 0.2434763
[1] 62
[1] 0.03607057
[1] 0.01732691
[1] "AdaLSE"
[1] -0.04388501
[1] 0.1127523
[1] "AdaLSE CI"
[1] 0.9032258
[1] 0.9354839
[1]  6 56
[1]  4 58
[1] "Fitting mean A"
[1] "Fitting variance A"
[1] "DR"
[1] -0.2445628
[1] 0.2110845
[1] "DR CI"
[1] 0.9354839
[1] 0.9354839
[1]  4 58
[1]  4 58
[1] "se comparison"
[1] 0.1121893
[1] 0.2451774
[1] 63
[1] 0.03607057
[1] 0.01732691
[1] "AdaLSE"
[1] -0.06490999
[1] 0.1126424
[1] "AdaLSE CI"
[1] 0.9047619
[1] 0.9365079
[1]  6 57
[1]  4 59
[1] "Fitting mean A"
[1] "Fitting variance A"
[1] "DR"
[1] -0.005762892
[1] 0.1139947
[1] "DR CI"
[1] 0.9365079
[1] 0.9365079
[1]  4 59
[1]  4 59
[1] "se comparison"
[1] 0.11146
[1] 0.2434572
[1] 64
[1] 0.03607057
[1] 0.01732691
[1] "AdaLSE"
[1] -0.1189954
[1] 0.1192139
[1] "AdaLSE CI"
[1] 0.90625
[1] 0.9375
[1]  6 58
[1]  4 60
[1] "Fitting mean A"
[1] "Fitting variance A"
[1] "DR"
[1] 0.5656348
[1] 0.7618346
[1] "DR CI"
[1] 0.9375
[1] 0.9375
[1]  4 60
[1]  4 60
[1] "se comparison"
[1] 0.1113251
[1] 0.2489394
[1] 65
[1] 0.03607057
[1] 0.01732691
[1] "AdaLSE"
[1] 0.08118685
[1] 0.09590169
[1] "AdaLSE CI"
[1] 0.9076923
[1] 0.9384615
[1]  6 59
[1]  4 61
[1] "Fitting mean A"
[1] "Fitting variance A"
[1] "DR"
[1] 0.08646799
[1] 0.0880427
[1] "DR CI"
[1] 0.9384615
[1] 0.9384615
[1]  4 61
[1]  4 61
[1] "se comparison"
[1] 0.1111238
[1] 0.2469874
[1] 66
[1] 0.03607057
[1] 0.01732691
[1] "AdaLSE"
[1] -0.02639566
[1] 0.10283
[1] "AdaLSE CI"
[1] 0.9090909
[1] 0.9393939
[1]  6 60
[1]  4 62
[1] "Fitting mean A"
[1] "Fitting variance A"
[1] "DR"
[1] -0.04852975
[1] 0.08116357
[1] "DR CI"
[1] 0.9393939
[1] 0.9393939
[1]  4 62
[1]  4 62
[1] "se comparison"
[1] 0.1102736
[1] 0.2456764
[1] 67
[1] 0.03607057
[1] 0.01732691
[1] "AdaLSE"
[1] 0.07746852
[1] 0.1130836
[1] "AdaLSE CI"
[1] 0.9104478
[1] 0.9402985
[1]  6 61
[1]  4 63
[1] "Fitting mean A"
[1] "Fitting variance A"
[1] "DR"
[1] 0.4027617
[1] 0.4788644
[1] "DR CI"
[1] 0.9402985
[1] 0.9402985
[1]  4 63
[1]  4 63
[1] "se comparison"
[1] 0.1100271
[1] 0.2468156
[1] 68
[1] 0.03607057
[1] 0.01732691
[1] "AdaLSE"
[1] 0.2805243
[1] 0.1026033
[1] "AdaLSE CI"
[1] 0.8970588
[1] 0.9264706
[1]  7 61
[1]  5 63
[1] "Fitting mean A"
[1] "Fitting variance A"
[1] "DR"
[1] 0.2714387
[1] 0.09401741
[1] "DR CI"
[1] 0.9264706
[1] 0.9264706
[1]  5 63
[1]  5 63
[1] "se comparison"
[1] 0.1149119
[1] 0.2459204
[1] 69
[1] 0.03607057
[1] 0.01732691
[1] "AdaLSE"
[1] -0.05997921
[1] 0.1151623
[1] "AdaLSE CI"
[1] 0.8985507
[1] 0.9275362
[1]  7 62
[1]  5 64
[1] "Fitting mean A"
[1] "Fitting variance A"
[1] "DR"
[1] 0.3619778
[1] 0.409513
[1] "DR CI"
[1] 0.9275362
[1] 0.9275362
[1]  5 64
[1]  5 64
[1] "se comparison"
[1] 0.1142217
[1] 0.246202
[1] 70
[1] 0.03607057
[1] 0.01732691
[1] "AdaLSE"
[1] 0.0005046658
[1] 0.1164142
[1] "AdaLSE CI"
[1] 0.9
[1] 0.9285714
[1]  7 63
[1]  5 65
[1] "Fitting mean A"
[1] "Fitting variance A"
[1] "DR"
[1] 0.06171878
[1] 0.3493165
[1] "DR CI"
[1] 0.9285714
[1] 0.9285714
[1]  5 65
[1]  5 65
[1] "se comparison"
[1] 0.1133991
[1] 0.2444532
[1] 71
[1] 0.03607057
[1] 0.01732691
[1] "AdaLSE"
[1] -0.174442
[1] 0.119828
[1] "AdaLSE CI"
[1] 0.9014085
[1] 0.9295775
[1]  7 64
[1]  5 66
[1] "Fitting mean A"
[1] "Fitting variance A"
[1] "DR"
[1] -0.1790749
[1] 0.1107079
[1] "DR CI"
[1] 0.9295775
[1] 0.9295775
[1]  5 66
[1]  5 66
[1] "se comparison"
[1] 0.1142517
[1] 0.2449338
[1] 72
[1] 0.03607057
[1] 0.01732691
[1] "AdaLSE"
[1] 0.02813395
[1] 0.1160815
[1] "AdaLSE CI"
[1] 0.9027778
[1] 0.9305556
[1]  7 65
[1]  5 67
[1] "Fitting mean A"
[1] "Fitting variance A"
[1] "DR"
[1] 0.06118945
[1] 0.2072854
[1] "DR CI"
[1] 0.9305556
[1] 0.9305556
[1]  5 67
[1]  5 67
[1] "se comparison"
[1] 0.1135476
[1] 0.2432355
[1] 73
[1] 0.03607057
[1] 0.01732691
[1] "AdaLSE"
[1] -0.0117685
[1] 0.1064991
[1] "AdaLSE CI"
[1] 0.9041096
[1] 0.9315068
[1]  7 66
[1]  5 68
[1] "Fitting mean A"
[1] "Fitting variance A"
[1] "DR"
[1] -0.09669892
[1] 0.2546193
[1] "DR CI"
[1] 0.9315068
[1] 0.9315068
[1]  5 68
[1]  5 68
[1] "se comparison"
[1] 0.1127564
[1] 0.2425758
[1] 74
[1] 0.03607057
[1] 0.01732691
[1] "AdaLSE"
[1] -0.1261503
[1] 0.1178905
[1] "AdaLSE CI"
[1] 0.9054054
[1] 0.9324324
[1]  7 67
[1]  5 69
[1] "Fitting mean A"
[1] "Fitting variance A"
[1] "DR"
[1] -0.1929685
[1] 0.9744084
[1] "DR CI"
[1] 0.9324324
[1] 0.9324324
[1]  5 69
[1]  5 69
[1] "se comparison"
[1] 0.1127595
[1] 0.243175
[1] 75
[1] 0.03607057
[1] 0.01732691
[1] "AdaLSE"
[1] -0.04582777
[1] 0.1059977
[1] "AdaLSE CI"
[1] 0.9066667
[1] 0.9333333
[1]  7 68
[1]  5 70
[1] "Fitting mean A"
[1] "Fitting variance A"
[1] "DR"
[1] 0.3694544
[1] 0.4637412
[1] "DR CI"
[1] 0.9333333
[1] 0.9333333
[1]  5 70
[1]  5 70
[1] "se comparison"
[1] 0.1120556
[1] 0.2437013
[1] 76
[1] 0.03607057
[1] 0.01732691
[1] "AdaLSE"
[1] 0.01420073
[1] 0.1048889
[1] "AdaLSE CI"
[1] 0.9078947
[1] 0.9342105
[1]  7 69
[1]  5 71
[1] "Fitting mean A"
[1] "Fitting variance A"
[1] "DR"
[1] 0.0441205
[1] 0.1038434
[1] "DR CI"
[1] 0.9342105
[1] 0.9342105
[1]  5 71
[1]  5 71
[1] "se comparison"
[1] 0.1113543
[1] 0.2421331
[1] 77
[1] 0.03607057
[1] 0.01732691
[1] "AdaLSE"
[1] 0.02067908
[1] 0.1184403
[1] "AdaLSE CI"
[1] 0.9090909
[1] 0.9350649
[1]  7 70
[1]  5 72
[1] "Fitting mean A"
[1] "Fitting variance A"
[1] "DR"
[1] 0.00671022
[1] 0.2247981
[1] "DR CI"
[1] 0.9350649
[1] 0.9350649
[1]  5 72
[1]  5 72
[1] "se comparison"
[1] 0.1106897
[1] 0.2407277
[1] 78
[1] 0.03607057
[1] 0.01732691
[1] "AdaLSE"
[1] 0.03411457
[1] 0.1086187
[1] "AdaLSE CI"
[1] 0.9102564
[1] 0.9358974
[1]  7 71
[1]  5 73
[1] "Fitting mean A"
[1] "Fitting variance A"
[1] "DR"
[1] 0.01351698
[1] 0.08810897
[1] "DR CI"
[1] 0.9358974
[1] 0.9358974
[1]  5 73
[1]  5 73
[1] "se comparison"
[1] 0.1101008
[1] 0.2393167
[1] 79
[1] 0.03607057
[1] 0.01732691
[1] "AdaLSE"
[1] -0.1116197
[1] 0.1139667
[1] "AdaLSE CI"
[1] 0.9113924
[1] 0.9367089
[1]  7 72
[1]  5 74
[1] "Fitting mean A"
[1] "Fitting variance A"
[1] "DR"
[1] 0.8945972
[1] 0.9396004
[1] "DR CI"
[1] 0.9367089
[1] 0.9367089
[1]  5 74
[1]  5 74
[1] "se comparison"
[1] 0.109955
[1] 0.2544603
[1] 80
[1] 0.03607057
[1] 0.01732691
[1] "AdaLSE"
[1] 0.1937141
[1] 0.1259586
[1] "AdaLSE CI"
[1] 0.9125
[1] 0.9375
[1]  7 73
[1]  5 75
[1] "Fitting mean A"
[1] "Fitting variance A"
[1] "DR"
[1] 0.2336303
[1] 0.1267197
[1] "DR CI"
[1] 0.9375
[1] 0.9375
[1]  5 75
[1]  5 75
[1] "se comparison"
[1] 0.1117016
[1] 0.25329
[1] 81
[1] 0.03607057
[1] 0.01732691
[1] "AdaLSE"
[1] -0.1097372
[1] 0.1149689
[1] "AdaLSE CI"
[1] 0.9135802
[1] 0.9382716
[1]  7 74
[1]  5 76
[1] "Fitting mean A"
[1] "Fitting variance A"
[1] "DR"
[1] -0.08600948
[1] 0.08517244
[1] "DR CI"
[1] 0.9382716
[1] 0.9382716
[1]  5 76
[1]  5 76
[1] "se comparison"
[1] 0.1115359
[1] 0.2525584
[1] 82
[1] 0.03607057
[1] 0.01732691
[1] "AdaLSE"
[1] -0.1302564
[1] 0.1088908
[1] "AdaLSE CI"
[1] 0.9146341
[1] 0.9390244
[1]  7 75
[1]  5 77
[1] "Fitting mean A"
[1] "Fitting variance A"
[1] "DR"
[1] -0.03140883
[1] 0.1375298
[1] "DR CI"
[1] 0.9390244
[1] 0.9390244
[1]  5 77
[1]  5 77
[1] "se comparison"
[1] 0.1116019
[1] 0.2514056
[1] 83
[1] 0.03607057
[1] 0.01732691
[1] "AdaLSE"
[1] 0.1161317
[1] 0.1063426
[1] "AdaLSE CI"
[1] 0.9156627
[1] 0.939759
[1]  7 76
[1]  5 78
[1] "Fitting mean A"
[1] "Fitting variance A"
[1] "DR"
[1] 0.09758273
[1] 0.09033674
[1] "DR CI"
[1] 0.939759
[1] 0.939759
[1]  5 78
[1]  5 78
[1] "se comparison"
[1] 0.1118382
[1] 0.249868
[1] 84
[1] 0.03607057
[1] 0.01732691
[1] "AdaLSE"
[1] -0.07218813
[1] 0.1083195
[1] "AdaLSE CI"
[1] 0.9166667
[1] 0.9404762
[1]  7 77
[1]  5 79
[1] "Fitting mean A"
[1] "Fitting variance A"
[1] "DR"
[1] 0.269212
[1] 0.6904477
[1] "DR CI"
[1] 0.9404762
[1] 0.9404762
[1]  5 79
[1]  5 79
[1] "se comparison"
[1] 0.1113521
[1] 0.2490668
[1] 85
[1] 0.03607057
[1] 0.01732691
[1] "AdaLSE"
[1] 0.223374
[1] 0.1153725
[1] "AdaLSE CI"
[1] 0.9176471
[1] 0.9411765
[1]  7 78
[1]  5 80
[1] "Fitting mean A"
[1] "Fitting variance A"
[1] "DR"
[1] 0.2118423
[1] 0.1672341
[1] "DR CI"
[1] 0.9411765
[1] 0.9411765
[1]  5 80
[1]  5 80
[1] "se comparison"
[1] 0.1136264
[1] 0.2478812
[1] 86
[1] 0.03607057
[1] 0.01732691
[1] "AdaLSE"
[1] -0.2017892
[1] 0.1045718
[1] "AdaLSE CI"
[1] 0.9069767
[1] 0.9302326
[1]  8 78
[1]  6 80
[1] "Fitting mean A"
[1] "Fitting variance A"
[1] "DR"
[1] -0.2875809
[1] 0.1335941
[1] "DR CI"
[1] 0.9302326
[1] 0.9302326
[1]  6 80
[1]  6 80
[1] "se comparison"
[1] 0.1148227
[1] 0.2499471
[1] 87
[1] 0.03607057
[1] 0.01732691
[1] "AdaLSE"
[1] -0.0612107
[1] 0.1074734
[1] "AdaLSE CI"
[1] 0.908046
[1] 0.9310345
[1]  8 79
[1]  6 81
[1] "Fitting mean A"
[1] "Fitting variance A"
[1] "DR"
[1] 0.1972994
[1] 0.2906422
[1] "DR CI"
[1] 0.9310345
[1] 0.9310345
[1]  6 81
[1]  6 81
[1] "se comparison"
[1] 0.1142712
[1] 0.2487269
[1] 88
[1] 0.03607057
[1] 0.01732691
[1] "AdaLSE"
[1] 0.01854922
[1] 0.1170261
[1] "AdaLSE CI"
[1] 0.9090909
[1] 0.9318182
[1]  8 80
[1]  6 82
[1] "Fitting mean A"
[1] "Fitting variance A"
[1] "DR"
[1] 1.099979
[1] 0.9304049
[1] "DR CI"
[1] 0.9318182
[1] 0.9318182
[1]  6 82
[1]  6 82
[1] "se comparison"
[1] 0.1136634
[1] 0.2694098
[1] 89
[1] 0.03607057
[1] 0.01732691
[1] "AdaLSE"
[1] 0.01122263
[1] 0.1153796
[1] "AdaLSE CI"
[1] 0.9101124
[1] 0.9325843
[1]  8 81
[1]  6 83
[1] "Fitting mean A"
[1] "Fitting variance A"
[1] "DR"
[1] 0.1809102
[1] 0.1421526
[1] "DR CI"
[1] 0.9325843
[1] 0.9325843
[1]  6 83
[1]  6 83
[1] "se comparison"
[1] 0.1130449
[1] 0.2679845
[1] 90
[1] 0.03607057
[1] 0.01732691
[1] "AdaLSE"
[1] -0.1348803
[1] 0.1160583
[1] "AdaLSE CI"
[1] 0.9111111
[1] 0.9333333
[1]  8 82
[1]  6 84
[1] "Fitting mean A"
[1] "Fitting variance A"
[1] "DR"
[1] -0.1527714
[1] 0.0880482
[1] "DR CI"
[1] 0.9222222
[1] 0.9333333
[1]  7 83
[1]  6 84
[1] "se comparison"
[1] 0.1131432
[1] 0.2679035
[1] 91
[1] 0.03607057
[1] 0.01732691
[1] "AdaLSE"
[1] -0.04817613
[1] 0.1013159
[1] "AdaLSE CI"
[1] 0.9120879
[1] 0.9340659
[1]  8 83
[1]  6 85
[1] "Fitting mean A"
[1] "Fitting variance A"
[1] "DR"
[1] -0.009197255
[1] 0.2006337
[1] "DR CI"
[1] 0.9230769
[1] 0.9340659
[1]  7 84
[1]  6 85
[1] "se comparison"
[1] 0.1125697
[1] 0.2666868
[1] 92
[1] 0.03607057
[1] 0.01732691
[1] "AdaLSE"
[1] 0.08455395
[1] 0.1046391
[1] "AdaLSE CI"
[1] 0.9130435
[1] 0.9347826
[1]  8 84
[1]  6 86
[1] "Fitting mean A"
[1] "Fitting variance A"
[1] "DR"
[1] 0.1757502
[1] 0.1159687
[1] "DR CI"
[1] 0.923913
[1] 0.9347826
[1]  7 85
[1]  6 86
[1] "se comparison"
[1] 0.1124243
[1] 0.2653194
[1] 93
[1] 0.03607057
[1] 0.01732691
[1] "AdaLSE"
[1] -0.1172344
[1] 0.1090376
[1] "AdaLSE CI"
[1] 0.9139785
[1] 0.9354839
[1]  8 85
[1]  6 87
[1] "Fitting mean A"
[1] "Fitting variance A"
[1] "DR"
[1] 0.1388743
[1] 0.2561334
[1] "DR CI"
[1] 0.9247312
[1] 0.9354839
[1]  7 86
[1]  6 87
[1] "se comparison"
[1] 0.1123291
[1] 0.2638956
[1] 94
[1] 0.03607057
[1] 0.01732691
[1] "AdaLSE"
[1] -0.07071403
[1] 0.1064021
[1] "AdaLSE CI"
[1] 0.9148936
[1] 0.9361702
[1]  8 86
[1]  6 88
[1] "Fitting mean A"
[1] "Fitting variance A"
[1] "DR"
[1] -0.05589608
[1] 0.1460313
[1] "DR CI"
[1] 0.9255319
[1] 0.9361702
[1]  7 87
[1]  6 88
[1] "se comparison"
[1] 0.111874
[1] 0.2630057
[1] 95
[1] 0.03607057
[1] 0.01732691
[1] "AdaLSE"
[1] -0.02682863
[1] 0.1039002
[1] "AdaLSE CI"
[1] 0.9157895
[1] 0.9368421
[1]  8 87
[1]  6 89
[1] "Fitting mean A"
[1] "Fitting variance A"
[1] "DR"
[1] -0.08299951
[1] 0.291798
[1] "DR CI"
[1] 0.9263158
[1] 0.9368421
[1]  7 88
[1]  6 89
[1] "se comparison"
[1] 0.1112839
[1] 0.2623099
[1] 96
[1] 0.03607057
[1] 0.01732691
[1] "AdaLSE"
[1] 0.1522108
[1] 0.1125435
[1] "AdaLSE CI"
[1] 0.9166667
[1] 0.9375
[1]  8 88
[1]  6 90
[1] "Fitting mean A"
[1] "Fitting variance A"
[1] "DR"
[1] 0.1480314
[1] 0.08866262
[1] "DR CI"
[1] 0.9270833
[1] 0.9375
[1]  7 89
[1]  6 90
[1] "se comparison"
[1] 0.1120076
[1] 0.2609669
[1] 97
[1] 0.03607057
[1] 0.01732691
[1] "AdaLSE"
[1] 0.0007077867
[1] 0.09676754
[1] "AdaLSE CI"
[1] 0.9175258
[1] 0.9381443
[1]  8 89
[1]  6 91
[1] "Fitting mean A"
[1] "Fitting variance A"
[1] "DR"
[1] -0.005945743
[1] 0.08287075
[1] "DR CI"
[1] 0.9278351
[1] 0.9381443
[1]  7 90
[1]  6 91
[1] "se comparison"
[1] 0.111432
[1] 0.2598401
[1] 98
[1] 0.03607057
[1] 0.01732691
[1] "AdaLSE"
[1] -0.01157983
[1] 0.1232428
[1] "AdaLSE CI"
[1] 0.9183673
[1] 0.9387755
[1]  8 90
[1]  6 92
[1] "Fitting mean A"
[1] "Fitting variance A"
[1] "DR"
[1] 0.03359857
[1] 0.1880647
[1] "DR CI"
[1] 0.9285714
[1] 0.9387755
[1]  7 91
[1]  6 92
[1] "se comparison"
[1] 0.1108563
[1] 0.2585894
[1] 99
[1] 0.03607057
[1] 0.01732691
[1] "AdaLSE"
[1] -0.05449122
[1] 0.1098792
[1] "AdaLSE CI"
[1] 0.9191919
[1] 0.9393939
[1]  8 91
[1]  6 93
[1] "Fitting mean A"
[1] "Fitting variance A"
[1] "DR"
[1] 0.3488444
[1] 0.5636054
[1] "DR CI"
[1] 0.9292929
[1] 0.9393939
[1]  7 92
[1]  6 93
[1] "se comparison"
[1] 0.1103669
[1] 0.2584672
[1] 100
[1] 0.03607057
[1] 0.01732691
[1] "AdaLSE"
[1] -0.0807069
[1] 0.1075943
[1] "AdaLSE CI"
[1] 0.92
[1] 0.94
[1]  8 92
[1]  6 94
[1] "Fitting mean A"
[1] "Fitting variance A"
[1] "DR"
[1] 0.1098515
[1] 0.3472098
[1] "DR CI"
[1] 0.93
[1] 0.94
[1]  7 93
[1]  6 94
[1] "se comparison"
[1] 0.1100122
[1] 0.2571593
