LOADING R
R LOADED
[1] "/home/lvanderl/Rlibs2"                         
[2] "/app/software/R/4.2.2-foss-2021b/lib/R/library"
[1] "/home/lvanderl/sieveSims"
[1] 1
[1] -0.001276356
[1] 0.0188383
[1] "AdaLSE"
[1] -0.008906686
[1] 0.09334153
[1] "AdaLSE CI"
[1] 1
[1] 1
[1] 1
[1] 1
[1] "Fitting mean A"
[1] "Fitting variance A"
[1] "DR"
[1] -0.03598655
[1] 0.08342299
[1] "DR CI"
[1] 1
[1] 1
[1] 1
[1] 1
[1] "se comparison"
[1] NA
[1] NA
[1] 2
[1] -0.001276356
[1] 0.0188383
[1] "AdaLSE"
[1] 0.1113625
[1] 0.09223059
[1] "AdaLSE CI"
[1] 1
[1] 1
[1] 2
[1] 2
[1] "Fitting mean A"
[1] "Fitting variance A"
[1] "DR"
[1] 0.0827855
[1] 0.06814381
[1] "DR CI"
[1] 1
[1] 1
[1] 2
[1] 2
[1] "se comparison"
[1] 0.08504314
[1] 0.08398452
[1] 3
[1] -0.001276356
[1] 0.0188383
[1] "AdaLSE"
[1] 0.1195358
[1] 0.1057446
[1] "AdaLSE CI"
[1] 1
[1] 1
[1] 3
[1] 3
[1] "Fitting mean A"
[1] "Fitting variance A"
[1] "DR"
[1] 0.03542542
[1] 0.07406661
[1] "DR CI"
[1] 1
[1] 1
[1] 3
[1] 3
[1] "se comparison"
[1] 0.07191309
[1] 0.05979053
[1] 4
[1] -0.001276356
[1] 0.0188383
[1] "AdaLSE"
[1] 0.1687457
[1] 0.09647234
[1] "AdaLSE CI"
[1] 1
[1] 1
[1] 4
[1] 4
[1] "Fitting mean A"
[1] "Fitting variance A"
[1] "DR"
[1] 0.1336554
[1] 0.0817842
[1] "DR CI"
[1] 1
[1] 1
[1] 4
[1] 4
[1] "se comparison"
[1] 0.07544521
[1] 0.07214841
[1] 5
[1] -0.001276356
[1] 0.0188383
[1] "AdaLSE"
[1] 0.004762974
[1] 0.09955338
[1] "AdaLSE CI"
[1] 1
[1] 1
[1] 5
[1] 5
[1] "Fitting mean A"
[1] "Fitting variance A"
[1] "DR"
[1] -0.01703341
[1] 0.08519325
[1] "DR CI"
[1] 1
[1] 1
[1] 5
[1] 5
[1] "se comparison"
[1] 0.07743294
[1] 0.07008808
[1] 6
[1] -0.001276356
[1] 0.0188383
[1] "AdaLSE"
[1] 0.2847165
[1] 0.08011441
[1] "AdaLSE CI"
[1] 0.8333333
[1] 0.8333333
[1] 1 5
[1] 1 5
[1] "Fitting mean A"
[1] "Fitting variance A"
[1] "DR"
[1] 0.2181343
[1] 0.07157098
[1] "DR CI"
[1] 0.8333333
[1] 0.8333333
[1] 1 5
[1] 1 5
[1] "se comparison"
[1] 0.1088257
[1] 0.09608444
[1] 7
[1] -0.001276356
[1] 0.0188383
[1] "AdaLSE"
[1] 0.06194038
[1] 0.07261592
[1] "AdaLSE CI"
[1] 0.8571429
[1] 0.8571429
[1] 1 6
[1] 1 6
[1] "Fitting mean A"
[1] "Fitting variance A"
[1] "DR"
[1] 0.03385867
[1] 0.06108235
[1] "DR CI"
[1] 0.8571429
[1] 0.8571429
[1] 1 6
[1] 1 6
[1] "se comparison"
[1] 0.1012277
[1] 0.08874094
[1] 8
[1] -0.001276356
[1] 0.0188383
[1] "AdaLSE"
[1] -0.0562087
[1] 0.1007435
[1] "AdaLSE CI"
[1] 0.875
[1] 0.875
[1] 1 7
[1] 1 7
[1] "Fitting mean A"
[1] "Fitting variance A"
[1] "DR"
[1] -0.09481064
[1] 0.07678641
[1] "DR CI"
[1] 0.875
[1] 0.875
[1] 1 7
[1] 1 7
[1] "se comparison"
[1] 0.1098775
[1] 0.09959261
[1] 9
[1] -0.001276356
[1] 0.0188383
[1] "AdaLSE"
[1] -0.0633176
[1] 0.08680578
[1] "AdaLSE CI"
[1] 0.8888889
[1] 0.8888889
[1] 1 8
[1] 1 8
[1] "Fitting mean A"
[1] "Fitting variance A"
[1] "DR"
[1] -0.1024615
[1] 0.07554743
[1] "DR CI"
[1] 0.8888889
[1] 0.8888889
[1] 1 8
[1] 1 8
[1] "se comparison"
[1] 0.114161
[1] 0.1052555
[1] 10
[1] -0.001276356
[1] 0.0188383
[1] "AdaLSE"
[1] 0.08754274
[1] 0.0934549
[1] "AdaLSE CI"
[1] 0.9
[1] 0.9
[1] 1 9
[1] 1 9
[1] "Fitting mean A"
[1] "Fitting variance A"
[1] "DR"
[1] 0.02393784
[1] 0.07863496
[1] "DR CI"
[1] 0.9
[1] 0.9
[1] 1 9
[1] 1 9
[1] "se comparison"
[1] 0.1077885
[1] 0.09924484
[1] 11
[1] -0.001276356
[1] 0.0188383
[1] "AdaLSE"
[1] 0.008466331
[1] 0.09513993
[1] "AdaLSE CI"
[1] 0.9090909
[1] 0.9090909
[1]  1 10
[1]  1 10
[1] "Fitting mean A"
[1] "Fitting variance A"
[1] "DR"
[1] 0.00945942
[1] 0.08517705
[1] "DR CI"
[1] 0.9090909
[1] 0.9090909
[1]  1 10
[1]  1 10
[1] "se comparison"
[1] 0.1039818
[1] 0.0943133
[1] 12
[1] -0.001276356
[1] 0.0188383
[1] "AdaLSE"
[1] 0.1536785
[1] 0.08733089
[1] "AdaLSE CI"
[1] 0.9166667
[1] 0.9166667
[1]  1 11
[1]  1 11
[1] "Fitting mean A"
[1] "Fitting variance A"
[1] "DR"
[1] 0.1090541
[1] 0.07358087
[1] "DR CI"
[1] 0.9166667
[1] 0.9166667
[1]  1 11
[1]  1 11
[1] "se comparison"
[1] 0.1023706
[1] 0.09305903
[1] 13
[1] -0.001276356
[1] 0.0188383
[1] "AdaLSE"
[1] 0.02147165
[1] 0.07939322
[1] "AdaLSE CI"
[1] 0.9230769
[1] 0.9230769
[1]  1 12
[1]  1 12
[1] "Fitting mean A"
[1] "Fitting variance A"
[1] "DR"
[1] -0.01927388
[1] 0.06088267
[1] "DR CI"
[1] 0.9230769
[1] 0.9230769
[1]  1 12
[1]  1 12
[1] "se comparison"
[1] 0.09903655
[1] 0.09026919
[1] 14
[1] -0.001276356
[1] 0.0188383
[1] "AdaLSE"
[1] -0.1321044
[1] 0.08047087
[1] "AdaLSE CI"
[1] 0.9285714
[1] 0.9285714
[1]  1 13
[1]  1 13
[1] "Fitting mean A"
[1] "Fitting variance A"
[1] "DR"
[1] -0.1395398
[1] 0.06814268
[1] "DR CI"
[1] 0.8571429
[1] 0.8571429
[1]  2 12
[1]  2 12
[1] "se comparison"
[1] 0.1092495
[1] 0.09772523
[1] 15
[1] -0.001276356
[1] 0.0188383
[1] "AdaLSE"
[1] 0.03600499
[1] 0.09022357
[1] "AdaLSE CI"
[1] 0.9333333
[1] 0.9333333
[1]  1 14
[1]  1 14
[1] "Fitting mean A"
[1] "Fitting variance A"
[1] "DR"
[1] -0.01178743
[1] 0.068008
[1] "DR CI"
[1] 0.8666667
[1] 0.8666667
[1]  2 13
[1]  2 13
[1] "se comparison"
[1] 0.1053826
[1] 0.09446212
[1] 16
[1] -0.001276356
[1] 0.0188383
[1] "AdaLSE"
[1] 0.05840879
[1] 0.09595009
[1] "AdaLSE CI"
[1] 0.9375
[1] 0.9375
[1]  1 15
[1]  1 15
[1] "Fitting mean A"
[1] "Fitting variance A"
[1] "DR"
[1] -0.003685895
[1] 0.07837892
[1] "DR CI"
[1] 0.875
[1] 0.875
[1]  2 14
[1]  2 14
[1] "se comparison"
[1] 0.1018177
[1] 0.09137892
[1] 17
[1] -0.001276356
[1] 0.0188383
[1] "AdaLSE"
[1] 0.009971172
[1] 0.1133143
[1] "AdaLSE CI"
[1] 0.9411765
[1] 0.9411765
[1]  1 16
[1]  1 16
[1] "Fitting mean A"
[1] "Fitting variance A"
[1] "DR"
[1] -0.05942358
[1] 0.07546644
[1] "DR CI"
[1] 0.8823529
[1] 0.8823529
[1]  2 15
[1]  2 15
[1] "se comparison"
[1] 0.09914836
[1] 0.09024478
[1] 18
[1] -0.001276356
[1] 0.0188383
[1] "AdaLSE"
[1] 0.2345861
[1] 0.1008766
[1] "AdaLSE CI"
[1] 0.8888889
[1] 0.8888889
[1]  2 16
[1]  2 16
[1] "Fitting mean A"
[1] "Fitting variance A"
[1] "DR"
[1] 0.1824661
[1] 0.08026999
[1] "DR CI"
[1] 0.8333333
[1] 0.8333333
[1]  3 15
[1]  3 15
[1] "se comparison"
[1] 0.1054784
[1] 0.09657232
[1] 19
[1] -0.001276356
[1] 0.0188383
[1] "AdaLSE"
[1] -0.1645979
[1] 0.08383463
[1] "AdaLSE CI"
[1] 0.8947368
[1] 0.8421053
[1]  2 17
[1]  3 16
[1] "Fitting mean A"
[1] "Fitting variance A"
[1] "DR"
[1] -0.184819
[1] 0.07431854
[1] "DR CI"
[1] 0.7894737
[1] 0.7894737
[1]  4 15
[1]  4 15
[1] "se comparison"
[1] 0.1148467
[1] 0.1048705
[1] 20
[1] -0.001276356
[1] 0.0188383
[1] "AdaLSE"
[1] -0.01558512
[1] 0.08465491
[1] "AdaLSE CI"
[1] 0.9
[1] 0.85
[1]  2 18
[1]  3 17
[1] "Fitting mean A"
[1] "Fitting variance A"
[1] "DR"
[1] -0.0137214
[1] 0.0690993
[1] "DR CI"
[1] 0.8
[1] 0.8
[1]  4 16
[1]  4 16
[1] "se comparison"
[1] 0.1127202
[1] 0.1021935
[1] 21
[1] -0.001276356
[1] 0.0188383
[1] "AdaLSE"
[1] -0.02931352
[1] 0.1030323
[1] "AdaLSE CI"
[1] 0.9047619
[1] 0.8571429
[1]  2 19
[1]  3 18
[1] "Fitting mean A"
[1] "Fitting variance A"
[1] "DR"
[1] -0.07454977
[1] 0.06874545
[1] "DR CI"
[1] 0.8095238
[1] 0.8095238
[1]  4 17
[1]  4 17
[1] "se comparison"
[1] 0.1110892
[1] 0.1011951
[1] 22
[1] -0.001276356
[1] 0.0188383
[1] "AdaLSE"
[1] -0.03285549
[1] 0.08550537
[1] "AdaLSE CI"
[1] 0.9090909
[1] 0.8636364
[1]  2 20
[1]  3 19
[1] "Fitting mean A"
[1] "Fitting variance A"
[1] "DR"
[1] -0.09236926
[1] 0.06935911
[1] "DR CI"
[1] 0.8181818
[1] 0.8181818
[1]  4 18
[1]  4 18
[1] "se comparison"
[1] 0.109594
[1] 0.1008455
[1] 23
[1] -0.001276356
[1] 0.0188383
[1] "AdaLSE"
[1] -0.03361966
[1] 0.09162798
[1] "AdaLSE CI"
[1] 0.9130435
[1] 0.8695652
[1]  2 21
[1]  3 20
[1] "Fitting mean A"
[1] "Fitting variance A"
[1] "DR"
[1] -0.03369451
[1] 0.07196863
[1] "DR CI"
[1] 0.826087
[1] 0.826087
[1]  4 19
[1]  4 19
[1] "se comparison"
[1] 0.10814
[1] 0.09876333
[1] 24
[1] -0.001276356
[1] 0.0188383
[1] "AdaLSE"
[1] 0.1227176
[1] 0.08697996
[1] "AdaLSE CI"
[1] 0.9166667
[1] 0.875
[1]  2 22
[1]  3 21
[1] "Fitting mean A"
[1] "Fitting variance A"
[1] "DR"
[1] 0.09670221
[1] 0.07506122
[1] "DR CI"
[1] 0.8333333
[1] 0.8333333
[1]  4 20
[1]  4 20
[1] "se comparison"
[1] 0.1072389
[1] 0.09868649
[1] 25
[1] -0.001276356
[1] 0.0188383
[1] "AdaLSE"
[1] -0.0237291
[1] 0.09325375
[1] "AdaLSE CI"
[1] 0.92
[1] 0.88
[1]  2 23
[1]  3 22
[1] "Fitting mean A"
[1] "Fitting variance A"
[1] "DR"
[1] -0.08336674
[1] 0.08049695
[1] "DR CI"
[1] 0.84
[1] 0.84
[1]  4 21
[1]  4 21
[1] "se comparison"
[1] 0.1057393
[1] 0.09809749
[1] 26
[1] -0.001276356
[1] 0.0188383
[1] "AdaLSE"
[1] 0.1623653
[1] 0.08054293
[1] "AdaLSE CI"
[1] 0.8846154
[1] 0.8846154
[1]  3 23
[1]  3 23
[1] "Fitting mean A"
[1] "Fitting variance A"
[1] "DR"
[1] 0.1579176
[1] 0.06985235
[1] "DR CI"
[1] 0.8076923
[1] 0.8076923
[1]  5 21
[1]  5 21
[1] "se comparison"
[1] 0.1064827
[1] 0.1010811
[1] 27
[1] -0.001276356
[1] 0.0188383
[1] "AdaLSE"
[1] 0.04685349
[1] 0.09611243
[1] "AdaLSE CI"
[1] 0.8888889
[1] 0.8888889
[1]  3 24
[1]  3 24
[1] "Fitting mean A"
[1] "Fitting variance A"
[1] "DR"
[1] 0.01317177
[1] 0.07394
[1] "DR CI"
[1] 0.8148148
[1] 0.8148148
[1]  5 22
[1]  5 22
[1] "se comparison"
[1] 0.1044195
[1] 0.09913226
[1] 28
[1] -0.001276356
[1] 0.0188383
[1] "AdaLSE"
[1] -0.08179633
[1] 0.07647902
[1] "AdaLSE CI"
[1] 0.8928571
[1] 0.8928571
[1]  3 25
[1]  3 25
[1] "Fitting mean A"
[1] "Fitting variance A"
[1] "DR"
[1] -0.08198067
[1] 0.07161227
[1] "DR CI"
[1] 0.8214286
[1] 0.8214286
[1]  5 23
[1]  5 23
[1] "se comparison"
[1] 0.1051027
[1] 0.0986524
[1] 29
[1] -0.001276356
[1] 0.0188383
[1] "AdaLSE"
[1] -0.1847791
[1] 0.07005633
[1] "AdaLSE CI"
[1] 0.862069
[1] 0.862069
[1]  4 25
[1]  4 25
[1] "Fitting mean A"
[1] "Fitting variance A"
[1] "DR"
[1] -0.181279
[1] 0.06117463
[1] "DR CI"
[1] 0.7931034
[1] 0.7931034
[1]  6 23
[1]  6 23
[1] "se comparison"
[1] 0.1111592
[1] 0.1026618
[1] 30
[1] -0.001276356
[1] 0.0188383
[1] "AdaLSE"
[1] 0.1689771
[1] 0.1011177
[1] "AdaLSE CI"
[1] 0.8666667
[1] 0.8666667
[1]  4 26
[1]  4 26
[1] "Fitting mean A"
[1] "Fitting variance A"
[1] "DR"
[1] 0.1322612
[1] 0.07447081
[1] "DR CI"
[1] 0.8
[1] 0.8
[1]  6 24
[1]  6 24
[1] "se comparison"
[1] 0.1121396
[1] 0.1039246
[1] 31
[1] -0.001276356
[1] 0.0188383
[1] "AdaLSE"
[1] 0.1938865
[1] 0.08595746
[1] "AdaLSE CI"
[1] 0.8387097
[1] 0.8387097
[1]  5 26
[1]  5 26
[1] "Fitting mean A"
[1] "Fitting variance A"
[1] "DR"
[1] 0.1679024
[1] 0.07202057
[1] "DR CI"
[1] 0.7741935
[1] 0.7741935
[1]  7 24
[1]  7 24
[1] "se comparison"
[1] 0.1139101
[1] 0.1065367
[1] 32
[1] -0.001276356
[1] 0.0188383
[1] "AdaLSE"
[1] -0.07902733
[1] 0.08817088
[1] "AdaLSE CI"
[1] 0.84375
[1] 0.84375
[1]  5 27
[1]  5 27
[1] "Fitting mean A"
[1] "Fitting variance A"
[1] "DR"
[1] -0.1569348
[1] 0.08326822
[1] "DR CI"
[1] 0.78125
[1] 0.75
[1]  7 25
[1]  8 24
[1] "se comparison"
[1] 0.1140047
[1] 0.1086614
[1] 33
[1] -0.001276356
[1] 0.0188383
[1] "AdaLSE"
[1] 0.04686625
[1] 0.09096382
[1] "AdaLSE CI"
[1] 0.8484848
[1] 0.8484848
[1]  5 28
[1]  5 28
[1] "Fitting mean A"
[1] "Fitting variance A"
[1] "DR"
[1] 0.04534941
[1] 0.08553821
[1] "DR CI"
[1] 0.7878788
[1] 0.7575758
[1]  7 26
[1]  8 25
[1] "se comparison"
[1] 0.1122254
[1] 0.107237
[1] 34
[1] -0.001276356
[1] 0.0188383
[1] "AdaLSE"
[1] 0.3084613
[1] 0.07190111
[1] "AdaLSE CI"
[1] 0.8235294
[1] 0.8235294
[1]  6 28
[1]  6 28
[1] "Fitting mean A"
[1] "Fitting variance A"
[1] "DR"
[1] 0.2963128
[1] 0.06587979
[1] "DR CI"
[1] 0.7647059
[1] 0.7352941
[1]  8 26
[1]  9 25
[1] "se comparison"
[1] 0.1199662
[1] 0.1170664
[1] 35
[1] -0.001276356
[1] 0.0188383
[1] "AdaLSE"
[1] 0.008877765
[1] 0.07936098
[1] "AdaLSE CI"
[1] 0.8285714
[1] 0.8285714
[1]  6 29
[1]  6 29
[1] "Fitting mean A"
[1] "Fitting variance A"
[1] "DR"
[1] 0.008827599
[1] 0.07128055
[1] "DR CI"
[1] 0.7714286
[1] 0.7428571
[1]  8 27
[1]  9 26
[1] "se comparison"
[1] 0.1183402
[1] 0.1153322
[1] 36
[1] -0.001276356
[1] 0.0188383
[1] "AdaLSE"
[1] 0.113542
[1] 0.1235626
[1] "AdaLSE CI"
[1] 0.8333333
[1] 0.8333333
[1]  6 30
[1]  6 30
[1] "Fitting mean A"
[1] "Fitting variance A"
[1] "DR"
[1] 0.02096682
[1] 0.08393526
[1] "DR CI"
[1] 0.7777778
[1] 0.75
[1]  8 28
[1]  9 27
[1] "se comparison"
[1] 0.117224
[1] 0.1136866
[1] 37
[1] -0.001276356
[1] 0.0188383
[1] "AdaLSE"
[1] -0.1024437
[1] 0.1011042
[1] "AdaLSE CI"
[1] 0.8378378
[1] 0.8378378
[1]  6 31
[1]  6 31
[1] "Fitting mean A"
[1] "Fitting variance A"
[1] "DR"
[1] -0.1428013
[1] 0.08661293
[1] "DR CI"
[1] 0.7837838
[1] 0.7567568
[1]  8 29
[1]  9 28
[1] "se comparison"
[1] 0.1181062
[1] 0.1148982
[1] 38
[1] -0.001276356
[1] 0.0188383
[1] "AdaLSE"
[1] -0.03028133
[1] 0.09801867
[1] "AdaLSE CI"
[1] 0.8421053
[1] 0.8421053
[1]  6 32
[1]  6 32
[1] "Fitting mean A"
[1] "Fitting variance A"
[1] "DR"
[1] -0.03050556
[1] 0.08308059
[1] "DR CI"
[1] 0.7894737
[1] 0.7631579
[1]  8 30
[1]  9 29
[1] "se comparison"
[1] 0.1170753
[1] 0.1134933
[1] 39
[1] -0.001276356
[1] 0.0188383
[1] "AdaLSE"
[1] -0.01273362
[1] 0.08641463
[1] "AdaLSE CI"
[1] 0.8461538
[1] 0.8461538
[1]  6 33
[1]  6 33
[1] "Fitting mean A"
[1] "Fitting variance A"
[1] "DR"
[1] -0.08212634
[1] 0.07244198
[1] "DR CI"
[1] 0.7948718
[1] 0.7692308
[1]  8 31
[1]  9 30
[1] "se comparison"
[1] 0.1158252
[1] 0.1128652
[1] 40
[1] -0.001276356
[1] 0.0188383
[1] "AdaLSE"
[1] 0.2233588
[1] 0.1000406
[1] "AdaLSE CI"
[1] 0.825
[1] 0.825
[1]  7 33
[1]  7 33
[1] "Fitting mean A"
[1] "Fitting variance A"
[1] "DR"
[1] 0.1438499
[1] 0.07374144
[1] "DR CI"
[1] 0.775
[1] 0.775
[1]  9 31
[1]  9 31
[1] "se comparison"
[1] 0.1180268
[1] 0.1136057
[1] 41
[1] -0.001276356
[1] 0.0188383
[1] "AdaLSE"
[1] 0.08947202
[1] 0.1001423
[1] "AdaLSE CI"
[1] 0.8292683
[1] 0.8292683
[1]  7 34
[1]  7 34
[1] "Fitting mean A"
[1] "Fitting variance A"
[1] "DR"
[1] 0.008870518
[1] 0.08548472
[1] "DR CI"
[1] 0.7804878
[1] 0.7804878
[1]  9 32
[1]  9 32
[1] "se comparison"
[1] 0.1167714
[1] 0.1121771
[1] 42
[1] -0.001276356
[1] 0.0188383
[1] "AdaLSE"
[1] -0.05071309
[1] 0.09349177
[1] "AdaLSE CI"
[1] 0.8333333
[1] 0.8333333
[1]  7 35
[1]  7 35
[1] "Fitting mean A"
[1] "Fitting variance A"
[1] "DR"
[1] -0.07585408
[1] 0.07297473
[1] "DR CI"
[1] 0.7857143
[1] 0.7857143
[1]  9 33
[1]  9 33
[1] "se comparison"
[1] 0.1162567
[1] 0.1115323
[1] 43
[1] -0.001276356
[1] 0.0188383
[1] "AdaLSE"
[1] 0.09827543
[1] 0.11052
[1] "AdaLSE CI"
[1] 0.8372093
[1] 0.8372093
[1]  7 36
[1]  7 36
[1] "Fitting mean A"
[1] "Fitting variance A"
[1] "DR"
[1] -0.007587275
[1] 0.08902785
[1] "DR CI"
[1] 0.7906977
[1] 0.7906977
[1]  9 34
[1]  9 34
[1] "se comparison"
[1] 0.1151897
[1] 0.1102128
[1] 44
[1] -0.001276356
[1] 0.0188383
[1] "AdaLSE"
[1] 0.1567995
[1] 0.07539673
[1] "AdaLSE CI"
[1] 0.8181818
[1] 0.8409091
[1]  8 36
[1]  7 37
[1] "Fitting mean A"
[1] "Fitting variance A"
[1] "DR"
[1] 0.141365
[1] 0.0564432
[1] "DR CI"
[1] 0.7727273
[1] 0.7727273
[1] 10 34
[1] 10 34
[1] "se comparison"
[1] 0.1151311
[1] 0.1108595
[1] 45
[1] -0.001276356
[1] 0.0188383
[1] "AdaLSE"
[1] 0.1018085
[1] 0.1013454
[1] "AdaLSE CI"
[1] 0.8222222
[1] 0.8444444
[1]  8 37
[1]  7 38
[1] "Fitting mean A"
[1] "Fitting variance A"
[1] "DR"
[1] 0.05486276
[1] 0.07430479
[1] "DR CI"
[1] 0.7777778
[1] 0.7777778
[1] 10 35
[1] 10 35
[1] "se comparison"
[1] 0.114125
[1] 0.1098183
[1] 46
[1] -0.001276356
[1] 0.0188383
[1] "AdaLSE"
[1] 0.018901
[1] 0.0872045
[1] "AdaLSE CI"
[1] 0.826087
[1] 0.8478261
[1]  8 38
[1]  7 39
[1] "Fitting mean A"
[1] "Fitting variance A"
[1] "DR"
[1] -0.004051401
[1] 0.07802472
[1] "DR CI"
[1] 0.7826087
[1] 0.7826087
[1] 10 36
[1] 10 36
[1] "se comparison"
[1] 0.1129242
[1] 0.1086075
[1] 47
[1] -0.001276356
[1] 0.0188383
[1] "AdaLSE"
[1] -0.02086125
[1] 0.08727556
[1] "AdaLSE CI"
[1] 0.8297872
[1] 0.8510638
[1]  8 39
[1]  7 40
[1] "Fitting mean A"
[1] "Fitting variance A"
[1] "DR"
[1] -0.06994284
[1] 0.07063079
[1] "DR CI"
[1] 0.787234
[1] 0.787234
[1] 10 37
[1] 10 37
[1] "se comparison"
[1] 0.1121162
[1] 0.108027
[1] 48
[1] -0.001276356
[1] 0.0188383
[1] "AdaLSE"
[1] 0.03399111
[1] 0.09587407
[1] "AdaLSE CI"
[1] 0.8333333
[1] 0.8541667
[1]  8 40
[1]  7 41
[1] "Fitting mean A"
[1] "Fitting variance A"
[1] "DR"
[1] 0.01179485
[1] 0.08145144
[1] "DR CI"
[1] 0.7916667
[1] 0.7916667
[1] 10 38
[1] 10 38
[1] "se comparison"
[1] 0.1109278
[1] 0.106874
[1] 49
[1] -0.001276356
[1] 0.0188383
[1] "AdaLSE"
[1] 0.02274441
[1] 0.09697511
[1] "AdaLSE CI"
[1] 0.8367347
[1] 0.8571429
[1]  8 41
[1]  7 42
[1] "Fitting mean A"
[1] "Fitting variance A"
[1] "DR"
[1] -0.05926046
[1] 0.07295776
[1] "DR CI"
[1] 0.7959184
[1] 0.7959184
[1] 10 39
[1] 10 39
[1] "se comparison"
[1] 0.10981
[1] 0.1061759
[1] 50
[1] -0.001276356
[1] 0.0188383
[1] "AdaLSE"
[1] 0.01926683
[1] 0.1141736
[1] "AdaLSE CI"
[1] 0.84
[1] 0.86
[1]  8 42
[1]  7 43
[1] "Fitting mean A"
[1] "Fitting variance A"
[1] "DR"
[1] -0.01782371
[1] 0.09044473
[1] "DR CI"
[1] 0.8
[1] 0.8
[1] 10 40
[1] 10 40
[1] "se comparison"
[1] 0.10874
[1] 0.1051387
[1] 51
[1] -0.001276356
[1] 0.0188383
[1] "AdaLSE"
[1] -0.04996005
[1] 0.08898429
[1] "AdaLSE CI"
[1] 0.8431373
[1] 0.8627451
[1]  8 43
[1]  7 44
[1] "Fitting mean A"
[1] "Fitting variance A"
[1] "DR"
[1] -0.04953581
[1] 0.07546215
[1] "DR CI"
[1] 0.8039216
[1] 0.8039216
[1] 10 41
[1] 10 41
[1] "se comparison"
[1] 0.1084399
[1] 0.1043623
[1] 52
[1] -0.001276356
[1] 0.0188383
[1] "AdaLSE"
[1] 0.04817174
[1] 0.07892776
[1] "AdaLSE CI"
[1] 0.8461538
[1] 0.8653846
[1]  8 44
[1]  7 45
[1] "Fitting mean A"
[1] "Fitting variance A"
[1] "DR"
[1] 0.04739633
[1] 0.07300323
[1] "DR CI"
[1] 0.8076923
[1] 0.8076923
[1] 10 42
[1] 10 42
[1] "se comparison"
[1] 0.1073752
[1] 0.1035093
[1] 53
[1] -0.001276356
[1] 0.0188383
[1] "AdaLSE"
[1] 0.02214491
[1] 0.08422368
[1] "AdaLSE CI"
[1] 0.8490566
[1] 0.8679245
[1]  8 45
[1]  7 46
[1] "Fitting mean A"
[1] "Fitting variance A"
[1] "DR"
[1] -0.003966734
[1] 0.06994678
[1] "DR CI"
[1] 0.8113208
[1] 0.8113208
[1] 10 43
[1] 10 43
[1] "se comparison"
[1] 0.106372
[1] 0.1025163
[1] 54
[1] -0.001276356
[1] 0.0188383
[1] "AdaLSE"
[1] 0.1343991
[1] 0.07877611
[1] "AdaLSE CI"
[1] 0.8518519
[1] 0.8703704
[1]  8 46
[1]  7 47
[1] "Fitting mean A"
[1] "Fitting variance A"
[1] "DR"
[1] 0.1073653
[1] 0.06622051
[1] "DR CI"
[1] 0.8148148
[1] 0.8148148
[1] 10 44
[1] 10 44
[1] "se comparison"
[1] 0.1061206
[1] 0.1025022
[1] 55
[1] -0.001276356
[1] 0.0188383
[1] "AdaLSE"
[1] 0.005149266
[1] 0.09298413
[1] "AdaLSE CI"
[1] 0.8545455
[1] 0.8727273
[1]  8 47
[1]  7 48
[1] "Fitting mean A"
[1] "Fitting variance A"
[1] "DR"
[1] -0.01767348
[1] 0.07726367
[1] "DR CI"
[1] 0.8181818
[1] 0.8181818
[1] 10 45
[1] 10 45
[1] "se comparison"
[1] 0.1052582
[1] 0.1016012
[1] 56
[1] -0.001276356
[1] 0.0188383
[1] "AdaLSE"
[1] -0.1209363
[1] 0.107859
[1] "AdaLSE CI"
[1] 0.8571429
[1] 0.875
[1]  8 48
[1]  7 49
[1] "Fitting mean A"
[1] "Fitting variance A"
[1] "DR"
[1] -0.1548958
[1] 0.07962949
[1] "DR CI"
[1] 0.8214286
[1] 0.8035714
[1] 10 46
[1] 11 45
[1] "se comparison"
[1] 0.106558
[1] 0.1029466
[1] 57
[1] -0.001276356
[1] 0.0188383
[1] "AdaLSE"
[1] 0.01030438
[1] 0.08812031
[1] "AdaLSE CI"
[1] 0.8596491
[1] 0.877193
[1]  8 49
[1]  7 50
[1] "Fitting mean A"
[1] "Fitting variance A"
[1] "DR"
[1] -0.01528124
[1] 0.07337649
[1] "DR CI"
[1] 0.8245614
[1] 0.8070175
[1] 10 47
[1] 11 46
[1] "se comparison"
[1] 0.1056733
[1] 0.1020527
[1] 58
[1] -0.001276356
[1] 0.0188383
[1] "AdaLSE"
[1] 0.01292334
[1] 0.07119446
[1] "AdaLSE CI"
[1] 0.862069
[1] 0.8793103
[1]  8 50
[1]  7 51
[1] "Fitting mean A"
[1] "Fitting variance A"
[1] "DR"
[1] 0.0004453745
[1] 0.05999709
[1] "DR CI"
[1] 0.8275862
[1] 0.8103448
[1] 10 48
[1] 11 47
[1] "se comparison"
[1] 0.1047983
[1] 0.1011541
[1] 59
[1] -0.001276356
[1] 0.0188383
[1] "AdaLSE"
[1] 0.004607044
[1] 0.0851294
[1] "AdaLSE CI"
[1] 0.8644068
[1] 0.8813559
[1]  8 51
[1]  7 52
[1] "Fitting mean A"
[1] "Fitting variance A"
[1] "DR"
[1] 0.005730683
[1] 0.07256441
[1] "DR CI"
[1] 0.8305085
[1] 0.8135593
[1] 10 49
[1] 11 48
[1] "se comparison"
[1] 0.1039851
[1] 0.100279
[1] 60
[1] -0.001276356
[1] 0.0188383
[1] "AdaLSE"
[1] 0.1045996
[1] 0.09632179
[1] "AdaLSE CI"
[1] 0.8666667
[1] 0.8833333
[1]  8 52
[1]  7 53
[1] "Fitting mean A"
[1] "Fitting variance A"
[1] "DR"
[1] 0.04625068
[1] 0.07858105
[1] "DR CI"
[1] 0.8333333
[1] 0.8166667
[1] 10 50
[1] 11 49
[1] "se comparison"
[1] 0.1034579
[1] 0.09958281
[1] 61
[1] -0.001276356
[1] 0.0188383
[1] "AdaLSE"
[1] -0.0253897
[1] 0.1015569
[1] "AdaLSE CI"
[1] 0.8688525
[1] 0.8852459
[1]  8 53
[1]  7 54
[1] "Fitting mean A"
[1] "Fitting variance A"
[1] "DR"
[1] -0.08211155
[1] 0.07774514
[1] "DR CI"
[1] 0.8360656
[1] 0.8196721
[1] 10 51
[1] 11 50
[1] "se comparison"
[1] 0.1029241
[1] 0.09935788
[1] 62
[1] -0.001276356
[1] 0.0188383
[1] "AdaLSE"
[1] 0.23267
[1] 0.09020442
[1] "AdaLSE CI"
[1] 0.8548387
[1] 0.8709677
[1]  9 53
[1]  8 54
[1] "Fitting mean A"
[1] "Fitting variance A"
[1] "DR"
[1] 0.1597373
[1] 0.073565
[1] "DR CI"
[1] 0.8225806
[1] 0.8225806
[1] 11 51
[1] 11 51
[1] "se comparison"
[1] 0.1050265
[1] 0.10055
[1] 63
[1] -0.001276356
[1] 0.0188383
[1] "AdaLSE"
[1] 0.1128706
[1] 0.09508819
[1] "AdaLSE CI"
[1] 0.8571429
[1] 0.8730159
[1]  9 54
[1]  8 55
[1] "Fitting mean A"
[1] "Fitting variance A"
[1] "DR"
[1] 0.06626588
[1] 0.07021535
[1] "DR CI"
[1] 0.8253968
[1] 0.8253968
[1] 11 52
[1] 11 52
[1] "se comparison"
[1] 0.1045667
[1] 0.1000363
[1] 64
[1] -0.001276356
[1] 0.0188383
[1] "AdaLSE"
[1] 0.173905
[1] 0.08808638
[1] "AdaLSE CI"
[1] 0.84375
[1] 0.875
[1] 10 54
[1]  8 56
[1] "Fitting mean A"
[1] "Fitting variance A"
[1] "DR"
[1] 0.1720736
[1] 0.06852986
[1] "DR CI"
[1] 0.8125
[1] 0.8125
[1] 12 52
[1] 12 52
[1] "se comparison"
[1] 0.1050292
[1] 0.1013937
[1] 65
[1] -0.001276356
[1] 0.0188383
[1] "AdaLSE"
[1] 0.1370358
[1] 0.08874041
[1] "AdaLSE CI"
[1] 0.8461538
[1] 0.8769231
[1] 10 55
[1]  8 57
[1] "Fitting mean A"
[1] "Fitting variance A"
[1] "DR"
[1] 0.1108238
[1] 0.07190749
[1] "DR CI"
[1] 0.8153846
[1] 0.8153846
[1] 12 53
[1] 12 53
[1] "se comparison"
[1] 0.1048371
[1] 0.1013983
[1] 66
[1] -0.001276356
[1] 0.0188383
[1] "AdaLSE"
[1] 0.05466544
[1] 0.09522813
[1] "AdaLSE CI"
[1] 0.8484848
[1] 0.8787879
[1] 10 56
[1]  8 58
[1] "Fitting mean A"
[1] "Fitting variance A"
[1] "DR"
[1] 0.01143661
[1] 0.07291979
[1] "DR CI"
[1] 0.8181818
[1] 0.8181818
[1] 12 54
[1] 12 54
[1] "se comparison"
[1] 0.1040332
[1] 0.1006154
[1] 67
[1] -0.001276356
[1] 0.0188383
[1] "AdaLSE"
[1] 0.008920724
[1] 0.085322
[1] "AdaLSE CI"
[1] 0.8507463
[1] 0.880597
[1] 10 57
[1]  8 59
[1] "Fitting mean A"
[1] "Fitting variance A"
[1] "DR"
[1] -0.02510435
[1] 0.06904571
[1] "DR CI"
[1] 0.8208955
[1] 0.8208955
[1] 12 55
[1] 12 55
[1] "se comparison"
[1] 0.1033412
[1] 0.09994203
[1] 68
[1] -0.001276356
[1] 0.0188383
[1] "AdaLSE"
[1] -0.1016803
[1] 0.1010684
[1] "AdaLSE CI"
[1] 0.8529412
[1] 0.8823529
[1] 10 58
[1]  8 60
[1] "Fitting mean A"
[1] "Fitting variance A"
[1] "DR"
[1] -0.1769438
[1] 0.08995915
[1] "DR CI"
[1] 0.8235294
[1] 0.8088235
[1] 12 56
[1] 13 55
[1] "se comparison"
[1] 0.1041063
[1] 0.1017354
[1] 69
[1] -0.001276356
[1] 0.0188383
[1] "AdaLSE"
[1] 0.1217948
[1] 0.09463951
[1] "AdaLSE CI"
[1] 0.8550725
[1] 0.884058
[1] 10 59
[1]  8 61
[1] "Fitting mean A"
[1] "Fitting variance A"
[1] "DR"
[1] 0.09542908
[1] 0.07988327
[1] "DR CI"
[1] 0.826087
[1] 0.8115942
[1] 12 57
[1] 13 56
[1] "se comparison"
[1] 0.1037698
[1] 0.1015482
[1] 70
[1] -0.001276356
[1] 0.0188383
[1] "AdaLSE"
[1] -0.05160129
[1] 0.09149901
[1] "AdaLSE CI"
[1] 0.8571429
[1] 0.8857143
[1] 10 60
[1]  8 62
[1] "Fitting mean A"
[1] "Fitting variance A"
[1] "DR"
[1] -0.1081672
[1] 0.07882548
[1] "DR CI"
[1] 0.8285714
[1] 0.8142857
[1] 12 58
[1] 13 57
[1] "se comparison"
[1] 0.1036518
[1] 0.1017608
[1] 71
[1] -0.001276356
[1] 0.0188383
[1] "AdaLSE"
[1] 0.2379219
[1] 0.09821358
[1] "AdaLSE CI"
[1] 0.8450704
[1] 0.8732394
[1] 11 60
[1]  9 62
[1] "Fitting mean A"
[1] "Fitting variance A"
[1] "DR"
[1] 0.2372137
[1] 0.08320657
[1] "DR CI"
[1] 0.8169014
[1] 0.8028169
[1] 13 58
[1] 14 57
[1] "se comparison"
[1] 0.1054768
[1] 0.1046818
[1] 72
[1] -0.001276356
[1] 0.0188383
[1] "AdaLSE"
[1] 0.144647
[1] 0.0846098
[1] "AdaLSE CI"
[1] 0.8472222
[1] 0.875
[1] 11 61
[1]  9 63
[1] "Fitting mean A"
[1] "Fitting variance A"
[1] "DR"
[1] 0.09570179
[1] 0.07342696
[1] "DR CI"
[1] 0.8194444
[1] 0.8055556
[1] 13 59
[1] 14 58
[1] "se comparison"
[1] 0.1053779
[1] 0.1044366
[1] 73
[1] -0.001276356
[1] 0.0188383
[1] "AdaLSE"
[1] 0.0481673
[1] 0.09478157
[1] "AdaLSE CI"
[1] 0.8493151
[1] 0.8767123
[1] 11 62
[1]  9 64
[1] "Fitting mean A"
[1] "Fitting variance A"
[1] "DR"
[1] 0.02772519
[1] 0.07917924
[1] "DR CI"
[1] 0.8219178
[1] 0.8082192
[1] 13 60
[1] 14 59
[1] "se comparison"
[1] 0.1046436
[1] 0.1037278
[1] 74
[1] -0.001276356
[1] 0.0188383
[1] "AdaLSE"
[1] 0.1474177
[1] 0.08915587
[1] "AdaLSE CI"
[1] 0.8513514
[1] 0.8783784
[1] 11 63
[1]  9 65
[1] "Fitting mean A"
[1] "Fitting variance A"
[1] "DR"
[1] 0.1435596
[1] 0.07224693
[1] "DR CI"
[1] 0.8108108
[1] 0.8108108
[1] 14 60
[1] 14 60
[1] "se comparison"
[1] 0.1045762
[1] 0.1041613
[1] 75
[1] -0.001276356
[1] 0.0188383
[1] "AdaLSE"
[1] 0.08460711
[1] 0.09013381
[1] "AdaLSE CI"
[1] 0.8533333
[1] 0.88
[1] 11 64
[1]  9 66
[1] "Fitting mean A"
[1] "Fitting variance A"
[1] "DR"
[1] 0.05965672
[1] 0.07135012
[1] "DR CI"
[1] 0.8133333
[1] 0.8133333
[1] 14 61
[1] 14 61
[1] "se comparison"
[1] 0.1039509
[1] 0.1035966
[1] 76
[1] -0.001276356
[1] 0.0188383
[1] "AdaLSE"
[1] 0.1423548
[1] 0.1130993
[1] "AdaLSE CI"
[1] 0.8552632
[1] 0.8815789
[1] 11 65
[1]  9 67
[1] "Fitting mean A"
[1] "Fitting variance A"
[1] "DR"
[1] 0.09606684
[1] 0.09058039
[1] "DR CI"
[1] 0.8157895
[1] 0.8157895
[1] 14 62
[1] 14 62
[1] "se comparison"
[1] 0.1038097
[1] 0.1033395
[1] 77
[1] -0.001276356
[1] 0.0188383
[1] "AdaLSE"
[1] 0.1293383
[1] 0.1089029
[1] "AdaLSE CI"
[1] 0.8571429
[1] 0.8831169
[1] 11 66
[1]  9 68
[1] "Fitting mean A"
[1] "Fitting variance A"
[1] "DR"
[1] 0.03012646
[1] 0.08610978
[1] "DR CI"
[1] 0.8181818
[1] 0.8181818
[1] 14 63
[1] 14 63
[1] "se comparison"
[1] 0.1035181
[1] 0.1026729
[1] 78
[1] -0.001276356
[1] 0.0188383
[1] "AdaLSE"
[1] 0.08272534
[1] 0.09029837
[1] "AdaLSE CI"
[1] 0.8589744
[1] 0.8846154
[1] 11 67
[1]  9 69
[1] "Fitting mean A"
[1] "Fitting variance A"
[1] "DR"
[1] 0.05223834
[1] 0.07110603
[1] "DR CI"
[1] 0.8205128
[1] 0.8205128
[1] 14 64
[1] 14 64
[1] "se comparison"
[1] 0.1029055
[1] 0.1020925
[1] 79
[1] -0.001276356
[1] 0.0188383
[1] "AdaLSE"
[1] 0.02606836
[1] 0.09410178
[1] "AdaLSE CI"
[1] 0.8607595
[1] 0.8860759
[1] 11 68
[1]  9 70
[1] "Fitting mean A"
[1] "Fitting variance A"
[1] "DR"
[1] -0.01186226
[1] 0.08416624
[1] "DR CI"
[1] 0.8227848
[1] 0.8227848
[1] 14 65
[1] 14 65
[1] "se comparison"
[1] 0.1022842
[1] 0.1014816
[1] 80
[1] -0.001276356
[1] 0.0188383
[1] "AdaLSE"
[1] -0.0008020736
[1] 0.1131091
[1] "AdaLSE CI"
[1] 0.8625
[1] 0.8875
[1] 11 69
[1]  9 71
[1] "Fitting mean A"
[1] "Fitting variance A"
[1] "DR"
[1] -0.07176025
[1] 0.07415287
[1] "DR CI"
[1] 0.825
[1] 0.825
[1] 14 66
[1] 14 66
[1] "se comparison"
[1] 0.1018016
[1] 0.101301
[1] 81
[1] -0.001276356
[1] 0.0188383
[1] "AdaLSE"
[1] -0.05017444
[1] 0.09739995
[1] "AdaLSE CI"
[1] 0.8641975
[1] 0.8888889
[1] 11 70
[1]  9 72
[1] "Fitting mean A"
[1] "Fitting variance A"
[1] "DR"
[1] -0.09749582
[1] 0.08244539
[1] "DR CI"
[1] 0.8271605
[1] 0.8271605
[1] 14 67
[1] 14 67
[1] "se comparison"
[1] 0.1017818
[1] 0.1014219
[1] 82
[1] -0.001276356
[1] 0.0188383
[1] "AdaLSE"
[1] 0.002030157
[1] 0.09006136
[1] "AdaLSE CI"
[1] 0.8658537
[1] 0.8902439
[1] 11 71
[1]  9 73
[1] "Fitting mean A"
[1] "Fitting variance A"
[1] "DR"
[1] -0.01951454
[1] 0.07782773
[1] "DR CI"
[1] 0.8292683
[1] 0.8292683
[1] 14 68
[1] 14 68
[1] "se comparison"
[1] 0.1012869
[1] 0.1008554
[1] 83
[1] -0.001276356
[1] 0.0188383
[1] "AdaLSE"
[1] -0.1396831
[1] 0.07322776
[1] "AdaLSE CI"
[1] 0.8674699
[1] 0.8795181
[1] 11 72
[1] 10 73
[1] "Fitting mean A"
[1] "Fitting variance A"
[1] "DR"
[1] -0.1431368
[1] 0.06614241
[1] "DR CI"
[1] 0.8192771
[1] 0.8192771
[1] 15 68
[1] 15 68
[1] "se comparison"
[1] 0.102772
[1] 0.1016745
[1] 84
[1] -0.001276356
[1] 0.0188383
[1] "AdaLSE"
[1] -0.132153
[1] 0.09918778
[1] "AdaLSE CI"
[1] 0.8690476
[1] 0.8809524
[1] 11 73
[1] 10 74
[1] "Fitting mean A"
[1] "Fitting variance A"
[1] "DR"
[1] -0.1783599
[1] 0.08819087
[1] "DR CI"
[1] 0.8095238
[1] 0.8095238
[1] 16 68
[1] 16 68
[1] "se comparison"
[1] 0.1039955
[1] 0.1031313
[1] 85
[1] -0.001276356
[1] 0.0188383
[1] "AdaLSE"
[1] 0.02235847
[1] 0.07998744
[1] "AdaLSE CI"
[1] 0.8705882
[1] 0.8823529
[1] 11 74
[1] 10 75
[1] "Fitting mean A"
[1] "Fitting variance A"
[1] "DR"
[1] 0.02222905
[1] 0.07431322
[1] "DR CI"
[1] 0.8117647
[1] 0.8117647
[1] 16 69
[1] 16 69
[1] "se comparison"
[1] 0.1034024
[1] 0.1025274
[1] 86
[1] -0.001276356
[1] 0.0188383
[1] "AdaLSE"
[1] 0.1840137
[1] 0.08227096
[1] "AdaLSE CI"
[1] 0.8604651
[1] 0.872093
[1] 12 74
[1] 11 75
[1] "Fitting mean A"
[1] "Fitting variance A"
[1] "DR"
[1] 0.1285346
[1] 0.07079931
[1] "DR CI"
[1] 0.8139535
[1] 0.8139535
[1] 16 70
[1] 16 70
[1] "se comparison"
[1] 0.1038925
[1] 0.1027473
[1] 87
[1] -0.001276356
[1] 0.0188383
[1] "AdaLSE"
[1] -0.04373703
[1] 0.08908751
[1] "AdaLSE CI"
[1] 0.862069
[1] 0.8735632
[1] 12 75
[1] 11 76
[1] "Fitting mean A"
[1] "Fitting variance A"
[1] "DR"
[1] -0.08828057
[1] 0.06580744
[1] "DR CI"
[1] 0.816092
[1] 0.816092
[1] 16 71
[1] 16 71
[1] "se comparison"
[1] 0.1037318
[1] 0.1026841
[1] 88
[1] -0.001276356
[1] 0.0188383
[1] "AdaLSE"
[1] 0.03226416
[1] 0.09995018
[1] "AdaLSE CI"
[1] 0.8636364
[1] 0.875
[1] 12 76
[1] 11 77
[1] "Fitting mean A"
[1] "Fitting variance A"
[1] "DR"
[1] -0.005346943
[1] 0.0809795
[1] "DR CI"
[1] 0.8181818
[1] 0.8181818
[1] 16 72
[1] 16 72
[1] "se comparison"
[1] 0.1031425
[1] 0.1021027
[1] 89
[1] -0.001276356
[1] 0.0188383
[1] "AdaLSE"
[1] 0.1103728
[1] 0.08865958
[1] "AdaLSE CI"
[1] 0.8651685
[1] 0.8764045
[1] 12 77
[1] 11 78
[1] "Fitting mean A"
[1] "Fitting variance A"
[1] "DR"
[1] 0.05251229
[1] 0.08045191
[1] "DR CI"
[1] 0.8202247
[1] 0.8202247
[1] 16 73
[1] 16 73
[1] "se comparison"
[1] 0.1027913
[1] 0.1016297
[1] 90
[1] -0.001276356
[1] 0.0188383
[1] "AdaLSE"
[1] 0.00419539
[1] 0.09671082
[1] "AdaLSE CI"
[1] 0.8666667
[1] 0.8777778
[1] 12 78
[1] 11 79
[1] "Fitting mean A"
[1] "Fitting variance A"
[1] "DR"
[1] -0.05965965
[1] 0.0798052
[1] "DR CI"
[1] 0.8222222
[1] 0.8222222
[1] 16 74
[1] 16 74
[1] "se comparison"
[1] 0.1023043
[1] 0.1013134
[1] 91
[1] -0.001276356
[1] 0.0188383
[1] "AdaLSE"
[1] -0.05696583
[1] 0.07608728
[1] "AdaLSE CI"
[1] 0.8681319
[1] 0.8791209
[1] 12 79
[1] 11 80
[1] "Fitting mean A"
[1] "Fitting variance A"
[1] "DR"
[1] -0.05435825
[1] 0.06438435
[1] "DR CI"
[1] 0.8241758
[1] 0.8241758
[1] 16 75
[1] 16 75
[1] "se comparison"
[1] 0.1022934
[1] 0.1009602
[1] 92
[1] -0.001276356
[1] 0.0188383
[1] "AdaLSE"
[1] 0.009833423
[1] 0.09336887
[1] "AdaLSE CI"
[1] 0.8695652
[1] 0.8804348
[1] 12 80
[1] 11 81
[1] "Fitting mean A"
[1] "Fitting variance A"
[1] "DR"
[1] -0.01815024
[1] 0.08407549
[1] "DR CI"
[1] 0.826087
[1] 0.826087
[1] 16 76
[1] 16 76
[1] "se comparison"
[1] 0.1017914
[1] 0.1004388
[1] 93
[1] -0.001276356
[1] 0.0188383
[1] "AdaLSE"
[1] 0.003481665
[1] 0.07592419
[1] "AdaLSE CI"
[1] 0.8709677
[1] 0.8817204
[1] 12 81
[1] 11 82
[1] "Fitting mean A"
[1] "Fitting variance A"
[1] "DR"
[1] -0.002024352
[1] 0.06647437
[1] "DR CI"
[1] 0.827957
[1] 0.827957
[1] 16 77
[1] 16 77
[1] "se comparison"
[1] 0.1013213
[1] 0.09989579
[1] 94
[1] -0.001276356
[1] 0.0188383
[1] "AdaLSE"
[1] 0.06279608
[1] 0.09351352
[1] "AdaLSE CI"
[1] 0.8723404
[1] 0.8829787
[1] 12 82
[1] 11 83
[1] "Fitting mean A"
[1] "Fitting variance A"
[1] "DR"
[1] 0.0280373
[1] 0.08410368
[1] "DR CI"
[1] 0.8297872
[1] 0.8297872
[1] 16 78
[1] 16 78
[1] "se comparison"
[1] 0.1007958
[1] 0.09938129
[1] 95
[1] -0.001276356
[1] 0.0188383
[1] "AdaLSE"
[1] -0.07683825
[1] 0.08723218
[1] "AdaLSE CI"
[1] 0.8736842
[1] 0.8842105
[1] 12 83
[1] 11 84
[1] "Fitting mean A"
[1] "Fitting variance A"
[1] "DR"
[1] -0.09923233
[1] 0.06754149
[1] "DR CI"
[1] 0.8315789
[1] 0.8315789
[1] 16 79
[1] 16 79
[1] "se comparison"
[1] 0.1010119
[1] 0.09945116
[1] 96
[1] -0.001276356
[1] 0.0188383
[1] "AdaLSE"
[1] -0.01051383
[1] 0.1045694
[1] "AdaLSE CI"
[1] 0.875
[1] 0.8854167
[1] 12 84
[1] 11 85
[1] "Fitting mean A"
[1] "Fitting variance A"
[1] "DR"
[1] -0.05222906
[1] 0.077093
[1] "DR CI"
[1] 0.8333333
[1] 0.8333333
[1] 16 80
[1] 16 80
[1] "se comparison"
[1] 0.1006213
[1] 0.09910444
[1] 97
[1] -0.001276356
[1] 0.0188383
[1] "AdaLSE"
[1] 0.0347944
[1] 0.1046122
[1] "AdaLSE CI"
[1] 0.8762887
[1] 0.8865979
[1] 12 85
[1] 11 86
[1] "Fitting mean A"
[1] "Fitting variance A"
[1] "DR"
[1] 0.08624336
[1] 0.9462931
[1] "DR CI"
[1] 0.8350515
[1] 0.8350515
[1] 16 81
[1] 16 81
[1] "se comparison"
[1] 0.1000981
[1] 0.09892846
[1] 98
[1] -0.001276356
[1] 0.0188383
[1] "AdaLSE"
[1] 0.04580739
[1] 0.09346804
[1] "AdaLSE CI"
[1] 0.877551
[1] 0.8877551
[1] 12 86
[1] 11 87
[1] "Fitting mean A"
[1] "Fitting variance A"
[1] "DR"
[1] 0.04137347
[1] 0.08563944
[1] "DR CI"
[1] 0.8367347
[1] 0.8367347
[1] 16 82
[1] 16 82
[1] "se comparison"
[1] 0.09958186
[1] 0.09848137
[1] 99
[1] -0.001276356
[1] 0.0188383
[1] "AdaLSE"
[1] 0.3215404
[1] 0.1064628
[1] "AdaLSE CI"
[1] 0.8686869
[1] 0.8787879
[1] 13 86
[1] 12 87
[1] "Fitting mean A"
[1] "Fitting variance A"
[1] "DR"
[1] 0.1748423
[1] 0.09889631
[1] "DR CI"
[1] 0.8383838
[1] 0.8383838
[1] 16 83
[1] 16 83
[1] "se comparison"
[1] 0.1029963
[1] 0.09942695
[1] 100
[1] -0.001276356
[1] 0.0188383
[1] "AdaLSE"
[1] 0.2899464
[1] 0.08108043
[1] "AdaLSE CI"
[1] 0.86
[1] 0.87
[1] 14 86
[1] 13 87
[1] "Fitting mean A"
[1] "Fitting variance A"
[1] "DR"
[1] 0.2566495
[1] 0.06778654
[1] "DR CI"
[1] 0.83
[1] 0.83
[1] 17 83
[1] 17 83
[1] "se comparison"
[1] 0.1053802
[1] 0.1019947
