LOADING R
R LOADED
[1] "/home/lvanderl/Rlibs2"                         
[2] "/app/software/R/4.2.2-foss-2021b/lib/R/library"
[1] "/home/lvanderl/sieveSims"
[1] "Iteration number: 1"
[1] "pos"
[1] 0.001818859 0.989569617
[1] "Fitting mu0 = E[Y|A=0,W]"
NULL
[1] "Fitting tau = E[Y|A=1,W] - E[Y|A=0,W]"
NULL
[1] 0.05240323
[1] 0.03108565
[1] 0.05240323
[1] -0.2516322  1.2623658
[1] "cutoff"
[1] 1e-08
[1] 1e-08 1e+00
[1] "Fitting m = E[Y|W]"
[1] "Fitting pi = E[A|W]"
[1] "Fitting tau = E[Y|A=1,W] - E[Y|A=0,W]"
[1] 0.9636249
NULL
[1] 0.0524384
[1] 0.03099842
(Intercept) 
  0.0524384 
[1] "Iteration number: 2"
[1] "pos"
[1] 0.002616743 0.991329736
[1] "Fitting mu0 = E[Y|A=0,W]"
NULL
[1] "Fitting tau = E[Y|A=1,W] - E[Y|A=0,W]"
NULL
[1] 0.0510032
[1] 0.02952206
[1] 0.0510032
[1] -0.230335  1.330833
[1] "cutoff"
[1] 0.009638563
[1] 0.009638563 0.990361437
[1] "Fitting m = E[Y|W]"
[1] "Fitting pi = E[A|W]"
[1] "Fitting tau = E[Y|A=1,W] - E[Y|A=0,W]"
[1] 0.9644667
NULL
[1] 0.0523545
[1] 0.03055547
(Intercept) 
  0.0523545 
[1] "Iteration number: 3"
[1] "pos"
[1] 0.001902901 0.985994837
[1] "Fitting mu0 = E[Y|A=0,W]"
NULL
[1] "Fitting tau = E[Y|A=1,W] - E[Y|A=0,W]"
NULL
[1] 0.0504877
[1] 0.03003694
[1] 0.0504877
[1] -0.2454669  1.2858968
[1] "cutoff"
[1] 1e-08
[1] 1e-08 1e+00
[1] "Fitting m = E[Y|W]"
[1] "Fitting pi = E[A|W]"
[1] "Fitting tau = E[Y|A=1,W] - E[Y|A=0,W]"
[1] 0.9402
NULL
[1] 0.04958863
[1] 0.03046103
(Intercept) 
 0.04958863 
[1] "Iteration number: 4"
[1] "pos"
[1] 0.00232083 0.98983852
[1] "Fitting mu0 = E[Y|A=0,W]"
NULL
[1] "Fitting tau = E[Y|A=1,W] - E[Y|A=0,W]"
NULL
[1] 0.04819571
[1] 0.02968143
[1] 0.04819571
[1] -0.180251  1.248276
[1] "cutoff"
[1] 0.03654619
[1] 0.03654619 0.96345381
[1] "Fitting m = E[Y|W]"
[1] "Fitting pi = E[A|W]"
[1] "Fitting tau = E[Y|A=1,W] - E[Y|A=0,W]"
[1] 0.9814313
NULL
[1] 0.04924042
[1] 0.02857335
(Intercept) 
 0.04924042 
[1] "Iteration number: 5"
[1] "pos"
[1] 0.003208502 0.989443989
[1] "Fitting mu0 = E[Y|A=0,W]"
NULL
[1] "Fitting tau = E[Y|A=1,W] - E[Y|A=0,W]"
NULL
[1] 0.0518593
[1] 0.0313077
[1] 0.0518593
[1] -0.1978305  1.2058234
[1] "cutoff"
[1] 0.03373495
[1] 0.03373495 0.96626505
[1] "Fitting m = E[Y|W]"
[1] "Fitting pi = E[A|W]"
[1] "Fitting tau = E[Y|A=1,W] - E[Y|A=0,W]"
[1] 1.081053
NULL
[1] 0.05212034
[1] 0.03241553
(Intercept) 
 0.05212034 
[1] "Iteration number: 6"
[1] "pos"
[1] 0.001672715 0.989966813
[1] "Fitting mu0 = E[Y|A=0,W]"
NULL
[1] "Fitting tau = E[Y|A=1,W] - E[Y|A=0,W]"
NULL
[1] 0.05245297
[1] 0.03314834
[1] 0.05245297
[1] -0.2309204  1.3380106
[1] "cutoff"
[1] 0.02168675
[1] 0.02168675 0.97831325
[1] "Fitting m = E[Y|W]"
[1] "Fitting pi = E[A|W]"
[1] "Fitting tau = E[Y|A=1,W] - E[Y|A=0,W]"
[1] 1.059022
NULL
[1] 0.05326956
[1] 0.03332255
(Intercept) 
 0.05326956 
[1] "Iteration number: 7"
[1] "pos"
[1] 0.002394504 0.988912101
[1] "Fitting mu0 = E[Y|A=0,W]"
NULL
[1] "Fitting tau = E[Y|A=1,W] - E[Y|A=0,W]"
NULL
[1] 0.05303811
[1] 0.03206223
[1] 0.05303811
[1] -0.190756  1.276027
[1] "cutoff"
[1] 0.01686748
[1] 0.01686748 0.98313252
[1] "Fitting m = E[Y|W]"
[1] "Fitting pi = E[A|W]"
[1] "Fitting tau = E[Y|A=1,W] - E[Y|A=0,W]"
[1] 1.029974
NULL
[1] 0.05218148
[1] 0.03156273
(Intercept) 
 0.05218148 
[1] "Iteration number: 8"
[1] "pos"
[1] 0.001797568 0.988540956
[1] "Fitting mu0 = E[Y|A=0,W]"
NULL
[1] "Fitting tau = E[Y|A=1,W] - E[Y|A=0,W]"
NULL
[1] 0.06003754
[1] 0.03413949
[1] 0.06003754
[1] -0.2182949  1.3056977
[1] "cutoff"
[1] 1e-08
[1] 1e-08 1e+00
[1] "Fitting m = E[Y|W]"
[1] "Fitting pi = E[A|W]"
[1] "Fitting tau = E[Y|A=1,W] - E[Y|A=0,W]"
[1] 1.022568
NULL
[1] 0.05196384
[1] 0.03186725
(Intercept) 
 0.05196384 
[1] "Iteration number: 9"
[1] "pos"
[1] 0.001754021 0.988079253
[1] "Fitting mu0 = E[Y|A=0,W]"
NULL
[1] "Fitting tau = E[Y|A=1,W] - E[Y|A=0,W]"
NULL
[1] 0.05366183
[1] 0.03378234
[1] 0.05366183
