LOADING R
R LOADED
[1] "/home/lvanderl/Rlibs2"                         
[2] "/app/software/R/4.2.2-foss-2021b/lib/R/library"
[1] "/home/lvanderl/sieveSims"
[1] "Current settings:"
[1] 5000
[1] 4
[1] 1
  0%  25%  50%  75% 100% 
   1    1    1    1    1 
  0%  25%  50%  75% 100% 
   1    1    1    1    1 
[1] 0.001 0.999
[1] "Current settings:"
[1] 5000
[1] 4
[1] 2
  0%  25%  50%  75% 100% 
   1    1    1    1    1 
  0%  25%  50%  75% 100% 
   1    1    1    1    1 
[1] 0.001 0.999
[1] "Current settings:"
[1] 5000
[1] 4
[1] 3
  0%  25%  50%  75% 100% 
   1    1    1    1    1 
  0%  25%  50%  75% 100% 
   1    1    1    1    1 
[1] 0.001 0.999
[1] "Current settings:"
[1] 5000
[1] 4
[1] 4
  0%  25%  50%  75% 100% 
   1    1    1    1    1 
  0%  25%  50%  75% 100% 
   1    1    1    1    1 
[1] 0.001 0.999
[1] "Current settings:"
[1] 5000
[1] 4
[1] 5
  0%  25%  50%  75% 100% 
   1    1    1    1    1 
  0%  25%  50%  75% 100% 
   1    1    1    1    1 
[1] 0.001 0.999
[1] "Current settings:"
[1] 5000
[1] 4
[1] 6
  0%  25%  50%  75% 100% 
   1    1    1    1    1 
  0%  25%  50%  75% 100% 
   1    1    1    1    1 
[1] 0.001 0.999
[1] "Current settings:"
[1] 5000
[1] 4
[1] 7
  0%  25%  50%  75% 100% 
   1    1    1    1    1 
  0%  25%  50%  75% 100% 
   1    1    1    1    1 
[1] 0.001 0.999
[1] "Current settings:"
[1] 5000
[1] 4
[1] 8
  0%  25%  50%  75% 100% 
   1    1    1    1    1 
  0%  25%  50%  75% 100% 
   1    1    1    1    1 
[1] 0.001 0.999
[1] "Current settings:"
[1] 5000
[1] 4
[1] 9
  0%  25%  50%  75% 100% 
   1    1    1    1    1 
  0%  25%  50%  75% 100% 
   1    1    1    1    1 
[1] 0.001 0.999
[1] "Current settings:"
[1] 5000
[1] 4
[1] 10
  0%  25%  50%  75% 100% 
   1    1    1    1    1 
  0%  25%  50%  75% 100% 
   1    1    1    1    1 
[1] 0.001 0.999
[1] "Current settings:"
[1] 5000
[1] 4
[1] 11
  0%  25%  50%  75% 100% 
   1    1    1    1    1 
  0%  25%  50%  75% 100% 
   1    1    1    1    1 
[1] 0.001 0.999
[1] "Current settings:"
[1] 5000
[1] 4
[1] 12
  0%  25%  50%  75% 100% 
   1    1    1    1    1 
  0%  25%  50%  75% 100% 
   1    1    1    1    1 
[1] 0.001 0.999
[1] "Current settings:"
[1] 5000
[1] 4
[1] 13
  0%  25%  50%  75% 100% 
   1    1    1    1    1 
  0%  25%  50%  75% 100% 
   1    1    1    1    1 
[1] 0.001 0.999
[1] "Current settings:"
[1] 5000
[1] 4
[1] 14
  0%  25%  50%  75% 100% 
   1    1    1    1    1 
  0%  25%  50%  75% 100% 
   1    1    1    1    1 
[1] 0.001 0.999
[1] "Current settings:"
[1] 5000
[1] 4
[1] 15
  0%  25%  50%  75% 100% 
   1    1    1    1    1 
  0%  25%  50%  75% 100% 
   1    1    1    1    1 
[1] 0.001 0.999
[1] "Current settings:"
[1] 5000
[1] 4
[1] 16
  0%  25%  50%  75% 100% 
   1    1    1    1    1 
  0%  25%  50%  75% 100% 
   1    1    1    1    1 
[1] 0.001 0.999
[1] "Current settings:"
[1] 5000
[1] 4
[1] 17
  0%  25%  50%  75% 100% 
   1    1    1    1    1 
  0%  25%  50%  75% 100% 
   1    1    1    1    1 
[1] 0.001 0.999
[1] "Current settings:"
[1] 5000
[1] 4
[1] 18
  0%  25%  50%  75% 100% 
   1    1    1    1    1 
  0%  25%  50%  75% 100% 
   1    1    1    1    1 
[1] 0.001 0.999
[1] "Current settings:"
[1] 5000
[1] 4
[1] 19
  0%  25%  50%  75% 100% 
   1    1    1    1    1 
  0%  25%  50%  75% 100% 
   1    1    1    1    1 
[1] 0.001 0.999
[1] "Current settings:"
[1] 5000
[1] 4
[1] 20
  0%  25%  50%  75% 100% 
   1    1    1    1    1 
  0%  25%  50%  75% 100% 
   1    1    1    1    1 
[1] 0.001 0.999
[1] "Current settings:"
[1] 5000
[1] 4
[1] 21
  0%  25%  50%  75% 100% 
   1    1    1    1    1 
  0%  25%  50%  75% 100% 
   1    1    1    1    1 
[1] 0.001 0.999
[1] "Current settings:"
[1] 5000
[1] 4
[1] 22
  0%  25%  50%  75% 100% 
   1    1    1    1    1 
  0%  25%  50%  75% 100% 
   1    1    1    1    1 
[1] 0.001 0.999
[1] "Current settings:"
[1] 5000
[1] 4
[1] 23
  0%  25%  50%  75% 100% 
   1    1    1    1    1 
  0%  25%  50%  75% 100% 
   1    1    1    1    1 
[1] 0.001 0.999
[1] "Current settings:"
[1] 5000
[1] 4
[1] 24
  0%  25%  50%  75% 100% 
   1    1    1    1    1 
  0%  25%  50%  75% 100% 
   1    1    1    1    1 
[1] 0.001 0.999
[1] "Current settings:"
[1] 5000
[1] 4
[1] 25
  0%  25%  50%  75% 100% 
   1    1    1    1    1 
  0%  25%  50%  75% 100% 
   1    1    1    1    1 
[1] 0.001 0.999
[1] "Current settings:"
[1] 5000
[1] 4
[1] 26
  0%  25%  50%  75% 100% 
   1    1    1    1    1 
  0%  25%  50%  75% 100% 
   1    1    1    1    1 
[1] 0.001 0.999
[1] "Current settings:"
[1] 5000
[1] 4
[1] 27
  0%  25%  50%  75% 100% 
   1    1    1    1    1 
  0%  25%  50%  75% 100% 
   1    1    1    1    1 
[1] 0.001 0.999
[1] "Current settings:"
[1] 5000
[1] 4
[1] 28
  0%  25%  50%  75% 100% 
   1    1    1    1    1 
  0%  25%  50%  75% 100% 
   1    1    1    1    1 
[1] 0.001 0.999
[1] "Current settings:"
[1] 5000
[1] 4
[1] 29
  0%  25%  50%  75% 100% 
   1    1    1    1    1 
  0%  25%  50%  75% 100% 
   1    1    1    1    1 
[1] 0.001 0.999
[1] "Current settings:"
[1] 5000
[1] 4
[1] 30
  0%  25%  50%  75% 100% 
   1    1    1    1    1 
  0%  25%  50%  75% 100% 
   1    1    1    1    1 
[1] 0.001 0.999
[1] "Current settings:"
[1] 5000
[1] 4
[1] 31
  0%  25%  50%  75% 100% 
   1    1    1    1    1 
  0%  25%  50%  75% 100% 
   1    1    1    1    1 
[1] 0.001 0.999
[1] "Current settings:"
[1] 5000
[1] 4
[1] 32
  0%  25%  50%  75% 100% 
   1    1    1    1    1 
  0%  25%  50%  75% 100% 
   1    1    1    1    1 
[1] 0.001 0.999
[1] "Current settings:"
[1] 5000
[1] 4
[1] 33
  0%  25%  50%  75% 100% 
   1    1    1    1    1 
  0%  25%  50%  75% 100% 
   1    1    1    1    1 
[1] 0.001 0.999
[1] "Current settings:"
[1] 5000
[1] 4
[1] 34
  0%  25%  50%  75% 100% 
   1    1    1    1    1 
  0%  25%  50%  75% 100% 
   1    1    1    1    1 
[1] 0.001 0.999
[1] "Current settings:"
[1] 5000
[1] 4
[1] 35
  0%  25%  50%  75% 100% 
   1    1    1    1    1 
  0%  25%  50%  75% 100% 
   1    1    1    1    1 
