Skipping install of 'sl3' from a github remote, the SHA1 (3701e66d) has not changed since last install.
  Use `force = TRUE` to force installation
Skipping install of 'origami' from a github remote, the SHA1 (2c4476fe) has not changed since last install.
  Use `force = TRUE` to force installation
Installing 1 packages: future
Installing package into ‘/home/lvanderl/Rlibs2’
(as ‘lib’ is unspecified)
trying URL 'https://cloud.r-project.org/src/contrib/future_1.33.0.tar.gz'
Content type 'application/x-gzip' length 347394 bytes (339 KB)
==================================================
downloaded 339 KB

* installing *source* package ‘future’ ...
** package ‘future’ successfully unpacked and MD5 sums checked
** using staged installation
** R
** demo
** inst
** byte-compile and prepare package for lazy loading
ERROR: lazy loading failed for package ‘future’
* removing ‘/home/lvanderl/Rlibs2/future’
* restoring previous ‘/home/lvanderl/Rlibs2/future’

The downloaded source packages are in
	‘/loc/scratch/24182696/Rtmpcw1qrX/downloaded_packages’
Skipping install of 'doFuture' from a cran remote, the SHA1 (1.0.0) has not changed since last install.
  Use `force = TRUE` to force installation
Warning message:
In i.p(...) : installation of package ‘future’ had non-zero exit status
